/home/tkddn647/test/install/ebimu_pkg/lib/python3.10/site-packages/ebimu_pkg/ebimu_driver.py
/home/tkddn647/test/install/ebimu_pkg/lib/python3.10/site-packages/ebimu_pkg/__init__.py
/home/tkddn647/test/install/ebimu_pkg/lib/python3.10/site-packages/ebimu_pkg/ebimu_subscriber.py
/home/tkddn647/test/install/ebimu_pkg/lib/python3.10/site-packages/ebimu_pkg/ebimu_publisher.py
/home/tkddn647/test/install/ebimu_pkg/lib/python3.10/site-packages/ebimu_pkg/__pycache__/ebimu_driver.cpython-310.pyc
/home/tkddn647/test/install/ebimu_pkg/lib/python3.10/site-packages/ebimu_pkg/__pycache__/__init__.cpython-310.pyc
/home/tkddn647/test/install/ebimu_pkg/lib/python3.10/site-packages/ebimu_pkg/__pycache__/ebimu_subscriber.cpython-310.pyc
/home/tkddn647/test/install/ebimu_pkg/lib/python3.10/site-packages/ebimu_pkg/__pycache__/ebimu_publisher.cpython-310.pyc
/home/tkddn647/test/install/ebimu_pkg/share/ament_index/resource_index/packages/ebimu_pkg
/home/tkddn647/test/install/ebimu_pkg/share/ebimu_pkg/package.xml
/home/tkddn647/test/install/ebimu_pkg/share/ebimu_pkg/launch/ebimu.launch.py
/home/tkddn647/test/install/ebimu_pkg/lib/python3.10/site-packages/ebimu_pkg-0.0.0-py3.10.egg-info/PKG-INFO
/home/tkddn647/test/install/ebimu_pkg/lib/python3.10/site-packages/ebimu_pkg-0.0.0-py3.10.egg-info/entry_points.txt
/home/tkddn647/test/install/ebimu_pkg/lib/python3.10/site-packages/ebimu_pkg-0.0.0-py3.10.egg-info/top_level.txt
/home/tkddn647/test/install/ebimu_pkg/lib/python3.10/site-packages/ebimu_pkg-0.0.0-py3.10.egg-info/requires.txt
/home/tkddn647/test/install/ebimu_pkg/lib/python3.10/site-packages/ebimu_pkg-0.0.0-py3.10.egg-info/dependency_links.txt
/home/tkddn647/test/install/ebimu_pkg/lib/python3.10/site-packages/ebimu_pkg-0.0.0-py3.10.egg-info/zip-safe
/home/tkddn647/test/install/ebimu_pkg/lib/python3.10/site-packages/ebimu_pkg-0.0.0-py3.10.egg-info/SOURCES.txt
/home/tkddn647/test/install/ebimu_pkg/lib/ebimu_pkg/ebimu_driver
/home/tkddn647/test/install/ebimu_pkg/lib/ebimu_pkg/ebimu_publisher
/home/tkddn647/test/install/ebimu_pkg/lib/ebimu_pkg/ebimu_subscriber
