-- Found ament_cmake: 1.3.12 (/opt/ros/humble/share/ament_cmake/cmake)
-- Found rclcpp: 16.0.17 (/opt/ros/humble/share/rclcpp/cmake)
-- Found rosidl_generator_c: 3.1.8 (/opt/ros/humble/share/rosidl_generator_c/cmake)
-- Found rosidl_adapter: 3.1.8 (/opt/ros/humble/share/rosidl_adapter/cmake)
-- Found rosidl_generator_cpp: 3.1.8 (/opt/ros/humble/share/rosidl_generator_cpp/cmake)
-- Using all available rosidl_typesupport_c: rosidl_typesupport_fastrtps_c;rosidl_typesupport_introspection_c
-- Using all available rosidl_typesupport_cpp: rosidl_typesupport_fastrtps_cpp;rosidl_typesupport_introspection_cpp
-- Found rmw_implementation_cmake: 6.1.2 (/opt/ros/humble/share/rmw_implementation_cmake/cmake)
-- Found rmw_fastrtps_cpp: 6.2.9 (/opt/ros/humble/share/rmw_fastrtps_cpp/cmake)
-- Using RMW implementation 'rmw_fastrtps_cpp' as default
-- Found tf2_ros: 0.25.18 (/opt/ros/humble/share/tf2_ros/cmake)
-- Found nav_msgs: 4.9.0 (/opt/ros/humble/share/nav_msgs/cmake)
-- Configuring done
-- Generating done
-- Build files have been written to: /home/tkddn647/test/build/tf_manager_cpp
Consolidate compiler generated dependencies of target wheel_odom_tf
Consolidate compiler generated dependencies of target sensor_static_tf
[ 75%] Building CXX object CMakeFiles/wheel_odom_tf.dir/src/wheel_odom_tf.cpp.o
[ 75%] Built target sensor_static_tf
[100%] Linking CXX executable wheel_odom_tf
[100%] Built target wheel_odom_tf
-- Install configuration: ""
-- Up-to-date: /home/tkddn647/test/install/tf_manager_cpp/lib/tf_manager_cpp/sensor_static_tf
-- Installing: /home/tkddn647/test/install/tf_manager_cpp/lib/tf_manager_cpp/wheel_odom_tf
-- Set runtime path of "/home/tkddn647/test/install/tf_manager_cpp/lib/tf_manager_cpp/wheel_odom_tf" to ""
-- Up-to-date: /home/tkddn647/test/install/tf_manager_cpp/share/tf_manager_cpp/launch
-- Up-to-date: /home/tkddn647/test/install/tf_manager_cpp/share/tf_manager_cpp/launch/tf_manager.launch.py
-- Up-to-date: /home/tkddn647/test/install/tf_manager_cpp/share/ament_index/resource_index/package_run_dependencies/tf_manager_cpp
-- Up-to-date: /home/tkddn647/test/install/tf_manager_cpp/share/ament_index/resource_index/parent_prefix_path/tf_manager_cpp
-- Up-to-date: /home/tkddn647/test/install/tf_manager_cpp/share/tf_manager_cpp/environment/ament_prefix_path.sh
-- Installing: /home/tkddn647/test/install/tf_manager_cpp/share/tf_manager_cpp/environment/ament_prefix_path.dsv
-- Up-to-date: /home/tkddn647/test/install/tf_manager_cpp/share/tf_manager_cpp/environment/path.sh
-- Installing: /home/tkddn647/test/install/tf_manager_cpp/share/tf_manager_cpp/environment/path.dsv
-- Up-to-date: /home/tkddn647/test/install/tf_manager_cpp/share/tf_manager_cpp/local_setup.bash
-- Up-to-date: /home/tkddn647/test/install/tf_manager_cpp/share/tf_manager_cpp/local_setup.sh
-- Up-to-date: /home/tkddn647/test/install/tf_manager_cpp/share/tf_manager_cpp/local_setup.zsh
-- Installing: /home/tkddn647/test/install/tf_manager_cpp/share/tf_manager_cpp/local_setup.dsv
-- Installing: /home/tkddn647/test/install/tf_manager_cpp/share/tf_manager_cpp/package.dsv
-- Up-to-date: /home/tkddn647/test/install/tf_manager_cpp/share/ament_index/resource_index/packages/tf_manager_cpp
-- Up-to-date: /home/tkddn647/test/install/tf_manager_cpp/share/tf_manager_cpp/cmake/tf_manager_cppConfig.cmake
-- Up-to-date: /home/tkddn647/test/install/tf_manager_cpp/share/tf_manager_cpp/cmake/tf_manager_cppConfig-version.cmake
-- Installing: /home/tkddn647/test/install/tf_manager_cpp/share/tf_manager_cpp/package.xml
