[30.023s] Invoking command in '/home/tkddn647/test/build/tf_manager_cpp': CMAKE_PREFIX_PATH=/opt/ros/humble /usr/bin/cmake --build /home/tkddn647/test/build/tf_manager_cpp -- -j12 -l12
[30.147s] -- Found ament_cmake: 1.3.12 (/opt/ros/humble/share/ament_cmake/cmake)
[30.314s] -- Found rclcpp: 16.0.17 (/opt/ros/humble/share/rclcpp/cmake)
[30.566s] -- Found rosidl_generator_c: 3.1.8 (/opt/ros/humble/share/rosidl_generator_c/cmake)
[30.571s] -- Found rosidl_adapter: 3.1.8 (/opt/ros/humble/share/rosidl_adapter/cmake)
[30.584s] -- Found rosidl_generator_cpp: 3.1.8 (/opt/ros/humble/share/rosidl_generator_cpp/cmake)
[30.601s] -- Using all available rosidl_typesupport_c: rosidl_typesupport_fastrtps_c;rosidl_typesupport_introspection_c
[30.622s] -- Using all available rosidl_typesupport_cpp: rosidl_typesupport_fastrtps_cpp;rosidl_typesupport_introspection_cpp
[30.676s] -- Found rmw_implementation_cmake: 6.1.2 (/opt/ros/humble/share/rmw_implementation_cmake/cmake)
[30.679s] -- Found rmw_fastrtps_cpp: 6.2.9 (/opt/ros/humble/share/rmw_fastrtps_cpp/cmake)
[39.055s] -- Using RMW implementation 'rmw_fastrtps_cpp' as default
[39.156s] -- Found tf2_ros: 0.25.18 (/opt/ros/humble/share/tf2_ros/cmake)
[39.337s] -- Found nav_msgs: 4.9.0 (/opt/ros/humble/share/nav_msgs/cmake)
[39.457s] -- Configuring done
[39.491s] -- Generating done
[39.499s] -- Build files have been written to: /home/tkddn647/test/build/tf_manager_cpp
[39.549s] Consolidate compiler generated dependencies of target wheel_odom_tf
[39.549s] Consolidate compiler generated dependencies of target sensor_static_tf
[39.611s] [ 75%] Building CXX object CMakeFiles/wheel_odom_tf.dir/src/wheel_odom_tf.cpp.o
[39.611s] [ 75%] Built target sensor_static_tf
[49.530s] [100%] Linking CXX executable wheel_odom_tf
[50.143s] [100%] Built target wheel_odom_tf
[50.157s] Invoked command in '/home/tkddn647/test/build/tf_manager_cpp' returned '0': CMAKE_PREFIX_PATH=/opt/ros/humble /usr/bin/cmake --build /home/tkddn647/test/build/tf_manager_cpp -- -j12 -l12
[50.170s] Invoking command in '/home/tkddn647/test/build/tf_manager_cpp': CMAKE_PREFIX_PATH=/opt/ros/humble /usr/bin/cmake --install /home/tkddn647/test/build/tf_manager_cpp
[50.180s] -- Install configuration: ""
[50.180s] -- Up-to-date: /home/tkddn647/test/install/tf_manager_cpp/lib/tf_manager_cpp/sensor_static_tf
[50.181s] -- Installing: /home/tkddn647/test/install/tf_manager_cpp/lib/tf_manager_cpp/wheel_odom_tf
[50.189s] -- Set runtime path of "/home/tkddn647/test/install/tf_manager_cpp/lib/tf_manager_cpp/wheel_odom_tf" to ""
[50.189s] -- Up-to-date: /home/tkddn647/test/install/tf_manager_cpp/share/tf_manager_cpp/launch
[50.189s] -- Up-to-date: /home/tkddn647/test/install/tf_manager_cpp/share/tf_manager_cpp/launch/tf_manager.launch.py
[50.189s] -- Up-to-date: /home/tkddn647/test/install/tf_manager_cpp/share/ament_index/resource_index/package_run_dependencies/tf_manager_cpp
[50.189s] -- Up-to-date: /home/tkddn647/test/install/tf_manager_cpp/share/ament_index/resource_index/parent_prefix_path/tf_manager_cpp
[50.189s] -- Up-to-date: /home/tkddn647/test/install/tf_manager_cpp/share/tf_manager_cpp/environment/ament_prefix_path.sh
[50.190s] -- Installing: /home/tkddn647/test/install/tf_manager_cpp/share/tf_manager_cpp/environment/ament_prefix_path.dsv
[50.190s] -- Up-to-date: /home/tkddn647/test/install/tf_manager_cpp/share/tf_manager_cpp/environment/path.sh
[50.190s] -- Installing: /home/tkddn647/test/install/tf_manager_cpp/share/tf_manager_cpp/environment/path.dsv
[50.190s] -- Up-to-date: /home/tkddn647/test/install/tf_manager_cpp/share/tf_manager_cpp/local_setup.bash
[50.191s] -- Up-to-date: /home/tkddn647/test/install/tf_manager_cpp/share/tf_manager_cpp/local_setup.sh
[50.191s] -- Up-to-date: /home/tkddn647/test/install/tf_manager_cpp/share/tf_manager_cpp/local_setup.zsh
[50.191s] -- Installing: /home/tkddn647/test/install/tf_manager_cpp/share/tf_manager_cpp/local_setup.dsv
[50.191s] -- Installing: /home/tkddn647/test/install/tf_manager_cpp/share/tf_manager_cpp/package.dsv
[50.191s] -- Up-to-date: /home/tkddn647/test/install/tf_manager_cpp/share/ament_index/resource_index/packages/tf_manager_cpp
[50.191s] -- Up-to-date: /home/tkddn647/test/install/tf_manager_cpp/share/tf_manager_cpp/cmake/tf_manager_cppConfig.cmake
[50.192s] -- Up-to-date: /home/tkddn647/test/install/tf_manager_cpp/share/tf_manager_cpp/cmake/tf_manager_cppConfig-version.cmake
[50.192s] -- Installing: /home/tkddn647/test/install/tf_manager_cpp/share/tf_manager_cpp/package.xml
[60.026s] Invoked command in '/home/tkddn647/test/build/tf_manager_cpp' returned '0': CMAKE_PREFIX_PATH=/opt/ros/humble /usr/bin/cmake --install /home/tkddn647/test/build/tf_manager_cpp
