[0.326s] Invoking command in '/home/tkddn647/test/build/localization_layer': AMENT_PREFIX_PATH=/home/tkddn647/test/install/sensor_layer:/home/tkddn647/test/install/tf_manager_cpp:/home/tkddn647/test/install/sllidar_ros2:/home/tkddn647/test/install/ebimu_pkg:${AMENT_PREFIX_PATH} CMAKE_PREFIX_PATH=/home/tkddn647/test/install/sensor_layer:/home/tkddn647/test/install/tf_manager_cpp:/home/tkddn647/test/install/sllidar_ros2:/opt/ros/humble PYTHONPATH=/home/tkddn647/test/install/ebimu_pkg/lib/python3.10/site-packages:${PYTHONPATH} /usr/bin/cmake --build /home/tkddn647/test/build/localization_layer -- -j12 -l12
[0.427s] -- Found ament_cmake: 1.3.12 (/opt/ros/humble/share/ament_cmake/cmake)
[0.639s] -- Found required Ceres dependency: Eigen version 3.4.0 in /usr/include/eigen3
[0.645s] -- Found required Ceres dependency: glog
[0.646s] -- Found required Ceres dependency: gflags
[0.647s] -- Found Ceres version: 2.0.0 installed in: /usr with components: [EigenSparse, SparseLinearAlgebraLibrary, LAPACK, SuiteSparse, CXSparse, SchurSpecializations, Multithreading]
[0.674s] -- Found cartographer_ros: 2.0.9002 (/opt/ros/humble/share/cartographer_ros/cmake)
[0.903s] -- Found rosidl_generator_c: 3.1.8 (/opt/ros/humble/share/rosidl_generator_c/cmake)
[0.907s] -- Found rosidl_adapter: 3.1.8 (/opt/ros/humble/share/rosidl_adapter/cmake)
[0.920s] -- Found rosidl_generator_cpp: 3.1.8 (/opt/ros/humble/share/rosidl_generator_cpp/cmake)
[0.940s] -- Using all available rosidl_typesupport_c: rosidl_typesupport_fastrtps_c;rosidl_typesupport_introspection_c
[0.964s] -- Using all available rosidl_typesupport_cpp: rosidl_typesupport_fastrtps_cpp;rosidl_typesupport_introspection_cpp
[1.137s] -- Found rmw_implementation_cmake: 6.1.2 (/opt/ros/humble/share/rmw_implementation_cmake/cmake)
[1.141s] -- Found rmw_fastrtps_cpp: 6.2.9 (/opt/ros/humble/share/rmw_fastrtps_cpp/cmake)
[8.037s] -- Using RMW implementation 'rmw_fastrtps_cpp' as default
[8.190s] -- Eigen found (include: /usr/include/eigen3, version: 3.4.0)
[10.589s] -- FLANN found (include: /usr/include, lib: /usr/lib/x86_64-linux-gnu/libflann_cpp.so)
[16.371s] -- OpenNI found (version: 1.5.4.0, include: /usr/include/ni, lib: /usr/lib/libOpenNI.so;libusb::libusb)
[16.380s] -- OpenNI2 found (version: 2.2.0.33, include: /usr/include/openni2, lib: /usr/lib/x86_64-linux-gnu/libOpenNI2.so;libusb::libusb)
[19.275s] -- Eigen found (include: /usr/include/eigen3, version: 3.4.0)
[19.283s] -- OpenNI found (version: 1.5.4.0, include: /usr/include/ni, lib: /usr/lib/libOpenNI.so;libusb::libusb)
[19.291s] -- OpenNI2 found (version: 2.2.0.33, include: /usr/include/openni2, lib: /usr/lib/x86_64-linux-gnu/libOpenNI2.so;libusb::libusb)
[22.235s] -- Found Qhull version 8.0.2
[25.161s] -- OpenNI found (version: 1.5.4.0, include: /usr/include/ni, lib: /usr/lib/libOpenNI.so;libusb::libusb)
[30.088s] -- Configuring done
[30.103s] -- Generating done
[30.111s] -- Build files have been written to: /home/tkddn647/test/build/localization_layer
[30.168s] Invoked command in '/home/tkddn647/test/build/localization_layer' returned '0': AMENT_PREFIX_PATH=/home/tkddn647/test/install/sensor_layer:/home/tkddn647/test/install/tf_manager_cpp:/home/tkddn647/test/install/sllidar_ros2:/home/tkddn647/test/install/ebimu_pkg:${AMENT_PREFIX_PATH} CMAKE_PREFIX_PATH=/home/tkddn647/test/install/sensor_layer:/home/tkddn647/test/install/tf_manager_cpp:/home/tkddn647/test/install/sllidar_ros2:/opt/ros/humble PYTHONPATH=/home/tkddn647/test/install/ebimu_pkg/lib/python3.10/site-packages:${PYTHONPATH} /usr/bin/cmake --build /home/tkddn647/test/build/localization_layer -- -j12 -l12
[30.183s] Invoking command in '/home/tkddn647/test/build/localization_layer': AMENT_PREFIX_PATH=/home/tkddn647/test/install/sensor_layer:/home/tkddn647/test/install/tf_manager_cpp:/home/tkddn647/test/install/sllidar_ros2:/home/tkddn647/test/install/ebimu_pkg:${AMENT_PREFIX_PATH} CMAKE_PREFIX_PATH=/home/tkddn647/test/install/sensor_layer:/home/tkddn647/test/install/tf_manager_cpp:/home/tkddn647/test/install/sllidar_ros2:/opt/ros/humble PYTHONPATH=/home/tkddn647/test/install/ebimu_pkg/lib/python3.10/site-packages:${PYTHONPATH} /usr/bin/cmake --install /home/tkddn647/test/build/localization_layer
[30.197s] -- Install configuration: ""
[30.197s] -- Up-to-date: /home/tkddn647/test/install/localization_layer/share/localization_layer/launch
[30.197s] -- Up-to-date: /home/tkddn647/test/install/localization_layer/share/localization_layer/launch/cartographer_fake_mapping_launch.py
[30.197s] -- Up-to-date: /home/tkddn647/test/install/localization_layer/share/localization_layer/launch/cartographer_mapping_launch.py
[30.197s] -- Up-to-date: /home/tkddn647/test/install/localization_layer/share/localization_layer/launch/__pycache__
[30.197s] -- Up-to-date: /home/tkddn647/test/install/localization_layer/share/localization_layer/launch/__pycache__/cartographer_localization_launch.cpython-310.pyc
[30.197s] -- Up-to-date: /home/tkddn647/test/install/localization_layer/share/localization_layer/launch/__pycache__/cartographer_fake_localization_launch.cpython-310.pyc
[30.198s] -- Up-to-date: /home/tkddn647/test/install/localization_layer/share/localization_layer/launch/__pycache__/cartographer_fake_mapping_launch.cpython-310.pyc
[30.198s] -- Up-to-date: /home/tkddn647/test/install/localization_layer/share/localization_layer/launch/__pycache__/cartographer_mapping_launch.cpython-310.pyc
[30.199s] -- Up-to-date: /home/tkddn647/test/install/localization_layer/share/localization_layer/launch/cartographer_localization_launch.py
[30.199s] -- Up-to-date: /home/tkddn647/test/install/localization_layer/share/localization_layer/launch/cartographer_fake_localization_launch.py
[30.199s] -- Installing: /home/tkddn647/test/install/localization_layer/share/localization_layer/launch/sim
[30.200s] -- Installing: /home/tkddn647/test/install/localization_layer/share/localization_layer/launch/sim/cartographer_sim_mapping_launch.py
[30.200s] -- Installing: /home/tkddn647/test/install/localization_layer/share/localization_layer/launch/sim/__pycache__
[30.201s] -- Installing: /home/tkddn647/test/install/localization_layer/share/localization_layer/launch/sim/__pycache__/cartographer_sim_localization_launch.cpython-310.pyc
[30.201s] -- Installing: /home/tkddn647/test/install/localization_layer/share/localization_layer/launch/sim/__pycache__/cartographer_sim_mapping_launch.cpython-310.pyc
[30.201s] -- Installing: /home/tkddn647/test/install/localization_layer/share/localization_layer/launch/sim/cartographer_sim_localization_launch.py
[30.201s] -- Installing: /home/tkddn647/test/install/localization_layer/share/localization_layer/launch/sim/README.md
[30.202s] -- Up-to-date: /home/tkddn647/test/install/localization_layer/share/localization_layer/config
[30.202s] -- Up-to-date: /home/tkddn647/test/install/localization_layer/share/localization_layer/config/cartographer_2d_localization.lua
[30.202s] -- Up-to-date: /home/tkddn647/test/install/localization_layer/share/localization_layer/config/pose_graph.lua
[30.203s] -- Up-to-date: /home/tkddn647/test/install/localization_layer/share/localization_layer/config/trajectory_builder.lua
[30.203s] -- Up-to-date: /home/tkddn647/test/install/localization_layer/share/localization_layer/config/map_builder.lua
[30.203s] -- Up-to-date: /home/tkddn647/test/install/localization_layer/share/localization_layer/config/cartographer_2d_mapping.lua
[30.203s] -- Up-to-date: /home/tkddn647/test/install/localization_layer/lib/localization_layer/map_auto_saver.py
[30.204s] -- Up-to-date: /home/tkddn647/test/install/localization_layer/lib/localization_layer/fake_sensor_publisher.py
[30.204s] -- Installing: /home/tkddn647/test/install/localization_layer/lib/localization_layer/sim_fake_sensor_publisher.py
[30.204s] -- Up-to-date: /home/tkddn647/test/install/localization_layer/share/ament_index/resource_index/package_run_dependencies/localization_layer
[30.204s] -- Up-to-date: /home/tkddn647/test/install/localization_layer/share/ament_index/resource_index/parent_prefix_path/localization_layer
[30.204s] -- Up-to-date: /home/tkddn647/test/install/localization_layer/share/localization_layer/environment/ament_prefix_path.sh
[30.204s] -- Installing: /home/tkddn647/test/install/localization_layer/share/localization_layer/environment/ament_prefix_path.dsv
[30.204s] -- Up-to-date: /home/tkddn647/test/install/localization_layer/share/localization_layer/environment/path.sh
[30.204s] -- Installing: /home/tkddn647/test/install/localization_layer/share/localization_layer/environment/path.dsv
[30.204s] -- Up-to-date: /home/tkddn647/test/install/localization_layer/share/localization_layer/local_setup.bash
[30.204s] -- Up-to-date: /home/tkddn647/test/install/localization_layer/share/localization_layer/local_setup.sh
[30.204s] -- Up-to-date: /home/tkddn647/test/install/localization_layer/share/localization_layer/local_setup.zsh
[30.205s] -- Installing: /home/tkddn647/test/install/localization_layer/share/localization_layer/local_setup.dsv
[30.205s] -- Installing: /home/tkddn647/test/install/localization_layer/share/localization_layer/package.dsv
[30.205s] -- Up-to-date: /home/tkddn647/test/install/localization_layer/share/ament_index/resource_index/packages/localization_layer
[30.206s] -- Up-to-date: /home/tkddn647/test/install/localization_layer/share/localization_layer/cmake/localization_layerConfig.cmake
[30.206s] -- Up-to-date: /home/tkddn647/test/install/localization_layer/share/localization_layer/cmake/localization_layerConfig-version.cmake
[30.206s] -- Up-to-date: /home/tkddn647/test/install/localization_layer/share/localization_layer/package.xml
[30.208s] Invoked command in '/home/tkddn647/test/build/localization_layer' returned '0': AMENT_PREFIX_PATH=/home/tkddn647/test/install/sensor_layer:/home/tkddn647/test/install/tf_manager_cpp:/home/tkddn647/test/install/sllidar_ros2:/home/tkddn647/test/install/ebimu_pkg:${AMENT_PREFIX_PATH} CMAKE_PREFIX_PATH=/home/tkddn647/test/install/sensor_layer:/home/tkddn647/test/install/tf_manager_cpp:/home/tkddn647/test/install/sllidar_ros2:/opt/ros/humble PYTHONPATH=/home/tkddn647/test/install/ebimu_pkg/lib/python3.10/site-packages:${PYTHONPATH} /usr/bin/cmake --install /home/tkddn647/test/build/localization_layer
