[30.034s] Invoking command in '/home/tkddn647/test/build/localization_layer': AMENT_PREFIX_PATH=/home/tkddn647/test/install/sensor_layer:/home/tkddn647/test/install/tf_manager_cpp:/home/tkddn647/test/install/sllidar_ros2:/home/tkddn647/test/install/ebimu_pkg:${AMENT_PREFIX_PATH} CMAKE_PREFIX_PATH=/home/tkddn647/test/install/sensor_layer:/home/tkddn647/test/install/tf_manager_cpp:/home/tkddn647/test/install/sllidar_ros2:/opt/ros/humble PYTHONPATH=/home/tkddn647/test/install/ebimu_pkg/lib/python3.10/site-packages:${PYTHONPATH} /usr/bin/cmake /home/tkddn647/test/src/localization_layer -DAMENT_CMAKE_SYMLINK_INSTALL=1 -DCMAKE_INSTALL_PREFIX=/home/tkddn647/test/install/localization_layer
[30.123s] -- Found ament_cmake: 1.3.12 (/opt/ros/humble/share/ament_cmake/cmake)
[30.315s] -- Override CMake install command with custom implementation using symlinks instead of copying resources
[30.354s] -- Found required Ceres dependency: Eigen version 3.4.0 in /usr/include/eigen3
[30.359s] -- Found required Ceres dependency: glog
[30.360s] -- Found required Ceres dependency: gflags
[30.361s] -- Found Ceres version: 2.0.0 installed in: /usr with components: [EigenSparse, SparseLinearAlgebraLibrary, LAPACK, SuiteSparse, CXSparse, SchurSpecializations, Multithreading]
[30.379s] -- Found cartographer_ros: 2.0.9002 (/opt/ros/humble/share/cartographer_ros/cmake)
[30.585s] -- Found rosidl_generator_c: 3.1.8 (/opt/ros/humble/share/rosidl_generator_c/cmake)
[30.589s] -- Found rosidl_adapter: 3.1.8 (/opt/ros/humble/share/rosidl_adapter/cmake)
[30.601s] -- Found rosidl_generator_cpp: 3.1.8 (/opt/ros/humble/share/rosidl_generator_cpp/cmake)
[30.617s] -- Using all available rosidl_typesupport_c: rosidl_typesupport_fastrtps_c;rosidl_typesupport_introspection_c
[30.636s] -- Using all available rosidl_typesupport_cpp: rosidl_typesupport_fastrtps_cpp;rosidl_typesupport_introspection_cpp
[30.802s] -- Found rmw_implementation_cmake: 6.1.2 (/opt/ros/humble/share/rmw_implementation_cmake/cmake)
[30.805s] -- Found rmw_fastrtps_cpp: 6.2.9 (/opt/ros/humble/share/rmw_fastrtps_cpp/cmake)
[36.833s] -- Using RMW implementation 'rmw_fastrtps_cpp' as default
[36.981s] -- Eigen found (include: /usr/include/eigen3, version: 3.4.0)
[38.860s] -- FLANN found (include: /usr/include, lib: /usr/lib/x86_64-linux-gnu/libflann_cpp.so)
[43.816s] -- OpenNI found (version: 1.5.4.0, include: /usr/include/ni, lib: /usr/lib/libOpenNI.so;libusb::libusb)
[43.827s] -- OpenNI2 found (version: 2.2.0.33, include: /usr/include/openni2, lib: /usr/lib/x86_64-linux-gnu/libOpenNI2.so;libusb::libusb)
[46.286s] -- Eigen found (include: /usr/include/eigen3, version: 3.4.0)
[46.293s] -- OpenNI found (version: 1.5.4.0, include: /usr/include/ni, lib: /usr/lib/libOpenNI.so;libusb::libusb)
[46.301s] -- OpenNI2 found (version: 2.2.0.33, include: /usr/include/openni2, lib: /usr/lib/x86_64-linux-gnu/libOpenNI2.so;libusb::libusb)
[48.837s] -- Found Qhull version 8.0.2
[51.370s] -- OpenNI found (version: 1.5.4.0, include: /usr/include/ni, lib: /usr/lib/libOpenNI.so;libusb::libusb)
[55.756s] -- Configuring done
[55.775s] -- Generating done
[55.781s] -- Build files have been written to: /home/tkddn647/test/build/localization_layer
[55.803s] Invoked command in '/home/tkddn647/test/build/localization_layer' returned '0': AMENT_PREFIX_PATH=/home/tkddn647/test/install/sensor_layer:/home/tkddn647/test/install/tf_manager_cpp:/home/tkddn647/test/install/sllidar_ros2:/home/tkddn647/test/install/ebimu_pkg:${AMENT_PREFIX_PATH} CMAKE_PREFIX_PATH=/home/tkddn647/test/install/sensor_layer:/home/tkddn647/test/install/tf_manager_cpp:/home/tkddn647/test/install/sllidar_ros2:/opt/ros/humble PYTHONPATH=/home/tkddn647/test/install/ebimu_pkg/lib/python3.10/site-packages:${PYTHONPATH} /usr/bin/cmake /home/tkddn647/test/src/localization_layer -DAMENT_CMAKE_SYMLINK_INSTALL=1 -DCMAKE_INSTALL_PREFIX=/home/tkddn647/test/install/localization_layer
[55.805s] Invoking command in '/home/tkddn647/test/build/localization_layer': AMENT_PREFIX_PATH=/home/tkddn647/test/install/sensor_layer:/home/tkddn647/test/install/tf_manager_cpp:/home/tkddn647/test/install/sllidar_ros2:/home/tkddn647/test/install/ebimu_pkg:${AMENT_PREFIX_PATH} CMAKE_PREFIX_PATH=/home/tkddn647/test/install/sensor_layer:/home/tkddn647/test/install/tf_manager_cpp:/home/tkddn647/test/install/sllidar_ros2:/opt/ros/humble PYTHONPATH=/home/tkddn647/test/install/ebimu_pkg/lib/python3.10/site-packages:${PYTHONPATH} /usr/bin/cmake --build /home/tkddn647/test/build/localization_layer -- -j12 -l12
[55.863s] Invoked command in '/home/tkddn647/test/build/localization_layer' returned '0': AMENT_PREFIX_PATH=/home/tkddn647/test/install/sensor_layer:/home/tkddn647/test/install/tf_manager_cpp:/home/tkddn647/test/install/sllidar_ros2:/home/tkddn647/test/install/ebimu_pkg:${AMENT_PREFIX_PATH} CMAKE_PREFIX_PATH=/home/tkddn647/test/install/sensor_layer:/home/tkddn647/test/install/tf_manager_cpp:/home/tkddn647/test/install/sllidar_ros2:/opt/ros/humble PYTHONPATH=/home/tkddn647/test/install/ebimu_pkg/lib/python3.10/site-packages:${PYTHONPATH} /usr/bin/cmake --build /home/tkddn647/test/build/localization_layer -- -j12 -l12
[55.876s] Invoking command in '/home/tkddn647/test/build/localization_layer': AMENT_PREFIX_PATH=/home/tkddn647/test/install/sensor_layer:/home/tkddn647/test/install/tf_manager_cpp:/home/tkddn647/test/install/sllidar_ros2:/home/tkddn647/test/install/ebimu_pkg:${AMENT_PREFIX_PATH} CMAKE_PREFIX_PATH=/home/tkddn647/test/install/sensor_layer:/home/tkddn647/test/install/tf_manager_cpp:/home/tkddn647/test/install/sllidar_ros2:/opt/ros/humble PYTHONPATH=/home/tkddn647/test/install/ebimu_pkg/lib/python3.10/site-packages:${PYTHONPATH} /usr/bin/cmake --install /home/tkddn647/test/build/localization_layer
[55.885s] -- Install configuration: ""
[55.885s] -- Execute custom install script
[55.888s] -- Symlinking: /home/tkddn647/test/install/localization_layer/share/localization_layer/launch/__pycache__/cartographer_fake_localization_launch.cpython-310.pyc
[55.900s] -- Symlinking: /home/tkddn647/test/install/localization_layer/share/localization_layer/launch/__pycache__/cartographer_fake_mapping_launch.cpython-310.pyc
[55.913s] -- Symlinking: /home/tkddn647/test/install/localization_layer/share/localization_layer/launch/__pycache__/cartographer_mapping_launch.cpython-310.pyc
[55.924s] -- Symlinking: /home/tkddn647/test/install/localization_layer/share/localization_layer/launch/cartographer_fake_localization_launch.py
[55.936s] -- Symlinking: /home/tkddn647/test/install/localization_layer/share/localization_layer/launch/cartographer_fake_mapping_launch.py
[55.948s] -- Symlinking: /home/tkddn647/test/install/localization_layer/share/localization_layer/launch/cartographer_localization_launch.py
[55.960s] -- Symlinking: /home/tkddn647/test/install/localization_layer/share/localization_layer/launch/cartographer_mapping_launch.py
[55.972s] -- Symlinking: /home/tkddn647/test/install/localization_layer/share/localization_layer/config/cartographer_2d_localization.lua
[55.985s] -- Symlinking: /home/tkddn647/test/install/localization_layer/share/localization_layer/config/cartographer_2d_mapping.lua
[55.997s] -- Symlinking: /home/tkddn647/test/install/localization_layer/share/localization_layer/config/cartographer_2d_mapping_lidar_only.lua
[56.010s] -- Symlinking: /home/tkddn647/test/install/localization_layer/share/localization_layer/config/map_builder.lua
[56.023s] -- Symlinking: /home/tkddn647/test/install/localization_layer/share/localization_layer/config/map_builder_mapping.lua
[56.035s] -- Symlinking: /home/tkddn647/test/install/localization_layer/share/localization_layer/config/pose_graph.lua
[56.048s] -- Symlinking: /home/tkddn647/test/install/localization_layer/share/localization_layer/config/pose_graph_mapping.lua
[56.061s] -- Symlinking: /home/tkddn647/test/install/localization_layer/share/localization_layer/config/trajectory_builder.lua
[56.073s] -- Symlinking: /home/tkddn647/test/install/localization_layer/lib/localization_layer/map_auto_saver.py
[56.088s] -- Symlinking: /home/tkddn647/test/install/localization_layer/lib/localization_layer/fake_sensor_publisher.py
[56.101s] -- Symlinking: /home/tkddn647/test/install/localization_layer/share/ament_index/resource_index/package_run_dependencies/localization_layer
[56.114s] -- Symlinking: /home/tkddn647/test/install/localization_layer/share/ament_index/resource_index/parent_prefix_path/localization_layer
[56.125s] -- Symlinking: /home/tkddn647/test/install/localization_layer/share/localization_layer/environment/ament_prefix_path.sh
[56.137s] -- Symlinking: /home/tkddn647/test/install/localization_layer/share/localization_layer/environment/ament_prefix_path.dsv
[56.149s] -- Symlinking: /home/tkddn647/test/install/localization_layer/share/localization_layer/environment/path.sh
[56.162s] -- Symlinking: /home/tkddn647/test/install/localization_layer/share/localization_layer/environment/path.dsv
[56.174s] -- Symlinking: /home/tkddn647/test/install/localization_layer/share/localization_layer/local_setup.bash
[56.188s] -- Symlinking: /home/tkddn647/test/install/localization_layer/share/localization_layer/local_setup.sh
[56.202s] -- Symlinking: /home/tkddn647/test/install/localization_layer/share/localization_layer/local_setup.zsh
[56.213s] -- Symlinking: /home/tkddn647/test/install/localization_layer/share/localization_layer/local_setup.dsv
[56.226s] -- Symlinking: /home/tkddn647/test/install/localization_layer/share/localization_layer/package.dsv
[56.238s] -- Symlinking: /home/tkddn647/test/install/localization_layer/share/ament_index/resource_index/packages/localization_layer
[56.251s] -- Symlinking: /home/tkddn647/test/install/localization_layer/share/localization_layer/cmake/localization_layerConfig.cmake
[56.264s] -- Symlinking: /home/tkddn647/test/install/localization_layer/share/localization_layer/cmake/localization_layerConfig-version.cmake
[56.276s] -- Symlinking: /home/tkddn647/test/install/localization_layer/share/localization_layer/package.xml
[56.291s] Invoked command in '/home/tkddn647/test/build/localization_layer' returned '0': AMENT_PREFIX_PATH=/home/tkddn647/test/install/sensor_layer:/home/tkddn647/test/install/tf_manager_cpp:/home/tkddn647/test/install/sllidar_ros2:/home/tkddn647/test/install/ebimu_pkg:${AMENT_PREFIX_PATH} CMAKE_PREFIX_PATH=/home/tkddn647/test/install/sensor_layer:/home/tkddn647/test/install/tf_manager_cpp:/home/tkddn647/test/install/sllidar_ros2:/opt/ros/humble PYTHONPATH=/home/tkddn647/test/install/ebimu_pkg/lib/python3.10/site-packages:${PYTHONPATH} /usr/bin/cmake --install /home/tkddn647/test/build/localization_layer
