[0.235s] Invoking command in '/home/tkddn647/test/build/localization_layer': AMENT_PREFIX_PATH=/home/tkddn647/test/install/sensor_layer:/home/tkddn647/test/install/tf_manager_cpp:/home/tkddn647/test/install/sllidar_ros2:/home/tkddn647/test/install/ebimu_pkg:${AMENT_PREFIX_PATH} CMAKE_PREFIX_PATH=/home/tkddn647/test/install/sensor_layer:/home/tkddn647/test/install/tf_manager_cpp:/home/tkddn647/test/install/sllidar_ros2:/opt/ros/humble PYTHONPATH=/home/tkddn647/test/install/ebimu_pkg/lib/python3.10/site-packages:${PYTHONPATH} /usr/bin/cmake --build /home/tkddn647/test/build/localization_layer -- -j12 -l12
[0.275s] -- Found ament_cmake: 1.3.12 (/opt/ros/humble/share/ament_cmake/cmake)
[0.418s] -- Found required Ceres dependency: Eigen version 3.4.0 in /usr/include/eigen3
[0.424s] -- Found required Ceres dependency: glog
[0.424s] -- Found required Ceres dependency: gflags
[0.426s] -- Found Ceres version: 2.0.0 installed in: /usr with components: [EigenSparse, SparseLinearAlgebraLibrary, LAPACK, SuiteSparse, CXSparse, SchurSpecializations, Multithreading]
[0.454s] -- Found cartographer_ros: 2.0.9002 (/opt/ros/humble/share/cartographer_ros/cmake)
[0.665s] -- Found rosidl_generator_c: 3.1.8 (/opt/ros/humble/share/rosidl_generator_c/cmake)
[0.670s] -- Found rosidl_adapter: 3.1.8 (/opt/ros/humble/share/rosidl_adapter/cmake)
[0.683s] -- Found rosidl_generator_cpp: 3.1.8 (/opt/ros/humble/share/rosidl_generator_cpp/cmake)
[0.706s] -- Using all available rosidl_typesupport_c: rosidl_typesupport_fastrtps_c;rosidl_typesupport_introspection_c
[0.729s] -- Using all available rosidl_typesupport_cpp: rosidl_typesupport_fastrtps_cpp;rosidl_typesupport_introspection_cpp
[0.909s] -- Found rmw_implementation_cmake: 6.1.2 (/opt/ros/humble/share/rmw_implementation_cmake/cmake)
[0.914s] -- Found rmw_fastrtps_cpp: 6.2.9 (/opt/ros/humble/share/rmw_fastrtps_cpp/cmake)
[7.055s] -- Using RMW implementation 'rmw_fastrtps_cpp' as default
[7.204s] -- Eigen found (include: /usr/include/eigen3, version: 3.4.0)
[9.102s] -- FLANN found (include: /usr/include, lib: /usr/lib/x86_64-linux-gnu/libflann_cpp.so)
[14.144s] -- OpenNI found (version: 1.5.4.0, include: /usr/include/ni, lib: /usr/lib/libOpenNI.so;libusb::libusb)
[14.154s] -- OpenNI2 found (version: 2.2.0.33, include: /usr/include/openni2, lib: /usr/lib/x86_64-linux-gnu/libOpenNI2.so;libusb::libusb)
[16.684s] -- Eigen found (include: /usr/include/eigen3, version: 3.4.0)
[16.690s] -- OpenNI found (version: 1.5.4.0, include: /usr/include/ni, lib: /usr/lib/libOpenNI.so;libusb::libusb)
[16.697s] -- OpenNI2 found (version: 2.2.0.33, include: /usr/include/openni2, lib: /usr/lib/x86_64-linux-gnu/libOpenNI2.so;libusb::libusb)
[19.230s] -- Found Qhull version 8.0.2
[21.766s] -- OpenNI found (version: 1.5.4.0, include: /usr/include/ni, lib: /usr/lib/libOpenNI.so;libusb::libusb)
[26.091s] -- Configuring done
[26.106s] -- Generating done
[26.111s] -- Build files have been written to: /home/tkddn647/test/build/localization_layer
[26.154s] Invoked command in '/home/tkddn647/test/build/localization_layer' returned '0': AMENT_PREFIX_PATH=/home/tkddn647/test/install/sensor_layer:/home/tkddn647/test/install/tf_manager_cpp:/home/tkddn647/test/install/sllidar_ros2:/home/tkddn647/test/install/ebimu_pkg:${AMENT_PREFIX_PATH} CMAKE_PREFIX_PATH=/home/tkddn647/test/install/sensor_layer:/home/tkddn647/test/install/tf_manager_cpp:/home/tkddn647/test/install/sllidar_ros2:/opt/ros/humble PYTHONPATH=/home/tkddn647/test/install/ebimu_pkg/lib/python3.10/site-packages:${PYTHONPATH} /usr/bin/cmake --build /home/tkddn647/test/build/localization_layer -- -j12 -l12
[26.166s] Invoking command in '/home/tkddn647/test/build/localization_layer': AMENT_PREFIX_PATH=/home/tkddn647/test/install/sensor_layer:/home/tkddn647/test/install/tf_manager_cpp:/home/tkddn647/test/install/sllidar_ros2:/home/tkddn647/test/install/ebimu_pkg:${AMENT_PREFIX_PATH} CMAKE_PREFIX_PATH=/home/tkddn647/test/install/sensor_layer:/home/tkddn647/test/install/tf_manager_cpp:/home/tkddn647/test/install/sllidar_ros2:/opt/ros/humble PYTHONPATH=/home/tkddn647/test/install/ebimu_pkg/lib/python3.10/site-packages:${PYTHONPATH} /usr/bin/cmake --install /home/tkddn647/test/build/localization_layer
[26.175s] -- Install configuration: ""
[26.175s] -- Up-to-date: /home/tkddn647/test/install/localization_layer/share/localization_layer/launch
[26.175s] -- Installing: /home/tkddn647/test/install/localization_layer/share/localization_layer/launch/cartographer_fake_mapping_launch.py
[26.176s] -- Installing: /home/tkddn647/test/install/localization_layer/share/localization_layer/launch/cartographer_mapping_launch.py
[26.176s] -- Up-to-date: /home/tkddn647/test/install/localization_layer/share/localization_layer/launch/__pycache__
[26.176s] -- Installing: /home/tkddn647/test/install/localization_layer/share/localization_layer/launch/__pycache__/cartographer_fake_localization_launch.cpython-310.pyc
[26.178s] -- Installing: /home/tkddn647/test/install/localization_layer/share/localization_layer/launch/__pycache__/cartographer_fake_mapping_launch.cpython-310.pyc
[26.178s] -- Installing: /home/tkddn647/test/install/localization_layer/share/localization_layer/launch/__pycache__/cartographer_mapping_launch.cpython-310.pyc
[26.179s] -- Up-to-date: /home/tkddn647/test/install/localization_layer/share/localization_layer/launch/cartographer_localization_launch.py
[26.179s] -- Installing: /home/tkddn647/test/install/localization_layer/share/localization_layer/launch/cartographer_fake_localization_launch.py
[26.180s] -- Up-to-date: /home/tkddn647/test/install/localization_layer/share/localization_layer/config
[26.180s] -- Installing: /home/tkddn647/test/install/localization_layer/share/localization_layer/config/cartographer_2d_localization.lua
[26.180s] -- Up-to-date: /home/tkddn647/test/install/localization_layer/share/localization_layer/config/pose_graph.lua
[26.181s] -- Up-to-date: /home/tkddn647/test/install/localization_layer/share/localization_layer/config/pose_graph_mapping.lua
[26.181s] -- Up-to-date: /home/tkddn647/test/install/localization_layer/share/localization_layer/config/trajectory_builder.lua
[26.181s] -- Up-to-date: /home/tkddn647/test/install/localization_layer/share/localization_layer/config/cartographer_2d_mapping_lidar_only.lua
[26.181s] -- Up-to-date: /home/tkddn647/test/install/localization_layer/share/localization_layer/config/map_builder.lua
[26.181s] -- Up-to-date: /home/tkddn647/test/install/localization_layer/share/localization_layer/config/map_builder_mapping.lua
[26.181s] -- Up-to-date: /home/tkddn647/test/install/localization_layer/share/localization_layer/config/cartographer_2d_mapping.lua
[26.181s] -- Installing: /home/tkddn647/test/install/localization_layer/lib/localization_layer/map_auto_saver.py
[26.181s] -- Installing: /home/tkddn647/test/install/localization_layer/lib/localization_layer/fake_sensor_publisher.py
[26.182s] -- Up-to-date: /home/tkddn647/test/install/localization_layer/share/ament_index/resource_index/package_run_dependencies/localization_layer
[26.182s] -- Up-to-date: /home/tkddn647/test/install/localization_layer/share/ament_index/resource_index/parent_prefix_path/localization_layer
[26.182s] -- Up-to-date: /home/tkddn647/test/install/localization_layer/share/localization_layer/environment/ament_prefix_path.sh
[26.182s] -- Installing: /home/tkddn647/test/install/localization_layer/share/localization_layer/environment/ament_prefix_path.dsv
[26.182s] -- Up-to-date: /home/tkddn647/test/install/localization_layer/share/localization_layer/environment/path.sh
[26.183s] -- Installing: /home/tkddn647/test/install/localization_layer/share/localization_layer/environment/path.dsv
[26.183s] -- Up-to-date: /home/tkddn647/test/install/localization_layer/share/localization_layer/local_setup.bash
[26.183s] -- Up-to-date: /home/tkddn647/test/install/localization_layer/share/localization_layer/local_setup.sh
[26.183s] -- Up-to-date: /home/tkddn647/test/install/localization_layer/share/localization_layer/local_setup.zsh
[26.183s] -- Installing: /home/tkddn647/test/install/localization_layer/share/localization_layer/local_setup.dsv
[26.183s] -- Installing: /home/tkddn647/test/install/localization_layer/share/localization_layer/package.dsv
[26.183s] -- Up-to-date: /home/tkddn647/test/install/localization_layer/share/ament_index/resource_index/packages/localization_layer
[26.183s] -- Up-to-date: /home/tkddn647/test/install/localization_layer/share/localization_layer/cmake/localization_layerConfig.cmake
[26.183s] -- Up-to-date: /home/tkddn647/test/install/localization_layer/share/localization_layer/cmake/localization_layerConfig-version.cmake
[26.183s] -- Up-to-date: /home/tkddn647/test/install/localization_layer/share/localization_layer/package.xml
[30.023s] Invoked command in '/home/tkddn647/test/build/localization_layer' returned '0': AMENT_PREFIX_PATH=/home/tkddn647/test/install/sensor_layer:/home/tkddn647/test/install/tf_manager_cpp:/home/tkddn647/test/install/sllidar_ros2:/home/tkddn647/test/install/ebimu_pkg:${AMENT_PREFIX_PATH} CMAKE_PREFIX_PATH=/home/tkddn647/test/install/sensor_layer:/home/tkddn647/test/install/tf_manager_cpp:/home/tkddn647/test/install/sllidar_ros2:/opt/ros/humble PYTHONPATH=/home/tkddn647/test/install/ebimu_pkg/lib/python3.10/site-packages:${PYTHONPATH} /usr/bin/cmake --install /home/tkddn647/test/build/localization_layer
