[0.252s] DEBUG:colcon:Command line arguments: ['/usr/bin/colcon', 'build', '--packages-select', 'localization_layer', 'sim_test']
[0.252s] DEBUG:colcon:Parsed command line arguments: Namespace(log_base=None, log_level=None, verb_name='build', build_base='build', install_base='install', merge_install=False, symlink_install=False, test_result_base=None, continue_on_error=False, executor='parallel', parallel_workers=12, event_handlers=None, ignore_user_meta=False, metas=['./colcon.meta'], base_paths=['.'], packages_ignore=None, packages_ignore_regex=None, paths=None, packages_up_to=None, packages_up_to_regex=None, packages_above=None, packages_above_and_dependencies=None, packages_above_depth=None, packages_select_by_dep=None, packages_skip_by_dep=None, packages_skip_up_to=None, packages_select_build_failed=False, packages_skip_build_finished=False, packages_select_test_failures=False, packages_skip_test_passed=False, packages_select=['localization_layer', 'sim_test'], packages_skip=None, packages_select_regex=None, packages_skip_regex=None, packages_start=None, packages_end=None, allow_overriding=[], cmake_args=None, cmake_target=None, cmake_target_skip_unavailable=False, cmake_clean_cache=False, cmake_clean_first=False, cmake_force_configure=False, ament_cmake_args=None, catkin_cmake_args=None, catkin_skip_building_tests=False, mixin_files=None, mixin=None, verb_parser=<colcon_mixin.mixin.mixin_argument.MixinArgumentDecorator object at 0x78c4154467d0>, verb_extension=<colcon_core.verb.build.BuildVerb object at 0x78c415567730>, main=<bound method BuildVerb.main of <colcon_core.verb.build.BuildVerb object at 0x78c415567730>>, mixin_verb=('build',))
[0.487s] Level 1:colcon.colcon_core.package_discovery:discover_packages(colcon_meta) check parameters
[0.487s] Level 1:colcon.colcon_core.package_discovery:discover_packages(recursive) check parameters
[0.487s] Level 1:colcon.colcon_core.package_discovery:discover_packages(ignore) check parameters
[0.487s] Level 1:colcon.colcon_core.package_discovery:discover_packages(path) check parameters
[0.487s] Level 1:colcon.colcon_core.package_discovery:discover_packages(colcon_meta) discover
[0.487s] Level 1:colcon.colcon_core.package_discovery:discover_packages(recursive) discover
[0.487s] INFO:colcon.colcon_core.package_discovery:Crawling recursively for packages in '/home/tkddn647/test'
[0.487s] Level 1:colcon.colcon_core.package_identification:_identify(.) by extensions ['ignore', 'ignore_ament_install']
[0.487s] Level 1:colcon.colcon_core.package_identification:_identify(.) by extension 'ignore'
[0.487s] Level 1:colcon.colcon_core.package_identification:_identify(.) by extension 'ignore_ament_install'
[0.487s] Level 1:colcon.colcon_core.package_identification:_identify(.) by extensions ['colcon_pkg']
[0.487s] Level 1:colcon.colcon_core.package_identification:_identify(.) by extension 'colcon_pkg'
[0.487s] Level 1:colcon.colcon_core.package_identification:_identify(.) by extensions ['colcon_meta']
[0.487s] Level 1:colcon.colcon_core.package_identification:_identify(.) by extension 'colcon_meta'
[0.487s] Level 1:colcon.colcon_core.package_identification:_identify(.) by extensions ['ros']
[0.488s] Level 1:colcon.colcon_core.package_identification:_identify(.) by extension 'ros'
[0.502s] Level 1:colcon.colcon_core.package_identification:_identify(.) by extensions ['cmake', 'python']
[0.503s] Level 1:colcon.colcon_core.package_identification:_identify(.) by extension 'cmake'
[0.503s] Level 1:colcon.colcon_core.package_identification:_identify(.) by extension 'python'
[0.503s] Level 1:colcon.colcon_core.package_identification:_identify(.) by extensions ['python_setup_py']
[0.503s] Level 1:colcon.colcon_core.package_identification:_identify(.) by extension 'python_setup_py'
[0.503s] Level 1:colcon.colcon_core.package_identification:_identify(build) by extensions ['ignore', 'ignore_ament_install']
[0.503s] Level 1:colcon.colcon_core.package_identification:_identify(build) by extension 'ignore'
[0.503s] Level 1:colcon.colcon_core.package_identification:_identify(build) ignored
[0.503s] Level 1:colcon.colcon_core.package_identification:_identify(install) by extensions ['ignore', 'ignore_ament_install']
[0.503s] Level 1:colcon.colcon_core.package_identification:_identify(install) by extension 'ignore'
[0.503s] Level 1:colcon.colcon_core.package_identification:_identify(install) ignored
[0.503s] Level 1:colcon.colcon_core.package_identification:_identify(log) by extensions ['ignore', 'ignore_ament_install']
[0.504s] Level 1:colcon.colcon_core.package_identification:_identify(log) by extension 'ignore'
[0.504s] Level 1:colcon.colcon_core.package_identification:_identify(log) ignored
[0.504s] Level 1:colcon.colcon_core.package_identification:_identify(maps) by extensions ['ignore', 'ignore_ament_install']
[0.504s] Level 1:colcon.colcon_core.package_identification:_identify(maps) by extension 'ignore'
[0.504s] Level 1:colcon.colcon_core.package_identification:_identify(maps) by extension 'ignore_ament_install'
[0.504s] Level 1:colcon.colcon_core.package_identification:_identify(maps) by extensions ['colcon_pkg']
[0.504s] Level 1:colcon.colcon_core.package_identification:_identify(maps) by extension 'colcon_pkg'
[0.504s] Level 1:colcon.colcon_core.package_identification:_identify(maps) by extensions ['colcon_meta']
[0.504s] Level 1:colcon.colcon_core.package_identification:_identify(maps) by extension 'colcon_meta'
[0.504s] Level 1:colcon.colcon_core.package_identification:_identify(maps) by extensions ['ros']
[0.504s] Level 1:colcon.colcon_core.package_identification:_identify(maps) by extension 'ros'
[0.504s] Level 1:colcon.colcon_core.package_identification:_identify(maps) by extensions ['cmake', 'python']
[0.504s] Level 1:colcon.colcon_core.package_identification:_identify(maps) by extension 'cmake'
[0.504s] Level 1:colcon.colcon_core.package_identification:_identify(maps) by extension 'python'
[0.504s] Level 1:colcon.colcon_core.package_identification:_identify(maps) by extensions ['python_setup_py']
[0.504s] Level 1:colcon.colcon_core.package_identification:_identify(maps) by extension 'python_setup_py'
[0.504s] Level 1:colcon.colcon_core.package_identification:_identify(src) by extensions ['ignore', 'ignore_ament_install']
[0.505s] Level 1:colcon.colcon_core.package_identification:_identify(src) by extension 'ignore'
[0.505s] Level 1:colcon.colcon_core.package_identification:_identify(src) by extension 'ignore_ament_install'
[0.505s] Level 1:colcon.colcon_core.package_identification:_identify(src) by extensions ['colcon_pkg']
[0.505s] Level 1:colcon.colcon_core.package_identification:_identify(src) by extension 'colcon_pkg'
[0.505s] Level 1:colcon.colcon_core.package_identification:_identify(src) by extensions ['colcon_meta']
[0.505s] Level 1:colcon.colcon_core.package_identification:_identify(src) by extension 'colcon_meta'
[0.505s] Level 1:colcon.colcon_core.package_identification:_identify(src) by extensions ['ros']
[0.505s] Level 1:colcon.colcon_core.package_identification:_identify(src) by extension 'ros'
[0.505s] Level 1:colcon.colcon_core.package_identification:_identify(src) by extensions ['cmake', 'python']
[0.505s] Level 1:colcon.colcon_core.package_identification:_identify(src) by extension 'cmake'
[0.505s] Level 1:colcon.colcon_core.package_identification:_identify(src) by extension 'python'
[0.505s] Level 1:colcon.colcon_core.package_identification:_identify(src) by extensions ['python_setup_py']
[0.505s] Level 1:colcon.colcon_core.package_identification:_identify(src) by extension 'python_setup_py'
[0.505s] Level 1:colcon.colcon_core.package_identification:_identify(src/ebimu_pkg) by extensions ['ignore', 'ignore_ament_install']
[0.505s] Level 1:colcon.colcon_core.package_identification:_identify(src/ebimu_pkg) by extension 'ignore'
[0.505s] Level 1:colcon.colcon_core.package_identification:_identify(src/ebimu_pkg) by extension 'ignore_ament_install'
[0.505s] Level 1:colcon.colcon_core.package_identification:_identify(src/ebimu_pkg) by extensions ['colcon_pkg']
[0.505s] Level 1:colcon.colcon_core.package_identification:_identify(src/ebimu_pkg) by extension 'colcon_pkg'
[0.505s] Level 1:colcon.colcon_core.package_identification:_identify(src/ebimu_pkg) by extensions ['colcon_meta']
[0.505s] Level 1:colcon.colcon_core.package_identification:_identify(src/ebimu_pkg) by extension 'colcon_meta'
[0.505s] Level 1:colcon.colcon_core.package_identification:_identify(src/ebimu_pkg) by extensions ['ros']
[0.506s] Level 1:colcon.colcon_core.package_identification:_identify(src/ebimu_pkg) by extension 'ros'
[0.509s] DEBUG:colcon.colcon_core.package_identification:Package 'src/ebimu_pkg' with type 'ros.ament_python' and name 'ebimu_pkg'
[0.509s] Level 1:colcon.colcon_core.package_identification:_identify(src/localization_layer) by extensions ['ignore', 'ignore_ament_install']
[0.510s] Level 1:colcon.colcon_core.package_identification:_identify(src/localization_layer) by extension 'ignore'
[0.510s] Level 1:colcon.colcon_core.package_identification:_identify(src/localization_layer) by extension 'ignore_ament_install'
[0.510s] Level 1:colcon.colcon_core.package_identification:_identify(src/localization_layer) by extensions ['colcon_pkg']
[0.510s] Level 1:colcon.colcon_core.package_identification:_identify(src/localization_layer) by extension 'colcon_pkg'
[0.510s] Level 1:colcon.colcon_core.package_identification:_identify(src/localization_layer) by extensions ['colcon_meta']
[0.510s] Level 1:colcon.colcon_core.package_identification:_identify(src/localization_layer) by extension 'colcon_meta'
[0.510s] Level 1:colcon.colcon_core.package_identification:_identify(src/localization_layer) by extensions ['ros']
[0.510s] Level 1:colcon.colcon_core.package_identification:_identify(src/localization_layer) by extension 'ros'
[0.511s] DEBUG:colcon.colcon_core.package_identification:Package 'src/localization_layer' with type 'ros.ament_cmake' and name 'localization_layer'
[0.511s] Level 1:colcon.colcon_core.package_identification:_identify(src/sensor_layer) by extensions ['ignore', 'ignore_ament_install']
[0.511s] Level 1:colcon.colcon_core.package_identification:_identify(src/sensor_layer) by extension 'ignore'
[0.511s] Level 1:colcon.colcon_core.package_identification:_identify(src/sensor_layer) by extension 'ignore_ament_install'
[0.511s] Level 1:colcon.colcon_core.package_identification:_identify(src/sensor_layer) by extensions ['colcon_pkg']
[0.511s] Level 1:colcon.colcon_core.package_identification:_identify(src/sensor_layer) by extension 'colcon_pkg'
[0.511s] Level 1:colcon.colcon_core.package_identification:_identify(src/sensor_layer) by extensions ['colcon_meta']
[0.511s] Level 1:colcon.colcon_core.package_identification:_identify(src/sensor_layer) by extension 'colcon_meta'
[0.512s] Level 1:colcon.colcon_core.package_identification:_identify(src/sensor_layer) by extensions ['ros']
[0.512s] Level 1:colcon.colcon_core.package_identification:_identify(src/sensor_layer) by extension 'ros'
[0.512s] DEBUG:colcon.colcon_core.package_identification:Package 'src/sensor_layer' with type 'ros.ament_cmake' and name 'sensor_layer'
[0.512s] Level 1:colcon.colcon_core.package_identification:_identify(src/sim_test) by extensions ['ignore', 'ignore_ament_install']
[0.512s] Level 1:colcon.colcon_core.package_identification:_identify(src/sim_test) by extension 'ignore'
[0.512s] Level 1:colcon.colcon_core.package_identification:_identify(src/sim_test) by extension 'ignore_ament_install'
[0.512s] Level 1:colcon.colcon_core.package_identification:_identify(src/sim_test) by extensions ['colcon_pkg']
[0.512s] Level 1:colcon.colcon_core.package_identification:_identify(src/sim_test) by extension 'colcon_pkg'
[0.512s] Level 1:colcon.colcon_core.package_identification:_identify(src/sim_test) by extensions ['colcon_meta']
[0.512s] Level 1:colcon.colcon_core.package_identification:_identify(src/sim_test) by extension 'colcon_meta'
[0.512s] Level 1:colcon.colcon_core.package_identification:_identify(src/sim_test) by extensions ['ros']
[0.512s] Level 1:colcon.colcon_core.package_identification:_identify(src/sim_test) by extension 'ros'
[0.513s] DEBUG:colcon.colcon_core.package_identification:Package 'src/sim_test' with type 'ros.ament_cmake' and name 'sim_test'
[0.514s] Level 1:colcon.colcon_core.package_identification:_identify(src/sllidar_ros2) by extensions ['ignore', 'ignore_ament_install']
[0.514s] Level 1:colcon.colcon_core.package_identification:_identify(src/sllidar_ros2) by extension 'ignore'
[0.514s] Level 1:colcon.colcon_core.package_identification:_identify(src/sllidar_ros2) by extension 'ignore_ament_install'
[0.514s] Level 1:colcon.colcon_core.package_identification:_identify(src/sllidar_ros2) by extensions ['colcon_pkg']
[0.514s] Level 1:colcon.colcon_core.package_identification:_identify(src/sllidar_ros2) by extension 'colcon_pkg'
[0.514s] Level 1:colcon.colcon_core.package_identification:_identify(src/sllidar_ros2) by extensions ['colcon_meta']
[0.514s] Level 1:colcon.colcon_core.package_identification:_identify(src/sllidar_ros2) by extension 'colcon_meta'
[0.514s] Level 1:colcon.colcon_core.package_identification:_identify(src/sllidar_ros2) by extensions ['ros']
[0.514s] Level 1:colcon.colcon_core.package_identification:_identify(src/sllidar_ros2) by extension 'ros'
[0.514s] DEBUG:colcon.colcon_core.package_identification:Package 'src/sllidar_ros2' with type 'ros.ament_cmake' and name 'sllidar_ros2'
[0.515s] Level 1:colcon.colcon_core.package_identification:_identify(src/tf_manager_cpp) by extensions ['ignore', 'ignore_ament_install']
[0.515s] Level 1:colcon.colcon_core.package_identification:_identify(src/tf_manager_cpp) by extension 'ignore'
[0.515s] Level 1:colcon.colcon_core.package_identification:_identify(src/tf_manager_cpp) by extension 'ignore_ament_install'
[0.515s] Level 1:colcon.colcon_core.package_identification:_identify(src/tf_manager_cpp) by extensions ['colcon_pkg']
[0.515s] Level 1:colcon.colcon_core.package_identification:_identify(src/tf_manager_cpp) by extension 'colcon_pkg'
[0.515s] Level 1:colcon.colcon_core.package_identification:_identify(src/tf_manager_cpp) by extensions ['colcon_meta']
[0.515s] Level 1:colcon.colcon_core.package_identification:_identify(src/tf_manager_cpp) by extension 'colcon_meta'
[0.515s] Level 1:colcon.colcon_core.package_identification:_identify(src/tf_manager_cpp) by extensions ['ros']
[0.515s] Level 1:colcon.colcon_core.package_identification:_identify(src/tf_manager_cpp) by extension 'ros'
[0.516s] DEBUG:colcon.colcon_core.package_identification:Package 'src/tf_manager_cpp' with type 'ros.ament_cmake' and name 'tf_manager_cpp'
[0.516s] Level 1:colcon.colcon_core.package_discovery:discover_packages(recursive) using defaults
[0.516s] Level 1:colcon.colcon_core.package_discovery:discover_packages(ignore) discover
[0.516s] Level 1:colcon.colcon_core.package_discovery:discover_packages(ignore) using defaults
[0.516s] Level 1:colcon.colcon_core.package_discovery:discover_packages(path) discover
[0.516s] Level 1:colcon.colcon_core.package_discovery:discover_packages(path) using defaults
[0.551s] INFO:colcon.colcon_core.package_selection:Skipping not selected package 'ebimu_pkg' in 'src/ebimu_pkg'
[0.552s] INFO:colcon.colcon_core.package_selection:Skipping not selected package 'sllidar_ros2' in 'src/sllidar_ros2'
[0.552s] INFO:colcon.colcon_core.package_selection:Skipping not selected package 'tf_manager_cpp' in 'src/tf_manager_cpp'
[0.552s] INFO:colcon.colcon_core.package_selection:Skipping not selected package 'sensor_layer' in 'src/sensor_layer'
[0.552s] Level 1:colcon.colcon_core.package_discovery:discover_packages(prefix_path) check parameters
[0.552s] Level 1:colcon.colcon_core.package_discovery:discover_packages(prefix_path) discover
[0.555s] DEBUG:colcon.colcon_installed_package_information.package_discovery:Found 347 installed packages in /opt/ros/humble
[0.557s] Level 1:colcon.colcon_core.package_discovery:discover_packages(prefix_path) using defaults
[0.618s] Level 5:colcon.colcon_core.verb:set package 'localization_layer' build argument 'cmake_args' from command line to 'None'
[0.618s] Level 5:colcon.colcon_core.verb:set package 'localization_layer' build argument 'cmake_target' from command line to 'None'
[0.618s] Level 5:colcon.colcon_core.verb:set package 'localization_layer' build argument 'cmake_target_skip_unavailable' from command line to 'False'
[0.618s] Level 5:colcon.colcon_core.verb:set package 'localization_layer' build argument 'cmake_clean_cache' from command line to 'False'
[0.618s] Level 5:colcon.colcon_core.verb:set package 'localization_layer' build argument 'cmake_clean_first' from command line to 'False'
[0.618s] Level 5:colcon.colcon_core.verb:set package 'localization_layer' build argument 'cmake_force_configure' from command line to 'False'
[0.618s] Level 5:colcon.colcon_core.verb:set package 'localization_layer' build argument 'ament_cmake_args' from command line to 'None'
[0.618s] Level 5:colcon.colcon_core.verb:set package 'localization_layer' build argument 'catkin_cmake_args' from command line to 'None'
[0.618s] Level 5:colcon.colcon_core.verb:set package 'localization_layer' build argument 'catkin_skip_building_tests' from command line to 'False'
[0.618s] DEBUG:colcon.colcon_core.verb:Building package 'localization_layer' with the following arguments: {'ament_cmake_args': None, 'build_base': '/home/tkddn647/test/build/localization_layer', 'catkin_cmake_args': None, 'catkin_skip_building_tests': False, 'cmake_args': None, 'cmake_clean_cache': False, 'cmake_clean_first': False, 'cmake_force_configure': False, 'cmake_target': None, 'cmake_target_skip_unavailable': False, 'install_base': '/home/tkddn647/test/install/localization_layer', 'merge_install': False, 'path': '/home/tkddn647/test/src/localization_layer', 'symlink_install': False, 'test_result_base': None}
[0.619s] Level 5:colcon.colcon_core.verb:set package 'sim_test' build argument 'cmake_args' from command line to 'None'
[0.619s] Level 5:colcon.colcon_core.verb:set package 'sim_test' build argument 'cmake_target' from command line to 'None'
[0.619s] Level 5:colcon.colcon_core.verb:set package 'sim_test' build argument 'cmake_target_skip_unavailable' from command line to 'False'
[0.619s] Level 5:colcon.colcon_core.verb:set package 'sim_test' build argument 'cmake_clean_cache' from command line to 'False'
[0.619s] Level 5:colcon.colcon_core.verb:set package 'sim_test' build argument 'cmake_clean_first' from command line to 'False'
[0.619s] Level 5:colcon.colcon_core.verb:set package 'sim_test' build argument 'cmake_force_configure' from command line to 'False'
[0.619s] Level 5:colcon.colcon_core.verb:set package 'sim_test' build argument 'ament_cmake_args' from command line to 'None'
[0.619s] Level 5:colcon.colcon_core.verb:set package 'sim_test' build argument 'catkin_cmake_args' from command line to 'None'
[0.619s] Level 5:colcon.colcon_core.verb:set package 'sim_test' build argument 'catkin_skip_building_tests' from command line to 'False'
[0.619s] DEBUG:colcon.colcon_core.verb:Building package 'sim_test' with the following arguments: {'ament_cmake_args': None, 'build_base': '/home/tkddn647/test/build/sim_test', 'catkin_cmake_args': None, 'catkin_skip_building_tests': False, 'cmake_args': None, 'cmake_clean_cache': False, 'cmake_clean_first': False, 'cmake_force_configure': False, 'cmake_target': None, 'cmake_target_skip_unavailable': False, 'install_base': '/home/tkddn647/test/install/sim_test', 'merge_install': False, 'path': '/home/tkddn647/test/src/sim_test', 'symlink_install': False, 'test_result_base': None}
[0.619s] INFO:colcon.colcon_core.executor:Executing jobs using 'parallel' executor
[0.620s] DEBUG:colcon.colcon_parallel_executor.executor.parallel:run_until_complete
[0.621s] INFO:colcon.colcon_ros.task.ament_cmake.build:Building ROS package in '/home/tkddn647/test/src/localization_layer' with build type 'ament_cmake'
[0.621s] INFO:colcon.colcon_cmake.task.cmake.build:Building CMake package in '/home/tkddn647/test/src/localization_layer'
[0.624s] INFO:colcon.colcon_core.plugin_system:Skipping extension 'colcon_core.shell.bat': Not used on non-Windows systems
[0.624s] INFO:colcon.colcon_core.shell:Skip shell extension 'powershell' for command environment: Not usable outside of PowerShell
[0.625s] DEBUG:colcon.colcon_core.shell:Skip shell extension 'dsv' for command environment
[32.541s] DEBUG:colcon.colcon_core.event_handler.log_command:Invoking command in '/home/tkddn647/test/build/localization_layer': AMENT_PREFIX_PATH=/home/tkddn647/test/install/sensor_layer:/home/tkddn647/test/install/tf_manager_cpp:/home/tkddn647/test/install/sllidar_ros2:/home/tkddn647/test/install/ebimu_pkg:${AMENT_PREFIX_PATH} CMAKE_PREFIX_PATH=/home/tkddn647/test/install/sensor_layer:/home/tkddn647/test/install/tf_manager_cpp:/home/tkddn647/test/install/sllidar_ros2:/opt/ros/humble PYTHONPATH=/home/tkddn647/test/install/ebimu_pkg/lib/python3.10/site-packages:${PYTHONPATH} /usr/bin/cmake --build /home/tkddn647/test/build/localization_layer -- -j12 -l12
[64.327s] DEBUG:colcon.colcon_core.event_handler.log_command:Invoked command in '/home/tkddn647/test/build/localization_layer' returned '0': AMENT_PREFIX_PATH=/home/tkddn647/test/install/sensor_layer:/home/tkddn647/test/install/tf_manager_cpp:/home/tkddn647/test/install/sllidar_ros2:/home/tkddn647/test/install/ebimu_pkg:${AMENT_PREFIX_PATH} CMAKE_PREFIX_PATH=/home/tkddn647/test/install/sensor_layer:/home/tkddn647/test/install/tf_manager_cpp:/home/tkddn647/test/install/sllidar_ros2:/opt/ros/humble PYTHONPATH=/home/tkddn647/test/install/ebimu_pkg/lib/python3.10/site-packages:${PYTHONPATH} /usr/bin/cmake --build /home/tkddn647/test/build/localization_layer -- -j12 -l12
[64.338s] DEBUG:colcon.colcon_core.event_handler.log_command:Invoking command in '/home/tkddn647/test/build/localization_layer': AMENT_PREFIX_PATH=/home/tkddn647/test/install/sensor_layer:/home/tkddn647/test/install/tf_manager_cpp:/home/tkddn647/test/install/sllidar_ros2:/home/tkddn647/test/install/ebimu_pkg:${AMENT_PREFIX_PATH} CMAKE_PREFIX_PATH=/home/tkddn647/test/install/sensor_layer:/home/tkddn647/test/install/tf_manager_cpp:/home/tkddn647/test/install/sllidar_ros2:/opt/ros/humble PYTHONPATH=/home/tkddn647/test/install/ebimu_pkg/lib/python3.10/site-packages:${PYTHONPATH} /usr/bin/cmake --install /home/tkddn647/test/build/localization_layer
[96.452s] Level 1:colcon.colcon_core.environment:create_environment_scripts_only(localization_layer)
[96.453s] DEBUG:colcon.colcon_core.event_handler.log_command:Invoked command in '/home/tkddn647/test/build/localization_layer' returned '0': AMENT_PREFIX_PATH=/home/tkddn647/test/install/sensor_layer:/home/tkddn647/test/install/tf_manager_cpp:/home/tkddn647/test/install/sllidar_ros2:/home/tkddn647/test/install/ebimu_pkg:${AMENT_PREFIX_PATH} CMAKE_PREFIX_PATH=/home/tkddn647/test/install/sensor_layer:/home/tkddn647/test/install/tf_manager_cpp:/home/tkddn647/test/install/sllidar_ros2:/opt/ros/humble PYTHONPATH=/home/tkddn647/test/install/ebimu_pkg/lib/python3.10/site-packages:${PYTHONPATH} /usr/bin/cmake --install /home/tkddn647/test/build/localization_layer
[96.457s] Level 1:colcon.colcon_core.environment:checking '/home/tkddn647/test/install/localization_layer' for CMake module files
[96.458s] Level 1:colcon.colcon_core.environment:checking '/home/tkddn647/test/install/localization_layer' for CMake config files
[96.458s] Level 1:colcon.colcon_core.shell:create_environment_hook('localization_layer', 'cmake_prefix_path')
[96.458s] INFO:colcon.colcon_core.shell:Creating environment hook '/home/tkddn647/test/install/localization_layer/share/localization_layer/hook/cmake_prefix_path.ps1'
[96.460s] INFO:colcon.colcon_core.shell:Creating environment descriptor '/home/tkddn647/test/install/localization_layer/share/localization_layer/hook/cmake_prefix_path.dsv'
[96.461s] INFO:colcon.colcon_core.shell:Creating environment hook '/home/tkddn647/test/install/localization_layer/share/localization_layer/hook/cmake_prefix_path.sh'
[96.462s] Level 1:colcon.colcon_core.environment:checking '/home/tkddn647/test/install/localization_layer/lib'
[96.462s] Level 1:colcon.colcon_core.environment:checking '/home/tkddn647/test/install/localization_layer/bin'
[96.462s] Level 1:colcon.colcon_core.environment:checking '/home/tkddn647/test/install/localization_layer/lib/pkgconfig/localization_layer.pc'
[96.462s] Level 1:colcon.colcon_core.environment:checking '/home/tkddn647/test/install/localization_layer/lib/python3.10/site-packages'
[96.463s] Level 1:colcon.colcon_core.environment:checking '/home/tkddn647/test/install/localization_layer/bin'
[96.463s] INFO:colcon.colcon_core.shell:Creating package script '/home/tkddn647/test/install/localization_layer/share/localization_layer/package.ps1'
[96.464s] INFO:colcon.colcon_core.shell:Creating package descriptor '/home/tkddn647/test/install/localization_layer/share/localization_layer/package.dsv'
[96.465s] INFO:colcon.colcon_core.shell:Creating package script '/home/tkddn647/test/install/localization_layer/share/localization_layer/package.sh'
[96.466s] INFO:colcon.colcon_core.shell:Creating package script '/home/tkddn647/test/install/localization_layer/share/localization_layer/package.bash'
[96.466s] INFO:colcon.colcon_core.shell:Creating package script '/home/tkddn647/test/install/localization_layer/share/localization_layer/package.zsh'
[96.468s] Level 1:colcon.colcon_core.environment:create_file_with_runtime_dependencies(/home/tkddn647/test/install/localization_layer/share/colcon-core/packages/localization_layer)
[96.468s] Level 1:colcon.colcon_core.environment:create_environment_scripts_only(localization_layer)
[96.469s] Level 1:colcon.colcon_core.environment:checking '/home/tkddn647/test/install/localization_layer' for CMake module files
[96.469s] Level 1:colcon.colcon_core.environment:checking '/home/tkddn647/test/install/localization_layer' for CMake config files
[96.470s] Level 1:colcon.colcon_core.shell:create_environment_hook('localization_layer', 'cmake_prefix_path')
[96.470s] INFO:colcon.colcon_core.shell:Creating environment hook '/home/tkddn647/test/install/localization_layer/share/localization_layer/hook/cmake_prefix_path.ps1'
[96.470s] INFO:colcon.colcon_core.shell:Creating environment descriptor '/home/tkddn647/test/install/localization_layer/share/localization_layer/hook/cmake_prefix_path.dsv'
[96.471s] INFO:colcon.colcon_core.shell:Creating environment hook '/home/tkddn647/test/install/localization_layer/share/localization_layer/hook/cmake_prefix_path.sh'
[96.471s] Level 1:colcon.colcon_core.environment:checking '/home/tkddn647/test/install/localization_layer/lib'
[96.471s] Level 1:colcon.colcon_core.environment:checking '/home/tkddn647/test/install/localization_layer/bin'
[96.471s] Level 1:colcon.colcon_core.environment:checking '/home/tkddn647/test/install/localization_layer/lib/pkgconfig/localization_layer.pc'
[96.472s] Level 1:colcon.colcon_core.environment:checking '/home/tkddn647/test/install/localization_layer/lib/python3.10/site-packages'
[96.472s] Level 1:colcon.colcon_core.environment:checking '/home/tkddn647/test/install/localization_layer/bin'
[96.472s] INFO:colcon.colcon_core.shell:Creating package script '/home/tkddn647/test/install/localization_layer/share/localization_layer/package.ps1'
[96.473s] INFO:colcon.colcon_core.shell:Creating package descriptor '/home/tkddn647/test/install/localization_layer/share/localization_layer/package.dsv'
[96.474s] INFO:colcon.colcon_core.shell:Creating package script '/home/tkddn647/test/install/localization_layer/share/localization_layer/package.sh'
[96.474s] INFO:colcon.colcon_core.shell:Creating package script '/home/tkddn647/test/install/localization_layer/share/localization_layer/package.bash'
[96.475s] INFO:colcon.colcon_core.shell:Creating package script '/home/tkddn647/test/install/localization_layer/share/localization_layer/package.zsh'
[96.476s] Level 1:colcon.colcon_core.environment:create_file_with_runtime_dependencies(/home/tkddn647/test/install/localization_layer/share/colcon-core/packages/localization_layer)
[96.476s] INFO:colcon.colcon_ros.task.ament_cmake.build:Building ROS package in '/home/tkddn647/test/src/sim_test' with build type 'ament_cmake'
[96.477s] INFO:colcon.colcon_cmake.task.cmake.build:Building CMake package in '/home/tkddn647/test/src/sim_test'
[96.477s] INFO:colcon.colcon_core.shell:Skip shell extension 'powershell' for command environment: Not usable outside of PowerShell
[96.478s] DEBUG:colcon.colcon_core.shell:Skip shell extension 'dsv' for command environment
[96.940s] DEBUG:colcon.colcon_core.event_handler.log_command:Invoking command in '/home/tkddn647/test/build/sim_test': AMENT_PREFIX_PATH=/home/tkddn647/test/install/localization_layer:/home/tkddn647/test/install/sensor_layer:/home/tkddn647/test/install/tf_manager_cpp:/home/tkddn647/test/install/sllidar_ros2:/home/tkddn647/test/install/ebimu_pkg:${AMENT_PREFIX_PATH} CMAKE_PREFIX_PATH=/home/tkddn647/test/install/localization_layer:/home/tkddn647/test/install/sensor_layer:/home/tkddn647/test/install/tf_manager_cpp:/home/tkddn647/test/install/sllidar_ros2:/opt/ros/humble PYTHONPATH=/home/tkddn647/test/install/ebimu_pkg/lib/python3.10/site-packages:${PYTHONPATH} /usr/bin/cmake --build /home/tkddn647/test/build/sim_test -- -j12 -l12
[97.007s] DEBUG:colcon.colcon_core.event_handler.log_command:Invoked command in '/home/tkddn647/test/build/sim_test' returned '0': AMENT_PREFIX_PATH=/home/tkddn647/test/install/localization_layer:/home/tkddn647/test/install/sensor_layer:/home/tkddn647/test/install/tf_manager_cpp:/home/tkddn647/test/install/sllidar_ros2:/home/tkddn647/test/install/ebimu_pkg:${AMENT_PREFIX_PATH} CMAKE_PREFIX_PATH=/home/tkddn647/test/install/localization_layer:/home/tkddn647/test/install/sensor_layer:/home/tkddn647/test/install/tf_manager_cpp:/home/tkddn647/test/install/sllidar_ros2:/opt/ros/humble PYTHONPATH=/home/tkddn647/test/install/ebimu_pkg/lib/python3.10/site-packages:${PYTHONPATH} /usr/bin/cmake --build /home/tkddn647/test/build/sim_test -- -j12 -l12
[97.010s] DEBUG:colcon.colcon_core.event_handler.log_command:Invoking command in '/home/tkddn647/test/build/sim_test': AMENT_PREFIX_PATH=/home/tkddn647/test/install/localization_layer:/home/tkddn647/test/install/sensor_layer:/home/tkddn647/test/install/tf_manager_cpp:/home/tkddn647/test/install/sllidar_ros2:/home/tkddn647/test/install/ebimu_pkg:${AMENT_PREFIX_PATH} CMAKE_PREFIX_PATH=/home/tkddn647/test/install/localization_layer:/home/tkddn647/test/install/sensor_layer:/home/tkddn647/test/install/tf_manager_cpp:/home/tkddn647/test/install/sllidar_ros2:/opt/ros/humble PYTHONPATH=/home/tkddn647/test/install/ebimu_pkg/lib/python3.10/site-packages:${PYTHONPATH} /usr/bin/cmake --install /home/tkddn647/test/build/sim_test
[128.171s] Level 1:colcon.colcon_core.environment:create_environment_scripts_only(sim_test)
[128.172s] Level 1:colcon.colcon_core.environment:checking '/home/tkddn647/test/install/sim_test' for CMake module files
[128.173s] DEBUG:colcon.colcon_core.event_handler.log_command:Invoked command in '/home/tkddn647/test/build/sim_test' returned '0': AMENT_PREFIX_PATH=/home/tkddn647/test/install/localization_layer:/home/tkddn647/test/install/sensor_layer:/home/tkddn647/test/install/tf_manager_cpp:/home/tkddn647/test/install/sllidar_ros2:/home/tkddn647/test/install/ebimu_pkg:${AMENT_PREFIX_PATH} CMAKE_PREFIX_PATH=/home/tkddn647/test/install/localization_layer:/home/tkddn647/test/install/sensor_layer:/home/tkddn647/test/install/tf_manager_cpp:/home/tkddn647/test/install/sllidar_ros2:/opt/ros/humble PYTHONPATH=/home/tkddn647/test/install/ebimu_pkg/lib/python3.10/site-packages:${PYTHONPATH} /usr/bin/cmake --install /home/tkddn647/test/build/sim_test
[128.173s] Level 1:colcon.colcon_core.environment:checking '/home/tkddn647/test/install/sim_test' for CMake config files
[128.174s] Level 1:colcon.colcon_core.shell:create_environment_hook('sim_test', 'cmake_prefix_path')
[128.174s] INFO:colcon.colcon_core.shell:Creating environment hook '/home/tkddn647/test/install/sim_test/share/sim_test/hook/cmake_prefix_path.ps1'
[128.175s] INFO:colcon.colcon_core.shell:Creating environment descriptor '/home/tkddn647/test/install/sim_test/share/sim_test/hook/cmake_prefix_path.dsv'
[128.176s] INFO:colcon.colcon_core.shell:Creating environment hook '/home/tkddn647/test/install/sim_test/share/sim_test/hook/cmake_prefix_path.sh'
[128.177s] Level 1:colcon.colcon_core.environment:checking '/home/tkddn647/test/install/sim_test/lib'
[128.177s] Level 1:colcon.colcon_core.environment:checking '/home/tkddn647/test/install/sim_test/bin'
[128.177s] Level 1:colcon.colcon_core.environment:checking '/home/tkddn647/test/install/sim_test/lib/pkgconfig/sim_test.pc'
[128.177s] Level 1:colcon.colcon_core.environment:checking '/home/tkddn647/test/install/sim_test/lib/python3.10/site-packages'
[128.178s] Level 1:colcon.colcon_core.environment:checking '/home/tkddn647/test/install/sim_test/bin'
[128.178s] INFO:colcon.colcon_core.shell:Creating package script '/home/tkddn647/test/install/sim_test/share/sim_test/package.ps1'
[128.179s] INFO:colcon.colcon_core.shell:Creating package descriptor '/home/tkddn647/test/install/sim_test/share/sim_test/package.dsv'
[128.180s] INFO:colcon.colcon_core.shell:Creating package script '/home/tkddn647/test/install/sim_test/share/sim_test/package.sh'
[128.180s] INFO:colcon.colcon_core.shell:Creating package script '/home/tkddn647/test/install/sim_test/share/sim_test/package.bash'
[128.181s] INFO:colcon.colcon_core.shell:Creating package script '/home/tkddn647/test/install/sim_test/share/sim_test/package.zsh'
[128.182s] Level 1:colcon.colcon_core.environment:create_file_with_runtime_dependencies(/home/tkddn647/test/install/sim_test/share/colcon-core/packages/sim_test)
[128.183s] Level 1:colcon.colcon_core.environment:create_environment_scripts_only(sim_test)
[128.183s] Level 1:colcon.colcon_core.environment:checking '/home/tkddn647/test/install/sim_test' for CMake module files
[128.184s] Level 1:colcon.colcon_core.environment:checking '/home/tkddn647/test/install/sim_test' for CMake config files
[128.184s] Level 1:colcon.colcon_core.shell:create_environment_hook('sim_test', 'cmake_prefix_path')
[128.184s] INFO:colcon.colcon_core.shell:Creating environment hook '/home/tkddn647/test/install/sim_test/share/sim_test/hook/cmake_prefix_path.ps1'
[128.185s] INFO:colcon.colcon_core.shell:Creating environment descriptor '/home/tkddn647/test/install/sim_test/share/sim_test/hook/cmake_prefix_path.dsv'
[128.185s] INFO:colcon.colcon_core.shell:Creating environment hook '/home/tkddn647/test/install/sim_test/share/sim_test/hook/cmake_prefix_path.sh'
[128.186s] Level 1:colcon.colcon_core.environment:checking '/home/tkddn647/test/install/sim_test/lib'
[128.186s] Level 1:colcon.colcon_core.environment:checking '/home/tkddn647/test/install/sim_test/bin'
[128.186s] Level 1:colcon.colcon_core.environment:checking '/home/tkddn647/test/install/sim_test/lib/pkgconfig/sim_test.pc'
[128.186s] Level 1:colcon.colcon_core.environment:checking '/home/tkddn647/test/install/sim_test/lib/python3.10/site-packages'
[128.187s] Level 1:colcon.colcon_core.environment:checking '/home/tkddn647/test/install/sim_test/bin'
[128.187s] INFO:colcon.colcon_core.shell:Creating package script '/home/tkddn647/test/install/sim_test/share/sim_test/package.ps1'
[128.187s] INFO:colcon.colcon_core.shell:Creating package descriptor '/home/tkddn647/test/install/sim_test/share/sim_test/package.dsv'
[128.188s] INFO:colcon.colcon_core.shell:Creating package script '/home/tkddn647/test/install/sim_test/share/sim_test/package.sh'
[128.188s] INFO:colcon.colcon_core.shell:Creating package script '/home/tkddn647/test/install/sim_test/share/sim_test/package.bash'
[128.189s] INFO:colcon.colcon_core.shell:Creating package script '/home/tkddn647/test/install/sim_test/share/sim_test/package.zsh'
[128.189s] Level 1:colcon.colcon_core.environment:create_file_with_runtime_dependencies(/home/tkddn647/test/install/sim_test/share/colcon-core/packages/sim_test)
[128.190s] DEBUG:colcon.colcon_parallel_executor.executor.parallel:closing loop
[128.191s] DEBUG:colcon.colcon_parallel_executor.executor.parallel:loop closed
[128.191s] DEBUG:colcon.colcon_parallel_executor.executor.parallel:run_until_complete finished with '0'
[128.191s] DEBUG:colcon.colcon_core.event_reactor:joining thread
[128.256s] INFO:colcon.colcon_core.plugin_system:Skipping extension 'colcon_notification.desktop_notification.notify_send': Could not find 'notify-send'
[128.256s] INFO:colcon.colcon_core.plugin_system:Skipping extension 'colcon_notification.desktop_notification.terminal_notifier': Not used on non-Darwin systems
[128.256s] INFO:colcon.colcon_core.plugin_system:Skipping extension 'colcon_notification.desktop_notification.win32': Not used on non-Windows systems
[128.256s] INFO:colcon.colcon_notification.desktop_notification:Sending desktop notification using 'notify2'
[128.256s] DEBUG:colcon.colcon_notification.desktop_notification.notify2:Failed to initialize notify2: org.freedesktop.DBus.Error.AccessDenied: Failed to connect to socket /run/user/1000/bus: Operation not permitted
[128.257s] DEBUG:colcon.colcon_core.event_reactor:joined thread
[128.257s] INFO:colcon.colcon_core.shell:Creating prefix script '/home/tkddn647/test/install/local_setup.ps1'
[128.258s] INFO:colcon.colcon_core.shell:Creating prefix util module '/home/tkddn647/test/install/_local_setup_util_ps1.py'
[128.259s] INFO:colcon.colcon_core.shell:Creating prefix chain script '/home/tkddn647/test/install/setup.ps1'
[128.261s] INFO:colcon.colcon_core.shell:Creating prefix script '/home/tkddn647/test/install/local_setup.sh'
[128.261s] INFO:colcon.colcon_core.shell:Creating prefix util module '/home/tkddn647/test/install/_local_setup_util_sh.py'
[128.262s] INFO:colcon.colcon_core.shell:Creating prefix chain script '/home/tkddn647/test/install/setup.sh'
[128.263s] INFO:colcon.colcon_core.shell:Creating prefix script '/home/tkddn647/test/install/local_setup.bash'
[128.264s] INFO:colcon.colcon_core.shell:Creating prefix chain script '/home/tkddn647/test/install/setup.bash'
[128.265s] INFO:colcon.colcon_core.shell:Creating prefix script '/home/tkddn647/test/install/local_setup.zsh'
[128.265s] INFO:colcon.colcon_core.shell:Creating prefix chain script '/home/tkddn647/test/install/setup.zsh'
