[30.182s] Invoking command in '/home/tkddn647/test/build/race_layer': CMAKE_PREFIX_PATH=/opt/ros/humble /usr/bin/cmake --build /home/tkddn647/test/build/race_layer -- -j12 -l12
[30.245s] Invoked command in '/home/tkddn647/test/build/race_layer' returned '0': CMAKE_PREFIX_PATH=/opt/ros/humble /usr/bin/cmake --build /home/tkddn647/test/build/race_layer -- -j12 -l12
[30.259s] Invoking command in '/home/tkddn647/test/build/race_layer': CMAKE_PREFIX_PATH=/opt/ros/humble /usr/bin/cmake --install /home/tkddn647/test/build/race_layer
[30.270s] -- Install configuration: ""
[30.271s] -- Installing: /home/tkddn647/test/install/race_layer/lib/race_layer/path_following.py
[30.271s] -- Installing: /home/tkddn647/test/install/race_layer/lib/race_layer/static_node.py
[30.271s] -- Installing: /home/tkddn647/test/install/race_layer/lib/race_layer/FGM_node.py
[30.271s] -- Installing: /home/tkddn647/test/install/race_layer/lib/race_layer/local.py
[30.272s] -- Up-to-date: /home/tkddn647/test/install/race_layer/share/race_layer/launch
[30.272s] -- Installing: /home/tkddn647/test/install/race_layer/share/race_layer/launch/FGM_node.py
[30.273s] -- Installing: /home/tkddn647/test/install/race_layer/share/race_layer/launch/race_layer.launch.py
[30.273s] -- Up-to-date: /home/tkddn647/test/install/race_layer/share/race_layer/launch/.gitkeep
[30.273s] -- Installing: /home/tkddn647/test/install/race_layer/share/race_layer/launch/local.py
[30.274s] -- Up-to-date: /home/tkddn647/test/install/race_layer/share/race_layer/launch/__pycache__
[30.274s] -- Up-to-date: /home/tkddn647/test/install/race_layer/share/race_layer/launch/__pycache__/centerline.cpython-310.pyc
[30.274s] -- Installing: /home/tkddn647/test/install/race_layer/share/race_layer/launch/static_node.py
[30.274s] -- Up-to-date: /home/tkddn647/test/install/race_layer/share/race_layer/launch/centerline.py
[30.275s] -- Installing: /home/tkddn647/test/install/race_layer/share/race_layer/launch/path_following.py
[30.275s] -- Up-to-date: /home/tkddn647/test/install/race_layer/share/race_layer/launch/make_csv.py
[30.275s] -- Up-to-date: /home/tkddn647/test/install/race_layer/share/ament_index/resource_index/package_run_dependencies/race_layer
[30.275s] -- Up-to-date: /home/tkddn647/test/install/race_layer/share/ament_index/resource_index/parent_prefix_path/race_layer
[30.275s] -- Up-to-date: /home/tkddn647/test/install/race_layer/share/race_layer/environment/ament_prefix_path.sh
[30.275s] -- Up-to-date: /home/tkddn647/test/install/race_layer/share/race_layer/environment/ament_prefix_path.dsv
[30.275s] -- Up-to-date: /home/tkddn647/test/install/race_layer/share/race_layer/environment/path.sh
[30.275s] -- Up-to-date: /home/tkddn647/test/install/race_layer/share/race_layer/environment/path.dsv
[30.275s] -- Up-to-date: /home/tkddn647/test/install/race_layer/share/race_layer/local_setup.bash
[30.275s] -- Up-to-date: /home/tkddn647/test/install/race_layer/share/race_layer/local_setup.sh
[30.275s] -- Up-to-date: /home/tkddn647/test/install/race_layer/share/race_layer/local_setup.zsh
[30.275s] -- Up-to-date: /home/tkddn647/test/install/race_layer/share/race_layer/local_setup.dsv
[30.275s] -- Installing: /home/tkddn647/test/install/race_layer/share/race_layer/package.dsv
[30.276s] -- Up-to-date: /home/tkddn647/test/install/race_layer/share/ament_index/resource_index/packages/race_layer
[30.276s] -- Up-to-date: /home/tkddn647/test/install/race_layer/share/race_layer/cmake/race_layerConfig.cmake
[30.276s] -- Up-to-date: /home/tkddn647/test/install/race_layer/share/race_layer/cmake/race_layerConfig-version.cmake
[30.276s] -- Up-to-date: /home/tkddn647/test/install/race_layer/share/race_layer/package.xml
[60.259s] Invoked command in '/home/tkddn647/test/build/race_layer' returned '0': CMAKE_PREFIX_PATH=/opt/ros/humble /usr/bin/cmake --install /home/tkddn647/test/build/race_layer
