[0.230s] DEBUG:colcon:Command line arguments: ['/usr/bin/colcon', 'build', '--packages-select', 'localization_layer']
[0.230s] DEBUG:colcon:Parsed command line arguments: Namespace(log_base=None, log_level=None, verb_name='build', build_base='build', install_base='install', merge_install=False, symlink_install=False, test_result_base=None, continue_on_error=False, executor='parallel', parallel_workers=12, event_handlers=None, ignore_user_meta=False, metas=['./colcon.meta'], base_paths=['.'], packages_ignore=None, packages_ignore_regex=None, paths=None, packages_up_to=None, packages_up_to_regex=None, packages_above=None, packages_above_and_dependencies=None, packages_above_depth=None, packages_select_by_dep=None, packages_skip_by_dep=None, packages_skip_up_to=None, packages_select_build_failed=False, packages_skip_build_finished=False, packages_select_test_failures=False, packages_skip_test_passed=False, packages_select=['localization_layer'], packages_skip=None, packages_select_regex=None, packages_skip_regex=None, packages_start=None, packages_end=None, allow_overriding=[], cmake_args=None, cmake_target=None, cmake_target_skip_unavailable=False, cmake_clean_cache=False, cmake_clean_first=False, cmake_force_configure=False, ament_cmake_args=None, catkin_cmake_args=None, catkin_skip_building_tests=False, mixin_files=None, mixin=None, verb_parser=<colcon_mixin.mixin.mixin_argument.MixinArgumentDecorator object at 0x70e6bc5127a0>, verb_extension=<colcon_core.verb.build.BuildVerb object at 0x70e6bc673700>, main=<bound method BuildVerb.main of <colcon_core.verb.build.BuildVerb object at 0x70e6bc673700>>, mixin_verb=('build',))
[0.403s] Level 1:colcon.colcon_core.package_discovery:discover_packages(colcon_meta) check parameters
[0.403s] Level 1:colcon.colcon_core.package_discovery:discover_packages(recursive) check parameters
[0.403s] Level 1:colcon.colcon_core.package_discovery:discover_packages(ignore) check parameters
[0.403s] Level 1:colcon.colcon_core.package_discovery:discover_packages(path) check parameters
[0.403s] Level 1:colcon.colcon_core.package_discovery:discover_packages(colcon_meta) discover
[0.404s] Level 1:colcon.colcon_core.package_discovery:discover_packages(recursive) discover
[0.404s] INFO:colcon.colcon_core.package_discovery:Crawling recursively for packages in '/home/tkddn647/test'
[0.404s] Level 1:colcon.colcon_core.package_identification:_identify(.) by extensions ['ignore', 'ignore_ament_install']
[0.404s] Level 1:colcon.colcon_core.package_identification:_identify(.) by extension 'ignore'
[0.404s] Level 1:colcon.colcon_core.package_identification:_identify(.) by extension 'ignore_ament_install'
[0.404s] Level 1:colcon.colcon_core.package_identification:_identify(.) by extensions ['colcon_pkg']
[0.404s] Level 1:colcon.colcon_core.package_identification:_identify(.) by extension 'colcon_pkg'
[0.404s] Level 1:colcon.colcon_core.package_identification:_identify(.) by extensions ['colcon_meta']
[0.404s] Level 1:colcon.colcon_core.package_identification:_identify(.) by extension 'colcon_meta'
[0.404s] Level 1:colcon.colcon_core.package_identification:_identify(.) by extensions ['ros']
[0.404s] Level 1:colcon.colcon_core.package_identification:_identify(.) by extension 'ros'
[0.413s] Level 1:colcon.colcon_core.package_identification:_identify(.) by extensions ['cmake', 'python']
[0.413s] Level 1:colcon.colcon_core.package_identification:_identify(.) by extension 'cmake'
[0.413s] Level 1:colcon.colcon_core.package_identification:_identify(.) by extension 'python'
[0.414s] Level 1:colcon.colcon_core.package_identification:_identify(.) by extensions ['python_setup_py']
[0.414s] Level 1:colcon.colcon_core.package_identification:_identify(.) by extension 'python_setup_py'
[0.414s] Level 1:colcon.colcon_core.package_identification:_identify(build) by extensions ['ignore', 'ignore_ament_install']
[0.414s] Level 1:colcon.colcon_core.package_identification:_identify(build) by extension 'ignore'
[0.414s] Level 1:colcon.colcon_core.package_identification:_identify(build) ignored
[0.414s] Level 1:colcon.colcon_core.package_identification:_identify(install) by extensions ['ignore', 'ignore_ament_install']
[0.414s] Level 1:colcon.colcon_core.package_identification:_identify(install) by extension 'ignore'
[0.414s] Level 1:colcon.colcon_core.package_identification:_identify(install) ignored
[0.414s] Level 1:colcon.colcon_core.package_identification:_identify(log) by extensions ['ignore', 'ignore_ament_install']
[0.414s] Level 1:colcon.colcon_core.package_identification:_identify(log) by extension 'ignore'
[0.414s] Level 1:colcon.colcon_core.package_identification:_identify(log) ignored
[0.414s] Level 1:colcon.colcon_core.package_identification:_identify(maps) by extensions ['ignore', 'ignore_ament_install']
[0.415s] Level 1:colcon.colcon_core.package_identification:_identify(maps) by extension 'ignore'
[0.415s] Level 1:colcon.colcon_core.package_identification:_identify(maps) by extension 'ignore_ament_install'
[0.415s] Level 1:colcon.colcon_core.package_identification:_identify(maps) by extensions ['colcon_pkg']
[0.415s] Level 1:colcon.colcon_core.package_identification:_identify(maps) by extension 'colcon_pkg'
[0.415s] Level 1:colcon.colcon_core.package_identification:_identify(maps) by extensions ['colcon_meta']
[0.415s] Level 1:colcon.colcon_core.package_identification:_identify(maps) by extension 'colcon_meta'
[0.415s] Level 1:colcon.colcon_core.package_identification:_identify(maps) by extensions ['ros']
[0.415s] Level 1:colcon.colcon_core.package_identification:_identify(maps) by extension 'ros'
[0.415s] Level 1:colcon.colcon_core.package_identification:_identify(maps) by extensions ['cmake', 'python']
[0.415s] Level 1:colcon.colcon_core.package_identification:_identify(maps) by extension 'cmake'
[0.415s] Level 1:colcon.colcon_core.package_identification:_identify(maps) by extension 'python'
[0.415s] Level 1:colcon.colcon_core.package_identification:_identify(maps) by extensions ['python_setup_py']
[0.415s] Level 1:colcon.colcon_core.package_identification:_identify(maps) by extension 'python_setup_py'
[0.415s] Level 1:colcon.colcon_core.package_identification:_identify(src) by extensions ['ignore', 'ignore_ament_install']
[0.415s] Level 1:colcon.colcon_core.package_identification:_identify(src) by extension 'ignore'
[0.415s] Level 1:colcon.colcon_core.package_identification:_identify(src) by extension 'ignore_ament_install'
[0.415s] Level 1:colcon.colcon_core.package_identification:_identify(src) by extensions ['colcon_pkg']
[0.415s] Level 1:colcon.colcon_core.package_identification:_identify(src) by extension 'colcon_pkg'
[0.415s] Level 1:colcon.colcon_core.package_identification:_identify(src) by extensions ['colcon_meta']
[0.416s] Level 1:colcon.colcon_core.package_identification:_identify(src) by extension 'colcon_meta'
[0.416s] Level 1:colcon.colcon_core.package_identification:_identify(src) by extensions ['ros']
[0.416s] Level 1:colcon.colcon_core.package_identification:_identify(src) by extension 'ros'
[0.416s] Level 1:colcon.colcon_core.package_identification:_identify(src) by extensions ['cmake', 'python']
[0.416s] Level 1:colcon.colcon_core.package_identification:_identify(src) by extension 'cmake'
[0.416s] Level 1:colcon.colcon_core.package_identification:_identify(src) by extension 'python'
[0.416s] Level 1:colcon.colcon_core.package_identification:_identify(src) by extensions ['python_setup_py']
[0.416s] Level 1:colcon.colcon_core.package_identification:_identify(src) by extension 'python_setup_py'
[0.416s] Level 1:colcon.colcon_core.package_identification:_identify(src/ebimu_pkg) by extensions ['ignore', 'ignore_ament_install']
[0.416s] Level 1:colcon.colcon_core.package_identification:_identify(src/ebimu_pkg) by extension 'ignore'
[0.416s] Level 1:colcon.colcon_core.package_identification:_identify(src/ebimu_pkg) by extension 'ignore_ament_install'
[0.416s] Level 1:colcon.colcon_core.package_identification:_identify(src/ebimu_pkg) by extensions ['colcon_pkg']
[0.416s] Level 1:colcon.colcon_core.package_identification:_identify(src/ebimu_pkg) by extension 'colcon_pkg'
[0.416s] Level 1:colcon.colcon_core.package_identification:_identify(src/ebimu_pkg) by extensions ['colcon_meta']
[0.416s] Level 1:colcon.colcon_core.package_identification:_identify(src/ebimu_pkg) by extension 'colcon_meta'
[0.416s] Level 1:colcon.colcon_core.package_identification:_identify(src/ebimu_pkg) by extensions ['ros']
[0.416s] Level 1:colcon.colcon_core.package_identification:_identify(src/ebimu_pkg) by extension 'ros'
[0.419s] DEBUG:colcon.colcon_core.package_identification:Package 'src/ebimu_pkg' with type 'ros.ament_python' and name 'ebimu_pkg'
[0.419s] Level 1:colcon.colcon_core.package_identification:_identify(src/localization_layer) by extensions ['ignore', 'ignore_ament_install']
[0.419s] Level 1:colcon.colcon_core.package_identification:_identify(src/localization_layer) by extension 'ignore'
[0.419s] Level 1:colcon.colcon_core.package_identification:_identify(src/localization_layer) by extension 'ignore_ament_install'
[0.419s] Level 1:colcon.colcon_core.package_identification:_identify(src/localization_layer) by extensions ['colcon_pkg']
[0.419s] Level 1:colcon.colcon_core.package_identification:_identify(src/localization_layer) by extension 'colcon_pkg'
[0.419s] Level 1:colcon.colcon_core.package_identification:_identify(src/localization_layer) by extensions ['colcon_meta']
[0.419s] Level 1:colcon.colcon_core.package_identification:_identify(src/localization_layer) by extension 'colcon_meta'
[0.419s] Level 1:colcon.colcon_core.package_identification:_identify(src/localization_layer) by extensions ['ros']
[0.419s] Level 1:colcon.colcon_core.package_identification:_identify(src/localization_layer) by extension 'ros'
[0.420s] DEBUG:colcon.colcon_core.package_identification:Package 'src/localization_layer' with type 'ros.ament_cmake' and name 'localization_layer'
[0.420s] Level 1:colcon.colcon_core.package_identification:_identify(src/race_layer) by extensions ['ignore', 'ignore_ament_install']
[0.420s] Level 1:colcon.colcon_core.package_identification:_identify(src/race_layer) by extension 'ignore'
[0.420s] Level 1:colcon.colcon_core.package_identification:_identify(src/race_layer) by extension 'ignore_ament_install'
[0.421s] Level 1:colcon.colcon_core.package_identification:_identify(src/race_layer) by extensions ['colcon_pkg']
[0.421s] Level 1:colcon.colcon_core.package_identification:_identify(src/race_layer) by extension 'colcon_pkg'
[0.421s] Level 1:colcon.colcon_core.package_identification:_identify(src/race_layer) by extensions ['colcon_meta']
[0.421s] Level 1:colcon.colcon_core.package_identification:_identify(src/race_layer) by extension 'colcon_meta'
[0.421s] Level 1:colcon.colcon_core.package_identification:_identify(src/race_layer) by extensions ['ros']
[0.421s] Level 1:colcon.colcon_core.package_identification:_identify(src/race_layer) by extension 'ros'
[0.421s] DEBUG:colcon.colcon_core.package_identification:Package 'src/race_layer' with type 'ros.ament_cmake' and name 'race_layer'
[0.421s] Level 1:colcon.colcon_core.package_identification:_identify(src/sensor_layer) by extensions ['ignore', 'ignore_ament_install']
[0.421s] Level 1:colcon.colcon_core.package_identification:_identify(src/sensor_layer) by extension 'ignore'
[0.421s] Level 1:colcon.colcon_core.package_identification:_identify(src/sensor_layer) by extension 'ignore_ament_install'
[0.422s] Level 1:colcon.colcon_core.package_identification:_identify(src/sensor_layer) by extensions ['colcon_pkg']
[0.422s] Level 1:colcon.colcon_core.package_identification:_identify(src/sensor_layer) by extension 'colcon_pkg'
[0.422s] Level 1:colcon.colcon_core.package_identification:_identify(src/sensor_layer) by extensions ['colcon_meta']
[0.422s] Level 1:colcon.colcon_core.package_identification:_identify(src/sensor_layer) by extension 'colcon_meta'
[0.422s] Level 1:colcon.colcon_core.package_identification:_identify(src/sensor_layer) by extensions ['ros']
[0.422s] Level 1:colcon.colcon_core.package_identification:_identify(src/sensor_layer) by extension 'ros'
[0.422s] DEBUG:colcon.colcon_core.package_identification:Package 'src/sensor_layer' with type 'ros.ament_cmake' and name 'sensor_layer'
[0.422s] Level 1:colcon.colcon_core.package_identification:_identify(src/sim_test) by extensions ['ignore', 'ignore_ament_install']
[0.422s] Level 1:colcon.colcon_core.package_identification:_identify(src/sim_test) by extension 'ignore'
[0.422s] Level 1:colcon.colcon_core.package_identification:_identify(src/sim_test) by extension 'ignore_ament_install'
[0.422s] Level 1:colcon.colcon_core.package_identification:_identify(src/sim_test) by extensions ['colcon_pkg']
[0.422s] Level 1:colcon.colcon_core.package_identification:_identify(src/sim_test) by extension 'colcon_pkg'
[0.422s] Level 1:colcon.colcon_core.package_identification:_identify(src/sim_test) by extensions ['colcon_meta']
[0.422s] Level 1:colcon.colcon_core.package_identification:_identify(src/sim_test) by extension 'colcon_meta'
[0.423s] Level 1:colcon.colcon_core.package_identification:_identify(src/sim_test) by extensions ['ros']
[0.423s] Level 1:colcon.colcon_core.package_identification:_identify(src/sim_test) by extension 'ros'
[0.423s] DEBUG:colcon.colcon_core.package_identification:Package 'src/sim_test' with type 'ros.ament_cmake' and name 'sim_test'
[0.424s] Level 1:colcon.colcon_core.package_identification:_identify(src/sllidar_ros2) by extensions ['ignore', 'ignore_ament_install']
[0.424s] Level 1:colcon.colcon_core.package_identification:_identify(src/sllidar_ros2) by extension 'ignore'
[0.424s] Level 1:colcon.colcon_core.package_identification:_identify(src/sllidar_ros2) by extension 'ignore_ament_install'
[0.424s] Level 1:colcon.colcon_core.package_identification:_identify(src/sllidar_ros2) by extensions ['colcon_pkg']
[0.424s] Level 1:colcon.colcon_core.package_identification:_identify(src/sllidar_ros2) by extension 'colcon_pkg'
[0.424s] Level 1:colcon.colcon_core.package_identification:_identify(src/sllidar_ros2) by extensions ['colcon_meta']
[0.424s] Level 1:colcon.colcon_core.package_identification:_identify(src/sllidar_ros2) by extension 'colcon_meta'
[0.424s] Level 1:colcon.colcon_core.package_identification:_identify(src/sllidar_ros2) by extensions ['ros']
[0.424s] Level 1:colcon.colcon_core.package_identification:_identify(src/sllidar_ros2) by extension 'ros'
[0.425s] DEBUG:colcon.colcon_core.package_identification:Package 'src/sllidar_ros2' with type 'ros.ament_cmake' and name 'sllidar_ros2'
[0.425s] Level 1:colcon.colcon_core.package_identification:_identify(src/tf_manager_cpp) by extensions ['ignore', 'ignore_ament_install']
[0.425s] Level 1:colcon.colcon_core.package_identification:_identify(src/tf_manager_cpp) by extension 'ignore'
[0.425s] Level 1:colcon.colcon_core.package_identification:_identify(src/tf_manager_cpp) by extension 'ignore_ament_install'
[0.425s] Level 1:colcon.colcon_core.package_identification:_identify(src/tf_manager_cpp) by extensions ['colcon_pkg']
[0.425s] Level 1:colcon.colcon_core.package_identification:_identify(src/tf_manager_cpp) by extension 'colcon_pkg'
[0.425s] Level 1:colcon.colcon_core.package_identification:_identify(src/tf_manager_cpp) by extensions ['colcon_meta']
[0.426s] Level 1:colcon.colcon_core.package_identification:_identify(src/tf_manager_cpp) by extension 'colcon_meta'
[0.426s] Level 1:colcon.colcon_core.package_identification:_identify(src/tf_manager_cpp) by extensions ['ros']
[0.426s] Level 1:colcon.colcon_core.package_identification:_identify(src/tf_manager_cpp) by extension 'ros'
[0.428s] DEBUG:colcon.colcon_core.package_identification:Package 'src/tf_manager_cpp' with type 'ros.ament_cmake' and name 'tf_manager_cpp'
[0.428s] Level 1:colcon.colcon_core.package_discovery:discover_packages(recursive) using defaults
[0.428s] Level 1:colcon.colcon_core.package_discovery:discover_packages(ignore) discover
[0.428s] Level 1:colcon.colcon_core.package_discovery:discover_packages(ignore) using defaults
[0.428s] Level 1:colcon.colcon_core.package_discovery:discover_packages(path) discover
[0.428s] Level 1:colcon.colcon_core.package_discovery:discover_packages(path) using defaults
[0.463s] INFO:colcon.colcon_core.package_selection:Skipping not selected package 'ebimu_pkg' in 'src/ebimu_pkg'
[0.464s] INFO:colcon.colcon_core.package_selection:Skipping not selected package 'race_layer' in 'src/race_layer'
[0.464s] INFO:colcon.colcon_core.package_selection:Skipping not selected package 'sllidar_ros2' in 'src/sllidar_ros2'
[0.464s] INFO:colcon.colcon_core.package_selection:Skipping not selected package 'tf_manager_cpp' in 'src/tf_manager_cpp'
[0.464s] INFO:colcon.colcon_core.package_selection:Skipping not selected package 'sensor_layer' in 'src/sensor_layer'
[0.464s] INFO:colcon.colcon_core.package_selection:Skipping not selected package 'sim_test' in 'src/sim_test'
[0.464s] Level 1:colcon.colcon_core.package_discovery:discover_packages(prefix_path) check parameters
[0.464s] Level 1:colcon.colcon_core.package_discovery:discover_packages(prefix_path) discover
[0.467s] DEBUG:colcon.colcon_installed_package_information.package_discovery:Found 347 installed packages in /opt/ros/humble
[0.468s] Level 1:colcon.colcon_core.package_discovery:discover_packages(prefix_path) using defaults
[0.511s] Level 5:colcon.colcon_core.verb:set package 'localization_layer' build argument 'cmake_args' from command line to 'None'
[0.511s] Level 5:colcon.colcon_core.verb:set package 'localization_layer' build argument 'cmake_target' from command line to 'None'
[0.511s] Level 5:colcon.colcon_core.verb:set package 'localization_layer' build argument 'cmake_target_skip_unavailable' from command line to 'False'
[0.511s] Level 5:colcon.colcon_core.verb:set package 'localization_layer' build argument 'cmake_clean_cache' from command line to 'False'
[0.511s] Level 5:colcon.colcon_core.verb:set package 'localization_layer' build argument 'cmake_clean_first' from command line to 'False'
[0.512s] Level 5:colcon.colcon_core.verb:set package 'localization_layer' build argument 'cmake_force_configure' from command line to 'False'
[0.512s] Level 5:colcon.colcon_core.verb:set package 'localization_layer' build argument 'ament_cmake_args' from command line to 'None'
[0.512s] Level 5:colcon.colcon_core.verb:set package 'localization_layer' build argument 'catkin_cmake_args' from command line to 'None'
[0.512s] Level 5:colcon.colcon_core.verb:set package 'localization_layer' build argument 'catkin_skip_building_tests' from command line to 'False'
[0.512s] DEBUG:colcon.colcon_core.verb:Building package 'localization_layer' with the following arguments: {'ament_cmake_args': None, 'build_base': '/home/tkddn647/test/build/localization_layer', 'catkin_cmake_args': None, 'catkin_skip_building_tests': False, 'cmake_args': None, 'cmake_clean_cache': False, 'cmake_clean_first': False, 'cmake_force_configure': False, 'cmake_target': None, 'cmake_target_skip_unavailable': False, 'install_base': '/home/tkddn647/test/install/localization_layer', 'merge_install': False, 'path': '/home/tkddn647/test/src/localization_layer', 'symlink_install': False, 'test_result_base': None}
[0.512s] INFO:colcon.colcon_core.executor:Executing jobs using 'parallel' executor
[0.513s] DEBUG:colcon.colcon_parallel_executor.executor.parallel:run_until_complete
[0.513s] INFO:colcon.colcon_ros.task.ament_cmake.build:Building ROS package in '/home/tkddn647/test/src/localization_layer' with build type 'ament_cmake'
[0.514s] INFO:colcon.colcon_cmake.task.cmake.build:Building CMake package in '/home/tkddn647/test/src/localization_layer'
[0.516s] INFO:colcon.colcon_core.plugin_system:Skipping extension 'colcon_core.shell.bat': Not used on non-Windows systems
[0.516s] INFO:colcon.colcon_core.shell:Skip shell extension 'powershell' for command environment: Not usable outside of PowerShell
[0.516s] DEBUG:colcon.colcon_core.shell:Skip shell extension 'dsv' for command environment
[0.762s] DEBUG:colcon.colcon_core.event_handler.log_command:Invoking command in '/home/tkddn647/test/build/localization_layer': AMENT_PREFIX_PATH=/home/tkddn647/test/install/sensor_layer:/home/tkddn647/test/install/tf_manager_cpp:/home/tkddn647/test/install/sllidar_ros2:/home/tkddn647/test/install/ebimu_pkg:${AMENT_PREFIX_PATH} CMAKE_PREFIX_PATH=/home/tkddn647/test/install/sensor_layer:/home/tkddn647/test/install/tf_manager_cpp:/home/tkddn647/test/install/sllidar_ros2:/opt/ros/humble PYTHONPATH=/home/tkddn647/test/install/ebimu_pkg/lib/python3.10/site-packages:${PYTHONPATH} /usr/bin/cmake --build /home/tkddn647/test/build/localization_layer -- -j12 -l12
[0.819s] DEBUG:colcon.colcon_core.event_handler.log_command:Invoked command in '/home/tkddn647/test/build/localization_layer' returned '0': AMENT_PREFIX_PATH=/home/tkddn647/test/install/sensor_layer:/home/tkddn647/test/install/tf_manager_cpp:/home/tkddn647/test/install/sllidar_ros2:/home/tkddn647/test/install/ebimu_pkg:${AMENT_PREFIX_PATH} CMAKE_PREFIX_PATH=/home/tkddn647/test/install/sensor_layer:/home/tkddn647/test/install/tf_manager_cpp:/home/tkddn647/test/install/sllidar_ros2:/opt/ros/humble PYTHONPATH=/home/tkddn647/test/install/ebimu_pkg/lib/python3.10/site-packages:${PYTHONPATH} /usr/bin/cmake --build /home/tkddn647/test/build/localization_layer -- -j12 -l12
[0.832s] DEBUG:colcon.colcon_core.event_handler.log_command:Invoking command in '/home/tkddn647/test/build/localization_layer': AMENT_PREFIX_PATH=/home/tkddn647/test/install/sensor_layer:/home/tkddn647/test/install/tf_manager_cpp:/home/tkddn647/test/install/sllidar_ros2:/home/tkddn647/test/install/ebimu_pkg:${AMENT_PREFIX_PATH} CMAKE_PREFIX_PATH=/home/tkddn647/test/install/sensor_layer:/home/tkddn647/test/install/tf_manager_cpp:/home/tkddn647/test/install/sllidar_ros2:/opt/ros/humble PYTHONPATH=/home/tkddn647/test/install/ebimu_pkg/lib/python3.10/site-packages:${PYTHONPATH} /usr/bin/cmake --install /home/tkddn647/test/build/localization_layer
[0.845s] Level 1:colcon.colcon_core.environment:create_environment_scripts_only(localization_layer)
[0.852s] DEBUG:colcon.colcon_core.event_handler.log_command:Invoked command in '/home/tkddn647/test/build/localization_layer' returned '0': AMENT_PREFIX_PATH=/home/tkddn647/test/install/sensor_layer:/home/tkddn647/test/install/tf_manager_cpp:/home/tkddn647/test/install/sllidar_ros2:/home/tkddn647/test/install/ebimu_pkg:${AMENT_PREFIX_PATH} CMAKE_PREFIX_PATH=/home/tkddn647/test/install/sensor_layer:/home/tkddn647/test/install/tf_manager_cpp:/home/tkddn647/test/install/sllidar_ros2:/opt/ros/humble PYTHONPATH=/home/tkddn647/test/install/ebimu_pkg/lib/python3.10/site-packages:${PYTHONPATH} /usr/bin/cmake --install /home/tkddn647/test/build/localization_layer
[0.853s] Level 1:colcon.colcon_core.environment:checking '/home/tkddn647/test/install/localization_layer' for CMake module files
[0.854s] Level 1:colcon.colcon_core.environment:checking '/home/tkddn647/test/install/localization_layer' for CMake config files
[0.854s] Level 1:colcon.colcon_core.shell:create_environment_hook('localization_layer', 'cmake_prefix_path')
[0.854s] INFO:colcon.colcon_core.shell:Creating environment hook '/home/tkddn647/test/install/localization_layer/share/localization_layer/hook/cmake_prefix_path.ps1'
[0.855s] INFO:colcon.colcon_core.shell:Creating environment descriptor '/home/tkddn647/test/install/localization_layer/share/localization_layer/hook/cmake_prefix_path.dsv'
[0.855s] INFO:colcon.colcon_core.shell:Creating environment hook '/home/tkddn647/test/install/localization_layer/share/localization_layer/hook/cmake_prefix_path.sh'
[0.856s] Level 1:colcon.colcon_core.environment:checking '/home/tkddn647/test/install/localization_layer/lib'
[0.856s] Level 1:colcon.colcon_core.environment:checking '/home/tkddn647/test/install/localization_layer/bin'
[0.856s] Level 1:colcon.colcon_core.environment:checking '/home/tkddn647/test/install/localization_layer/lib/pkgconfig/localization_layer.pc'
[0.856s] Level 1:colcon.colcon_core.environment:checking '/home/tkddn647/test/install/localization_layer/lib/python3.10/site-packages'
[0.857s] Level 1:colcon.colcon_core.environment:checking '/home/tkddn647/test/install/localization_layer/bin'
[0.857s] INFO:colcon.colcon_core.shell:Creating package script '/home/tkddn647/test/install/localization_layer/share/localization_layer/package.ps1'
[0.858s] INFO:colcon.colcon_core.shell:Creating package descriptor '/home/tkddn647/test/install/localization_layer/share/localization_layer/package.dsv'
[0.858s] INFO:colcon.colcon_core.shell:Creating package script '/home/tkddn647/test/install/localization_layer/share/localization_layer/package.sh'
[0.859s] INFO:colcon.colcon_core.shell:Creating package script '/home/tkddn647/test/install/localization_layer/share/localization_layer/package.bash'
[0.860s] INFO:colcon.colcon_core.shell:Creating package script '/home/tkddn647/test/install/localization_layer/share/localization_layer/package.zsh'
[0.860s] Level 1:colcon.colcon_core.environment:create_file_with_runtime_dependencies(/home/tkddn647/test/install/localization_layer/share/colcon-core/packages/localization_layer)
[0.861s] Level 1:colcon.colcon_core.environment:create_environment_scripts_only(localization_layer)
[0.861s] Level 1:colcon.colcon_core.environment:checking '/home/tkddn647/test/install/localization_layer' for CMake module files
[0.861s] Level 1:colcon.colcon_core.environment:checking '/home/tkddn647/test/install/localization_layer' for CMake config files
[0.862s] Level 1:colcon.colcon_core.shell:create_environment_hook('localization_layer', 'cmake_prefix_path')
[0.862s] INFO:colcon.colcon_core.shell:Creating environment hook '/home/tkddn647/test/install/localization_layer/share/localization_layer/hook/cmake_prefix_path.ps1'
[0.862s] INFO:colcon.colcon_core.shell:Creating environment descriptor '/home/tkddn647/test/install/localization_layer/share/localization_layer/hook/cmake_prefix_path.dsv'
[0.863s] INFO:colcon.colcon_core.shell:Creating environment hook '/home/tkddn647/test/install/localization_layer/share/localization_layer/hook/cmake_prefix_path.sh'
[0.863s] Level 1:colcon.colcon_core.environment:checking '/home/tkddn647/test/install/localization_layer/lib'
[0.863s] Level 1:colcon.colcon_core.environment:checking '/home/tkddn647/test/install/localization_layer/bin'
[0.863s] Level 1:colcon.colcon_core.environment:checking '/home/tkddn647/test/install/localization_layer/lib/pkgconfig/localization_layer.pc'
[0.863s] Level 1:colcon.colcon_core.environment:checking '/home/tkddn647/test/install/localization_layer/lib/python3.10/site-packages'
[0.864s] Level 1:colcon.colcon_core.environment:checking '/home/tkddn647/test/install/localization_layer/bin'
[0.864s] INFO:colcon.colcon_core.shell:Creating package script '/home/tkddn647/test/install/localization_layer/share/localization_layer/package.ps1'
[0.864s] INFO:colcon.colcon_core.shell:Creating package descriptor '/home/tkddn647/test/install/localization_layer/share/localization_layer/package.dsv'
[0.865s] INFO:colcon.colcon_core.shell:Creating package script '/home/tkddn647/test/install/localization_layer/share/localization_layer/package.sh'
[0.865s] INFO:colcon.colcon_core.shell:Creating package script '/home/tkddn647/test/install/localization_layer/share/localization_layer/package.bash'
[0.866s] INFO:colcon.colcon_core.shell:Creating package script '/home/tkddn647/test/install/localization_layer/share/localization_layer/package.zsh'
[0.866s] Level 1:colcon.colcon_core.environment:create_file_with_runtime_dependencies(/home/tkddn647/test/install/localization_layer/share/colcon-core/packages/localization_layer)
[0.866s] DEBUG:colcon.colcon_parallel_executor.executor.parallel:closing loop
[0.867s] DEBUG:colcon.colcon_parallel_executor.executor.parallel:loop closed
[0.867s] DEBUG:colcon.colcon_parallel_executor.executor.parallel:run_until_complete finished with '0'
[0.867s] DEBUG:colcon.colcon_core.event_reactor:joining thread
[0.917s] INFO:colcon.colcon_core.plugin_system:Skipping extension 'colcon_notification.desktop_notification.notify_send': Could not find 'notify-send'
[0.917s] INFO:colcon.colcon_core.plugin_system:Skipping extension 'colcon_notification.desktop_notification.terminal_notifier': Not used on non-Darwin systems
[0.917s] INFO:colcon.colcon_core.plugin_system:Skipping extension 'colcon_notification.desktop_notification.win32': Not used on non-Windows systems
[0.917s] INFO:colcon.colcon_notification.desktop_notification:Sending desktop notification using 'notify2'
[0.917s] DEBUG:colcon.colcon_notification.desktop_notification.notify2:Failed to initialize notify2: org.freedesktop.DBus.Error.AccessDenied: Failed to connect to socket /run/user/1000/bus: Operation not permitted
[0.917s] DEBUG:colcon.colcon_core.event_reactor:joined thread
[0.918s] INFO:colcon.colcon_core.shell:Creating prefix script '/home/tkddn647/test/install/local_setup.ps1'
[0.919s] INFO:colcon.colcon_core.shell:Creating prefix util module '/home/tkddn647/test/install/_local_setup_util_ps1.py'
[0.920s] INFO:colcon.colcon_core.shell:Creating prefix chain script '/home/tkddn647/test/install/setup.ps1'
[0.921s] INFO:colcon.colcon_core.shell:Creating prefix script '/home/tkddn647/test/install/local_setup.sh'
[0.921s] INFO:colcon.colcon_core.shell:Creating prefix util module '/home/tkddn647/test/install/_local_setup_util_sh.py'
[0.922s] INFO:colcon.colcon_core.shell:Creating prefix chain script '/home/tkddn647/test/install/setup.sh'
[0.923s] INFO:colcon.colcon_core.shell:Creating prefix script '/home/tkddn647/test/install/local_setup.bash'
[0.923s] INFO:colcon.colcon_core.shell:Creating prefix chain script '/home/tkddn647/test/install/setup.bash'
[0.924s] INFO:colcon.colcon_core.shell:Creating prefix script '/home/tkddn647/test/install/local_setup.zsh'
[0.924s] INFO:colcon.colcon_core.shell:Creating prefix chain script '/home/tkddn647/test/install/setup.zsh'
