[0.012s] Invoking command in '/home/tkddn647/test/build/localization_layer': CMAKE_PREFIX_PATH=/opt/ros/humble /usr/bin/cmake --build /home/tkddn647/test/build/localization_layer -- -j12 -l12
[0.073s] Invoked command in '/home/tkddn647/test/build/localization_layer' returned '0': CMAKE_PREFIX_PATH=/opt/ros/humble /usr/bin/cmake --build /home/tkddn647/test/build/localization_layer -- -j12 -l12
[0.085s] Invoking command in '/home/tkddn647/test/build/localization_layer': CMAKE_PREFIX_PATH=/opt/ros/humble /usr/bin/cmake --install /home/tkddn647/test/build/localization_layer
[0.094s] -- Install configuration: ""
[0.094s] -- Up-to-date: /home/tkddn647/test/install/localization_layer/share/localization_layer/launch
[0.094s] -- Up-to-date: /home/tkddn647/test/install/localization_layer/share/localization_layer/launch/cartographer_fake_mapping_launch.py
[0.094s] -- Up-to-date: /home/tkddn647/test/install/localization_layer/share/localization_layer/launch/cartographer_mapping_launch.py
[0.094s] -- Up-to-date: /home/tkddn647/test/install/localization_layer/share/localization_layer/launch/__pycache__
[0.094s] -- Up-to-date: /home/tkddn647/test/install/localization_layer/share/localization_layer/launch/__pycache__/cartographer_fake_mapping_launch.cpython-310.pyc
[0.094s] -- Installing: /home/tkddn647/test/install/localization_layer/share/localization_layer/launch/__pycache__/cartographer_mapping_launch.cpython-310.pyc
[0.096s] -- Up-to-date: /home/tkddn647/test/install/localization_layer/share/localization_layer/launch/cartographer_localization_launch.py
[0.096s] -- Up-to-date: /home/tkddn647/test/install/localization_layer/share/localization_layer/config
[0.096s] -- Up-to-date: /home/tkddn647/test/install/localization_layer/share/localization_layer/config/cartographer_2d_localization.lua
[0.096s] -- Installing: /home/tkddn647/test/install/localization_layer/share/localization_layer/config/pose_graph.lua
[0.097s] -- Up-to-date: /home/tkddn647/test/install/localization_layer/share/localization_layer/config/trajectory_builder.lua
[0.097s] -- Up-to-date: /home/tkddn647/test/install/localization_layer/share/localization_layer/config/map_builder.lua
[0.097s] -- Installing: /home/tkddn647/test/install/localization_layer/share/localization_layer/config/cartographer_2d_mapping.lua
[0.097s] -- Up-to-date: /home/tkddn647/test/install/localization_layer/lib/localization_layer/map_auto_saver.py
[0.097s] -- Up-to-date: /home/tkddn647/test/install/localization_layer/lib/localization_layer/fake_sensor_publisher.py
[0.097s] -- Up-to-date: /home/tkddn647/test/install/localization_layer/share/ament_index/resource_index/package_run_dependencies/localization_layer
[0.098s] -- Up-to-date: /home/tkddn647/test/install/localization_layer/share/ament_index/resource_index/parent_prefix_path/localization_layer
[0.098s] -- Up-to-date: /home/tkddn647/test/install/localization_layer/share/localization_layer/environment/ament_prefix_path.sh
[0.098s] -- Up-to-date: /home/tkddn647/test/install/localization_layer/share/localization_layer/environment/ament_prefix_path.dsv
[0.098s] -- Up-to-date: /home/tkddn647/test/install/localization_layer/share/localization_layer/environment/path.sh
[0.098s] -- Up-to-date: /home/tkddn647/test/install/localization_layer/share/localization_layer/environment/path.dsv
[0.098s] -- Up-to-date: /home/tkddn647/test/install/localization_layer/share/localization_layer/local_setup.bash
[0.098s] -- Up-to-date: /home/tkddn647/test/install/localization_layer/share/localization_layer/local_setup.sh
[0.098s] -- Up-to-date: /home/tkddn647/test/install/localization_layer/share/localization_layer/local_setup.zsh
[0.098s] -- Up-to-date: /home/tkddn647/test/install/localization_layer/share/localization_layer/local_setup.dsv
[0.098s] -- Installing: /home/tkddn647/test/install/localization_layer/share/localization_layer/package.dsv
[0.098s] -- Up-to-date: /home/tkddn647/test/install/localization_layer/share/ament_index/resource_index/packages/localization_layer
[0.098s] -- Up-to-date: /home/tkddn647/test/install/localization_layer/share/localization_layer/cmake/localization_layerConfig.cmake
[0.098s] -- Up-to-date: /home/tkddn647/test/install/localization_layer/share/localization_layer/cmake/localization_layerConfig-version.cmake
[0.098s] -- Up-to-date: /home/tkddn647/test/install/localization_layer/share/localization_layer/package.xml
[30.017s] Invoked command in '/home/tkddn647/test/build/localization_layer' returned '0': CMAKE_PREFIX_PATH=/opt/ros/humble /usr/bin/cmake --install /home/tkddn647/test/build/localization_layer
