[35m[1mConsolidate compiler generated dependencies of target wheel_odom_tf[0m
[ 50%] Built target sensor_static_tf
[100%] Built target wheel_odom_tf
-- Install configuration: ""
-- Up-to-date: /home/tkddn647/test/install/tf_manager_cpp/lib/tf_manager_cpp/sensor_static_tf
-- Up-to-date: /home/tkddn647/test/install/tf_manager_cpp/lib/tf_manager_cpp/wheel_odom_tf
-- Up-to-date: /home/tkddn647/test/install/tf_manager_cpp/share/tf_manager_cpp/launch
-- Up-to-date: /home/tkddn647/test/install/tf_manager_cpp/share/tf_manager_cpp/launch/tf_manager.launch.py
-- Up-to-date: /home/tkddn647/test/install/tf_manager_cpp/share/ament_index/resource_index/package_run_dependencies/tf_manager_cpp
-- Up-to-date: /home/tkddn647/test/install/tf_manager_cpp/share/ament_index/resource_index/parent_prefix_path/tf_manager_cpp
-- Up-to-date: /home/tkddn647/test/install/tf_manager_cpp/share/tf_manager_cpp/environment/ament_prefix_path.sh
-- Up-to-date: /home/tkddn647/test/install/tf_manager_cpp/share/tf_manager_cpp/environment/ament_prefix_path.dsv
-- Up-to-date: /home/tkddn647/test/install/tf_manager_cpp/share/tf_manager_cpp/environment/path.sh
-- Up-to-date: /home/tkddn647/test/install/tf_manager_cpp/share/tf_manager_cpp/environment/path.dsv
-- Up-to-date: /home/tkddn647/test/install/tf_manager_cpp/share/tf_manager_cpp/local_setup.bash
-- Up-to-date: /home/tkddn647/test/install/tf_manager_cpp/share/tf_manager_cpp/local_setup.sh
-- Up-to-date: /home/tkddn647/test/install/tf_manager_cpp/share/tf_manager_cpp/local_setup.zsh
-- Up-to-date: /home/tkddn647/test/install/tf_manager_cpp/share/tf_manager_cpp/local_setup.dsv
-- Installing: /home/tkddn647/test/install/tf_manager_cpp/share/tf_manager_cpp/package.dsv
-- Up-to-date: /home/tkddn647/test/install/tf_manager_cpp/share/ament_index/resource_index/packages/tf_manager_cpp
-- Up-to-date: /home/tkddn647/test/install/tf_manager_cpp/share/tf_manager_cpp/cmake/tf_manager_cppConfig.cmake
-- Up-to-date: /home/tkddn647/test/install/tf_manager_cpp/share/tf_manager_cpp/cmake/tf_manager_cppConfig-version.cmake
-- Up-to-date: /home/tkddn647/test/install/tf_manager_cpp/share/tf_manager_cpp/package.xml
