[INFO] [1772433225.966286495] [cartographer logger]: I0302 15:33:45.000000 21415 configuration_file_resolver.cc:41] Found '/home/tkddn647/test/install/localization_layer/share/localization_layer/config/cartographer_2d_mapping_lidar_only.lua' for 'cartographer_2d_mapping_lidar_only.lua'.
[INFO] [1772433225.966883760] [cartographer logger]: I0302 15:33:45.000000 21415 configuration_file_resolver.cc:41] Found '/home/tkddn647/test/install/localization_layer/share/localization_layer/config/map_builder_mapping.lua' for 'map_builder_mapping.lua'.
[INFO] [1772433225.966916757] [cartographer logger]: I0302 15:33:45.000000 21415 configuration_file_resolver.cc:41] Found '/home/tkddn647/test/install/localization_layer/share/localization_layer/config/map_builder_mapping.lua' for 'map_builder_mapping.lua'.
[INFO] [1772433225.966972435] [cartographer logger]: I0302 15:33:45.000000 21415 configuration_file_resolver.cc:41] Found '/home/tkddn647/test/install/localization_layer/share/localization_layer/config/pose_graph_mapping.lua' for 'pose_graph_mapping.lua'.
[INFO] [1772433225.966992957] [cartographer logger]: I0302 15:33:45.000000 21415 configuration_file_resolver.cc:41] Found '/home/tkddn647/test/install/localization_layer/share/localization_layer/config/pose_graph_mapping.lua' for 'pose_graph_mapping.lua'.
[INFO] [1772433225.967138854] [cartographer logger]: I0302 15:33:45.000000 21415 configuration_file_resolver.cc:41] Found '/home/tkddn647/test/install/localization_layer/share/localization_layer/config/trajectory_builder.lua' for 'trajectory_builder.lua'.
[INFO] [1772433225.967160951] [cartographer logger]: I0302 15:33:45.000000 21415 configuration_file_resolver.cc:41] Found '/home/tkddn647/test/install/localization_layer/share/localization_layer/config/trajectory_builder.lua' for 'trajectory_builder.lua'.
[INFO] [1772433225.967214634] [cartographer logger]: I0302 15:33:45.000000 21415 configuration_file_resolver.cc:41] Found '/opt/ros/humble/share/cartographer/configuration_files/trajectory_builder_2d.lua' for 'trajectory_builder_2d.lua'.
[INFO] [1772433225.967238870] [cartographer logger]: I0302 15:33:45.000000 21415 configuration_file_resolver.cc:41] Found '/opt/ros/humble/share/cartographer/configuration_files/trajectory_builder_2d.lua' for 'trajectory_builder_2d.lua'.
[INFO] [1772433225.967388481] [cartographer logger]: I0302 15:33:45.000000 21415 configuration_file_resolver.cc:41] Found '/opt/ros/humble/share/cartographer/configuration_files/trajectory_builder_3d.lua' for 'trajectory_builder_3d.lua'.
[INFO] [1772433225.967429623] [cartographer logger]: I0302 15:33:45.000000 21415 configuration_file_resolver.cc:41] Found '/opt/ros/humble/share/cartographer/configuration_files/trajectory_builder_3d.lua' for 'trajectory_builder_3d.lua'.
[INFO] [1772433225.988208698] [cartographer logger]: I0302 15:33:45.000000 21415 map_builder_bridge.cpp:136] Added trajectory with ID '0'.
[INFO] [1772433226.483329931] [cartographer logger]: I0302 15:33:46.000000 21415 ordered_multi_queue.cc:172] All sensor data for trajectory 0 is available starting at '639080300263846680'.
[WARN] [1772433226.484790024] [cartographer logger]: W0302 15:33:46.000000 21415 pose_extrapolator.cc:168] Queue too short for velocity estimation. Queue duration: 0 s
[WARN] [1772433226.486184355] [cartographer logger]: W0302 15:33:46.000000 21415 fixed_ratio_sampler.cc:26] FixedRatioSampler is dropping all data.
[INFO] [1772433226.486224416] [cartographer logger]: I0302 15:33:46.000000 21415 pose_graph_2d.cc:148] Inserted submap (0, 0).
[WARN] [1772433226.486285539] [cartographer logger]: W0302 15:33:46.000000 21415 sensor_bridge.cpp:211] Ignored subdivision of a LaserScan message from sensor scan because previous subdivision time 639080300263846680 is not before current subdivision time 639080300263846680
[WARN] [1772433226.591728038] [cartographer logger]: W0302 15:33:46.000000 21415 sensor_bridge.cpp:211] Ignored subdivision of a LaserScan message from sensor scan because previous subdivision time 639080300264831577 is not before current subdivision time 639080300264831577
[WARN] [1772433226.692087872] [cartographer logger]: W0302 15:33:46.000000 21415 sensor_bridge.cpp:211] Ignored subdivision of a LaserScan message from sensor scan because previous subdivision time 639080300265851746 is not before current subdivision time 639080300265851746
[WARN] [1772433226.793945941] [cartographer logger]: W0302 15:33:46.000000 21415 sensor_bridge.cpp:211] Ignored subdivision of a LaserScan message from sensor scan because previous subdivision time 639080300266850508 is not before current subdivision time 639080300266850508
[WARN] [1772433226.894742672] [cartographer logger]: W0302 15:33:46.000000 21415 sensor_bridge.cpp:211] Ignored subdivision of a LaserScan message from sensor scan because previous subdivision time 639080300267873654 is not before current subdivision time 639080300267873654
[WARN] [1772433226.995378351] [cartographer logger]: W0302 15:33:46.000000 21415 sensor_bridge.cpp:211] Ignored subdivision of a LaserScan message from sensor scan because previous subdivision time 639080300268882656 is not before current subdivision time 639080300268882656
[WARN] [1772433227.098911362] [cartographer logger]: W0302 15:33:47.000000 21415 sensor_bridge.cpp:211] Ignored subdivision of a LaserScan message from sensor scan because previous subdivision time 639080300269891077 is not before current subdivision time 639080300269891077
[WARN] [1772433227.200841035] [cartographer logger]: W0302 15:33:47.000000 21415 sensor_bridge.cpp:211] Ignored subdivision of a LaserScan message from sensor scan because previous subdivision time 639080300270917433 is not before current subdivision time 639080300270917433
[WARN] [1772433227.300576603] [cartographer logger]: W0302 15:33:47.000000 21415 sensor_bridge.cpp:211] Ignored subdivision of a LaserScan message from sensor scan because previous subdivision time 639080300271951941 is not before current subdivision time 639080300271951941
[WARN] [1772433227.397770243] [cartographer logger]: W0302 15:33:47.000000 21415 sensor_bridge.cpp:211] Ignored subdivision of a LaserScan message from sensor scan because previous subdivision time 639080300272931070 is not before current subdivision time 639080300272931070
[WARN] [1772433227.496984270] [cartographer logger]: W0302 15:33:47.000000 21415 sensor_bridge.cpp:211] Ignored subdivision of a LaserScan message from sensor scan because previous subdivision time 639080300273906835 is not before current subdivision time 639080300273906835
[WARN] [1772433227.595259889] [cartographer logger]: W0302 15:33:47.000000 21415 sensor_bridge.cpp:211] Ignored subdivision of a LaserScan message from sensor scan because previous subdivision time 639080300274897174 is not before current subdivision time 639080300274897174
[WARN] [1772433227.693103641] [cartographer logger]: W0302 15:33:47.000000 21415 sensor_bridge.cpp:211] Ignored subdivision of a LaserScan message from sensor scan because previous subdivision time 639080300275875228 is not before current subdivision time 639080300275875228
[WARN] [1772433227.795037750] [cartographer logger]: W0302 15:33:47.000000 21415 sensor_bridge.cpp:211] Ignored subdivision of a LaserScan message from sensor scan because previous subdivision time 639080300276853475 is not before current subdivision time 639080300276853475
[WARN] [1772433233.772361089] [cartographer logger]: W0302 15:33:53.000000 21415 sensor_bridge.cpp:211] Ignored subdivision of a LaserScan message from sensor scan because previous subdivision time 639080300277877203 is not before current subdivision time 639080300277877203
[WARN] [1772433233.876524967] [cartographer logger]: W0302 15:33:53.000000 21415 sensor_bridge.cpp:211] Ignored subdivision of a LaserScan message from sensor scan because previous subdivision time 639080300337658163 is not before current subdivision time 639080300337658163
[WARN] [1772433233.987347954] [cartographer logger]: W0302 15:33:53.000000 21415 sensor_bridge.cpp:211] Ignored subdivision of a LaserScan message from sensor scan because previous subdivision time 639080300338689106 is not before current subdivision time 639080300338689106
[WARN] [1772433227.731466447] [cartographer logger]: W0302 15:33:47.000000 21415 sensor_bridge.cpp:211] Ignored subdivision of a LaserScan message from sensor scan because previous subdivision time 639080300339801216 is not before current subdivision time 639080300339801216
[WARN] [1772433234.093280412] [cartographer logger]: W0302 15:33:54.000000 21415 sensor_bridge.cpp:211] Ignored subdivision of a LaserScan message from sensor scan because previous subdivision time 639080300339851271 is not before current subdivision time 639080300339851271
[WARN] [1772433234.193680219] [cartographer logger]: W0302 15:33:54.000000 21415 sensor_bridge.cpp:211] Ignored subdivision of a LaserScan message from sensor scan because previous subdivision time 639080300340872475 is not before current subdivision time 639080300340872475
[WARN] [1772433234.297639632] [cartographer logger]: W0302 15:33:54.000000 21415 sensor_bridge.cpp:211] Ignored subdivision of a LaserScan message from sensor scan because previous subdivision time 639080300341873552 is not before current subdivision time 639080300341873552
[WARN] [1772433234.404230814] [cartographer logger]: W0302 15:33:54.000000 21415 sensor_bridge.cpp:211] Ignored subdivision of a LaserScan message from sensor scan because previous subdivision time 639080300342905121 is not before current subdivision time 639080300342905121
[WARN] [1772433234.505554396] [cartographer logger]: W0302 15:33:54.000000 21415 sensor_bridge.cpp:211] Ignored subdivision of a LaserScan message from sensor scan because previous subdivision time 639080300343974989 is not before current subdivision time 639080300343974989
[WARN] [1772433234.608317616] [cartographer logger]: W0302 15:33:54.000000 21415 sensor_bridge.cpp:211] Ignored subdivision of a LaserScan message from sensor scan because previous subdivision time 639080300344992128 is not before current subdivision time 639080300344992128
[WARN] [1772433234.710468296] [cartographer logger]: W0302 15:33:54.000000 21415 sensor_bridge.cpp:211] Ignored subdivision of a LaserScan message from sensor scan because previous subdivision time 639080300346013609 is not before current subdivision time 639080300346013609
[WARN] [1772433234.813103992] [cartographer logger]: W0302 15:33:54.000000 21415 sensor_bridge.cpp:211] Ignored subdivision of a LaserScan message from sensor scan because previous subdivision time 639080300347027181 is not before current subdivision time 639080300347027181
[WARN] [1772433234.919615894] [cartographer logger]: W0302 15:33:54.000000 21415 sensor_bridge.cpp:211] Ignored subdivision of a LaserScan message from sensor scan because previous subdivision time 639080300348065518 is not before current subdivision time 639080300348065518
[WARN] [1772433235.024406400] [cartographer logger]: W0302 15:33:55.000000 21415 sensor_bridge.cpp:211] Ignored subdivision of a LaserScan message from sensor scan because previous subdivision time 639080300349107015 is not before current subdivision time 639080300349107015
[WARN] [1772433235.127214825] [cartographer logger]: W0302 15:33:55.000000 21415 sensor_bridge.cpp:211] Ignored subdivision of a LaserScan message from sensor scan because previous subdivision time 639080300350173243 is not before current subdivision time 639080300350173243
[WARN] [1772433235.228689098] [cartographer logger]: W0302 15:33:55.000000 21415 sensor_bridge.cpp:211] Ignored subdivision of a LaserScan message from sensor scan because previous subdivision time 639080300351203373 is not before current subdivision time 639080300351203373
[WARN] [1772433235.330044049] [cartographer logger]: W0302 15:33:55.000000 21415 sensor_bridge.cpp:211] Ignored subdivision of a LaserScan message from sensor scan because previous subdivision time 639080300352214777 is not before current subdivision time 639080300352214777
[WARN] [1772433235.433027978] [cartographer logger]: W0302 15:33:55.000000 21415 sensor_bridge.cpp:211] Ignored subdivision of a LaserScan message from sensor scan because previous subdivision time 639080300353238903 is not before current subdivision time 639080300353238903
[WARN] [1772433235.534697908] [cartographer logger]: W0302 15:33:55.000000 21415 sensor_bridge.cpp:211] Ignored subdivision of a LaserScan message from sensor scan because previous subdivision time 639080300354276118 is not before current subdivision time 639080300354276118
[WARN] [1772433235.640143933] [cartographer logger]: W0302 15:33:55.000000 21415 sensor_bridge.cpp:211] Ignored subdivision of a LaserScan message from sensor scan because previous subdivision time 639080300355283372 is not before current subdivision time 639080300355283372
[WARN] [1772433235.746553233] [cartographer logger]: W0302 15:33:55.000000 21415 sensor_bridge.cpp:211] Ignored subdivision of a LaserScan message from sensor scan because previous subdivision time 639080300356330638 is not before current subdivision time 639080300356330638
[WARN] [1772433235.845928697] [cartographer logger]: W0302 15:33:55.000000 21415 sensor_bridge.cpp:211] Ignored subdivision of a LaserScan message from sensor scan because previous subdivision time 639080300357403410 is not before current subdivision time 639080300357403410
[WARN] [1772433235.947991061] [cartographer logger]: W0302 15:33:55.000000 21415 sensor_bridge.cpp:211] Ignored subdivision of a LaserScan message from sensor scan because previous subdivision time 639080300358402855 is not before current subdivision time 639080300358402855
[WARN] [1772433236.048056366] [cartographer logger]: W0302 15:33:56.000000 21415 sensor_bridge.cpp:211] Ignored subdivision of a LaserScan message from sensor scan because previous subdivision time 639080300359412295 is not before current subdivision time 639080300359412295
[WARN] [1772433236.154319156] [cartographer logger]: W0302 15:33:56.000000 21415 sensor_bridge.cpp:211] Ignored subdivision of a LaserScan message from sensor scan because previous subdivision time 639080300360408537 is not before current subdivision time 639080300360408537
[WARN] [1772433236.258368832] [cartographer logger]: W0302 15:33:56.000000 21415 sensor_bridge.cpp:211] Ignored subdivision of a LaserScan message from sensor scan because previous subdivision time 639080300361482640 is not before current subdivision time 639080300361482640
[WARN] [1772433236.358351348] [cartographer logger]: W0302 15:33:56.000000 21415 sensor_bridge.cpp:211] Ignored subdivision of a LaserScan message from sensor scan because previous subdivision time 639080300362517997 is not before current subdivision time 639080300362517997
[WARN] [1772433236.462169568] [cartographer logger]: W0302 15:33:56.000000 21415 sensor_bridge.cpp:211] Ignored subdivision of a LaserScan message from sensor scan because previous subdivision time 639080300363517860 is not before current subdivision time 639080300363517860
[WARN] [1772433236.565463788] [cartographer logger]: W0302 15:33:56.000000 21415 sensor_bridge.cpp:211] Ignored subdivision of a LaserScan message from sensor scan because previous subdivision time 639080300364563483 is not before current subdivision time 639080300364563483
[WARN] [1772433236.672624842] [cartographer logger]: W0302 15:33:56.000000 21415 sensor_bridge.cpp:211] Ignored subdivision of a LaserScan message from sensor scan because previous subdivision time 639080300365584800 is not before current subdivision time 639080300365584800
[WARN] [1772433236.774559938] [cartographer logger]: W0302 15:33:56.000000 21415 sensor_bridge.cpp:211] Ignored subdivision of a LaserScan message from sensor scan because previous subdivision time 639080300366665360 is not before current subdivision time 639080300366665360
[WARN] [1772433236.877288953] [cartographer logger]: W0302 15:33:56.000000 21415 sensor_bridge.cpp:211] Ignored subdivision of a LaserScan message from sensor scan because previous subdivision time 639080300367680607 is not before current subdivision time 639080300367680607
[WARN] [1772433236.979190994] [cartographer logger]: W0302 15:33:56.000000 21415 sensor_bridge.cpp:211] Ignored subdivision of a LaserScan message from sensor scan because previous subdivision time 639080300368695928 is not before current subdivision time 639080300368695928
[WARN] [1772433237.085057190] [cartographer logger]: W0302 15:33:57.000000 21415 sensor_bridge.cpp:211] Ignored subdivision of a LaserScan message from sensor scan because previous subdivision time 639080300369732136 is not before current subdivision time 639080300369732136
[WARN] [1772433237.191623771] [cartographer logger]: W0302 15:33:57.000000 21415 sensor_bridge.cpp:211] Ignored subdivision of a LaserScan message from sensor scan because previous subdivision time 639080300370788641 is not before current subdivision time 639080300370788641
[WARN] [1772433237.294440433] [cartographer logger]: W0302 15:33:57.000000 21415 sensor_bridge.cpp:211] Ignored subdivision of a LaserScan message from sensor scan because previous subdivision time 639080300371836308 is not before current subdivision time 639080300371836308
[WARN] [1772433237.397948995] [cartographer logger]: W0302 15:33:57.000000 21415 sensor_bridge.cpp:211] Ignored subdivision of a LaserScan message from sensor scan because previous subdivision time 639080300372870820 is not before current subdivision time 639080300372870820
[WARN] [1772433237.500376537] [cartographer logger]: W0302 15:33:57.000000 21415 sensor_bridge.cpp:211] Ignored subdivision of a LaserScan message from sensor scan because previous subdivision time 639080300373906065 is not before current subdivision time 639080300373906065
[WARN] [1772433237.606162057] [cartographer logger]: W0302 15:33:57.000000 21415 sensor_bridge.cpp:211] Ignored subdivision of a LaserScan message from sensor scan because previous subdivision time 639080300374926557 is not before current subdivision time 639080300374926557
[WARN] [1772433237.708421240] [cartographer logger]: W0302 15:33:57.000000 21415 sensor_bridge.cpp:211] Ignored subdivision of a LaserScan message from sensor scan because previous subdivision time 639080300376000784 is not before current subdivision time 639080300376000784
[WARN] [1772433243.705549113] [cartographer logger]: W0302 15:34:03.000000 21415 sensor_bridge.cpp:211] Ignored subdivision of a LaserScan message from sensor scan because previous subdivision time 639080300377017409 is not before current subdivision time 639080300377017409
[WARN] [1772433243.808163662] [cartographer logger]: W0302 15:34:03.000000 21415 sensor_bridge.cpp:211] Ignored subdivision of a LaserScan message from sensor scan because previous subdivision time 639080300378050228 is not before current subdivision time 639080300378050228
[WARN] [1772433243.910465420] [cartographer logger]: W0302 15:34:03.000000 21415 sensor_bridge.cpp:211] Ignored subdivision of a LaserScan message from sensor scan because previous subdivision time 639080300438016237 is not before current subdivision time 639080300438016237
[WARN] [1772433244.016049417] [cartographer logger]: W0302 15:34:04.000000 21415 sensor_bridge.cpp:211] Ignored subdivision of a LaserScan message from sensor scan because previous subdivision time 639080300439042060 is not before current subdivision time 639080300439042060
[WARN] [1772433237.718337761] [cartographer logger]: W0302 15:33:57.000000 21415 sensor_bridge.cpp:211] Ignored subdivision of a LaserScan message from sensor scan because previous subdivision time 639080300440081209 is not before current subdivision time 639080300440081209
[INFO] [1772433244.105311129] [cartographer logger]: I0302 15:34:04.000000 21415 collated_trajectory_builder.cc:81] scan rate: 4.09 Hz 2.45e-01 s +/- 9.21e-01 s (pulsed at 91.33% real time)
[WARN] [1772433244.112847358] [cartographer logger]: W0302 15:34:04.000000 21415 sensor_bridge.cpp:211] Ignored subdivision of a LaserScan message from sensor scan because previous subdivision time 639080300440096600 is not before current subdivision time 639080300440096600
[WARN] [1772433244.212929904] [cartographer logger]: W0302 15:34:04.000000 21415 sensor_bridge.cpp:211] Ignored subdivision of a LaserScan message from sensor scan because previous subdivision time 639080300441057084 is not before current subdivision time 639080300441057084
[WARN] [1772433244.321808443] [cartographer logger]: W0302 15:34:04.000000 21415 sensor_bridge.cpp:211] Ignored subdivision of a LaserScan message from sensor scan because previous subdivision time 639080300442069472 is not before current subdivision time 639080300442069472
[WARN] [1772433244.427309695] [cartographer logger]: W0302 15:34:04.000000 21415 sensor_bridge.cpp:211] Ignored subdivision of a LaserScan message from sensor scan because previous subdivision time 639080300443152068 is not before current subdivision time 639080300443152068
[WARN] [1772433244.533706098] [cartographer logger]: W0302 15:34:04.000000 21415 sensor_bridge.cpp:211] Ignored subdivision of a LaserScan message from sensor scan because previous subdivision time 639080300444210020 is not before current subdivision time 639080300444210020
[WARN] [1772433244.634921521] [cartographer logger]: W0302 15:34:04.000000 21415 sensor_bridge.cpp:211] Ignored subdivision of a LaserScan message from sensor scan because previous subdivision time 639080300445265510 is not before current subdivision time 639080300445265510
[WARN] [1772433244.738570864] [cartographer logger]: W0302 15:34:04.000000 21415 sensor_bridge.cpp:211] Ignored subdivision of a LaserScan message from sensor scan because previous subdivision time 639080300446285522 is not before current subdivision time 639080300446285522
[WARN] [1772433244.843379918] [cartographer logger]: W0302 15:34:04.000000 21415 sensor_bridge.cpp:211] Ignored subdivision of a LaserScan message from sensor scan because previous subdivision time 639080300447310696 is not before current subdivision time 639080300447310696
[WARN] [1772433244.947544766] [cartographer logger]: W0302 15:34:04.000000 21415 sensor_bridge.cpp:211] Ignored subdivision of a LaserScan message from sensor scan because previous subdivision time 639080300448357995 is not before current subdivision time 639080300448357995
[WARN] [1772433245.051107895] [cartographer logger]: W0302 15:34:05.000000 21415 sensor_bridge.cpp:211] Ignored subdivision of a LaserScan message from sensor scan because previous subdivision time 639080300449398460 is not before current subdivision time 639080300449398460
[WARN] [1772433245.158905010] [cartographer logger]: W0302 15:34:05.000000 21415 sensor_bridge.cpp:211] Ignored subdivision of a LaserScan message from sensor scan because previous subdivision time 639080300450436848 is not before current subdivision time 639080300450436848
[WARN] [1772433245.268678448] [cartographer logger]: W0302 15:34:05.000000 21415 sensor_bridge.cpp:211] Ignored subdivision of a LaserScan message from sensor scan because previous subdivision time 639080300451519767 is not before current subdivision time 639080300451519767
[WARN] [1772433245.373670306] [cartographer logger]: W0302 15:34:05.000000 21415 sensor_bridge.cpp:211] Ignored subdivision of a LaserScan message from sensor scan because previous subdivision time 639080300452621364 is not before current subdivision time 639080300452621364
[WARN] [1772433245.475604889] [cartographer logger]: W0302 15:34:05.000000 21415 sensor_bridge.cpp:211] Ignored subdivision of a LaserScan message from sensor scan because previous subdivision time 639080300453662605 is not before current subdivision time 639080300453662605
[WARN] [1772433245.578814955] [cartographer logger]: W0302 15:34:05.000000 21415 sensor_bridge.cpp:211] Ignored subdivision of a LaserScan message from sensor scan because previous subdivision time 639080300454693720 is not before current subdivision time 639080300454693720
[WARN] [1772433245.679037982] [cartographer logger]: W0302 15:34:05.000000 21415 sensor_bridge.cpp:211] Ignored subdivision of a LaserScan message from sensor scan because previous subdivision time 639080300455714394 is not before current subdivision time 639080300455714394
[WARN] [1772433245.780746522] [cartographer logger]: W0302 15:34:05.000000 21415 sensor_bridge.cpp:211] Ignored subdivision of a LaserScan message from sensor scan because previous subdivision time 639080300456728191 is not before current subdivision time 639080300456728191
[WARN] [1772433245.888840897] [cartographer logger]: W0302 15:34:05.000000 21415 sensor_bridge.cpp:211] Ignored subdivision of a LaserScan message from sensor scan because previous subdivision time 639080300457736412 is not before current subdivision time 639080300457736412
[WARN] [1772433245.992834161] [cartographer logger]: W0302 15:34:05.000000 21415 sensor_bridge.cpp:211] Ignored subdivision of a LaserScan message from sensor scan because previous subdivision time 639080300458808606 is not before current subdivision time 639080300458808606
[WARN] [1772433246.095899018] [cartographer logger]: W0302 15:34:06.000000 21415 sensor_bridge.cpp:211] Ignored subdivision of a LaserScan message from sensor scan because previous subdivision time 639080300459862391 is not before current subdivision time 639080300459862391
[WARN] [1772433246.200483162] [cartographer logger]: W0302 15:34:06.000000 21415 sensor_bridge.cpp:211] Ignored subdivision of a LaserScan message from sensor scan because previous subdivision time 639080300460895823 is not before current subdivision time 639080300460895823
[WARN] [1772433246.303404765] [cartographer logger]: W0302 15:34:06.000000 21415 sensor_bridge.cpp:211] Ignored subdivision of a LaserScan message from sensor scan because previous subdivision time 639080300461936375 is not before current subdivision time 639080300461936375
[WARN] [1772433246.411608164] [cartographer logger]: W0302 15:34:06.000000 21415 sensor_bridge.cpp:211] Ignored subdivision of a LaserScan message from sensor scan because previous subdivision time 639080300462968450 is not before current subdivision time 639080300462968450
[WARN] [1772433246.515120858] [cartographer logger]: W0302 15:34:06.000000 21415 sensor_bridge.cpp:211] Ignored subdivision of a LaserScan message from sensor scan because previous subdivision time 639080300464045134 is not before current subdivision time 639080300464045134
[WARN] [1772433246.618934805] [cartographer logger]: W0302 15:34:06.000000 21415 sensor_bridge.cpp:211] Ignored subdivision of a LaserScan message from sensor scan because previous subdivision time 639080300465072553 is not before current subdivision time 639080300465072553
[WARN] [1772433246.722264034] [cartographer logger]: W0302 15:34:06.000000 21415 sensor_bridge.cpp:211] Ignored subdivision of a LaserScan message from sensor scan because previous subdivision time 639080300466110311 is not before current subdivision time 639080300466110311
[WARN] [1772433246.825426915] [cartographer logger]: W0302 15:34:06.000000 21415 sensor_bridge.cpp:211] Ignored subdivision of a LaserScan message from sensor scan because previous subdivision time 639080300467134497 is not before current subdivision time 639080300467134497
[WARN] [1772433246.927545018] [cartographer logger]: W0302 15:34:06.000000 21415 sensor_bridge.cpp:211] Ignored subdivision of a LaserScan message from sensor scan because previous subdivision time 639080300468178669 is not before current subdivision time 639080300468178669
[WARN] [1772433247.032228572] [cartographer logger]: W0302 15:34:07.000000 21415 sensor_bridge.cpp:211] Ignored subdivision of a LaserScan message from sensor scan because previous subdivision time 639080300469204504 is not before current subdivision time 639080300469204504
[WARN] [1772433247.131626805] [cartographer logger]: W0302 15:34:07.000000 21415 sensor_bridge.cpp:211] Ignored subdivision of a LaserScan message from sensor scan because previous subdivision time 639080300470225411 is not before current subdivision time 639080300470225411
[WARN] [1772433247.239549353] [cartographer logger]: W0302 15:34:07.000000 21415 sensor_bridge.cpp:211] Ignored subdivision of a LaserScan message from sensor scan because previous subdivision time 639080300471255333 is not before current subdivision time 639080300471255333
[WARN] [1772433247.348554226] [cartographer logger]: W0302 15:34:07.000000 21415 sensor_bridge.cpp:211] Ignored subdivision of a LaserScan message from sensor scan because previous subdivision time 639080300472324245 is not before current subdivision time 639080300472324245
[WARN] [1772433247.457933712] [cartographer logger]: W0302 15:34:07.000000 21415 sensor_bridge.cpp:211] Ignored subdivision of a LaserScan message from sensor scan because previous subdivision time 639080300473413246 is not before current subdivision time 639080300473413246
[WARN] [1772433247.561278868] [cartographer logger]: W0302 15:34:07.000000 21415 sensor_bridge.cpp:211] Ignored subdivision of a LaserScan message from sensor scan because previous subdivision time 639080300474515359 is not before current subdivision time 639080300474515359
[WARN] [1772433247.663896008] [cartographer logger]: W0302 15:34:07.000000 21415 sensor_bridge.cpp:211] Ignored subdivision of a LaserScan message from sensor scan because previous subdivision time 639080300475539391 is not before current subdivision time 639080300475539391
[WARN] [1772433247.766347835] [cartographer logger]: W0302 15:34:07.000000 21415 sensor_bridge.cpp:211] Ignored subdivision of a LaserScan message from sensor scan because previous subdivision time 639080300476565958 is not before current subdivision time 639080300476565958
[WARN] [1772433253.718862781] [cartographer logger]: W0302 15:34:13.000000 21415 sensor_bridge.cpp:211] Ignored subdivision of a LaserScan message from sensor scan because previous subdivision time 639080300477590734 is not before current subdivision time 639080300477590734
[WARN] [1772433253.825725386] [cartographer logger]: W0302 15:34:13.000000 21415 sensor_bridge.cpp:211] Ignored subdivision of a LaserScan message from sensor scan because previous subdivision time 639080300478621586 is not before current subdivision time 639080300478621586
[WARN] [1772433253.931168499] [cartographer logger]: W0302 15:34:13.000000 21415 sensor_bridge.cpp:211] Ignored subdivision of a LaserScan message from sensor scan because previous subdivision time 639080300538190139 is not before current subdivision time 639080300538190139
[WARN] [1772433247.685342215] [cartographer logger]: W0302 15:34:07.000000 21415 sensor_bridge.cpp:211] Ignored subdivision of a LaserScan message from sensor scan because previous subdivision time 639080300539238505 is not before current subdivision time 639080300539238505
[WARN] [1772433247.795629224] [cartographer logger]: W0302 15:34:07.000000 21415 sensor_bridge.cpp:211] Ignored subdivision of a LaserScan message from sensor scan because previous subdivision time 639080300540300828 is not before current subdivision time 639080300540300828
[WARN] [1772433254.140866986] [cartographer logger]: W0302 15:34:14.000000 21415 sensor_bridge.cpp:211] Ignored subdivision of a LaserScan message from sensor scan because previous subdivision time 639080300540348672 is not before current subdivision time 639080300540348672
[WARN] [1772433254.241043431] [cartographer logger]: W0302 15:34:14.000000 21415 sensor_bridge.cpp:211] Ignored subdivision of a LaserScan message from sensor scan because previous subdivision time 639080300541331537 is not before current subdivision time 639080300541331537
[WARN] [1772433254.345115118] [cartographer logger]: W0302 15:34:14.000000 21415 sensor_bridge.cpp:211] Ignored subdivision of a LaserScan message from sensor scan because previous subdivision time 639080300542345829 is not before current subdivision time 639080300542345829
[WARN] [1772433254.447313174] [cartographer logger]: W0302 15:34:14.000000 21415 sensor_bridge.cpp:211] Ignored subdivision of a LaserScan message from sensor scan because previous subdivision time 639080300543366529 is not before current subdivision time 639080300543366529
[WARN] [1772433254.550287440] [cartographer logger]: W0302 15:34:14.000000 21415 sensor_bridge.cpp:211] Ignored subdivision of a LaserScan message from sensor scan because previous subdivision time 639080300544392105 is not before current subdivision time 639080300544392105
[WARN] [1772433254.655568366] [cartographer logger]: W0302 15:34:14.000000 21415 sensor_bridge.cpp:211] Ignored subdivision of a LaserScan message from sensor scan because previous subdivision time 639080300545425132 is not before current subdivision time 639080300545425132
[WARN] [1772433254.753184055] [cartographer logger]: W0302 15:34:14.000000 21415 sensor_bridge.cpp:211] Ignored subdivision of a LaserScan message from sensor scan because previous subdivision time 639080300546439220 is not before current subdivision time 639080300546439220
[WARN] [1772433254.857091225] [cartographer logger]: W0302 15:34:14.000000 21415 sensor_bridge.cpp:211] Ignored subdivision of a LaserScan message from sensor scan because previous subdivision time 639080300547466703 is not before current subdivision time 639080300547466703
[WARN] [1772433254.958335367] [cartographer logger]: W0302 15:34:14.000000 21415 sensor_bridge.cpp:211] Ignored subdivision of a LaserScan message from sensor scan because previous subdivision time 639080300548492544 is not before current subdivision time 639080300548492544
[WARN] [1772433255.060528214] [cartographer logger]: W0302 15:34:15.000000 21415 sensor_bridge.cpp:211] Ignored subdivision of a LaserScan message from sensor scan because previous subdivision time 639080300549514084 is not before current subdivision time 639080300549514084
[WARN] [1772433255.165965885] [cartographer logger]: W0302 15:34:15.000000 21415 sensor_bridge.cpp:211] Ignored subdivision of a LaserScan message from sensor scan because previous subdivision time 639080300550545252 is not before current subdivision time 639080300550545252
[WARN] [1772433255.271763482] [cartographer logger]: W0302 15:34:15.000000 21415 sensor_bridge.cpp:211] Ignored subdivision of a LaserScan message from sensor scan because previous subdivision time 639080300551593270 is not before current subdivision time 639080300551593270
[WARN] [1772433255.381736611] [cartographer logger]: W0302 15:34:15.000000 21415 sensor_bridge.cpp:211] Ignored subdivision of a LaserScan message from sensor scan because previous subdivision time 639080300552641987 is not before current subdivision time 639080300552641987
[WARN] [1772433255.484646092] [cartographer logger]: W0302 15:34:15.000000 21415 sensor_bridge.cpp:211] Ignored subdivision of a LaserScan message from sensor scan because previous subdivision time 639080300553747953 is not before current subdivision time 639080300553747953
[WARN] [1772433255.588957630] [cartographer logger]: W0302 15:34:15.000000 21415 sensor_bridge.cpp:211] Ignored subdivision of a LaserScan message from sensor scan because previous subdivision time 639080300554782803 is not before current subdivision time 639080300554782803
[WARN] [1772433255.689990354] [cartographer logger]: W0302 15:34:15.000000 21415 sensor_bridge.cpp:211] Ignored subdivision of a LaserScan message from sensor scan because previous subdivision time 639080300555811522 is not before current subdivision time 639080300555811522
[WARN] [1772433255.791691688] [cartographer logger]: W0302 15:34:15.000000 21415 sensor_bridge.cpp:211] Ignored subdivision of a LaserScan message from sensor scan because previous subdivision time 639080300556829207 is not before current subdivision time 639080300556829207
[WARN] [1772433255.897423761] [cartographer logger]: W0302 15:34:15.000000 21415 sensor_bridge.cpp:211] Ignored subdivision of a LaserScan message from sensor scan because previous subdivision time 639080300557847580 is not before current subdivision time 639080300557847580
[WARN] [1772433256.001554898] [cartographer logger]: W0302 15:34:16.000000 21415 sensor_bridge.cpp:211] Ignored subdivision of a LaserScan message from sensor scan because previous subdivision time 639080300558905899 is not before current subdivision time 639080300558905899
[WARN] [1772433256.109943174] [cartographer logger]: W0302 15:34:16.000000 21415 sensor_bridge.cpp:211] Ignored subdivision of a LaserScan message from sensor scan because previous subdivision time 639080300559954187 is not before current subdivision time 639080300559954187
[WARN] [1772433256.217968517] [cartographer logger]: W0302 15:34:16.000000 21415 sensor_bridge.cpp:211] Ignored subdivision of a LaserScan message from sensor scan because previous subdivision time 639080300561031015 is not before current subdivision time 639080300561031015
[WARN] [1772433256.323667784] [cartographer logger]: W0302 15:34:16.000000 21415 sensor_bridge.cpp:211] Ignored subdivision of a LaserScan message from sensor scan because previous subdivision time 639080300562115153 is not before current subdivision time 639080300562115153
[WARN] [1772433256.430467560] [cartographer logger]: W0302 15:34:16.000000 21415 sensor_bridge.cpp:211] Ignored subdivision of a LaserScan message from sensor scan because previous subdivision time 639080300563174716 is not before current subdivision time 639080300563174716
[WARN] [1772433256.538086893] [cartographer logger]: W0302 15:34:16.000000 21415 sensor_bridge.cpp:211] Ignored subdivision of a LaserScan message from sensor scan because previous subdivision time 639080300564244241 is not before current subdivision time 639080300564244241
[WARN] [1772433256.641977574] [cartographer logger]: W0302 15:34:16.000000 21415 sensor_bridge.cpp:211] Ignored subdivision of a LaserScan message from sensor scan because previous subdivision time 639080300565317238 is not before current subdivision time 639080300565317238
[WARN] [1772433256.748979219] [cartographer logger]: W0302 15:34:16.000000 21415 sensor_bridge.cpp:211] Ignored subdivision of a LaserScan message from sensor scan because previous subdivision time 639080300566352009 is not before current subdivision time 639080300566352009
[WARN] [1772433256.851040044] [cartographer logger]: W0302 15:34:16.000000 21415 sensor_bridge.cpp:211] Ignored subdivision of a LaserScan message from sensor scan because previous subdivision time 639080300567410124 is not before current subdivision time 639080300567410124
[WARN] [1772433256.956401586] [cartographer logger]: W0302 15:34:16.000000 21415 sensor_bridge.cpp:211] Ignored subdivision of a LaserScan message from sensor scan because previous subdivision time 639080300568448232 is not before current subdivision time 639080300568448232
[WARN] [1772433257.059782516] [cartographer logger]: W0302 15:34:17.000000 21415 sensor_bridge.cpp:211] Ignored subdivision of a LaserScan message from sensor scan because previous subdivision time 639080300569499653 is not before current subdivision time 639080300569499653
[WARN] [1772433257.165431600] [cartographer logger]: W0302 15:34:17.000000 21415 sensor_bridge.cpp:211] Ignored subdivision of a LaserScan message from sensor scan because previous subdivision time 639080300570526282 is not before current subdivision time 639080300570526282
[WARN] [1772433257.269332011] [cartographer logger]: W0302 15:34:17.000000 21415 sensor_bridge.cpp:211] Ignored subdivision of a LaserScan message from sensor scan because previous subdivision time 639080300571573230 is not before current subdivision time 639080300571573230
[WARN] [1772433257.381811190] [cartographer logger]: W0302 15:34:17.000000 21415 sensor_bridge.cpp:211] Ignored subdivision of a LaserScan message from sensor scan because previous subdivision time 639080300572611954 is not before current subdivision time 639080300572611954
[WARN] [1772433257.489950070] [cartographer logger]: W0302 15:34:17.000000 21415 sensor_bridge.cpp:211] Ignored subdivision of a LaserScan message from sensor scan because previous subdivision time 639080300573751508 is not before current subdivision time 639080300573751508
[WARN] [1772433257.593216381] [cartographer logger]: W0302 15:34:17.000000 21415 sensor_bridge.cpp:211] Ignored subdivision of a LaserScan message from sensor scan because previous subdivision time 639080300574832638 is not before current subdivision time 639080300574832638
[WARN] [1772433257.697913591] [cartographer logger]: W0302 15:34:17.000000 21415 sensor_bridge.cpp:211] Ignored subdivision of a LaserScan message from sensor scan because previous subdivision time 639080300575862490 is not before current subdivision time 639080300575862490
[WARN] [1772433257.801400256] [cartographer logger]: W0302 15:34:17.000000 21415 sensor_bridge.cpp:211] Ignored subdivision of a LaserScan message from sensor scan because previous subdivision time 639080300576909835 is not before current subdivision time 639080300576909835
[WARN] [1772433263.759808611] [cartographer logger]: W0302 15:34:23.000000 21415 sensor_bridge.cpp:211] Ignored subdivision of a LaserScan message from sensor scan because previous subdivision time 639080300577951544 is not before current subdivision time 639080300577951544
[WARN] [1772433263.864395767] [cartographer logger]: W0302 15:34:23.000000 21415 sensor_bridge.cpp:211] Ignored subdivision of a LaserScan message from sensor scan because previous subdivision time 639080300637516947 is not before current subdivision time 639080300637516947
[INFO] [1772433263.965365539] [cartographer logger]: I0302 15:34:23.000000 21415 collated_trajectory_builder.cc:81] scan rate: 3.95 Hz 2.53e-01 s +/- 9.31e-01 s (pulsed at 132.42% real time)
[WARN] [1772433263.973053709] [cartographer logger]: W0302 15:34:23.000000 21415 sensor_bridge.cpp:211] Ignored subdivision of a LaserScan message from sensor scan because previous subdivision time 639080300638559092 is not before current subdivision time 639080300638559092
[WARN] [1772433257.736378108] [cartographer logger]: W0302 15:34:17.000000 21415 sensor_bridge.cpp:211] Ignored subdivision of a LaserScan message from sensor scan because previous subdivision time 639080300639658943 is not before current subdivision time 639080300639658943
[WARN] [1772433264.107293153] [cartographer logger]: W0302 15:34:24.000000 21415 sensor_bridge.cpp:211] Ignored subdivision of a LaserScan message from sensor scan because previous subdivision time 639080300640025193 is not before current subdivision time 639080300640025193
[WARN] [1772433264.213156875] [cartographer logger]: W0302 15:34:24.000000 21415 sensor_bridge.cpp:211] Ignored subdivision of a LaserScan message from sensor scan because previous subdivision time 639080300641012579 is not before current subdivision time 639080300641012579
[WARN] [1772433264.318904008] [cartographer logger]: W0302 15:34:24.000000 21415 sensor_bridge.cpp:211] Ignored subdivision of a LaserScan message from sensor scan because previous subdivision time 639080300642063842 is not before current subdivision time 639080300642063842
[WARN] [1772433264.423691931] [cartographer logger]: W0302 15:34:24.000000 21415 sensor_bridge.cpp:211] Ignored subdivision of a LaserScan message from sensor scan because previous subdivision time 639080300643112020 is not before current subdivision time 639080300643112020
[WARN] [1772433264.531995732] [cartographer logger]: W0302 15:34:24.000000 21415 sensor_bridge.cpp:211] Ignored subdivision of a LaserScan message from sensor scan because previous subdivision time 639080300644168676 is not before current subdivision time 639080300644168676
[WARN] [1772433264.640159605] [cartographer logger]: W0302 15:34:24.000000 21415 sensor_bridge.cpp:211] Ignored subdivision of a LaserScan message from sensor scan because previous subdivision time 639080300645244368 is not before current subdivision time 639080300645244368
[WARN] [1772433264.756235890] [cartographer logger]: W0302 15:34:24.000000 21415 sensor_bridge.cpp:211] Ignored subdivision of a LaserScan message from sensor scan because previous subdivision time 639080300646320009 is not before current subdivision time 639080300646320009
[WARN] [1772433264.867234903] [cartographer logger]: W0302 15:34:24.000000 21415 sensor_bridge.cpp:211] Ignored subdivision of a LaserScan message from sensor scan because previous subdivision time 639080300647506424 is not before current subdivision time 639080300647506424
[WARN] [1772433264.973093543] [cartographer logger]: W0302 15:34:24.000000 21415 sensor_bridge.cpp:211] Ignored subdivision of a LaserScan message from sensor scan because previous subdivision time 639080300648599728 is not before current subdivision time 639080300648599728
[WARN] [1772433265.075417905] [cartographer logger]: W0302 15:34:25.000000 21415 sensor_bridge.cpp:211] Ignored subdivision of a LaserScan message from sensor scan because previous subdivision time 639080300649663277 is not before current subdivision time 639080300649663277
[WARN] [1772433265.179320145] [cartographer logger]: W0302 15:34:25.000000 21415 sensor_bridge.cpp:211] Ignored subdivision of a LaserScan message from sensor scan because previous subdivision time 639080300650685286 is not before current subdivision time 639080300650685286
[WARN] [1772433265.285168484] [cartographer logger]: W0302 15:34:25.000000 21415 sensor_bridge.cpp:211] Ignored subdivision of a LaserScan message from sensor scan because previous subdivision time 639080300651723256 is not before current subdivision time 639080300651723256
[WARN] [1772433265.388069519] [cartographer logger]: W0302 15:34:25.000000 21415 sensor_bridge.cpp:211] Ignored subdivision of a LaserScan message from sensor scan because previous subdivision time 639080300652788655 is not before current subdivision time 639080300652788655
[WARN] [1772433265.495461318] [cartographer logger]: W0302 15:34:25.000000 21415 sensor_bridge.cpp:211] Ignored subdivision of a LaserScan message from sensor scan because previous subdivision time 639080300653822296 is not before current subdivision time 639080300653822296
[WARN] [1772433265.601582694] [cartographer logger]: W0302 15:34:25.000000 21415 sensor_bridge.cpp:211] Ignored subdivision of a LaserScan message from sensor scan because previous subdivision time 639080300654886696 is not before current subdivision time 639080300654886696
[WARN] [1772433265.705490117] [cartographer logger]: W0302 15:34:25.000000 21415 sensor_bridge.cpp:211] Ignored subdivision of a LaserScan message from sensor scan because previous subdivision time 639080300655945927 is not before current subdivision time 639080300655945927
[WARN] [1772433265.807379752] [cartographer logger]: W0302 15:34:25.000000 21415 sensor_bridge.cpp:211] Ignored subdivision of a LaserScan message from sensor scan because previous subdivision time 639080300656976409 is not before current subdivision time 639080300656976409
[WARN] [1772433265.916379324] [cartographer logger]: W0302 15:34:25.000000 21415 sensor_bridge.cpp:211] Ignored subdivision of a LaserScan message from sensor scan because previous subdivision time 639080300658012278 is not before current subdivision time 639080300658012278
[WARN] [1772433266.019429335] [cartographer logger]: W0302 15:34:26.000000 21415 sensor_bridge.cpp:211] Ignored subdivision of a LaserScan message from sensor scan because previous subdivision time 639080300659090712 is not before current subdivision time 639080300659090712
[WARN] [1772433266.125354140] [cartographer logger]: W0302 15:34:26.000000 21415 sensor_bridge.cpp:211] Ignored subdivision of a LaserScan message from sensor scan because previous subdivision time 639080300660126221 is not before current subdivision time 639080300660126221
[WARN] [1772433266.231603471] [cartographer logger]: W0302 15:34:26.000000 21415 sensor_bridge.cpp:211] Ignored subdivision of a LaserScan message from sensor scan because previous subdivision time 639080300661179758 is not before current subdivision time 639080300661179758
[WARN] [1772433266.342843380] [cartographer logger]: W0302 15:34:26.000000 21415 sensor_bridge.cpp:211] Ignored subdivision of a LaserScan message from sensor scan because previous subdivision time 639080300662252032 is not before current subdivision time 639080300662252032
[WARN] [1772433266.445215257] [cartographer logger]: W0302 15:34:26.000000 21415 sensor_bridge.cpp:211] Ignored subdivision of a LaserScan message from sensor scan because previous subdivision time 639080300663346567 is not before current subdivision time 639080300663346567
[WARN] [1772433266.549889100] [cartographer logger]: W0302 15:34:26.000000 21415 sensor_bridge.cpp:211] Ignored subdivision of a LaserScan message from sensor scan because previous subdivision time 639080300664387468 is not before current subdivision time 639080300664387468
[WARN] [1772433266.657074369] [cartographer logger]: W0302 15:34:26.000000 21415 sensor_bridge.cpp:211] Ignored subdivision of a LaserScan message from sensor scan because previous subdivision time 639080300665428005 is not before current subdivision time 639080300665428005
[WARN] [1772433266.760691050] [cartographer logger]: W0302 15:34:26.000000 21415 sensor_bridge.cpp:211] Ignored subdivision of a LaserScan message from sensor scan because previous subdivision time 639080300666505219 is not before current subdivision time 639080300666505219
[WARN] [1772433266.867003556] [cartographer logger]: W0302 15:34:26.000000 21415 sensor_bridge.cpp:211] Ignored subdivision of a LaserScan message from sensor scan because previous subdivision time 639080300667530617 is not before current subdivision time 639080300667530617
[WARN] [1772433266.971464349] [cartographer logger]: W0302 15:34:26.000000 21415 sensor_bridge.cpp:211] Ignored subdivision of a LaserScan message from sensor scan because previous subdivision time 639080300668584956 is not before current subdivision time 639080300668584956
[WARN] [1772433267.074847207] [cartographer logger]: W0302 15:34:27.000000 21415 sensor_bridge.cpp:211] Ignored subdivision of a LaserScan message from sensor scan because previous subdivision time 639080300669654555 is not before current subdivision time 639080300669654555
[WARN] [1772433267.189635346] [cartographer logger]: W0302 15:34:27.000000 21415 sensor_bridge.cpp:211] Ignored subdivision of a LaserScan message from sensor scan because previous subdivision time 639080300670681466 is not before current subdivision time 639080300670681466
[WARN] [1772433267.294167347] [cartographer logger]: W0302 15:34:27.000000 21415 sensor_bridge.cpp:211] Ignored subdivision of a LaserScan message from sensor scan because previous subdivision time 639080300671822615 is not before current subdivision time 639080300671822615
[WARN] [1772433267.400292934] [cartographer logger]: W0302 15:34:27.000000 21415 sensor_bridge.cpp:211] Ignored subdivision of a LaserScan message from sensor scan because previous subdivision time 639080300672871510 is not before current subdivision time 639080300672871510
[WARN] [1772433267.506091278] [cartographer logger]: W0302 15:34:27.000000 21415 sensor_bridge.cpp:211] Ignored subdivision of a LaserScan message from sensor scan because previous subdivision time 639080300673932991 is not before current subdivision time 639080300673932991
[WARN] [1772433267.611665757] [cartographer logger]: W0302 15:34:27.000000 21415 sensor_bridge.cpp:211] Ignored subdivision of a LaserScan message from sensor scan because previous subdivision time 639080300675000290 is not before current subdivision time 639080300675000290
[WARN] [1772433267.719916514] [cartographer logger]: W0302 15:34:27.000000 21415 sensor_bridge.cpp:211] Ignored subdivision of a LaserScan message from sensor scan because previous subdivision time 639080300676054967 is not before current subdivision time 639080300676054967
[WARN] [1772433267.824264593] [cartographer logger]: W0302 15:34:27.000000 21415 sensor_bridge.cpp:211] Ignored subdivision of a LaserScan message from sensor scan because previous subdivision time 639080300677129503 is not before current subdivision time 639080300677129503
[WARN] [1772433273.788888589] [cartographer logger]: W0302 15:34:33.000000 21415 sensor_bridge.cpp:211] Ignored subdivision of a LaserScan message from sensor scan because previous subdivision time 639080300678180426 is not before current subdivision time 639080300678180426
[WARN] [1772433273.894935230] [cartographer logger]: W0302 15:34:33.000000 21415 sensor_bridge.cpp:211] Ignored subdivision of a LaserScan message from sensor scan because previous subdivision time 639080300737821220 is not before current subdivision time 639080300737821220
[WARN] [1772433274.001086233] [cartographer logger]: W0302 15:34:34.000000 21415 sensor_bridge.cpp:211] Ignored subdivision of a LaserScan message from sensor scan because previous subdivision time 639080300738870254 is not before current subdivision time 639080300738870254
[WARN] [1772433267.747904634] [cartographer logger]: W0302 15:34:27.000000 21415 sensor_bridge.cpp:211] Ignored subdivision of a LaserScan message from sensor scan because previous subdivision time 639080300739942081 is not before current subdivision time 639080300739942081
[WARN] [1772433267.850474554] [cartographer logger]: W0302 15:34:27.000000 21415 sensor_bridge.cpp:211] Ignored subdivision of a LaserScan message from sensor scan because previous subdivision time 639080300741011968 is not before current subdivision time 639080300741011968
[INFO] [1772433274.216396496] [cartographer logger]: I0302 15:34:34.000000 21415 collated_trajectory_builder.cc:81] scan rate: 4.06 Hz 2.47e-01 s +/- 9.15e-01 s (pulsed at 90.82% real time)
[WARN] [1772433274.224146515] [cartographer logger]: W0302 15:34:34.000000 21415 sensor_bridge.cpp:211] Ignored subdivision of a LaserScan message from sensor scan because previous subdivision time 639080300741096782 is not before current subdivision time 639080300741096782
[WARN] [1772433274.328554789] [cartographer logger]: W0302 15:34:34.000000 21415 sensor_bridge.cpp:211] Ignored subdivision of a LaserScan message from sensor scan because previous subdivision time 639080300742172711 is not before current subdivision time 639080300742172711
[WARN] [1772433274.434004791] [cartographer logger]: W0302 15:34:34.000000 21415 sensor_bridge.cpp:211] Ignored subdivision of a LaserScan message from sensor scan because previous subdivision time 639080300743215737 is not before current subdivision time 639080300743215737
[WARN] [1772433274.540267586] [cartographer logger]: W0302 15:34:34.000000 21415 sensor_bridge.cpp:211] Ignored subdivision of a LaserScan message from sensor scan because previous subdivision time 639080300744274419 is not before current subdivision time 639080300744274419
[WARN] [1772433274.653360637] [cartographer logger]: W0302 15:34:34.000000 21415 sensor_bridge.cpp:211] Ignored subdivision of a LaserScan message from sensor scan because previous subdivision time 639080300745338227 is not before current subdivision time 639080300745338227
[WARN] [1772433274.756544106] [cartographer logger]: W0302 15:34:34.000000 21415 sensor_bridge.cpp:211] Ignored subdivision of a LaserScan message from sensor scan because previous subdivision time 639080300746461670 is not before current subdivision time 639080300746461670
[WARN] [1772433274.861081852] [cartographer logger]: W0302 15:34:34.000000 21415 sensor_bridge.cpp:211] Ignored subdivision of a LaserScan message from sensor scan because previous subdivision time 639080300747503147 is not before current subdivision time 639080300747503147
[WARN] [1772433274.967699820] [cartographer logger]: W0302 15:34:34.000000 21415 sensor_bridge.cpp:211] Ignored subdivision of a LaserScan message from sensor scan because previous subdivision time 639080300748527199 is not before current subdivision time 639080300748527199
[WARN] [1772433275.070165222] [cartographer logger]: W0302 15:34:35.000000 21415 sensor_bridge.cpp:211] Ignored subdivision of a LaserScan message from sensor scan because previous subdivision time 639080300749605364 is not before current subdivision time 639080300749605364
[WARN] [1772433275.176140035] [cartographer logger]: W0302 15:34:35.000000 21415 sensor_bridge.cpp:211] Ignored subdivision of a LaserScan message from sensor scan because previous subdivision time 639080300750632389 is not before current subdivision time 639080300750632389
[WARN] [1772433275.278787181] [cartographer logger]: W0302 15:34:35.000000 21415 sensor_bridge.cpp:211] Ignored subdivision of a LaserScan message from sensor scan because previous subdivision time 639080300751673016 is not before current subdivision time 639080300751673016
[WARN] [1772433275.379923761] [cartographer logger]: W0302 15:34:35.000000 21415 sensor_bridge.cpp:211] Ignored subdivision of a LaserScan message from sensor scan because previous subdivision time 639080300752705634 is not before current subdivision time 639080300752705634
[WARN] [1772433275.484767469] [cartographer logger]: W0302 15:34:35.000000 21415 sensor_bridge.cpp:211] Ignored subdivision of a LaserScan message from sensor scan because previous subdivision time 639080300753728930 is not before current subdivision time 639080300753728930
[WARN] [1772433275.586702416] [cartographer logger]: W0302 15:34:35.000000 21415 sensor_bridge.cpp:211] Ignored subdivision of a LaserScan message from sensor scan because previous subdivision time 639080300754764049 is not before current subdivision time 639080300754764049
[WARN] [1772433275.693563492] [cartographer logger]: W0302 15:34:35.000000 21415 sensor_bridge.cpp:211] Ignored subdivision of a LaserScan message from sensor scan because previous subdivision time 639080300755812274 is not before current subdivision time 639080300755812274
[WARN] [1772433275.800128879] [cartographer logger]: W0302 15:34:35.000000 21415 sensor_bridge.cpp:211] Ignored subdivision of a LaserScan message from sensor scan because previous subdivision time 639080300756865766 is not before current subdivision time 639080300756865766
[WARN] [1772433275.907065284] [cartographer logger]: W0302 15:34:35.000000 21415 sensor_bridge.cpp:211] Ignored subdivision of a LaserScan message from sensor scan because previous subdivision time 639080300757930546 is not before current subdivision time 639080300757930546
[WARN] [1772433276.012424353] [cartographer logger]: W0302 15:34:36.000000 21415 sensor_bridge.cpp:211] Ignored subdivision of a LaserScan message from sensor scan because previous subdivision time 639080300758992662 is not before current subdivision time 639080300758992662
[WARN] [1772433276.114859938] [cartographer logger]: W0302 15:34:36.000000 21415 sensor_bridge.cpp:211] Ignored subdivision of a LaserScan message from sensor scan because previous subdivision time 639080300760050613 is not before current subdivision time 639080300760050613
[WARN] [1772433276.217579905] [cartographer logger]: W0302 15:34:36.000000 21415 sensor_bridge.cpp:211] Ignored subdivision of a LaserScan message from sensor scan because previous subdivision time 639080300761063677 is not before current subdivision time 639080300761063677
[WARN] [1772433276.325578059] [cartographer logger]: W0302 15:34:36.000000 21415 sensor_bridge.cpp:211] Ignored subdivision of a LaserScan message from sensor scan because previous subdivision time 639080300762115239 is not before current subdivision time 639080300762115239
[WARN] [1772433276.449017154] [cartographer logger]: W0302 15:34:36.000000 21415 sensor_bridge.cpp:211] Ignored subdivision of a LaserScan message from sensor scan because previous subdivision time 639080300763170332 is not before current subdivision time 639080300763170332
[WARN] [1772433276.554840671] [cartographer logger]: W0302 15:34:36.000000 21415 sensor_bridge.cpp:211] Ignored subdivision of a LaserScan message from sensor scan because previous subdivision time 639080300764430625 is not before current subdivision time 639080300764430625
[WARN] [1772433276.661909153] [cartographer logger]: W0302 15:34:36.000000 21415 sensor_bridge.cpp:211] Ignored subdivision of a LaserScan message from sensor scan because previous subdivision time 639080300765481059 is not before current subdivision time 639080300765481059
[WARN] [1772433276.766666898] [cartographer logger]: W0302 15:34:36.000000 21415 sensor_bridge.cpp:211] Ignored subdivision of a LaserScan message from sensor scan because previous subdivision time 639080300766557947 is not before current subdivision time 639080300766557947
[WARN] [1772433276.870155121] [cartographer logger]: W0302 15:34:36.000000 21415 sensor_bridge.cpp:211] Ignored subdivision of a LaserScan message from sensor scan because previous subdivision time 639080300767598756 is not before current subdivision time 639080300767598756
[WARN] [1772433276.973391252] [cartographer logger]: W0302 15:34:36.000000 21415 sensor_bridge.cpp:211] Ignored subdivision of a LaserScan message from sensor scan because previous subdivision time 639080300768626763 is not before current subdivision time 639080300768626763
[WARN] [1772433277.076567421] [cartographer logger]: W0302 15:34:37.000000 21415 sensor_bridge.cpp:211] Ignored subdivision of a LaserScan message from sensor scan because previous subdivision time 639080300769667093 is not before current subdivision time 639080300769667093
[WARN] [1772433277.179440303] [cartographer logger]: W0302 15:34:37.000000 21415 sensor_bridge.cpp:211] Ignored subdivision of a LaserScan message from sensor scan because previous subdivision time 639080300770698731 is not before current subdivision time 639080300770698731
[WARN] [1772433277.285260891] [cartographer logger]: W0302 15:34:37.000000 21415 sensor_bridge.cpp:211] Ignored subdivision of a LaserScan message from sensor scan because previous subdivision time 639080300771730631 is not before current subdivision time 639080300771730631
[WARN] [1772433277.389061658] [cartographer logger]: W0302 15:34:37.000000 21415 sensor_bridge.cpp:211] Ignored subdivision of a LaserScan message from sensor scan because previous subdivision time 639080300772781156 is not before current subdivision time 639080300772781156
[WARN] [1772433277.494431270] [cartographer logger]: W0302 15:34:37.000000 21415 sensor_bridge.cpp:211] Ignored subdivision of a LaserScan message from sensor scan because previous subdivision time 639080300773829954 is not before current subdivision time 639080300773829954
[WARN] [1772433277.600117412] [cartographer logger]: W0302 15:34:37.000000 21415 sensor_bridge.cpp:211] Ignored subdivision of a LaserScan message from sensor scan because previous subdivision time 639080300774883846 is not before current subdivision time 639080300774883846
[WARN] [1772433277.706260828] [cartographer logger]: W0302 15:34:37.000000 21415 sensor_bridge.cpp:211] Ignored subdivision of a LaserScan message from sensor scan because previous subdivision time 639080300775937311 is not before current subdivision time 639080300775937311
[WARN] [1772433277.807915153] [cartographer logger]: W0302 15:34:37.000000 21415 sensor_bridge.cpp:211] Ignored subdivision of a LaserScan message from sensor scan because previous subdivision time 639080300776985194 is not before current subdivision time 639080300776985194
[WARN] [1772433283.784958314] [cartographer logger]: W0302 15:34:43.000000 21415 sensor_bridge.cpp:211] Ignored subdivision of a LaserScan message from sensor scan because previous subdivision time 639080300778018610 is not before current subdivision time 639080300778018610
[WARN] [1772433283.888879357] [cartographer logger]: W0302 15:34:43.000000 21415 sensor_bridge.cpp:211] Ignored subdivision of a LaserScan message from sensor scan because previous subdivision time 639080300837791332 is not before current subdivision time 639080300837791332
[WARN] [1772433283.995159556] [cartographer logger]: W0302 15:34:43.000000 21415 sensor_bridge.cpp:211] Ignored subdivision of a LaserScan message from sensor scan because previous subdivision time 639080300838821702 is not before current subdivision time 639080300838821702
[WARN] [1772433284.105674007] [cartographer logger]: W0302 15:34:44.000000 21415 sensor_bridge.cpp:211] Ignored subdivision of a LaserScan message from sensor scan because previous subdivision time 639080300839881015 is not before current subdivision time 639080300839881015
[WARN] [1772433277.842836062] [cartographer logger]: W0302 15:34:37.000000 21415 sensor_bridge.cpp:211] Ignored subdivision of a LaserScan message from sensor scan because previous subdivision time 639080300840975759 is not before current subdivision time 639080300840975759
[WARN] [1772433284.218645916] [cartographer logger]: W0302 15:34:44.000000 21415 sensor_bridge.cpp:211] Ignored subdivision of a LaserScan message from sensor scan because previous subdivision time 639080300841098623 is not before current subdivision time 639080300841098623
[WARN] [1772433284.331271574] [cartographer logger]: W0302 15:34:44.000000 21415 sensor_bridge.cpp:211] Ignored subdivision of a LaserScan message from sensor scan because previous subdivision time 639080300842120267 is not before current subdivision time 639080300842120267
[WARN] [1772433284.438447997] [cartographer logger]: W0302 15:34:44.000000 21415 sensor_bridge.cpp:211] Ignored subdivision of a LaserScan message from sensor scan because previous subdivision time 639080300843242330 is not before current subdivision time 639080300843242330
[WARN] [1772433284.546539462] [cartographer logger]: W0302 15:34:44.000000 21415 sensor_bridge.cpp:211] Ignored subdivision of a LaserScan message from sensor scan because previous subdivision time 639080300844317969 is not before current subdivision time 639080300844317969
[WARN] [1772433284.651079172] [cartographer logger]: W0302 15:34:44.000000 21415 sensor_bridge.cpp:211] Ignored subdivision of a LaserScan message from sensor scan because previous subdivision time 639080300845393031 is not before current subdivision time 639080300845393031
[INFO] [1772433284.755672408] [cartographer logger]: I0302 15:34:44.000000 21415 pose_graph_2d.cc:148] Inserted submap (0, 1).
[WARN] [1772433284.755799381] [cartographer logger]: W0302 15:34:44.000000 21415 sensor_bridge.cpp:211] Ignored subdivision of a LaserScan message from sensor scan because previous subdivision time 639080300846442997 is not before current subdivision time 639080300846442997
[WARN] [1772433284.858516094] [cartographer logger]: W0302 15:34:44.000000 21415 sensor_bridge.cpp:211] Ignored subdivision of a LaserScan message from sensor scan because previous subdivision time 639080300847480782 is not before current subdivision time 639080300847480782
[WARN] [1772433284.964351448] [cartographer logger]: W0302 15:34:44.000000 21415 sensor_bridge.cpp:211] Ignored subdivision of a LaserScan message from sensor scan because previous subdivision time 639080300848523594 is not before current subdivision time 639080300848523594
[WARN] [1772433285.070065981] [cartographer logger]: W0302 15:34:45.000000 21415 sensor_bridge.cpp:211] Ignored subdivision of a LaserScan message from sensor scan because previous subdivision time 639080300849577833 is not before current subdivision time 639080300849577833
[WARN] [1772433285.173504087] [cartographer logger]: W0302 15:34:45.000000 21415 sensor_bridge.cpp:211] Ignored subdivision of a LaserScan message from sensor scan because previous subdivision time 639080300850623826 is not before current subdivision time 639080300850623826
[WARN] [1772433285.277019914] [cartographer logger]: W0302 15:34:45.000000 21415 sensor_bridge.cpp:211] Ignored subdivision of a LaserScan message from sensor scan because previous subdivision time 639080300851670868 is not before current subdivision time 639080300851670868
[WARN] [1772433285.383287249] [cartographer logger]: W0302 15:34:45.000000 21415 sensor_bridge.cpp:211] Ignored subdivision of a LaserScan message from sensor scan because previous subdivision time 639080300852706511 is not before current subdivision time 639080300852706511
[WARN] [1772433285.487177958] [cartographer logger]: W0302 15:34:45.000000 21415 sensor_bridge.cpp:211] Ignored subdivision of a LaserScan message from sensor scan because previous subdivision time 639080300853763735 is not before current subdivision time 639080300853763735
[WARN] [1772433285.593330326] [cartographer logger]: W0302 15:34:45.000000 21415 sensor_bridge.cpp:211] Ignored subdivision of a LaserScan message from sensor scan because previous subdivision time 639080300854799474 is not before current subdivision time 639080300854799474
[WARN] [1772433285.701080083] [cartographer logger]: W0302 15:34:45.000000 21415 sensor_bridge.cpp:211] Ignored subdivision of a LaserScan message from sensor scan because previous subdivision time 639080300855876230 is not before current subdivision time 639080300855876230
[WARN] [1772433285.806089952] [cartographer logger]: W0302 15:34:45.000000 21415 sensor_bridge.cpp:211] Ignored subdivision of a LaserScan message from sensor scan because previous subdivision time 639080300856940396 is not before current subdivision time 639080300856940396
[WARN] [1772433285.911905878] [cartographer logger]: W0302 15:34:45.000000 21415 sensor_bridge.cpp:211] Ignored subdivision of a LaserScan message from sensor scan because previous subdivision time 639080300857994935 is not before current subdivision time 639080300857994935
[WARN] [1772433286.019684811] [cartographer logger]: W0302 15:34:46.000000 21415 sensor_bridge.cpp:211] Ignored subdivision of a LaserScan message from sensor scan because previous subdivision time 639080300859048488 is not before current subdivision time 639080300859048488
[WARN] [1772433286.124019847] [cartographer logger]: W0302 15:34:46.000000 21415 sensor_bridge.cpp:211] Ignored subdivision of a LaserScan message from sensor scan because previous subdivision time 639080300860125543 is not before current subdivision time 639080300860125543
[WARN] [1772433286.231068699] [cartographer logger]: W0302 15:34:46.000000 21415 sensor_bridge.cpp:211] Ignored subdivision of a LaserScan message from sensor scan because previous subdivision time 639080300861166898 is not before current subdivision time 639080300861166898
[WARN] [1772433286.336965273] [cartographer logger]: W0302 15:34:46.000000 21415 sensor_bridge.cpp:211] Ignored subdivision of a LaserScan message from sensor scan because previous subdivision time 639080300862237021 is not before current subdivision time 639080300862237021
[WARN] [1772433286.440994552] [cartographer logger]: W0302 15:34:46.000000 21415 sensor_bridge.cpp:211] Ignored subdivision of a LaserScan message from sensor scan because previous subdivision time 639080300863296837 is not before current subdivision time 639080300863296837
[WARN] [1772433286.544262755] [cartographer logger]: W0302 15:34:46.000000 21415 sensor_bridge.cpp:211] Ignored subdivision of a LaserScan message from sensor scan because previous subdivision time 639080300864337590 is not before current subdivision time 639080300864337590
[WARN] [1772433286.650135895] [cartographer logger]: W0302 15:34:46.000000 21415 sensor_bridge.cpp:211] Ignored subdivision of a LaserScan message from sensor scan because previous subdivision time 639080300865375576 is not before current subdivision time 639080300865375576
[WARN] [1772433286.760369978] [cartographer logger]: W0302 15:34:46.000000 21415 sensor_bridge.cpp:211] Ignored subdivision of a LaserScan message from sensor scan because previous subdivision time 639080300866439253 is not before current subdivision time 639080300866439253
[WARN] [1772433286.864047627] [cartographer logger]: W0302 15:34:46.000000 21415 sensor_bridge.cpp:211] Ignored subdivision of a LaserScan message from sensor scan because previous subdivision time 639080300867537119 is not before current subdivision time 639080300867537119
[WARN] [1772433286.967598403] [cartographer logger]: W0302 15:34:46.000000 21415 sensor_bridge.cpp:211] Ignored subdivision of a LaserScan message from sensor scan because previous subdivision time 639080300868566541 is not before current subdivision time 639080300868566541
[WARN] [1772433287.074814382] [cartographer logger]: W0302 15:34:47.000000 21415 sensor_bridge.cpp:211] Ignored subdivision of a LaserScan message from sensor scan because previous subdivision time 639080300869598393 is not before current subdivision time 639080300869598393
[WARN] [1772433287.183217721] [cartographer logger]: W0302 15:34:47.000000 21415 sensor_bridge.cpp:211] Ignored subdivision of a LaserScan message from sensor scan because previous subdivision time 639080300870679249 is not before current subdivision time 639080300870679249
[WARN] [1772433287.292174470] [cartographer logger]: W0302 15:34:47.000000 21415 sensor_bridge.cpp:211] Ignored subdivision of a LaserScan message from sensor scan because previous subdivision time 639080300871755007 is not before current subdivision time 639080300871755007
[WARN] [1772433287.401552788] [cartographer logger]: W0302 15:34:47.000000 21415 sensor_bridge.cpp:211] Ignored subdivision of a LaserScan message from sensor scan because previous subdivision time 639080300872855346 is not before current subdivision time 639080300872855346
[WARN] [1772433287.511322053] [cartographer logger]: W0302 15:34:47.000000 21415 sensor_bridge.cpp:211] Ignored subdivision of a LaserScan message from sensor scan because previous subdivision time 639080300873940184 is not before current subdivision time 639080300873940184
[WARN] [1772433287.616416788] [cartographer logger]: W0302 15:34:47.000000 21415 sensor_bridge.cpp:211] Ignored subdivision of a LaserScan message from sensor scan because previous subdivision time 639080300875043565 is not before current subdivision time 639080300875043565
[WARN] [1772433287.721233162] [cartographer logger]: W0302 15:34:47.000000 21415 sensor_bridge.cpp:211] Ignored subdivision of a LaserScan message from sensor scan because previous subdivision time 639080300876090514 is not before current subdivision time 639080300876090514
[WARN] [1772433287.826632059] [cartographer logger]: W0302 15:34:47.000000 21415 sensor_bridge.cpp:211] Ignored subdivision of a LaserScan message from sensor scan because previous subdivision time 639080300877146087 is not before current subdivision time 639080300877146087
[WARN] [1772433293.813922287] [cartographer logger]: W0302 15:34:53.000000 21415 sensor_bridge.cpp:211] Ignored subdivision of a LaserScan message from sensor scan because previous subdivision time 639080300878200345 is not before current subdivision time 639080300878200345
[INFO] [1772433293.814168169] [cartographer logger]: I0302 15:34:53.000000 21464 pose_graph_2d.cc:538] Remaining work items in queue: 0
[WARN] [1772433293.921873062] [cartographer logger]: W0302 15:34:53.000000 21415 sensor_bridge.cpp:211] Ignored subdivision of a LaserScan message from sensor scan because previous subdivision time 639080300938070511 is not before current subdivision time 639080300938070511
[WARN] [1772433294.031049212] [cartographer logger]: W0302 15:34:54.000000 21415 sensor_bridge.cpp:211] Ignored subdivision of a LaserScan message from sensor scan because previous subdivision time 639080300939142967 is not before current subdivision time 639080300939142967
[INFO] [1772433294.132318951] [cartographer logger]: I0302 15:34:54.000000 21415 collated_trajectory_builder.cc:81] scan rate: 3.89 Hz 2.57e-01 s +/- 9.41e-01 s (pulsed at 132.57% real time)
[WARN] [1772433294.139697410] [cartographer logger]: W0302 15:34:54.000000 21415 sensor_bridge.cpp:211] Ignored subdivision of a LaserScan message from sensor scan because previous subdivision time 639080300940241303 is not before current subdivision time 639080300940241303
[WARN] [1772433287.865795381] [cartographer logger]: W0302 15:34:47.000000 21415 sensor_bridge.cpp:211] Ignored subdivision of a LaserScan message from sensor scan because previous subdivision time 639080300941328699 is not before current subdivision time 639080300941328699
[WARN] [1772433294.241853923] [cartographer logger]: W0302 15:34:54.000000 21415 sensor_bridge.cpp:211] Ignored subdivision of a LaserScan message from sensor scan because previous subdivision time 639080300941346183 is not before current subdivision time 639080300941346183
[WARN] [1772433294.346432574] [cartographer logger]: W0302 15:34:54.000000 21415 sensor_bridge.cpp:211] Ignored subdivision of a LaserScan message from sensor scan because previous subdivision time 639080300942343901 is not before current subdivision time 639080300942343901
[WARN] [1772433294.449322529] [cartographer logger]: W0302 15:34:54.000000 21415 sensor_bridge.cpp:211] Ignored subdivision of a LaserScan message from sensor scan because previous subdivision time 639080300943403442 is not before current subdivision time 639080300943403442
[WARN] [1772433294.553713772] [cartographer logger]: W0302 15:34:54.000000 21415 sensor_bridge.cpp:211] Ignored subdivision of a LaserScan message from sensor scan because previous subdivision time 639080300944422080 is not before current subdivision time 639080300944422080
[WARN] [1772433294.656847940] [cartographer logger]: W0302 15:34:54.000000 21415 sensor_bridge.cpp:211] Ignored subdivision of a LaserScan message from sensor scan because previous subdivision time 639080300945472849 is not before current subdivision time 639080300945472849
[WARN] [1772433294.760062231] [cartographer logger]: W0302 15:34:54.000000 21415 sensor_bridge.cpp:211] Ignored subdivision of a LaserScan message from sensor scan because previous subdivision time 639080300946506678 is not before current subdivision time 639080300946506678
[WARN] [1772433294.865617364] [cartographer logger]: W0302 15:34:54.000000 21415 sensor_bridge.cpp:211] Ignored subdivision of a LaserScan message from sensor scan because previous subdivision time 639080300947528559 is not before current subdivision time 639080300947528559
[WARN] [1772433294.965625922] [cartographer logger]: W0302 15:34:54.000000 21415 sensor_bridge.cpp:211] Ignored subdivision of a LaserScan message from sensor scan because previous subdivision time 639080300948581493 is not before current subdivision time 639080300948581493
[WARN] [1772433295.070072865] [cartographer logger]: W0302 15:34:55.000000 21415 sensor_bridge.cpp:211] Ignored subdivision of a LaserScan message from sensor scan because previous subdivision time 639080300949590520 is not before current subdivision time 639080300949590520
[WARN] [1772433295.173739655] [cartographer logger]: W0302 15:34:55.000000 21415 sensor_bridge.cpp:211] Ignored subdivision of a LaserScan message from sensor scan because previous subdivision time 639080300950638173 is not before current subdivision time 639080300950638173
[WARN] [1772433295.279351773] [cartographer logger]: W0302 15:34:55.000000 21415 sensor_bridge.cpp:211] Ignored subdivision of a LaserScan message from sensor scan because previous subdivision time 639080300951670228 is not before current subdivision time 639080300951670228
[WARN] [1772433295.386335191] [cartographer logger]: W0302 15:34:55.000000 21415 sensor_bridge.cpp:211] Ignored subdivision of a LaserScan message from sensor scan because previous subdivision time 639080300952721741 is not before current subdivision time 639080300952721741
[WARN] [1772433295.491431850] [cartographer logger]: W0302 15:34:55.000000 21415 sensor_bridge.cpp:211] Ignored subdivision of a LaserScan message from sensor scan because previous subdivision time 639080300953780402 is not before current subdivision time 639080300953780402
[WARN] [1772433295.593988910] [cartographer logger]: W0302 15:34:55.000000 21415 sensor_bridge.cpp:211] Ignored subdivision of a LaserScan message from sensor scan because previous subdivision time 639080300954840481 is not before current subdivision time 639080300954840481
[WARN] [1772433295.695496368] [cartographer logger]: W0302 15:34:55.000000 21415 sensor_bridge.cpp:211] Ignored subdivision of a LaserScan message from sensor scan because previous subdivision time 639080300955874144 is not before current subdivision time 639080300955874144
[WARN] [1772433295.797670423] [cartographer logger]: W0302 15:34:55.000000 21415 sensor_bridge.cpp:211] Ignored subdivision of a LaserScan message from sensor scan because previous subdivision time 639080300956887871 is not before current subdivision time 639080300956887871
[WARN] [1772433295.900208219] [cartographer logger]: W0302 15:34:55.000000 21415 sensor_bridge.cpp:211] Ignored subdivision of a LaserScan message from sensor scan because previous subdivision time 639080300957907941 is not before current subdivision time 639080300957907941
[WARN] [1772433296.005540185] [cartographer logger]: W0302 15:34:56.000000 21415 sensor_bridge.cpp:211] Ignored subdivision of a LaserScan message from sensor scan because previous subdivision time 639080300958924733 is not before current subdivision time 639080300958924733
[WARN] [1772433296.112231582] [cartographer logger]: W0302 15:34:56.000000 21415 sensor_bridge.cpp:211] Ignored subdivision of a LaserScan message from sensor scan because previous subdivision time 639080300959992837 is not before current subdivision time 639080300959992837
[WARN] [1772433296.214670000] [cartographer logger]: W0302 15:34:56.000000 21415 sensor_bridge.cpp:211] Ignored subdivision of a LaserScan message from sensor scan because previous subdivision time 639080300961058684 is not before current subdivision time 639080300961058684
[WARN] [1772433296.318597232] [cartographer logger]: W0302 15:34:56.000000 21415 sensor_bridge.cpp:211] Ignored subdivision of a LaserScan message from sensor scan because previous subdivision time 639080300962084327 is not before current subdivision time 639080300962084327
[WARN] [1772433296.422205527] [cartographer logger]: W0302 15:34:56.000000 21415 sensor_bridge.cpp:211] Ignored subdivision of a LaserScan message from sensor scan because previous subdivision time 639080300963115027 is not before current subdivision time 639080300963115027
[WARN] [1772433296.527435881] [cartographer logger]: W0302 15:34:56.000000 21415 sensor_bridge.cpp:211] Ignored subdivision of a LaserScan message from sensor scan because previous subdivision time 639080300964154042 is not before current subdivision time 639080300964154042
[WARN] [1772433296.630554935] [cartographer logger]: W0302 15:34:56.000000 21415 sensor_bridge.cpp:211] Ignored subdivision of a LaserScan message from sensor scan because previous subdivision time 639080300965202654 is not before current subdivision time 639080300965202654
[WARN] [1772433296.732522140] [cartographer logger]: W0302 15:34:56.000000 21415 sensor_bridge.cpp:211] Ignored subdivision of a LaserScan message from sensor scan because previous subdivision time 639080300966226406 is not before current subdivision time 639080300966226406
[WARN] [1772433296.836816969] [cartographer logger]: W0302 15:34:56.000000 21415 sensor_bridge.cpp:211] Ignored subdivision of a LaserScan message from sensor scan because previous subdivision time 639080300967248713 is not before current subdivision time 639080300967248713
[WARN] [1772433296.939175441] [cartographer logger]: W0302 15:34:56.000000 21415 sensor_bridge.cpp:211] Ignored subdivision of a LaserScan message from sensor scan because previous subdivision time 639080300968290615 is not before current subdivision time 639080300968290615
[WARN] [1772433297.042731694] [cartographer logger]: W0302 15:34:57.000000 21415 sensor_bridge.cpp:211] Ignored subdivision of a LaserScan message from sensor scan because previous subdivision time 639080300969325010 is not before current subdivision time 639080300969325010
[WARN] [1772433297.150962233] [cartographer logger]: W0302 15:34:57.000000 21415 sensor_bridge.cpp:211] Ignored subdivision of a LaserScan message from sensor scan because previous subdivision time 639080300970356861 is not before current subdivision time 639080300970356861
[WARN] [1772433297.254329708] [cartographer logger]: W0302 15:34:57.000000 21415 sensor_bridge.cpp:211] Ignored subdivision of a LaserScan message from sensor scan because previous subdivision time 639080300971429625 is not before current subdivision time 639080300971429625
[WARN] [1772433297.359353639] [cartographer logger]: W0302 15:34:57.000000 21415 sensor_bridge.cpp:211] Ignored subdivision of a LaserScan message from sensor scan because previous subdivision time 639080300972468203 is not before current subdivision time 639080300972468203
[WARN] [1772433297.462653266] [cartographer logger]: W0302 15:34:57.000000 21415 sensor_bridge.cpp:211] Ignored subdivision of a LaserScan message from sensor scan because previous subdivision time 639080300973522909 is not before current subdivision time 639080300973522909
[WARN] [1772433297.564882559] [cartographer logger]: W0302 15:34:57.000000 21415 sensor_bridge.cpp:211] Ignored subdivision of a LaserScan message from sensor scan because previous subdivision time 639080300974546681 is not before current subdivision time 639080300974546681
[WARN] [1772433297.674598643] [cartographer logger]: W0302 15:34:57.000000 21415 sensor_bridge.cpp:211] Ignored subdivision of a LaserScan message from sensor scan because previous subdivision time 639080300975567084 is not before current subdivision time 639080300975567084
[WARN] [1772433297.781036576] [cartographer logger]: W0302 15:34:57.000000 21415 sensor_bridge.cpp:211] Ignored subdivision of a LaserScan message from sensor scan because previous subdivision time 639080300976682838 is not before current subdivision time 639080300976682838
[WARN] [1772433297.886563815] [cartographer logger]: W0302 15:34:57.000000 21415 sensor_bridge.cpp:211] Ignored subdivision of a LaserScan message from sensor scan because previous subdivision time 639080300977746113 is not before current subdivision time 639080300977746113
[WARN] [1772433303.884464604] [cartographer logger]: W0302 15:35:03.000000 21415 sensor_bridge.cpp:211] Ignored subdivision of a LaserScan message from sensor scan because previous subdivision time 639080300978800306 is not before current subdivision time 639080300978800306
[WARN] [1772433304.013129478] [cartographer logger]: W0302 15:35:04.000000 21415 sensor_bridge.cpp:211] Ignored subdivision of a LaserScan message from sensor scan because previous subdivision time 639080301038779952 is not before current subdivision time 639080301038779952
[WARN] [1772433304.095524399] [cartographer logger]: W0302 15:35:04.000000 21415 sensor_bridge.cpp:211] Ignored subdivision of a LaserScan message from sensor scan because previous subdivision time 639080301039806089 is not before current subdivision time 639080301039806089
[WARN] [1772433304.198858101] [cartographer logger]: W0302 15:35:04.000000 21415 sensor_bridge.cpp:211] Ignored subdivision of a LaserScan message from sensor scan because previous subdivision time 639080301040881239 is not before current subdivision time 639080301040881239
[WARN] [1772433297.909466317] [cartographer logger]: W0302 15:34:57.000000 21415 sensor_bridge.cpp:211] Ignored subdivision of a LaserScan message from sensor scan because previous subdivision time 639080301041916616 is not before current subdivision time 639080301041916616
[INFO] [1772433304.313798053] [cartographer logger]: I0302 15:35:04.000000 21415 collated_trajectory_builder.cc:81] scan rate: 4.07 Hz 2.46e-01 s +/- 9.21e-01 s (pulsed at 91.30% real time)
[WARN] [1772433304.321009891] [cartographer logger]: W0302 15:35:04.000000 21415 sensor_bridge.cpp:211] Ignored subdivision of a LaserScan message from sensor scan because previous subdivision time 639080301042096632 is not before current subdivision time 639080301042096632
[WARN] [1772433304.428013392] [cartographer logger]: W0302 15:35:04.000000 21415 sensor_bridge.cpp:211] Ignored subdivision of a LaserScan message from sensor scan because previous subdivision time 639080301043139101 is not before current subdivision time 639080301043139101
[WARN] [1772433304.537396134] [cartographer logger]: W0302 15:35:04.000000 21415 sensor_bridge.cpp:211] Ignored subdivision of a LaserScan message from sensor scan because previous subdivision time 639080301044212946 is not before current subdivision time 639080301044212946
[WARN] [1772433304.699573618] [cartographer logger]: W0302 15:35:04.000000 21415 sensor_bridge.cpp:211] Ignored subdivision of a LaserScan message from sensor scan because previous subdivision time 639080301045307152 is not before current subdivision time 639080301045307152
[WARN] [1772433304.744790547] [cartographer logger]: W0302 15:35:04.000000 21415 sensor_bridge.cpp:211] Ignored subdivision of a LaserScan message from sensor scan because previous subdivision time 639080301046343684 is not before current subdivision time 639080301046343684
[WARN] [1772433304.849051516] [cartographer logger]: W0302 15:35:04.000000 21415 sensor_bridge.cpp:211] Ignored subdivision of a LaserScan message from sensor scan because previous subdivision time 639080301047377516 is not before current subdivision time 639080301047377516
[WARN] [1772433304.953904910] [cartographer logger]: W0302 15:35:04.000000 21415 sensor_bridge.cpp:211] Ignored subdivision of a LaserScan message from sensor scan because previous subdivision time 639080301048410150 is not before current subdivision time 639080301048410150
[WARN] [1772433305.058122547] [cartographer logger]: W0302 15:35:05.000000 21415 sensor_bridge.cpp:211] Ignored subdivision of a LaserScan message from sensor scan because previous subdivision time 639080301049463899 is not before current subdivision time 639080301049463899
[WARN] [1772433305.161575290] [cartographer logger]: W0302 15:35:05.000000 21415 sensor_bridge.cpp:211] Ignored subdivision of a LaserScan message from sensor scan because previous subdivision time 639080301050506522 is not before current subdivision time 639080301050506522
[WARN] [1772433305.265670848] [cartographer logger]: W0302 15:35:05.000000 21415 sensor_bridge.cpp:211] Ignored subdivision of a LaserScan message from sensor scan because previous subdivision time 639080301051549073 is not before current subdivision time 639080301051549073
[WARN] [1772433305.372448515] [cartographer logger]: W0302 15:35:05.000000 21415 sensor_bridge.cpp:211] Ignored subdivision of a LaserScan message from sensor scan because previous subdivision time 639080301052585002 is not before current subdivision time 639080301052585002
[WARN] [1772433305.534929268] [cartographer logger]: W0302 15:35:05.000000 21415 sensor_bridge.cpp:211] Ignored subdivision of a LaserScan message from sensor scan because previous subdivision time 639080301053653668 is not before current subdivision time 639080301053653668
[WARN] [1772433305.587569903] [cartographer logger]: W0302 15:35:05.000000 21415 sensor_bridge.cpp:211] Ignored subdivision of a LaserScan message from sensor scan because previous subdivision time 639080301054703858 is not before current subdivision time 639080301054703858
[WARN] [1772433305.699799641] [cartographer logger]: W0302 15:35:05.000000 21415 sensor_bridge.cpp:211] Ignored subdivision of a LaserScan message from sensor scan because previous subdivision time 639080301055776464 is not before current subdivision time 639080301055776464
[WARN] [1772433305.807559959] [cartographer logger]: W0302 15:35:05.000000 21415 sensor_bridge.cpp:211] Ignored subdivision of a LaserScan message from sensor scan because previous subdivision time 639080301056918819 is not before current subdivision time 639080301056918819
[WARN] [1772433305.910827743] [cartographer logger]: W0302 15:35:05.000000 21415 sensor_bridge.cpp:211] Ignored subdivision of a LaserScan message from sensor scan because previous subdivision time 639080301057996781 is not before current subdivision time 639080301057996781
[WARN] [1772433306.016891019] [cartographer logger]: W0302 15:35:06.000000 21415 sensor_bridge.cpp:211] Ignored subdivision of a LaserScan message from sensor scan because previous subdivision time 639080301059040814 is not before current subdivision time 639080301059040814
[WARN] [1772433306.123633572] [cartographer logger]: W0302 15:35:06.000000 21415 sensor_bridge.cpp:211] Ignored subdivision of a LaserScan message from sensor scan because previous subdivision time 639080301060090228 is not before current subdivision time 639080301060090228
[WARN] [1772433306.230702231] [cartographer logger]: W0302 15:35:06.000000 21415 sensor_bridge.cpp:211] Ignored subdivision of a LaserScan message from sensor scan because previous subdivision time 639080301061139279 is not before current subdivision time 639080301061139279
[WARN] [1772433306.354967432] [cartographer logger]: W0302 15:35:06.000000 21415 sensor_bridge.cpp:211] Ignored subdivision of a LaserScan message from sensor scan because previous subdivision time 639080301062240212 is not before current subdivision time 639080301062240212
[WARN] [1772433306.483633282] [cartographer logger]: W0302 15:35:06.000000 21415 sensor_bridge.cpp:211] Ignored subdivision of a LaserScan message from sensor scan because previous subdivision time 639080301063462085 is not before current subdivision time 639080301063462085
[WARN] [1772433306.608558626] [cartographer logger]: W0302 15:35:06.000000 21415 sensor_bridge.cpp:211] Ignored subdivision of a LaserScan message from sensor scan because previous subdivision time 639080301064737070 is not before current subdivision time 639080301064737070
[WARN] [1772433306.720719527] [cartographer logger]: W0302 15:35:06.000000 21415 sensor_bridge.cpp:211] Ignored subdivision of a LaserScan message from sensor scan because previous subdivision time 639080301066000332 is not before current subdivision time 639080301066000332
[WARN] [1772433306.864178930] [cartographer logger]: W0302 15:35:06.000000 21415 sensor_bridge.cpp:211] Ignored subdivision of a LaserScan message from sensor scan because previous subdivision time 639080301067141507 is not before current subdivision time 639080301067141507
[WARN] [1772433306.979446418] [cartographer logger]: W0302 15:35:06.000000 21415 sensor_bridge.cpp:211] Ignored subdivision of a LaserScan message from sensor scan because previous subdivision time 639080301068566262 is not before current subdivision time 639080301068566262
[WARN] [1772433307.095415870] [cartographer logger]: W0302 15:35:07.000000 21415 sensor_bridge.cpp:211] Ignored subdivision of a LaserScan message from sensor scan because previous subdivision time 639080301069720565 is not before current subdivision time 639080301069720565
[WARN] [1772433307.215319549] [cartographer logger]: W0302 15:35:07.000000 21415 sensor_bridge.cpp:211] Ignored subdivision of a LaserScan message from sensor scan because previous subdivision time 639080301070881872 is not before current subdivision time 639080301070881872
[WARN] [1772433307.319419130] [cartographer logger]: W0302 15:35:07.000000 21415 sensor_bridge.cpp:211] Ignored subdivision of a LaserScan message from sensor scan because previous subdivision time 639080301072075198 is not before current subdivision time 639080301072075198
[INFO] [1772433307.421365898] [cartographer logger]: I0302 15:35:07.000000 21415 pose_graph_2d.cc:148] Inserted submap (0, 2).
[WARN] [1772433307.421509502] [cartographer logger]: W0302 15:35:07.000000 21415 sensor_bridge.cpp:211] Ignored subdivision of a LaserScan message from sensor scan because previous subdivision time 639080301073115827 is not before current subdivision time 639080301073115827
[WARN] [1772433307.527168365] [cartographer logger]: W0302 15:35:07.000000 21415 sensor_bridge.cpp:211] Ignored subdivision of a LaserScan message from sensor scan because previous subdivision time 639080301074150695 is not before current subdivision time 639080301074150695
[WARN] [1772433307.631092565] [cartographer logger]: W0302 15:35:07.000000 21415 sensor_bridge.cpp:211] Ignored subdivision of a LaserScan message from sensor scan because previous subdivision time 639080301075194377 is not before current subdivision time 639080301075194377
[WARN] [1772433307.734881818] [cartographer logger]: W0302 15:35:07.000000 21415 sensor_bridge.cpp:211] Ignored subdivision of a LaserScan message from sensor scan because previous subdivision time 639080301076229693 is not before current subdivision time 639080301076229693
[WARN] [1772433307.845846965] [cartographer logger]: W0302 15:35:07.000000 21415 sensor_bridge.cpp:211] Ignored subdivision of a LaserScan message from sensor scan because previous subdivision time 639080301077263670 is not before current subdivision time 639080301077263670
[WARN] [1772433307.950897740] [cartographer logger]: W0302 15:35:07.000000 21415 sensor_bridge.cpp:211] Ignored subdivision of a LaserScan message from sensor scan because previous subdivision time 639080301078387898 is not before current subdivision time 639080301078387898
[WARN] [1772433313.908938021] [cartographer logger]: W0302 15:35:13.000000 21415 sensor_bridge.cpp:211] Ignored subdivision of a LaserScan message from sensor scan because previous subdivision time 639080301079443760 is not before current subdivision time 639080301079443760
[WARN] [1772433314.015769943] [cartographer logger]: W0302 15:35:14.000000 21415 sensor_bridge.cpp:211] Ignored subdivision of a LaserScan message from sensor scan because previous subdivision time 639080301138993912 is not before current subdivision time 639080301138993912
[WARN] [1772433314.126335006] [cartographer logger]: W0302 15:35:14.000000 21415 sensor_bridge.cpp:211] Ignored subdivision of a LaserScan message from sensor scan because previous subdivision time 639080301140081613 is not before current subdivision time 639080301140081613
[WARN] [1772433307.886729571] [cartographer logger]: W0302 15:35:07.000000 21415 sensor_bridge.cpp:211] Ignored subdivision of a LaserScan message from sensor scan because previous subdivision time 639080301141184265 is not before current subdivision time 639080301141184265
[INFO] [1772433308.442010642] [rclcpp]: signal_handler(SIGINT/SIGTERM)
