[INFO] [1772433894.821795242] [cartographer logger]: I0302 15:44:54.000000 26999 configuration_file_resolver.cc:41] Found '/home/tkddn647/test/install/localization_layer/share/localization_layer/config/cartographer_2d_mapping_lidar_only.lua' for 'cartographer_2d_mapping_lidar_only.lua'.
[INFO] [1772433894.822259372] [cartographer logger]: I0302 15:44:54.000000 26999 configuration_file_resolver.cc:41] Found '/home/tkddn647/test/install/localization_layer/share/localization_layer/config/map_builder_mapping.lua' for 'map_builder_mapping.lua'.
[INFO] [1772433894.822306597] [cartographer logger]: I0302 15:44:54.000000 26999 configuration_file_resolver.cc:41] Found '/home/tkddn647/test/install/localization_layer/share/localization_layer/config/map_builder_mapping.lua' for 'map_builder_mapping.lua'.
[INFO] [1772433894.822351222] [cartographer logger]: I0302 15:44:54.000000 26999 configuration_file_resolver.cc:41] Found '/home/tkddn647/test/install/localization_layer/share/localization_layer/config/pose_graph_mapping.lua' for 'pose_graph_mapping.lua'.
[INFO] [1772433894.822371038] [cartographer logger]: I0302 15:44:54.000000 26999 configuration_file_resolver.cc:41] Found '/home/tkddn647/test/install/localization_layer/share/localization_layer/config/pose_graph_mapping.lua' for 'pose_graph_mapping.lua'.
[INFO] [1772433894.822506630] [cartographer logger]: I0302 15:44:54.000000 26999 configuration_file_resolver.cc:41] Found '/home/tkddn647/test/install/localization_layer/share/localization_layer/config/trajectory_builder.lua' for 'trajectory_builder.lua'.
[INFO] [1772433894.822540167] [cartographer logger]: I0302 15:44:54.000000 26999 configuration_file_resolver.cc:41] Found '/home/tkddn647/test/install/localization_layer/share/localization_layer/config/trajectory_builder.lua' for 'trajectory_builder.lua'.
[INFO] [1772433894.822601433] [cartographer logger]: I0302 15:44:54.000000 26999 configuration_file_resolver.cc:41] Found '/opt/ros/humble/share/cartographer/configuration_files/trajectory_builder_2d.lua' for 'trajectory_builder_2d.lua'.
[INFO] [1772433894.822626396] [cartographer logger]: I0302 15:44:54.000000 26999 configuration_file_resolver.cc:41] Found '/opt/ros/humble/share/cartographer/configuration_files/trajectory_builder_2d.lua' for 'trajectory_builder_2d.lua'.
[INFO] [1772433894.822763432] [cartographer logger]: I0302 15:44:54.000000 26999 configuration_file_resolver.cc:41] Found '/opt/ros/humble/share/cartographer/configuration_files/trajectory_builder_3d.lua' for 'trajectory_builder_3d.lua'.
[INFO] [1772433894.822788935] [cartographer logger]: I0302 15:44:54.000000 26999 configuration_file_resolver.cc:41] Found '/opt/ros/humble/share/cartographer/configuration_files/trajectory_builder_3d.lua' for 'trajectory_builder_3d.lua'.
[INFO] [1772433894.854672679] [cartographer logger]: I0302 15:44:54.000000 26999 map_builder_bridge.cpp:136] Added trajectory with ID '0'.
[INFO] [1772433895.383668866] [cartographer logger]: I0302 15:44:55.000000 26999 ordered_multi_queue.cc:172] All sensor data for trajectory 0 is available starting at '639080306952805683'.
[WARN] [1772433895.385068410] [cartographer logger]: W0302 15:44:55.000000 26999 pose_extrapolator.cc:168] Queue too short for velocity estimation. Queue duration: 0 s
[WARN] [1772433895.386558404] [cartographer logger]: W0302 15:44:55.000000 26999 fixed_ratio_sampler.cc:26] FixedRatioSampler is dropping all data.
[INFO] [1772433895.386601540] [cartographer logger]: I0302 15:44:55.000000 26999 pose_graph_2d.cc:148] Inserted submap (0, 0).
[WARN] [1772433895.386667182] [cartographer logger]: W0302 15:44:55.000000 26999 sensor_bridge.cpp:211] Ignored subdivision of a LaserScan message from sensor scan because previous subdivision time 639080306952805683 is not before current subdivision time 639080306952805683
[WARN] [1772433895.493460025] [cartographer logger]: W0302 15:44:55.000000 26999 sensor_bridge.cpp:211] Ignored subdivision of a LaserScan message from sensor scan because previous subdivision time 639080306953833292 is not before current subdivision time 639080306953833292
[WARN] [1772433895.595289728] [cartographer logger]: W0302 15:44:55.000000 26999 sensor_bridge.cpp:211] Ignored subdivision of a LaserScan message from sensor scan because previous subdivision time 639080306954857459 is not before current subdivision time 639080306954857459
[WARN] [1772433895.697889187] [cartographer logger]: W0302 15:44:55.000000 26999 sensor_bridge.cpp:211] Ignored subdivision of a LaserScan message from sensor scan because previous subdivision time 639080306955881030 is not before current subdivision time 639080306955881030
[WARN] [1772433895.798654437] [cartographer logger]: W0302 15:44:55.000000 26999 sensor_bridge.cpp:211] Ignored subdivision of a LaserScan message from sensor scan because previous subdivision time 639080306956906633 is not before current subdivision time 639080306956906633
[WARN] [1772433895.901237488] [cartographer logger]: W0302 15:44:55.000000 26999 sensor_bridge.cpp:211] Ignored subdivision of a LaserScan message from sensor scan because previous subdivision time 639080306957919311 is not before current subdivision time 639080306957919311
[WARN] [1772433896.006277751] [cartographer logger]: W0302 15:44:56.000000 26999 sensor_bridge.cpp:211] Ignored subdivision of a LaserScan message from sensor scan because previous subdivision time 639080306958943651 is not before current subdivision time 639080306958943651
[WARN] [1772433896.108094304] [cartographer logger]: W0302 15:44:56.000000 26999 sensor_bridge.cpp:211] Ignored subdivision of a LaserScan message from sensor scan because previous subdivision time 639080306959993765 is not before current subdivision time 639080306959993765
[WARN] [1772433896.211070673] [cartographer logger]: W0302 15:44:56.000000 26999 sensor_bridge.cpp:211] Ignored subdivision of a LaserScan message from sensor scan because previous subdivision time 639080306961006643 is not before current subdivision time 639080306961006643
[WARN] [1772433896.313873906] [cartographer logger]: W0302 15:44:56.000000 26999 sensor_bridge.cpp:211] Ignored subdivision of a LaserScan message from sensor scan because previous subdivision time 639080306962041646 is not before current subdivision time 639080306962041646
[WARN] [1772433896.418224408] [cartographer logger]: W0302 15:44:56.000000 26999 sensor_bridge.cpp:211] Ignored subdivision of a LaserScan message from sensor scan because previous subdivision time 639080306963066970 is not before current subdivision time 639080306963066970
[WARN] [1772433896.517451737] [cartographer logger]: W0302 15:44:56.000000 26999 sensor_bridge.cpp:211] Ignored subdivision of a LaserScan message from sensor scan because previous subdivision time 639080306964111209 is not before current subdivision time 639080306964111209
[WARN] [1772433896.622381414] [cartographer logger]: W0302 15:44:56.000000 26999 sensor_bridge.cpp:211] Ignored subdivision of a LaserScan message from sensor scan because previous subdivision time 639080306965116675 is not before current subdivision time 639080306965116675
[WARN] [1772433896.732184782] [cartographer logger]: W0302 15:44:56.000000 26999 sensor_bridge.cpp:211] Ignored subdivision of a LaserScan message from sensor scan because previous subdivision time 639080306966144043 is not before current subdivision time 639080306966144043
[WARN] [1772433896.833576940] [cartographer logger]: W0302 15:44:56.000000 26999 sensor_bridge.cpp:211] Ignored subdivision of a LaserScan message from sensor scan because previous subdivision time 639080306967246371 is not before current subdivision time 639080306967246371
[WARN] [1772433896.939803390] [cartographer logger]: W0302 15:44:56.000000 26999 sensor_bridge.cpp:211] Ignored subdivision of a LaserScan message from sensor scan because previous subdivision time 639080306968268018 is not before current subdivision time 639080306968268018
[WARN] [1772433897.052652545] [cartographer logger]: W0302 15:44:57.000000 26999 sensor_bridge.cpp:211] Ignored subdivision of a LaserScan message from sensor scan because previous subdivision time 639080306969329224 is not before current subdivision time 639080306969329224
[WARN] [1772433897.157301394] [cartographer logger]: W0302 15:44:57.000000 26999 sensor_bridge.cpp:211] Ignored subdivision of a LaserScan message from sensor scan because previous subdivision time 639080306970472047 is not before current subdivision time 639080306970472047
[WARN] [1772433897.260309944] [cartographer logger]: W0302 15:44:57.000000 26999 sensor_bridge.cpp:211] Ignored subdivision of a LaserScan message from sensor scan because previous subdivision time 639080306971511420 is not before current subdivision time 639080306971511420
[WARN] [1772433897.384467289] [cartographer logger]: W0302 15:44:57.000000 26999 sensor_bridge.cpp:211] Ignored subdivision of a LaserScan message from sensor scan because previous subdivision time 639080306972520298 is not before current subdivision time 639080306972520298
[WARN] [1772433897.488108702] [cartographer logger]: W0302 15:44:57.000000 26999 sensor_bridge.cpp:211] Ignored subdivision of a LaserScan message from sensor scan because previous subdivision time 639080306973783571 is not before current subdivision time 639080306973783571
[WARN] [1772433897.588788392] [cartographer logger]: W0302 15:44:57.000000 26999 sensor_bridge.cpp:211] Ignored subdivision of a LaserScan message from sensor scan because previous subdivision time 639080306974809182 is not before current subdivision time 639080306974809182
[WARN] [1772433897.689791455] [cartographer logger]: W0302 15:44:57.000000 26999 sensor_bridge.cpp:211] Ignored subdivision of a LaserScan message from sensor scan because previous subdivision time 639080306975811206 is not before current subdivision time 639080306975811206
[WARN] [1772433897.794877315] [cartographer logger]: W0302 15:44:57.000000 26999 sensor_bridge.cpp:211] Ignored subdivision of a LaserScan message from sensor scan because previous subdivision time 639080306976834135 is not before current subdivision time 639080306976834135
[WARN] [1772433897.897829995] [cartographer logger]: W0302 15:44:57.000000 26999 sensor_bridge.cpp:211] Ignored subdivision of a LaserScan message from sensor scan because previous subdivision time 639080306977887092 is not before current subdivision time 639080306977887092
[WARN] [1772433898.000655852] [cartographer logger]: W0302 15:44:58.000000 26999 sensor_bridge.cpp:211] Ignored subdivision of a LaserScan message from sensor scan because previous subdivision time 639080306978905097 is not before current subdivision time 639080306978905097
[WARN] [1772433898.106324512] [cartographer logger]: W0302 15:44:58.000000 26999 sensor_bridge.cpp:211] Ignored subdivision of a LaserScan message from sensor scan because previous subdivision time 639080306979941774 is not before current subdivision time 639080306979941774
[WARN] [1772433898.210102103] [cartographer logger]: W0302 15:44:58.000000 26999 sensor_bridge.cpp:211] Ignored subdivision of a LaserScan message from sensor scan because previous subdivision time 639080306981001055 is not before current subdivision time 639080306981001055
[WARN] [1772433898.312062967] [cartographer logger]: W0302 15:44:58.000000 26999 sensor_bridge.cpp:211] Ignored subdivision of a LaserScan message from sensor scan because previous subdivision time 639080306982027191 is not before current subdivision time 639080306982027191
[WARN] [1772433898.418439854] [cartographer logger]: W0302 15:44:58.000000 26999 sensor_bridge.cpp:211] Ignored subdivision of a LaserScan message from sensor scan because previous subdivision time 639080306983058277 is not before current subdivision time 639080306983058277
[WARN] [1772433898.519287601] [cartographer logger]: W0302 15:44:58.000000 26999 sensor_bridge.cpp:211] Ignored subdivision of a LaserScan message from sensor scan because previous subdivision time 639080306984109330 is not before current subdivision time 639080306984109330
[WARN] [1772433898.626645275] [cartographer logger]: W0302 15:44:58.000000 26999 sensor_bridge.cpp:211] Ignored subdivision of a LaserScan message from sensor scan because previous subdivision time 639080306985128683 is not before current subdivision time 639080306985128683
[WARN] [1772433898.727440617] [cartographer logger]: W0302 15:44:58.000000 26999 sensor_bridge.cpp:211] Ignored subdivision of a LaserScan message from sensor scan because previous subdivision time 639080306986196965 is not before current subdivision time 639080306986196965
[WARN] [1772433898.831070588] [cartographer logger]: W0302 15:44:58.000000 26999 sensor_bridge.cpp:211] Ignored subdivision of a LaserScan message from sensor scan because previous subdivision time 639080306987207155 is not before current subdivision time 639080306987207155
[WARN] [1772433904.794472339] [cartographer logger]: W0302 15:45:04.000000 26999 sensor_bridge.cpp:211] Ignored subdivision of a LaserScan message from sensor scan because previous subdivision time 639080306988243334 is not before current subdivision time 639080306988243334
[WARN] [1772433904.897213936] [cartographer logger]: W0302 15:45:04.000000 26999 sensor_bridge.cpp:211] Ignored subdivision of a LaserScan message from sensor scan because previous subdivision time 639080307047871158 is not before current subdivision time 639080307047871158
[WARN] [1772433904.999612712] [cartographer logger]: W0302 15:45:04.000000 26999 sensor_bridge.cpp:211] Ignored subdivision of a LaserScan message from sensor scan because previous subdivision time 639080307048900069 is not before current subdivision time 639080307048900069
[WARN] [1772433898.734005042] [cartographer logger]: W0302 15:44:58.000000 26999 sensor_bridge.cpp:211] Ignored subdivision of a LaserScan message from sensor scan because previous subdivision time 639080307049916204 is not before current subdivision time 639080307049916204
[WARN] [1772433905.120791000] [cartographer logger]: W0302 15:45:05.000000 26999 sensor_bridge.cpp:211] Ignored subdivision of a LaserScan message from sensor scan because previous subdivision time 639080307050055881 is not before current subdivision time 639080307050055881
[WARN] [1772433905.223879148] [cartographer logger]: W0302 15:45:05.000000 26999 sensor_bridge.cpp:211] Ignored subdivision of a LaserScan message from sensor scan because previous subdivision time 639080307051132955 is not before current subdivision time 639080307051132955
[WARN] [1772433905.332771187] [cartographer logger]: W0302 15:45:05.000000 26999 sensor_bridge.cpp:211] Ignored subdivision of a LaserScan message from sensor scan because previous subdivision time 639080307052172287 is not before current subdivision time 639080307052172287
[WARN] [1772433905.443206738] [cartographer logger]: W0302 15:45:05.000000 26999 sensor_bridge.cpp:211] Ignored subdivision of a LaserScan message from sensor scan because previous subdivision time 639080307053240031 is not before current subdivision time 639080307053240031
[WARN] [1772433905.559062725] [cartographer logger]: W0302 15:45:05.000000 26999 sensor_bridge.cpp:211] Ignored subdivision of a LaserScan message from sensor scan because previous subdivision time 639080307054354492 is not before current subdivision time 639080307054354492
[WARN] [1772433905.662022918] [cartographer logger]: W0302 15:45:05.000000 26999 sensor_bridge.cpp:211] Ignored subdivision of a LaserScan message from sensor scan because previous subdivision time 639080307055499229 is not before current subdivision time 639080307055499229
[WARN] [1772433905.768207958] [cartographer logger]: W0302 15:45:05.000000 26999 sensor_bridge.cpp:211] Ignored subdivision of a LaserScan message from sensor scan because previous subdivision time 639080307056551470 is not before current subdivision time 639080307056551470
[WARN] [1772433905.874143781] [cartographer logger]: W0302 15:45:05.000000 26999 sensor_bridge.cpp:211] Ignored subdivision of a LaserScan message from sensor scan because previous subdivision time 639080307057604985 is not before current subdivision time 639080307057604985
[WARN] [1772433905.978388302] [cartographer logger]: W0302 15:45:05.000000 26999 sensor_bridge.cpp:211] Ignored subdivision of a LaserScan message from sensor scan because previous subdivision time 639080307058661545 is not before current subdivision time 639080307058661545
[WARN] [1772433906.083711312] [cartographer logger]: W0302 15:45:06.000000 26999 sensor_bridge.cpp:211] Ignored subdivision of a LaserScan message from sensor scan because previous subdivision time 639080307059721966 is not before current subdivision time 639080307059721966
[WARN] [1772433906.191389001] [cartographer logger]: W0302 15:45:06.000000 26999 sensor_bridge.cpp:211] Ignored subdivision of a LaserScan message from sensor scan because previous subdivision time 639080307060774526 is not before current subdivision time 639080307060774526
[WARN] [1772433906.297279752] [cartographer logger]: W0302 15:45:06.000000 26999 sensor_bridge.cpp:211] Ignored subdivision of a LaserScan message from sensor scan because previous subdivision time 639080307061826569 is not before current subdivision time 639080307061826569
[WARN] [1772433906.407414230] [cartographer logger]: W0302 15:45:06.000000 26999 sensor_bridge.cpp:211] Ignored subdivision of a LaserScan message from sensor scan because previous subdivision time 639080307062895034 is not before current subdivision time 639080307062895034
[WARN] [1772433906.513687614] [cartographer logger]: W0302 15:45:06.000000 26999 sensor_bridge.cpp:211] Ignored subdivision of a LaserScan message from sensor scan because previous subdivision time 639080307063998860 is not before current subdivision time 639080307063998860
[WARN] [1772433906.618261399] [cartographer logger]: W0302 15:45:06.000000 26999 sensor_bridge.cpp:211] Ignored subdivision of a LaserScan message from sensor scan because previous subdivision time 639080307065058531 is not before current subdivision time 639080307065058531
[WARN] [1772433906.724757401] [cartographer logger]: W0302 15:45:06.000000 26999 sensor_bridge.cpp:211] Ignored subdivision of a LaserScan message from sensor scan because previous subdivision time 639080307066110627 is not before current subdivision time 639080307066110627
[WARN] [1772433906.829723084] [cartographer logger]: W0302 15:45:06.000000 26999 sensor_bridge.cpp:211] Ignored subdivision of a LaserScan message from sensor scan because previous subdivision time 639080307067168528 is not before current subdivision time 639080307067168528
[WARN] [1772433906.934525809] [cartographer logger]: W0302 15:45:06.000000 26999 sensor_bridge.cpp:211] Ignored subdivision of a LaserScan message from sensor scan because previous subdivision time 639080307068224953 is not before current subdivision time 639080307068224953
[WARN] [1772433907.039197751] [cartographer logger]: W0302 15:45:07.000000 26999 sensor_bridge.cpp:211] Ignored subdivision of a LaserScan message from sensor scan because previous subdivision time 639080307069267959 is not before current subdivision time 639080307069267959
[WARN] [1772433907.144850629] [cartographer logger]: W0302 15:45:07.000000 26999 sensor_bridge.cpp:211] Ignored subdivision of a LaserScan message from sensor scan because previous subdivision time 639080307070331769 is not before current subdivision time 639080307070331769
[WARN] [1772433907.250621932] [cartographer logger]: W0302 15:45:07.000000 26999 sensor_bridge.cpp:211] Ignored subdivision of a LaserScan message from sensor scan because previous subdivision time 639080307071380077 is not before current subdivision time 639080307071380077
[WARN] [1772433907.362425571] [cartographer logger]: W0302 15:45:07.000000 26999 sensor_bridge.cpp:211] Ignored subdivision of a LaserScan message from sensor scan because previous subdivision time 639080307072438692 is not before current subdivision time 639080307072438692
[WARN] [1772433907.478650457] [cartographer logger]: W0302 15:45:07.000000 26999 sensor_bridge.cpp:211] Ignored subdivision of a LaserScan message from sensor scan because previous subdivision time 639080307073560909 is not before current subdivision time 639080307073560909
[WARN] [1772433907.584774854] [cartographer logger]: W0302 15:45:07.000000 26999 sensor_bridge.cpp:211] Ignored subdivision of a LaserScan message from sensor scan because previous subdivision time 639080307074708952 is not before current subdivision time 639080307074708952
[WARN] [1772433907.694634166] [cartographer logger]: W0302 15:45:07.000000 26999 sensor_bridge.cpp:211] Ignored subdivision of a LaserScan message from sensor scan because previous subdivision time 639080307075786838 is not before current subdivision time 639080307075786838
[WARN] [1772433907.801145907] [cartographer logger]: W0302 15:45:07.000000 26999 sensor_bridge.cpp:211] Ignored subdivision of a LaserScan message from sensor scan because previous subdivision time 639080307076869810 is not before current subdivision time 639080307076869810
[WARN] [1772433907.905566392] [cartographer logger]: W0302 15:45:07.000000 26999 sensor_bridge.cpp:211] Ignored subdivision of a LaserScan message from sensor scan because previous subdivision time 639080307077930243 is not before current subdivision time 639080307077930243
[WARN] [1772433908.014474518] [cartographer logger]: W0302 15:45:08.000000 26999 sensor_bridge.cpp:211] Ignored subdivision of a LaserScan message from sensor scan because previous subdivision time 639080307078988609 is not before current subdivision time 639080307078988609
[WARN] [1772433908.122923248] [cartographer logger]: W0302 15:45:08.000000 26999 sensor_bridge.cpp:211] Ignored subdivision of a LaserScan message from sensor scan because previous subdivision time 639080307080069922 is not before current subdivision time 639080307080069922
[WARN] [1772433908.231619542] [cartographer logger]: W0302 15:45:08.000000 26999 sensor_bridge.cpp:211] Ignored subdivision of a LaserScan message from sensor scan because previous subdivision time 639080307081164750 is not before current subdivision time 639080307081164750
[WARN] [1772433908.340339617] [cartographer logger]: W0302 15:45:08.000000 26999 sensor_bridge.cpp:211] Ignored subdivision of a LaserScan message from sensor scan because previous subdivision time 639080307082257008 is not before current subdivision time 639080307082257008
[WARN] [1772433908.445659373] [cartographer logger]: W0302 15:45:08.000000 26999 sensor_bridge.cpp:211] Ignored subdivision of a LaserScan message from sensor scan because previous subdivision time 639080307083329679 is not before current subdivision time 639080307083329679
[WARN] [1772433908.554717434] [cartographer logger]: W0302 15:45:08.000000 26999 sensor_bridge.cpp:211] Ignored subdivision of a LaserScan message from sensor scan because previous subdivision time 639080307084383472 is not before current subdivision time 639080307084383472
[WARN] [1772433908.665812302] [cartographer logger]: W0302 15:45:08.000000 26999 sensor_bridge.cpp:211] Ignored subdivision of a LaserScan message from sensor scan because previous subdivision time 639080307085469033 is not before current subdivision time 639080307085469033
[WARN] [1772433908.781146899] [cartographer logger]: W0302 15:45:08.000000 26999 sensor_bridge.cpp:211] Ignored subdivision of a LaserScan message from sensor scan because previous subdivision time 639080307086587541 is not before current subdivision time 639080307086587541
[INFO] [1772433914.736887971] [cartographer logger]: I0302 15:45:14.000000 26999 collated_trajectory_builder.cc:81] scan rate: 5.41 Hz 1.85e-01 s +/- 6.86e-01 s (pulsed at 93.10% real time)
[WARN] [1772433914.744124596] [cartographer logger]: W0302 15:45:14.000000 26999 sensor_bridge.cpp:211] Ignored subdivision of a LaserScan message from sensor scan because previous subdivision time 639080307087737977 is not before current subdivision time 639080307087737977
[WARN] [1772433914.857974717] [cartographer logger]: W0302 15:45:14.000000 26999 sensor_bridge.cpp:211] Ignored subdivision of a LaserScan message from sensor scan because previous subdivision time 639080307147373047 is not before current subdivision time 639080307147373047
[WARN] [1772433914.968931600] [cartographer logger]: W0302 15:45:14.000000 26999 sensor_bridge.cpp:211] Ignored subdivision of a LaserScan message from sensor scan because previous subdivision time 639080307148506810 is not before current subdivision time 639080307148506810
[WARN] [1772433915.085525943] [cartographer logger]: W0302 15:45:15.000000 26999 sensor_bridge.cpp:211] Ignored subdivision of a LaserScan message from sensor scan because previous subdivision time 639080307149631922 is not before current subdivision time 639080307149631922
[WARN] [1772433908.822439088] [cartographer logger]: W0302 15:45:08.000000 26999 sensor_bridge.cpp:211] Ignored subdivision of a LaserScan message from sensor scan because previous subdivision time 639080307150779793 is not before current subdivision time 639080307150779793
[WARN] [1772433915.221037832] [cartographer logger]: W0302 15:45:15.000000 26999 sensor_bridge.cpp:211] Ignored subdivision of a LaserScan message from sensor scan because previous subdivision time 639080307151020992 is not before current subdivision time 639080307151020992
[WARN] [1772433915.334157302] [cartographer logger]: W0302 15:45:15.000000 26999 sensor_bridge.cpp:211] Ignored subdivision of a LaserScan message from sensor scan because previous subdivision time 639080307152136160 is not before current subdivision time 639080307152136160
[WARN] [1772433915.441866846] [cartographer logger]: W0302 15:45:15.000000 26999 sensor_bridge.cpp:211] Ignored subdivision of a LaserScan message from sensor scan because previous subdivision time 639080307153274093 is not before current subdivision time 639080307153274093
[WARN] [1772433915.550689860] [cartographer logger]: W0302 15:45:15.000000 26999 sensor_bridge.cpp:211] Ignored subdivision of a LaserScan message from sensor scan because previous subdivision time 639080307154348932 is not before current subdivision time 639080307154348932
[WARN] [1772433915.656852707] [cartographer logger]: W0302 15:45:15.000000 26999 sensor_bridge.cpp:211] Ignored subdivision of a LaserScan message from sensor scan because previous subdivision time 639080307155440004 is not before current subdivision time 639080307155440004
[WARN] [1772433915.762245159] [cartographer logger]: W0302 15:45:15.000000 26999 sensor_bridge.cpp:211] Ignored subdivision of a LaserScan message from sensor scan because previous subdivision time 639080307156494445 is not before current subdivision time 639080307156494445
[WARN] [1772433915.869974988] [cartographer logger]: W0302 15:45:15.000000 26999 sensor_bridge.cpp:211] Ignored subdivision of a LaserScan message from sensor scan because previous subdivision time 639080307157547811 is not before current subdivision time 639080307157547811
[WARN] [1772433915.978885161] [cartographer logger]: W0302 15:45:15.000000 26999 sensor_bridge.cpp:211] Ignored subdivision of a LaserScan message from sensor scan because previous subdivision time 639080307158627068 is not before current subdivision time 639080307158627068
[WARN] [1772433916.085388978] [cartographer logger]: W0302 15:45:16.000000 26999 sensor_bridge.cpp:211] Ignored subdivision of a LaserScan message from sensor scan because previous subdivision time 639080307159728005 is not before current subdivision time 639080307159728005
[WARN] [1772433916.192680923] [cartographer logger]: W0302 15:45:16.000000 26999 sensor_bridge.cpp:211] Ignored subdivision of a LaserScan message from sensor scan because previous subdivision time 639080307160799723 is not before current subdivision time 639080307160799723
[WARN] [1772433916.299625902] [cartographer logger]: W0302 15:45:16.000000 26999 sensor_bridge.cpp:211] Ignored subdivision of a LaserScan message from sensor scan because previous subdivision time 639080307161858403 is not before current subdivision time 639080307161858403
[WARN] [1772433916.405727835] [cartographer logger]: W0302 15:45:16.000000 26999 sensor_bridge.cpp:211] Ignored subdivision of a LaserScan message from sensor scan because previous subdivision time 639080307162930009 is not before current subdivision time 639080307162930009
[WARN] [1772433916.511172780] [cartographer logger]: W0302 15:45:16.000000 26999 sensor_bridge.cpp:211] Ignored subdivision of a LaserScan message from sensor scan because previous subdivision time 639080307163987071 is not before current subdivision time 639080307163987071
[WARN] [1772433916.620902020] [cartographer logger]: W0302 15:45:16.000000 26999 sensor_bridge.cpp:211] Ignored subdivision of a LaserScan message from sensor scan because previous subdivision time 639080307165048336 is not before current subdivision time 639080307165048336
[WARN] [1772433916.726815978] [cartographer logger]: W0302 15:45:16.000000 26999 sensor_bridge.cpp:211] Ignored subdivision of a LaserScan message from sensor scan because previous subdivision time 639080307166131418 is not before current subdivision time 639080307166131418
[WARN] [1772433916.832842758] [cartographer logger]: W0302 15:45:16.000000 26999 sensor_bridge.cpp:211] Ignored subdivision of a LaserScan message from sensor scan because previous subdivision time 639080307167200306 is not before current subdivision time 639080307167200306
[WARN] [1772433916.941600255] [cartographer logger]: W0302 15:45:16.000000 26999 sensor_bridge.cpp:211] Ignored subdivision of a LaserScan message from sensor scan because previous subdivision time 639080307168260236 is not before current subdivision time 639080307168260236
[WARN] [1772433917.050051129] [cartographer logger]: W0302 15:45:17.000000 26999 sensor_bridge.cpp:211] Ignored subdivision of a LaserScan message from sensor scan because previous subdivision time 639080307169354906 is not before current subdivision time 639080307169354906
[WARN] [1772433917.161199868] [cartographer logger]: W0302 15:45:17.000000 26999 sensor_bridge.cpp:211] Ignored subdivision of a LaserScan message from sensor scan because previous subdivision time 639080307170432756 is not before current subdivision time 639080307170432756
[WARN] [1772433917.268965686] [cartographer logger]: W0302 15:45:17.000000 26999 sensor_bridge.cpp:211] Ignored subdivision of a LaserScan message from sensor scan because previous subdivision time 639080307171539043 is not before current subdivision time 639080307171539043
[WARN] [1772433917.382834221] [cartographer logger]: W0302 15:45:17.000000 26999 sensor_bridge.cpp:211] Ignored subdivision of a LaserScan message from sensor scan because previous subdivision time 639080307172620857 is not before current subdivision time 639080307172620857
[WARN] [1772433917.489884091] [cartographer logger]: W0302 15:45:17.000000 26999 sensor_bridge.cpp:211] Ignored subdivision of a LaserScan message from sensor scan because previous subdivision time 639080307173745210 is not before current subdivision time 639080307173745210
[WARN] [1772433917.600370414] [cartographer logger]: W0302 15:45:17.000000 26999 sensor_bridge.cpp:211] Ignored subdivision of a LaserScan message from sensor scan because previous subdivision time 639080307174835810 is not before current subdivision time 639080307174835810
[WARN] [1772433917.711135143] [cartographer logger]: W0302 15:45:17.000000 26999 sensor_bridge.cpp:211] Ignored subdivision of a LaserScan message from sensor scan because previous subdivision time 639080307175945592 is not before current subdivision time 639080307175945592
[WARN] [1772433917.826857360] [cartographer logger]: W0302 15:45:17.000000 26999 sensor_bridge.cpp:211] Ignored subdivision of a LaserScan message from sensor scan because previous subdivision time 639080307177049920 is not before current subdivision time 639080307177049920
[WARN] [1772433917.943830120] [cartographer logger]: W0302 15:45:17.000000 26999 sensor_bridge.cpp:211] Ignored subdivision of a LaserScan message from sensor scan because previous subdivision time 639080307178197296 is not before current subdivision time 639080307178197296
[WARN] [1772433918.056331384] [cartographer logger]: W0302 15:45:18.000000 26999 sensor_bridge.cpp:211] Ignored subdivision of a LaserScan message from sensor scan because previous subdivision time 639080307179370412 is not before current subdivision time 639080307179370412
[WARN] [1772433918.166295483] [cartographer logger]: W0302 15:45:18.000000 26999 sensor_bridge.cpp:211] Ignored subdivision of a LaserScan message from sensor scan because previous subdivision time 639080307180478612 is not before current subdivision time 639080307180478612
[WARN] [1772433918.274351248] [cartographer logger]: W0302 15:45:18.000000 26999 sensor_bridge.cpp:211] Ignored subdivision of a LaserScan message from sensor scan because previous subdivision time 639080307181581871 is not before current subdivision time 639080307181581871
[WARN] [1772433918.388863523] [cartographer logger]: W0302 15:45:18.000000 26999 sensor_bridge.cpp:211] Ignored subdivision of a LaserScan message from sensor scan because previous subdivision time 639080307182676438 is not before current subdivision time 639080307182676438
[WARN] [1772433918.497094617] [cartographer logger]: W0302 15:45:18.000000 26999 sensor_bridge.cpp:211] Ignored subdivision of a LaserScan message from sensor scan because previous subdivision time 639080307183821260 is not before current subdivision time 639080307183821260
[WARN] [1772433918.607755686] [cartographer logger]: W0302 15:45:18.000000 26999 sensor_bridge.cpp:211] Ignored subdivision of a LaserScan message from sensor scan because previous subdivision time 639080307184891756 is not before current subdivision time 639080307184891756
[WARN] [1772433918.721543285] [cartographer logger]: W0302 15:45:18.000000 26999 sensor_bridge.cpp:211] Ignored subdivision of a LaserScan message from sensor scan because previous subdivision time 639080307186000708 is not before current subdivision time 639080307186000708
[WARN] [1772433918.833880629] [cartographer logger]: W0302 15:45:18.000000 26999 sensor_bridge.cpp:211] Ignored subdivision of a LaserScan message from sensor scan because previous subdivision time 639080307187150305 is not before current subdivision time 639080307187150305
[WARN] [1772433924.766848309] [cartographer logger]: W0302 15:45:24.000000 26999 sensor_bridge.cpp:211] Ignored subdivision of a LaserScan message from sensor scan because previous subdivision time 639080307188268197 is not before current subdivision time 639080307188268197
[WARN] [1772433924.876891212] [cartographer logger]: W0302 15:45:24.000000 26999 sensor_bridge.cpp:211] Ignored subdivision of a LaserScan message from sensor scan because previous subdivision time 639080307247601326 is not before current subdivision time 639080307247601326
[WARN] [1772433924.995509573] [cartographer logger]: W0302 15:45:24.000000 26999 sensor_bridge.cpp:211] Ignored subdivision of a LaserScan message from sensor scan because previous subdivision time 639080307248693848 is not before current subdivision time 639080307248693848
[WARN] [1772433925.097676289] [cartographer logger]: W0302 15:45:25.000000 26999 sensor_bridge.cpp:211] Ignored subdivision of a LaserScan message from sensor scan because previous subdivision time 639080307249795269 is not before current subdivision time 639080307249795269
[WARN] [1772433918.812442285] [cartographer logger]: W0302 15:45:18.000000 26999 sensor_bridge.cpp:211] Ignored subdivision of a LaserScan message from sensor scan because previous subdivision time 639080307250897060 is not before current subdivision time 639080307250897060
[INFO] [1772433925.208574939] [cartographer logger]: I0302 15:45:25.000000 26999 collated_trajectory_builder.cc:81] scan rate: 3.90 Hz 2.56e-01 s +/- 9.33e-01 s (pulsed at 90.83% real time)
[WARN] [1772433925.215834024] [cartographer logger]: W0302 15:45:25.000000 26999 sensor_bridge.cpp:211] Ignored subdivision of a LaserScan message from sensor scan because previous subdivision time 639080307251055630 is not before current subdivision time 639080307251055630
[WARN] [1772433925.325373629] [cartographer logger]: W0302 15:45:25.000000 26999 sensor_bridge.cpp:211] Ignored subdivision of a LaserScan message from sensor scan because previous subdivision time 639080307252090301 is not before current subdivision time 639080307252090301
[WARN] [1772433925.435649488] [cartographer logger]: W0302 15:45:25.000000 26999 sensor_bridge.cpp:211] Ignored subdivision of a LaserScan message from sensor scan because previous subdivision time 639080307253175239 is not before current subdivision time 639080307253175239
[WARN] [1772433925.544577645] [cartographer logger]: W0302 15:45:25.000000 26999 sensor_bridge.cpp:211] Ignored subdivision of a LaserScan message from sensor scan because previous subdivision time 639080307254286484 is not before current subdivision time 639080307254286484
[WARN] [1772433925.655262238] [cartographer logger]: W0302 15:45:25.000000 26999 sensor_bridge.cpp:211] Ignored subdivision of a LaserScan message from sensor scan because previous subdivision time 639080307255373621 is not before current subdivision time 639080307255373621
[WARN] [1772433925.776405964] [cartographer logger]: W0302 15:45:25.000000 26999 sensor_bridge.cpp:211] Ignored subdivision of a LaserScan message from sensor scan because previous subdivision time 639080307256469689 is not before current subdivision time 639080307256469689
[WARN] [1772433925.891352816] [cartographer logger]: W0302 15:45:25.000000 26999 sensor_bridge.cpp:211] Ignored subdivision of a LaserScan message from sensor scan because previous subdivision time 639080307257698993 is not before current subdivision time 639080307257698993
[WARN] [1772433926.008202004] [cartographer logger]: W0302 15:45:26.000000 26999 sensor_bridge.cpp:211] Ignored subdivision of a LaserScan message from sensor scan because previous subdivision time 639080307258840252 is not before current subdivision time 639080307258840252
[WARN] [1772433926.134723826] [cartographer logger]: W0302 15:45:26.000000 26999 sensor_bridge.cpp:211] Ignored subdivision of a LaserScan message from sensor scan because previous subdivision time 639080307259997878 is not before current subdivision time 639080307259997878
[WARN] [1772433926.273532690] [cartographer logger]: W0302 15:45:26.000000 26999 sensor_bridge.cpp:211] Ignored subdivision of a LaserScan message from sensor scan because previous subdivision time 639080307261276725 is not before current subdivision time 639080307261276725
[WARN] [1772433926.394069043] [cartographer logger]: W0302 15:45:26.000000 26999 sensor_bridge.cpp:211] Ignored subdivision of a LaserScan message from sensor scan because previous subdivision time 639080307262661117 is not before current subdivision time 639080307262661117
[WARN] [1772433926.505292393] [cartographer logger]: W0302 15:45:26.000000 26999 sensor_bridge.cpp:211] Ignored subdivision of a LaserScan message from sensor scan because previous subdivision time 639080307263871052 is not before current subdivision time 639080307263871052
[WARN] [1772433926.615583370] [cartographer logger]: W0302 15:45:26.000000 26999 sensor_bridge.cpp:211] Ignored subdivision of a LaserScan message from sensor scan because previous subdivision time 639080307264978697 is not before current subdivision time 639080307264978697
[WARN] [1772433926.722480517] [cartographer logger]: W0302 15:45:26.000000 26999 sensor_bridge.cpp:211] Ignored subdivision of a LaserScan message from sensor scan because previous subdivision time 639080307266075667 is not before current subdivision time 639080307266075667
[WARN] [1772433926.830236383] [cartographer logger]: W0302 15:45:26.000000 26999 sensor_bridge.cpp:211] Ignored subdivision of a LaserScan message from sensor scan because previous subdivision time 639080307267146135 is not before current subdivision time 639080307267146135
[WARN] [1772433926.936990731] [cartographer logger]: W0302 15:45:26.000000 26999 sensor_bridge.cpp:211] Ignored subdivision of a LaserScan message from sensor scan because previous subdivision time 639080307268228674 is not before current subdivision time 639080307268228674
[WARN] [1772433927.046106262] [cartographer logger]: W0302 15:45:27.000000 26999 sensor_bridge.cpp:211] Ignored subdivision of a LaserScan message from sensor scan because previous subdivision time 639080307269304052 is not before current subdivision time 639080307269304052
[WARN] [1772433927.151592153] [cartographer logger]: W0302 15:45:27.000000 26999 sensor_bridge.cpp:211] Ignored subdivision of a LaserScan message from sensor scan because previous subdivision time 639080307270390051 is not before current subdivision time 639080307270390051
[WARN] [1772433927.261265765] [cartographer logger]: W0302 15:45:27.000000 26999 sensor_bridge.cpp:211] Ignored subdivision of a LaserScan message from sensor scan because previous subdivision time 639080307271462178 is not before current subdivision time 639080307271462178
[WARN] [1772433927.368509391] [cartographer logger]: W0302 15:45:27.000000 26999 sensor_bridge.cpp:211] Ignored subdivision of a LaserScan message from sensor scan because previous subdivision time 639080307272548168 is not before current subdivision time 639080307272548168
[WARN] [1772433927.473277401] [cartographer logger]: W0302 15:45:27.000000 26999 sensor_bridge.cpp:211] Ignored subdivision of a LaserScan message from sensor scan because previous subdivision time 639080307273615577 is not before current subdivision time 639080307273615577
[WARN] [1772433927.584016517] [cartographer logger]: W0302 15:45:27.000000 26999 sensor_bridge.cpp:211] Ignored subdivision of a LaserScan message from sensor scan because previous subdivision time 639080307274683407 is not before current subdivision time 639080307274683407
[WARN] [1772433927.690272437] [cartographer logger]: W0302 15:45:27.000000 26999 sensor_bridge.cpp:211] Ignored subdivision of a LaserScan message from sensor scan because previous subdivision time 639080307275769686 is not before current subdivision time 639080307275769686
[WARN] [1772433927.797511039] [cartographer logger]: W0302 15:45:27.000000 26999 sensor_bridge.cpp:211] Ignored subdivision of a LaserScan message from sensor scan because previous subdivision time 639080307276838114 is not before current subdivision time 639080307276838114
[INFO] [1772433927.882836265] [rclcpp]: signal_handler(SIGINT/SIGTERM)
