[INFO] [1772433791.944587172] [cartographer logger]: I0302 15:43:11.000000 25989 configuration_file_resolver.cc:41] Found '/home/tkddn647/test/install/localization_layer/share/localization_layer/config/cartographer_2d_mapping_lidar_only.lua' for 'cartographer_2d_mapping_lidar_only.lua'.
[INFO] [1772433791.945743448] [cartographer logger]: I0302 15:43:11.000000 25989 configuration_file_resolver.cc:41] Found '/home/tkddn647/test/install/localization_layer/share/localization_layer/config/map_builder_mapping.lua' for 'map_builder_mapping.lua'.
[INFO] [1772433791.945785879] [cartographer logger]: I0302 15:43:11.000000 25989 configuration_file_resolver.cc:41] Found '/home/tkddn647/test/install/localization_layer/share/localization_layer/config/map_builder_mapping.lua' for 'map_builder_mapping.lua'.
[INFO] [1772433791.945852402] [cartographer logger]: I0302 15:43:11.000000 25989 configuration_file_resolver.cc:41] Found '/home/tkddn647/test/install/localization_layer/share/localization_layer/config/pose_graph_mapping.lua' for 'pose_graph_mapping.lua'.
[INFO] [1772433791.945878225] [cartographer logger]: I0302 15:43:11.000000 25989 configuration_file_resolver.cc:41] Found '/home/tkddn647/test/install/localization_layer/share/localization_layer/config/pose_graph_mapping.lua' for 'pose_graph_mapping.lua'.
[INFO] [1772433791.946078918] [cartographer logger]: I0302 15:43:11.000000 25989 configuration_file_resolver.cc:41] Found '/home/tkddn647/test/install/localization_layer/share/localization_layer/config/trajectory_builder.lua' for 'trajectory_builder.lua'.
[INFO] [1772433791.946115839] [cartographer logger]: I0302 15:43:11.000000 25989 configuration_file_resolver.cc:41] Found '/home/tkddn647/test/install/localization_layer/share/localization_layer/config/trajectory_builder.lua' for 'trajectory_builder.lua'.
[INFO] [1772433791.946187112] [cartographer logger]: I0302 15:43:11.000000 25989 configuration_file_resolver.cc:41] Found '/opt/ros/humble/share/cartographer/configuration_files/trajectory_builder_2d.lua' for 'trajectory_builder_2d.lua'.
[INFO] [1772433791.946220154] [cartographer logger]: I0302 15:43:11.000000 25989 configuration_file_resolver.cc:41] Found '/opt/ros/humble/share/cartographer/configuration_files/trajectory_builder_2d.lua' for 'trajectory_builder_2d.lua'.
[INFO] [1772433791.946385459] [cartographer logger]: I0302 15:43:11.000000 25989 configuration_file_resolver.cc:41] Found '/opt/ros/humble/share/cartographer/configuration_files/trajectory_builder_3d.lua' for 'trajectory_builder_3d.lua'.
[INFO] [1772433791.946420076] [cartographer logger]: I0302 15:43:11.000000 25989 configuration_file_resolver.cc:41] Found '/opt/ros/humble/share/cartographer/configuration_files/trajectory_builder_3d.lua' for 'trajectory_builder_3d.lua'.
[INFO] [1772433791.981536209] [cartographer logger]: I0302 15:43:11.000000 25989 map_builder_bridge.cpp:136] Added trajectory with ID '0'.
[INFO] [1772433792.490749607] [cartographer logger]: I0302 15:43:12.000000 25989 ordered_multi_queue.cc:172] All sensor data for trajectory 0 is available starting at '639080305923917413'.
[WARN] [1772433792.492453750] [cartographer logger]: W0302 15:43:12.000000 25989 pose_extrapolator.cc:168] Queue too short for velocity estimation. Queue duration: 0 s
[WARN] [1772433792.493652380] [cartographer logger]: W0302 15:43:12.000000 25989 fixed_ratio_sampler.cc:26] FixedRatioSampler is dropping all data.
[INFO] [1772433792.493694094] [cartographer logger]: I0302 15:43:12.000000 25989 pose_graph_2d.cc:148] Inserted submap (0, 0).
[WARN] [1772433792.493756948] [cartographer logger]: W0302 15:43:12.000000 25989 sensor_bridge.cpp:211] Ignored subdivision of a LaserScan message from sensor scan because previous subdivision time 639080305923917413 is not before current subdivision time 639080305923917413
[WARN] [1772433792.595589021] [cartographer logger]: W0302 15:43:12.000000 25989 sensor_bridge.cpp:211] Ignored subdivision of a LaserScan message from sensor scan because previous subdivision time 639080305924906589 is not before current subdivision time 639080305924906589
[WARN] [1772433792.712418279] [cartographer logger]: W0302 15:43:12.000000 25989 sensor_bridge.cpp:211] Ignored subdivision of a LaserScan message from sensor scan because previous subdivision time 639080305925881171 is not before current subdivision time 639080305925881171
[WARN] [1772433792.813605478] [cartographer logger]: W0302 15:43:12.000000 25989 sensor_bridge.cpp:211] Ignored subdivision of a LaserScan message from sensor scan because previous subdivision time 639080305927055095 is not before current subdivision time 639080305927055095
[WARN] [1772433792.910747584] [cartographer logger]: W0302 15:43:12.000000 25989 sensor_bridge.cpp:211] Ignored subdivision of a LaserScan message from sensor scan because previous subdivision time 639080305928062859 is not before current subdivision time 639080305928062859
[WARN] [1772433793.006566735] [cartographer logger]: W0302 15:43:13.000000 25989 sensor_bridge.cpp:211] Ignored subdivision of a LaserScan message from sensor scan because previous subdivision time 639080305929026369 is not before current subdivision time 639080305929026369
[WARN] [1772433793.102440892] [cartographer logger]: W0302 15:43:13.000000 25989 sensor_bridge.cpp:211] Ignored subdivision of a LaserScan message from sensor scan because previous subdivision time 639080305929995208 is not before current subdivision time 639080305929995208
[WARN] [1772433793.198581528] [cartographer logger]: W0302 15:43:13.000000 25989 sensor_bridge.cpp:211] Ignored subdivision of a LaserScan message from sensor scan because previous subdivision time 639080305930953140 is not before current subdivision time 639080305930953140
[WARN] [1772433793.297041780] [cartographer logger]: W0302 15:43:13.000000 25989 sensor_bridge.cpp:211] Ignored subdivision of a LaserScan message from sensor scan because previous subdivision time 639080305931919259 is not before current subdivision time 639080305931919259
[WARN] [1772433793.401558424] [cartographer logger]: W0302 15:43:13.000000 25989 sensor_bridge.cpp:211] Ignored subdivision of a LaserScan message from sensor scan because previous subdivision time 639080305932899419 is not before current subdivision time 639080305932899419
[WARN] [1772433793.506616109] [cartographer logger]: W0302 15:43:13.000000 25989 sensor_bridge.cpp:211] Ignored subdivision of a LaserScan message from sensor scan because previous subdivision time 639080305933947664 is not before current subdivision time 639080305933947664
[WARN] [1772433793.608862251] [cartographer logger]: W0302 15:43:13.000000 25989 sensor_bridge.cpp:211] Ignored subdivision of a LaserScan message from sensor scan because previous subdivision time 639080305934999920 is not before current subdivision time 639080305934999920
[WARN] [1772433799.565121348] [cartographer logger]: W0302 15:43:19.000000 25989 sensor_bridge.cpp:211] Ignored subdivision of a LaserScan message from sensor scan because previous subdivision time 639080305936019929 is not before current subdivision time 639080305936019929
[WARN] [1772433799.662407948] [cartographer logger]: W0302 15:43:19.000000 25989 sensor_bridge.cpp:211] Ignored subdivision of a LaserScan message from sensor scan because previous subdivision time 639080305995580680 is not before current subdivision time 639080305995580680
[WARN] [1772433799.762362851] [cartographer logger]: W0302 15:43:19.000000 25989 sensor_bridge.cpp:211] Ignored subdivision of a LaserScan message from sensor scan because previous subdivision time 639080305996555208 is not before current subdivision time 639080305996555208
[WARN] [1772433799.860082567] [cartographer logger]: W0302 15:43:19.000000 25989 sensor_bridge.cpp:211] Ignored subdivision of a LaserScan message from sensor scan because previous subdivision time 639080305997538857 is not before current subdivision time 639080305997538857
[WARN] [1772433793.602703851] [cartographer logger]: W0302 15:43:13.000000 25989 sensor_bridge.cpp:211] Ignored subdivision of a LaserScan message from sensor scan because previous subdivision time 639080305998544466 is not before current subdivision time 639080305998544466
[WARN] [1772433799.973383588] [cartographer logger]: W0302 15:43:19.000000 25989 sensor_bridge.cpp:211] Ignored subdivision of a LaserScan message from sensor scan because previous subdivision time 639080305998669149 is not before current subdivision time 639080305998669149
[WARN] [1772433800.075463567] [cartographer logger]: W0302 15:43:20.000000 25989 sensor_bridge.cpp:211] Ignored subdivision of a LaserScan message from sensor scan because previous subdivision time 639080305999649387 is not before current subdivision time 639080305999649387
[WARN] [1772433800.174732640] [cartographer logger]: W0302 15:43:20.000000 25989 sensor_bridge.cpp:211] Ignored subdivision of a LaserScan message from sensor scan because previous subdivision time 639080306000678465 is not before current subdivision time 639080306000678465
[WARN] [1772433800.280908723] [cartographer logger]: W0302 15:43:20.000000 25989 sensor_bridge.cpp:211] Ignored subdivision of a LaserScan message from sensor scan because previous subdivision time 639080306001672546 is not before current subdivision time 639080306001672546
[WARN] [1772433800.385106958] [cartographer logger]: W0302 15:43:20.000000 25989 sensor_bridge.cpp:211] Ignored subdivision of a LaserScan message from sensor scan because previous subdivision time 639080306002730211 is not before current subdivision time 639080306002730211
[WARN] [1772433800.487605186] [cartographer logger]: W0302 15:43:20.000000 25989 sensor_bridge.cpp:211] Ignored subdivision of a LaserScan message from sensor scan because previous subdivision time 639080306003776543 is not before current subdivision time 639080306003776543
[WARN] [1772433800.588545036] [cartographer logger]: W0302 15:43:20.000000 25989 sensor_bridge.cpp:211] Ignored subdivision of a LaserScan message from sensor scan because previous subdivision time 639080306004809593 is not before current subdivision time 639080306004809593
[WARN] [1772433800.694455412] [cartographer logger]: W0302 15:43:20.000000 25989 sensor_bridge.cpp:211] Ignored subdivision of a LaserScan message from sensor scan because previous subdivision time 639080306005821335 is not before current subdivision time 639080306005821335
[WARN] [1772433800.801047793] [cartographer logger]: W0302 15:43:20.000000 25989 sensor_bridge.cpp:211] Ignored subdivision of a LaserScan message from sensor scan because previous subdivision time 639080306006882492 is not before current subdivision time 639080306006882492
[WARN] [1772433800.912511701] [cartographer logger]: W0302 15:43:20.000000 25989 sensor_bridge.cpp:211] Ignored subdivision of a LaserScan message from sensor scan because previous subdivision time 639080306007936810 is not before current subdivision time 639080306007936810
[WARN] [1772433801.013870645] [cartographer logger]: W0302 15:43:21.000000 25989 sensor_bridge.cpp:211] Ignored subdivision of a LaserScan message from sensor scan because previous subdivision time 639080306009061875 is not before current subdivision time 639080306009061875
[WARN] [1772433801.114190890] [cartographer logger]: W0302 15:43:21.000000 25989 sensor_bridge.cpp:211] Ignored subdivision of a LaserScan message from sensor scan because previous subdivision time 639080306010070893 is not before current subdivision time 639080306010070893
[WARN] [1772433801.214946758] [cartographer logger]: W0302 15:43:21.000000 25989 sensor_bridge.cpp:211] Ignored subdivision of a LaserScan message from sensor scan because previous subdivision time 639080306011069976 is not before current subdivision time 639080306011069976
[WARN] [1772433801.320679429] [cartographer logger]: W0302 15:43:21.000000 25989 sensor_bridge.cpp:211] Ignored subdivision of a LaserScan message from sensor scan because previous subdivision time 639080306012075069 is not before current subdivision time 639080306012075069
[WARN] [1772433801.424362138] [cartographer logger]: W0302 15:43:21.000000 25989 sensor_bridge.cpp:211] Ignored subdivision of a LaserScan message from sensor scan because previous subdivision time 639080306013143521 is not before current subdivision time 639080306013143521
[WARN] [1772433801.526503195] [cartographer logger]: W0302 15:43:21.000000 25989 sensor_bridge.cpp:211] Ignored subdivision of a LaserScan message from sensor scan because previous subdivision time 639080306014168877 is not before current subdivision time 639080306014168877
[WARN] [1772433801.627667304] [cartographer logger]: W0302 15:43:21.000000 25989 sensor_bridge.cpp:211] Ignored subdivision of a LaserScan message from sensor scan because previous subdivision time 639080306015200005 is not before current subdivision time 639080306015200005
[WARN] [1772433801.729347285] [cartographer logger]: W0302 15:43:21.000000 25989 sensor_bridge.cpp:211] Ignored subdivision of a LaserScan message from sensor scan because previous subdivision time 639080306016217209 is not before current subdivision time 639080306016217209
[WARN] [1772433801.831375213] [cartographer logger]: W0302 15:43:21.000000 25989 sensor_bridge.cpp:211] Ignored subdivision of a LaserScan message from sensor scan because previous subdivision time 639080306017217301 is not before current subdivision time 639080306017217301
[WARN] [1772433801.930550727] [cartographer logger]: W0302 15:43:21.000000 25989 sensor_bridge.cpp:211] Ignored subdivision of a LaserScan message from sensor scan because previous subdivision time 639080306018233578 is not before current subdivision time 639080306018233578
[WARN] [1772433802.039485576] [cartographer logger]: W0302 15:43:22.000000 25989 sensor_bridge.cpp:211] Ignored subdivision of a LaserScan message from sensor scan because previous subdivision time 639080306019246327 is not before current subdivision time 639080306019246327
[WARN] [1772433802.143763655] [cartographer logger]: W0302 15:43:22.000000 25989 sensor_bridge.cpp:211] Ignored subdivision of a LaserScan message from sensor scan because previous subdivision time 639080306020317203 is not before current subdivision time 639080306020317203
[WARN] [1772433802.253848260] [cartographer logger]: W0302 15:43:22.000000 25989 sensor_bridge.cpp:211] Ignored subdivision of a LaserScan message from sensor scan because previous subdivision time 639080306021372037 is not before current subdivision time 639080306021372037
[WARN] [1772433802.358471773] [cartographer logger]: W0302 15:43:22.000000 25989 sensor_bridge.cpp:211] Ignored subdivision of a LaserScan message from sensor scan because previous subdivision time 639080306022479677 is not before current subdivision time 639080306022479677
[WARN] [1772433802.459011204] [cartographer logger]: W0302 15:43:22.000000 25989 sensor_bridge.cpp:211] Ignored subdivision of a LaserScan message from sensor scan because previous subdivision time 639080306023518035 is not before current subdivision time 639080306023518035
[WARN] [1772433802.559543294] [cartographer logger]: W0302 15:43:22.000000 25989 sensor_bridge.cpp:211] Ignored subdivision of a LaserScan message from sensor scan because previous subdivision time 639080306024518732 is not before current subdivision time 639080306024518732
[WARN] [1772433802.663254992] [cartographer logger]: W0302 15:43:22.000000 25989 sensor_bridge.cpp:211] Ignored subdivision of a LaserScan message from sensor scan because previous subdivision time 639080306025521090 is not before current subdivision time 639080306025521090
[WARN] [1772433802.763844327] [cartographer logger]: W0302 15:43:22.000000 25989 sensor_bridge.cpp:211] Ignored subdivision of a LaserScan message from sensor scan because previous subdivision time 639080306026569243 is not before current subdivision time 639080306026569243
[WARN] [1772433802.865271717] [cartographer logger]: W0302 15:43:22.000000 25989 sensor_bridge.cpp:211] Ignored subdivision of a LaserScan message from sensor scan because previous subdivision time 639080306027576864 is not before current subdivision time 639080306027576864
[WARN] [1772433802.969405572] [cartographer logger]: W0302 15:43:22.000000 25989 sensor_bridge.cpp:211] Ignored subdivision of a LaserScan message from sensor scan because previous subdivision time 639080306028578573 is not before current subdivision time 639080306028578573
[WARN] [1772433803.072273510] [cartographer logger]: W0302 15:43:23.000000 25989 sensor_bridge.cpp:211] Ignored subdivision of a LaserScan message from sensor scan because previous subdivision time 639080306029634752 is not before current subdivision time 639080306029634752
[WARN] [1772433803.171455217] [cartographer logger]: W0302 15:43:23.000000 25989 sensor_bridge.cpp:211] Ignored subdivision of a LaserScan message from sensor scan because previous subdivision time 639080306030642606 is not before current subdivision time 639080306030642606
[WARN] [1772433803.274448888] [cartographer logger]: W0302 15:43:23.000000 25989 sensor_bridge.cpp:211] Ignored subdivision of a LaserScan message from sensor scan because previous subdivision time 639080306031650168 is not before current subdivision time 639080306031650168
[WARN] [1772433803.373594418] [cartographer logger]: W0302 15:43:23.000000 25989 sensor_bridge.cpp:211] Ignored subdivision of a LaserScan message from sensor scan because previous subdivision time 639080306032669128 is not before current subdivision time 639080306032669128
[WARN] [1772433803.480786674] [cartographer logger]: W0302 15:43:23.000000 25989 sensor_bridge.cpp:211] Ignored subdivision of a LaserScan message from sensor scan because previous subdivision time 639080306033676301 is not before current subdivision time 639080306033676301
[WARN] [1772433803.583502078] [cartographer logger]: W0302 15:43:23.000000 25989 sensor_bridge.cpp:211] Ignored subdivision of a LaserScan message from sensor scan because previous subdivision time 639080306034740584 is not before current subdivision time 639080306034740584
[WARN] [1772433809.563942280] [cartographer logger]: W0302 15:43:29.000000 25989 sensor_bridge.cpp:211] Ignored subdivision of a LaserScan message from sensor scan because previous subdivision time 639080306035762970 is not before current subdivision time 639080306035762970
[WARN] [1772433809.667979856] [cartographer logger]: W0302 15:43:29.000000 25989 sensor_bridge.cpp:211] Ignored subdivision of a LaserScan message from sensor scan because previous subdivision time 639080306095557820 is not before current subdivision time 639080306095557820
[WARN] [1772433809.769607454] [cartographer logger]: W0302 15:43:29.000000 25989 sensor_bridge.cpp:211] Ignored subdivision of a LaserScan message from sensor scan because previous subdivision time 639080306096620376 is not before current subdivision time 639080306096620376
[WARN] [1772433809.870062167] [cartographer logger]: W0302 15:43:29.000000 25989 sensor_bridge.cpp:211] Ignored subdivision of a LaserScan message from sensor scan because previous subdivision time 639080306097624844 is not before current subdivision time 639080306097624844
[WARN] [1772433803.586653567] [cartographer logger]: W0302 15:43:23.000000 25989 sensor_bridge.cpp:211] Ignored subdivision of a LaserScan message from sensor scan because previous subdivision time 639080306098628305 is not before current subdivision time 639080306098628305
[INFO] [1772433809.965856532] [cartographer logger]: I0302 15:43:29.000000 25989 collated_trajectory_builder.cc:81] scan rate: 4.10 Hz 2.44e-01 s +/- 9.18e-01 s (pulsed at 90.82% real time)
[WARN] [1772433809.972172642] [cartographer logger]: W0302 15:43:29.000000 25989 sensor_bridge.cpp:211] Ignored subdivision of a LaserScan message from sensor scan because previous subdivision time 639080306098670082 is not before current subdivision time 639080306098670082
[WARN] [1772433810.074072401] [cartographer logger]: W0302 15:43:30.000000 25989 sensor_bridge.cpp:211] Ignored subdivision of a LaserScan message from sensor scan because previous subdivision time 639080306099664837 is not before current subdivision time 639080306099664837
[WARN] [1772433810.176289488] [cartographer logger]: W0302 15:43:30.000000 25989 sensor_bridge.cpp:211] Ignored subdivision of a LaserScan message from sensor scan because previous subdivision time 639080306100671985 is not before current subdivision time 639080306100671985
[WARN] [1772433810.278764261] [cartographer logger]: W0302 15:43:30.000000 25989 sensor_bridge.cpp:211] Ignored subdivision of a LaserScan message from sensor scan because previous subdivision time 639080306101695693 is not before current subdivision time 639080306101695693
[WARN] [1772433810.387206886] [cartographer logger]: W0302 15:43:30.000000 25989 sensor_bridge.cpp:211] Ignored subdivision of a LaserScan message from sensor scan because previous subdivision time 639080306102724152 is not before current subdivision time 639080306102724152
[WARN] [1772433810.491945368] [cartographer logger]: W0302 15:43:30.000000 25989 sensor_bridge.cpp:211] Ignored subdivision of a LaserScan message from sensor scan because previous subdivision time 639080306103815673 is not before current subdivision time 639080306103815673
[WARN] [1772433810.595384004] [cartographer logger]: W0302 15:43:30.000000 25989 sensor_bridge.cpp:211] Ignored subdivision of a LaserScan message from sensor scan because previous subdivision time 639080306104836192 is not before current subdivision time 639080306104836192
[WARN] [1772433810.697689087] [cartographer logger]: W0302 15:43:30.000000 25989 sensor_bridge.cpp:211] Ignored subdivision of a LaserScan message from sensor scan because previous subdivision time 639080306105880890 is not before current subdivision time 639080306105880890
[WARN] [1772433810.799513160] [cartographer logger]: W0302 15:43:30.000000 25989 sensor_bridge.cpp:211] Ignored subdivision of a LaserScan message from sensor scan because previous subdivision time 639080306106908658 is not before current subdivision time 639080306106908658
[WARN] [1772433810.904612393] [cartographer logger]: W0302 15:43:30.000000 25989 sensor_bridge.cpp:211] Ignored subdivision of a LaserScan message from sensor scan because previous subdivision time 639080306107936396 is not before current subdivision time 639080306107936396
[WARN] [1772433811.008167812] [cartographer logger]: W0302 15:43:31.000000 25989 sensor_bridge.cpp:211] Ignored subdivision of a LaserScan message from sensor scan because previous subdivision time 639080306108981064 is not before current subdivision time 639080306108981064
[WARN] [1772433811.112247915] [cartographer logger]: W0302 15:43:31.000000 25989 sensor_bridge.cpp:211] Ignored subdivision of a LaserScan message from sensor scan because previous subdivision time 639080306110014891 is not before current subdivision time 639080306110014891
[WARN] [1772433811.213749817] [cartographer logger]: W0302 15:43:31.000000 25989 sensor_bridge.cpp:211] Ignored subdivision of a LaserScan message from sensor scan because previous subdivision time 639080306111043107 is not before current subdivision time 639080306111043107
[WARN] [1772433811.316647047] [cartographer logger]: W0302 15:43:31.000000 25989 sensor_bridge.cpp:211] Ignored subdivision of a LaserScan message from sensor scan because previous subdivision time 639080306112073398 is not before current subdivision time 639080306112073398
[WARN] [1772433811.420529158] [cartographer logger]: W0302 15:43:31.000000 25989 sensor_bridge.cpp:211] Ignored subdivision of a LaserScan message from sensor scan because previous subdivision time 639080306113101641 is not before current subdivision time 639080306113101641
[WARN] [1772433811.521902720] [cartographer logger]: W0302 15:43:31.000000 25989 sensor_bridge.cpp:211] Ignored subdivision of a LaserScan message from sensor scan because previous subdivision time 639080306114130360 is not before current subdivision time 639080306114130360
[WARN] [1772433811.623719462] [cartographer logger]: W0302 15:43:31.000000 25989 sensor_bridge.cpp:211] Ignored subdivision of a LaserScan message from sensor scan because previous subdivision time 639080306115150859 is not before current subdivision time 639080306115150859
[WARN] [1772433811.726724107] [cartographer logger]: W0302 15:43:31.000000 25989 sensor_bridge.cpp:211] Ignored subdivision of a LaserScan message from sensor scan because previous subdivision time 639080306116175416 is not before current subdivision time 639080306116175416
[WARN] [1772433811.827511867] [cartographer logger]: W0302 15:43:31.000000 25989 sensor_bridge.cpp:211] Ignored subdivision of a LaserScan message from sensor scan because previous subdivision time 639080306117187545 is not before current subdivision time 639080306117187545
[WARN] [1772433811.928150602] [cartographer logger]: W0302 15:43:31.000000 25989 sensor_bridge.cpp:211] Ignored subdivision of a LaserScan message from sensor scan because previous subdivision time 639080306118204482 is not before current subdivision time 639080306118204482
[WARN] [1772433812.032171544] [cartographer logger]: W0302 15:43:32.000000 25989 sensor_bridge.cpp:211] Ignored subdivision of a LaserScan message from sensor scan because previous subdivision time 639080306119217205 is not before current subdivision time 639080306119217205
[WARN] [1772433812.135111796] [cartographer logger]: W0302 15:43:32.000000 25989 sensor_bridge.cpp:211] Ignored subdivision of a LaserScan message from sensor scan because previous subdivision time 639080306120260027 is not before current subdivision time 639080306120260027
[WARN] [1772433812.238894476] [cartographer logger]: W0302 15:43:32.000000 25989 sensor_bridge.cpp:211] Ignored subdivision of a LaserScan message from sensor scan because previous subdivision time 639080306121286712 is not before current subdivision time 639080306121286712
[WARN] [1772433812.339991050] [cartographer logger]: W0302 15:43:32.000000 25989 sensor_bridge.cpp:211] Ignored subdivision of a LaserScan message from sensor scan because previous subdivision time 639080306122310820 is not before current subdivision time 639080306122310820
[WARN] [1772433812.446938101] [cartographer logger]: W0302 15:43:32.000000 25989 sensor_bridge.cpp:211] Ignored subdivision of a LaserScan message from sensor scan because previous subdivision time 639080306123340246 is not before current subdivision time 639080306123340246
[WARN] [1772433812.549356648] [cartographer logger]: W0302 15:43:32.000000 25989 sensor_bridge.cpp:211] Ignored subdivision of a LaserScan message from sensor scan because previous subdivision time 639080306124400828 is not before current subdivision time 639080306124400828
[WARN] [1772433812.652753547] [cartographer logger]: W0302 15:43:32.000000 25989 sensor_bridge.cpp:211] Ignored subdivision of a LaserScan message from sensor scan because previous subdivision time 639080306125429472 is not before current subdivision time 639080306125429472
[WARN] [1772433812.753858423] [cartographer logger]: W0302 15:43:32.000000 25989 sensor_bridge.cpp:211] Ignored subdivision of a LaserScan message from sensor scan because previous subdivision time 639080306126465577 is not before current subdivision time 639080306126465577
[WARN] [1772433812.855660620] [cartographer logger]: W0302 15:43:32.000000 25989 sensor_bridge.cpp:211] Ignored subdivision of a LaserScan message from sensor scan because previous subdivision time 639080306127470770 is not before current subdivision time 639080306127470770
[WARN] [1772433812.962051912] [cartographer logger]: W0302 15:43:32.000000 25989 sensor_bridge.cpp:211] Ignored subdivision of a LaserScan message from sensor scan because previous subdivision time 639080306128499129 is not before current subdivision time 639080306128499129
[WARN] [1772433813.065969535] [cartographer logger]: W0302 15:43:33.000000 25989 sensor_bridge.cpp:211] Ignored subdivision of a LaserScan message from sensor scan because previous subdivision time 639080306129546881 is not before current subdivision time 639080306129546881
[WARN] [1772433813.170846167] [cartographer logger]: W0302 15:43:33.000000 25989 sensor_bridge.cpp:211] Ignored subdivision of a LaserScan message from sensor scan because previous subdivision time 639080306130595119 is not before current subdivision time 639080306130595119
[WARN] [1772433813.274431239] [cartographer logger]: W0302 15:43:33.000000 25989 sensor_bridge.cpp:211] Ignored subdivision of a LaserScan message from sensor scan because previous subdivision time 639080306131645000 is not before current subdivision time 639080306131645000
[WARN] [1772433813.380169862] [cartographer logger]: W0302 15:43:33.000000 25989 sensor_bridge.cpp:211] Ignored subdivision of a LaserScan message from sensor scan because previous subdivision time 639080306132668904 is not before current subdivision time 639080306132668904
[WARN] [1772433813.482942888] [cartographer logger]: W0302 15:43:33.000000 25989 sensor_bridge.cpp:211] Ignored subdivision of a LaserScan message from sensor scan because previous subdivision time 639080306133730301 is not before current subdivision time 639080306133730301
[WARN] [1772433813.586897490] [cartographer logger]: W0302 15:43:33.000000 25989 sensor_bridge.cpp:211] Ignored subdivision of a LaserScan message from sensor scan because previous subdivision time 639080306134764910 is not before current subdivision time 639080306134764910
[WARN] [1772433819.577762818] [cartographer logger]: W0302 15:43:39.000000 25989 sensor_bridge.cpp:211] Ignored subdivision of a LaserScan message from sensor scan because previous subdivision time 639080306135813250 is not before current subdivision time 639080306135813250
[WARN] [1772433819.699714256] [cartographer logger]: W0302 15:43:39.000000 25989 sensor_bridge.cpp:211] Ignored subdivision of a LaserScan message from sensor scan because previous subdivision time 639080306195716204 is not before current subdivision time 639080306195716204
[WARN] [1772433819.785627116] [cartographer logger]: W0302 15:43:39.000000 25989 sensor_bridge.cpp:211] Ignored subdivision of a LaserScan message from sensor scan because previous subdivision time 639080306196754956 is not before current subdivision time 639080306196754956
[WARN] [1772433813.547494541] [cartographer logger]: W0302 15:43:33.000000 25989 sensor_bridge.cpp:211] Ignored subdivision of a LaserScan message from sensor scan because previous subdivision time 639080306197779365 is not before current subdivision time 639080306197779365
[WARN] [1772433813.650351061] [cartographer logger]: W0302 15:43:33.000000 25989 sensor_bridge.cpp:211] Ignored subdivision of a LaserScan message from sensor scan because previous subdivision time 639080306198812677 is not before current subdivision time 639080306198812677
[WARN] [1772433820.036748882] [cartographer logger]: W0302 15:43:40.000000 25989 sensor_bridge.cpp:211] Ignored subdivision of a LaserScan message from sensor scan because previous subdivision time 639080306199295059 is not before current subdivision time 639080306199295059
[WARN] [1772433820.146479315] [cartographer logger]: W0302 15:43:40.000000 25989 sensor_bridge.cpp:211] Ignored subdivision of a LaserScan message from sensor scan because previous subdivision time 639080306200312219 is not before current subdivision time 639080306200312219
[WARN] [1772433820.255122959] [cartographer logger]: W0302 15:43:40.000000 25989 sensor_bridge.cpp:211] Ignored subdivision of a LaserScan message from sensor scan because previous subdivision time 639080306201383178 is not before current subdivision time 639080306201383178
[WARN] [1772433820.358081553] [cartographer logger]: W0302 15:43:40.000000 25989 sensor_bridge.cpp:211] Ignored subdivision of a LaserScan message from sensor scan because previous subdivision time 639080306202480120 is not before current subdivision time 639080306202480120
[WARN] [1772433820.466002173] [cartographer logger]: W0302 15:43:40.000000 25989 sensor_bridge.cpp:211] Ignored subdivision of a LaserScan message from sensor scan because previous subdivision time 639080306203521731 is not before current subdivision time 639080306203521731
[WARN] [1772433820.573114287] [cartographer logger]: W0302 15:43:40.000000 25989 sensor_bridge.cpp:211] Ignored subdivision of a LaserScan message from sensor scan because previous subdivision time 639080306204601870 is not before current subdivision time 639080306204601870
[WARN] [1772433820.674677798] [cartographer logger]: W0302 15:43:40.000000 25989 sensor_bridge.cpp:211] Ignored subdivision of a LaserScan message from sensor scan because previous subdivision time 639080306205648079 is not before current subdivision time 639080306205648079
[WARN] [1772433820.794131772] [cartographer logger]: W0302 15:43:40.000000 25989 sensor_bridge.cpp:211] Ignored subdivision of a LaserScan message from sensor scan because previous subdivision time 639080306206683874 is not before current subdivision time 639080306206683874
[WARN] [1772433820.905389694] [cartographer logger]: W0302 15:43:40.000000 25989 sensor_bridge.cpp:211] Ignored subdivision of a LaserScan message from sensor scan because previous subdivision time 639080306207867540 is not before current subdivision time 639080306207867540
[WARN] [1772433821.014913715] [cartographer logger]: W0302 15:43:41.000000 25989 sensor_bridge.cpp:211] Ignored subdivision of a LaserScan message from sensor scan because previous subdivision time 639080306208991587 is not before current subdivision time 639080306208991587
[WARN] [1772433821.121221885] [cartographer logger]: W0302 15:43:41.000000 25989 sensor_bridge.cpp:211] Ignored subdivision of a LaserScan message from sensor scan because previous subdivision time 639080306210061841 is not before current subdivision time 639080306210061841
[WARN] [1772433821.229217283] [cartographer logger]: W0302 15:43:41.000000 25989 sensor_bridge.cpp:211] Ignored subdivision of a LaserScan message from sensor scan because previous subdivision time 639080306211148796 is not before current subdivision time 639080306211148796
[WARN] [1772433821.333609185] [cartographer logger]: W0302 15:43:41.000000 25989 sensor_bridge.cpp:211] Ignored subdivision of a LaserScan message from sensor scan because previous subdivision time 639080306212225534 is not before current subdivision time 639080306212225534
[WARN] [1772433821.439867068] [cartographer logger]: W0302 15:43:41.000000 25989 sensor_bridge.cpp:211] Ignored subdivision of a LaserScan message from sensor scan because previous subdivision time 639080306213254344 is not before current subdivision time 639080306213254344
[WARN] [1772433821.546078164] [cartographer logger]: W0302 15:43:41.000000 25989 sensor_bridge.cpp:211] Ignored subdivision of a LaserScan message from sensor scan because previous subdivision time 639080306214339362 is not before current subdivision time 639080306214339362
[WARN] [1772433821.652549701] [cartographer logger]: W0302 15:43:41.000000 25989 sensor_bridge.cpp:211] Ignored subdivision of a LaserScan message from sensor scan because previous subdivision time 639080306215389840 is not before current subdivision time 639080306215389840
[WARN] [1772433821.757054390] [cartographer logger]: W0302 15:43:41.000000 25989 sensor_bridge.cpp:211] Ignored subdivision of a LaserScan message from sensor scan because previous subdivision time 639080306216456214 is not before current subdivision time 639080306216456214
[WARN] [1772433821.866703745] [cartographer logger]: W0302 15:43:41.000000 25989 sensor_bridge.cpp:211] Ignored subdivision of a LaserScan message from sensor scan because previous subdivision time 639080306217503531 is not before current subdivision time 639080306217503531
[WARN] [1772433821.973566548] [cartographer logger]: W0302 15:43:41.000000 25989 sensor_bridge.cpp:211] Ignored subdivision of a LaserScan message from sensor scan because previous subdivision time 639080306218603954 is not before current subdivision time 639080306218603954
[WARN] [1772433822.075765644] [cartographer logger]: W0302 15:43:42.000000 25989 sensor_bridge.cpp:211] Ignored subdivision of a LaserScan message from sensor scan because previous subdivision time 639080306219660082 is not before current subdivision time 639080306219660082
[WARN] [1772433822.183343358] [cartographer logger]: W0302 15:43:42.000000 25989 sensor_bridge.cpp:211] Ignored subdivision of a LaserScan message from sensor scan because previous subdivision time 639080306220690804 is not before current subdivision time 639080306220690804
[WARN] [1772433822.284949333] [cartographer logger]: W0302 15:43:42.000000 25989 sensor_bridge.cpp:211] Ignored subdivision of a LaserScan message from sensor scan because previous subdivision time 639080306221766293 is not before current subdivision time 639080306221766293
[WARN] [1772433822.389705119] [cartographer logger]: W0302 15:43:42.000000 25989 sensor_bridge.cpp:211] Ignored subdivision of a LaserScan message from sensor scan because previous subdivision time 639080306222786938 is not before current subdivision time 639080306222786938
[WARN] [1772433822.494705514] [cartographer logger]: W0302 15:43:42.000000 25989 sensor_bridge.cpp:211] Ignored subdivision of a LaserScan message from sensor scan because previous subdivision time 639080306223822443 is not before current subdivision time 639080306223822443
[WARN] [1772433822.604635576] [cartographer logger]: W0302 15:43:42.000000 25989 sensor_bridge.cpp:211] Ignored subdivision of a LaserScan message from sensor scan because previous subdivision time 639080306224875113 is not before current subdivision time 639080306224875113
[WARN] [1772433822.723486677] [cartographer logger]: W0302 15:43:42.000000 25989 sensor_bridge.cpp:211] Ignored subdivision of a LaserScan message from sensor scan because previous subdivision time 639080306225989971 is not before current subdivision time 639080306225989971
[WARN] [1772433822.846938898] [cartographer logger]: W0302 15:43:42.000000 25989 sensor_bridge.cpp:211] Ignored subdivision of a LaserScan message from sensor scan because previous subdivision time 639080306227166844 is not before current subdivision time 639080306227166844
[WARN] [1772433822.968546654] [cartographer logger]: W0302 15:43:42.000000 25989 sensor_bridge.cpp:211] Ignored subdivision of a LaserScan message from sensor scan because previous subdivision time 639080306228391245 is not before current subdivision time 639080306228391245
[WARN] [1772433823.085048833] [cartographer logger]: W0302 15:43:43.000000 25989 sensor_bridge.cpp:211] Ignored subdivision of a LaserScan message from sensor scan because previous subdivision time 639080306229599354 is not before current subdivision time 639080306229599354
[WARN] [1772433823.200238743] [cartographer logger]: W0302 15:43:43.000000 25989 sensor_bridge.cpp:211] Ignored subdivision of a LaserScan message from sensor scan because previous subdivision time 639080306230777581 is not before current subdivision time 639080306230777581
[WARN] [1772433823.309129537] [cartographer logger]: W0302 15:43:43.000000 25989 sensor_bridge.cpp:211] Ignored subdivision of a LaserScan message from sensor scan because previous subdivision time 639080306231940913 is not before current subdivision time 639080306231940913
[WARN] [1772433823.416216357] [cartographer logger]: W0302 15:43:43.000000 25989 sensor_bridge.cpp:211] Ignored subdivision of a LaserScan message from sensor scan because previous subdivision time 639080306233022545 is not before current subdivision time 639080306233022545
[WARN] [1772433823.523889135] [cartographer logger]: W0302 15:43:43.000000 25989 sensor_bridge.cpp:211] Ignored subdivision of a LaserScan message from sensor scan because previous subdivision time 639080306234097157 is not before current subdivision time 639080306234097157
[WARN] [1772433823.634851262] [cartographer logger]: W0302 15:43:43.000000 25989 sensor_bridge.cpp:211] Ignored subdivision of a LaserScan message from sensor scan because previous subdivision time 639080306235176717 is not before current subdivision time 639080306235176717
[WARN] [1772433823.742233921] [cartographer logger]: W0302 15:43:43.000000 25989 sensor_bridge.cpp:211] Ignored subdivision of a LaserScan message from sensor scan because previous subdivision time 639080306236286782 is not before current subdivision time 639080306236286782
[WARN] [1772433829.680830740] [cartographer logger]: W0302 15:43:49.000000 25989 sensor_bridge.cpp:211] Ignored subdivision of a LaserScan message from sensor scan because previous subdivision time 639080306237364022 is not before current subdivision time 639080306237364022
[WARN] [1772433829.795467635] [cartographer logger]: W0302 15:43:49.000000 25989 sensor_bridge.cpp:211] Ignored subdivision of a LaserScan message from sensor scan because previous subdivision time 639080306296744787 is not before current subdivision time 639080306296744787
[INFO] [1772433829.899165036] [cartographer logger]: I0302 15:43:49.000000 25989 collated_trajectory_builder.cc:81] scan rate: 3.88 Hz 2.57e-01 s +/- 9.38e-01 s (pulsed at 132.60% real time)
[WARN] [1772433829.905944948] [cartographer logger]: W0302 15:43:49.000000 25989 sensor_bridge.cpp:211] Ignored subdivision of a LaserScan message from sensor scan because previous subdivision time 639080306297880008 is not before current subdivision time 639080306297880008
[WARN] [1772433823.677420049] [cartographer logger]: W0302 15:43:43.000000 25989 sensor_bridge.cpp:211] Ignored subdivision of a LaserScan message from sensor scan because previous subdivision time 639080306298997045 is not before current subdivision time 639080306298997045
[INFO] [1772433829.384530101] [rclcpp]: signal_handler(SIGINT/SIGTERM)
