[INFO] [1772005236.910719919] [cartographer logger]: I0225 16:40:36.000000 25410 configuration_file_resolver.cc:41] Found '/home/tkddn647/test/install/localization_layer/share/localization_layer/config/cartographer_2d_mapping.lua' for 'cartographer_2d_mapping.lua'.
[INFO] [1772005236.911126301] [cartographer logger]: I0225 16:40:36.000000 25410 configuration_file_resolver.cc:41] Found '/home/tkddn647/test/install/localization_layer/share/localization_layer/config/map_builder.lua' for 'map_builder.lua'.
[INFO] [1772005236.911162937] [cartographer logger]: I0225 16:40:36.000000 25410 configuration_file_resolver.cc:41] Found '/home/tkddn647/test/install/localization_layer/share/localization_layer/config/map_builder.lua' for 'map_builder.lua'.
[INFO] [1772005236.911213712] [cartographer logger]: I0225 16:40:36.000000 25410 configuration_file_resolver.cc:41] Found '/home/tkddn647/test/install/localization_layer/share/localization_layer/config/pose_graph.lua' for 'pose_graph.lua'.
[INFO] [1772005236.911232451] [cartographer logger]: I0225 16:40:36.000000 25410 configuration_file_resolver.cc:41] Found '/home/tkddn647/test/install/localization_layer/share/localization_layer/config/pose_graph.lua' for 'pose_graph.lua'.
[INFO] [1772005236.911418026] [cartographer logger]: I0225 16:40:36.000000 25410 configuration_file_resolver.cc:41] Found '/home/tkddn647/test/install/localization_layer/share/localization_layer/config/trajectory_builder.lua' for 'trajectory_builder.lua'.
[INFO] [1772005236.911449922] [cartographer logger]: I0225 16:40:36.000000 25410 configuration_file_resolver.cc:41] Found '/home/tkddn647/test/install/localization_layer/share/localization_layer/config/trajectory_builder.lua' for 'trajectory_builder.lua'.
[INFO] [1772005236.911537864] [cartographer logger]: I0225 16:40:36.000000 25410 configuration_file_resolver.cc:41] Found '/opt/ros/humble/share/cartographer/configuration_files/trajectory_builder_2d.lua' for 'trajectory_builder_2d.lua'.
[INFO] [1772005236.911592367] [cartographer logger]: I0225 16:40:36.000000 25410 configuration_file_resolver.cc:41] Found '/opt/ros/humble/share/cartographer/configuration_files/trajectory_builder_2d.lua' for 'trajectory_builder_2d.lua'.
[INFO] [1772005236.911759373] [cartographer logger]: I0225 16:40:36.000000 25410 configuration_file_resolver.cc:41] Found '/opt/ros/humble/share/cartographer/configuration_files/trajectory_builder_3d.lua' for 'trajectory_builder_3d.lua'.
[INFO] [1772005236.911789856] [cartographer logger]: I0225 16:40:36.000000 25410 configuration_file_resolver.cc:41] Found '/opt/ros/humble/share/cartographer/configuration_files/trajectory_builder_3d.lua' for 'trajectory_builder_3d.lua'.
[INFO] [1772005236.931460197] [cartographer logger]: I0225 16:40:36.000000 25410 map_builder_bridge.cpp:136] Added trajectory with ID '0'.
[INFO] [1772005237.381992864] [cartographer logger]: I0225 16:40:37.000000 25410 ordered_multi_queue.cc:172] All sensor data for trajectory 0 is available starting at '639076020373814305'.
[INFO] [1772005237.481967260] [cartographer logger]: I0225 16:40:37.000000 25410 local_trajectory_builder_2d.cc:124] Extrapolator not yet initialized.
[INFO] [1772005237.484247361] [cartographer logger]: I0225 16:40:37.000000 25410 pose_graph_2d.cc:148] Inserted submap (0, 0).
[INFO] [1772005251.981921667] [cartographer logger]: I0225 16:40:51.000000 25410 collated_trajectory_builder.cc:81] imu rate: 10.00 Hz 1.00e-01 s +/- 4.52e-04 s (pulsed at 100.00% real time)
[INFO] [1772005251.981983629] [cartographer logger]: I0225 16:40:51.000000 25410 collated_trajectory_builder.cc:81] odom rate: 10.00 Hz 1.00e-01 s +/- 4.57e-04 s (pulsed at 100.01% real time)
[INFO] [1772005251.981996845] [cartographer logger]: I0225 16:40:51.000000 25410 collated_trajectory_builder.cc:81] scan rate: 10.00 Hz 1.00e-01 s +/- 1.07e-04 s (pulsed at 100.70% real time)
[INFO] [1772005255.086836863] [cartographer logger]: I0225 16:40:55.000000 25410 pose_graph_2d.cc:148] Inserted submap (0, 1).
[INFO] [1772005261.083549535] [cartographer logger]: I0225 16:41:01.000000 25448 pose_graph_2d.cc:538] Remaining work items in queue: 0
[INFO] [1772005267.081877614] [cartographer logger]: I0225 16:41:07.000000 25410 collated_trajectory_builder.cc:81] imu rate: 10.00 Hz 1.00e-01 s +/- 4.76e-04 s (pulsed at 100.00% real time)
[INFO] [1772005267.081980607] [cartographer logger]: I0225 16:41:07.000000 25410 collated_trajectory_builder.cc:81] odom rate: 10.00 Hz 1.00e-01 s +/- 5.04e-04 s (pulsed at 100.01% real time)
[INFO] [1772005267.081993882] [cartographer logger]: I0225 16:41:07.000000 25410 collated_trajectory_builder.cc:81] scan rate: 10.00 Hz 1.00e-01 s +/- 1.01e-04 s (pulsed at 100.00% real time)
[INFO] [1772005273.084106906] [cartographer logger]: I0225 16:41:13.000000 25410 pose_graph_2d.cc:148] Inserted submap (0, 2).
[INFO] [1772005282.181303700] [cartographer logger]: I0225 16:41:22.000000 25410 collated_trajectory_builder.cc:81] imu rate: 10.00 Hz 1.00e-01 s +/- 4.92e-04 s (pulsed at 100.00% real time)
[INFO] [1772005282.181410662] [cartographer logger]: I0225 16:41:22.000000 25410 collated_trajectory_builder.cc:81] odom rate: 10.00 Hz 1.00e-01 s +/- 5.10e-04 s (pulsed at 100.01% real time)
[INFO] [1772005282.181452320] [cartographer logger]: I0225 16:41:22.000000 25410 collated_trajectory_builder.cc:81] scan rate: 10.00 Hz 1.00e-01 s +/- 9.37e-05 s (pulsed at 100.00% real time)
[INFO] [1772005285.283423010] [cartographer logger]: I0225 16:41:25.000000 25450 pose_graph_2d.cc:538] Remaining work items in queue: 0
[INFO] [1772005287.483749633] [cartographer logger]: I0225 16:41:27.000000 25410 motion_filter.cc:42] Motion filter reduced the number of nodes to 50.4%.
[INFO] [1772005291.084735186] [cartographer logger]: I0225 16:41:31.000000 25410 pose_graph_2d.cc:148] Inserted submap (0, 3).
[INFO] [1772005297.181981614] [cartographer logger]: I0225 16:41:37.000000 25410 collated_trajectory_builder.cc:81] imu rate: 10.00 Hz 1.00e-01 s +/- 4.52e-04 s (pulsed at 99.99% real time)
[INFO] [1772005297.182129002] [cartographer logger]: I0225 16:41:37.000000 25410 collated_trajectory_builder.cc:81] odom rate: 10.00 Hz 1.00e-01 s +/- 4.49e-04 s (pulsed at 100.01% real time)
[INFO] [1772005297.182156384] [cartographer logger]: I0225 16:41:37.000000 25410 collated_trajectory_builder.cc:81] scan rate: 10.00 Hz 1.00e-01 s +/- 1.02e-04 s (pulsed at 100.00% real time)
[INFO] [1772005309.085241220] [cartographer logger]: I0225 16:41:49.000000 25410 pose_graph_2d.cc:148] Inserted submap (0, 4).
[INFO] [1772005309.484877118] [cartographer logger]: I0225 16:41:49.000000 25447 pose_graph_2d.cc:538] Remaining work items in queue: 0
[INFO] [1772005312.281775162] [cartographer logger]: I0225 16:41:52.000000 25410 collated_trajectory_builder.cc:81] imu rate: 10.00 Hz 1.00e-01 s +/- 4.77e-04 s (pulsed at 100.00% real time)
[INFO] [1772005312.281880160] [cartographer logger]: I0225 16:41:52.000000 25410 collated_trajectory_builder.cc:81] odom rate: 10.00 Hz 1.00e-01 s +/- 4.95e-04 s (pulsed at 100.01% real time)
[INFO] [1772005312.281904526] [cartographer logger]: I0225 16:41:52.000000 25410 collated_trajectory_builder.cc:81] scan rate: 10.00 Hz 1.00e-01 s +/- 1.04e-04 s (pulsed at 100.00% real time)
[INFO] [1772005327.083312235] [cartographer logger]: I0225 16:42:07.000000 25410 pose_graph_2d.cc:148] Inserted submap (0, 5).
[INFO] [1772005327.381105333] [cartographer logger]: I0225 16:42:07.000000 25410 collated_trajectory_builder.cc:81] imu rate: 10.00 Hz 1.00e-01 s +/- 4.23e-04 s (pulsed at 100.00% real time)
[INFO] [1772005327.381200697] [cartographer logger]: I0225 16:42:07.000000 25410 collated_trajectory_builder.cc:81] odom rate: 10.00 Hz 1.00e-01 s +/- 4.29e-04 s (pulsed at 100.00% real time)
[INFO] [1772005327.381223551] [cartographer logger]: I0225 16:42:07.000000 25410 collated_trajectory_builder.cc:81] scan rate: 10.00 Hz 1.00e-01 s +/- 9.26e-05 s (pulsed at 100.00% real time)
[INFO] [1772005328.626438299] [rclcpp]: signal_handler(SIGINT/SIGTERM)
