[INFO] [1772110050.569309279] [cartographer logger]: I0226 21:47:30.000000 197122 configuration_file_resolver.cc:41] Found '/home/tkddn647/test/install/localization_layer/share/localization_layer/config/cartographer_2d_mapping_lidar_only.lua' for 'cartographer_2d_mapping_lidar_only.lua'.
[INFO] [1772110050.569843264] [cartographer logger]: I0226 21:47:30.000000 197122 configuration_file_resolver.cc:41] Found '/home/tkddn647/test/install/localization_layer/share/localization_layer/config/map_builder.lua' for 'map_builder.lua'.
[INFO] [1772110050.569921358] [cartographer logger]: I0226 21:47:30.000000 197122 configuration_file_resolver.cc:41] Found '/home/tkddn647/test/install/localization_layer/share/localization_layer/config/map_builder.lua' for 'map_builder.lua'.
[INFO] [1772110050.569992785] [cartographer logger]: I0226 21:47:30.000000 197122 configuration_file_resolver.cc:41] Found '/home/tkddn647/test/install/localization_layer/share/localization_layer/config/pose_graph.lua' for 'pose_graph.lua'.
[INFO] [1772110050.570021548] [cartographer logger]: I0226 21:47:30.000000 197122 configuration_file_resolver.cc:41] Found '/home/tkddn647/test/install/localization_layer/share/localization_layer/config/pose_graph.lua' for 'pose_graph.lua'.
[INFO] [1772110050.571141939] [cartographer logger]: I0226 21:47:30.000000 197122 configuration_file_resolver.cc:41] Found '/home/tkddn647/test/install/localization_layer/share/localization_layer/config/trajectory_builder.lua' for 'trajectory_builder.lua'.
[INFO] [1772110050.571207670] [cartographer logger]: I0226 21:47:30.000000 197122 configuration_file_resolver.cc:41] Found '/home/tkddn647/test/install/localization_layer/share/localization_layer/config/trajectory_builder.lua' for 'trajectory_builder.lua'.
[INFO] [1772110050.571314728] [cartographer logger]: I0226 21:47:30.000000 197122 configuration_file_resolver.cc:41] Found '/opt/ros/humble/share/cartographer/configuration_files/trajectory_builder_2d.lua' for 'trajectory_builder_2d.lua'.
[INFO] [1772110050.571366760] [cartographer logger]: I0226 21:47:30.000000 197122 configuration_file_resolver.cc:41] Found '/opt/ros/humble/share/cartographer/configuration_files/trajectory_builder_2d.lua' for 'trajectory_builder_2d.lua'.
[INFO] [1772110050.571785548] [cartographer logger]: I0226 21:47:30.000000 197122 configuration_file_resolver.cc:41] Found '/opt/ros/humble/share/cartographer/configuration_files/trajectory_builder_3d.lua' for 'trajectory_builder_3d.lua'.
[INFO] [1772110050.571879088] [cartographer logger]: I0226 21:47:30.000000 197122 configuration_file_resolver.cc:41] Found '/opt/ros/humble/share/cartographer/configuration_files/trajectory_builder_3d.lua' for 'trajectory_builder_3d.lua'.
[INFO] [1772110050.597333891] [cartographer logger]: I0226 21:47:30.000000 197122 map_builder_bridge.cpp:136] Added trajectory with ID '0'.
[INFO] [1772110051.168583061] [cartographer logger]: I0226 21:47:31.000000 197122 ordered_multi_queue.cc:172] All sensor data for trajectory 0 is available starting at '639077068510594345'.
[WARN] [1772110051.170577997] [cartographer logger]: W0226 21:47:31.000000 197122 pose_extrapolator.cc:168] Queue too short for velocity estimation. Queue duration: 0 s
[INFO] [1772110051.175894335] [cartographer logger]: I0226 21:47:31.000000 197122 pose_graph_2d.cc:148] Inserted submap (0, 0).
[INFO] [1772110065.601583334] [cartographer logger]: I0226 21:47:45.000000 197122 collated_trajectory_builder.cc:81] scan rate: 8.47 Hz 1.18e-01 s +/- 1.61e-02 s (pulsed at 99.78% real time)
[INFO] [1772110080.615306411] [cartographer logger]: I0226 21:48:00.000000 197122 collated_trajectory_builder.cc:81] scan rate: 8.32 Hz 1.20e-01 s +/- 1.26e-02 s (pulsed at 100.21% real time)
[INFO] [1772110097.287541605] [cartographer logger]: I0226 21:48:17.000000 197122 collated_trajectory_builder.cc:81] scan rate: 7.55 Hz 1.32e-01 s +/- 1.48e-01 s (pulsed at 111.25% real time)
[INFO] [1772110112.079970806] [cartographer logger]: I0226 21:48:32.000000 197122 motion_filter.cc:42] Motion filter reduced the number of nodes to 4.4%.
[INFO] [1772110112.392795219] [cartographer logger]: I0226 21:48:32.000000 197122 collated_trajectory_builder.cc:81] scan rate: 8.60 Hz 1.16e-01 s +/- 1.10e-02 s (pulsed at 100.14% real time)
[INFO] [1772110129.058740699] [cartographer logger]: I0226 21:48:49.000000 197122 collated_trajectory_builder.cc:81] scan rate: 8.22 Hz 1.22e-01 s +/- 1.42e-01 s (pulsed at 111.14% real time)
[INFO] [1772110144.125284102] [cartographer logger]: I0226 21:49:04.000000 197122 collated_trajectory_builder.cc:81] scan rate: 9.96 Hz 1.00e-01 s +/- 9.05e-03 s (pulsed at 99.99% real time)
[INFO] [1772110160.938691205] [cartographer logger]: I0226 21:49:20.000000 197122 collated_trajectory_builder.cc:81] scan rate: 6.10 Hz 1.64e-01 s +/- 1.68e-01 s (pulsed at 110.91% real time)
[INFO] [1772110176.090601299] [cartographer logger]: I0226 21:49:36.000000 197122 collated_trajectory_builder.cc:81] scan rate: 6.27 Hz 1.60e-01 s +/- 1.61e-02 s (pulsed at 99.90% real time)
[INFO] [1772110178.088003888] [cartographer logger]: I0226 21:49:38.000000 197122 motion_filter.cc:42] Motion filter reduced the number of nodes to 4.5%.
[INFO] [1772110192.738875615] [cartographer logger]: I0226 21:49:52.000000 197122 collated_trajectory_builder.cc:81] scan rate: 5.59 Hz 1.79e-01 s +/- 1.68e-01 s (pulsed at 110.62% real time)
[INFO] [1772110207.794983339] [cartographer logger]: I0226 21:50:07.000000 197122 collated_trajectory_builder.cc:81] scan rate: 6.51 Hz 1.54e-01 s +/- 1.16e-02 s (pulsed at 100.37% real time)
[INFO] [1772110224.472541888] [cartographer logger]: I0226 21:50:24.000000 197122 collated_trajectory_builder.cc:81] scan rate: 5.99 Hz 1.67e-01 s +/- 1.59e-01 s (pulsed at 110.50% real time)
[INFO] [1772110239.528562530] [cartographer logger]: I0226 21:50:39.000000 197122 collated_trajectory_builder.cc:81] scan rate: 6.71 Hz 1.49e-01 s +/- 1.45e-02 s (pulsed at 100.07% real time)
[INFO] [1772110256.288466890] [cartographer logger]: I0226 21:50:56.000000 197122 collated_trajectory_builder.cc:81] scan rate: 6.39 Hz 1.57e-01 s +/- 1.69e-01 s (pulsed at 111.46% real time)
[INFO] [1772110258.108536035] [cartographer logger]: I0226 21:50:58.000000 197122 motion_filter.cc:42] Motion filter reduced the number of nodes to 4.73333%.
[INFO] [1772110271.323760706] [cartographer logger]: I0226 21:51:11.000000 197122 collated_trajectory_builder.cc:81] scan rate: 7.31 Hz 1.37e-01 s +/- 7.27e-03 s (pulsed at 100.10% real time)
[INFO] [1772110287.882916642] [cartographer logger]: I0226 21:51:27.000000 197122 collated_trajectory_builder.cc:81] scan rate: 7.39 Hz 1.35e-01 s +/- 1.06e-02 s (pulsed at 100.09% real time)
[INFO] [1772110300.616535826] [cartographer logger]: I0226 21:51:40.000000 197122 pose_graph_2d.cc:148] Inserted submap (0, 1).
[INFO] [1772110302.965548416] [cartographer logger]: I0226 21:51:42.000000 197122 collated_trajectory_builder.cc:81] scan rate: 7.49 Hz 1.34e-01 s +/- 1.08e-02 s (pulsed at 100.01% real time)
[INFO] [1772110318.078304189] [cartographer logger]: I0226 21:51:58.000000 197122 collated_trajectory_builder.cc:81] scan rate: 7.52 Hz 1.33e-01 s +/- 9.85e-03 s (pulsed at 99.40% real time)
[INFO] [1772110328.847595631] [cartographer logger]: I0226 21:52:08.000000 197122 motion_filter.cc:42] Motion filter reduced the number of nodes to 5.75%.
[INFO] [1772110334.377630907] [cartographer logger]: I0226 21:52:14.000000 197170 pose_graph_2d.cc:538] Remaining work items in queue: 0
[INFO] [1772110334.800385688] [cartographer logger]: I0226 21:52:14.000000 197122 collated_trajectory_builder.cc:81] scan rate: 6.51 Hz 1.54e-01 s +/- 1.65e-01 s (pulsed at 112.24% real time)
[INFO] [1772110349.910572223] [cartographer logger]: I0226 21:52:29.000000 197122 collated_trajectory_builder.cc:81] scan rate: 7.48 Hz 1.34e-01 s +/- 1.43e-02 s (pulsed at 100.03% real time)
[INFO] [1772110366.531290422] [cartographer logger]: I0226 21:52:46.000000 197122 collated_trajectory_builder.cc:81] scan rate: 6.97 Hz 1.43e-01 s +/- 1.50e-01 s (pulsed at 110.88% real time)
[INFO] [1772110381.562687191] [cartographer logger]: I0226 21:53:01.000000 197122 collated_trajectory_builder.cc:81] scan rate: 7.38 Hz 1.36e-01 s +/- 1.09e-02 s (pulsed at 100.02% real time)
[INFO] [1772110398.280441499] [cartographer logger]: I0226 21:53:18.000000 197122 collated_trajectory_builder.cc:81] scan rate: 6.15 Hz 1.62e-01 s +/- 1.66e-01 s (pulsed at 111.27% real time)
[INFO] [1772110400.320678123] [cartographer logger]: I0226 21:53:20.000000 197122 motion_filter.cc:42] Motion filter reduced the number of nodes to 6.12%.
[INFO] [1772110413.326315475] [cartographer logger]: I0226 21:53:33.000000 197122 collated_trajectory_builder.cc:81] scan rate: 6.98 Hz 1.43e-01 s +/- 1.47e-02 s (pulsed at 100.24% real time)
[INFO] [1772110430.019845798] [cartographer logger]: I0226 21:53:50.000000 197122 collated_trajectory_builder.cc:81] scan rate: 6.64 Hz 1.51e-01 s +/- 1.56e-01 s (pulsed at 111.00% real time)
[INFO] [1772110445.100047513] [cartographer logger]: I0226 21:54:05.000000 197122 collated_trajectory_builder.cc:81] scan rate: 6.69 Hz 1.49e-01 s +/- 2.17e-02 s (pulsed at 100.06% real time)
[INFO] [1772110461.694462815] [cartographer logger]: I0226 21:54:21.000000 197122 collated_trajectory_builder.cc:81] scan rate: 6.86 Hz 1.46e-01 s +/- 1.43e-01 s (pulsed at 110.26% real time)
[INFO] [1772110463.102367919] [cartographer logger]: I0226 21:54:23.000000 197122 pose_graph_2d.cc:148] Inserted submap (0, 2).
[INFO] [1772110472.102168954] [cartographer logger]: I0226 21:54:32.000000 197122 motion_filter.cc:42] Motion filter reduced the number of nodes to 6.33333%.
[INFO] [1772110476.733799303] [cartographer logger]: I0226 21:54:36.000000 197122 collated_trajectory_builder.cc:81] scan rate: 7.91 Hz 1.26e-01 s +/- 1.19e-02 s (pulsed at 100.09% real time)
[INFO] [1772110493.654538208] [cartographer logger]: I0226 21:54:53.000000 197122 collated_trajectory_builder.cc:81] scan rate: 7.44 Hz 1.34e-01 s +/- 1.64e-01 s (pulsed at 112.22% real time)
[INFO] [1772110508.759204666] [cartographer logger]: I0226 21:55:08.000000 197122 collated_trajectory_builder.cc:81] scan rate: 8.54 Hz 1.17e-01 s +/- 8.01e-03 s (pulsed at 100.10% real time)
[INFO] [1772110523.869570679] [cartographer logger]: I0226 21:55:23.000000 197122 collated_trajectory_builder.cc:81] scan rate: 8.67 Hz 1.15e-01 s +/- 8.45e-03 s (pulsed at 99.98% real time)
[INFO] [1772110534.843148553] [cartographer logger]: I0226 21:55:34.000000 197122 motion_filter.cc:42] Motion filter reduced the number of nodes to 6.45714%.
[INFO] [1772110540.686284906] [cartographer logger]: I0226 21:55:40.000000 197122 collated_trajectory_builder.cc:81] scan rate: 7.84 Hz 1.28e-01 s +/- 1.52e-01 s (pulsed at 111.66% real time)
[INFO] [1772110555.737940248] [cartographer logger]: I0226 21:55:55.000000 197122 collated_trajectory_builder.cc:81] scan rate: 9.56 Hz 1.05e-01 s +/- 8.71e-03 s (pulsed at 100.06% real time)
[INFO] [1772110571.475205545] [cartographer logger]: I0226 21:56:11.000000 197172 pose_graph_2d.cc:538] Remaining work items in queue: 0
[INFO] [1772110572.506338316] [cartographer logger]: I0226 21:56:12.000000 197122 collated_trajectory_builder.cc:81] scan rate: 8.42 Hz 1.19e-01 s +/- 1.42e-01 s (pulsed at 110.87% real time)
[INFO] [1772110587.547663071] [cartographer logger]: I0226 21:56:27.000000 197122 collated_trajectory_builder.cc:81] scan rate: 7.97 Hz 1.25e-01 s +/- 8.23e-03 s (pulsed at 100.06% real time)
[INFO] [1772110593.521025669] [cartographer logger]: I0226 21:56:33.000000 197122 motion_filter.cc:42] Motion filter reduced the number of nodes to 6.225%.
[INFO] [1772110604.322434992] [cartographer logger]: I0226 21:56:44.000000 197122 collated_trajectory_builder.cc:81] scan rate: 6.37 Hz 1.57e-01 s +/- 1.73e-01 s (pulsed at 111.90% real time)
[INFO] [1772110619.329690953] [cartographer logger]: I0226 21:56:59.000000 197122 collated_trajectory_builder.cc:81] scan rate: 7.34 Hz 1.36e-01 s +/- 2.07e-02 s (pulsed at 99.80% real time)
[INFO] [1772110636.020254268] [cartographer logger]: I0226 21:57:16.000000 197122 collated_trajectory_builder.cc:81] scan rate: 6.94 Hz 1.44e-01 s +/- 1.56e-01 s (pulsed at 111.53% real time)
[INFO] [1772110651.048475482] [cartographer logger]: I0226 21:57:31.000000 197122 collated_trajectory_builder.cc:81] scan rate: 9.06 Hz 1.10e-01 s +/- 8.59e-03 s (pulsed at 100.10% real time)
[INFO] [1772110655.655533656] [cartographer logger]: I0226 21:57:35.000000 197122 pose_graph_2d.cc:148] Inserted submap (0, 3).
[INFO] [1772110658.888057426] [cartographer logger]: I0226 21:57:38.000000 197122 motion_filter.cc:42] Motion filter reduced the number of nodes to 6.04444%.
[INFO] [1772110667.820475728] [cartographer logger]: I0226 21:57:47.000000 197122 collated_trajectory_builder.cc:81] scan rate: 8.34 Hz 1.20e-01 s +/- 1.43e-01 s (pulsed at 111.61% real time)
[INFO] [1772110682.866600675] [cartographer logger]: I0226 21:58:02.000000 197122 collated_trajectory_builder.cc:81] scan rate: 9.43 Hz 1.06e-01 s +/- 9.38e-03 s (pulsed at 100.01% real time)
[INFO] [1772110699.612773570] [cartographer logger]: I0226 21:58:19.000000 197122 collated_trajectory_builder.cc:81] scan rate: 7.22 Hz 1.38e-01 s +/- 1.56e-01 s (pulsed at 111.17% real time)
[INFO] [1772110714.639015881] [cartographer logger]: I0226 21:58:34.000000 197122 collated_trajectory_builder.cc:81] scan rate: 7.93 Hz 1.26e-01 s +/- 1.94e-02 s (pulsed at 99.79% real time)
[INFO] [1772110721.351042312] [cartographer logger]: I0226 21:58:41.000000 197122 motion_filter.cc:42] Motion filter reduced the number of nodes to 5.94%.
[INFO] [1772110729.658629568] [cartographer logger]: I0226 21:58:49.000000 197122 collated_trajectory_builder.cc:81] scan rate: 7.39 Hz 1.35e-01 s +/- 1.87e-02 s (pulsed at 99.89% real time)
[INFO] [1772110746.439458120] [cartographer logger]: I0226 21:59:06.000000 197122 collated_trajectory_builder.cc:81] scan rate: 7.03 Hz 1.42e-01 s +/- 1.60e-01 s (pulsed at 111.46% real time)
[INFO] [1772110761.513608795] [cartographer logger]: I0226 21:59:21.000000 197122 collated_trajectory_builder.cc:81] scan rate: 7.10 Hz 1.41e-01 s +/- 1.34e-02 s (pulsed at 99.87% real time)
[INFO] [1772110778.127323607] [cartographer logger]: I0226 21:59:38.000000 197122 collated_trajectory_builder.cc:81] scan rate: 6.13 Hz 1.63e-01 s +/- 1.59e-01 s (pulsed at 110.68% real time)
[INFO] [1772110793.193939612] [cartographer logger]: I0226 21:59:53.000000 197122 collated_trajectory_builder.cc:81] scan rate: 6.44 Hz 1.55e-01 s +/- 1.45e-02 s (pulsed at 99.85% real time)
[INFO] [1772110795.502525152] [cartographer logger]: I0226 21:59:55.000000 197122 motion_filter.cc:42] Motion filter reduced the number of nodes to 6%.
[INFO] [1772110810.226014452] [cartographer logger]: I0226 22:00:10.000000 197122 collated_trajectory_builder.cc:81] scan rate: 5.86 Hz 1.71e-01 s +/- 2.00e-01 s (pulsed at 113.61% real time)
[INFO] [1772110825.291898726] [cartographer logger]: I0226 22:00:25.000000 197122 collated_trajectory_builder.cc:81] scan rate: 7.56 Hz 1.32e-01 s +/- 1.31e-02 s (pulsed at 100.18% real time)
[INFO] [1772110841.971874441] [cartographer logger]: I0226 22:00:41.000000 197122 collated_trajectory_builder.cc:81] scan rate: 7.06 Hz 1.42e-01 s +/- 1.50e-01 s (pulsed at 110.83% real time)
[INFO] [1772110857.026209332] [cartographer logger]: I0226 22:00:57.000000 197122 collated_trajectory_builder.cc:81] scan rate: 8.03 Hz 1.24e-01 s +/- 9.09e-03 s (pulsed at 100.03% real time)
[INFO] [1772110864.636655553] [cartographer logger]: I0226 22:01:04.000000 197122 motion_filter.cc:42] Motion filter reduced the number of nodes to 5.98333%.
[INFO] [1772110867.412606902] [cartographer logger]: I0226 22:01:07.000000 197122 pose_graph_2d.cc:148] Inserted submap (0, 4).
[INFO] [1772110872.686088138] [cartographer logger]: I0226 22:01:12.000000 197170 pose_graph_2d.cc:538] Remaining work items in queue: 0
[INFO] [1772110873.688007226] [cartographer logger]: I0226 22:01:13.000000 197122 collated_trajectory_builder.cc:81] scan rate: 7.38 Hz 1.35e-01 s +/- 1.47e-01 s (pulsed at 110.79% real time)
[INFO] [1772110888.807068086] [cartographer logger]: I0226 22:01:28.000000 197122 collated_trajectory_builder.cc:81] scan rate: 8.40 Hz 1.19e-01 s +/- 9.37e-03 s (pulsed at 100.10% real time)
[INFO] [1772110905.499899478] [cartographer logger]: I0226 22:01:45.000000 197122 collated_trajectory_builder.cc:81] scan rate: 7.96 Hz 1.26e-01 s +/- 1.41e-01 s (pulsed at 110.88% real time)
[INFO] [1772110920.588815020] [cartographer logger]: I0226 22:02:00.000000 197122 collated_trajectory_builder.cc:81] scan rate: 9.07 Hz 1.10e-01 s +/- 1.01e-02 s (pulsed at 100.08% real time)
[INFO] [1772110925.042428309] [cartographer logger]: I0226 22:02:05.000000 197122 motion_filter.cc:42] Motion filter reduced the number of nodes to 5.98462%.
[INFO] [1772110935.619445132] [cartographer logger]: I0226 22:02:15.000000 197122 collated_trajectory_builder.cc:81] scan rate: 9.31 Hz 1.07e-01 s +/- 1.09e-02 s (pulsed at 100.07% real time)
[INFO] [1772110952.301001665] [cartographer logger]: I0226 22:02:32.000000 197122 collated_trajectory_builder.cc:81] scan rate: 8.99 Hz 1.11e-01 s +/- 1.36e-01 s (pulsed at 111.04% real time)
[INFO] [1772110967.367659454] [cartographer logger]: I0226 22:02:47.000000 197122 collated_trajectory_builder.cc:81] scan rate: 8.95 Hz 1.12e-01 s +/- 2.60e-02 s (pulsed at 100.05% real time)
[INFO] [1772110983.152581407] [cartographer logger]: I0226 22:03:03.000000 197122 motion_filter.cc:42] Motion filter reduced the number of nodes to 6.25714%.
[INFO] [1772110984.066876689] [cartographer logger]: I0226 22:03:04.000000 197122 collated_trajectory_builder.cc:81] scan rate: 7.42 Hz 1.35e-01 s +/- 1.47e-01 s (pulsed at 110.83% real time)
[INFO] [1772110999.153465135] [cartographer logger]: I0226 22:03:19.000000 197122 collated_trajectory_builder.cc:81] scan rate: 6.35 Hz 1.57e-01 s +/- 2.55e-02 s (pulsed at 100.06% real time)
[INFO] [1772111011.311307425] [cartographer logger]: I0226 22:03:31.000000 197122 pose_graph_2d.cc:148] Inserted submap (0, 5).
[INFO] [1772111015.840475585] [cartographer logger]: I0226 22:03:35.000000 197122 collated_trajectory_builder.cc:81] scan rate: 6.47 Hz 1.55e-01 s +/- 1.57e-01 s (pulsed at 110.63% real time)
[INFO] [1772111030.925050937] [cartographer logger]: I0226 22:03:50.000000 197122 collated_trajectory_builder.cc:81] scan rate: 7.10 Hz 1.41e-01 s +/- 1.90e-02 s (pulsed at 99.89% real time)
[INFO] [1772111047.574798120] [cartographer logger]: I0226 22:04:07.000000 197122 collated_trajectory_builder.cc:81] scan rate: 7.50 Hz 1.33e-01 s +/- 1.39e-01 s (pulsed at 110.56% real time)
[INFO] [1772111054.278531378] [cartographer logger]: I0226 22:04:14.000000 197122 motion_filter.cc:42] Motion filter reduced the number of nodes to 6.25333%.
[INFO] [1772111062.625276057] [cartographer logger]: I0226 22:04:22.000000 197122 collated_trajectory_builder.cc:81] scan rate: 8.17 Hz 1.22e-01 s +/- 1.75e-02 s (pulsed at 100.01% real time)
[INFO] [1772111079.192982588] [cartographer logger]: I0226 22:04:39.000000 197122 collated_trajectory_builder.cc:81] scan rate: 7.66 Hz 1.31e-01 s +/- 1.39e-01 s (pulsed at 110.37% real time)
[INFO] [1772111088.318027429] [cartographer logger]: I0226 22:04:48.000000 197173 pose_graph_2d.cc:538] Remaining work items in queue: 0
[INFO] [1772111094.327914704] [cartographer logger]: I0226 22:04:54.000000 197122 collated_trajectory_builder.cc:81] scan rate: 7.88 Hz 1.27e-01 s +/- 1.43e-02 s (pulsed at 99.72% real time)
[INFO] [1772111111.064970868] [cartographer logger]: I0226 22:05:11.000000 197122 collated_trajectory_builder.cc:81] scan rate: 6.57 Hz 1.52e-01 s +/- 1.60e-01 s (pulsed at 111.29% real time)
[INFO] [1772111122.319616708] [cartographer logger]: I0226 22:05:22.000000 197122 motion_filter.cc:42] Motion filter reduced the number of nodes to 6.2%.
[INFO] [1772111126.191342001] [cartographer logger]: I0226 22:05:26.000000 197122 collated_trajectory_builder.cc:81] scan rate: 6.94 Hz 1.44e-01 s +/- 1.34e-02 s (pulsed at 100.01% real time)
[INFO] [1772111142.938273766] [cartographer logger]: I0226 22:05:42.000000 197122 collated_trajectory_builder.cc:81] scan rate: 6.14 Hz 1.63e-01 s +/- 1.66e-01 s (pulsed at 111.11% real time)
[INFO] [1772111157.975056548] [cartographer logger]: I0226 22:05:57.000000 197122 collated_trajectory_builder.cc:81] scan rate: 7.05 Hz 1.42e-01 s +/- 1.19e-02 s (pulsed at 100.00% real time)
[INFO] [1772111173.082289767] [cartographer logger]: I0226 22:06:13.000000 197122 collated_trajectory_builder.cc:81] scan rate: 6.94 Hz 1.44e-01 s +/- 1.79e-02 s (pulsed at 100.05% real time)
[INFO] [1772111189.842719510] [cartographer logger]: I0226 22:06:29.000000 197122 collated_trajectory_builder.cc:81] scan rate: 6.49 Hz 1.54e-01 s +/- 1.60e-01 s (pulsed at 111.38% real time)
[INFO] [1772111196.806938435] [cartographer logger]: I0226 22:06:36.000000 197122 motion_filter.cc:42] Motion filter reduced the number of nodes to 6.10588%.
[INFO] [1772111204.944537697] [cartographer logger]: I0226 22:06:44.000000 197122 collated_trajectory_builder.cc:81] scan rate: 7.61 Hz 1.31e-01 s +/- 1.87e-02 s (pulsed at 100.10% real time)
[INFO] [1772111221.592883193] [cartographer logger]: I0226 22:07:01.000000 197122 collated_trajectory_builder.cc:81] scan rate: 6.72 Hz 1.49e-01 s +/- 1.55e-01 s (pulsed at 110.84% real time)
[INFO] [1772111236.674107999] [cartographer logger]: I0226 22:07:16.000000 197122 collated_trajectory_builder.cc:81] scan rate: 7.75 Hz 1.29e-01 s +/- 9.29e-03 s (pulsed at 100.04% real time)
[INFO] [1772111253.402002973] [cartographer logger]: I0226 22:07:33.000000 197122 collated_trajectory_builder.cc:81] scan rate: 7.42 Hz 1.35e-01 s +/- 1.47e-01 s (pulsed at 110.78% real time)
[INFO] [1772111255.132017098] [cartographer logger]: I0226 22:07:35.000000 197122 pose_graph_2d.cc:148] Inserted submap (0, 6).
[INFO] [1772111263.313504144] [cartographer logger]: I0226 22:07:43.000000 197122 motion_filter.cc:42] Motion filter reduced the number of nodes to 6.04444%.
[INFO] [1772111268.413100821] [cartographer logger]: I0226 22:07:48.000000 197122 collated_trajectory_builder.cc:81] scan rate: 8.39 Hz 1.19e-01 s +/- 1.19e-02 s (pulsed at 100.24% real time)
[INFO] [1772111285.106155206] [cartographer logger]: I0226 22:08:05.000000 197122 collated_trajectory_builder.cc:81] scan rate: 7.84 Hz 1.28e-01 s +/- 1.49e-01 s (pulsed at 111.38% real time)
[INFO] [1772111300.219074875] [cartographer logger]: I0226 22:08:20.000000 197122 collated_trajectory_builder.cc:81] scan rate: 8.67 Hz 1.15e-01 s +/- 1.20e-02 s (pulsed at 99.97% real time)
[INFO] [1772111316.820799477] [cartographer logger]: I0226 22:08:36.000000 197122 collated_trajectory_builder.cc:81] scan rate: 7.94 Hz 1.26e-01 s +/- 1.44e-01 s (pulsed at 110.81% real time)
[INFO] [1772111323.958162429] [cartographer logger]: I0226 22:08:43.000000 197122 motion_filter.cc:42] Motion filter reduced the number of nodes to 6.05263%.
[INFO] [1772111331.881980414] [cartographer logger]: I0226 22:08:51.000000 197122 collated_trajectory_builder.cc:81] scan rate: 8.83 Hz 1.13e-01 s +/- 7.58e-03 s (pulsed at 100.00% real time)
[INFO] [1772111348.787367107] [cartographer logger]: I0226 22:09:08.000000 197122 collated_trajectory_builder.cc:81] scan rate: 6.56 Hz 1.53e-01 s +/- 1.77e-01 s (pulsed at 112.14% real time)
[INFO] [1772111363.812483293] [cartographer logger]: I0226 22:09:23.000000 197122 collated_trajectory_builder.cc:81] scan rate: 7.51 Hz 1.33e-01 s +/- 2.09e-02 s (pulsed at 100.01% real time)
[INFO] [1772111378.831028758] [cartographer logger]: I0226 22:09:38.000000 197122 collated_trajectory_builder.cc:81] scan rate: 7.32 Hz 1.37e-01 s +/- 1.99e-02 s (pulsed at 100.01% real time)
[INFO] [1772111392.827197895] [cartographer logger]: I0226 22:09:52.000000 197122 motion_filter.cc:42] Motion filter reduced the number of nodes to 5.99%.
[INFO] [1772111395.756707970] [cartographer logger]: I0226 22:09:55.000000 197122 collated_trajectory_builder.cc:81] scan rate: 6.96 Hz 1.44e-01 s +/- 1.72e-01 s (pulsed at 112.29% real time)
[INFO] [1772111404.704724160] [cartographer logger]: I0226 22:10:04.000000 197171 pose_graph_2d.cc:538] Remaining work items in queue: 0
[INFO] [1772111410.870992472] [cartographer logger]: I0226 22:10:10.000000 197122 collated_trajectory_builder.cc:81] scan rate: 8.05 Hz 1.24e-01 s +/- 9.54e-03 s (pulsed at 99.44% real time)
[INFO] [1772111427.704352588] [cartographer logger]: I0226 22:10:27.000000 197122 collated_trajectory_builder.cc:81] scan rate: 6.93 Hz 1.44e-01 s +/- 1.62e-01 s (pulsed at 111.92% real time)
[INFO] [1772111442.768734128] [cartographer logger]: I0226 22:10:42.000000 197122 collated_trajectory_builder.cc:81] scan rate: 7.63 Hz 1.31e-01 s +/- 1.27e-02 s (pulsed at 100.08% real time)
[INFO] [1772111459.528850283] [cartographer logger]: I0226 22:10:59.000000 197122 motion_filter.cc:42] Motion filter reduced the number of nodes to 5.99048%.
[INFO] [1772111459.643886258] [cartographer logger]: I0226 22:10:59.000000 197122 collated_trajectory_builder.cc:81] scan rate: 7.40 Hz 1.35e-01 s +/- 1.63e-01 s (pulsed at 112.14% real time)
[INFO] [1772111463.315786891] [cartographer logger]: I0226 22:11:03.000000 197122 pose_graph_2d.cc:148] Inserted submap (0, 7).
[INFO] [1772111474.650690626] [cartographer logger]: I0226 22:11:14.000000 197122 collated_trajectory_builder.cc:81] scan rate: 7.26 Hz 1.38e-01 s +/- 2.11e-02 s (pulsed at 100.37% real time)
[INFO] [1772111491.500015687] [cartographer logger]: I0226 22:11:31.000000 197122 collated_trajectory_builder.cc:81] scan rate: 6.47 Hz 1.55e-01 s +/- 1.68e-01 s (pulsed at 111.45% real time)
[INFO] [1772111501.647917868] [rclcpp]: signal_handler(SIGINT/SIGTERM)
