[INFO] [1772004873.934346181] [cartographer logger]: I0225 16:34:33.000000 22282 configuration_file_resolver.cc:41] Found '/home/tkddn647/test/install/localization_layer/share/localization_layer/config/cartographer_2d_mapping.lua' for 'cartographer_2d_mapping.lua'.
[INFO] [1772004873.934765080] [cartographer logger]: I0225 16:34:33.000000 22282 configuration_file_resolver.cc:41] Found '/home/tkddn647/test/install/localization_layer/share/localization_layer/config/map_builder.lua' for 'map_builder.lua'.
[INFO] [1772004873.934795559] [cartographer logger]: I0225 16:34:33.000000 22282 configuration_file_resolver.cc:41] Found '/home/tkddn647/test/install/localization_layer/share/localization_layer/config/map_builder.lua' for 'map_builder.lua'.
[INFO] [1772004873.934846887] [cartographer logger]: I0225 16:34:33.000000 22282 configuration_file_resolver.cc:41] Found '/home/tkddn647/test/install/localization_layer/share/localization_layer/config/pose_graph.lua' for 'pose_graph.lua'.
[INFO] [1772004873.934866123] [cartographer logger]: I0225 16:34:33.000000 22282 configuration_file_resolver.cc:41] Found '/home/tkddn647/test/install/localization_layer/share/localization_layer/config/pose_graph.lua' for 'pose_graph.lua'.
[INFO] [1772004873.935027131] [cartographer logger]: I0225 16:34:33.000000 22282 configuration_file_resolver.cc:41] Found '/home/tkddn647/test/install/localization_layer/share/localization_layer/config/trajectory_builder.lua' for 'trajectory_builder.lua'.
[INFO] [1772004873.935060364] [cartographer logger]: I0225 16:34:33.000000 22282 configuration_file_resolver.cc:41] Found '/home/tkddn647/test/install/localization_layer/share/localization_layer/config/trajectory_builder.lua' for 'trajectory_builder.lua'.
[INFO] [1772004873.935124707] [cartographer logger]: I0225 16:34:33.000000 22282 configuration_file_resolver.cc:41] Found '/opt/ros/humble/share/cartographer/configuration_files/trajectory_builder_2d.lua' for 'trajectory_builder_2d.lua'.
[INFO] [1772004873.935221772] [cartographer logger]: I0225 16:34:33.000000 22282 configuration_file_resolver.cc:41] Found '/opt/ros/humble/share/cartographer/configuration_files/trajectory_builder_2d.lua' for 'trajectory_builder_2d.lua'.
[INFO] [1772004873.935417596] [cartographer logger]: I0225 16:34:33.000000 22282 configuration_file_resolver.cc:41] Found '/opt/ros/humble/share/cartographer/configuration_files/trajectory_builder_3d.lua' for 'trajectory_builder_3d.lua'.
[INFO] [1772004873.935463534] [cartographer logger]: I0225 16:34:33.000000 22282 configuration_file_resolver.cc:41] Found '/opt/ros/humble/share/cartographer/configuration_files/trajectory_builder_3d.lua' for 'trajectory_builder_3d.lua'.
[INFO] [1772004873.953868682] [cartographer logger]: I0225 16:34:33.000000 22282 map_builder_bridge.cpp:136] Added trajectory with ID '0'.
[INFO] [1772004874.473439302] [cartographer logger]: I0225 16:34:34.000000 22282 ordered_multi_queue.cc:172] All sensor data for trajectory 0 is available starting at '639076016744729678'.
[INFO] [1772004874.573249005] [cartographer logger]: I0225 16:34:34.000000 22282 local_trajectory_builder_2d.cc:124] Extrapolator not yet initialized.
[INFO] [1772004874.576947414] [cartographer logger]: I0225 16:34:34.000000 22282 pose_graph_2d.cc:148] Inserted submap (0, 0).
[INFO] [1772004888.972225903] [cartographer logger]: I0225 16:34:48.000000 22282 collated_trajectory_builder.cc:81] imu rate: 10.00 Hz 1.00e-01 s +/- 4.59e-04 s (pulsed at 100.00% real time)
[INFO] [1772004888.972288553] [cartographer logger]: I0225 16:34:48.000000 22282 collated_trajectory_builder.cc:81] odom rate: 10.00 Hz 1.00e-01 s +/- 4.81e-04 s (pulsed at 100.00% real time)
[INFO] [1772004888.972301597] [cartographer logger]: I0225 16:34:48.000000 22282 collated_trajectory_builder.cc:81] scan rate: 10.00 Hz 1.00e-01 s +/- 1.25e-04 s (pulsed at 100.70% real time)
[INFO] [1772004892.077089602] [cartographer logger]: I0225 16:34:52.000000 22282 pose_graph_2d.cc:148] Inserted submap (0, 1).
[INFO] [1772004898.074493599] [cartographer logger]: I0225 16:34:58.000000 22322 pose_graph_2d.cc:538] Remaining work items in queue: 0
[INFO] [1772004904.073090203] [cartographer logger]: I0225 16:35:04.000000 22282 collated_trajectory_builder.cc:81] imu rate: 10.00 Hz 1.00e-01 s +/- 4.81e-04 s (pulsed at 100.00% real time)
[INFO] [1772004904.073153313] [cartographer logger]: I0225 16:35:04.000000 22282 collated_trajectory_builder.cc:81] odom rate: 10.00 Hz 1.00e-01 s +/- 4.98e-04 s (pulsed at 100.00% real time)
[INFO] [1772004904.073166418] [cartographer logger]: I0225 16:35:04.000000 22282 collated_trajectory_builder.cc:81] scan rate: 10.00 Hz 1.00e-01 s +/- 1.01e-04 s (pulsed at 100.00% real time)
[INFO] [1772004910.076664879] [cartographer logger]: I0225 16:35:10.000000 22282 pose_graph_2d.cc:148] Inserted submap (0, 2).
[INFO] [1772004919.172541381] [cartographer logger]: I0225 16:35:19.000000 22282 collated_trajectory_builder.cc:81] imu rate: 10.00 Hz 1.00e-01 s +/- 5.18e-04 s (pulsed at 100.00% real time)
[INFO] [1772004919.172628978] [cartographer logger]: I0225 16:35:19.000000 22282 collated_trajectory_builder.cc:81] odom rate: 10.00 Hz 1.00e-01 s +/- 5.42e-04 s (pulsed at 100.00% real time)
[INFO] [1772004919.172647494] [cartographer logger]: I0225 16:35:19.000000 22282 collated_trajectory_builder.cc:81] scan rate: 10.00 Hz 1.00e-01 s +/- 1.01e-04 s (pulsed at 100.00% real time)
[INFO] [1772004922.274430053] [cartographer logger]: I0225 16:35:22.000000 22321 pose_graph_2d.cc:538] Remaining work items in queue: 0
[INFO] [1772004924.573243416] [cartographer logger]: I0225 16:35:24.000000 22282 motion_filter.cc:42] Motion filter reduced the number of nodes to 50.6%.
[INFO] [1772004928.074673135] [cartographer logger]: I0225 16:35:28.000000 22282 pose_graph_2d.cc:148] Inserted submap (0, 3).
[INFO] [1772004934.172909493] [cartographer logger]: I0225 16:35:34.000000 22282 collated_trajectory_builder.cc:81] imu rate: 10.00 Hz 1.00e-01 s +/- 3.73e-04 s (pulsed at 100.00% real time)
[INFO] [1772004934.172993713] [cartographer logger]: I0225 16:35:34.000000 22282 collated_trajectory_builder.cc:81] odom rate: 10.00 Hz 1.00e-01 s +/- 3.86e-04 s (pulsed at 100.00% real time)
[INFO] [1772004934.173016707] [cartographer logger]: I0225 16:35:34.000000 22282 collated_trajectory_builder.cc:81] scan rate: 10.00 Hz 1.00e-01 s +/- 1.02e-04 s (pulsed at 100.00% real time)
[INFO] [1772004946.076505653] [cartographer logger]: I0225 16:35:46.000000 22282 pose_graph_2d.cc:148] Inserted submap (0, 4).
[INFO] [1772004946.475806866] [cartographer logger]: I0225 16:35:46.000000 22321 pose_graph_2d.cc:538] Remaining work items in queue: 0
[INFO] [1772004949.271869788] [cartographer logger]: I0225 16:35:49.000000 22282 collated_trajectory_builder.cc:81] imu rate: 10.00 Hz 1.00e-01 s +/- 3.92e-04 s (pulsed at 100.00% real time)
[INFO] [1772004949.271968606] [cartographer logger]: I0225 16:35:49.000000 22282 collated_trajectory_builder.cc:81] odom rate: 10.00 Hz 1.00e-01 s +/- 4.09e-04 s (pulsed at 100.00% real time)
[INFO] [1772004949.271992682] [cartographer logger]: I0225 16:35:49.000000 22282 collated_trajectory_builder.cc:81] scan rate: 10.00 Hz 1.00e-01 s +/- 9.60e-05 s (pulsed at 100.00% real time)
[INFO] [1772004964.074903093] [cartographer logger]: I0225 16:36:04.000000 22282 pose_graph_2d.cc:148] Inserted submap (0, 5).
[INFO] [1772004964.272289858] [cartographer logger]: I0225 16:36:04.000000 22282 collated_trajectory_builder.cc:81] imu rate: 10.00 Hz 1.00e-01 s +/- 4.13e-04 s (pulsed at 100.00% real time)
[INFO] [1772004964.272388716] [cartographer logger]: I0225 16:36:04.000000 22282 collated_trajectory_builder.cc:81] odom rate: 10.00 Hz 1.00e-01 s +/- 4.27e-04 s (pulsed at 100.00% real time)
[INFO] [1772004964.272414826] [cartographer logger]: I0225 16:36:04.000000 22282 collated_trajectory_builder.cc:81] scan rate: 10.00 Hz 1.00e-01 s +/- 9.94e-05 s (pulsed at 100.00% real time)
[INFO] [1772004970.675496435] [cartographer logger]: I0225 16:36:10.000000 22320 pose_graph_2d.cc:538] Remaining work items in queue: 0
[INFO] [1772004974.573491314] [cartographer logger]: I0225 16:36:14.000000 22282 motion_filter.cc:42] Motion filter reduced the number of nodes to 50.3%.
[INFO] [1772004979.272497481] [cartographer logger]: I0225 16:36:19.000000 22282 collated_trajectory_builder.cc:81] imu rate: 10.00 Hz 1.00e-01 s +/- 3.84e-04 s (pulsed at 100.00% real time)
[INFO] [1772004979.272585770] [cartographer logger]: I0225 16:36:19.000000 22282 collated_trajectory_builder.cc:81] odom rate: 10.00 Hz 1.00e-01 s +/- 3.93e-04 s (pulsed at 100.00% real time)
[INFO] [1772004979.272606820] [cartographer logger]: I0225 16:36:19.000000 22282 collated_trajectory_builder.cc:81] scan rate: 10.00 Hz 1.00e-01 s +/- 7.54e-05 s (pulsed at 100.00% real time)
[INFO] [1772004982.074952095] [cartographer logger]: I0225 16:36:22.000000 22282 pose_graph_2d.cc:148] Inserted submap (0, 6).
[INFO] [1772004994.272827522] [cartographer logger]: I0225 16:36:34.000000 22282 collated_trajectory_builder.cc:81] imu rate: 10.00 Hz 1.00e-01 s +/- 3.90e-04 s (pulsed at 100.00% real time)
[INFO] [1772004994.272926289] [cartographer logger]: I0225 16:36:34.000000 22282 collated_trajectory_builder.cc:81] odom rate: 10.00 Hz 1.00e-01 s +/- 3.99e-04 s (pulsed at 100.00% real time)
[INFO] [1772004994.272962322] [cartographer logger]: I0225 16:36:34.000000 22282 collated_trajectory_builder.cc:81] scan rate: 10.00 Hz 1.00e-01 s +/- 8.22e-05 s (pulsed at 100.00% real time)
[INFO] [1772004994.874828898] [cartographer logger]: I0225 16:36:34.000000 22320 pose_graph_2d.cc:538] Remaining work items in queue: 0
[INFO] [1772005000.074778445] [cartographer logger]: I0225 16:36:40.000000 22282 pose_graph_2d.cc:148] Inserted submap (0, 7).
[INFO] [1772005009.371915839] [cartographer logger]: I0225 16:36:49.000000 22282 collated_trajectory_builder.cc:81] imu rate: 10.00 Hz 1.00e-01 s +/- 5.11e-04 s (pulsed at 100.00% real time)
[INFO] [1772005009.371975975] [cartographer logger]: I0225 16:36:49.000000 22282 collated_trajectory_builder.cc:81] odom rate: 10.00 Hz 1.00e-01 s +/- 5.21e-04 s (pulsed at 100.00% real time)
[INFO] [1772005009.371989336] [cartographer logger]: I0225 16:36:49.000000 22282 collated_trajectory_builder.cc:81] scan rate: 10.00 Hz 1.00e-01 s +/- 2.71e-04 s (pulsed at 100.00% real time)
[INFO] [1772005018.074425361] [cartographer logger]: I0225 16:36:58.000000 22282 pose_graph_2d.cc:148] Inserted submap (0, 8).
[INFO] [1772005019.075776397] [cartographer logger]: I0225 16:36:59.000000 22322 pose_graph_2d.cc:538] Remaining work items in queue: 0
[INFO] [1772005024.372127758] [cartographer logger]: I0225 16:37:04.000000 22282 collated_trajectory_builder.cc:81] imu rate: 10.00 Hz 1.00e-01 s +/- 3.74e-04 s (pulsed at 100.01% real time)
[INFO] [1772005024.372217945] [cartographer logger]: I0225 16:37:04.000000 22282 collated_trajectory_builder.cc:81] odom rate: 10.00 Hz 1.00e-01 s +/- 3.82e-04 s (pulsed at 100.01% real time)
[INFO] [1772005024.372261645] [cartographer logger]: I0225 16:37:04.000000 22282 collated_trajectory_builder.cc:81] scan rate: 10.00 Hz 1.00e-01 s +/- 9.77e-05 s (pulsed at 100.00% real time)
[INFO] [1772005024.574400451] [cartographer logger]: I0225 16:37:04.000000 22282 motion_filter.cc:42] Motion filter reduced the number of nodes to 50.2%.
[INFO] [1772005036.076715087] [cartographer logger]: I0225 16:37:16.000000 22282 pose_graph_2d.cc:148] Inserted submap (0, 9).
[INFO] [1772005039.471768174] [cartographer logger]: I0225 16:37:19.000000 22282 collated_trajectory_builder.cc:81] imu rate: 10.00 Hz 1.00e-01 s +/- 4.35e-04 s (pulsed at 100.00% real time)
[INFO] [1772005039.471848603] [cartographer logger]: I0225 16:37:19.000000 22282 collated_trajectory_builder.cc:81] odom rate: 10.00 Hz 1.00e-01 s +/- 4.50e-04 s (pulsed at 100.00% real time)
[INFO] [1772005039.471866748] [cartographer logger]: I0225 16:37:19.000000 22282 collated_trajectory_builder.cc:81] scan rate: 10.00 Hz 1.00e-01 s +/- 9.17e-05 s (pulsed at 100.00% real time)
[INFO] [1772005043.275244113] [cartographer logger]: I0225 16:37:23.000000 22319 pose_graph_2d.cc:538] Remaining work items in queue: 0
[INFO] [1772005047.141511292] [rclcpp]: signal_handler(SIGINT/SIGTERM)
