[INFO] [1772435515.147582951] [cartographer logger]: I0302 16:11:55.000000 38814 configuration_file_resolver.cc:41] Found '/home/tkddn647/test/install/localization_layer/share/localization_layer/config/cartographer_2d_mapping.lua' for 'cartographer_2d_mapping.lua'.
[INFO] [1772435515.147941235] [cartographer logger]: I0302 16:11:55.000000 38814 configuration_file_resolver.cc:41] Found '/home/tkddn647/test/install/localization_layer/share/localization_layer/config/map_builder.lua' for 'map_builder.lua'.
[INFO] [1772435515.147969912] [cartographer logger]: I0302 16:11:55.000000 38814 configuration_file_resolver.cc:41] Found '/home/tkddn647/test/install/localization_layer/share/localization_layer/config/map_builder.lua' for 'map_builder.lua'.
[INFO] [1772435515.148059238] [cartographer logger]: I0302 16:11:55.000000 38814 configuration_file_resolver.cc:41] Found '/home/tkddn647/test/install/localization_layer/share/localization_layer/config/pose_graph.lua' for 'pose_graph.lua'.
[INFO] [1772435515.148845603] [cartographer logger]: I0302 16:11:55.000000 38814 configuration_file_resolver.cc:41] Found '/home/tkddn647/test/install/localization_layer/share/localization_layer/config/pose_graph.lua' for 'pose_graph.lua'.
[INFO] [1772435515.148987852] [cartographer logger]: I0302 16:11:55.000000 38814 configuration_file_resolver.cc:41] Found '/home/tkddn647/test/install/localization_layer/share/localization_layer/config/trajectory_builder.lua' for 'trajectory_builder.lua'.
[INFO] [1772435515.149009056] [cartographer logger]: I0302 16:11:55.000000 38814 configuration_file_resolver.cc:41] Found '/home/tkddn647/test/install/localization_layer/share/localization_layer/config/trajectory_builder.lua' for 'trajectory_builder.lua'.
[INFO] [1772435515.149101446] [cartographer logger]: I0302 16:11:55.000000 38814 configuration_file_resolver.cc:41] Found '/opt/ros/humble/share/cartographer/configuration_files/trajectory_builder_2d.lua' for 'trajectory_builder_2d.lua'.
[INFO] [1772435515.149129362] [cartographer logger]: I0302 16:11:55.000000 38814 configuration_file_resolver.cc:41] Found '/opt/ros/humble/share/cartographer/configuration_files/trajectory_builder_2d.lua' for 'trajectory_builder_2d.lua'.
[INFO] [1772435515.149275766] [cartographer logger]: I0302 16:11:55.000000 38814 configuration_file_resolver.cc:41] Found '/opt/ros/humble/share/cartographer/configuration_files/trajectory_builder_3d.lua' for 'trajectory_builder_3d.lua'.
[INFO] [1772435515.149300806] [cartographer logger]: I0302 16:11:55.000000 38814 configuration_file_resolver.cc:41] Found '/opt/ros/humble/share/cartographer/configuration_files/trajectory_builder_3d.lua' for 'trajectory_builder_3d.lua'.
[INFO] [1772435515.167480110] [cartographer logger]: I0302 16:11:55.000000 38814 map_builder_bridge.cpp:136] Added trajectory with ID '0'.
[INFO] [1772435522.438542056] [cartographer logger]: I0302 16:12:02.000000 38814 ordered_multi_queue.cc:172] All sensor data for trajectory 0 is available starting at '639080323223112699'.
[INFO] [1772435522.559068149] [cartographer logger]: I0302 16:12:02.000000 38814 local_trajectory_builder_2d.cc:312] Extrapolator not yet initialized.
[INFO] [1772435522.573275701] [cartographer logger]: I0302 16:12:02.000000 38814 pose_graph_2d.cc:148] Inserted submap (0, 0).
[INFO] [1772435534.245179179] [cartographer logger]: I0302 16:12:14.000000 38814 pose_graph_2d.cc:148] Inserted submap (0, 1).
[INFO] [1772435536.060211915] [cartographer logger]: I0302 16:12:16.000000 38814 collated_trajectory_builder.cc:81] imu rate: 5.49 Hz 1.82e-01 s +/- 6.61e-02 s (pulsed at 100.76% real time)
[INFO] [1772435536.060277711] [cartographer logger]: I0302 16:12:16.000000 38814 collated_trajectory_builder.cc:81] odom rate: 3.90 Hz 2.57e-01 s +/- 3.65e-02 s (pulsed at 100.89% real time)
[INFO] [1772435536.060292435] [cartographer logger]: I0302 16:12:16.000000 38814 collated_trajectory_builder.cc:81] scan rate: 7.57 Hz 1.32e-01 s +/- 1.08e-02 s (pulsed at 99.78% real time)
[INFO] [1772435538.575874226] [cartographer logger]: I0302 16:12:18.000000 38862 pose_graph_2d.cc:538] Remaining work items in queue: 1
[INFO] [1772435547.486733657] [cartographer logger]: I0302 16:12:27.000000 38814 collated_trajectory_builder.cc:81] imu rate: 11.28 Hz 8.87e-02 s +/- 5.18e-01 s (pulsed at 83.18% real time)
[INFO] [1772435547.486822266] [cartographer logger]: I0302 16:12:27.000000 38814 collated_trajectory_builder.cc:81] odom rate: 1.59 Hz 6.27e-01 s +/- 1.46e+00 s (pulsed at 90.77% real time)
[INFO] [1772435547.486840363] [cartographer logger]: I0302 16:12:27.000000 38814 collated_trajectory_builder.cc:81] scan rate: 3.90 Hz 2.56e-01 s +/- 8.31e-01 s (pulsed at 84.20% real time)
[INFO] [1772435549.566815018] [rclcpp]: signal_handler(SIGINT/SIGTERM)
