[INFO] [1772108070.061196486] [cartographer logger]: I0226 21:14:30.000000 181838 configuration_file_resolver.cc:41] Found '/home/tkddn647/test/install/localization_layer/share/localization_layer/config/cartographer_2d_mapping.lua' for 'cartographer_2d_mapping.lua'.
[INFO] [1772108070.061648891] [cartographer logger]: I0226 21:14:30.000000 181838 configuration_file_resolver.cc:41] Found '/home/tkddn647/test/install/localization_layer/share/localization_layer/config/map_builder.lua' for 'map_builder.lua'.
[INFO] [1772108070.062406011] [cartographer logger]: I0226 21:14:30.000000 181838 configuration_file_resolver.cc:41] Found '/home/tkddn647/test/install/localization_layer/share/localization_layer/config/map_builder.lua' for 'map_builder.lua'.
[INFO] [1772108070.062482749] [cartographer logger]: I0226 21:14:30.000000 181838 configuration_file_resolver.cc:41] Found '/home/tkddn647/test/install/localization_layer/share/localization_layer/config/pose_graph.lua' for 'pose_graph.lua'.
[INFO] [1772108070.062508618] [cartographer logger]: I0226 21:14:30.000000 181838 configuration_file_resolver.cc:41] Found '/home/tkddn647/test/install/localization_layer/share/localization_layer/config/pose_graph.lua' for 'pose_graph.lua'.
[INFO] [1772108070.062675943] [cartographer logger]: I0226 21:14:30.000000 181838 configuration_file_resolver.cc:41] Found '/home/tkddn647/test/install/localization_layer/share/localization_layer/config/trajectory_builder.lua' for 'trajectory_builder.lua'.
[INFO] [1772108070.062702338] [cartographer logger]: I0226 21:14:30.000000 181838 configuration_file_resolver.cc:41] Found '/home/tkddn647/test/install/localization_layer/share/localization_layer/config/trajectory_builder.lua' for 'trajectory_builder.lua'.
[INFO] [1772108070.062760121] [cartographer logger]: I0226 21:14:30.000000 181838 configuration_file_resolver.cc:41] Found '/opt/ros/humble/share/cartographer/configuration_files/trajectory_builder_2d.lua' for 'trajectory_builder_2d.lua'.
[INFO] [1772108070.062788841] [cartographer logger]: I0226 21:14:30.000000 181838 configuration_file_resolver.cc:41] Found '/opt/ros/humble/share/cartographer/configuration_files/trajectory_builder_2d.lua' for 'trajectory_builder_2d.lua'.
[INFO] [1772108070.062939170] [cartographer logger]: I0226 21:14:30.000000 181838 configuration_file_resolver.cc:41] Found '/opt/ros/humble/share/cartographer/configuration_files/trajectory_builder_3d.lua' for 'trajectory_builder_3d.lua'.
[INFO] [1772108070.062970166] [cartographer logger]: I0226 21:14:30.000000 181838 configuration_file_resolver.cc:41] Found '/opt/ros/humble/share/cartographer/configuration_files/trajectory_builder_3d.lua' for 'trajectory_builder_3d.lua'.
[INFO] [1772108070.099339895] [cartographer logger]: I0226 21:14:30.000000 181838 map_builder_bridge.cpp:136] Added trajectory with ID '0'.
[INFO] [1772108070.671510863] [cartographer logger]: I0226 21:14:30.000000 181838 ordered_multi_queue.cc:172] All sensor data for trajectory 0 is available starting at '639077048705476517'.
[INFO] [1772108070.791346350] [cartographer logger]: I0226 21:14:30.000000 181838 local_trajectory_builder_2d.cc:312] Extrapolator not yet initialized.
[WARN] [1772108070.792813345] [cartographer logger]: W0226 21:14:30.000000 181838 pose_extrapolator.cc:168] Queue too short for velocity estimation. Queue duration: 0.0006268 s
[INFO] [1772108070.797323957] [cartographer logger]: I0226 21:14:30.000000 181838 pose_graph_2d.cc:148] Inserted submap (0, 0).
[INFO] [1772108083.090990199] [cartographer logger]: I0226 21:14:43.000000 181838 pose_graph_2d.cc:148] Inserted submap (0, 1).
[INFO] [1772108086.683596579] [cartographer logger]: I0226 21:14:46.000000 181887 pose_graph_2d.cc:538] Remaining work items in queue: 1
[INFO] [1772108086.808257721] [cartographer logger]: I0226 21:14:46.000000 181838 collated_trajectory_builder.cc:81] imu rate: 5.28 Hz 1.89e-01 s +/- 1.91e-01 s (pulsed at 112.52% real time)
[INFO] [1772108086.808343822] [cartographer logger]: I0226 21:14:46.000000 181838 collated_trajectory_builder.cc:81] odom rate: 3.87 Hz 2.58e-01 s +/- 2.08e-01 s (pulsed at 112.39% real time)
[INFO] [1772108086.808452362] [cartographer logger]: I0226 21:14:46.000000 181838 collated_trajectory_builder.cc:81] scan rate: 7.55 Hz 1.32e-01 s +/- 1.48e-01 s (pulsed at 111.39% real time)
[INFO] [1772108093.856454223] [cartographer logger]: I0226 21:14:53.000000 181838 pose_graph_2d.cc:148] Inserted submap (0, 2).
[INFO] [1772108101.735125335] [cartographer logger]: I0226 21:15:01.000000 181887 pose_graph_2d.cc:538] Remaining work items in queue: 0
[INFO] [1772108101.876710411] [cartographer logger]: I0226 21:15:01.000000 181838 collated_trajectory_builder.cc:81] imu rate: 5.48 Hz 1.82e-01 s +/- 6.79e-02 s (pulsed at 99.91% real time)
[INFO] [1772108101.876798925] [cartographer logger]: I0226 21:15:01.000000 181838 collated_trajectory_builder.cc:81] odom rate: 4.12 Hz 2.42e-01 s +/- 3.92e-02 s (pulsed at 99.47% real time)
[INFO] [1772108101.876821046] [cartographer logger]: I0226 21:15:01.000000 181838 collated_trajectory_builder.cc:81] scan rate: 8.01 Hz 1.25e-01 s +/- 1.85e-02 s (pulsed at 100.41% real time)
[INFO] [1772108104.747697150] [rclcpp]: signal_handler(SIGINT/SIGTERM)
