[INFO] [1772434124.675366409] [cartographer logger]: I0302 15:48:44.000000 28815 configuration_file_resolver.cc:41] Found '/home/tkddn647/test/install/localization_layer/share/localization_layer/config/cartographer_2d_mapping.lua' for 'cartographer_2d_mapping.lua'.
[INFO] [1772434124.675774552] [cartographer logger]: I0302 15:48:44.000000 28815 configuration_file_resolver.cc:41] Found '/home/tkddn647/test/install/localization_layer/share/localization_layer/config/map_builder.lua' for 'map_builder.lua'.
[INFO] [1772434124.675807759] [cartographer logger]: I0302 15:48:44.000000 28815 configuration_file_resolver.cc:41] Found '/home/tkddn647/test/install/localization_layer/share/localization_layer/config/map_builder.lua' for 'map_builder.lua'.
[INFO] [1772434124.675867548] [cartographer logger]: I0302 15:48:44.000000 28815 configuration_file_resolver.cc:41] Found '/home/tkddn647/test/install/localization_layer/share/localization_layer/config/pose_graph.lua' for 'pose_graph.lua'.
[INFO] [1772434124.675893326] [cartographer logger]: I0302 15:48:44.000000 28815 configuration_file_resolver.cc:41] Found '/home/tkddn647/test/install/localization_layer/share/localization_layer/config/pose_graph.lua' for 'pose_graph.lua'.
[INFO] [1772434124.676102495] [cartographer logger]: I0302 15:48:44.000000 28815 configuration_file_resolver.cc:41] Found '/home/tkddn647/test/install/localization_layer/share/localization_layer/config/trajectory_builder.lua' for 'trajectory_builder.lua'.
[INFO] [1772434124.676135228] [cartographer logger]: I0302 15:48:44.000000 28815 configuration_file_resolver.cc:41] Found '/home/tkddn647/test/install/localization_layer/share/localization_layer/config/trajectory_builder.lua' for 'trajectory_builder.lua'.
[INFO] [1772434124.676195987] [cartographer logger]: I0302 15:48:44.000000 28815 configuration_file_resolver.cc:41] Found '/opt/ros/humble/share/cartographer/configuration_files/trajectory_builder_2d.lua' for 'trajectory_builder_2d.lua'.
[INFO] [1772434124.676226108] [cartographer logger]: I0302 15:48:44.000000 28815 configuration_file_resolver.cc:41] Found '/opt/ros/humble/share/cartographer/configuration_files/trajectory_builder_2d.lua' for 'trajectory_builder_2d.lua'.
[INFO] [1772434124.676377339] [cartographer logger]: I0302 15:48:44.000000 28815 configuration_file_resolver.cc:41] Found '/opt/ros/humble/share/cartographer/configuration_files/trajectory_builder_3d.lua' for 'trajectory_builder_3d.lua'.
[INFO] [1772434124.676413245] [cartographer logger]: I0302 15:48:44.000000 28815 configuration_file_resolver.cc:41] Found '/opt/ros/humble/share/cartographer/configuration_files/trajectory_builder_3d.lua' for 'trajectory_builder_3d.lua'.
[INFO] [1772434124.703249526] [cartographer logger]: I0302 15:48:44.000000 28815 map_builder_bridge.cpp:136] Added trajectory with ID '0'.
[INFO] [1772434125.241856903] [cartographer logger]: I0302 15:48:45.000000 28815 ordered_multi_queue.cc:172] All sensor data for trajectory 0 is available starting at '639080309251460889'.
[INFO] [1772434125.337689114] [cartographer logger]: I0302 15:48:45.000000 28815 local_trajectory_builder_2d.cc:312] Extrapolator not yet initialized.
[WARN] [1772434125.339698929] [cartographer logger]: W0302 15:48:45.000000 28815 pose_extrapolator.cc:168] Queue too short for velocity estimation. Queue duration: 0.0009944 s
[INFO] [1772434125.344989977] [cartographer logger]: I0302 15:48:45.000000 28815 pose_graph_2d.cc:148] Inserted submap (0, 0).
[INFO] [1772434138.808128532] [cartographer logger]: I0302 15:48:58.000000 28815 collated_trajectory_builder.cc:81] imu rate: 8.63 Hz 1.16e-01 s +/- 5.56e-01 s (pulsed at 93.80% real time)
[INFO] [1772434138.808235073] [cartographer logger]: I0302 15:48:58.000000 28815 collated_trajectory_builder.cc:81] odom rate: 3.37 Hz 2.97e-01 s +/- 8.75e-01 s (pulsed at 93.70% real time)
[INFO] [1772434138.808260278] [cartographer logger]: I0302 15:48:58.000000 28815 collated_trajectory_builder.cc:81] scan rate: 5.65 Hz 1.77e-01 s +/- 6.68e-01 s (pulsed at 93.75% real time)
[INFO] [1772434155.390849759] [cartographer logger]: I0302 15:49:15.000000 28815 collated_trajectory_builder.cc:81] imu rate: 4.00 Hz 2.50e-01 s +/- 9.34e-01 s (pulsed at 132.24% real time)
[INFO] [1772434155.391040368] [cartographer logger]: I0302 15:49:15.000000 28815 collated_trajectory_builder.cc:81] odom rate: 2.19 Hz 4.56e-01 s +/- 1.25e+00 s (pulsed at 91.07% real time)
[INFO] [1772434155.391068626] [cartographer logger]: I0302 15:49:15.000000 28815 collated_trajectory_builder.cc:81] scan rate: 3.98 Hz 2.51e-01 s +/- 9.22e-01 s (pulsed at 132.91% real time)
[INFO] [1772434165.196555865] [rclcpp]: signal_handler(SIGINT/SIGTERM)
