[INFO] [1772436034.085631609] [cartographer logger]: I0302 16:20:34.000000 42962 configuration_file_resolver.cc:41] Found '/home/tkddn647/test/install/localization_layer/share/localization_layer/config/cartographer_2d_mapping.lua' for 'cartographer_2d_mapping.lua'.
[INFO] [1772436034.086105405] [cartographer logger]: I0302 16:20:34.000000 42962 configuration_file_resolver.cc:41] Found '/home/tkddn647/test/install/localization_layer/share/localization_layer/config/map_builder.lua' for 'map_builder.lua'.
[INFO] [1772436034.086141521] [cartographer logger]: I0302 16:20:34.000000 42962 configuration_file_resolver.cc:41] Found '/home/tkddn647/test/install/localization_layer/share/localization_layer/config/map_builder.lua' for 'map_builder.lua'.
[INFO] [1772436034.086218503] [cartographer logger]: I0302 16:20:34.000000 42962 configuration_file_resolver.cc:41] Found '/home/tkddn647/test/install/localization_layer/share/localization_layer/config/pose_graph.lua' for 'pose_graph.lua'.
[INFO] [1772436034.086249572] [cartographer logger]: I0302 16:20:34.000000 42962 configuration_file_resolver.cc:41] Found '/home/tkddn647/test/install/localization_layer/share/localization_layer/config/pose_graph.lua' for 'pose_graph.lua'.
[INFO] [1772436034.086499607] [cartographer logger]: I0302 16:20:34.000000 42962 configuration_file_resolver.cc:41] Found '/home/tkddn647/test/install/localization_layer/share/localization_layer/config/trajectory_builder.lua' for 'trajectory_builder.lua'.
[INFO] [1772436034.086533254] [cartographer logger]: I0302 16:20:34.000000 42962 configuration_file_resolver.cc:41] Found '/home/tkddn647/test/install/localization_layer/share/localization_layer/config/trajectory_builder.lua' for 'trajectory_builder.lua'.
[INFO] [1772436034.086593683] [cartographer logger]: I0302 16:20:34.000000 42962 configuration_file_resolver.cc:41] Found '/opt/ros/humble/share/cartographer/configuration_files/trajectory_builder_2d.lua' for 'trajectory_builder_2d.lua'.
[INFO] [1772436034.086624398] [cartographer logger]: I0302 16:20:34.000000 42962 configuration_file_resolver.cc:41] Found '/opt/ros/humble/share/cartographer/configuration_files/trajectory_builder_2d.lua' for 'trajectory_builder_2d.lua'.
[INFO] [1772436034.086819427] [cartographer logger]: I0302 16:20:34.000000 42962 configuration_file_resolver.cc:41] Found '/opt/ros/humble/share/cartographer/configuration_files/trajectory_builder_3d.lua' for 'trajectory_builder_3d.lua'.
[INFO] [1772436034.086858034] [cartographer logger]: I0302 16:20:34.000000 42962 configuration_file_resolver.cc:41] Found '/opt/ros/humble/share/cartographer/configuration_files/trajectory_builder_3d.lua' for 'trajectory_builder_3d.lua'.
[INFO] [1772436034.109837769] [cartographer logger]: I0302 16:20:34.000000 42962 map_builder_bridge.cpp:136] Added trajectory with ID '0'.
[INFO] [1772436034.604072455] [cartographer logger]: I0302 16:20:34.000000 42962 ordered_multi_queue.cc:172] All sensor data for trajectory 0 is available starting at '639080328345770787'.
[INFO] [1772436034.604313188] [cartographer logger]: I0302 16:20:34.000000 42962 local_trajectory_builder_2d.cc:312] Extrapolator not yet initialized.
[INFO] [1772436034.610184203] [cartographer logger]: I0302 16:20:34.000000 42962 pose_graph_2d.cc:148] Inserted submap (0, 0).
[INFO] [1772436053.212095373] [cartographer logger]: I0302 16:20:53.000000 42962 collated_trajectory_builder.cc:81] imu rate: 13.32 Hz 7.51e-02 s +/- 5.26e-01 s (pulsed at 134.01% real time)
[INFO] [1772436053.212206234] [cartographer logger]: I0302 16:20:53.000000 42962 collated_trajectory_builder.cc:81] odom rate: 9.28 Hz 1.08e-01 s +/- 6.27e-01 s (pulsed at 134.01% real time)
[INFO] [1772436053.212231131] [cartographer logger]: I0302 16:20:53.000000 42962 collated_trajectory_builder.cc:81] scan rate: 5.87 Hz 1.70e-01 s +/- 7.61e-01 s (pulsed at 90.66% real time)
[INFO] [1772436054.052186316] [cartographer logger]: I0302 16:20:54.000000 42962 pose_graph_2d.cc:148] Inserted submap (0, 1).
[INFO] [1772436056.591536707] [cartographer logger]: I0302 16:20:56.000000 43012 pose_graph_2d.cc:538] Remaining work items in queue: 0
[INFO] [1772436066.792849271] [cartographer logger]: I0302 16:21:06.000000 42962 pose_graph_2d.cc:148] Inserted submap (0, 2).
[INFO] [1772436073.071595602] [cartographer logger]: I0302 16:21:13.000000 42962 collated_trajectory_builder.cc:81] imu rate: 2.95 Hz 3.39e-01 s +/- 1.07e+00 s (pulsed at 131.76% real time)
[INFO] [1772436073.071662787] [cartographer logger]: I0302 16:21:13.000000 42962 collated_trajectory_builder.cc:81] odom rate: 4.24 Hz 2.36e-01 s +/- 7.61e-01 s (pulsed at 93.23% real time)
[INFO] [1772436073.071676794] [cartographer logger]: I0302 16:21:13.000000 42962 collated_trajectory_builder.cc:81] scan rate: 5.34 Hz 1.87e-01 s +/- 7.93e-01 s (pulsed at 131.37% real time)
[INFO] [1772436080.519050665] [rclcpp]: signal_handler(SIGINT/SIGTERM)
