[INFO] [1772114433.441023767] [cartographer logger]: I0226 23:00:33.000000 240214 configuration_file_resolver.cc:41] Found '/home/tkddn647/test/install/localization_layer/share/localization_layer/config/cartographer_2d_mapping_lidar_only.lua' for 'cartographer_2d_mapping_lidar_only.lua'.
[INFO] [1772114433.442796734] [cartographer logger]: I0226 23:00:33.000000 240214 configuration_file_resolver.cc:41] Found '/home/tkddn647/test/install/localization_layer/share/localization_layer/config/map_builder_mapping.lua' for 'map_builder_mapping.lua'.
[INFO] [1772114433.442866896] [cartographer logger]: I0226 23:00:33.000000 240214 configuration_file_resolver.cc:41] Found '/home/tkddn647/test/install/localization_layer/share/localization_layer/config/map_builder_mapping.lua' for 'map_builder_mapping.lua'.
[INFO] [1772114433.442935092] [cartographer logger]: I0226 23:00:33.000000 240214 configuration_file_resolver.cc:41] Found '/home/tkddn647/test/install/localization_layer/share/localization_layer/config/pose_graph_mapping.lua' for 'pose_graph_mapping.lua'.
[INFO] [1772114433.442959974] [cartographer logger]: I0226 23:00:33.000000 240214 configuration_file_resolver.cc:41] Found '/home/tkddn647/test/install/localization_layer/share/localization_layer/config/pose_graph_mapping.lua' for 'pose_graph_mapping.lua'.
[INFO] [1772114433.444026419] [cartographer logger]: I0226 23:00:33.000000 240214 configuration_file_resolver.cc:41] Found '/home/tkddn647/test/install/localization_layer/share/localization_layer/config/trajectory_builder.lua' for 'trajectory_builder.lua'.
[INFO] [1772114433.444788023] [cartographer logger]: I0226 23:00:33.000000 240214 configuration_file_resolver.cc:41] Found '/home/tkddn647/test/install/localization_layer/share/localization_layer/config/trajectory_builder.lua' for 'trajectory_builder.lua'.
[INFO] [1772114433.445441686] [cartographer logger]: I0226 23:00:33.000000 240214 configuration_file_resolver.cc:41] Found '/opt/ros/humble/share/cartographer/configuration_files/trajectory_builder_2d.lua' for 'trajectory_builder_2d.lua'.
[INFO] [1772114433.445931070] [cartographer logger]: I0226 23:00:33.000000 240214 configuration_file_resolver.cc:41] Found '/opt/ros/humble/share/cartographer/configuration_files/trajectory_builder_2d.lua' for 'trajectory_builder_2d.lua'.
[INFO] [1772114433.446316490] [cartographer logger]: I0226 23:00:33.000000 240214 configuration_file_resolver.cc:41] Found '/opt/ros/humble/share/cartographer/configuration_files/trajectory_builder_3d.lua' for 'trajectory_builder_3d.lua'.
[INFO] [1772114433.446367684] [cartographer logger]: I0226 23:00:33.000000 240214 configuration_file_resolver.cc:41] Found '/opt/ros/humble/share/cartographer/configuration_files/trajectory_builder_3d.lua' for 'trajectory_builder_3d.lua'.
[INFO] [1772114433.503002273] [cartographer logger]: I0226 23:00:33.000000 240214 map_builder_bridge.cpp:136] Added trajectory with ID '0'.
[INFO] [1772114435.053519262] [cartographer logger]: I0226 23:00:35.000000 240214 ordered_multi_queue.cc:172] All sensor data for trajectory 0 is available starting at '639077112349334493'.
[WARN] [1772114435.055669033] [cartographer logger]: W0226 23:00:35.000000 240214 pose_extrapolator.cc:168] Queue too short for velocity estimation. Queue duration: 0 s
[WARN] [1772114435.060157787] [cartographer logger]: W0226 23:00:35.000000 240214 fixed_ratio_sampler.cc:26] FixedRatioSampler is dropping all data.
[INFO] [1772114435.060318015] [cartographer logger]: I0226 23:00:35.000000 240214 pose_graph_2d.cc:148] Inserted submap (0, 0).
[INFO] [1772114448.633913724] [cartographer logger]: I0226 23:00:48.000000 240214 collated_trajectory_builder.cc:81] scan rate: 6.93 Hz 1.44e-01 s +/- 2.25e-02 s (pulsed at 99.82% real time)
[INFO] [1772114463.762092853] [cartographer logger]: I0226 23:01:03.000000 240214 collated_trajectory_builder.cc:81] scan rate: 6.21 Hz 1.61e-01 s +/- 1.31e-02 s (pulsed at 99.94% real time)
[INFO] [1772114480.421278943] [cartographer logger]: I0226 23:01:20.000000 240214 collated_trajectory_builder.cc:81] scan rate: 5.46 Hz 1.83e-01 s +/- 1.74e-01 s (pulsed at 111.09% real time)
[INFO] [1772114495.427852003] [cartographer logger]: I0226 23:01:35.000000 240214 collated_trajectory_builder.cc:81] scan rate: 6.06 Hz 1.65e-01 s +/- 1.39e-02 s (pulsed at 99.94% real time)
[INFO] [1772114512.076495202] [cartographer logger]: I0226 23:01:52.000000 240214 collated_trajectory_builder.cc:81] scan rate: 5.52 Hz 1.81e-01 s +/- 1.70e-01 s (pulsed at 110.87% real time)
[INFO] [1772114518.437321500] [cartographer logger]: I0226 23:01:58.000000 240214 motion_filter.cc:42] Motion filter reduced the number of nodes to 8%.
[INFO] [1772114527.165418964] [cartographer logger]: I0226 23:02:07.000000 240214 collated_trajectory_builder.cc:81] scan rate: 6.03 Hz 1.66e-01 s +/- 1.17e-02 s (pulsed at 99.98% real time)
[INFO] [1772114543.774585376] [cartographer logger]: I0226 23:02:23.000000 240214 collated_trajectory_builder.cc:81] scan rate: 5.29 Hz 1.89e-01 s +/- 1.70e-01 s (pulsed at 110.79% real time)
[INFO] [1772114558.792872339] [cartographer logger]: I0226 23:02:38.000000 240214 collated_trajectory_builder.cc:81] scan rate: 5.86 Hz 1.71e-01 s +/- 1.20e-02 s (pulsed at 100.03% real time)
[INFO] [1772114561.980928963] [cartographer logger]: I0226 23:02:41.000000 240214 pose_graph_2d.cc:148] Inserted submap (0, 1).
[INFO] [1772114575.570168724] [cartographer logger]: I0226 23:02:55.000000 240214 collated_trajectory_builder.cc:81] scan rate: 5.72 Hz 1.75e-01 s +/- 1.75e-01 s (pulsed at 111.31% real time)
[INFO] [1772114590.624490719] [cartographer logger]: I0226 23:03:10.000000 240214 collated_trajectory_builder.cc:81] scan rate: 6.65 Hz 1.50e-01 s +/- 1.20e-02 s (pulsed at 100.39% real time)
[INFO] [1772114603.550950181] [cartographer logger]: I0226 23:03:23.000000 240214 motion_filter.cc:42] Motion filter reduced the number of nodes to 7.9%.
[INFO] [1772114607.242782432] [cartographer logger]: I0226 23:03:27.000000 240214 collated_trajectory_builder.cc:81] scan rate: 6.01 Hz 1.66e-01 s +/- 1.60e-01 s (pulsed at 110.71% real time)
[INFO] [1772114622.360081534] [cartographer logger]: I0226 23:03:42.000000 240214 collated_trajectory_builder.cc:81] scan rate: 6.68 Hz 1.50e-01 s +/- 1.10e-02 s (pulsed at 100.06% real time)
[INFO] [1772114626.200205720] [cartographer logger]: I0226 23:03:46.000000 240264 pose_graph_2d.cc:538] Remaining work items in queue: 0
[INFO] [1772114639.098230197] [cartographer logger]: I0226 23:03:59.000000 240214 collated_trajectory_builder.cc:81] scan rate: 6.09 Hz 1.64e-01 s +/- 1.66e-01 s (pulsed at 111.22% real time)
[INFO] [1772114654.126582570] [cartographer logger]: I0226 23:04:14.000000 240214 collated_trajectory_builder.cc:81] scan rate: 6.92 Hz 1.44e-01 s +/- 7.16e-03 s (pulsed at 99.95% real time)
[INFO] [1772114669.242934357] [cartographer logger]: I0226 23:04:29.000000 240214 collated_trajectory_builder.cc:81] scan rate: 6.81 Hz 1.47e-01 s +/- 1.31e-02 s (pulsed at 100.07% real time)
[INFO] [1772114680.538094002] [cartographer logger]: I0226 23:04:40.000000 240214 motion_filter.cc:42] Motion filter reduced the number of nodes to 7.73333%.
[INFO] [1772114686.008881858] [cartographer logger]: I0226 23:04:46.000000 240214 collated_trajectory_builder.cc:81] scan rate: 6.13 Hz 1.63e-01 s +/- 1.66e-01 s (pulsed at 111.28% real time)
[INFO] [1772114690.024879927] [cartographer logger]: I0226 23:04:50.000000 240214 pose_graph_2d.cc:148] Inserted submap (0, 2).
[INFO] [1772114701.009945156] [cartographer logger]: I0226 23:05:01.000000 240214 collated_trajectory_builder.cc:81] scan rate: 6.86 Hz 1.46e-01 s +/- 1.55e-02 s (pulsed at 100.04% real time)
[INFO] [1772114717.686017335] [cartographer logger]: I0226 23:05:17.000000 240214 collated_trajectory_builder.cc:81] scan rate: 6.29 Hz 1.59e-01 s +/- 1.58e-01 s (pulsed at 110.73% real time)
[INFO] [1772114732.742949609] [cartographer logger]: I0226 23:05:32.000000 240214 collated_trajectory_builder.cc:81] scan rate: 6.97 Hz 1.43e-01 s +/- 1.67e-02 s (pulsed at 99.98% real time)
[INFO] [1772114749.435251256] [cartographer logger]: I0226 23:05:49.000000 240214 collated_trajectory_builder.cc:81] scan rate: 6.28 Hz 1.59e-01 s +/- 1.66e-01 s (pulsed at 111.32% real time)
[INFO] [1772114755.500023074] [cartographer logger]: I0226 23:05:55.000000 240214 motion_filter.cc:42] Motion filter reduced the number of nodes to 7.55%.
[INFO] [1772114764.548719508] [cartographer logger]: I0226 23:06:04.000000 240214 collated_trajectory_builder.cc:81] scan rate: 7.27 Hz 1.37e-01 s +/- 1.06e-02 s (pulsed at 100.05% real time)
[INFO] [1772114781.352677343] [cartographer logger]: I0226 23:06:21.000000 240214 collated_trajectory_builder.cc:81] scan rate: 6.42 Hz 1.56e-01 s +/- 1.62e-01 s (pulsed at 111.08% real time)
[INFO] [1772114796.410978305] [cartographer logger]: I0226 23:06:36.000000 240214 collated_trajectory_builder.cc:81] scan rate: 7.10 Hz 1.41e-01 s +/- 1.11e-02 s (pulsed at 100.00% real time)
[INFO] [1772114813.296856600] [cartographer logger]: I0226 23:06:53.000000 240214 collated_trajectory_builder.cc:81] scan rate: 6.40 Hz 1.56e-01 s +/- 1.75e-01 s (pulsed at 111.82% real time)
[INFO] [1772114818.714082703] [cartographer logger]: I0226 23:06:58.000000 240214 pose_graph_2d.cc:148] Inserted submap (0, 3).
[INFO] [1772114820.819281810] [cartographer logger]: I0226 23:07:00.000000 240263 pose_graph_2d.cc:538] Remaining work items in queue: 0
[INFO] [1772114828.347350415] [cartographer logger]: I0226 23:07:08.000000 240214 collated_trajectory_builder.cc:81] scan rate: 6.70 Hz 1.49e-01 s +/- 2.05e-02 s (pulsed at 100.18% real time)
[INFO] [1772114829.758941218] [cartographer logger]: I0226 23:07:09.000000 240214 motion_filter.cc:42] Motion filter reduced the number of nodes to 7.44%.
[INFO] [1772114845.281199894] [cartographer logger]: I0226 23:07:25.000000 240214 collated_trajectory_builder.cc:81] scan rate: 6.19 Hz 1.62e-01 s +/- 1.78e-01 s (pulsed at 112.29% real time)
[INFO] [1772114860.404927583] [cartographer logger]: I0226 23:07:40.000000 240214 collated_trajectory_builder.cc:81] scan rate: 6.74 Hz 1.48e-01 s +/- 1.14e-02 s (pulsed at 100.04% real time)
[INFO] [1772114877.314440673] [cartographer logger]: I0226 23:07:57.000000 240214 collated_trajectory_builder.cc:81] scan rate: 6.02 Hz 1.66e-01 s +/- 1.85e-01 s (pulsed at 112.29% real time)
[INFO] [1772114892.399003243] [cartographer logger]: I0226 23:08:12.000000 240214 collated_trajectory_builder.cc:81] scan rate: 7.02 Hz 1.42e-01 s +/- 9.20e-03 s (pulsed at 100.05% real time)
[INFO] [1772114905.874013078] [cartographer logger]: I0226 23:08:25.000000 240214 motion_filter.cc:42] Motion filter reduced the number of nodes to 7.36667%.
[INFO] [1772114907.525353095] [cartographer logger]: I0226 23:08:27.000000 240214 collated_trajectory_builder.cc:81] scan rate: 7.08 Hz 1.41e-01 s +/- 1.35e-02 s (pulsed at 99.90% real time)
[INFO] [1772114924.414511537] [cartographer logger]: I0226 23:08:44.000000 240214 collated_trajectory_builder.cc:81] scan rate: 6.33 Hz 1.58e-01 s +/- 1.77e-01 s (pulsed at 112.12% real time)
[INFO] [1772114939.437401502] [cartographer logger]: I0226 23:08:59.000000 240214 collated_trajectory_builder.cc:81] scan rate: 7.12 Hz 1.40e-01 s +/- 1.37e-02 s (pulsed at 100.03% real time)
[INFO] [1772114947.763262562] [cartographer logger]: I0226 23:09:07.000000 240214 pose_graph_2d.cc:148] Inserted submap (0, 4).
[INFO] [1772114956.336408061] [cartographer logger]: I0226 23:09:16.000000 240214 collated_trajectory_builder.cc:81] scan rate: 6.39 Hz 1.57e-01 s +/- 1.79e-01 s (pulsed at 112.30% real time)
[INFO] [1772114971.458448042] [cartographer logger]: I0226 23:09:31.000000 240214 collated_trajectory_builder.cc:81] scan rate: 7.34 Hz 1.36e-01 s +/- 7.45e-03 s (pulsed at 100.05% real time)
[INFO] [1772114980.916762682] [cartographer logger]: I0226 23:09:40.000000 240214 motion_filter.cc:42] Motion filter reduced the number of nodes to 7.31429%.
[INFO] [1772114988.379743185] [cartographer logger]: I0226 23:09:48.000000 240214 collated_trajectory_builder.cc:81] scan rate: 6.56 Hz 1.53e-01 s +/- 1.77e-01 s (pulsed at 112.31% real time)
[INFO] [1772115003.517624047] [cartographer logger]: I0226 23:10:03.000000 240214 collated_trajectory_builder.cc:81] scan rate: 7.47 Hz 1.34e-01 s +/- 1.07e-02 s (pulsed at 99.91% real time)
[INFO] [1772115016.392642803] [cartographer logger]: I0226 23:10:16.000000 240262 pose_graph_2d.cc:538] Remaining work items in queue: 0
[INFO] [1772115020.418648913] [cartographer logger]: I0226 23:10:20.000000 240214 collated_trajectory_builder.cc:81] scan rate: 6.73 Hz 1.49e-01 s +/- 1.76e-01 s (pulsed at 112.66% real time)
[INFO] [1772115035.524160111] [cartographer logger]: I0226 23:10:35.000000 240214 collated_trajectory_builder.cc:81] scan rate: 7.81 Hz 1.28e-01 s +/- 1.04e-02 s (pulsed at 100.02% real time)
[INFO] [1772115049.580653490] [cartographer logger]: I0226 23:10:49.000000 240214 motion_filter.cc:42] Motion filter reduced the number of nodes to 7.2%.
[INFO] [1772115052.418169701] [cartographer logger]: I0226 23:10:52.000000 240214 collated_trajectory_builder.cc:81] scan rate: 7.21 Hz 1.39e-01 s +/- 1.63e-01 s (pulsed at 111.93% real time)
[INFO] [1772115067.541768845] [cartographer logger]: I0226 23:11:07.000000 240214 collated_trajectory_builder.cc:81] scan rate: 8.08 Hz 1.24e-01 s +/- 1.03e-02 s (pulsed at 99.96% real time)
[INFO] [1772115075.329740427] [cartographer logger]: I0226 23:11:15.000000 240214 pose_graph_2d.cc:148] Inserted submap (0, 5).
[INFO] [1772115084.543468844] [cartographer logger]: I0226 23:11:24.000000 240214 collated_trajectory_builder.cc:81] scan rate: 7.64 Hz 1.31e-01 s +/- 1.67e-01 s (pulsed at 112.70% real time)
[INFO] [1772115099.606769143] [cartographer logger]: I0226 23:11:39.000000 240214 collated_trajectory_builder.cc:81] scan rate: 8.42 Hz 1.19e-01 s +/- 1.26e-02 s (pulsed at 100.05% real time)
[INFO] [1772115110.697151130] [cartographer logger]: I0226 23:11:50.000000 240214 motion_filter.cc:42] Motion filter reduced the number of nodes to 7.04444%.
[INFO] [1772115114.668560422] [cartographer logger]: I0226 23:11:54.000000 240214 collated_trajectory_builder.cc:81] scan rate: 8.76 Hz 1.14e-01 s +/- 9.97e-03 s (pulsed at 100.05% real time)
[INFO] [1772115131.751634531] [cartographer logger]: I0226 23:12:11.000000 240214 collated_trajectory_builder.cc:81] scan rate: 7.90 Hz 1.27e-01 s +/- 1.78e-01 s (pulsed at 113.61% real time)
[INFO] [1772115146.806105675] [cartographer logger]: I0226 23:12:26.000000 240214 collated_trajectory_builder.cc:81] scan rate: 9.23 Hz 1.08e-01 s +/- 1.08e-02 s (pulsed at 99.98% real time)
[INFO] [1772115163.851846413] [cartographer logger]: I0226 23:12:43.000000 240214 collated_trajectory_builder.cc:81] scan rate: 7.15 Hz 1.40e-01 s +/- 1.76e-01 s (pulsed at 112.83% real time)
[INFO] [1772115172.712042488] [cartographer logger]: I0226 23:12:52.000000 240214 motion_filter.cc:42] Motion filter reduced the number of nodes to 6.92%.
[INFO] [1772115178.981532225] [cartographer logger]: I0226 23:12:58.000000 240214 collated_trajectory_builder.cc:81] scan rate: 7.61 Hz 1.31e-01 s +/- 1.27e-02 s (pulsed at 99.81% real time)
[INFO] [1772115196.338545165] [cartographer logger]: I0226 23:13:16.000000 240214 collated_trajectory_builder.cc:81] scan rate: 6.47 Hz 1.55e-01 s +/- 2.10e-01 s (pulsed at 114.43% real time)
[INFO] [1772115205.254584514] [cartographer logger]: I0226 23:13:25.000000 240214 pose_graph_2d.cc:148] Inserted submap (0, 6).
[INFO] [1772115211.354028487] [cartographer logger]: I0226 23:13:31.000000 240214 collated_trajectory_builder.cc:81] scan rate: 8.00 Hz 1.25e-01 s +/- 8.48e-03 s (pulsed at 100.20% real time)
[INFO] [1772115211.501306567] [cartographer logger]: I0226 23:13:31.000000 240262 pose_graph_2d.cc:538] Remaining work items in queue: 0
[INFO] [1772115228.397878352] [cartographer logger]: I0226 23:13:48.000000 240214 collated_trajectory_builder.cc:81] scan rate: 6.62 Hz 1.51e-01 s +/- 1.93e-01 s (pulsed at 113.80% real time)
[INFO] [1772115243.129109812] [cartographer logger]: I0226 23:14:03.000000 240214 motion_filter.cc:42] Motion filter reduced the number of nodes to 6.87273%.
[INFO] [1772115243.521507057] [cartographer logger]: I0226 23:14:03.000000 240214 collated_trajectory_builder.cc:81] scan rate: 7.46 Hz 1.34e-01 s +/- 1.44e-02 s (pulsed at 99.91% real time)
[INFO] [1772115260.708414707] [cartographer logger]: I0226 23:14:20.000000 240214 collated_trajectory_builder.cc:81] scan rate: 5.98 Hz 1.67e-01 s +/- 2.07e-01 s (pulsed at 113.87% real time)
[INFO] [1772115275.753942855] [cartographer logger]: I0226 23:14:35.000000 240214 collated_trajectory_builder.cc:81] scan rate: 7.24 Hz 1.38e-01 s +/- 1.26e-02 s (pulsed at 100.10% real time)
[INFO] [1772115292.902306537] [cartographer logger]: I0226 23:14:52.000000 240214 collated_trajectory_builder.cc:81] scan rate: 6.58 Hz 1.52e-01 s +/- 1.93e-01 s (pulsed at 113.64% real time)
[INFO] [1772115307.949065563] [cartographer logger]: I0226 23:15:07.000000 240214 collated_trajectory_builder.cc:81] scan rate: 7.77 Hz 1.29e-01 s +/- 1.76e-02 s (pulsed at 100.11% real time)
[INFO] [1772115315.067519315] [cartographer logger]: I0226 23:15:15.000000 240214 motion_filter.cc:42] Motion filter reduced the number of nodes to 6.85%.
[INFO] [1772115324.888373556] [cartographer logger]: I0226 23:15:24.000000 240214 collated_trajectory_builder.cc:81] scan rate: 6.96 Hz 1.44e-01 s +/- 1.79e-01 s (pulsed at 112.96% real time)
[INFO] [1772115335.144601592] [cartographer logger]: I0226 23:15:35.000000 240214 pose_graph_2d.cc:148] Inserted submap (0, 7).
[INFO] [1772115339.921681586] [cartographer logger]: I0226 23:15:39.000000 240214 collated_trajectory_builder.cc:81] scan rate: 8.11 Hz 1.23e-01 s +/- 1.28e-02 s (pulsed at 100.08% real time)
[INFO] [1772115354.965526395] [cartographer logger]: I0226 23:15:54.000000 240214 collated_trajectory_builder.cc:81] scan rate: 8.24 Hz 1.21e-01 s +/- 1.08e-02 s (pulsed at 100.03% real time)
[INFO] [1772115372.224095177] [cartographer logger]: I0226 23:16:12.000000 240214 collated_trajectory_builder.cc:81] scan rate: 7.24 Hz 1.38e-01 s +/- 1.99e-01 s (pulsed at 114.80% real time)
[INFO] [1772115380.375102232] [cartographer logger]: I0226 23:16:20.000000 240214 motion_filter.cc:42] Motion filter reduced the number of nodes to 6.78462%.
[INFO] [1772115387.283748202] [cartographer logger]: I0226 23:16:27.000000 240214 collated_trajectory_builder.cc:81] scan rate: 8.03 Hz 1.24e-01 s +/- 1.96e-02 s (pulsed at 100.01% real time)
[INFO] [1772115404.270310649] [cartographer logger]: I0226 23:16:44.000000 240214 collated_trajectory_builder.cc:81] scan rate: 7.11 Hz 1.41e-01 s +/- 1.80e-01 s (pulsed at 113.29% real time)
[INFO] [1772115408.609048445] [cartographer logger]: I0226 23:16:48.000000 240262 pose_graph_2d.cc:538] Remaining work items in queue: 0
[INFO] [1772115419.362812286] [cartographer logger]: I0226 23:16:59.000000 240214 collated_trajectory_builder.cc:81] scan rate: 8.61 Hz 1.16e-01 s +/- 1.52e-02 s (pulsed at 100.05% real time)
[INFO] [1772115436.326805582] [cartographer logger]: I0226 23:17:16.000000 240214 collated_trajectory_builder.cc:81] scan rate: 7.92 Hz 1.26e-01 s +/- 1.55e-01 s (pulsed at 111.57% real time)
[INFO] [1772115443.235316737] [cartographer logger]: I0226 23:17:23.000000 240214 motion_filter.cc:42] Motion filter reduced the number of nodes to 6.72857%.
[INFO] [1772115451.354454560] [cartographer logger]: I0226 23:17:31.000000 240214 collated_trajectory_builder.cc:81] scan rate: 8.59 Hz 1.16e-01 s +/- 1.08e-02 s (pulsed at 100.23% real time)
[INFO] [1772115464.874698284] [cartographer logger]: I0226 23:17:44.000000 240214 pose_graph_2d.cc:148] Inserted submap (0, 8).
[INFO] [1772115468.256117168] [cartographer logger]: I0226 23:17:48.000000 240214 collated_trajectory_builder.cc:81] scan rate: 7.21 Hz 1.39e-01 s +/- 1.72e-01 s (pulsed at 112.77% real time)
[INFO] [1772115483.300854188] [cartographer logger]: I0226 23:18:03.000000 240214 collated_trajectory_builder.cc:81] scan rate: 7.64 Hz 1.31e-01 s +/- 1.31e-02 s (pulsed at 100.31% real time)
[INFO] [1772115500.268511912] [cartographer logger]: I0226 23:18:20.000000 240214 collated_trajectory_builder.cc:81] scan rate: 6.24 Hz 1.60e-01 s +/- 1.88e-01 s (pulsed at 112.97% real time)
[INFO] [1772115512.635161572] [cartographer logger]: I0226 23:18:32.000000 240214 motion_filter.cc:42] Motion filter reduced the number of nodes to 6.70667%.
[INFO] [1772115515.362482754] [cartographer logger]: I0226 23:18:35.000000 240214 collated_trajectory_builder.cc:81] scan rate: 7.02 Hz 1.42e-01 s +/- 1.30e-02 s (pulsed at 100.15% real time)
[INFO] [1772115532.339888157] [cartographer logger]: I0226 23:18:52.000000 240214 collated_trajectory_builder.cc:81] scan rate: 6.00 Hz 1.67e-01 s +/- 1.83e-01 s (pulsed at 112.33% real time)
[INFO] [1772115547.413546180] [cartographer logger]: I0226 23:19:07.000000 240214 collated_trajectory_builder.cc:81] scan rate: 6.43 Hz 1.56e-01 s +/- 1.72e-02 s (pulsed at 100.09% real time)
[INFO] [1772115562.463138781] [cartographer logger]: I0226 23:19:22.000000 240214 collated_trajectory_builder.cc:81] scan rate: 6.25 Hz 1.60e-01 s +/- 1.74e-02 s (pulsed at 99.94% real time)
[INFO] [1772115579.426731704] [cartographer logger]: I0226 23:19:39.000000 240214 collated_trajectory_builder.cc:81] scan rate: 5.36 Hz 1.87e-01 s +/- 2.06e-01 s (pulsed at 113.01% real time)
[INFO] [1772115592.952800749] [cartographer logger]: I0226 23:19:52.000000 240214 pose_graph_2d.cc:148] Inserted submap (0, 9).
[INFO] [1772115594.442087098] [cartographer logger]: I0226 23:19:54.000000 240214 collated_trajectory_builder.cc:81] scan rate: 6.01 Hz 1.66e-01 s +/- 1.62e-02 s (pulsed at 99.73% real time)
[INFO] [1772115595.834599246] [cartographer logger]: I0226 23:19:55.000000 240214 motion_filter.cc:42] Motion filter reduced the number of nodes to 6.775%.
[INFO] [1772115604.388094863] [cartographer logger]: I0226 23:20:04.000000 240264 pose_graph_2d.cc:538] Remaining work items in queue: 0
[INFO] [1772115611.458251524] [cartographer logger]: I0226 23:20:11.000000 240214 collated_trajectory_builder.cc:81] scan rate: 5.45 Hz 1.83e-01 s +/- 1.99e-01 s (pulsed at 112.78% real time)
[INFO] [1772115626.551578804] [cartographer logger]: I0226 23:20:26.000000 240214 collated_trajectory_builder.cc:81] scan rate: 6.29 Hz 1.59e-01 s +/- 1.68e-02 s (pulsed at 100.08% real time)
[INFO] [1772115643.522129600] [cartographer logger]: I0226 23:20:43.000000 240214 collated_trajectory_builder.cc:81] scan rate: 6.07 Hz 1.65e-01 s +/- 1.85e-01 s (pulsed at 112.39% real time)
[INFO] [1772115658.639103514] [cartographer logger]: I0226 23:20:58.000000 240214 collated_trajectory_builder.cc:81] scan rate: 7.41 Hz 1.35e-01 s +/- 1.58e-02 s (pulsed at 100.02% real time)
[INFO] [1772115673.850596984] [cartographer logger]: I0226 23:21:13.000000 240214 motion_filter.cc:42] Motion filter reduced the number of nodes to 6.8%.
[INFO] [1772115675.632934407] [cartographer logger]: I0226 23:21:15.000000 240214 collated_trajectory_builder.cc:81] scan rate: 7.00 Hz 1.43e-01 s +/- 1.72e-01 s (pulsed at 112.42% real time)
[INFO] [1772115690.655476290] [cartographer logger]: I0226 23:21:30.000000 240214 collated_trajectory_builder.cc:81] scan rate: 7.85 Hz 1.27e-01 s +/- 1.19e-02 s (pulsed at 100.21% real time)
[INFO] [1772115707.689616086] [cartographer logger]: I0226 23:21:47.000000 240214 collated_trajectory_builder.cc:81] scan rate: 6.23 Hz 1.61e-01 s +/- 1.92e-01 s (pulsed at 112.90% real time)
[INFO] [1772115721.854431846] [cartographer logger]: I0226 23:22:01.000000 240214 pose_graph_2d.cc:148] Inserted submap (0, 10).
[INFO] [1772115722.802199615] [cartographer logger]: I0226 23:22:02.000000 240214 collated_trajectory_builder.cc:81] scan rate: 6.81 Hz 1.47e-01 s +/- 2.72e-02 s (pulsed at 100.48% real time)
[INFO] [1772115739.722104642] [cartographer logger]: I0226 23:22:19.000000 240214 collated_trajectory_builder.cc:81] scan rate: 6.67 Hz 1.50e-01 s +/- 1.79e-01 s (pulsed at 112.82% real time)
[INFO] [1772115745.638109790] [cartographer logger]: I0226 23:22:25.000000 240214 motion_filter.cc:42] Motion filter reduced the number of nodes to 6.78889%.
[INFO] [1772115754.819025485] [cartographer logger]: I0226 23:22:34.000000 240214 collated_trajectory_builder.cc:81] scan rate: 8.47 Hz 1.18e-01 s +/- 1.60e-02 s (pulsed at 100.19% real time)
[INFO] [1772115769.833853167] [cartographer logger]: I0226 23:22:49.000000 240214 collated_trajectory_builder.cc:81] scan rate: 8.86 Hz 1.13e-01 s +/- 1.55e-02 s (pulsed at 99.99% real time)
[INFO] [1772115786.707553121] [cartographer logger]: I0226 23:23:06.000000 240214 collated_trajectory_builder.cc:81] scan rate: 7.29 Hz 1.37e-01 s +/- 1.68e-01 s (pulsed at 112.05% real time)
[INFO] [1772115798.723130944] [cartographer logger]: I0226 23:23:18.000000 240265 pose_graph_2d.cc:538] Remaining work items in queue: 0
[INFO] [1772115801.788867750] [cartographer logger]: I0226 23:23:21.000000 240214 collated_trajectory_builder.cc:81] scan rate: 7.75 Hz 1.29e-01 s +/- 2.33e-02 s (pulsed at 99.97% real time)
[INFO] [1772115809.154764801] [cartographer logger]: I0226 23:23:29.000000 240214 motion_filter.cc:42] Motion filter reduced the number of nodes to 6.74737%.
[INFO] [1772115818.772129872] [cartographer logger]: I0226 23:23:38.000000 240214 collated_trajectory_builder.cc:81] scan rate: 7.12 Hz 1.40e-01 s +/- 1.81e-01 s (pulsed at 113.07% real time)
[INFO] [1772115833.832326178] [cartographer logger]: I0226 23:23:53.000000 240214 collated_trajectory_builder.cc:81] scan rate: 7.67 Hz 1.30e-01 s +/- 1.31e-02 s (pulsed at 99.63% real time)
[INFO] [1772115850.989645824] [cartographer logger]: I0226 23:24:10.000000 240214 collated_trajectory_builder.cc:81] scan rate: 6.28 Hz 1.59e-01 s +/- 2.07e-01 s (pulsed at 114.16% real time)
[INFO] [1772115851.303633950] [cartographer logger]: I0226 23:24:11.000000 240214 pose_graph_2d.cc:148] Inserted submap (0, 11).
[INFO] [1772115866.019985417] [cartographer logger]: I0226 23:24:26.000000 240214 collated_trajectory_builder.cc:81] scan rate: 6.99 Hz 1.43e-01 s +/- 1.19e-02 s (pulsed at 99.98% real time)
[INFO] [1772115883.046144505] [cartographer logger]: I0226 23:24:43.000000 240214 collated_trajectory_builder.cc:81] scan rate: 5.57 Hz 1.80e-01 s +/- 2.00e-01 s (pulsed at 112.99% real time)
[INFO] [1772115883.216780139] [cartographer logger]: I0226 23:24:43.000000 240214 motion_filter.cc:42] Motion filter reduced the number of nodes to 6.75%.
[INFO] [1772115898.073022162] [cartographer logger]: I0226 23:24:58.000000 240214 collated_trajectory_builder.cc:81] scan rate: 5.86 Hz 1.71e-01 s +/- 1.86e-02 s (pulsed at 99.88% real time)
[INFO] [1772115915.164988758] [cartographer logger]: I0226 23:25:15.000000 240214 collated_trajectory_builder.cc:81] scan rate: 5.14 Hz 1.95e-01 s +/- 2.20e-01 s (pulsed at 113.77% real time)
[INFO] [1772115930.223959547] [cartographer logger]: I0226 23:25:30.000000 240214 collated_trajectory_builder.cc:81] scan rate: 5.78 Hz 1.73e-01 s +/- 1.40e-02 s (pulsed at 99.99% real time)
[INFO] [1772115947.378283507] [cartographer logger]: I0226 23:25:47.000000 240214 collated_trajectory_builder.cc:81] scan rate: 4.77 Hz 2.10e-01 s +/- 2.31e-01 s (pulsed at 113.83% real time)
[INFO] [1772115962.500329491] [cartographer logger]: I0226 23:26:02.000000 240214 collated_trajectory_builder.cc:81] scan rate: 5.81 Hz 1.72e-01 s +/- 1.51e-02 s (pulsed at 100.30% real time)
[INFO] [1772115972.953699075] [cartographer logger]: I0226 23:26:12.000000 240214 motion_filter.cc:42] Motion filter reduced the number of nodes to 6.82857%.
[INFO] [1772115979.725136695] [cartographer logger]: I0226 23:26:19.000000 240214 collated_trajectory_builder.cc:81] scan rate: 5.62 Hz 1.78e-01 s +/- 2.16e-01 s (pulsed at 114.40% real time)
[INFO] [1772115981.205478086] [cartographer logger]: I0226 23:26:21.000000 240214 pose_graph_2d.cc:148] Inserted submap (0, 12).
[INFO] [1772115994.776380807] [cartographer logger]: I0226 23:26:34.000000 240214 collated_trajectory_builder.cc:81] scan rate: 7.63 Hz 1.31e-01 s +/- 1.29e-02 s (pulsed at 100.21% real time)
[INFO] [1772115995.532850668] [cartographer logger]: I0226 23:26:35.000000 240265 pose_graph_2d.cc:538] Remaining work items in queue: 0
[INFO] [1772116009.919383772] [cartographer logger]: I0226 23:26:49.000000 240214 collated_trajectory_builder.cc:81] scan rate: 7.67 Hz 1.30e-01 s +/- 1.59e-02 s (pulsed at 99.77% real time)
[INFO] [1772116026.980204626] [cartographer logger]: I0226 23:27:06.000000 240214 collated_trajectory_builder.cc:81] scan rate: 6.73 Hz 1.49e-01 s +/- 1.91e-01 s (pulsed at 113.75% real time)
[INFO] [1772116042.083881106] [cartographer logger]: I0226 23:27:22.000000 240214 collated_trajectory_builder.cc:81] scan rate: 7.81 Hz 1.28e-01 s +/- 1.22e-02 s (pulsed at 100.24% real time)
[INFO] [1772116042.970787086] [cartographer logger]: I0226 23:27:22.000000 240214 motion_filter.cc:42] Motion filter reduced the number of nodes to 6.81818%.
[INFO] [1772116059.036669254] [cartographer logger]: I0226 23:27:39.000000 240214 collated_trajectory_builder.cc:81] scan rate: 7.54 Hz 1.33e-01 s +/- 1.73e-01 s (pulsed at 113.18% real time)
[INFO] [1772116074.156407155] [cartographer logger]: I0226 23:27:54.000000 240214 collated_trajectory_builder.cc:81] scan rate: 8.28 Hz 1.21e-01 s +/- 1.47e-02 s (pulsed at 99.70% real time)
[INFO] [1772116091.196108118] [cartographer logger]: I0226 23:28:11.000000 240214 collated_trajectory_builder.cc:81] scan rate: 6.85 Hz 1.46e-01 s +/- 1.87e-01 s (pulsed at 113.77% real time)
[INFO] [1772116106.335006275] [cartographer logger]: I0226 23:28:26.000000 240214 collated_trajectory_builder.cc:81] scan rate: 7.33 Hz 1.36e-01 s +/- 1.60e-02 s (pulsed at 100.00% real time)
[INFO] [1772116109.469971106] [cartographer logger]: I0226 23:28:29.000000 240214 pose_graph_2d.cc:148] Inserted submap (0, 13).
[INFO] [1772116110.409749562] [cartographer logger]: I0226 23:28:30.000000 240214 motion_filter.cc:42] Motion filter reduced the number of nodes to 6.7913%.
[INFO] [1772116123.388242713] [cartographer logger]: I0226 23:28:43.000000 240214 collated_trajectory_builder.cc:81] scan rate: 5.68 Hz 1.76e-01 s +/- 2.04e-01 s (pulsed at 113.32% real time)
[INFO] [1772116138.435953902] [cartographer logger]: I0226 23:28:58.000000 240214 collated_trajectory_builder.cc:81] scan rate: 7.18 Hz 1.39e-01 s +/- 1.39e-02 s (pulsed at 99.96% real time)
[INFO] [1772116155.434122745] [cartographer logger]: I0226 23:29:15.000000 240214 collated_trajectory_builder.cc:81] scan rate: 6.05 Hz 1.65e-01 s +/- 1.94e-01 s (pulsed at 113.10% real time)
[INFO] [1772116170.457105324] [cartographer logger]: I0226 23:29:30.000000 240214 collated_trajectory_builder.cc:81] scan rate: 6.86 Hz 1.46e-01 s +/- 1.83e-02 s (pulsed at 99.90% real time)
[INFO] [1772116187.600739342] [cartographer logger]: I0226 23:29:47.000000 240214 collated_trajectory_builder.cc:81] scan rate: 5.18 Hz 1.93e-01 s +/- 2.20e-01 s (pulsed at 113.76% real time)
[INFO] [1772116191.190805043] [cartographer logger]: I0226 23:29:51.000000 240214 motion_filter.cc:42] Motion filter reduced the number of nodes to 6.81667%.
[INFO] [1772116192.593745845] [cartographer logger]: I0226 23:29:52.000000 240263 pose_graph_2d.cc:538] Remaining work items in queue: 0
[INFO] [1772116202.624351538] [cartographer logger]: I0226 23:30:02.000000 240214 collated_trajectory_builder.cc:81] scan rate: 7.12 Hz 1.40e-01 s +/- 1.25e-02 s (pulsed at 100.16% real time)
[INFO] [1772116217.733164187] [cartographer logger]: I0226 23:30:17.000000 240214 collated_trajectory_builder.cc:81] scan rate: 6.42 Hz 1.56e-01 s +/- 2.23e-02 s (pulsed at 99.92% real time)
[INFO] [1772116234.852399103] [cartographer logger]: I0226 23:30:34.000000 240214 collated_trajectory_builder.cc:81] scan rate: 6.12 Hz 1.63e-01 s +/- 2.10e-01 s (pulsed at 114.50% real time)
[INFO] [1772116239.444935681] [cartographer logger]: I0226 23:30:39.000000 240214 pose_graph_2d.cc:148] Inserted submap (0, 14).
[INFO] [1772116249.887673181] [cartographer logger]: I0226 23:30:49.000000 240214 collated_trajectory_builder.cc:81] scan rate: 6.71 Hz 1.49e-01 s +/- 1.23e-02 s (pulsed at 99.98% real time)
[INFO] [1772116266.811857933] [cartographer logger]: I0226 23:31:06.000000 240214 collated_trajectory_builder.cc:81] scan rate: 5.84 Hz 1.71e-01 s +/- 1.92e-01 s (pulsed at 113.02% real time)
[INFO] [1772116269.341845577] [cartographer logger]: I0226 23:31:09.000000 240214 motion_filter.cc:42] Motion filter reduced the number of nodes to 6.832%.
[INFO] [1772116281.914795252] [cartographer logger]: I0226 23:31:21.000000 240214 collated_trajectory_builder.cc:81] scan rate: 6.70 Hz 1.49e-01 s +/- 1.66e-02 s (pulsed at 99.85% real time)
[INFO] [1772116298.355984373] [cartographer logger]: I0226 23:31:38.000000 240214 collated_trajectory_builder.cc:81] scan rate: 6.25 Hz 1.60e-01 s +/- 1.34e-01 s (pulsed at 109.03% real time)
[INFO] [1772116313.476077712] [cartographer logger]: I0226 23:31:53.000000 240214 collated_trajectory_builder.cc:81] scan rate: 7.08 Hz 1.41e-01 s +/- 1.24e-02 s (pulsed at 100.02% real time)
[INFO] [1772116330.625832358] [cartographer logger]: I0226 23:32:10.000000 240214 collated_trajectory_builder.cc:81] scan rate: 5.88 Hz 1.70e-01 s +/- 2.12e-01 s (pulsed at 114.28% real time)
[INFO] [1772116345.591710000] [cartographer logger]: I0226 23:32:25.000000 240214 motion_filter.cc:42] Motion filter reduced the number of nodes to 6.84615%.
[INFO] [1772116345.716719248] [cartographer logger]: I0226 23:32:25.000000 240214 collated_trajectory_builder.cc:81] scan rate: 7.02 Hz 1.42e-01 s +/- 1.46e-02 s (pulsed at 100.10% real time)
[INFO] [1772116362.645257634] [cartographer logger]: I0226 23:32:42.000000 240214 collated_trajectory_builder.cc:81] scan rate: 6.31 Hz 1.58e-01 s +/- 1.84e-01 s (pulsed at 112.71% real time)
[INFO] [1772116368.626023773] [cartographer logger]: I0226 23:32:48.000000 240214 pose_graph_2d.cc:148] Inserted submap (0, 15).
[INFO] [1772116377.700024504] [cartographer logger]: I0226 23:32:57.000000 240214 collated_trajectory_builder.cc:81] scan rate: 7.17 Hz 1.39e-01 s +/- 1.30e-02 s (pulsed at 100.13% real time)
[INFO] [1772116387.430721960] [cartographer logger]: I0226 23:33:07.000000 240265 pose_graph_2d.cc:538] Remaining work items in queue: 0
[INFO] [1772116394.865255235] [cartographer logger]: I0226 23:33:14.000000 240214 collated_trajectory_builder.cc:81] scan rate: 6.51 Hz 1.54e-01 s +/- 2.01e-01 s (pulsed at 114.08% real time)
[INFO] [1772116409.911252128] [cartographer logger]: I0226 23:33:29.000000 240214 collated_trajectory_builder.cc:81] scan rate: 7.24 Hz 1.38e-01 s +/- 1.81e-02 s (pulsed at 100.03% real time)
[INFO] [1772116418.398058926] [cartographer logger]: I0226 23:33:38.000000 240214 motion_filter.cc:42] Motion filter reduced the number of nodes to 6.84444%.
[INFO] [1772116424.962943920] [cartographer logger]: I0226 23:33:44.000000 240214 collated_trajectory_builder.cc:81] scan rate: 7.57 Hz 1.32e-01 s +/- 1.26e-02 s (pulsed at 100.08% real time)
[INFO] [1772116441.908630334] [cartographer logger]: I0226 23:34:01.000000 240214 collated_trajectory_builder.cc:81] scan rate: 7.07 Hz 1.41e-01 s +/- 1.76e-01 s (pulsed at 112.97% real time)
[INFO] [1772116456.965825140] [cartographer logger]: I0226 23:34:16.000000 240214 collated_trajectory_builder.cc:81] scan rate: 8.37 Hz 1.19e-01 s +/- 1.28e-02 s (pulsed at 99.94% real time)
[INFO] [1772116474.055725600] [cartographer logger]: I0226 23:34:34.000000 240214 collated_trajectory_builder.cc:81] scan rate: 7.30 Hz 1.37e-01 s +/- 1.84e-01 s (pulsed at 113.71% real time)
[INFO] [1772116483.018034741] [cartographer logger]: I0226 23:34:43.000000 240214 motion_filter.cc:42] Motion filter reduced the number of nodes to 6.81429%.
[INFO] [1772116489.151770096] [cartographer logger]: I0226 23:34:49.000000 240214 collated_trajectory_builder.cc:81] scan rate: 8.54 Hz 1.17e-01 s +/- 1.47e-02 s (pulsed at 100.03% real time)
[INFO] [1772116498.413784537] [cartographer logger]: I0226 23:34:58.000000 240214 pose_graph_2d.cc:148] Inserted submap (0, 16).
[INFO] [1772116506.264502533] [cartographer logger]: I0226 23:35:06.000000 240214 collated_trajectory_builder.cc:81] scan rate: 7.00 Hz 1.43e-01 s +/- 1.97e-01 s (pulsed at 114.11% real time)
[INFO] [1772116521.268895326] [cartographer logger]: I0226 23:35:21.000000 240214 collated_trajectory_builder.cc:81] scan rate: 7.80 Hz 1.28e-01 s +/- 1.79e-02 s (pulsed at 100.17% real time)
[INFO] [1772116538.452648387] [cartographer logger]: I0226 23:35:38.000000 240214 collated_trajectory_builder.cc:81] scan rate: 6.51 Hz 1.54e-01 s +/- 1.97e-01 s (pulsed at 113.87% real time)
[INFO] [1772116551.092995535] [cartographer logger]: I0226 23:35:51.000000 240214 motion_filter.cc:42] Motion filter reduced the number of nodes to 6.7931%.
[INFO] [1772116553.500580082] [cartographer logger]: I0226 23:35:53.000000 240214 collated_trajectory_builder.cc:81] scan rate: 7.84 Hz 1.28e-01 s +/- 7.92e-03 s (pulsed at 99.97% real time)
[INFO] [1772116570.601923985] [cartographer logger]: I0226 23:36:10.000000 240214 collated_trajectory_builder.cc:81] scan rate: 6.36 Hz 1.57e-01 s +/- 1.92e-01 s (pulsed at 114.35% real time)
[INFO] [1772116583.991809267] [cartographer logger]: I0226 23:36:23.000000 240265 pose_graph_2d.cc:538] Remaining work items in queue: 0
[INFO] [1772116585.608517317] [cartographer logger]: I0226 23:36:25.000000 240214 collated_trajectory_builder.cc:81] scan rate: 7.00 Hz 1.43e-01 s +/- 1.46e-02 s (pulsed at 99.97% real time)
[INFO] [1772116603.002605449] [cartographer logger]: I0226 23:36:43.000000 240214 collated_trajectory_builder.cc:81] scan rate: 5.38 Hz 1.86e-01 s +/- 2.34e-01 s (pulsed at 114.98% real time)
[INFO] [1772116618.065500531] [cartographer logger]: I0226 23:36:58.000000 240214 collated_trajectory_builder.cc:81] scan rate: 5.98 Hz 1.67e-01 s +/- 1.64e-02 s (pulsed at 99.94% real time)
[INFO] [1772116627.497605849] [cartographer logger]: I0226 23:37:07.000000 240214 pose_graph_2d.cc:148] Inserted submap (0, 17).
[INFO] [1772116635.155264689] [cartographer logger]: I0226 23:37:15.000000 240214 collated_trajectory_builder.cc:81] scan rate: 4.85 Hz 2.06e-01 s +/- 2.16e-01 s (pulsed at 113.01% real time)
[INFO] [1772116635.370229711] [cartographer logger]: I0226 23:37:15.000000 240214 motion_filter.cc:42] Motion filter reduced the number of nodes to 6.82667%.
[INFO] [1772116650.210329981] [cartographer logger]: I0226 23:37:30.000000 240214 collated_trajectory_builder.cc:81] scan rate: 5.57 Hz 1.79e-01 s +/- 1.89e-02 s (pulsed at 100.24% real time)
[INFO] [1772116665.356670333] [cartographer logger]: I0226 23:37:45.000000 240214 collated_trajectory_builder.cc:81] scan rate: 5.48 Hz 1.83e-01 s +/- 1.71e-02 s (pulsed at 100.00% real time)
[INFO] [1772116680.399185335] [cartographer logger]: I0226 23:38:00.000000 240214 collated_trajectory_builder.cc:81] scan rate: 5.66 Hz 1.77e-01 s +/- 1.79e-02 s (pulsed at 99.84% real time)
[INFO] [1772116698.000469226] [cartographer logger]: I0226 23:38:18.000000 240214 collated_trajectory_builder.cc:81] scan rate: 5.50 Hz 1.82e-01 s +/- 2.66e-01 s (pulsed at 117.55% real time)
[INFO] [1772116713.049564727] [cartographer logger]: I0226 23:38:33.000000 240214 collated_trajectory_builder.cc:81] scan rate: 6.58 Hz 1.52e-01 s +/- 1.47e-02 s (pulsed at 100.20% real time)
[INFO] [1772116723.043047726] [cartographer logger]: I0226 23:38:43.000000 240214 motion_filter.cc:42] Motion filter reduced the number of nodes to 6.86452%.
[INFO] [1772116730.265474949] [cartographer logger]: I0226 23:38:50.000000 240214 collated_trajectory_builder.cc:81] scan rate: 6.03 Hz 1.66e-01 s +/- 2.16e-01 s (pulsed at 114.97% real time)
[INFO] [1772116745.301629460] [cartographer logger]: I0226 23:39:05.000000 240214 collated_trajectory_builder.cc:81] scan rate: 6.78 Hz 1.47e-01 s +/- 1.55e-02 s (pulsed at 99.95% real time)
[INFO] [1772116758.076859686] [cartographer logger]: I0226 23:39:18.000000 240214 pose_graph_2d.cc:148] Inserted submap (0, 18).
[INFO] [1772116762.391617427] [cartographer logger]: I0226 23:39:22.000000 240214 collated_trajectory_builder.cc:81] scan rate: 6.20 Hz 1.61e-01 s +/- 1.90e-01 s (pulsed at 112.97% real time)
[INFO] [1772116777.431902577] [cartographer logger]: I0226 23:39:37.000000 240214 collated_trajectory_builder.cc:81] scan rate: 6.78 Hz 1.47e-01 s +/- 2.25e-02 s (pulsed at 100.04% real time)
[INFO] [1772116780.853890026] [cartographer logger]: I0226 23:39:40.000000 240262 pose_graph_2d.cc:538] Remaining work items in queue: 0
[INFO] [1772116794.427742213] [cartographer logger]: I0226 23:39:54.000000 240214 collated_trajectory_builder.cc:81] scan rate: 6.11 Hz 1.64e-01 s +/- 1.87e-01 s (pulsed at 112.85% real time)
[INFO] [1772116799.436434923] [cartographer logger]: I0226 23:39:59.000000 240214 motion_filter.cc:42] Motion filter reduced the number of nodes to 6.875%.
[INFO] [1772116809.435498844] [cartographer logger]: I0226 23:40:09.000000 240214 collated_trajectory_builder.cc:81] scan rate: 6.99 Hz 1.43e-01 s +/- 1.45e-02 s (pulsed at 100.01% real time)
[INFO] [1772116827.074359121] [cartographer logger]: I0226 23:40:27.000000 240214 collated_trajectory_builder.cc:81] scan rate: 5.43 Hz 1.84e-01 s +/- 2.61e-01 s (pulsed at 116.93% real time)
[INFO] [1772116842.137613479] [cartographer logger]: I0226 23:40:42.000000 240214 collated_trajectory_builder.cc:81] scan rate: 6.85 Hz 1.46e-01 s +/- 1.81e-02 s (pulsed at 99.86% real time)
[INFO] [1772116859.222804007] [cartographer logger]: I0226 23:40:59.000000 240214 collated_trajectory_builder.cc:81] scan rate: 5.43 Hz 1.84e-01 s +/- 2.06e-01 s (pulsed at 113.41% real time)
[INFO] [1772116874.293806123] [cartographer logger]: I0226 23:41:14.000000 240214 collated_trajectory_builder.cc:81] scan rate: 7.10 Hz 1.41e-01 s +/- 1.18e-02 s (pulsed at 100.03% real time)
[INFO] [1772116879.230437787] [cartographer logger]: I0226 23:41:19.000000 240214 motion_filter.cc:42] Motion filter reduced the number of nodes to 6.89091%.
[INFO] [1772116887.038270269] [cartographer logger]: I0226 23:41:27.000000 240214 pose_graph_2d.cc:148] Inserted submap (0, 19).
[INFO] [1772116889.300781784] [cartographer logger]: I0226 23:41:29.000000 240214 collated_trajectory_builder.cc:81] scan rate: 6.59 Hz 1.52e-01 s +/- 2.03e-02 s (pulsed at 100.26% real time)
[INFO] [1772116906.666562073] [cartographer logger]: I0226 23:41:46.000000 240214 collated_trajectory_builder.cc:81] scan rate: 5.99 Hz 1.67e-01 s +/- 2.21e-01 s (pulsed at 114.94% real time)
[INFO] [1772116921.727870103] [cartographer logger]: I0226 23:42:01.000000 240214 collated_trajectory_builder.cc:81] scan rate: 7.03 Hz 1.42e-01 s +/- 2.75e-02 s (pulsed at 100.18% real time)
[INFO] [1772116939.070971230] [cartographer logger]: I0226 23:42:19.000000 240214 collated_trajectory_builder.cc:81] scan rate: 6.33 Hz 1.58e-01 s +/- 2.21e-01 s (pulsed at 115.56% real time)
[INFO] [1772116952.420424912] [cartographer logger]: I0226 23:42:32.000000 240214 motion_filter.cc:42] Motion filter reduced the number of nodes to 6.88824%.
[INFO] [1772116954.183391408] [cartographer logger]: I0226 23:42:34.000000 240214 collated_trajectory_builder.cc:81] scan rate: 8.42 Hz 1.19e-01 s +/- 9.31e-03 s (pulsed at 99.84% real time)
[INFO] [1772116957.525237200] [cartographer logger]: I0226 23:42:37.000000 240265 pose_graph_2d.cc:538] Remaining work items in queue: 0
[INFO] [1772116964.251193928] [cartographer logger]: I0226 23:42:44.000000 240214 pose_graph_2d.cc:148] Inserted submap (0, 20).
[INFO] [1772116971.087158873] [cartographer logger]: I0226 23:42:51.000000 240214 collated_trajectory_builder.cc:81] scan rate: 8.80 Hz 1.14e-01 s +/- 1.73e-01 s (pulsed at 112.09% real time)
[INFO] [1772116984.247836402] [cartographer logger]: I0226 23:43:04.000000 240214 pose_graph_2d.cc:148] Inserted submap (0, 21).
[INFO] [1772116986.103337979] [cartographer logger]: I0226 23:43:06.000000 240214 collated_trajectory_builder.cc:81] scan rate: 5.66 Hz 1.77e-01 s +/- 2.64e-02 s (pulsed at 100.06% real time)
[INFO] [1772116990.954998321] [cartographer logger]: I0226 23:43:10.000000 240263 pose_graph_2d.cc:538] Remaining work items in queue: 0
[INFO] [1772117001.128891368] [cartographer logger]: I0226 23:43:21.000000 240214 collated_trajectory_builder.cc:81] scan rate: 5.58 Hz 1.79e-01 s +/- 2.18e-02 s (pulsed at 100.14% real time)
[INFO] [1772117019.047942953] [cartographer logger]: I0226 23:43:39.000000 240214 collated_trajectory_builder.cc:81] scan rate: 4.57 Hz 2.19e-01 s +/- 3.06e-01 s (pulsed at 118.35% real time)
[INFO] [1772117020.892650688] [rclcpp]: signal_handler(SIGINT/SIGTERM)
