[INFO] [1772102609.715940002] [cartographer logger]: I0226 19:43:29.000000 137760 configuration_file_resolver.cc:41] Found '/home/tkddn647/test/install/localization_layer/share/localization_layer/config/cartographer_2d_mapping.lua' for 'cartographer_2d_mapping.lua'.
[INFO] [1772102609.716720807] [cartographer logger]: I0226 19:43:29.000000 137760 configuration_file_resolver.cc:41] Found '/home/tkddn647/test/install/localization_layer/share/localization_layer/config/map_builder.lua' for 'map_builder.lua'.
[INFO] [1772102609.716773886] [cartographer logger]: I0226 19:43:29.000000 137760 configuration_file_resolver.cc:41] Found '/home/tkddn647/test/install/localization_layer/share/localization_layer/config/map_builder.lua' for 'map_builder.lua'.
[INFO] [1772102609.716948586] [cartographer logger]: I0226 19:43:29.000000 137760 configuration_file_resolver.cc:41] Found '/home/tkddn647/test/install/localization_layer/share/localization_layer/config/pose_graph.lua' for 'pose_graph.lua'.
[INFO] [1772102609.716986701] [cartographer logger]: I0226 19:43:29.000000 137760 configuration_file_resolver.cc:41] Found '/home/tkddn647/test/install/localization_layer/share/localization_layer/config/pose_graph.lua' for 'pose_graph.lua'.
[INFO] [1772102609.717935139] [cartographer logger]: I0226 19:43:29.000000 137760 configuration_file_resolver.cc:41] Found '/home/tkddn647/test/install/localization_layer/share/localization_layer/config/trajectory_builder.lua' for 'trajectory_builder.lua'.
[INFO] [1772102609.718003718] [cartographer logger]: I0226 19:43:29.000000 137760 configuration_file_resolver.cc:41] Found '/home/tkddn647/test/install/localization_layer/share/localization_layer/config/trajectory_builder.lua' for 'trajectory_builder.lua'.
[INFO] [1772102609.718057094] [cartographer logger]: I0226 19:43:29.000000 137760 configuration_file_resolver.cc:41] Found '/opt/ros/humble/share/cartographer/configuration_files/trajectory_builder_2d.lua' for 'trajectory_builder_2d.lua'.
[INFO] [1772102609.718079670] [cartographer logger]: I0226 19:43:29.000000 137760 configuration_file_resolver.cc:41] Found '/opt/ros/humble/share/cartographer/configuration_files/trajectory_builder_2d.lua' for 'trajectory_builder_2d.lua'.
[INFO] [1772102609.718606763] [cartographer logger]: I0226 19:43:29.000000 137760 configuration_file_resolver.cc:41] Found '/opt/ros/humble/share/cartographer/configuration_files/trajectory_builder_3d.lua' for 'trajectory_builder_3d.lua'.
[INFO] [1772102609.718648043] [cartographer logger]: I0226 19:43:29.000000 137760 configuration_file_resolver.cc:41] Found '/opt/ros/humble/share/cartographer/configuration_files/trajectory_builder_3d.lua' for 'trajectory_builder_3d.lua'.
[INFO] [1772102609.747871561] [cartographer logger]: I0226 19:43:29.000000 137760 map_builder_bridge.cpp:136] Added trajectory with ID '0'.
[INFO] [1772102612.265456628] [cartographer logger]: I0226 19:43:32.000000 137760 ordered_multi_queue.cc:172] All sensor data for trajectory 0 is available starting at '639076994122642755'.
[INFO] [1772102613.132029672] [cartographer logger]: I0226 19:43:33.000000 137760 local_trajectory_builder_2d.cc:124] Extrapolator not yet initialized.
[INFO] [1772102614.191487724] [cartographer logger]: I0226 19:43:34.000000 137760 pose_graph_2d.cc:148] Inserted submap (0, 0).
[INFO] [1772102625.110956626] [cartographer logger]: I0226 19:43:45.000000 137760 collated_trajectory_builder.cc:81] imu rate: 0.98 Hz 1.02e+00 s +/- 3.32e-01 s (pulsed at 100.32% real time)
[INFO] [1772102625.111060531] [cartographer logger]: I0226 19:43:45.000000 137760 collated_trajectory_builder.cc:81] odom rate: 0.63 Hz 1.60e+00 s +/- 3.56e-01 s (pulsed at 100.32% real time)
[INFO] [1772102625.111082941] [cartographer logger]: I0226 19:43:45.000000 137760 collated_trajectory_builder.cc:81] scan rate: 1.17 Hz 8.54e-01 s +/- 6.35e-02 s (pulsed at 99.80% real time)
[INFO] [1772102641.597079260] [cartographer logger]: I0226 19:44:01.000000 137760 collated_trajectory_builder.cc:81] imu rate: 0.81 Hz 1.24e+00 s +/- 4.56e-01 s (pulsed at 108.08% real time)
[INFO] [1772102641.597176202] [cartographer logger]: I0226 19:44:01.000000 137760 collated_trajectory_builder.cc:81] odom rate: 0.57 Hz 1.74e+00 s +/- 1.19e-01 s (pulsed at 107.66% real time)
[INFO] [1772102641.597291159] [cartographer logger]: I0226 19:44:01.000000 137760 collated_trajectory_builder.cc:81] scan rate: 1.09 Hz 9.17e-01 s +/- 2.73e-01 s (pulsed at 113.30% real time)
[INFO] [1772102656.640557111] [cartographer logger]: I0226 19:44:16.000000 137760 collated_trajectory_builder.cc:81] imu rate: 0.99 Hz 1.01e+00 s +/- 3.26e-01 s (pulsed at 99.87% real time)
[INFO] [1772102656.640640165] [cartographer logger]: I0226 19:44:16.000000 137760 collated_trajectory_builder.cc:81] odom rate: 0.63 Hz 1.58e+00 s +/- 2.43e-01 s (pulsed at 99.95% real time)
[INFO] [1772102656.640663382] [cartographer logger]: I0226 19:44:16.000000 137760 collated_trajectory_builder.cc:81] scan rate: 1.20 Hz 8.36e-01 s +/- 3.79e-02 s (pulsed at 99.81% real time)
[INFO] [1772102665.500493490] [rclcpp]: signal_handler(SIGINT/SIGTERM)
