[INFO] [1772103647.432935830] [cartographer logger]: I0226 20:00:47.000000 144034 configuration_file_resolver.cc:41] Found '/home/tkddn647/test/install/localization_layer/share/localization_layer/config/cartographer_2d_mapping.lua' for 'cartographer_2d_mapping.lua'.
[INFO] [1772103647.433355842] [cartographer logger]: I0226 20:00:47.000000 144034 configuration_file_resolver.cc:41] Found '/home/tkddn647/test/install/localization_layer/share/localization_layer/config/map_builder.lua' for 'map_builder.lua'.
[INFO] [1772103647.433387620] [cartographer logger]: I0226 20:00:47.000000 144034 configuration_file_resolver.cc:41] Found '/home/tkddn647/test/install/localization_layer/share/localization_layer/config/map_builder.lua' for 'map_builder.lua'.
[INFO] [1772103647.433517597] [cartographer logger]: I0226 20:00:47.000000 144034 configuration_file_resolver.cc:41] Found '/home/tkddn647/test/install/localization_layer/share/localization_layer/config/pose_graph.lua' for 'pose_graph.lua'.
[INFO] [1772103647.433557090] [cartographer logger]: I0226 20:00:47.000000 144034 configuration_file_resolver.cc:41] Found '/home/tkddn647/test/install/localization_layer/share/localization_layer/config/pose_graph.lua' for 'pose_graph.lua'.
[INFO] [1772103647.433767882] [cartographer logger]: I0226 20:00:47.000000 144034 configuration_file_resolver.cc:41] Found '/home/tkddn647/test/install/localization_layer/share/localization_layer/config/trajectory_builder.lua' for 'trajectory_builder.lua'.
[INFO] [1772103647.433809147] [cartographer logger]: I0226 20:00:47.000000 144034 configuration_file_resolver.cc:41] Found '/home/tkddn647/test/install/localization_layer/share/localization_layer/config/trajectory_builder.lua' for 'trajectory_builder.lua'.
[INFO] [1772103647.433919967] [cartographer logger]: I0226 20:00:47.000000 144034 configuration_file_resolver.cc:41] Found '/opt/ros/humble/share/cartographer/configuration_files/trajectory_builder_2d.lua' for 'trajectory_builder_2d.lua'.
[INFO] [1772103647.433958626] [cartographer logger]: I0226 20:00:47.000000 144034 configuration_file_resolver.cc:41] Found '/opt/ros/humble/share/cartographer/configuration_files/trajectory_builder_2d.lua' for 'trajectory_builder_2d.lua'.
[INFO] [1772103647.435352340] [cartographer logger]: I0226 20:00:47.000000 144034 configuration_file_resolver.cc:41] Found '/opt/ros/humble/share/cartographer/configuration_files/trajectory_builder_3d.lua' for 'trajectory_builder_3d.lua'.
[INFO] [1772103647.435416346] [cartographer logger]: I0226 20:00:47.000000 144034 configuration_file_resolver.cc:41] Found '/opt/ros/humble/share/cartographer/configuration_files/trajectory_builder_3d.lua' for 'trajectory_builder_3d.lua'.
[INFO] [1772103647.479817620] [cartographer logger]: I0226 20:00:47.000000 144034 map_builder_bridge.cpp:136] Added trajectory with ID '0'.
[INFO] [1772103648.111244103] [cartographer logger]: I0226 20:00:48.000000 144034 ordered_multi_queue.cc:172] All sensor data for trajectory 0 is available starting at '639077004480208365'.
[INFO] [1772103648.193432698] [cartographer logger]: I0226 20:00:48.000000 144034 local_trajectory_builder_2d.cc:312] Extrapolator not yet initialized.
[INFO] [1772103648.208496949] [cartographer logger]: I0226 20:00:48.000000 144034 pose_graph_2d.cc:148] Inserted submap (0, 0).
[INFO] [1772103662.550964745] [cartographer logger]: I0226 20:01:02.000000 144034 collated_trajectory_builder.cc:81] imu rate: 8.43 Hz 1.19e-01 s +/- 4.35e-02 s (pulsed at 100.58% real time)
[INFO] [1772103662.551036716] [cartographer logger]: I0226 20:01:02.000000 144034 collated_trajectory_builder.cc:81] odom rate: 5.61 Hz 1.78e-01 s +/- 3.84e-02 s (pulsed at 100.56% real time)
[INFO] [1772103662.551053506] [cartographer logger]: I0226 20:01:02.000000 144034 collated_trajectory_builder.cc:81] scan rate: 10.73 Hz 9.32e-02 s +/- 1.61e-02 s (pulsed at 99.99% real time)
[INFO] [1772103678.797429223] [cartographer logger]: I0226 20:01:18.000000 144034 collated_trajectory_builder.cc:81] imu rate: 7.40 Hz 1.35e-01 s +/- 1.18e-01 s (pulsed at 108.15% real time)
[INFO] [1772103678.797516873] [cartographer logger]: I0226 20:01:18.000000 144034 collated_trajectory_builder.cc:81] odom rate: 5.23 Hz 1.91e-01 s +/- 1.36e-01 s (pulsed at 108.02% real time)
[INFO] [1772103678.797623723] [cartographer logger]: I0226 20:01:18.000000 144034 collated_trajectory_builder.cc:81] scan rate: 9.96 Hz 1.00e-01 s +/- 9.58e-02 s (pulsed at 108.10% real time)
[INFO] [1772103693.823358584] [cartographer logger]: I0226 20:01:33.000000 144034 collated_trajectory_builder.cc:81] imu rate: 7.97 Hz 1.25e-01 s +/- 4.52e-02 s (pulsed at 100.01% real time)
[INFO] [1772103693.823426715] [cartographer logger]: I0226 20:01:33.000000 144034 collated_trajectory_builder.cc:81] odom rate: 5.73 Hz 1.75e-01 s +/- 3.43e-02 s (pulsed at 99.98% real time)
[INFO] [1772103693.823442698] [cartographer logger]: I0226 20:01:33.000000 144034 collated_trajectory_builder.cc:81] scan rate: 10.85 Hz 9.21e-02 s +/- 1.05e-02 s (pulsed at 100.56% real time)
[INFO] [1772103695.751272098] [cartographer logger]: I0226 20:01:35.000000 144034 motion_filter.cc:42] Motion filter reduced the number of nodes to 3.6%.
[INFO] [1772103710.036033627] [cartographer logger]: I0226 20:01:50.000000 144034 collated_trajectory_builder.cc:81] imu rate: 7.52 Hz 1.33e-01 s +/- 1.14e-01 s (pulsed at 107.81% real time)
[INFO] [1772103710.036100656] [cartographer logger]: I0226 20:01:50.000000 144034 collated_trajectory_builder.cc:81] odom rate: 4.87 Hz 2.05e-01 s +/- 1.36e-01 s (pulsed at 107.90% real time)
[INFO] [1772103710.036118151] [cartographer logger]: I0226 20:01:50.000000 144034 collated_trajectory_builder.cc:81] scan rate: 9.56 Hz 1.05e-01 s +/- 9.60e-02 s (pulsed at 107.78% real time)
[INFO] [1772103725.086005829] [cartographer logger]: I0226 20:02:05.000000 144034 collated_trajectory_builder.cc:81] imu rate: 8.07 Hz 1.24e-01 s +/- 4.34e-02 s (pulsed at 100.12% real time)
[INFO] [1772103725.086133046] [cartographer logger]: I0226 20:02:05.000000 144034 collated_trajectory_builder.cc:81] odom rate: 5.75 Hz 1.74e-01 s +/- 2.65e-02 s (pulsed at 100.04% real time)
[INFO] [1772103725.086167984] [cartographer logger]: I0226 20:02:05.000000 144034 collated_trajectory_builder.cc:81] scan rate: 11.02 Hz 9.07e-02 s +/- 5.56e-03 s (pulsed at 100.08% real time)
[INFO] [1772103740.089228041] [cartographer logger]: I0226 20:02:20.000000 144034 collated_trajectory_builder.cc:81] imu rate: 7.51 Hz 1.33e-01 s +/- 4.64e-02 s (pulsed at 100.00% real time)
[INFO] [1772103740.089310255] [cartographer logger]: I0226 20:02:20.000000 144034 collated_trajectory_builder.cc:81] odom rate: 5.53 Hz 1.81e-01 s +/- 3.34e-02 s (pulsed at 100.06% real time)
[INFO] [1772103740.089338493] [cartographer logger]: I0226 20:02:20.000000 144034 collated_trajectory_builder.cc:81] scan rate: 10.46 Hz 9.56e-02 s +/- 9.21e-03 s (pulsed at 99.99% real time)
[INFO] [1772103745.465562486] [cartographer logger]: I0226 20:02:25.000000 144034 motion_filter.cc:42] Motion filter reduced the number of nodes to 3.5%.
[INFO] [1772103756.425441205] [cartographer logger]: I0226 20:02:36.000000 144034 collated_trajectory_builder.cc:81] imu rate: 6.83 Hz 1.46e-01 s +/- 1.27e-01 s (pulsed at 108.39% real time)
[INFO] [1772103756.425510683] [cartographer logger]: I0226 20:02:36.000000 144034 collated_trajectory_builder.cc:81] odom rate: 5.02 Hz 1.99e-01 s +/- 1.35e-01 s (pulsed at 109.04% real time)
[INFO] [1772103756.425534124] [cartographer logger]: I0226 20:02:36.000000 144034 collated_trajectory_builder.cc:81] scan rate: 9.74 Hz 1.03e-01 s +/- 1.01e-01 s (pulsed at 108.89% real time)
[INFO] [1772103771.509637007] [cartographer logger]: I0226 20:02:51.000000 144034 collated_trajectory_builder.cc:81] imu rate: 7.47 Hz 1.34e-01 s +/- 4.91e-02 s (pulsed at 100.01% real time)
[INFO] [1772103771.509725614] [cartographer logger]: I0226 20:02:51.000000 144034 collated_trajectory_builder.cc:81] odom rate: 5.17 Hz 1.93e-01 s +/- 3.99e-02 s (pulsed at 99.37% real time)
[INFO] [1772103771.509768893] [cartographer logger]: I0226 20:02:51.000000 144034 collated_trajectory_builder.cc:81] scan rate: 9.79 Hz 1.02e-01 s +/- 1.63e-02 s (pulsed at 100.82% real time)
[INFO] [1772103784.703433073] [rclcpp]: signal_handler(SIGINT/SIGTERM)
