[INFO] [1772101770.922080316] [cartographer logger]: I0226 19:29:30.000000 133140 configuration_file_resolver.cc:41] Found '/home/tkddn647/test/install/localization_layer/share/localization_layer/config/cartographer_2d_mapping.lua' for 'cartographer_2d_mapping.lua'.
[INFO] [1772101770.923539450] [cartographer logger]: I0226 19:29:30.000000 133140 configuration_file_resolver.cc:41] Found '/home/tkddn647/test/install/localization_layer/share/localization_layer/config/map_builder.lua' for 'map_builder.lua'.
[INFO] [1772101770.923633086] [cartographer logger]: I0226 19:29:30.000000 133140 configuration_file_resolver.cc:41] Found '/home/tkddn647/test/install/localization_layer/share/localization_layer/config/map_builder.lua' for 'map_builder.lua'.
[INFO] [1772101770.923978583] [cartographer logger]: I0226 19:29:30.000000 133140 configuration_file_resolver.cc:41] Found '/home/tkddn647/test/install/localization_layer/share/localization_layer/config/pose_graph.lua' for 'pose_graph.lua'.
[INFO] [1772101770.924017967] [cartographer logger]: I0226 19:29:30.000000 133140 configuration_file_resolver.cc:41] Found '/home/tkddn647/test/install/localization_layer/share/localization_layer/config/pose_graph.lua' for 'pose_graph.lua'.
[INFO] [1772101770.925174358] [cartographer logger]: I0226 19:29:30.000000 133140 configuration_file_resolver.cc:41] Found '/home/tkddn647/test/install/localization_layer/share/localization_layer/config/trajectory_builder.lua' for 'trajectory_builder.lua'.
[INFO] [1772101770.925256717] [cartographer logger]: I0226 19:29:30.000000 133140 configuration_file_resolver.cc:41] Found '/home/tkddn647/test/install/localization_layer/share/localization_layer/config/trajectory_builder.lua' for 'trajectory_builder.lua'.
[INFO] [1772101770.925620030] [cartographer logger]: I0226 19:29:30.000000 133140 configuration_file_resolver.cc:41] Found '/opt/ros/humble/share/cartographer/configuration_files/trajectory_builder_2d.lua' for 'trajectory_builder_2d.lua'.
[INFO] [1772101770.925661076] [cartographer logger]: I0226 19:29:30.000000 133140 configuration_file_resolver.cc:41] Found '/opt/ros/humble/share/cartographer/configuration_files/trajectory_builder_2d.lua' for 'trajectory_builder_2d.lua'.
[INFO] [1772101770.926148895] [cartographer logger]: I0226 19:29:30.000000 133140 configuration_file_resolver.cc:41] Found '/opt/ros/humble/share/cartographer/configuration_files/trajectory_builder_3d.lua' for 'trajectory_builder_3d.lua'.
[INFO] [1772101770.926194248] [cartographer logger]: I0226 19:29:30.000000 133140 configuration_file_resolver.cc:41] Found '/opt/ros/humble/share/cartographer/configuration_files/trajectory_builder_3d.lua' for 'trajectory_builder_3d.lua'.
[INFO] [1772101770.960384239] [cartographer logger]: I0226 19:29:30.000000 133140 map_builder_bridge.cpp:136] Added trajectory with ID '0'.
[INFO] [1772101772.352167878] [cartographer logger]: I0226 19:29:32.000000 133140 ordered_multi_queue.cc:172] All sensor data for trajectory 0 is available starting at '639076985723512013'.
[INFO] [1772101773.228234728] [cartographer logger]: I0226 19:29:33.000000 133140 local_trajectory_builder_2d.cc:124] Extrapolator not yet initialized.
[INFO] [1772101774.010038465] [cartographer logger]: I0226 19:29:34.000000 133140 pose_graph_2d.cc:148] Inserted submap (0, 0).
[INFO] [1772101786.224938420] [cartographer logger]: I0226 19:29:46.000000 133140 collated_trajectory_builder.cc:81] imu rate: 1.01 Hz 9.94e-01 s +/- 3.09e-01 s (pulsed at 99.37% real time)
[INFO] [1772101786.225042205] [cartographer logger]: I0226 19:29:46.000000 133140 collated_trajectory_builder.cc:81] odom rate: 0.59 Hz 1.70e+00 s +/- 3.55e-01 s (pulsed at 91.74% real time)
[INFO] [1772101786.225065983] [cartographer logger]: I0226 19:29:46.000000 133140 collated_trajectory_builder.cc:81] scan rate: 1.10 Hz 9.12e-01 s +/- 8.71e-02 s (pulsed at 107.23% real time)
[INFO] [1772101802.452489408] [cartographer logger]: I0226 19:30:02.000000 133140 collated_trajectory_builder.cc:81] imu rate: 0.70 Hz 1.43e+00 s +/- 6.81e-01 s (pulsed at 107.93% real time)
[INFO] [1772101802.452594434] [cartographer logger]: I0226 19:30:02.000000 133140 collated_trajectory_builder.cc:81] odom rate: 0.49 Hz 2.04e+00 s +/- 3.75e-01 s (pulsed at 114.53% real time)
[INFO] [1772101802.452713831] [cartographer logger]: I0226 19:30:02.000000 133140 collated_trajectory_builder.cc:81] scan rate: 0.98 Hz 1.02e+00 s +/- 2.91e-01 s (pulsed at 107.87% real time)
[INFO] [1772101817.757690081] [cartographer logger]: I0226 19:30:17.000000 133140 collated_trajectory_builder.cc:81] imu rate: 0.89 Hz 1.12e+00 s +/- 3.38e-01 s (pulsed at 99.58% real time)
[INFO] [1772101817.757828850] [cartographer logger]: I0226 19:30:17.000000 133140 collated_trajectory_builder.cc:81] odom rate: 0.56 Hz 1.79e+00 s +/- 4.23e-01 s (pulsed at 93.38% real time)
[INFO] [1772101817.757851945] [cartographer logger]: I0226 19:30:17.000000 133140 collated_trajectory_builder.cc:81] scan rate: 1.05 Hz 9.53e-01 s +/- 8.88e-02 s (pulsed at 106.39% real time)
[INFO] [1772101834.626213374] [cartographer logger]: I0226 19:30:34.000000 133140 collated_trajectory_builder.cc:81] imu rate: 0.58 Hz 1.73e+00 s +/- 6.02e-01 s (pulsed at 104.57% real time)
[INFO] [1772101834.626317437] [cartographer logger]: I0226 19:30:34.000000 133140 collated_trajectory_builder.cc:81] odom rate: 0.49 Hz 2.05e+00 s +/- 5.83e-01 s (pulsed at 98.13% real time)
[INFO] [1772101834.626336595] [cartographer logger]: I0226 19:30:34.000000 133140 collated_trajectory_builder.cc:81] scan rate: 0.91 Hz 1.10e+00 s +/- 2.64e-01 s (pulsed at 112.84% real time)
[INFO] [1772101849.723378969] [cartographer logger]: I0226 19:30:49.000000 133140 collated_trajectory_builder.cc:81] imu rate: 0.67 Hz 1.50e+00 s +/- 5.33e-01 s (pulsed at 102.27% real time)
[INFO] [1772101849.723429115] [cartographer logger]: I0226 19:30:49.000000 133140 collated_trajectory_builder.cc:81] odom rate: 0.48 Hz 2.07e+00 s +/- 3.23e-01 s (pulsed at 102.20% real time)
[INFO] [1772101849.723445589] [cartographer logger]: I0226 19:30:49.000000 133140 collated_trajectory_builder.cc:81] scan rate: 0.97 Hz 1.03e+00 s +/- 1.62e-01 s (pulsed at 103.09% real time)
[INFO] [1772101865.256610383] [cartographer logger]: I0226 19:31:05.000000 133140 pose_graph_2d.cc:148] Inserted submap (0, 1).
[INFO] [1772101866.300185855] [cartographer logger]: I0226 19:31:06.000000 133140 collated_trajectory_builder.cc:81] imu rate: 0.65 Hz 1.55e+00 s +/- 5.19e-01 s (pulsed at 104.68% real time)
[INFO] [1772101866.300281684] [cartographer logger]: I0226 19:31:06.000000 133140 collated_trajectory_builder.cc:81] odom rate: 0.55 Hz 1.83e+00 s +/- 3.67e-01 s (pulsed at 99.12% real time)
[INFO] [1772101866.300307145] [cartographer logger]: I0226 19:31:06.000000 133140 collated_trajectory_builder.cc:81] scan rate: 0.97 Hz 1.03e+00 s +/- 2.39e-01 s (pulsed at 103.91% real time)
[INFO] [1772101881.648667412] [cartographer logger]: I0226 19:31:21.000000 133140 collated_trajectory_builder.cc:81] imu rate: 0.89 Hz 1.13e+00 s +/- 3.28e-01 s (pulsed at 100.63% real time)
[INFO] [1772101881.648736611] [cartographer logger]: I0226 19:31:21.000000 133140 collated_trajectory_builder.cc:81] odom rate: 0.51 Hz 1.96e+00 s +/- 8.18e-02 s (pulsed at 101.40% real time)
[INFO] [1772101881.648750382] [cartographer logger]: I0226 19:31:21.000000 133140 collated_trajectory_builder.cc:81] scan rate: 1.03 Hz 9.74e-01 s +/- 7.14e-02 s (pulsed at 101.71% real time)
[INFO] [1772101894.044867147] [cartographer logger]: I0226 19:31:34.000000 133194 pose_graph_2d.cc:538] Remaining work items in queue: 0
[INFO] [1772101897.803248006] [cartographer logger]: I0226 19:31:37.000000 133140 collated_trajectory_builder.cc:81] imu rate: 0.71 Hz 1.42e+00 s +/- 4.92e-01 s (pulsed at 99.93% real time)
[INFO] [1772101897.803279539] [cartographer logger]: I0226 19:31:37.000000 133140 collated_trajectory_builder.cc:81] odom rate: 0.56 Hz 1.77e+00 s +/- 3.76e-01 s (pulsed at 99.64% real time)
[INFO] [1772101897.803289445] [cartographer logger]: I0226 19:31:37.000000 133140 collated_trajectory_builder.cc:81] scan rate: 1.05 Hz 9.50e-01 s +/- 8.77e-02 s (pulsed at 99.23% real time)
[INFO] [1772101913.218018386] [cartographer logger]: I0226 19:31:53.000000 133140 collated_trajectory_builder.cc:81] imu rate: 0.59 Hz 1.69e+00 s +/- 6.40e-01 s (pulsed at 106.39% real time)
[INFO] [1772101913.218201942] [cartographer logger]: I0226 19:31:53.000000 133140 collated_trajectory_builder.cc:81] odom rate: 0.52 Hz 1.91e+00 s +/- 5.01e-01 s (pulsed at 106.90% real time)
[INFO] [1772101913.218227581] [cartographer logger]: I0226 19:31:53.000000 133140 collated_trajectory_builder.cc:81] scan rate: 0.98 Hz 1.02e+00 s +/- 2.56e-01 s (pulsed at 105.85% real time)
[INFO] [1772101929.054296740] [cartographer logger]: I0226 19:32:09.000000 133140 collated_trajectory_builder.cc:81] imu rate: 0.84 Hz 1.20e+00 s +/- 4.39e-01 s (pulsed at 101.91% real time)
[INFO] [1772101929.054392148] [cartographer logger]: I0226 19:32:09.000000 133140 collated_trajectory_builder.cc:81] odom rate: 0.59 Hz 1.69e+00 s +/- 4.77e-01 s (pulsed at 101.72% real time)
[INFO] [1772101929.054413733] [cartographer logger]: I0226 19:32:09.000000 133140 collated_trajectory_builder.cc:81] scan rate: 1.05 Hz 9.50e-01 s +/- 9.98e-02 s (pulsed at 103.28% real time)
[INFO] [1772101932.451629382] [rclcpp]: signal_handler(SIGINT/SIGTERM)
