[INFO] [1772435001.987018839] [cartographer logger]: I0302 16:03:21.000000 35251 configuration_file_resolver.cc:41] Found '/home/tkddn647/test/install/localization_layer/share/localization_layer/config/cartographer_2d_mapping.lua' for 'cartographer_2d_mapping.lua'.
[INFO] [1772435001.987472742] [cartographer logger]: I0302 16:03:21.000000 35251 configuration_file_resolver.cc:41] Found '/home/tkddn647/test/install/localization_layer/share/localization_layer/config/map_builder.lua' for 'map_builder.lua'.
[INFO] [1772435001.987506577] [cartographer logger]: I0302 16:03:21.000000 35251 configuration_file_resolver.cc:41] Found '/home/tkddn647/test/install/localization_layer/share/localization_layer/config/map_builder.lua' for 'map_builder.lua'.
[INFO] [1772435001.987581311] [cartographer logger]: I0302 16:03:21.000000 35251 configuration_file_resolver.cc:41] Found '/home/tkddn647/test/install/localization_layer/share/localization_layer/config/pose_graph.lua' for 'pose_graph.lua'.
[INFO] [1772435001.987613095] [cartographer logger]: I0302 16:03:21.000000 35251 configuration_file_resolver.cc:41] Found '/home/tkddn647/test/install/localization_layer/share/localization_layer/config/pose_graph.lua' for 'pose_graph.lua'.
[INFO] [1772435001.987784550] [cartographer logger]: I0302 16:03:21.000000 35251 configuration_file_resolver.cc:41] Found '/home/tkddn647/test/install/localization_layer/share/localization_layer/config/trajectory_builder.lua' for 'trajectory_builder.lua'.
[INFO] [1772435001.987814682] [cartographer logger]: I0302 16:03:21.000000 35251 configuration_file_resolver.cc:41] Found '/home/tkddn647/test/install/localization_layer/share/localization_layer/config/trajectory_builder.lua' for 'trajectory_builder.lua'.
[INFO] [1772435001.987869115] [cartographer logger]: I0302 16:03:21.000000 35251 configuration_file_resolver.cc:41] Found '/opt/ros/humble/share/cartographer/configuration_files/trajectory_builder_2d.lua' for 'trajectory_builder_2d.lua'.
[INFO] [1772435001.987896888] [cartographer logger]: I0302 16:03:21.000000 35251 configuration_file_resolver.cc:41] Found '/opt/ros/humble/share/cartographer/configuration_files/trajectory_builder_2d.lua' for 'trajectory_builder_2d.lua'.
[INFO] [1772435001.988101241] [cartographer logger]: I0302 16:03:21.000000 35251 configuration_file_resolver.cc:41] Found '/opt/ros/humble/share/cartographer/configuration_files/trajectory_builder_3d.lua' for 'trajectory_builder_3d.lua'.
[INFO] [1772435001.988142956] [cartographer logger]: I0302 16:03:21.000000 35251 configuration_file_resolver.cc:41] Found '/opt/ros/humble/share/cartographer/configuration_files/trajectory_builder_3d.lua' for 'trajectory_builder_3d.lua'.
[INFO] [1772435002.033194908] [cartographer logger]: I0302 16:03:22.000000 35251 map_builder_bridge.cpp:136] Added trajectory with ID '0'.
[INFO] [1772435002.561968404] [cartographer logger]: I0302 16:03:22.000000 35251 ordered_multi_queue.cc:172] All sensor data for trajectory 0 is available starting at '639080318024638498'.
[INFO] [1772435002.658819325] [cartographer logger]: I0302 16:03:22.000000 35251 local_trajectory_builder_2d.cc:312] Extrapolator not yet initialized.
[WARN] [1772435002.660995459] [cartographer logger]: W0302 16:03:22.000000 35251 pose_extrapolator.cc:168] Queue too short for velocity estimation. Queue duration: 0.0006757 s
[INFO] [1772435002.665129662] [cartographer logger]: I0302 16:03:22.000000 35251 pose_graph_2d.cc:148] Inserted submap (0, 0).
[INFO] [1772435021.658489541] [cartographer logger]: I0302 16:03:41.000000 35251 collated_trajectory_builder.cc:81] imu rate: 2.87 Hz 3.49e-01 s +/- 1.11e+00 s (pulsed at 134.11% real time)
[INFO] [1772435021.658592026] [cartographer logger]: I0302 16:03:41.000000 35251 collated_trajectory_builder.cc:81] odom rate: 2.86 Hz 3.49e-01 s +/- 1.09e+00 s (pulsed at 90.79% real time)
[INFO] [1772435021.658618025] [cartographer logger]: I0302 16:03:41.000000 35251 collated_trajectory_builder.cc:81] scan rate: 3.98 Hz 2.51e-01 s +/- 9.33e-01 s (pulsed at 134.34% real time)
[INFO] [1772435041.473434598] [cartographer logger]: I0302 16:04:01.000000 35251 collated_trajectory_builder.cc:81] imu rate: 4.53 Hz 2.21e-01 s +/- 7.52e-01 s (pulsed at 93.07% real time)
[INFO] [1772435041.473569419] [cartographer logger]: I0302 16:04:01.000000 35251 collated_trajectory_builder.cc:81] odom rate: 3.41 Hz 2.93e-01 s +/- 8.55e-01 s (pulsed at 92.48% real time)
[INFO] [1772435041.473585961] [cartographer logger]: I0302 16:04:01.000000 35251 collated_trajectory_builder.cc:81] scan rate: 5.66 Hz 1.77e-01 s +/- 6.57e-01 s (pulsed at 93.06% real time)
[INFO] [1772435051.572189582] [rclcpp]: signal_handler(SIGINT/SIGTERM)
