[INFO] [1772433032.675045807] [cartographer logger]: I0302 15:30:32.000000 19891 configuration_file_resolver.cc:41] Found '/home/tkddn647/test/install/localization_layer/share/localization_layer/config/cartographer_2d_mapping_lidar_only.lua' for 'cartographer_2d_mapping_lidar_only.lua'.
[INFO] [1772433032.675492756] [cartographer logger]: I0302 15:30:32.000000 19891 configuration_file_resolver.cc:41] Found '/home/tkddn647/test/install/localization_layer/share/localization_layer/config/map_builder_mapping.lua' for 'map_builder_mapping.lua'.
[INFO] [1772433032.675521631] [cartographer logger]: I0302 15:30:32.000000 19891 configuration_file_resolver.cc:41] Found '/home/tkddn647/test/install/localization_layer/share/localization_layer/config/map_builder_mapping.lua' for 'map_builder_mapping.lua'.
[INFO] [1772433032.675562993] [cartographer logger]: I0302 15:30:32.000000 19891 configuration_file_resolver.cc:41] Found '/home/tkddn647/test/install/localization_layer/share/localization_layer/config/pose_graph_mapping.lua' for 'pose_graph_mapping.lua'.
[INFO] [1772433032.675581586] [cartographer logger]: I0302 15:30:32.000000 19891 configuration_file_resolver.cc:41] Found '/home/tkddn647/test/install/localization_layer/share/localization_layer/config/pose_graph_mapping.lua' for 'pose_graph_mapping.lua'.
[INFO] [1772433032.675730337] [cartographer logger]: I0302 15:30:32.000000 19891 configuration_file_resolver.cc:41] Found '/home/tkddn647/test/install/localization_layer/share/localization_layer/config/trajectory_builder.lua' for 'trajectory_builder.lua'.
[INFO] [1772433032.675754473] [cartographer logger]: I0302 15:30:32.000000 19891 configuration_file_resolver.cc:41] Found '/home/tkddn647/test/install/localization_layer/share/localization_layer/config/trajectory_builder.lua' for 'trajectory_builder.lua'.
[INFO] [1772433032.675803010] [cartographer logger]: I0302 15:30:32.000000 19891 configuration_file_resolver.cc:41] Found '/opt/ros/humble/share/cartographer/configuration_files/trajectory_builder_2d.lua' for 'trajectory_builder_2d.lua'.
[INFO] [1772433032.675825758] [cartographer logger]: I0302 15:30:32.000000 19891 configuration_file_resolver.cc:41] Found '/opt/ros/humble/share/cartographer/configuration_files/trajectory_builder_2d.lua' for 'trajectory_builder_2d.lua'.
[INFO] [1772433032.675962783] [cartographer logger]: I0302 15:30:32.000000 19891 configuration_file_resolver.cc:41] Found '/opt/ros/humble/share/cartographer/configuration_files/trajectory_builder_3d.lua' for 'trajectory_builder_3d.lua'.
[INFO] [1772433032.675988010] [cartographer logger]: I0302 15:30:32.000000 19891 configuration_file_resolver.cc:41] Found '/opt/ros/humble/share/cartographer/configuration_files/trajectory_builder_3d.lua' for 'trajectory_builder_3d.lua'.
[INFO] [1772433032.702247179] [cartographer logger]: I0302 15:30:32.000000 19891 map_builder_bridge.cpp:136] Added trajectory with ID '0'.
[INFO] [1772433033.682720081] [cartographer logger]: I0302 15:30:33.000000 19891 ordered_multi_queue.cc:172] All sensor data for trajectory 0 is available starting at '639080298331507289'.
[WARN] [1772433033.683952887] [cartographer logger]: W0302 15:30:33.000000 19891 pose_extrapolator.cc:168] Queue too short for velocity estimation. Queue duration: 0 s
[WARN] [1772433033.685522420] [cartographer logger]: W0302 15:30:33.000000 19891 fixed_ratio_sampler.cc:26] FixedRatioSampler is dropping all data.
[INFO] [1772433033.685564465] [cartographer logger]: I0302 15:30:33.000000 19891 pose_graph_2d.cc:148] Inserted submap (0, 0).
[WARN] [1772433033.685628266] [cartographer logger]: W0302 15:30:33.000000 19891 sensor_bridge.cpp:211] Ignored subdivision of a LaserScan message from sensor scan because previous subdivision time 639080298331507289 is not before current subdivision time 639080298331507289
[WARN] [1772433034.235521531] [cartographer logger]: W0302 15:30:34.000000 19891 sensor_bridge.cpp:211] Ignored subdivision of a LaserScan message from sensor scan because previous subdivision time 639080298336829514 is not before current subdivision time 639080298336829514
[WARN] [1772433034.813472113] [cartographer logger]: W0302 15:30:34.000000 19891 sensor_bridge.cpp:211] Ignored subdivision of a LaserScan message from sensor scan because previous subdivision time 639080298342286634 is not before current subdivision time 639080298342286634
[WARN] [1772433035.365477456] [cartographer logger]: W0302 15:30:35.000000 19891 sensor_bridge.cpp:211] Ignored subdivision of a LaserScan message from sensor scan because previous subdivision time 639080298348063039 is not before current subdivision time 639080298348063039
[WARN] [1772433035.908539101] [cartographer logger]: W0302 15:30:35.000000 19891 sensor_bridge.cpp:211] Ignored subdivision of a LaserScan message from sensor scan because previous subdivision time 639080298353580683 is not before current subdivision time 639080298353580683
[WARN] [1772433036.446373229] [cartographer logger]: W0302 15:30:36.000000 19891 sensor_bridge.cpp:211] Ignored subdivision of a LaserScan message from sensor scan because previous subdivision time 639080298359019833 is not before current subdivision time 639080298359019833
[WARN] [1772433036.991770348] [cartographer logger]: W0302 15:30:36.000000 19891 sensor_bridge.cpp:211] Ignored subdivision of a LaserScan message from sensor scan because previous subdivision time 639080298364396713 is not before current subdivision time 639080298364396713
[WARN] [1772433037.529431544] [cartographer logger]: W0302 15:30:37.000000 19891 sensor_bridge.cpp:211] Ignored subdivision of a LaserScan message from sensor scan because previous subdivision time 639080298369860855 is not before current subdivision time 639080298369860855
[WARN] [1772433037.528252937] [cartographer logger]: W0302 15:30:37.000000 19891 sensor_bridge.cpp:211] Ignored subdivision of a LaserScan message from sensor scan because previous subdivision time 639080298375231294 is not before current subdivision time 639080298375231294
[WARN] [1772433038.072023108] [cartographer logger]: W0302 15:30:38.000000 19891 sensor_bridge.cpp:211] Ignored subdivision of a LaserScan message from sensor scan because previous subdivision time 639080298375257026 is not before current subdivision time 639080298375257026
[WARN] [1772433038.626986805] [cartographer logger]: W0302 15:30:38.000000 19891 sensor_bridge.cpp:211] Ignored subdivision of a LaserScan message from sensor scan because previous subdivision time 639080298380652677 is not before current subdivision time 639080298380652677
[WARN] [1772433039.243399510] [cartographer logger]: W0302 15:30:39.000000 19891 sensor_bridge.cpp:211] Ignored subdivision of a LaserScan message from sensor scan because previous subdivision time 639080298386202686 is not before current subdivision time 639080298386202686
[WARN] [1772433039.871206418] [cartographer logger]: W0302 15:30:39.000000 19891 sensor_bridge.cpp:211] Ignored subdivision of a LaserScan message from sensor scan because previous subdivision time 639080298392362095 is not before current subdivision time 639080298392362095
[WARN] [1772433040.545321878] [cartographer logger]: W0302 15:30:40.000000 19891 sensor_bridge.cpp:211] Ignored subdivision of a LaserScan message from sensor scan because previous subdivision time 639080298398647750 is not before current subdivision time 639080298398647750
[WARN] [1772433041.219372530] [cartographer logger]: W0302 15:30:41.000000 19891 sensor_bridge.cpp:211] Ignored subdivision of a LaserScan message from sensor scan because previous subdivision time 639080298405365334 is not before current subdivision time 639080298405365334
[WARN] [1772433041.808356546] [cartographer logger]: W0302 15:30:41.000000 19891 sensor_bridge.cpp:211] Ignored subdivision of a LaserScan message from sensor scan because previous subdivision time 639080298412075531 is not before current subdivision time 639080298412075531
[WARN] [1772433042.410144875] [cartographer logger]: W0302 15:30:42.000000 19891 sensor_bridge.cpp:211] Ignored subdivision of a LaserScan message from sensor scan because previous subdivision time 639080298418025392 is not before current subdivision time 639080298418025392
[WARN] [1772433042.509534630] [cartographer logger]: W0302 15:30:42.000000 19891 sensor_bridge.cpp:211] Ignored subdivision of a LaserScan message from sensor scan because previous subdivision time 639080298424045046 is not before current subdivision time 639080298424045046
[WARN] [1772433043.145034685] [cartographer logger]: W0302 15:30:43.000000 19891 sensor_bridge.cpp:211] Ignored subdivision of a LaserScan message from sensor scan because previous subdivision time 639080298425036137 is not before current subdivision time 639080298425036137
[WARN] [1772433043.725562147] [cartographer logger]: W0302 15:30:43.000000 19891 sensor_bridge.cpp:211] Ignored subdivision of a LaserScan message from sensor scan because previous subdivision time 639080298431393304 is not before current subdivision time 639080298431393304
[WARN] [1772433044.315183604] [cartographer logger]: W0302 15:30:44.000000 19891 sensor_bridge.cpp:211] Ignored subdivision of a LaserScan message from sensor scan because previous subdivision time 639080298437190299 is not before current subdivision time 639080298437190299
[WARN] [1772433044.913160285] [cartographer logger]: W0302 15:30:44.000000 19891 sensor_bridge.cpp:211] Ignored subdivision of a LaserScan message from sensor scan because previous subdivision time 639080298443089053 is not before current subdivision time 639080298443089053
[WARN] [1772433045.493456035] [cartographer logger]: W0302 15:30:45.000000 19891 sensor_bridge.cpp:211] Ignored subdivision of a LaserScan message from sensor scan because previous subdivision time 639080298449074810 is not before current subdivision time 639080298449074810
[WARN] [1772433046.073546581] [cartographer logger]: W0302 15:30:46.000000 19891 sensor_bridge.cpp:211] Ignored subdivision of a LaserScan message from sensor scan because previous subdivision time 639080298454872096 is not before current subdivision time 639080298454872096
[INFO] [1772433046.657526507] [cartographer logger]: I0302 15:30:46.000000 19891 collated_trajectory_builder.cc:81] scan rate: 1.86 Hz 5.38e-01 s +/- 1.56e-01 s (pulsed at 92.07% real time)
[WARN] [1772433046.664386199] [cartographer logger]: W0302 15:30:46.000000 19891 sensor_bridge.cpp:211] Ignored subdivision of a LaserScan message from sensor scan because previous subdivision time 639080298460675256 is not before current subdivision time 639080298460675256
[WARN] [1772433047.241116427] [cartographer logger]: W0302 15:30:47.000000 19891 sensor_bridge.cpp:211] Ignored subdivision of a LaserScan message from sensor scan because previous subdivision time 639080298466574829 is not before current subdivision time 639080298466574829
[WARN] [1772433047.388283688] [cartographer logger]: W0302 15:30:47.000000 19891 sensor_bridge.cpp:211] Ignored subdivision of a LaserScan message from sensor scan because previous subdivision time 639080298472352919 is not before current subdivision time 639080298472352919
[WARN] [1772433047.977217629] [cartographer logger]: W0302 15:30:47.000000 19891 sensor_bridge.cpp:211] Ignored subdivision of a LaserScan message from sensor scan because previous subdivision time 639080298537340267 is not before current subdivision time 639080298537340267
[WARN] [1772433052.607529986] [cartographer logger]: W0302 15:30:52.000000 19891 sensor_bridge.cpp:211] Ignored subdivision of a LaserScan message from sensor scan because previous subdivision time 639080298584418150 is not before current subdivision time 639080298584418150
[WARN] [1772433057.738845141] [cartographer logger]: W0302 15:30:57.000000 19891 sensor_bridge.cpp:211] Ignored subdivision of a LaserScan message from sensor scan because previous subdivision time 639080298634514347 is not before current subdivision time 639080298634514347
[INFO] [1772433062.738293859] [cartographer logger]: I0302 15:31:02.000000 19891 collated_trajectory_builder.cc:81] scan rate: 0.20 Hz 5.01e+00 s +/- 3.62e-04 s (pulsed at 90.66% real time)
[WARN] [1772433062.744192436] [cartographer logger]: W0302 15:31:02.000000 19891 sensor_bridge.cpp:211] Ignored subdivision of a LaserScan message from sensor scan because previous subdivision time 639080298684605431 is not before current subdivision time 639080298684605431
[WARN] [1772433067.641326798] [cartographer logger]: W0302 15:31:07.000000 19891 sensor_bridge.cpp:211] Ignored subdivision of a LaserScan message from sensor scan because previous subdivision time 639080298734684947 is not before current subdivision time 639080298734684947
[WARN] [1772433072.834577017] [cartographer logger]: W0302 15:31:12.000000 19891 sensor_bridge.cpp:211] Ignored subdivision of a LaserScan message from sensor scan because previous subdivision time 639080298784833254 is not before current subdivision time 639080298784833254
[INFO] [1772433077.756321725] [cartographer logger]: I0302 15:31:17.000000 19891 collated_trajectory_builder.cc:81] scan rate: 0.20 Hz 5.01e+00 s +/- 5.58e-03 s (pulsed at 90.41% real time)
[WARN] [1772433077.762264486] [cartographer logger]: W0302 15:31:17.000000 19891 sensor_bridge.cpp:211] Ignored subdivision of a LaserScan message from sensor scan because previous subdivision time 639080298834902578 is not before current subdivision time 639080298834902578
[WARN] [1772433082.927183019] [cartographer logger]: W0302 15:31:22.000000 19891 sensor_bridge.cpp:211] Ignored subdivision of a LaserScan message from sensor scan because previous subdivision time 639080298884984913 is not before current subdivision time 639080298884984913
[WARN] [1772433087.712097902] [cartographer logger]: W0302 15:31:27.000000 19891 sensor_bridge.cpp:211] Ignored subdivision of a LaserScan message from sensor scan because previous subdivision time 639080298935043925 is not before current subdivision time 639080298935043925
[INFO] [1772433092.973644461] [cartographer logger]: I0302 15:31:32.000000 19891 collated_trajectory_builder.cc:81] scan rate: 0.20 Hz 5.00e+00 s +/- 4.00e-03 s (pulsed at 88.89% real time)
[WARN] [1772433092.979730044] [cartographer logger]: W0302 15:31:32.000000 19891 sensor_bridge.cpp:211] Ignored subdivision of a LaserScan message from sensor scan because previous subdivision time 639080298985046307 is not before current subdivision time 639080298985046307
[WARN] [1772433097.765780870] [cartographer logger]: W0302 15:31:37.000000 19891 sensor_bridge.cpp:211] Ignored subdivision of a LaserScan message from sensor scan because previous subdivision time 639080299035064601 is not before current subdivision time 639080299035064601
[INFO] [1772433100.485371755] [rclcpp]: signal_handler(SIGINT/SIGTERM)
