[INFO] [1772109502.793682222] [cartographer logger]: I0226 21:38:22.000000 192835 configuration_file_resolver.cc:41] Found '/home/tkddn647/test/install/localization_layer/share/localization_layer/config/cartographer_2d_mapping_lidar_only.lua' for 'cartographer_2d_mapping_lidar_only.lua'.
[INFO] [1772109502.795407132] [cartographer logger]: I0226 21:38:22.000000 192835 configuration_file_resolver.cc:41] Found '/home/tkddn647/test/install/localization_layer/share/localization_layer/config/map_builder.lua' for 'map_builder.lua'.
[INFO] [1772109502.801065970] [cartographer logger]: I0226 21:38:22.000000 192835 configuration_file_resolver.cc:41] Found '/home/tkddn647/test/install/localization_layer/share/localization_layer/config/map_builder.lua' for 'map_builder.lua'.
[INFO] [1772109502.801214689] [cartographer logger]: I0226 21:38:22.000000 192835 configuration_file_resolver.cc:41] Found '/home/tkddn647/test/install/localization_layer/share/localization_layer/config/pose_graph.lua' for 'pose_graph.lua'.
[INFO] [1772109502.801250572] [cartographer logger]: I0226 21:38:22.000000 192835 configuration_file_resolver.cc:41] Found '/home/tkddn647/test/install/localization_layer/share/localization_layer/config/pose_graph.lua' for 'pose_graph.lua'.
[INFO] [1772109502.801785631] [cartographer logger]: I0226 21:38:22.000000 192835 configuration_file_resolver.cc:41] Found '/home/tkddn647/test/install/localization_layer/share/localization_layer/config/trajectory_builder.lua' for 'trajectory_builder.lua'.
[INFO] [1772109502.801821435] [cartographer logger]: I0226 21:38:22.000000 192835 configuration_file_resolver.cc:41] Found '/home/tkddn647/test/install/localization_layer/share/localization_layer/config/trajectory_builder.lua' for 'trajectory_builder.lua'.
[INFO] [1772109502.801885356] [cartographer logger]: I0226 21:38:22.000000 192835 configuration_file_resolver.cc:41] Found '/opt/ros/humble/share/cartographer/configuration_files/trajectory_builder_2d.lua' for 'trajectory_builder_2d.lua'.
[INFO] [1772109502.801914850] [cartographer logger]: I0226 21:38:22.000000 192835 configuration_file_resolver.cc:41] Found '/opt/ros/humble/share/cartographer/configuration_files/trajectory_builder_2d.lua' for 'trajectory_builder_2d.lua'.
[INFO] [1772109502.802207921] [cartographer logger]: I0226 21:38:22.000000 192835 configuration_file_resolver.cc:41] Found '/opt/ros/humble/share/cartographer/configuration_files/trajectory_builder_3d.lua' for 'trajectory_builder_3d.lua'.
[INFO] [1772109502.802250916] [cartographer logger]: I0226 21:38:22.000000 192835 configuration_file_resolver.cc:41] Found '/opt/ros/humble/share/cartographer/configuration_files/trajectory_builder_3d.lua' for 'trajectory_builder_3d.lua'.
[INFO] [1772109502.839534013] [cartographer logger]: I0226 21:38:22.000000 192835 map_builder_bridge.cpp:136] Added trajectory with ID '0'.
[INFO] [1772109503.425831573] [cartographer logger]: I0226 21:38:23.000000 192835 ordered_multi_queue.cc:172] All sensor data for trajectory 0 is available starting at '639077063033181193'.
[WARN] [1772109503.427351101] [cartographer logger]: W0226 21:38:23.000000 192835 pose_extrapolator.cc:168] Queue too short for velocity estimation. Queue duration: 0 s
[INFO] [1772109503.431850257] [cartographer logger]: I0226 21:38:23.000000 192835 pose_graph_2d.cc:148] Inserted submap (0, 0).
[INFO] [1772109517.866778998] [cartographer logger]: I0226 21:38:37.000000 192835 collated_trajectory_builder.cc:81] scan rate: 8.65 Hz 1.16e-01 s +/- 1.65e-02 s (pulsed at 100.04% real time)
[INFO] [1772109532.896872960] [cartographer logger]: I0226 21:38:52.000000 192835 collated_trajectory_builder.cc:81] scan rate: 9.24 Hz 1.08e-01 s +/- 1.08e-02 s (pulsed at 100.03% real time)
[INFO] [1772109549.741325323] [cartographer logger]: I0226 21:39:09.000000 192835 collated_trajectory_builder.cc:81] scan rate: 9.12 Hz 1.10e-01 s +/- 1.57e-01 s (pulsed at 108.84% real time)
[INFO] [1772109564.971092473] [cartographer logger]: I0226 21:39:24.000000 192835 collated_trajectory_builder.cc:81] scan rate: 1.53 Hz 6.53e-01 s +/- 6.67e-02 s (pulsed at 98.23% real time)
[INFO] [1772109572.382645075] [rclcpp]: signal_handler(SIGINT/SIGTERM)
