[INFO] [1772107608.882772440] [cartographer logger]: I0226 21:06:48.000000 178767 configuration_file_resolver.cc:41] Found '/home/tkddn647/test/install/localization_layer/share/localization_layer/config/cartographer_2d_mapping.lua' for 'cartographer_2d_mapping.lua'.
[INFO] [1772107608.883299456] [cartographer logger]: I0226 21:06:48.000000 178767 configuration_file_resolver.cc:41] Found '/home/tkddn647/test/install/localization_layer/share/localization_layer/config/map_builder.lua' for 'map_builder.lua'.
[INFO] [1772107608.883350826] [cartographer logger]: I0226 21:06:48.000000 178767 configuration_file_resolver.cc:41] Found '/home/tkddn647/test/install/localization_layer/share/localization_layer/config/map_builder.lua' for 'map_builder.lua'.
[INFO] [1772107608.883420427] [cartographer logger]: I0226 21:06:48.000000 178767 configuration_file_resolver.cc:41] Found '/home/tkddn647/test/install/localization_layer/share/localization_layer/config/pose_graph.lua' for 'pose_graph.lua'.
[INFO] [1772107608.883445336] [cartographer logger]: I0226 21:06:48.000000 178767 configuration_file_resolver.cc:41] Found '/home/tkddn647/test/install/localization_layer/share/localization_layer/config/pose_graph.lua' for 'pose_graph.lua'.
[INFO] [1772107608.883615153] [cartographer logger]: I0226 21:06:48.000000 178767 configuration_file_resolver.cc:41] Found '/home/tkddn647/test/install/localization_layer/share/localization_layer/config/trajectory_builder.lua' for 'trajectory_builder.lua'.
[INFO] [1772107608.883640319] [cartographer logger]: I0226 21:06:48.000000 178767 configuration_file_resolver.cc:41] Found '/home/tkddn647/test/install/localization_layer/share/localization_layer/config/trajectory_builder.lua' for 'trajectory_builder.lua'.
[INFO] [1772107608.883712340] [cartographer logger]: I0226 21:06:48.000000 178767 configuration_file_resolver.cc:41] Found '/opt/ros/humble/share/cartographer/configuration_files/trajectory_builder_2d.lua' for 'trajectory_builder_2d.lua'.
[INFO] [1772107608.883762528] [cartographer logger]: I0226 21:06:48.000000 178767 configuration_file_resolver.cc:41] Found '/opt/ros/humble/share/cartographer/configuration_files/trajectory_builder_2d.lua' for 'trajectory_builder_2d.lua'.
[INFO] [1772107608.883994812] [cartographer logger]: I0226 21:06:48.000000 178767 configuration_file_resolver.cc:41] Found '/opt/ros/humble/share/cartographer/configuration_files/trajectory_builder_3d.lua' for 'trajectory_builder_3d.lua'.
[INFO] [1772107608.884050831] [cartographer logger]: I0226 21:06:48.000000 178767 configuration_file_resolver.cc:41] Found '/opt/ros/humble/share/cartographer/configuration_files/trajectory_builder_3d.lua' for 'trajectory_builder_3d.lua'.
[INFO] [1772107608.922135813] [cartographer logger]: I0226 21:06:48.000000 178767 map_builder_bridge.cpp:136] Added trajectory with ID '0'.
[INFO] [1772107609.483631653] [cartographer logger]: I0226 21:06:49.000000 178767 ordered_multi_queue.cc:172] All sensor data for trajectory 0 is available starting at '639077044093806055'.
[INFO] [1772107609.596696640] [cartographer logger]: I0226 21:06:49.000000 178767 local_trajectory_builder_2d.cc:312] Extrapolator not yet initialized.
[WARN] [1772107609.598454466] [cartographer logger]: W0226 21:06:49.000000 178767 pose_extrapolator.cc:168] Queue too short for velocity estimation. Queue duration: 0.0009906 s
[INFO] [1772107609.602929633] [cartographer logger]: I0226 21:06:49.000000 178767 pose_graph_2d.cc:148] Inserted submap (0, 0).
[INFO] [1772107620.598033559] [cartographer logger]: I0226 21:07:00.000000 178767 pose_graph_2d.cc:148] Inserted submap (0, 1).
[INFO] [1772107623.949016026] [cartographer logger]: I0226 21:07:03.000000 178767 collated_trajectory_builder.cc:81] imu rate: 6.03 Hz 1.66e-01 s +/- 6.41e-02 s (pulsed at 100.58% real time)
[INFO] [1772107623.949084230] [cartographer logger]: I0226 21:07:03.000000 178767 collated_trajectory_builder.cc:81] odom rate: 4.25 Hz 2.35e-01 s +/- 4.40e-02 s (pulsed at 100.52% real time)
[INFO] [1772107623.949099147] [cartographer logger]: I0226 21:07:03.000000 178767 collated_trajectory_builder.cc:81] scan rate: 8.20 Hz 1.22e-01 s +/- 1.69e-02 s (pulsed at 100.34% real time)
[INFO] [1772107624.317382903] [cartographer logger]: I0226 21:07:04.000000 178816 pose_graph_2d.cc:538] Remaining work items in queue: 1
[INFO] [1772107633.201864230] [cartographer logger]: I0226 21:07:13.000000 178767 pose_graph_2d.cc:148] Inserted submap (0, 2).
[INFO] [1772107640.459759555] [cartographer logger]: I0226 21:07:20.000000 178767 collated_trajectory_builder.cc:81] imu rate: 5.32 Hz 1.88e-01 s +/- 1.72e-01 s (pulsed at 109.42% real time)
[INFO] [1772107640.459887065] [cartographer logger]: I0226 21:07:20.000000 178767 collated_trajectory_builder.cc:81] odom rate: 3.71 Hz 2.70e-01 s +/- 1.89e-01 s (pulsed at 109.53% real time)
[INFO] [1772107640.459925606] [cartographer logger]: I0226 21:07:20.000000 178767 collated_trajectory_builder.cc:81] scan rate: 7.29 Hz 1.37e-01 s +/- 1.32e-01 s (pulsed at 110.14% real time)
[INFO] [1772107641.027780527] [cartographer logger]: I0226 21:07:21.000000 178818 pose_graph_2d.cc:538] Remaining work items in queue: 0
[INFO] [1772107642.332641764] [rclcpp]: signal_handler(SIGINT/SIGTERM)
