[INFO] [1772103800.964177944] [cartographer logger]: I0226 20:03:20.000000 145810 configuration_file_resolver.cc:41] Found '/home/tkddn647/test/install/localization_layer/share/localization_layer/config/cartographer_2d_mapping.lua' for 'cartographer_2d_mapping.lua'.
[INFO] [1772103800.964585292] [cartographer logger]: I0226 20:03:20.000000 145810 configuration_file_resolver.cc:41] Found '/home/tkddn647/test/install/localization_layer/share/localization_layer/config/map_builder.lua' for 'map_builder.lua'.
[INFO] [1772103800.964617164] [cartographer logger]: I0226 20:03:20.000000 145810 configuration_file_resolver.cc:41] Found '/home/tkddn647/test/install/localization_layer/share/localization_layer/config/map_builder.lua' for 'map_builder.lua'.
[INFO] [1772103800.964676819] [cartographer logger]: I0226 20:03:20.000000 145810 configuration_file_resolver.cc:41] Found '/home/tkddn647/test/install/localization_layer/share/localization_layer/config/pose_graph.lua' for 'pose_graph.lua'.
[INFO] [1772103800.964709059] [cartographer logger]: I0226 20:03:20.000000 145810 configuration_file_resolver.cc:41] Found '/home/tkddn647/test/install/localization_layer/share/localization_layer/config/pose_graph.lua' for 'pose_graph.lua'.
[INFO] [1772103800.964901162] [cartographer logger]: I0226 20:03:20.000000 145810 configuration_file_resolver.cc:41] Found '/home/tkddn647/test/install/localization_layer/share/localization_layer/config/trajectory_builder.lua' for 'trajectory_builder.lua'.
[INFO] [1772103800.964928955] [cartographer logger]: I0226 20:03:20.000000 145810 configuration_file_resolver.cc:41] Found '/home/tkddn647/test/install/localization_layer/share/localization_layer/config/trajectory_builder.lua' for 'trajectory_builder.lua'.
[INFO] [1772103800.964992873] [cartographer logger]: I0226 20:03:20.000000 145810 configuration_file_resolver.cc:41] Found '/opt/ros/humble/share/cartographer/configuration_files/trajectory_builder_2d.lua' for 'trajectory_builder_2d.lua'.
[INFO] [1772103800.965022449] [cartographer logger]: I0226 20:03:20.000000 145810 configuration_file_resolver.cc:41] Found '/opt/ros/humble/share/cartographer/configuration_files/trajectory_builder_2d.lua' for 'trajectory_builder_2d.lua'.
[INFO] [1772103800.965172634] [cartographer logger]: I0226 20:03:20.000000 145810 configuration_file_resolver.cc:41] Found '/opt/ros/humble/share/cartographer/configuration_files/trajectory_builder_3d.lua' for 'trajectory_builder_3d.lua'.
[INFO] [1772103800.965202674] [cartographer logger]: I0226 20:03:20.000000 145810 configuration_file_resolver.cc:41] Found '/opt/ros/humble/share/cartographer/configuration_files/trajectory_builder_3d.lua' for 'trajectory_builder_3d.lua'.
[INFO] [1772103801.008616078] [cartographer logger]: I0226 20:03:21.000000 145810 map_builder_bridge.cpp:136] Added trajectory with ID '0'.
[INFO] [1772103801.599653870] [cartographer logger]: I0226 20:03:21.000000 145810 ordered_multi_queue.cc:172] All sensor data for trajectory 0 is available starting at '639077006015176533'.
[INFO] [1772103801.686109549] [cartographer logger]: I0226 20:03:21.000000 145810 local_trajectory_builder_2d.cc:312] Extrapolator not yet initialized.
[WARN] [1772103801.688304324] [cartographer logger]: W0226 20:03:21.000000 145810 pose_extrapolator.cc:168] Queue too short for velocity estimation. Queue duration: 0.0008668 s
[INFO] [1772103801.707781623] [cartographer logger]: I0226 20:03:21.000000 145810 pose_graph_2d.cc:148] Inserted submap (0, 0).
[INFO] [1772103817.093130084] [cartographer logger]: I0226 20:03:37.000000 145810 collated_trajectory_builder.cc:81] imu rate: 7.40 Hz 1.35e-01 s +/- 1.10e-01 s (pulsed at 108.10% real time)
[INFO] [1772103817.093200657] [cartographer logger]: I0226 20:03:37.000000 145810 collated_trajectory_builder.cc:81] odom rate: 5.14 Hz 1.95e-01 s +/- 1.29e-01 s (pulsed at 108.07% real time)
[INFO] [1772103817.093217321] [cartographer logger]: I0226 20:03:37.000000 145810 collated_trajectory_builder.cc:81] scan rate: 9.89 Hz 1.01e-01 s +/- 8.96e-02 s (pulsed at 107.29% real time)
[INFO] [1772103832.178149076] [cartographer logger]: I0226 20:03:52.000000 145810 collated_trajectory_builder.cc:81] imu rate: 8.33 Hz 1.20e-01 s +/- 4.31e-02 s (pulsed at 100.10% real time)
[INFO] [1772103832.178306199] [cartographer logger]: I0226 20:03:52.000000 145810 collated_trajectory_builder.cc:81] odom rate: 5.47 Hz 1.83e-01 s +/- 3.14e-02 s (pulsed at 100.11% real time)
[INFO] [1772103832.178327486] [cartographer logger]: I0226 20:03:52.000000 145810 collated_trajectory_builder.cc:81] scan rate: 10.53 Hz 9.50e-02 s +/- 1.05e-02 s (pulsed at 99.52% real time)
[INFO] [1772103848.286266868] [cartographer logger]: I0226 20:04:08.000000 145810 collated_trajectory_builder.cc:81] imu rate: 7.12 Hz 1.41e-01 s +/- 1.17e-01 s (pulsed at 107.45% real time)
[INFO] [1772103848.286370106] [cartographer logger]: I0226 20:04:08.000000 145810 collated_trajectory_builder.cc:81] odom rate: 5.15 Hz 1.94e-01 s +/- 1.23e-01 s (pulsed at 107.34% real time)
[INFO] [1772103848.286396556] [cartographer logger]: I0226 20:04:08.000000 145810 collated_trajectory_builder.cc:81] scan rate: 9.93 Hz 1.01e-01 s +/- 8.62e-02 s (pulsed at 107.86% real time)
[INFO] [1772103850.942897770] [cartographer logger]: I0226 20:04:10.000000 145810 motion_filter.cc:42] Motion filter reduced the number of nodes to 7.2%.
[INFO] [1772103863.378320809] [cartographer logger]: I0226 20:04:23.000000 145810 collated_trajectory_builder.cc:81] imu rate: 8.34 Hz 1.20e-01 s +/- 4.01e-02 s (pulsed at 99.98% real time)
[INFO] [1772103863.378388520] [cartographer logger]: I0226 20:04:23.000000 145810 collated_trajectory_builder.cc:81] odom rate: 5.43 Hz 1.84e-01 s +/- 3.48e-02 s (pulsed at 100.00% real time)
[INFO] [1772103863.378404440] [cartographer logger]: I0226 20:04:23.000000 145810 collated_trajectory_builder.cc:81] scan rate: 10.34 Hz 9.67e-02 s +/- 1.15e-02 s (pulsed at 100.63% real time)
[INFO] [1772103879.483905183] [cartographer logger]: I0226 20:04:39.000000 145810 collated_trajectory_builder.cc:81] imu rate: 7.59 Hz 1.32e-01 s +/- 1.07e-01 s (pulsed at 107.23% real time)
[INFO] [1772103879.484019800] [cartographer logger]: I0226 20:04:39.000000 145810 collated_trajectory_builder.cc:81] odom rate: 5.07 Hz 1.97e-01 s +/- 1.26e-01 s (pulsed at 107.36% real time)
[INFO] [1772103879.484047042] [cartographer logger]: I0226 20:04:39.000000 145810 collated_trajectory_builder.cc:81] scan rate: 9.82 Hz 1.02e-01 s +/- 8.77e-02 s (pulsed at 107.16% real time)
[INFO] [1772103894.563462654] [cartographer logger]: I0226 20:04:54.000000 145810 collated_trajectory_builder.cc:81] imu rate: 7.66 Hz 1.31e-01 s +/- 4.40e-02 s (pulsed at 100.19% real time)
[INFO] [1772103894.563528077] [cartographer logger]: I0226 20:04:54.000000 145810 collated_trajectory_builder.cc:81] odom rate: 5.40 Hz 1.85e-01 s +/- 3.75e-02 s (pulsed at 100.17% real time)
[INFO] [1772103894.563544151] [cartographer logger]: I0226 20:04:54.000000 145810 collated_trajectory_builder.cc:81] scan rate: 10.34 Hz 9.67e-02 s +/- 2.04e-02 s (pulsed at 100.30% real time)
[INFO] [1772103899.984695920] [cartographer logger]: I0226 20:04:59.000000 145810 motion_filter.cc:42] Motion filter reduced the number of nodes to 7.2%.
[INFO] [1772103907.318906140] [rclcpp]: signal_handler(SIGINT/SIGTERM)
