[INFO] [1772109108.133438025] [cartographer logger]: I0226 21:31:48.000000 189105 configuration_file_resolver.cc:41] Found '/home/tkddn647/test/install/localization_layer/share/localization_layer/config/cartographer_2d_mapping_lidar_only.lua' for 'cartographer_2d_mapping_lidar_only.lua'.
[INFO] [1772109108.133883946] [cartographer logger]: I0226 21:31:48.000000 189105 configuration_file_resolver.cc:41] Found '/home/tkddn647/test/install/localization_layer/share/localization_layer/config/map_builder.lua' for 'map_builder.lua'.
[INFO] [1772109108.133946450] [cartographer logger]: I0226 21:31:48.000000 189105 configuration_file_resolver.cc:41] Found '/home/tkddn647/test/install/localization_layer/share/localization_layer/config/map_builder.lua' for 'map_builder.lua'.
[INFO] [1772109108.134063063] [cartographer logger]: I0226 21:31:48.000000 189105 configuration_file_resolver.cc:41] Found '/home/tkddn647/test/install/localization_layer/share/localization_layer/config/pose_graph.lua' for 'pose_graph.lua'.
[INFO] [1772109108.134107816] [cartographer logger]: I0226 21:31:48.000000 189105 configuration_file_resolver.cc:41] Found '/home/tkddn647/test/install/localization_layer/share/localization_layer/config/pose_graph.lua' for 'pose_graph.lua'.
[INFO] [1772109108.134369472] [cartographer logger]: I0226 21:31:48.000000 189105 configuration_file_resolver.cc:41] Found '/home/tkddn647/test/install/localization_layer/share/localization_layer/config/trajectory_builder.lua' for 'trajectory_builder.lua'.
[INFO] [1772109108.134419296] [cartographer logger]: I0226 21:31:48.000000 189105 configuration_file_resolver.cc:41] Found '/home/tkddn647/test/install/localization_layer/share/localization_layer/config/trajectory_builder.lua' for 'trajectory_builder.lua'.
[INFO] [1772109108.134510508] [cartographer logger]: I0226 21:31:48.000000 189105 configuration_file_resolver.cc:41] Found '/opt/ros/humble/share/cartographer/configuration_files/trajectory_builder_2d.lua' for 'trajectory_builder_2d.lua'.
[INFO] [1772109108.134555740] [cartographer logger]: I0226 21:31:48.000000 189105 configuration_file_resolver.cc:41] Found '/opt/ros/humble/share/cartographer/configuration_files/trajectory_builder_2d.lua' for 'trajectory_builder_2d.lua'.
[INFO] [1772109108.137012425] [cartographer logger]: I0226 21:31:48.000000 189105 configuration_file_resolver.cc:41] Found '/opt/ros/humble/share/cartographer/configuration_files/trajectory_builder_3d.lua' for 'trajectory_builder_3d.lua'.
[INFO] [1772109108.137078275] [cartographer logger]: I0226 21:31:48.000000 189105 configuration_file_resolver.cc:41] Found '/opt/ros/humble/share/cartographer/configuration_files/trajectory_builder_3d.lua' for 'trajectory_builder_3d.lua'.
[INFO] [1772109108.163190632] [cartographer logger]: I0226 21:31:48.000000 189105 map_builder_bridge.cpp:136] Added trajectory with ID '0'.
[INFO] [1772109109.759321109] [cartographer logger]: I0226 21:31:49.000000 189105 ordered_multi_queue.cc:172] All sensor data for trajectory 0 is available starting at '639077059096530460'.
[WARN] [1772109109.760893644] [cartographer logger]: W0226 21:31:49.000000 189105 pose_extrapolator.cc:168] Queue too short for velocity estimation. Queue duration: 0 s
[INFO] [1772109109.765548655] [cartographer logger]: I0226 21:31:49.000000 189105 pose_graph_2d.cc:148] Inserted submap (0, 0).
[INFO] [1772109123.181170645] [cartographer logger]: I0226 21:32:03.000000 189105 collated_trajectory_builder.cc:81] scan rate: 7.03 Hz 1.42e-01 s +/- 2.36e-02 s (pulsed at 99.65% real time)
[INFO] [1772109139.645091896] [cartographer logger]: I0226 21:32:19.000000 189105 collated_trajectory_builder.cc:81] scan rate: 5.76 Hz 1.74e-01 s +/- 1.49e-01 s (pulsed at 109.72% real time)
[INFO] [1772109154.730382885] [cartographer logger]: I0226 21:32:34.000000 189105 collated_trajectory_builder.cc:81] scan rate: 6.16 Hz 1.62e-01 s +/- 1.29e-02 s (pulsed at 100.04% real time)
[INFO] [1772109171.320026705] [cartographer logger]: I0226 21:32:51.000000 189105 collated_trajectory_builder.cc:81] scan rate: 5.23 Hz 1.91e-01 s +/- 1.62e-01 s (pulsed at 110.03% real time)
[INFO] [1772109186.389280135] [cartographer logger]: I0226 21:33:06.000000 189105 collated_trajectory_builder.cc:81] scan rate: 6.17 Hz 1.62e-01 s +/- 1.28e-02 s (pulsed at 100.39% real time)
[INFO] [1772109192.939025169] [cartographer logger]: I0226 21:33:12.000000 189105 motion_filter.cc:42] Motion filter reduced the number of nodes to 9%.
[INFO] [1772109202.914130714] [cartographer logger]: I0226 21:33:22.000000 189105 collated_trajectory_builder.cc:81] scan rate: 5.32 Hz 1.88e-01 s +/- 1.57e-01 s (pulsed at 109.68% real time)
[INFO] [1772109217.918871185] [cartographer logger]: I0226 21:33:37.000000 189105 collated_trajectory_builder.cc:81] scan rate: 5.53 Hz 1.81e-01 s +/- 1.62e-02 s (pulsed at 99.93% real time)
[INFO] [1772109234.392678333] [cartographer logger]: I0226 21:33:54.000000 189105 collated_trajectory_builder.cc:81] scan rate: 4.85 Hz 2.06e-01 s +/- 1.66e-01 s (pulsed at 109.90% real time)
[INFO] [1772109249.478174350] [cartographer logger]: I0226 21:34:09.000000 189105 collated_trajectory_builder.cc:81] scan rate: 5.70 Hz 1.75e-01 s +/- 1.03e-02 s (pulsed at 100.02% real time)
[INFO] [1772109265.973976097] [cartographer logger]: I0226 21:34:25.000000 189105 collated_trajectory_builder.cc:81] scan rate: 5.63 Hz 1.78e-01 s +/- 1.46e-01 s (pulsed at 109.59% real time)
[INFO] [1772109271.890396042] [cartographer logger]: I0226 21:34:31.000000 189105 pose_graph_2d.cc:148] Inserted submap (0, 1).
[INFO] [1772109281.033052861] [cartographer logger]: I0226 21:34:41.000000 189105 collated_trajectory_builder.cc:81] scan rate: 6.31 Hz 1.59e-01 s +/- 1.37e-02 s (pulsed at 100.03% real time)
[INFO] [1772109283.052641671] [cartographer logger]: I0226 21:34:43.000000 189105 motion_filter.cc:42] Motion filter reduced the number of nodes to 9.7%.
[INFO] [1772109296.111398228] [cartographer logger]: I0226 21:34:56.000000 189105 collated_trajectory_builder.cc:81] scan rate: 6.43 Hz 1.56e-01 s +/- 1.08e-02 s (pulsed at 100.05% real time)
[INFO] [1772109312.691155556] [cartographer logger]: I0226 21:35:12.000000 189105 collated_trajectory_builder.cc:81] scan rate: 5.72 Hz 1.75e-01 s +/- 1.63e-01 s (pulsed at 110.52% real time)
[INFO] [1772109327.091632306] [cartographer logger]: I0226 21:35:27.000000 189156 pose_graph_2d.cc:538] Remaining work items in queue: 0
[INFO] [1772109327.844257563] [cartographer logger]: I0226 21:35:27.000000 189105 collated_trajectory_builder.cc:81] scan rate: 6.82 Hz 1.47e-01 s +/- 3.71e-02 s (pulsed at 99.67% real time)
[INFO] [1772109344.728147184] [cartographer logger]: I0226 21:35:44.000000 189105 collated_trajectory_builder.cc:81] scan rate: 4.53 Hz 2.21e-01 s +/- 2.29e-01 s (pulsed at 107.66% real time)
[INFO] [1772109359.841000800] [cartographer logger]: I0226 21:35:59.000000 189105 collated_trajectory_builder.cc:81] scan rate: 2.25 Hz 4.44e-01 s +/- 3.68e-02 s (pulsed at 100.29% real time)
[INFO] [1772109374.887747652] [rclcpp]: signal_handler(SIGINT/SIGTERM)
