[INFO] [1772108162.510976572] [cartographer logger]: I0226 21:16:02.000000 182614 configuration_file_resolver.cc:41] Found '/home/tkddn647/test/install/localization_layer/share/localization_layer/config/cartographer_2d_mapping.lua' for 'cartographer_2d_mapping.lua'.
[INFO] [1772108162.511472333] [cartographer logger]: I0226 21:16:02.000000 182614 configuration_file_resolver.cc:41] Found '/home/tkddn647/test/install/localization_layer/share/localization_layer/config/map_builder.lua' for 'map_builder.lua'.
[INFO] [1772108162.511518004] [cartographer logger]: I0226 21:16:02.000000 182614 configuration_file_resolver.cc:41] Found '/home/tkddn647/test/install/localization_layer/share/localization_layer/config/map_builder.lua' for 'map_builder.lua'.
[INFO] [1772108162.511591610] [cartographer logger]: I0226 21:16:02.000000 182614 configuration_file_resolver.cc:41] Found '/home/tkddn647/test/install/localization_layer/share/localization_layer/config/pose_graph.lua' for 'pose_graph.lua'.
[INFO] [1772108162.511620902] [cartographer logger]: I0226 21:16:02.000000 182614 configuration_file_resolver.cc:41] Found '/home/tkddn647/test/install/localization_layer/share/localization_layer/config/pose_graph.lua' for 'pose_graph.lua'.
[INFO] [1772108162.511800386] [cartographer logger]: I0226 21:16:02.000000 182614 configuration_file_resolver.cc:41] Found '/home/tkddn647/test/install/localization_layer/share/localization_layer/config/trajectory_builder.lua' for 'trajectory_builder.lua'.
[INFO] [1772108162.511834338] [cartographer logger]: I0226 21:16:02.000000 182614 configuration_file_resolver.cc:41] Found '/home/tkddn647/test/install/localization_layer/share/localization_layer/config/trajectory_builder.lua' for 'trajectory_builder.lua'.
[INFO] [1772108162.511921621] [cartographer logger]: I0226 21:16:02.000000 182614 configuration_file_resolver.cc:41] Found '/opt/ros/humble/share/cartographer/configuration_files/trajectory_builder_2d.lua' for 'trajectory_builder_2d.lua'.
[INFO] [1772108162.511967703] [cartographer logger]: I0226 21:16:02.000000 182614 configuration_file_resolver.cc:41] Found '/opt/ros/humble/share/cartographer/configuration_files/trajectory_builder_2d.lua' for 'trajectory_builder_2d.lua'.
[INFO] [1772108162.512243237] [cartographer logger]: I0226 21:16:02.000000 182614 configuration_file_resolver.cc:41] Found '/opt/ros/humble/share/cartographer/configuration_files/trajectory_builder_3d.lua' for 'trajectory_builder_3d.lua'.
[INFO] [1772108162.512323806] [cartographer logger]: I0226 21:16:02.000000 182614 configuration_file_resolver.cc:41] Found '/opt/ros/humble/share/cartographer/configuration_files/trajectory_builder_3d.lua' for 'trajectory_builder_3d.lua'.
[INFO] [1772108162.546789902] [cartographer logger]: I0226 21:16:02.000000 182614 map_builder_bridge.cpp:136] Added trajectory with ID '0'.
[INFO] [1772108163.126282593] [cartographer logger]: I0226 21:16:03.000000 182614 ordered_multi_queue.cc:172] All sensor data for trajectory 0 is available starting at '639077049630113928'.
[INFO] [1772108163.237267305] [cartographer logger]: I0226 21:16:03.000000 182614 local_trajectory_builder_2d.cc:312] Extrapolator not yet initialized.
[INFO] [1772108163.243404690] [cartographer logger]: I0226 21:16:03.000000 182614 pose_graph_2d.cc:148] Inserted submap (0, 0).
[INFO] [1772108174.050813070] [cartographer logger]: I0226 21:16:14.000000 182614 pose_graph_2d.cc:148] Inserted submap (0, 1).
[INFO] [1772108179.067233559] [cartographer logger]: I0226 21:16:19.000000 182614 collated_trajectory_builder.cc:81] imu rate: 5.40 Hz 1.85e-01 s +/- 1.79e-01 s (pulsed at 111.09% real time)
[INFO] [1772108179.067341621] [cartographer logger]: I0226 21:16:19.000000 182614 collated_trajectory_builder.cc:81] odom rate: 3.77 Hz 2.66e-01 s +/- 1.97e-01 s (pulsed at 111.22% real time)
[INFO] [1772108179.067365042] [cartographer logger]: I0226 21:16:19.000000 182614 collated_trajectory_builder.cc:81] scan rate: 7.34 Hz 1.36e-01 s +/- 1.39e-01 s (pulsed at 111.13% real time)
[INFO] [1772108179.429203982] [cartographer logger]: I0226 21:16:19.000000 182663 pose_graph_2d.cc:538] Remaining work items in queue: 0
[INFO] [1772108183.301908640] [rclcpp]: signal_handler(SIGINT/SIGTERM)
