[INFO] [1772104270.843951682] [cartographer logger]: I0226 20:11:10.000000 151037 configuration_file_resolver.cc:41] Found '/home/tkddn647/test/install/localization_layer/share/localization_layer/config/cartographer_2d_mapping.lua' for 'cartographer_2d_mapping.lua'.
[INFO] [1772104270.844574702] [cartographer logger]: I0226 20:11:10.000000 151037 configuration_file_resolver.cc:41] Found '/home/tkddn647/test/install/localization_layer/share/localization_layer/config/map_builder.lua' for 'map_builder.lua'.
[INFO] [1772104270.844620407] [cartographer logger]: I0226 20:11:10.000000 151037 configuration_file_resolver.cc:41] Found '/home/tkddn647/test/install/localization_layer/share/localization_layer/config/map_builder.lua' for 'map_builder.lua'.
[INFO] [1772104270.844690840] [cartographer logger]: I0226 20:11:10.000000 151037 configuration_file_resolver.cc:41] Found '/home/tkddn647/test/install/localization_layer/share/localization_layer/config/pose_graph.lua' for 'pose_graph.lua'.
[INFO] [1772104270.844722855] [cartographer logger]: I0226 20:11:10.000000 151037 configuration_file_resolver.cc:41] Found '/home/tkddn647/test/install/localization_layer/share/localization_layer/config/pose_graph.lua' for 'pose_graph.lua'.
[INFO] [1772104270.844913411] [cartographer logger]: I0226 20:11:10.000000 151037 configuration_file_resolver.cc:41] Found '/home/tkddn647/test/install/localization_layer/share/localization_layer/config/trajectory_builder.lua' for 'trajectory_builder.lua'.
[INFO] [1772104270.844949186] [cartographer logger]: I0226 20:11:10.000000 151037 configuration_file_resolver.cc:41] Found '/home/tkddn647/test/install/localization_layer/share/localization_layer/config/trajectory_builder.lua' for 'trajectory_builder.lua'.
[INFO] [1772104270.845025526] [cartographer logger]: I0226 20:11:10.000000 151037 configuration_file_resolver.cc:41] Found '/opt/ros/humble/share/cartographer/configuration_files/trajectory_builder_2d.lua' for 'trajectory_builder_2d.lua'.
[INFO] [1772104270.845064722] [cartographer logger]: I0226 20:11:10.000000 151037 configuration_file_resolver.cc:41] Found '/opt/ros/humble/share/cartographer/configuration_files/trajectory_builder_2d.lua' for 'trajectory_builder_2d.lua'.
[INFO] [1772104270.845269288] [cartographer logger]: I0226 20:11:10.000000 151037 configuration_file_resolver.cc:41] Found '/opt/ros/humble/share/cartographer/configuration_files/trajectory_builder_3d.lua' for 'trajectory_builder_3d.lua'.
[INFO] [1772104270.845312136] [cartographer logger]: I0226 20:11:10.000000 151037 configuration_file_resolver.cc:41] Found '/opt/ros/humble/share/cartographer/configuration_files/trajectory_builder_3d.lua' for 'trajectory_builder_3d.lua'.
[INFO] [1772104270.867340594] [cartographer logger]: I0226 20:11:10.000000 151037 map_builder_bridge.cpp:136] Added trajectory with ID '0'.
[INFO] [1772104271.512504952] [cartographer logger]: I0226 20:11:11.000000 151037 ordered_multi_queue.cc:172] All sensor data for trajectory 0 is available starting at '639077010714226074'.
[INFO] [1772104271.599215287] [cartographer logger]: I0226 20:11:11.000000 151037 local_trajectory_builder_2d.cc:312] Extrapolator not yet initialized.
[WARN] [1772104271.600900686] [cartographer logger]: W0226 20:11:11.000000 151037 pose_extrapolator.cc:168] Queue too short for velocity estimation. Queue duration: 0.0009689 s
[INFO] [1772104271.620681908] [cartographer logger]: I0226 20:11:11.000000 151037 pose_graph_2d.cc:148] Inserted submap (0, 0).
[INFO] [1772104287.088156163] [cartographer logger]: I0226 20:11:27.000000 151037 collated_trajectory_builder.cc:81] imu rate: 7.62 Hz 1.31e-01 s +/- 1.15e-01 s (pulsed at 108.86% real time)
[INFO] [1772104287.088307924] [cartographer logger]: I0226 20:11:27.000000 151037 collated_trajectory_builder.cc:81] odom rate: 4.97 Hz 2.01e-01 s +/- 1.40e-01 s (pulsed at 108.89% real time)
[INFO] [1772104287.088336394] [cartographer logger]: I0226 20:11:27.000000 151037 collated_trajectory_builder.cc:81] scan rate: 9.81 Hz 1.02e-01 s +/- 9.72e-02 s (pulsed at 108.20% real time)
[INFO] [1772104302.138007453] [cartographer logger]: I0226 20:11:42.000000 151037 collated_trajectory_builder.cc:81] imu rate: 7.89 Hz 1.27e-01 s +/- 4.95e-02 s (pulsed at 100.03% real time)
[INFO] [1772104302.138171633] [cartographer logger]: I0226 20:11:42.000000 151037 collated_trajectory_builder.cc:81] odom rate: 5.36 Hz 1.86e-01 s +/- 3.05e-02 s (pulsed at 99.87% real time)
[INFO] [1772104302.138201439] [cartographer logger]: I0226 20:11:42.000000 151037 collated_trajectory_builder.cc:81] scan rate: 10.58 Hz 9.45e-02 s +/- 1.51e-02 s (pulsed at 100.46% real time)
[INFO] [1772104318.352793087] [cartographer logger]: I0226 20:11:58.000000 151037 collated_trajectory_builder.cc:81] imu rate: 7.39 Hz 1.35e-01 s +/- 1.10e-01 s (pulsed at 107.52% real time)
[INFO] [1772104318.352893106] [cartographer logger]: I0226 20:11:58.000000 151037 collated_trajectory_builder.cc:81] odom rate: 5.06 Hz 1.98e-01 s +/- 1.31e-01 s (pulsed at 107.62% real time)
[INFO] [1772104318.352923725] [cartographer logger]: I0226 20:11:58.000000 151037 collated_trajectory_builder.cc:81] scan rate: 9.81 Hz 1.02e-01 s +/- 9.06e-02 s (pulsed at 107.54% real time)
[INFO] [1772104321.118158602] [cartographer logger]: I0226 20:12:01.000000 151037 motion_filter.cc:42] Motion filter reduced the number of nodes to 4%.
[INFO] [1772104333.372504609] [cartographer logger]: I0226 20:12:13.000000 151037 collated_trajectory_builder.cc:81] imu rate: 7.22 Hz 1.39e-01 s +/- 4.89e-02 s (pulsed at 99.96% real time)
[INFO] [1772104333.372647866] [cartographer logger]: I0226 20:12:13.000000 151037 collated_trajectory_builder.cc:81] odom rate: 5.22 Hz 1.91e-01 s +/- 3.38e-02 s (pulsed at 100.04% real time)
[INFO] [1772104333.372667296] [cartographer logger]: I0226 20:12:13.000000 151037 collated_trajectory_builder.cc:81] scan rate: 10.11 Hz 9.89e-02 s +/- 1.28e-02 s (pulsed at 100.00% real time)
[INFO] [1772104349.614502481] [cartographer logger]: I0226 20:12:29.000000 151037 collated_trajectory_builder.cc:81] imu rate: 6.81 Hz 1.47e-01 s +/- 1.22e-01 s (pulsed at 108.15% real time)
[INFO] [1772104349.614572215] [cartographer logger]: I0226 20:12:29.000000 151037 collated_trajectory_builder.cc:81] odom rate: 4.96 Hz 2.02e-01 s +/- 1.40e-01 s (pulsed at 108.17% real time)
[INFO] [1772104349.614588229] [cartographer logger]: I0226 20:12:29.000000 151037 collated_trajectory_builder.cc:81] scan rate: 9.60 Hz 1.04e-01 s +/- 9.83e-02 s (pulsed at 108.16% real time)
[INFO] [1772104364.615997367] [cartographer logger]: I0226 20:12:44.000000 151037 collated_trajectory_builder.cc:81] imu rate: 7.89 Hz 1.27e-01 s +/- 4.54e-02 s (pulsed at 100.06% real time)
[INFO] [1772104364.616121150] [cartographer logger]: I0226 20:12:44.000000 151037 collated_trajectory_builder.cc:81] odom rate: 5.29 Hz 1.89e-01 s +/- 3.79e-02 s (pulsed at 100.05% real time)
[INFO] [1772104364.616142155] [cartographer logger]: I0226 20:12:44.000000 151037 collated_trajectory_builder.cc:81] scan rate: 10.12 Hz 9.88e-02 s +/- 1.54e-02 s (pulsed at 100.11% real time)
[INFO] [1772104371.249748124] [cartographer logger]: I0226 20:12:51.000000 151037 motion_filter.cc:42] Motion filter reduced the number of nodes to 4%.
[INFO] [1772104379.676336499] [cartographer logger]: I0226 20:12:59.000000 151037 collated_trajectory_builder.cc:81] imu rate: 8.02 Hz 1.25e-01 s +/- 4.47e-02 s (pulsed at 99.95% real time)
[INFO] [1772104379.676417965] [cartographer logger]: I0226 20:12:59.000000 151037 collated_trajectory_builder.cc:81] odom rate: 5.42 Hz 1.85e-01 s +/- 2.53e-02 s (pulsed at 99.97% real time)
[INFO] [1772104379.676441071] [cartographer logger]: I0226 20:12:59.000000 151037 collated_trajectory_builder.cc:81] scan rate: 10.57 Hz 9.46e-02 s +/- 8.94e-03 s (pulsed at 100.55% real time)
[INFO] [1772104395.853982430] [cartographer logger]: I0226 20:13:15.000000 151037 collated_trajectory_builder.cc:81] imu rate: 7.09 Hz 1.41e-01 s +/- 1.24e-01 s (pulsed at 107.85% real time)
[INFO] [1772104395.854051827] [cartographer logger]: I0226 20:13:15.000000 151037 collated_trajectory_builder.cc:81] odom rate: 4.94 Hz 2.03e-01 s +/- 1.34e-01 s (pulsed at 108.62% real time)
[INFO] [1772104395.854126553] [cartographer logger]: I0226 20:13:15.000000 151037 collated_trajectory_builder.cc:81] scan rate: 9.63 Hz 1.04e-01 s +/- 9.38e-02 s (pulsed at 107.83% real time)
[INFO] [1772104410.884997978] [cartographer logger]: I0226 20:13:30.000000 151037 collated_trajectory_builder.cc:81] imu rate: 7.55 Hz 1.32e-01 s +/- 4.89e-02 s (pulsed at 100.19% real time)
[INFO] [1772104410.885146589] [cartographer logger]: I0226 20:13:30.000000 151037 collated_trajectory_builder.cc:81] odom rate: 5.33 Hz 1.88e-01 s +/- 3.42e-02 s (pulsed at 99.98% real time)
[INFO] [1772104410.885177041] [cartographer logger]: I0226 20:13:30.000000 151037 collated_trajectory_builder.cc:81] scan rate: 10.18 Hz 9.82e-02 s +/- 1.12e-02 s (pulsed at 100.22% real time)
[INFO] [1772104422.449811502] [cartographer logger]: I0226 20:13:42.000000 151037 motion_filter.cc:42] Motion filter reduced the number of nodes to 3.93333%.
[INFO] [1772104427.130758440] [cartographer logger]: I0226 20:13:47.000000 151037 collated_trajectory_builder.cc:81] imu rate: 6.98 Hz 1.43e-01 s +/- 1.25e-01 s (pulsed at 107.97% real time)
[INFO] [1772104427.130832252] [cartographer logger]: I0226 20:13:47.000000 151037 collated_trajectory_builder.cc:81] odom rate: 4.68 Hz 2.14e-01 s +/- 1.39e-01 s (pulsed at 107.91% real time)
[INFO] [1772104427.130849249] [cartographer logger]: I0226 20:13:47.000000 151037 collated_trajectory_builder.cc:81] scan rate: 9.11 Hz 1.10e-01 s +/- 9.81e-02 s (pulsed at 107.85% real time)
[INFO] [1772104442.229211684] [cartographer logger]: I0226 20:14:02.000000 151037 collated_trajectory_builder.cc:81] imu rate: 7.32 Hz 1.37e-01 s +/- 4.91e-02 s (pulsed at 100.05% real time)
[INFO] [1772104442.229309221] [cartographer logger]: I0226 20:14:02.000000 151037 collated_trajectory_builder.cc:81] odom rate: 5.10 Hz 1.96e-01 s +/- 2.08e-02 s (pulsed at 100.07% real time)
[INFO] [1772104442.229334498] [cartographer logger]: I0226 20:14:02.000000 151037 collated_trajectory_builder.cc:81] scan rate: 10.13 Hz 9.87e-02 s +/- 1.10e-02 s (pulsed at 100.01% real time)
[INFO] [1772104458.459706541] [cartographer logger]: I0226 20:14:18.000000 151037 collated_trajectory_builder.cc:81] imu rate: 6.96 Hz 1.44e-01 s +/- 1.30e-01 s (pulsed at 108.00% real time)
[INFO] [1772104458.459810656] [cartographer logger]: I0226 20:14:18.000000 151037 collated_trajectory_builder.cc:81] odom rate: 4.89 Hz 2.05e-01 s +/- 1.39e-01 s (pulsed at 107.78% real time)
[INFO] [1772104458.459837798] [cartographer logger]: I0226 20:14:18.000000 151037 collated_trajectory_builder.cc:81] scan rate: 9.53 Hz 1.05e-01 s +/- 9.54e-02 s (pulsed at 108.03% real time)
[INFO] [1772104472.495455756] [cartographer logger]: I0226 20:14:32.000000 151037 motion_filter.cc:42] Motion filter reduced the number of nodes to 3.95%.
[INFO] [1772104473.493713126] [cartographer logger]: I0226 20:14:33.000000 151037 collated_trajectory_builder.cc:81] imu rate: 8.18 Hz 1.22e-01 s +/- 4.21e-02 s (pulsed at 99.91% real time)
[INFO] [1772104473.493781587] [cartographer logger]: I0226 20:14:33.000000 151037 collated_trajectory_builder.cc:81] odom rate: 5.33 Hz 1.88e-01 s +/- 3.01e-02 s (pulsed at 99.27% real time)
[INFO] [1772104473.493798466] [cartographer logger]: I0226 20:14:33.000000 151037 collated_trajectory_builder.cc:81] scan rate: 10.40 Hz 9.62e-02 s +/- 1.15e-02 s (pulsed at 100.56% real time)
[INFO] [1772104489.716374262] [cartographer logger]: I0226 20:14:49.000000 151037 collated_trajectory_builder.cc:81] imu rate: 6.48 Hz 1.54e-01 s +/- 1.26e-01 s (pulsed at 108.06% real time)
[INFO] [1772104489.716510147] [cartographer logger]: I0226 20:14:49.000000 151037 collated_trajectory_builder.cc:81] odom rate: 4.13 Hz 2.42e-01 s +/- 1.55e-01 s (pulsed at 108.77% real time)
[INFO] [1772104489.716547954] [cartographer logger]: I0226 20:14:49.000000 151037 collated_trajectory_builder.cc:81] scan rate: 8.00 Hz 1.25e-01 s +/- 1.09e-01 s (pulsed at 107.95% real time)
[INFO] [1772104504.728839464] [cartographer logger]: I0226 20:15:04.000000 151037 collated_trajectory_builder.cc:81] imu rate: 4.86 Hz 2.06e-01 s +/- 7.24e-02 s (pulsed at 99.82% real time)
[INFO] [1772104504.729014807] [cartographer logger]: I0226 20:15:04.000000 151037 collated_trajectory_builder.cc:81] odom rate: 3.29 Hz 3.04e-01 s +/- 7.25e-02 s (pulsed at 99.83% real time)
[INFO] [1772104504.729051788] [cartographer logger]: I0226 20:15:04.000000 151037 collated_trajectory_builder.cc:81] scan rate: 6.18 Hz 1.62e-01 s +/- 3.42e-02 s (pulsed at 99.85% real time)
[INFO] [1772104518.361886277] [cartographer logger]: I0226 20:15:18.000000 151037 pose_graph_2d.cc:148] Inserted submap (0, 1).
[INFO] [1772104521.189280380] [cartographer logger]: I0226 20:15:21.000000 151037 collated_trajectory_builder.cc:81] imu rate: 3.64 Hz 2.75e-01 s +/- 1.73e-01 s (pulsed at 108.34% real time)
[INFO] [1772104521.189389291] [cartographer logger]: I0226 20:15:21.000000 151037 collated_trajectory_builder.cc:81] odom rate: 2.10 Hz 4.77e-01 s +/- 2.47e-01 s (pulsed at 108.34% real time)
[INFO] [1772104521.189418346] [cartographer logger]: I0226 20:15:21.000000 151037 collated_trajectory_builder.cc:81] scan rate: 3.94 Hz 2.54e-01 s +/- 1.60e-01 s (pulsed at 108.28% real time)
[INFO] [1772104536.275484105] [cartographer logger]: I0226 20:15:36.000000 151037 collated_trajectory_builder.cc:81] imu rate: 7.94 Hz 1.26e-01 s +/- 5.22e-02 s (pulsed at 101.04% real time)
[INFO] [1772104536.275679805] [cartographer logger]: I0226 20:15:36.000000 151037 collated_trajectory_builder.cc:81] odom rate: 5.45 Hz 1.84e-01 s +/- 4.20e-02 s (pulsed at 100.70% real time)
[INFO] [1772104536.275710615] [cartographer logger]: I0226 20:15:36.000000 151037 collated_trajectory_builder.cc:81] scan rate: 10.49 Hz 9.53e-02 s +/- 1.97e-02 s (pulsed at 100.49% real time)
[INFO] [1772104540.740260031] [cartographer logger]: I0226 20:15:40.000000 151037 motion_filter.cc:42] Motion filter reduced the number of nodes to 3.96%.
[INFO] [1772104552.575245701] [cartographer logger]: I0226 20:15:52.000000 151037 collated_trajectory_builder.cc:81] imu rate: 7.09 Hz 1.41e-01 s +/- 1.26e-01 s (pulsed at 108.29% real time)
[INFO] [1772104552.575320979] [cartographer logger]: I0226 20:15:52.000000 151037 collated_trajectory_builder.cc:81] odom rate: 4.99 Hz 2.00e-01 s +/- 1.47e-01 s (pulsed at 108.61% real time)
[INFO] [1772104552.575337811] [cartographer logger]: I0226 20:15:52.000000 151037 collated_trajectory_builder.cc:81] scan rate: 9.63 Hz 1.04e-01 s +/- 1.04e-01 s (pulsed at 108.66% real time)
[INFO] [1772104567.658473083] [cartographer logger]: I0226 20:16:07.000000 151037 collated_trajectory_builder.cc:81] imu rate: 7.85 Hz 1.27e-01 s +/- 4.54e-02 s (pulsed at 100.13% real time)
[INFO] [1772104567.658549048] [cartographer logger]: I0226 20:16:07.000000 151037 collated_trajectory_builder.cc:81] odom rate: 5.60 Hz 1.79e-01 s +/- 3.73e-02 s (pulsed at 100.09% real time)
[INFO] [1772104567.658565023] [cartographer logger]: I0226 20:16:07.000000 151037 collated_trajectory_builder.cc:81] scan rate: 10.67 Hz 9.37e-02 s +/- 1.38e-02 s (pulsed at 100.35% real time)
[INFO] [1772104584.032079762] [cartographer logger]: I0226 20:16:24.000000 151037 collated_trajectory_builder.cc:81] imu rate: 7.43 Hz 1.35e-01 s +/- 1.41e-01 s (pulsed at 109.07% real time)
[INFO] [1772104584.032146710] [cartographer logger]: I0226 20:16:24.000000 151037 collated_trajectory_builder.cc:81] odom rate: 5.00 Hz 2.00e-01 s +/- 1.56e-01 s (pulsed at 109.17% real time)
[INFO] [1772104584.032163287] [cartographer logger]: I0226 20:16:24.000000 151037 collated_trajectory_builder.cc:81] scan rate: 9.58 Hz 1.04e-01 s +/- 1.10e-01 s (pulsed at 109.11% real time)
[INFO] [1772104590.475290945] [cartographer logger]: I0226 20:16:30.000000 151037 motion_filter.cc:42] Motion filter reduced the number of nodes to 3.96667%.
[INFO] [1772104594.592826445] [cartographer logger]: I0226 20:16:34.000000 151088 pose_graph_2d.cc:538] Remaining work items in queue: 1
[INFO] [1772104599.085419438] [cartographer logger]: I0226 20:16:39.000000 151037 collated_trajectory_builder.cc:81] imu rate: 8.15 Hz 1.23e-01 s +/- 4.46e-02 s (pulsed at 100.03% real time)
[INFO] [1772104599.085493431] [cartographer logger]: I0226 20:16:39.000000 151037 collated_trajectory_builder.cc:81] odom rate: 5.74 Hz 1.74e-01 s +/- 2.52e-02 s (pulsed at 100.05% real time)
[INFO] [1772104599.085596048] [cartographer logger]: I0226 20:16:39.000000 151037 collated_trajectory_builder.cc:81] scan rate: 11.22 Hz 8.91e-02 s +/- 9.29e-03 s (pulsed at 100.03% real time)
[INFO] [1772104614.156010788] [cartographer logger]: I0226 20:16:54.000000 151037 collated_trajectory_builder.cc:81] imu rate: 7.92 Hz 1.26e-01 s +/- 4.39e-02 s (pulsed at 100.03% real time)
[INFO] [1772104614.156080426] [cartographer logger]: I0226 20:16:54.000000 151037 collated_trajectory_builder.cc:81] odom rate: 5.30 Hz 1.89e-01 s +/- 4.27e-02 s (pulsed at 100.03% real time)
[INFO] [1772104614.156097172] [cartographer logger]: I0226 20:16:54.000000 151037 collated_trajectory_builder.cc:81] scan rate: 10.14 Hz 9.86e-02 s +/- 1.86e-02 s (pulsed at 100.07% real time)
[INFO] [1772104630.593505344] [cartographer logger]: I0226 20:17:10.000000 151037 collated_trajectory_builder.cc:81] imu rate: 7.14 Hz 1.40e-01 s +/- 1.39e-01 s (pulsed at 109.05% real time)
[INFO] [1772104630.593577064] [cartographer logger]: I0226 20:17:10.000000 151037 collated_trajectory_builder.cc:81] odom rate: 4.86 Hz 2.06e-01 s +/- 1.57e-01 s (pulsed at 108.96% real time)
[INFO] [1772104630.593593995] [cartographer logger]: I0226 20:17:10.000000 151037 collated_trajectory_builder.cc:81] scan rate: 9.54 Hz 1.05e-01 s +/- 1.10e-01 s (pulsed at 108.94% real time)
[INFO] [1772104639.024333291] [cartographer logger]: I0226 20:17:19.000000 151037 motion_filter.cc:42] Motion filter reduced the number of nodes to 3.94286%.
[INFO] [1772104645.640387401] [cartographer logger]: I0226 20:17:25.000000 151037 collated_trajectory_builder.cc:81] imu rate: 8.15 Hz 1.23e-01 s +/- 4.34e-02 s (pulsed at 100.04% real time)
[INFO] [1772104645.640465089] [cartographer logger]: I0226 20:17:25.000000 151037 collated_trajectory_builder.cc:81] odom rate: 5.61 Hz 1.78e-01 s +/- 3.53e-02 s (pulsed at 100.14% real time)
[INFO] [1772104645.640483196] [cartographer logger]: I0226 20:17:25.000000 151037 collated_trajectory_builder.cc:81] scan rate: 10.96 Hz 9.13e-02 s +/- 1.57e-02 s (pulsed at 100.07% real time)
[INFO] [1772104661.875395723] [cartographer logger]: I0226 20:17:41.000000 151037 collated_trajectory_builder.cc:81] imu rate: 7.38 Hz 1.35e-01 s +/- 1.20e-01 s (pulsed at 107.93% real time)
[INFO] [1772104661.875495932] [cartographer logger]: I0226 20:17:41.000000 151037 collated_trajectory_builder.cc:81] odom rate: 5.28 Hz 1.89e-01 s +/- 1.41e-01 s (pulsed at 107.91% real time)
[INFO] [1772104661.875522292] [cartographer logger]: I0226 20:17:41.000000 151037 collated_trajectory_builder.cc:81] scan rate: 10.17 Hz 9.83e-02 s +/- 9.81e-02 s (pulsed at 107.84% real time)
[INFO] [1772104676.928149756] [cartographer logger]: I0226 20:17:56.000000 151037 collated_trajectory_builder.cc:81] imu rate: 8.22 Hz 1.22e-01 s +/- 4.74e-02 s (pulsed at 100.07% real time)
[INFO] [1772104676.928264039] [cartographer logger]: I0226 20:17:56.000000 151037 collated_trajectory_builder.cc:81] odom rate: 5.83 Hz 1.72e-01 s +/- 3.69e-02 s (pulsed at 99.83% real time)
[INFO] [1772104676.928288630] [cartographer logger]: I0226 20:17:56.000000 151037 collated_trajectory_builder.cc:81] scan rate: 11.19 Hz 8.94e-02 s +/- 1.55e-02 s (pulsed at 100.02% real time)
[INFO] [1772104686.422759367] [cartographer logger]: I0226 20:18:06.000000 151037 motion_filter.cc:42] Motion filter reduced the number of nodes to 3.95%.
[INFO] [1772104693.268239960] [cartographer logger]: I0226 20:18:13.000000 151037 collated_trajectory_builder.cc:81] imu rate: 7.56 Hz 1.32e-01 s +/- 1.28e-01 s (pulsed at 108.64% real time)
[INFO] [1772104693.268332232] [cartographer logger]: I0226 20:18:13.000000 151037 collated_trajectory_builder.cc:81] odom rate: 5.44 Hz 1.84e-01 s +/- 1.40e-01 s (pulsed at 108.58% real time)
[INFO] [1772104693.268356874] [cartographer logger]: I0226 20:18:13.000000 151037 collated_trajectory_builder.cc:81] scan rate: 10.51 Hz 9.52e-02 s +/- 9.83e-02 s (pulsed at 108.65% real time)
[INFO] [1772104708.287055088] [cartographer logger]: I0226 20:18:28.000000 151037 collated_trajectory_builder.cc:81] imu rate: 7.77 Hz 1.29e-01 s +/- 4.54e-02 s (pulsed at 99.94% real time)
[INFO] [1772104708.287146757] [cartographer logger]: I0226 20:18:28.000000 151037 collated_trajectory_builder.cc:81] odom rate: 5.90 Hz 1.70e-01 s +/- 2.77e-02 s (pulsed at 100.01% real time)
[INFO] [1772104708.287171702] [cartographer logger]: I0226 20:18:28.000000 151037 collated_trajectory_builder.cc:81] scan rate: 11.46 Hz 8.73e-02 s +/- 1.38e-02 s (pulsed at 99.86% real time)
[INFO] [1772104724.595591490] [cartographer logger]: I0226 20:18:44.000000 151037 collated_trajectory_builder.cc:81] imu rate: 8.17 Hz 1.22e-01 s +/- 1.17e-01 s (pulsed at 108.73% real time)
[INFO] [1772104724.595683836] [cartographer logger]: I0226 20:18:44.000000 151037 collated_trajectory_builder.cc:81] odom rate: 5.57 Hz 1.80e-01 s +/- 1.39e-01 s (pulsed at 108.76% real time)
[INFO] [1772104724.595707949] [cartographer logger]: I0226 20:18:44.000000 151037 collated_trajectory_builder.cc:81] scan rate: 10.90 Hz 9.18e-02 s +/- 9.79e-02 s (pulsed at 108.79% real time)
[INFO] [1772104731.286045700] [cartographer logger]: I0226 20:18:51.000000 151037 motion_filter.cc:42] Motion filter reduced the number of nodes to 3.95556%.
[INFO] [1772104736.040871470] [cartographer logger]: I0226 20:18:56.000000 151037 pose_graph_2d.cc:148] Inserted submap (0, 2).
[INFO] [1772104739.634875269] [cartographer logger]: I0226 20:18:59.000000 151037 collated_trajectory_builder.cc:81] imu rate: 8.95 Hz 1.12e-01 s +/- 4.07e-02 s (pulsed at 100.03% real time)
[INFO] [1772104739.634956841] [cartographer logger]: I0226 20:18:59.000000 151037 collated_trajectory_builder.cc:81] odom rate: 6.38 Hz 1.57e-01 s +/- 3.65e-02 s (pulsed at 99.95% real time)
[INFO] [1772104739.635117527] [cartographer logger]: I0226 20:18:59.000000 151037 collated_trajectory_builder.cc:81] scan rate: 11.96 Hz 8.36e-02 s +/- 1.39e-02 s (pulsed at 100.54% real time)
[INFO] [1772104755.927907207] [cartographer logger]: I0226 20:19:15.000000 151037 collated_trajectory_builder.cc:81] imu rate: 8.59 Hz 1.16e-01 s +/- 1.23e-01 s (pulsed at 108.48% real time)
[INFO] [1772104755.927976369] [cartographer logger]: I0226 20:19:15.000000 151037 collated_trajectory_builder.cc:81] odom rate: 5.80 Hz 1.72e-01 s +/- 1.42e-01 s (pulsed at 108.47% real time)
[INFO] [1772104755.927992477] [cartographer logger]: I0226 20:19:15.000000 151037 collated_trajectory_builder.cc:81] scan rate: 10.99 Hz 9.10e-02 s +/- 9.93e-02 s (pulsed at 108.44% real time)
[INFO] [1772104770.978665794] [cartographer logger]: I0226 20:19:30.000000 151037 collated_trajectory_builder.cc:81] imu rate: 10.13 Hz 9.87e-02 s +/- 3.50e-02 s (pulsed at 100.06% real time)
[INFO] [1772104770.978730648] [cartographer logger]: I0226 20:19:30.000000 151037 collated_trajectory_builder.cc:81] odom rate: 6.71 Hz 1.49e-01 s +/- 1.94e-02 s (pulsed at 100.09% real time)
[INFO] [1772104770.978746425] [cartographer logger]: I0226 20:19:30.000000 151037 collated_trajectory_builder.cc:81] scan rate: 13.15 Hz 7.60e-02 s +/- 8.03e-03 s (pulsed at 100.09% real time)
[INFO] [1772104772.247788710] [cartographer logger]: I0226 20:19:32.000000 151037 motion_filter.cc:42] Motion filter reduced the number of nodes to 3.96%.
[INFO] [1772104787.212236546] [cartographer logger]: I0226 20:19:47.000000 151037 collated_trajectory_builder.cc:81] imu rate: 8.66 Hz 1.16e-01 s +/- 1.09e-01 s (pulsed at 107.95% real time)
[INFO] [1772104787.212333086] [cartographer logger]: I0226 20:19:47.000000 151037 collated_trajectory_builder.cc:81] odom rate: 6.31 Hz 1.59e-01 s +/- 1.19e-01 s (pulsed at 107.87% real time)
[INFO] [1772104787.212358238] [cartographer logger]: I0226 20:19:47.000000 151037 collated_trajectory_builder.cc:81] scan rate: 12.12 Hz 8.25e-02 s +/- 8.47e-02 s (pulsed at 107.94% real time)
[INFO] [1772104802.262973507] [cartographer logger]: I0226 20:20:02.000000 151037 collated_trajectory_builder.cc:81] imu rate: 9.59 Hz 1.04e-01 s +/- 3.68e-02 s (pulsed at 99.99% real time)
[INFO] [1772104802.263096302] [cartographer logger]: I0226 20:20:02.000000 151037 collated_trajectory_builder.cc:81] odom rate: 6.81 Hz 1.47e-01 s +/- 2.21e-02 s (pulsed at 100.00% real time)
[INFO] [1772104802.263116147] [cartographer logger]: I0226 20:20:02.000000 151037 collated_trajectory_builder.cc:81] scan rate: 13.35 Hz 7.49e-02 s +/- 9.10e-03 s (pulsed at 99.99% real time)
[INFO] [1772104810.856940503] [cartographer logger]: I0226 20:20:10.000000 151037 motion_filter.cc:42] Motion filter reduced the number of nodes to 4%.
[INFO] [1772104817.313772986] [cartographer logger]: I0226 20:20:17.000000 151037 collated_trajectory_builder.cc:81] imu rate: 10.67 Hz 9.37e-02 s +/- 3.49e-02 s (pulsed at 100.03% real time)
[INFO] [1772104817.313863914] [cartographer logger]: I0226 20:20:17.000000 151037 collated_trajectory_builder.cc:81] odom rate: 7.31 Hz 1.37e-01 s +/- 2.88e-02 s (pulsed at 100.03% real time)
[INFO] [1772104817.313887139] [cartographer logger]: I0226 20:20:17.000000 151037 collated_trajectory_builder.cc:81] scan rate: 13.74 Hz 7.28e-02 s +/- 9.59e-03 s (pulsed at 100.06% real time)
[INFO] [1772104828.711603299] [cartographer logger]: I0226 20:20:28.000000 151086 pose_graph_2d.cc:538] Remaining work items in queue: 1
[INFO] [1772104833.490293810] [cartographer logger]: I0226 20:20:33.000000 151037 collated_trajectory_builder.cc:81] imu rate: 9.61 Hz 1.04e-01 s +/- 9.71e-02 s (pulsed at 107.64% real time)
[INFO] [1772104833.490402705] [cartographer logger]: I0226 20:20:33.000000 151037 collated_trajectory_builder.cc:81] odom rate: 6.65 Hz 1.50e-01 s +/- 1.15e-01 s (pulsed at 107.60% real time)
[INFO] [1772104833.490431992] [cartographer logger]: I0226 20:20:33.000000 151037 collated_trajectory_builder.cc:81] scan rate: 12.81 Hz 7.81e-02 s +/- 8.08e-02 s (pulsed at 108.08% real time)
[INFO] [1772104847.944386289] [cartographer logger]: I0226 20:20:47.000000 151037 motion_filter.cc:42] Motion filter reduced the number of nodes to 4.46667%.
[INFO] [1772104848.497811563] [cartographer logger]: I0226 20:20:48.000000 151037 collated_trajectory_builder.cc:81] imu rate: 10.16 Hz 9.84e-02 s +/- 3.75e-02 s (pulsed at 100.06% real time)
[INFO] [1772104848.497911768] [cartographer logger]: I0226 20:20:48.000000 151037 collated_trajectory_builder.cc:81] odom rate: 7.32 Hz 1.37e-01 s +/- 3.76e-02 s (pulsed at 100.10% real time)
[INFO] [1772104848.497937742] [cartographer logger]: I0226 20:20:48.000000 151037 collated_trajectory_builder.cc:81] scan rate: 14.11 Hz 7.09e-02 s +/- 1.76e-02 s (pulsed at 100.11% real time)
[INFO] [1772104853.703303035] [cartographer logger]: I0226 20:20:53.000000 151037 pose_graph_2d.cc:148] Inserted submap (0, 3).
[INFO] [1772104856.017933566] [rclcpp]: signal_handler(SIGINT/SIGTERM)
