[INFO] [1772431902.049884802] [cartographer logger]: I0302 15:11:42.000000 10267 configuration_file_resolver.cc:41] Found '/home/tkddn647/test/install/localization_layer/share/localization_layer/config/cartographer_2d_localization.lua' for 'cartographer_2d_localization.lua'.
[INFO] [1772431902.050501982] [cartographer logger]: I0302 15:11:42.000000 10267 configuration_file_resolver.cc:41] Found '/home/tkddn647/test/install/localization_layer/share/localization_layer/config/cartographer_2d_mapping.lua' for 'cartographer_2d_mapping.lua'.
[INFO] [1772431902.050540357] [cartographer logger]: I0302 15:11:42.000000 10267 configuration_file_resolver.cc:41] Found '/home/tkddn647/test/install/localization_layer/share/localization_layer/config/cartographer_2d_mapping.lua' for 'cartographer_2d_mapping.lua'.
[INFO] [1772431902.050673811] [cartographer logger]: I0302 15:11:42.000000 10267 configuration_file_resolver.cc:41] Found '/home/tkddn647/test/install/localization_layer/share/localization_layer/config/map_builder.lua' for 'map_builder.lua'.
[INFO] [1772431902.050706930] [cartographer logger]: I0302 15:11:42.000000 10267 configuration_file_resolver.cc:41] Found '/home/tkddn647/test/install/localization_layer/share/localization_layer/config/map_builder.lua' for 'map_builder.lua'.
[INFO] [1772431902.050772108] [cartographer logger]: I0302 15:11:42.000000 10267 configuration_file_resolver.cc:41] Found '/home/tkddn647/test/install/localization_layer/share/localization_layer/config/pose_graph.lua' for 'pose_graph.lua'.
[INFO] [1772431902.050798890] [cartographer logger]: I0302 15:11:42.000000 10267 configuration_file_resolver.cc:41] Found '/home/tkddn647/test/install/localization_layer/share/localization_layer/config/pose_graph.lua' for 'pose_graph.lua'.
[INFO] [1772431902.051048561] [cartographer logger]: I0302 15:11:42.000000 10267 configuration_file_resolver.cc:41] Found '/home/tkddn647/test/install/localization_layer/share/localization_layer/config/trajectory_builder.lua' for 'trajectory_builder.lua'.
[INFO] [1772431902.051087080] [cartographer logger]: I0302 15:11:42.000000 10267 configuration_file_resolver.cc:41] Found '/home/tkddn647/test/install/localization_layer/share/localization_layer/config/trajectory_builder.lua' for 'trajectory_builder.lua'.
[INFO] [1772431902.051168790] [cartographer logger]: I0302 15:11:42.000000 10267 configuration_file_resolver.cc:41] Found '/opt/ros/humble/share/cartographer/configuration_files/trajectory_builder_2d.lua' for 'trajectory_builder_2d.lua'.
[INFO] [1772431902.051203010] [cartographer logger]: I0302 15:11:42.000000 10267 configuration_file_resolver.cc:41] Found '/opt/ros/humble/share/cartographer/configuration_files/trajectory_builder_2d.lua' for 'trajectory_builder_2d.lua'.
[INFO] [1772431902.051428424] [cartographer logger]: I0302 15:11:42.000000 10267 configuration_file_resolver.cc:41] Found '/opt/ros/humble/share/cartographer/configuration_files/trajectory_builder_3d.lua' for 'trajectory_builder_3d.lua'.
[INFO] [1772431902.051469412] [cartographer logger]: I0302 15:11:42.000000 10267 configuration_file_resolver.cc:41] Found '/opt/ros/humble/share/cartographer/configuration_files/trajectory_builder_3d.lua' for 'trajectory_builder_3d.lua'.
[INFO] [1772431902.090229016] [cartographer logger]: I0302 15:11:42.000000 10267 map_builder_bridge.cpp:117] Loading saved state '/home/tkddn647/test/maps/sim_map_20260227_205833.pbstream'...
[INFO] [1772431902.583859890] [cartographer logger]: I0302 15:11:42.000000 10267 map_builder_bridge.cpp:136] Added trajectory with ID '1'.
[INFO] [1772431903.190043749] [cartographer logger]: I0302 15:11:43.000000 10267 ordered_multi_queue.cc:172] All sensor data for trajectory 1 is available starting at '639080287030498027'.
[WARN] [1772431903.191832293] [cartographer logger]: W0302 15:11:43.000000 10267 pose_extrapolator.cc:168] Queue too short for velocity estimation. Queue duration: 0 s
[INFO] [1772431903.194203389] [cartographer logger]: I0302 15:11:43.000000 10267 pose_graph_2d.cc:148] Inserted submap (1, 0).
[INFO] [1772431917.173509494] [cartographer logger]: I0302 15:11:57.000000 10267 collated_trajectory_builder.cc:81] scan rate: 1.41 Hz 7.09e-01 s +/- 1.70e+00 s (pulsed at 89.89% real time)
[INFO] [1772431919.268209657] [cartographer logger]: I0302 15:11:59.000000 10313 pose_graph_2d.cc:538] Remaining work items in queue: 0
[INFO] [1772431930.819686823] [cartographer logger]: I0302 15:12:10.000000 10267 collated_trajectory_builder.cc:81] scan rate: 2.02 Hz 4.95e-01 s +/- 1.31e+00 s (pulsed at 132.10% real time)
[INFO] [1772431944.222003467] [cartographer logger]: I0302 15:12:24.000000 10315 pose_graph_2d.cc:538] Remaining work items in queue: 0
[INFO] [1772431944.946815281] [cartographer logger]: I0302 15:12:24.000000 10267 collated_trajectory_builder.cc:81] scan rate: 4.51 Hz 2.22e-01 s +/- 6.84e-02 s (pulsed at 29.42% real time)
[INFO] [1772431967.092187989] [cartographer logger]: I0302 15:12:47.000000 10267 collated_trajectory_builder.cc:81] scan rate: 1.09 Hz 9.19e-01 s +/- 1.83e+00 s (pulsed at 158.49% real time)
[INFO] [1772431968.428673828] [cartographer logger]: I0302 15:12:48.000000 10313 pose_graph_2d.cc:538] Remaining work items in queue: 0
[INFO] [1772431977.425657295] [cartographer logger]: I0302 15:12:57.000000 10267 collated_trajectory_builder.cc:81] scan rate: 1.98 Hz 5.06e-01 s +/- 1.32e+00 s (pulsed at 90.93% real time)
[INFO] [1772431992.122844673] [cartographer logger]: I0302 15:13:12.000000 10314 pose_graph_2d.cc:538] Remaining work items in queue: 0
[INFO] [1772431992.332461295] [cartographer logger]: I0302 15:13:12.000000 10267 collated_trajectory_builder.cc:81] scan rate: 0.96 Hz 1.04e+00 s +/- 2.00e+00 s (pulsed at 90.63% real time)
[INFO] [1772432005.911343533] [cartographer logger]: I0302 15:13:25.000000 10267 collated_trajectory_builder.cc:81] scan rate: 1.92 Hz 5.20e-01 s +/- 1.34e+00 s (pulsed at 132.92% real time)
[INFO] [1772432017.170723127] [cartographer logger]: I0302 15:13:37.000000 10267 pose_graph_2d.cc:148] Inserted submap (1, 1).
[INFO] [1772432019.968115657] [cartographer logger]: I0302 15:13:39.000000 10267 collated_trajectory_builder.cc:81] scan rate: 5.05 Hz 1.98e-01 s +/- 5.97e-02 s (pulsed at 28.49% real time)
[INFO] [1772432027.960919598] [rclcpp]: signal_handler(SIGINT/SIGTERM)
