[INFO] [1772435186.309442481] [cartographer logger]: I0302 16:06:26.000000 36520 configuration_file_resolver.cc:41] Found '/home/tkddn647/test/install/localization_layer/share/localization_layer/config/cartographer_2d_mapping.lua' for 'cartographer_2d_mapping.lua'.
[INFO] [1772435186.309902434] [cartographer logger]: I0302 16:06:26.000000 36520 configuration_file_resolver.cc:41] Found '/home/tkddn647/test/install/localization_layer/share/localization_layer/config/map_builder.lua' for 'map_builder.lua'.
[INFO] [1772435186.309933426] [cartographer logger]: I0302 16:06:26.000000 36520 configuration_file_resolver.cc:41] Found '/home/tkddn647/test/install/localization_layer/share/localization_layer/config/map_builder.lua' for 'map_builder.lua'.
[INFO] [1772435186.309981621] [cartographer logger]: I0302 16:06:26.000000 36520 configuration_file_resolver.cc:41] Found '/home/tkddn647/test/install/localization_layer/share/localization_layer/config/pose_graph.lua' for 'pose_graph.lua'.
[INFO] [1772435186.310002186] [cartographer logger]: I0302 16:06:26.000000 36520 configuration_file_resolver.cc:41] Found '/home/tkddn647/test/install/localization_layer/share/localization_layer/config/pose_graph.lua' for 'pose_graph.lua'.
[INFO] [1772435186.310198251] [cartographer logger]: I0302 16:06:26.000000 36520 configuration_file_resolver.cc:41] Found '/home/tkddn647/test/install/localization_layer/share/localization_layer/config/trajectory_builder.lua' for 'trajectory_builder.lua'.
[INFO] [1772435186.310222156] [cartographer logger]: I0302 16:06:26.000000 36520 configuration_file_resolver.cc:41] Found '/home/tkddn647/test/install/localization_layer/share/localization_layer/config/trajectory_builder.lua' for 'trajectory_builder.lua'.
[INFO] [1772435186.310270582] [cartographer logger]: I0302 16:06:26.000000 36520 configuration_file_resolver.cc:41] Found '/opt/ros/humble/share/cartographer/configuration_files/trajectory_builder_2d.lua' for 'trajectory_builder_2d.lua'.
[INFO] [1772435186.310293936] [cartographer logger]: I0302 16:06:26.000000 36520 configuration_file_resolver.cc:41] Found '/opt/ros/humble/share/cartographer/configuration_files/trajectory_builder_2d.lua' for 'trajectory_builder_2d.lua'.
[INFO] [1772435186.310425836] [cartographer logger]: I0302 16:06:26.000000 36520 configuration_file_resolver.cc:41] Found '/opt/ros/humble/share/cartographer/configuration_files/trajectory_builder_3d.lua' for 'trajectory_builder_3d.lua'.
[INFO] [1772435186.310467011] [cartographer logger]: I0302 16:06:26.000000 36520 configuration_file_resolver.cc:41] Found '/opt/ros/humble/share/cartographer/configuration_files/trajectory_builder_3d.lua' for 'trajectory_builder_3d.lua'.
[INFO] [1772435186.366305800] [cartographer logger]: I0302 16:06:26.000000 36520 map_builder_bridge.cpp:136] Added trajectory with ID '0'.
[INFO] [1772435186.857147622] [cartographer logger]: I0302 16:06:26.000000 36520 ordered_multi_queue.cc:172] All sensor data for trajectory 0 is available starting at '639080319867592716'.
[INFO] [1772435186.956754245] [cartographer logger]: I0302 16:06:26.000000 36520 local_trajectory_builder_2d.cc:312] Extrapolator not yet initialized.
[WARN] [1772435186.958517713] [cartographer logger]: W0302 16:06:26.000000 36520 pose_extrapolator.cc:168] Queue too short for velocity estimation. Queue duration: 0.0007577 s
[INFO] [1772435186.962802982] [cartographer logger]: I0302 16:06:26.000000 36520 pose_graph_2d.cc:148] Inserted submap (0, 0).
[INFO] [1772435200.363936015] [cartographer logger]: I0302 16:06:40.000000 36520 collated_trajectory_builder.cc:81] imu rate: 4.63 Hz 2.16e-01 s +/- 7.47e-01 s (pulsed at 93.49% real time)
[INFO] [1772435200.364043272] [cartographer logger]: I0302 16:06:40.000000 36520 collated_trajectory_builder.cc:81] odom rate: 3.61 Hz 2.77e-01 s +/- 8.43e-01 s (pulsed at 93.51% real time)
[INFO] [1772435200.364069623] [cartographer logger]: I0302 16:06:40.000000 36520 collated_trajectory_builder.cc:81] scan rate: 5.68 Hz 1.76e-01 s +/- 6.62e-01 s (pulsed at 92.82% real time)
[INFO] [1772435210.991229844] [rclcpp]: signal_handler(SIGINT/SIGTERM)
