[INFO] [1772106552.856928534] [cartographer logger]: I0226 20:49:12.000000 170843 configuration_file_resolver.cc:41] Found '/home/tkddn647/test/install/localization_layer/share/localization_layer/config/cartographer_2d_mapping.lua' for 'cartographer_2d_mapping.lua'.
[INFO] [1772106552.858125702] [cartographer logger]: I0226 20:49:12.000000 170843 configuration_file_resolver.cc:41] Found '/home/tkddn647/test/install/localization_layer/share/localization_layer/config/map_builder.lua' for 'map_builder.lua'.
[INFO] [1772106552.858171613] [cartographer logger]: I0226 20:49:12.000000 170843 configuration_file_resolver.cc:41] Found '/home/tkddn647/test/install/localization_layer/share/localization_layer/config/map_builder.lua' for 'map_builder.lua'.
[INFO] [1772106552.858423257] [cartographer logger]: I0226 20:49:12.000000 170843 configuration_file_resolver.cc:41] Found '/home/tkddn647/test/install/localization_layer/share/localization_layer/config/pose_graph.lua' for 'pose_graph.lua'.
[INFO] [1772106552.858467398] [cartographer logger]: I0226 20:49:12.000000 170843 configuration_file_resolver.cc:41] Found '/home/tkddn647/test/install/localization_layer/share/localization_layer/config/pose_graph.lua' for 'pose_graph.lua'.
[INFO] [1772106552.858691606] [cartographer logger]: I0226 20:49:12.000000 170843 configuration_file_resolver.cc:41] Found '/home/tkddn647/test/install/localization_layer/share/localization_layer/config/trajectory_builder.lua' for 'trajectory_builder.lua'.
[INFO] [1772106552.858730314] [cartographer logger]: I0226 20:49:12.000000 170843 configuration_file_resolver.cc:41] Found '/home/tkddn647/test/install/localization_layer/share/localization_layer/config/trajectory_builder.lua' for 'trajectory_builder.lua'.
[INFO] [1772106552.858799920] [cartographer logger]: I0226 20:49:12.000000 170843 configuration_file_resolver.cc:41] Found '/opt/ros/humble/share/cartographer/configuration_files/trajectory_builder_2d.lua' for 'trajectory_builder_2d.lua'.
[INFO] [1772106552.858834935] [cartographer logger]: I0226 20:49:12.000000 170843 configuration_file_resolver.cc:41] Found '/opt/ros/humble/share/cartographer/configuration_files/trajectory_builder_2d.lua' for 'trajectory_builder_2d.lua'.
[INFO] [1772106552.859093636] [cartographer logger]: I0226 20:49:12.000000 170843 configuration_file_resolver.cc:41] Found '/opt/ros/humble/share/cartographer/configuration_files/trajectory_builder_3d.lua' for 'trajectory_builder_3d.lua'.
[INFO] [1772106552.859137469] [cartographer logger]: I0226 20:49:12.000000 170843 configuration_file_resolver.cc:41] Found '/opt/ros/humble/share/cartographer/configuration_files/trajectory_builder_3d.lua' for 'trajectory_builder_3d.lua'.
[INFO] [1772106552.895876272] [cartographer logger]: I0226 20:49:12.000000 170843 map_builder_bridge.cpp:136] Added trajectory with ID '0'.
[INFO] [1772106553.533424012] [cartographer logger]: I0226 20:49:13.000000 170843 ordered_multi_queue.cc:172] All sensor data for trajectory 0 is available starting at '639077033534453858'.
[INFO] [1772106553.615958956] [cartographer logger]: I0226 20:49:13.000000 170843 local_trajectory_builder_2d.cc:312] Extrapolator not yet initialized.
[WARN] [1772106553.617778355] [cartographer logger]: W0226 20:49:13.000000 170843 pose_extrapolator.cc:168] Queue too short for velocity estimation. Queue duration: 0.000862 s
[INFO] [1772106553.633635268] [cartographer logger]: I0226 20:49:13.000000 170843 pose_graph_2d.cc:148] Inserted submap (0, 0).
[INFO] [1772106567.965924248] [cartographer logger]: I0226 20:49:27.000000 170843 collated_trajectory_builder.cc:81] imu rate: 8.24 Hz 1.21e-01 s +/- 4.54e-02 s (pulsed at 100.54% real time)
[INFO] [1772106567.965996691] [cartographer logger]: I0226 20:49:27.000000 170843 collated_trajectory_builder.cc:81] odom rate: 5.58 Hz 1.79e-01 s +/- 2.86e-02 s (pulsed at 100.56% real time)
[INFO] [1772106567.966013053] [cartographer logger]: I0226 20:49:27.000000 170843 collated_trajectory_builder.cc:81] scan rate: 10.82 Hz 9.24e-02 s +/- 1.22e-02 s (pulsed at 99.84% real time)
[INFO] [1772106584.242230820] [cartographer logger]: I0226 20:49:44.000000 170843 collated_trajectory_builder.cc:81] imu rate: 7.23 Hz 1.38e-01 s +/- 1.19e-01 s (pulsed at 108.12% real time)
[INFO] [1772106584.242409530] [cartographer logger]: I0226 20:49:44.000000 170843 collated_trajectory_builder.cc:81] odom rate: 5.07 Hz 1.97e-01 s +/- 1.39e-01 s (pulsed at 108.04% real time)
[INFO] [1772106584.242442159] [cartographer logger]: I0226 20:49:44.000000 170843 collated_trajectory_builder.cc:81] scan rate: 9.94 Hz 1.01e-01 s +/- 9.71e-02 s (pulsed at 108.20% real time)
[INFO] [1772106599.322756402] [cartographer logger]: I0226 20:49:59.000000 170843 collated_trajectory_builder.cc:81] imu rate: 7.92 Hz 1.26e-01 s +/- 4.57e-02 s (pulsed at 100.04% real time)
[INFO] [1772106599.322829972] [cartographer logger]: I0226 20:49:59.000000 170843 collated_trajectory_builder.cc:81] odom rate: 5.50 Hz 1.82e-01 s +/- 3.01e-02 s (pulsed at 100.04% real time)
[INFO] [1772106599.322846363] [cartographer logger]: I0226 20:49:59.000000 170843 collated_trajectory_builder.cc:81] scan rate: 10.61 Hz 9.43e-02 s +/- 9.24e-03 s (pulsed at 100.02% real time)
[INFO] [1772106601.447100953] [cartographer logger]: I0226 20:50:01.000000 170843 motion_filter.cc:42] Motion filter reduced the number of nodes to 14.4%.
[INFO] [1772106613.447303067] [cartographer logger]: I0226 20:50:13.000000 170843 pose_graph_2d.cc:148] Inserted submap (0, 1).
[INFO] [1772106614.412311772] [cartographer logger]: I0226 20:50:14.000000 170843 collated_trajectory_builder.cc:81] imu rate: 7.71 Hz 1.30e-01 s +/- 4.77e-02 s (pulsed at 99.99% real time)
[INFO] [1772106614.412434686] [cartographer logger]: I0226 20:50:14.000000 170843 collated_trajectory_builder.cc:81] odom rate: 5.40 Hz 1.85e-01 s +/- 2.74e-02 s (pulsed at 100.01% real time)
[INFO] [1772106614.412454872] [cartographer logger]: I0226 20:50:14.000000 170843 collated_trajectory_builder.cc:81] scan rate: 10.46 Hz 9.56e-02 s +/- 1.03e-02 s (pulsed at 99.99% real time)
[INFO] [1772106630.614949928] [cartographer logger]: I0226 20:50:30.000000 170843 collated_trajectory_builder.cc:81] imu rate: 7.26 Hz 1.38e-01 s +/- 1.23e-01 s (pulsed at 107.90% real time)
[INFO] [1772106630.615053629] [cartographer logger]: I0226 20:50:30.000000 170843 collated_trajectory_builder.cc:81] odom rate: 4.99 Hz 2.00e-01 s +/- 1.34e-01 s (pulsed at 107.92% real time)
[INFO] [1772106630.615082024] [cartographer logger]: I0226 20:50:30.000000 170843 collated_trajectory_builder.cc:81] scan rate: 9.73 Hz 1.03e-01 s +/- 9.48e-02 s (pulsed at 107.92% real time)
[INFO] [1772106634.517334443] [cartographer logger]: I0226 20:50:34.000000 170894 pose_graph_2d.cc:538] Remaining work items in queue: 1
[INFO] [1772106645.644727354] [cartographer logger]: I0226 20:50:45.000000 170843 collated_trajectory_builder.cc:81] imu rate: 8.08 Hz 1.24e-01 s +/- 4.49e-02 s (pulsed at 100.02% real time)
[INFO] [1772106645.644820812] [cartographer logger]: I0226 20:50:45.000000 170843 collated_trajectory_builder.cc:81] odom rate: 5.75 Hz 1.74e-01 s +/- 2.40e-02 s (pulsed at 100.01% real time)
[INFO] [1772106645.644847458] [cartographer logger]: I0226 20:50:45.000000 170843 collated_trajectory_builder.cc:81] scan rate: 11.18 Hz 8.95e-02 s +/- 7.76e-03 s (pulsed at 100.60% real time)
[INFO] [1772106649.050216557] [cartographer logger]: I0226 20:50:49.000000 170843 motion_filter.cc:42] Motion filter reduced the number of nodes to 14.4%.
[INFO] [1772106661.791297668] [cartographer logger]: I0226 20:51:01.000000 170843 collated_trajectory_builder.cc:81] imu rate: 7.86 Hz 1.27e-01 s +/- 1.06e-01 s (pulsed at 107.31% real time)
[INFO] [1772106661.791405444] [cartographer logger]: I0226 20:51:01.000000 170843 collated_trajectory_builder.cc:81] odom rate: 5.36 Hz 1.87e-01 s +/- 1.25e-01 s (pulsed at 107.44% real time)
[INFO] [1772106661.791430968] [cartographer logger]: I0226 20:51:01.000000 170843 collated_trajectory_builder.cc:81] scan rate: 10.52 Hz 9.50e-02 s +/- 8.69e-02 s (pulsed at 107.51% real time)
[INFO] [1772106672.045541269] [cartographer logger]: I0226 20:51:12.000000 170843 pose_graph_2d.cc:148] Inserted submap (0, 2).
[INFO] [1772106676.850181183] [cartographer logger]: I0226 20:51:16.000000 170843 collated_trajectory_builder.cc:81] imu rate: 8.87 Hz 1.13e-01 s +/- 4.03e-02 s (pulsed at 100.08% real time)
[INFO] [1772106676.850279235] [cartographer logger]: I0226 20:51:16.000000 170843 collated_trajectory_builder.cc:81] odom rate: 6.20 Hz 1.61e-01 s +/- 2.46e-02 s (pulsed at 100.14% real time)
[INFO] [1772106676.850305280] [cartographer logger]: I0226 20:51:16.000000 170843 collated_trajectory_builder.cc:81] scan rate: 12.00 Hz 8.33e-02 s +/- 8.49e-03 s (pulsed at 100.15% real time)
[INFO] [1772106681.422202762] [cartographer logger]: I0226 20:51:21.000000 170893 pose_graph_2d.cc:538] Remaining work items in queue: 1
[INFO] [1772106685.036025584] [cartographer logger]: I0226 20:51:25.000000 170843 pose_graph_2d.cc:148] Inserted submap (0, 3).
[INFO] [1772106692.336515661] [rclcpp]: signal_handler(SIGINT/SIGTERM)
