[INFO] [1772434338.893186507] [cartographer logger]: I0302 15:52:18.000000 30151 configuration_file_resolver.cc:41] Found '/home/tkddn647/test/install/localization_layer/share/localization_layer/config/cartographer_2d_mapping.lua' for 'cartographer_2d_mapping.lua'.
[INFO] [1772434338.893824506] [cartographer logger]: I0302 15:52:18.000000 30151 configuration_file_resolver.cc:41] Found '/home/tkddn647/test/install/localization_layer/share/localization_layer/config/map_builder.lua' for 'map_builder.lua'.
[INFO] [1772434338.893858881] [cartographer logger]: I0302 15:52:18.000000 30151 configuration_file_resolver.cc:41] Found '/home/tkddn647/test/install/localization_layer/share/localization_layer/config/map_builder.lua' for 'map_builder.lua'.
[INFO] [1772434338.893910460] [cartographer logger]: I0302 15:52:18.000000 30151 configuration_file_resolver.cc:41] Found '/home/tkddn647/test/install/localization_layer/share/localization_layer/config/pose_graph.lua' for 'pose_graph.lua'.
[INFO] [1772434338.893931808] [cartographer logger]: I0302 15:52:18.000000 30151 configuration_file_resolver.cc:41] Found '/home/tkddn647/test/install/localization_layer/share/localization_layer/config/pose_graph.lua' for 'pose_graph.lua'.
[INFO] [1772434338.894063124] [cartographer logger]: I0302 15:52:18.000000 30151 configuration_file_resolver.cc:41] Found '/home/tkddn647/test/install/localization_layer/share/localization_layer/config/trajectory_builder.lua' for 'trajectory_builder.lua'.
[INFO] [1772434338.894084945] [cartographer logger]: I0302 15:52:18.000000 30151 configuration_file_resolver.cc:41] Found '/home/tkddn647/test/install/localization_layer/share/localization_layer/config/trajectory_builder.lua' for 'trajectory_builder.lua'.
[INFO] [1772434338.894133846] [cartographer logger]: I0302 15:52:18.000000 30151 configuration_file_resolver.cc:41] Found '/opt/ros/humble/share/cartographer/configuration_files/trajectory_builder_2d.lua' for 'trajectory_builder_2d.lua'.
[INFO] [1772434338.894157762] [cartographer logger]: I0302 15:52:18.000000 30151 configuration_file_resolver.cc:41] Found '/opt/ros/humble/share/cartographer/configuration_files/trajectory_builder_2d.lua' for 'trajectory_builder_2d.lua'.
[INFO] [1772434338.894302083] [cartographer logger]: I0302 15:52:18.000000 30151 configuration_file_resolver.cc:41] Found '/opt/ros/humble/share/cartographer/configuration_files/trajectory_builder_3d.lua' for 'trajectory_builder_3d.lua'.
[INFO] [1772434338.894328467] [cartographer logger]: I0302 15:52:18.000000 30151 configuration_file_resolver.cc:41] Found '/opt/ros/humble/share/cartographer/configuration_files/trajectory_builder_3d.lua' for 'trajectory_builder_3d.lua'.
[INFO] [1772434338.930135790] [cartographer logger]: I0302 15:52:18.000000 30151 map_builder_bridge.cpp:136] Added trajectory with ID '0'.
[INFO] [1772434339.451421525] [cartographer logger]: I0302 15:52:19.000000 30151 ordered_multi_queue.cc:172] All sensor data for trajectory 0 is available starting at '639080311393532824'.
[INFO] [1772434345.393327305] [cartographer logger]: I0302 15:52:25.000000 30151 local_trajectory_builder_2d.cc:312] Extrapolator not yet initialized.
[WARN] [1772434345.395436758] [cartographer logger]: W0302 15:52:25.000000 30151 pose_extrapolator.cc:168] Queue too short for velocity estimation. Queue duration: 0.0009162 s
[INFO] [1772434345.400483663] [cartographer logger]: I0302 15:52:25.000000 30151 pose_graph_2d.cc:148] Inserted submap (0, 0).
[INFO] [1772434355.647000941] [cartographer logger]: I0302 15:52:35.000000 30151 collated_trajectory_builder.cc:81] imu rate: 2.76 Hz 3.62e-01 s +/- 1.23e+00 s (pulsed at 143.55% real time)
[INFO] [1772434355.647066186] [cartographer logger]: I0302 15:52:35.000000 30151 collated_trajectory_builder.cc:81] odom rate: 2.29 Hz 4.37e-01 s +/- 1.23e+00 s (pulsed at 90.77% real time)
[INFO] [1772434355.647079444] [cartographer logger]: I0302 15:52:35.000000 30151 collated_trajectory_builder.cc:81] scan rate: 2.78 Hz 3.60e-01 s +/- 1.22e+00 s (pulsed at 143.89% real time)
[INFO] [1772434369.479624109] [rclcpp]: signal_handler(SIGINT/SIGTERM)
