[INFO] [1772004552.617423063] [cartographer logger]: I0225 16:29:12.000000 20025 configuration_file_resolver.cc:41] Found '/home/tkddn647/test/install/localization_layer/share/localization_layer/config/cartographer_2d_mapping.lua' for 'cartographer_2d_mapping.lua'.
[INFO] [1772004552.618123999] [cartographer logger]: I0225 16:29:12.000000 20025 configuration_file_resolver.cc:41] Found '/home/tkddn647/test/install/localization_layer/share/localization_layer/config/map_builder.lua' for 'map_builder.lua'.
[INFO] [1772004552.618161009] [cartographer logger]: I0225 16:29:12.000000 20025 configuration_file_resolver.cc:41] Found '/home/tkddn647/test/install/localization_layer/share/localization_layer/config/map_builder.lua' for 'map_builder.lua'.
[INFO] [1772004552.618479319] [cartographer logger]: I0225 16:29:12.000000 20025 configuration_file_resolver.cc:41] Found '/home/tkddn647/test/install/localization_layer/share/localization_layer/config/pose_graph.lua' for 'pose_graph.lua'.
[INFO] [1772004552.618522992] [cartographer logger]: I0225 16:29:12.000000 20025 configuration_file_resolver.cc:41] Found '/home/tkddn647/test/install/localization_layer/share/localization_layer/config/pose_graph.lua' for 'pose_graph.lua'.
[INFO] [1772004552.619684660] [cartographer logger]: I0225 16:29:12.000000 20025 configuration_file_resolver.cc:41] Found '/home/tkddn647/test/install/localization_layer/share/localization_layer/config/trajectory_builder.lua' for 'trajectory_builder.lua'.
[INFO] [1772004552.619786775] [cartographer logger]: I0225 16:29:12.000000 20025 configuration_file_resolver.cc:41] Found '/home/tkddn647/test/install/localization_layer/share/localization_layer/config/trajectory_builder.lua' for 'trajectory_builder.lua'.
[INFO] [1772004552.620165287] [cartographer logger]: I0225 16:29:12.000000 20025 configuration_file_resolver.cc:41] Found '/opt/ros/humble/share/cartographer/configuration_files/trajectory_builder_2d.lua' for 'trajectory_builder_2d.lua'.
[INFO] [1772004552.620280147] [cartographer logger]: I0225 16:29:12.000000 20025 configuration_file_resolver.cc:41] Found '/opt/ros/humble/share/cartographer/configuration_files/trajectory_builder_2d.lua' for 'trajectory_builder_2d.lua'.
[INFO] [1772004552.620936748] [cartographer logger]: I0225 16:29:12.000000 20025 configuration_file_resolver.cc:41] Found '/opt/ros/humble/share/cartographer/configuration_files/trajectory_builder_3d.lua' for 'trajectory_builder_3d.lua'.
[INFO] [1772004552.621028543] [cartographer logger]: I0225 16:29:12.000000 20025 configuration_file_resolver.cc:41] Found '/opt/ros/humble/share/cartographer/configuration_files/trajectory_builder_3d.lua' for 'trajectory_builder_3d.lua'.
[INFO] [1772004552.651131605] [cartographer logger]: I0225 16:29:12.000000 20025 map_builder_bridge.cpp:136] Added trajectory with ID '0'.
[INFO] [1772004553.148870141] [cartographer logger]: I0225 16:29:13.000000 20025 ordered_multi_queue.cc:172] All sensor data for trajectory 0 is available starting at '639076013531479138'.
[INFO] [1772004553.245187895] [cartographer logger]: I0225 16:29:13.000000 20025 local_trajectory_builder_2d.cc:124] Extrapolator not yet initialized.
[INFO] [1772004553.248474895] [cartographer logger]: I0225 16:29:13.000000 20025 pose_graph_2d.cc:148] Inserted submap (0, 0).
[INFO] [1772004567.745359275] [cartographer logger]: I0225 16:29:27.000000 20025 collated_trajectory_builder.cc:81] imu rate: 10.00 Hz 1.00e-01 s +/- 5.35e-04 s (pulsed at 99.98% real time)
[INFO] [1772004567.745425521] [cartographer logger]: I0225 16:29:27.000000 20025 collated_trajectory_builder.cc:81] odom rate: 10.00 Hz 1.00e-01 s +/- 5.62e-04 s (pulsed at 99.98% real time)
[INFO] [1772004567.745439127] [cartographer logger]: I0225 16:29:27.000000 20025 collated_trajectory_builder.cc:81] scan rate: 10.00 Hz 1.00e-01 s +/- 1.31e-04 s (pulsed at 100.69% real time)
[INFO] [1772004571.049898760] [cartographer logger]: I0225 16:29:31.000000 20025 pose_graph_2d.cc:148] Inserted submap (0, 1).
[INFO] [1772004577.047787568] [cartographer logger]: I0225 16:29:37.000000 20062 pose_graph_2d.cc:538] Remaining work items in queue: 0
[INFO] [1772004582.745542435] [cartographer logger]: I0225 16:29:42.000000 20025 collated_trajectory_builder.cc:81] imu rate: 10.00 Hz 1.00e-01 s +/- 4.27e-04 s (pulsed at 100.00% real time)
[INFO] [1772004582.745642616] [cartographer logger]: I0225 16:29:42.000000 20025 collated_trajectory_builder.cc:81] odom rate: 10.00 Hz 1.00e-01 s +/- 4.38e-04 s (pulsed at 100.00% real time)
[INFO] [1772004582.745665159] [cartographer logger]: I0225 16:29:42.000000 20025 collated_trajectory_builder.cc:81] scan rate: 10.00 Hz 1.00e-01 s +/- 8.33e-05 s (pulsed at 100.00% real time)
[INFO] [1772004589.048182306] [cartographer logger]: I0225 16:29:49.000000 20025 pose_graph_2d.cc:148] Inserted submap (0, 2).
[INFO] [1772004597.845576525] [cartographer logger]: I0225 16:29:57.000000 20025 collated_trajectory_builder.cc:81] imu rate: 10.00 Hz 1.00e-01 s +/- 3.36e-04 s (pulsed at 100.00% real time)
[INFO] [1772004597.845648703] [cartographer logger]: I0225 16:29:57.000000 20025 collated_trajectory_builder.cc:81] odom rate: 10.00 Hz 1.00e-01 s +/- 3.47e-04 s (pulsed at 100.00% real time)
[INFO] [1772004597.845666457] [cartographer logger]: I0225 16:29:57.000000 20025 collated_trajectory_builder.cc:81] scan rate: 10.00 Hz 1.00e-01 s +/- 8.89e-05 s (pulsed at 100.00% real time)
[INFO] [1772004601.248127827] [cartographer logger]: I0225 16:30:01.000000 20062 pose_graph_2d.cc:538] Remaining work items in queue: 0
[INFO] [1772004603.246597811] [cartographer logger]: I0225 16:30:03.000000 20025 motion_filter.cc:42] Motion filter reduced the number of nodes to 50.2%.
[INFO] [1772004607.047986516] [cartographer logger]: I0225 16:30:07.000000 20025 pose_graph_2d.cc:148] Inserted submap (0, 3).
[INFO] [1772004612.845834001] [cartographer logger]: I0225 16:30:12.000000 20025 collated_trajectory_builder.cc:81] imu rate: 10.00 Hz 1.00e-01 s +/- 4.53e-04 s (pulsed at 100.00% real time)
[INFO] [1772004612.845892964] [cartographer logger]: I0225 16:30:12.000000 20025 collated_trajectory_builder.cc:81] odom rate: 10.00 Hz 1.00e-01 s +/- 4.67e-04 s (pulsed at 100.00% real time)
[INFO] [1772004612.845905177] [cartographer logger]: I0225 16:30:12.000000 20025 collated_trajectory_builder.cc:81] scan rate: 10.00 Hz 1.00e-01 s +/- 1.45e-04 s (pulsed at 100.00% real time)
[INFO] [1772004625.047981247] [cartographer logger]: I0225 16:30:25.000000 20025 pose_graph_2d.cc:148] Inserted submap (0, 4).
[INFO] [1772004625.450489390] [cartographer logger]: I0225 16:30:25.000000 20064 pose_graph_2d.cc:538] Remaining work items in queue: 0
[INFO] [1772004627.945726062] [cartographer logger]: I0225 16:30:27.000000 20025 collated_trajectory_builder.cc:81] imu rate: 10.00 Hz 1.00e-01 s +/- 4.22e-04 s (pulsed at 100.00% real time)
[INFO] [1772004627.945821865] [cartographer logger]: I0225 16:30:27.000000 20025 collated_trajectory_builder.cc:81] odom rate: 10.00 Hz 1.00e-01 s +/- 4.29e-04 s (pulsed at 100.00% real time)
[INFO] [1772004627.945845450] [cartographer logger]: I0225 16:30:27.000000 20025 collated_trajectory_builder.cc:81] scan rate: 10.00 Hz 1.00e-01 s +/- 9.94e-05 s (pulsed at 100.00% real time)
[INFO] [1772004642.946080640] [cartographer logger]: I0225 16:30:42.000000 20025 collated_trajectory_builder.cc:81] imu rate: 10.00 Hz 1.00e-01 s +/- 3.83e-04 s (pulsed at 100.00% real time)
[INFO] [1772004642.946154441] [cartographer logger]: I0225 16:30:42.000000 20025 collated_trajectory_builder.cc:81] odom rate: 10.00 Hz 1.00e-01 s +/- 3.92e-04 s (pulsed at 100.00% real time)
[INFO] [1772004642.946169900] [cartographer logger]: I0225 16:30:42.000000 20025 collated_trajectory_builder.cc:81] scan rate: 10.00 Hz 1.00e-01 s +/- 7.66e-05 s (pulsed at 100.00% real time)
[INFO] [1772004643.047791014] [cartographer logger]: I0225 16:30:43.000000 20025 pose_graph_2d.cc:148] Inserted submap (0, 5).
[INFO] [1772004648.419206180] [rclcpp]: signal_handler(SIGINT/SIGTERM)
