[INFO] [1772434844.994186764] [cartographer logger]: I0302 16:00:44.000000 34068 configuration_file_resolver.cc:41] Found '/home/tkddn647/test/install/localization_layer/share/localization_layer/config/cartographer_2d_mapping.lua' for 'cartographer_2d_mapping.lua'.
[INFO] [1772434844.994545070] [cartographer logger]: I0302 16:00:44.000000 34068 configuration_file_resolver.cc:41] Found '/home/tkddn647/test/install/localization_layer/share/localization_layer/config/map_builder.lua' for 'map_builder.lua'.
[INFO] [1772434844.994570782] [cartographer logger]: I0302 16:00:44.000000 34068 configuration_file_resolver.cc:41] Found '/home/tkddn647/test/install/localization_layer/share/localization_layer/config/map_builder.lua' for 'map_builder.lua'.
[INFO] [1772434844.994612343] [cartographer logger]: I0302 16:00:44.000000 34068 configuration_file_resolver.cc:41] Found '/home/tkddn647/test/install/localization_layer/share/localization_layer/config/pose_graph.lua' for 'pose_graph.lua'.
[INFO] [1772434844.994628367] [cartographer logger]: I0302 16:00:44.000000 34068 configuration_file_resolver.cc:41] Found '/home/tkddn647/test/install/localization_layer/share/localization_layer/config/pose_graph.lua' for 'pose_graph.lua'.
[INFO] [1772434844.994813334] [cartographer logger]: I0302 16:00:44.000000 34068 configuration_file_resolver.cc:41] Found '/home/tkddn647/test/install/localization_layer/share/localization_layer/config/trajectory_builder.lua' for 'trajectory_builder.lua'.
[INFO] [1772434844.994837856] [cartographer logger]: I0302 16:00:44.000000 34068 configuration_file_resolver.cc:41] Found '/home/tkddn647/test/install/localization_layer/share/localization_layer/config/trajectory_builder.lua' for 'trajectory_builder.lua'.
[INFO] [1772434844.994878160] [cartographer logger]: I0302 16:00:44.000000 34068 configuration_file_resolver.cc:41] Found '/opt/ros/humble/share/cartographer/configuration_files/trajectory_builder_2d.lua' for 'trajectory_builder_2d.lua'.
[INFO] [1772434844.994896830] [cartographer logger]: I0302 16:00:44.000000 34068 configuration_file_resolver.cc:41] Found '/opt/ros/humble/share/cartographer/configuration_files/trajectory_builder_2d.lua' for 'trajectory_builder_2d.lua'.
[INFO] [1772434844.995123114] [cartographer logger]: I0302 16:00:44.000000 34068 configuration_file_resolver.cc:41] Found '/opt/ros/humble/share/cartographer/configuration_files/trajectory_builder_3d.lua' for 'trajectory_builder_3d.lua'.
[INFO] [1772434844.995168510] [cartographer logger]: I0302 16:00:44.000000 34068 configuration_file_resolver.cc:41] Found '/opt/ros/humble/share/cartographer/configuration_files/trajectory_builder_3d.lua' for 'trajectory_builder_3d.lua'.
[INFO] [1772434845.012509579] [cartographer logger]: I0302 16:00:45.000000 34068 map_builder_bridge.cpp:136] Added trajectory with ID '0'.
[INFO] [1772434851.351975332] [cartographer logger]: I0302 16:00:51.000000 34068 ordered_multi_queue.cc:172] All sensor data for trajectory 0 is available starting at '639080316512533913'.
[INFO] [1772434851.260464562] [cartographer logger]: I0302 16:00:51.000000 34068 local_trajectory_builder_2d.cc:312] Extrapolator not yet initialized.
[INFO] [1772434851.267521598] [cartographer logger]: I0302 16:00:51.000000 34068 pose_graph_2d.cc:148] Inserted submap (0, 0).
[INFO] [1772434861.330072355] [cartographer logger]: I0302 16:01:01.000000 34068 collated_trajectory_builder.cc:81] imu rate: 12.03 Hz 8.31e-02 s +/- 5.49e-01 s (pulsed at 234.14% real time)
[INFO] [1772434861.330176780] [cartographer logger]: I0302 16:01:01.000000 34068 collated_trajectory_builder.cc:81] odom rate: 3.08 Hz 3.25e-01 s +/- 1.06e+00 s (pulsed at 231.09% real time)
[INFO] [1772434861.330200740] [cartographer logger]: I0302 16:01:01.000000 34068 collated_trajectory_builder.cc:81] scan rate: 4.27 Hz 2.34e-01 s +/- 8.86e-01 s (pulsed at 90.91% real time)
[INFO] [1772434881.243052086] [cartographer logger]: I0302 16:01:21.000000 34068 collated_trajectory_builder.cc:81] imu rate: 4.35 Hz 2.30e-01 s +/- 7.50e-01 s (pulsed at 93.83% real time)
[INFO] [1772434881.243117529] [cartographer logger]: I0302 16:01:21.000000 34068 collated_trajectory_builder.cc:81] odom rate: 3.96 Hz 2.52e-01 s +/- 7.98e-01 s (pulsed at 92.60% real time)
[INFO] [1772434881.243212971] [cartographer logger]: I0302 16:01:21.000000 34068 collated_trajectory_builder.cc:81] scan rate: 5.66 Hz 1.77e-01 s +/- 6.59e-01 s (pulsed at 93.17% real time)
[INFO] [1772434891.490477516] [cartographer logger]: I0302 16:01:31.000000 34068 collated_trajectory_builder.cc:81] imu rate: 2.63 Hz 3.81e-01 s +/- 1.13e+00 s (pulsed at 132.06% real time)
[INFO] [1772434891.490585898] [cartographer logger]: I0302 16:01:31.000000 34068 collated_trajectory_builder.cc:81] odom rate: 2.03 Hz 4.92e-01 s +/- 1.29e+00 s (pulsed at 132.25% real time)
[INFO] [1772434891.490659695] [cartographer logger]: I0302 16:01:31.000000 34068 collated_trajectory_builder.cc:81] scan rate: 4.00 Hz 2.50e-01 s +/- 9.24e-01 s (pulsed at 91.77% real time)
[INFO] [1772434891.550542244] [rclcpp]: signal_handler(SIGINT/SIGTERM)
