[INFO] [1772107429.659160300] [cartographer logger]: I0226 21:03:49.000000 177315 configuration_file_resolver.cc:41] Found '/home/tkddn647/test/install/localization_layer/share/localization_layer/config/cartographer_2d_mapping.lua' for 'cartographer_2d_mapping.lua'.
[INFO] [1772107429.659568939] [cartographer logger]: I0226 21:03:49.000000 177315 configuration_file_resolver.cc:41] Found '/home/tkddn647/test/install/localization_layer/share/localization_layer/config/map_builder.lua' for 'map_builder.lua'.
[INFO] [1772107429.659618580] [cartographer logger]: I0226 21:03:49.000000 177315 configuration_file_resolver.cc:41] Found '/home/tkddn647/test/install/localization_layer/share/localization_layer/config/map_builder.lua' for 'map_builder.lua'.
[INFO] [1772107429.659682608] [cartographer logger]: I0226 21:03:49.000000 177315 configuration_file_resolver.cc:41] Found '/home/tkddn647/test/install/localization_layer/share/localization_layer/config/pose_graph.lua' for 'pose_graph.lua'.
[INFO] [1772107429.659707794] [cartographer logger]: I0226 21:03:49.000000 177315 configuration_file_resolver.cc:41] Found '/home/tkddn647/test/install/localization_layer/share/localization_layer/config/pose_graph.lua' for 'pose_graph.lua'.
[INFO] [1772107429.660013054] [cartographer logger]: I0226 21:03:49.000000 177315 configuration_file_resolver.cc:41] Found '/home/tkddn647/test/install/localization_layer/share/localization_layer/config/trajectory_builder.lua' for 'trajectory_builder.lua'.
[INFO] [1772107429.660058291] [cartographer logger]: I0226 21:03:49.000000 177315 configuration_file_resolver.cc:41] Found '/home/tkddn647/test/install/localization_layer/share/localization_layer/config/trajectory_builder.lua' for 'trajectory_builder.lua'.
[INFO] [1772107429.660139801] [cartographer logger]: I0226 21:03:49.000000 177315 configuration_file_resolver.cc:41] Found '/opt/ros/humble/share/cartographer/configuration_files/trajectory_builder_2d.lua' for 'trajectory_builder_2d.lua'.
[INFO] [1772107429.660217907] [cartographer logger]: I0226 21:03:49.000000 177315 configuration_file_resolver.cc:41] Found '/opt/ros/humble/share/cartographer/configuration_files/trajectory_builder_2d.lua' for 'trajectory_builder_2d.lua'.
[INFO] [1772107429.660438984] [cartographer logger]: I0226 21:03:49.000000 177315 configuration_file_resolver.cc:41] Found '/opt/ros/humble/share/cartographer/configuration_files/trajectory_builder_3d.lua' for 'trajectory_builder_3d.lua'.
[INFO] [1772107429.660488846] [cartographer logger]: I0226 21:03:49.000000 177315 configuration_file_resolver.cc:41] Found '/opt/ros/humble/share/cartographer/configuration_files/trajectory_builder_3d.lua' for 'trajectory_builder_3d.lua'.
[INFO] [1772107429.696214771] [cartographer logger]: I0226 21:03:49.000000 177315 map_builder_bridge.cpp:136] Added trajectory with ID '0'.
[INFO] [1772107431.223624813] [cartographer logger]: I0226 21:03:51.000000 177315 ordered_multi_queue.cc:172] All sensor data for trajectory 0 is available starting at '639077042310808687'.
[INFO] [1772107431.360827697] [cartographer logger]: I0226 21:03:51.000000 177315 local_trajectory_builder_2d.cc:312] Extrapolator not yet initialized.
[INFO] [1772107431.367684697] [cartographer logger]: I0226 21:03:51.000000 177315 pose_graph_2d.cc:148] Inserted submap (0, 0).
[INFO] [1772107444.229857144] [cartographer logger]: I0226 21:04:04.000000 177315 pose_graph_2d.cc:148] Inserted submap (0, 1).
[INFO] [1772107444.825091479] [cartographer logger]: I0226 21:04:04.000000 177315 collated_trajectory_builder.cc:81] imu rate: 5.34 Hz 1.87e-01 s +/- 6.69e-02 s (pulsed at 100.93% real time)
[INFO] [1772107444.825199984] [cartographer logger]: I0226 21:04:04.000000 177315 collated_trajectory_builder.cc:81] odom rate: 3.64 Hz 2.74e-01 s +/- 6.09e-02 s (pulsed at 101.02% real time)
[INFO] [1772107444.825237364] [cartographer logger]: I0226 21:04:04.000000 177315 collated_trajectory_builder.cc:81] scan rate: 6.92 Hz 1.45e-01 s +/- 2.28e-02 s (pulsed at 99.86% real time)
[INFO] [1772107449.118404577] [cartographer logger]: I0226 21:04:09.000000 177366 pose_graph_2d.cc:538] Remaining work items in queue: 1
[INFO] [1772107459.287265458] [cartographer logger]: I0226 21:04:19.000000 177315 pose_graph_2d.cc:148] Inserted submap (0, 2).
[INFO] [1772107459.872086388] [cartographer logger]: I0226 21:04:19.000000 177315 collated_trajectory_builder.cc:81] imu rate: 4.37 Hz 2.29e-01 s +/- 8.15e-02 s (pulsed at 99.98% real time)
[INFO] [1772107459.872172651] [cartographer logger]: I0226 21:04:19.000000 177315 collated_trajectory_builder.cc:81] odom rate: 3.07 Hz 3.26e-01 s +/- 4.68e-02 s (pulsed at 100.55% real time)
[INFO] [1772107459.872195645] [cartographer logger]: I0226 21:04:19.000000 177315 collated_trajectory_builder.cc:81] scan rate: 6.02 Hz 1.66e-01 s +/- 1.86e-02 s (pulsed at 100.50% real time)
[INFO] [1772107471.619245310] [cartographer logger]: I0226 21:04:31.000000 177363 pose_graph_2d.cc:538] Remaining work items in queue: 1
[INFO] [1772107476.469010187] [cartographer logger]: I0226 21:04:36.000000 177315 collated_trajectory_builder.cc:81] imu rate: 4.00 Hz 2.50e-01 s +/- 2.22e-01 s (pulsed at 110.20% real time)
[INFO] [1772107476.469151938] [cartographer logger]: I0226 21:04:36.000000 177315 collated_trajectory_builder.cc:81] odom rate: 2.74 Hz 3.65e-01 s +/- 2.36e-01 s (pulsed at 109.90% real time)
[INFO] [1772107476.469175355] [cartographer logger]: I0226 21:04:36.000000 177315 collated_trajectory_builder.cc:81] scan rate: 5.05 Hz 1.98e-01 s +/- 1.67e-01 s (pulsed at 109.84% real time)
[INFO] [1772107477.066566614] [cartographer logger]: I0226 21:04:37.000000 177315 pose_graph_2d.cc:148] Inserted submap (0, 3).
[INFO] [1772107491.584016727] [cartographer logger]: I0226 21:04:51.000000 177315 collated_trajectory_builder.cc:81] imu rate: 4.26 Hz 2.35e-01 s +/- 9.21e-02 s (pulsed at 100.00% real time)
[INFO] [1772107491.584173789] [cartographer logger]: I0226 21:04:51.000000 177315 collated_trajectory_builder.cc:81] odom rate: 3.04 Hz 3.29e-01 s +/- 8.71e-02 s (pulsed at 100.06% real time)
[INFO] [1772107491.584197906] [cartographer logger]: I0226 21:04:51.000000 177315 collated_trajectory_builder.cc:81] scan rate: 5.68 Hz 1.76e-01 s +/- 3.66e-02 s (pulsed at 100.23% real time)
[INFO] [1772107492.778575785] [cartographer logger]: I0226 21:04:52.000000 177315 pose_graph_2d.cc:148] Inserted submap (0, 4).
[INFO] [1772107493.011984115] [cartographer logger]: I0226 21:04:53.000000 177365 pose_graph_2d.cc:538] Remaining work items in queue: 0
[INFO] [1772107498.538104096] [rclcpp]: signal_handler(SIGINT/SIGTERM)
