[INFO] [1772436337.716036338] [cartographer logger]: I0302 16:25:37.000000 44822 configuration_file_resolver.cc:41] Found '/home/tkddn647/test/install/localization_layer/share/localization_layer/config/cartographer_2d_mapping.lua' for 'cartographer_2d_mapping.lua'.
[INFO] [1772436337.716439643] [cartographer logger]: I0302 16:25:37.000000 44822 configuration_file_resolver.cc:41] Found '/home/tkddn647/test/install/localization_layer/share/localization_layer/config/map_builder.lua' for 'map_builder.lua'.
[INFO] [1772436337.716469785] [cartographer logger]: I0302 16:25:37.000000 44822 configuration_file_resolver.cc:41] Found '/home/tkddn647/test/install/localization_layer/share/localization_layer/config/map_builder.lua' for 'map_builder.lua'.
[INFO] [1772436337.716522444] [cartographer logger]: I0302 16:25:37.000000 44822 configuration_file_resolver.cc:41] Found '/home/tkddn647/test/install/localization_layer/share/localization_layer/config/pose_graph.lua' for 'pose_graph.lua'.
[INFO] [1772436337.716548267] [cartographer logger]: I0302 16:25:37.000000 44822 configuration_file_resolver.cc:41] Found '/home/tkddn647/test/install/localization_layer/share/localization_layer/config/pose_graph.lua' for 'pose_graph.lua'.
[INFO] [1772436337.716751198] [cartographer logger]: I0302 16:25:37.000000 44822 configuration_file_resolver.cc:41] Found '/home/tkddn647/test/install/localization_layer/share/localization_layer/config/trajectory_builder.lua' for 'trajectory_builder.lua'.
[INFO] [1772436337.716781109] [cartographer logger]: I0302 16:25:37.000000 44822 configuration_file_resolver.cc:41] Found '/home/tkddn647/test/install/localization_layer/share/localization_layer/config/trajectory_builder.lua' for 'trajectory_builder.lua'.
[INFO] [1772436337.716838738] [cartographer logger]: I0302 16:25:37.000000 44822 configuration_file_resolver.cc:41] Found '/opt/ros/humble/share/cartographer/configuration_files/trajectory_builder_2d.lua' for 'trajectory_builder_2d.lua'.
[INFO] [1772436337.716864329] [cartographer logger]: I0302 16:25:37.000000 44822 configuration_file_resolver.cc:41] Found '/opt/ros/humble/share/cartographer/configuration_files/trajectory_builder_2d.lua' for 'trajectory_builder_2d.lua'.
[INFO] [1772436337.717000649] [cartographer logger]: I0302 16:25:37.000000 44822 configuration_file_resolver.cc:41] Found '/opt/ros/humble/share/cartographer/configuration_files/trajectory_builder_3d.lua' for 'trajectory_builder_3d.lua'.
[INFO] [1772436337.717048954] [cartographer logger]: I0302 16:25:37.000000 44822 configuration_file_resolver.cc:41] Found '/opt/ros/humble/share/cartographer/configuration_files/trajectory_builder_3d.lua' for 'trajectory_builder_3d.lua'.
[INFO] [1772436337.741309110] [cartographer logger]: I0302 16:25:37.000000 44822 map_builder_bridge.cpp:136] Added trajectory with ID '0'.
[INFO] [1772436338.254511914] [cartographer logger]: I0302 16:25:38.000000 44822 ordered_multi_queue.cc:172] All sensor data for trajectory 0 is available starting at '639080331382295908'.
[INFO] [1772436338.254756460] [cartographer logger]: I0302 16:25:38.000000 44822 local_trajectory_builder_2d.cc:312] Extrapolator not yet initialized.
[INFO] [1772436338.258902959] [cartographer logger]: I0302 16:25:38.000000 44822 pose_graph_2d.cc:148] Inserted submap (0, 0).
[INFO] [1772436351.714890278] [cartographer logger]: I0302 16:25:51.000000 44822 collated_trajectory_builder.cc:81] imu rate: 18.79 Hz 5.32e-02 s +/- 3.63e-01 s (pulsed at 92.51% real time)
[INFO] [1772436351.714997678] [cartographer logger]: I0302 16:25:51.000000 44822 collated_trajectory_builder.cc:81] odom rate: 13.18 Hz 7.59e-02 s +/- 4.37e-01 s (pulsed at 92.10% real time)
[INFO] [1772436351.715024261] [cartographer logger]: I0302 16:25:51.000000 44822 collated_trajectory_builder.cc:81] scan rate: 8.18 Hz 1.22e-01 s +/- 5.49e-01 s (pulsed at 92.42% real time)
[INFO] [1772436351.799640311] [cartographer logger]: I0302 16:25:51.000000 44822 pose_graph_2d.cc:148] Inserted submap (0, 1).
[INFO] [1772436360.208298633] [cartographer logger]: I0302 16:26:00.000000 44873 pose_graph_2d.cc:538] Remaining work items in queue: 0
[INFO] [1772436368.854479165] [cartographer logger]: I0302 16:26:08.000000 44822 collated_trajectory_builder.cc:81] imu rate: 3.15 Hz 3.18e-01 s +/- 1.04e+00 s (pulsed at 131.89% real time)
[INFO] [1772436368.854545655] [cartographer logger]: I0302 16:26:08.000000 44822 collated_trajectory_builder.cc:81] odom rate: 2.70 Hz 3.70e-01 s +/- 1.11e+00 s (pulsed at 91.19% real time)
[INFO] [1772436368.854560313] [cartographer logger]: I0302 16:26:08.000000 44822 collated_trajectory_builder.cc:81] scan rate: 5.22 Hz 1.91e-01 s +/- 8.01e-01 s (pulsed at 131.49% real time)
[INFO] [1772436370.449639496] [cartographer logger]: I0302 16:26:10.000000 44822 pose_graph_2d.cc:148] Inserted submap (0, 2).
[INFO] [1772436381.396570531] [cartographer logger]: I0302 16:26:21.000000 44873 pose_graph_2d.cc:538] Remaining work items in queue: 0
[INFO] [1772436388.686993397] [cartographer logger]: I0302 16:26:28.000000 44822 collated_trajectory_builder.cc:81] imu rate: 12.28 Hz 8.15e-02 s +/- 4.44e-01 s (pulsed at 92.48% real time)
[INFO] [1772436388.687062918] [cartographer logger]: I0302 16:26:28.000000 44822 collated_trajectory_builder.cc:81] odom rate: 8.15 Hz 1.23e-01 s +/- 5.40e-01 s (pulsed at 92.71% real time)
[INFO] [1772436388.687078039] [cartographer logger]: I0302 16:26:28.000000 44822 collated_trajectory_builder.cc:81] scan rate: 8.35 Hz 1.20e-01 s +/- 5.34e-01 s (pulsed at 92.05% real time)
[INFO] [1772436389.823045475] [rclcpp]: signal_handler(SIGINT/SIGTERM)
