[INFO] [1772106072.591521303] [cartographer logger]: I0226 20:41:12.000000 167392 configuration_file_resolver.cc:41] Found '/home/tkddn647/test/install/localization_layer/share/localization_layer/config/cartographer_2d_mapping.lua' for 'cartographer_2d_mapping.lua'.
[INFO] [1772106072.592001878] [cartographer logger]: I0226 20:41:12.000000 167392 configuration_file_resolver.cc:41] Found '/home/tkddn647/test/install/localization_layer/share/localization_layer/config/map_builder.lua' for 'map_builder.lua'.
[INFO] [1772106072.592033123] [cartographer logger]: I0226 20:41:12.000000 167392 configuration_file_resolver.cc:41] Found '/home/tkddn647/test/install/localization_layer/share/localization_layer/config/map_builder.lua' for 'map_builder.lua'.
[INFO] [1772106072.592085184] [cartographer logger]: I0226 20:41:12.000000 167392 configuration_file_resolver.cc:41] Found '/home/tkddn647/test/install/localization_layer/share/localization_layer/config/pose_graph.lua' for 'pose_graph.lua'.
[INFO] [1772106072.592105005] [cartographer logger]: I0226 20:41:12.000000 167392 configuration_file_resolver.cc:41] Found '/home/tkddn647/test/install/localization_layer/share/localization_layer/config/pose_graph.lua' for 'pose_graph.lua'.
[INFO] [1772106072.592283460] [cartographer logger]: I0226 20:41:12.000000 167392 configuration_file_resolver.cc:41] Found '/home/tkddn647/test/install/localization_layer/share/localization_layer/config/trajectory_builder.lua' for 'trajectory_builder.lua'.
[INFO] [1772106072.592310063] [cartographer logger]: I0226 20:41:12.000000 167392 configuration_file_resolver.cc:41] Found '/home/tkddn647/test/install/localization_layer/share/localization_layer/config/trajectory_builder.lua' for 'trajectory_builder.lua'.
[INFO] [1772106072.592362165] [cartographer logger]: I0226 20:41:12.000000 167392 configuration_file_resolver.cc:41] Found '/opt/ros/humble/share/cartographer/configuration_files/trajectory_builder_2d.lua' for 'trajectory_builder_2d.lua'.
[INFO] [1772106072.592386428] [cartographer logger]: I0226 20:41:12.000000 167392 configuration_file_resolver.cc:41] Found '/opt/ros/humble/share/cartographer/configuration_files/trajectory_builder_2d.lua' for 'trajectory_builder_2d.lua'.
[INFO] [1772106072.592575201] [cartographer logger]: I0226 20:41:12.000000 167392 configuration_file_resolver.cc:41] Found '/opt/ros/humble/share/cartographer/configuration_files/trajectory_builder_3d.lua' for 'trajectory_builder_3d.lua'.
[INFO] [1772106072.592607183] [cartographer logger]: I0226 20:41:12.000000 167392 configuration_file_resolver.cc:41] Found '/opt/ros/humble/share/cartographer/configuration_files/trajectory_builder_3d.lua' for 'trajectory_builder_3d.lua'.
[INFO] [1772106072.615220574] [cartographer logger]: I0226 20:41:12.000000 167392 map_builder_bridge.cpp:136] Added trajectory with ID '0'.
[INFO] [1772106073.198706639] [cartographer logger]: I0226 20:41:13.000000 167392 ordered_multi_queue.cc:172] All sensor data for trajectory 0 is available starting at '639077028730833342'.
[INFO] [1772106073.288228155] [cartographer logger]: I0226 20:41:13.000000 167392 local_trajectory_builder_2d.cc:312] Extrapolator not yet initialized.
[INFO] [1772106073.304814546] [cartographer logger]: I0226 20:41:13.000000 167392 pose_graph_2d.cc:148] Inserted submap (0, 0).
[INFO] [1772106088.375583625] [cartographer logger]: I0226 20:41:28.000000 167392 collated_trajectory_builder.cc:81] imu rate: 7.14 Hz 1.40e-01 s +/- 8.93e-02 s (pulsed at 105.92% real time)
[INFO] [1772106088.375764200] [cartographer logger]: I0226 20:41:28.000000 167392 collated_trajectory_builder.cc:81] odom rate: 5.30 Hz 1.89e-01 s +/- 8.54e-02 s (pulsed at 106.04% real time)
[INFO] [1772106088.375790787] [cartographer logger]: I0226 20:41:28.000000 167392 collated_trajectory_builder.cc:81] scan rate: 10.53 Hz 9.50e-02 s +/- 6.05e-02 s (pulsed at 105.32% real time)
[INFO] [1772106103.401508083] [cartographer logger]: I0226 20:41:43.000000 167392 collated_trajectory_builder.cc:81] imu rate: 8.22 Hz 1.22e-01 s +/- 4.31e-02 s (pulsed at 100.03% real time)
[INFO] [1772106103.401599621] [cartographer logger]: I0226 20:41:43.000000 167392 collated_trajectory_builder.cc:81] odom rate: 5.46 Hz 1.83e-01 s +/- 2.22e-02 s (pulsed at 100.04% real time)
[INFO] [1772106103.401763395] [cartographer logger]: I0226 20:41:43.000000 167392 collated_trajectory_builder.cc:81] scan rate: 10.71 Hz 9.34e-02 s +/- 8.67e-03 s (pulsed at 99.42% real time)
[INFO] [1772106119.458104706] [cartographer logger]: I0226 20:41:59.000000 167392 collated_trajectory_builder.cc:81] imu rate: 7.62 Hz 1.31e-01 s +/- 9.52e-02 s (pulsed at 106.48% real time)
[INFO] [1772106119.458310112] [cartographer logger]: I0226 20:41:59.000000 167392 collated_trajectory_builder.cc:81] odom rate: 5.30 Hz 1.89e-01 s +/- 1.12e-01 s (pulsed at 106.49% real time)
[INFO] [1772106119.458335216] [cartographer logger]: I0226 20:41:59.000000 167392 collated_trajectory_builder.cc:81] scan rate: 9.96 Hz 1.00e-01 s +/- 7.66e-02 s (pulsed at 106.39% real time)
[INFO] [1772106121.267229321] [cartographer logger]: I0226 20:42:01.000000 167392 motion_filter.cc:42] Motion filter reduced the number of nodes to 14.4%.
[INFO] [1772106134.150419463] [cartographer logger]: I0226 20:42:14.000000 167392 pose_graph_2d.cc:148] Inserted submap (0, 1).
[INFO] [1772106134.520201777] [cartographer logger]: I0226 20:42:14.000000 167392 collated_trajectory_builder.cc:81] imu rate: 7.81 Hz 1.28e-01 s +/- 4.68e-02 s (pulsed at 100.16% real time)
[INFO] [1772106134.520268827] [cartographer logger]: I0226 20:42:14.000000 167392 collated_trajectory_builder.cc:81] odom rate: 5.44 Hz 1.84e-01 s +/- 4.20e-02 s (pulsed at 100.06% real time)
[INFO] [1772106134.520285966] [cartographer logger]: I0226 20:42:14.000000 167392 collated_trajectory_builder.cc:81] scan rate: 10.34 Hz 9.67e-02 s +/- 1.65e-02 s (pulsed at 100.14% real time)
[INFO] [1772106150.463338825] [cartographer logger]: I0226 20:42:30.000000 167392 collated_trajectory_builder.cc:81] imu rate: 8.04 Hz 1.24e-01 s +/- 9.27e-02 s (pulsed at 105.94% real time)
[INFO] [1772106150.463448407] [cartographer logger]: I0226 20:42:30.000000 167392 collated_trajectory_builder.cc:81] odom rate: 5.26 Hz 1.90e-01 s +/- 9.77e-02 s (pulsed at 105.93% real time)
[INFO] [1772106150.463464257] [cartographer logger]: I0226 20:42:30.000000 167392 collated_trajectory_builder.cc:81] scan rate: 10.46 Hz 9.56e-02 s +/- 6.84e-02 s (pulsed at 106.05% real time)
[INFO] [1772106153.822581614] [cartographer logger]: I0226 20:42:33.000000 167441 pose_graph_2d.cc:538] Remaining work items in queue: 0
[INFO] [1772106165.489130588] [cartographer logger]: I0226 20:42:45.000000 167392 collated_trajectory_builder.cc:81] imu rate: 7.61 Hz 1.31e-01 s +/- 4.78e-02 s (pulsed at 100.04% real time)
[INFO] [1772106165.489260996] [cartographer logger]: I0226 20:42:45.000000 167392 collated_trajectory_builder.cc:81] odom rate: 5.59 Hz 1.79e-01 s +/- 3.03e-02 s (pulsed at 99.99% real time)
[INFO] [1772106165.489290547] [cartographer logger]: I0226 20:42:45.000000 167392 collated_trajectory_builder.cc:81] scan rate: 10.85 Hz 9.22e-02 s +/- 1.32e-02 s (pulsed at 99.96% real time)
[INFO] [1772106168.248742008] [cartographer logger]: I0226 20:42:48.000000 167392 motion_filter.cc:42] Motion filter reduced the number of nodes to 14.4%.
[INFO] [1772106181.904337765] [cartographer logger]: I0226 20:43:01.000000 167392 collated_trajectory_builder.cc:81] imu rate: 8.11 Hz 1.23e-01 s +/- 1.29e-01 s (pulsed at 109.10% real time)
[INFO] [1772106181.904450475] [cartographer logger]: I0226 20:43:01.000000 167392 collated_trajectory_builder.cc:81] odom rate: 5.66 Hz 1.77e-01 s +/- 1.44e-01 s (pulsed at 109.09% real time)
[INFO] [1772106181.904466546] [cartographer logger]: I0226 20:43:01.000000 167392 collated_trajectory_builder.cc:81] scan rate: 10.95 Hz 9.14e-02 s +/- 1.02e-01 s (pulsed at 109.20% real time)
[INFO] [1772106191.219799460] [cartographer logger]: I0226 20:43:11.000000 167392 pose_graph_2d.cc:148] Inserted submap (0, 2).
[INFO] [1772106196.956668936] [cartographer logger]: I0226 20:43:16.000000 167392 collated_trajectory_builder.cc:81] imu rate: 9.75 Hz 1.03e-01 s +/- 3.70e-02 s (pulsed at 100.01% real time)
[INFO] [1772106196.956854323] [cartographer logger]: I0226 20:43:16.000000 167392 collated_trajectory_builder.cc:81] odom rate: 6.24 Hz 1.60e-01 s +/- 2.42e-02 s (pulsed at 100.02% real time)
[INFO] [1772106196.956873175] [cartographer logger]: I0226 20:43:16.000000 167392 collated_trajectory_builder.cc:81] scan rate: 12.21 Hz 8.19e-02 s +/- 1.09e-02 s (pulsed at 100.02% real time)
[INFO] [1772106209.616235444] [cartographer logger]: I0226 20:43:29.000000 167392 motion_filter.cc:42] Motion filter reduced the number of nodes to 14.5333%.
[INFO] [1772106213.147929860] [cartographer logger]: I0226 20:43:33.000000 167441 pose_graph_2d.cc:538] Remaining work items in queue: 1
[INFO] [1772106213.320282610] [cartographer logger]: I0226 20:43:33.000000 167392 collated_trajectory_builder.cc:81] imu rate: 8.87 Hz 1.13e-01 s +/- 1.16e-01 s (pulsed at 109.03% real time)
[INFO] [1772106213.320372886] [cartographer logger]: I0226 20:43:33.000000 167392 collated_trajectory_builder.cc:81] odom rate: 6.43 Hz 1.56e-01 s +/- 1.27e-01 s (pulsed at 108.92% real time)
[INFO] [1772106213.320475737] [cartographer logger]: I0226 20:43:33.000000 167392 collated_trajectory_builder.cc:81] scan rate: 12.36 Hz 8.09e-02 s +/- 9.56e-02 s (pulsed at 108.78% real time)
[INFO] [1772106215.387638963] [cartographer logger]: I0226 20:43:35.000000 167392 pose_graph_2d.cc:148] Inserted submap (0, 3).
[INFO] [1772106221.717291335] [cartographer logger]: I0226 20:43:41.000000 167392 pose_graph_2d.cc:148] Inserted submap (0, 4).
[INFO] [1772106221.855857864] [cartographer logger]: I0226 20:43:41.000000 167443 pose_graph_2d.cc:538] Remaining work items in queue: 1
[INFO] [1772106228.328359803] [cartographer logger]: I0226 20:43:48.000000 167392 collated_trajectory_builder.cc:81] imu rate: 10.29 Hz 9.72e-02 s +/- 3.72e-02 s (pulsed at 100.26% real time)
[INFO] [1772106228.328630029] [cartographer logger]: I0226 20:43:48.000000 167392 collated_trajectory_builder.cc:81] odom rate: 7.14 Hz 1.40e-01 s +/- 2.78e-02 s (pulsed at 99.90% real time)
[INFO] [1772106228.328733479] [cartographer logger]: I0226 20:43:48.000000 167392 collated_trajectory_builder.cc:81] scan rate: 13.61 Hz 7.34e-02 s +/- 1.06e-02 s (pulsed at 99.79% real time)
[INFO] [1772106234.878722354] [cartographer logger]: I0226 20:43:54.000000 167392 pose_graph_2d.cc:148] Inserted submap (0, 5).
[INFO] [1772106236.976645215] [cartographer logger]: I0226 20:43:56.000000 167440 pose_graph_2d.cc:538] Remaining work items in queue: 0
[INFO] [1772106240.433445165] [cartographer logger]: I0226 20:44:00.000000 167392 pose_graph_2d.cc:148] Inserted submap (0, 6).
[INFO] [1772106243.385591362] [cartographer logger]: I0226 20:44:03.000000 167392 collated_trajectory_builder.cc:81] imu rate: 11.33 Hz 8.83e-02 s +/- 3.24e-02 s (pulsed at 100.12% real time)
[INFO] [1772106243.385692787] [cartographer logger]: I0226 20:44:03.000000 167392 collated_trajectory_builder.cc:81] odom rate: 7.87 Hz 1.27e-01 s +/- 2.50e-02 s (pulsed at 100.00% real time)
[INFO] [1772106243.385750092] [cartographer logger]: I0226 20:44:03.000000 167392 collated_trajectory_builder.cc:81] scan rate: 15.21 Hz 6.57e-02 s +/- 1.13e-02 s (pulsed at 100.02% real time)
[INFO] [1772106244.588223877] [cartographer logger]: I0226 20:44:04.000000 167441 pose_graph_2d.cc:538] Remaining work items in queue: 1
[INFO] [1772106246.645757175] [cartographer logger]: I0226 20:44:06.000000 167392 motion_filter.cc:42] Motion filter reduced the number of nodes to 31%.
[INFO] [1772106247.276470699] [cartographer logger]: I0226 20:44:07.000000 167392 pose_graph_2d.cc:148] Inserted submap (0, 7).
[INFO] [1772106253.966464467] [cartographer logger]: I0226 20:44:13.000000 167392 pose_graph_2d.cc:148] Inserted submap (0, 8).
[INFO] [1772106254.356306668] [cartographer logger]: I0226 20:44:14.000000 167443 pose_graph_2d.cc:538] Remaining work items in queue: 1
[INFO] [1772106255.356885694] [rclcpp]: signal_handler(SIGINT/SIGTERM)
