[INFO] [1772434454.871323303] [cartographer logger]: I0302 15:54:14.000000 31057 configuration_file_resolver.cc:41] Found '/home/tkddn647/test/install/localization_layer/share/localization_layer/config/cartographer_2d_mapping.lua' for 'cartographer_2d_mapping.lua'.
[INFO] [1772434454.871754933] [cartographer logger]: I0302 15:54:14.000000 31057 configuration_file_resolver.cc:41] Found '/home/tkddn647/test/install/localization_layer/share/localization_layer/config/map_builder.lua' for 'map_builder.lua'.
[INFO] [1772434454.871783995] [cartographer logger]: I0302 15:54:14.000000 31057 configuration_file_resolver.cc:41] Found '/home/tkddn647/test/install/localization_layer/share/localization_layer/config/map_builder.lua' for 'map_builder.lua'.
[INFO] [1772434454.871829490] [cartographer logger]: I0302 15:54:14.000000 31057 configuration_file_resolver.cc:41] Found '/home/tkddn647/test/install/localization_layer/share/localization_layer/config/pose_graph.lua' for 'pose_graph.lua'.
[INFO] [1772434454.871849549] [cartographer logger]: I0302 15:54:14.000000 31057 configuration_file_resolver.cc:41] Found '/home/tkddn647/test/install/localization_layer/share/localization_layer/config/pose_graph.lua' for 'pose_graph.lua'.
[INFO] [1772434454.871977051] [cartographer logger]: I0302 15:54:14.000000 31057 configuration_file_resolver.cc:41] Found '/home/tkddn647/test/install/localization_layer/share/localization_layer/config/trajectory_builder.lua' for 'trajectory_builder.lua'.
[INFO] [1772434454.871997947] [cartographer logger]: I0302 15:54:14.000000 31057 configuration_file_resolver.cc:41] Found '/home/tkddn647/test/install/localization_layer/share/localization_layer/config/trajectory_builder.lua' for 'trajectory_builder.lua'.
[INFO] [1772434454.872042825] [cartographer logger]: I0302 15:54:14.000000 31057 configuration_file_resolver.cc:41] Found '/opt/ros/humble/share/cartographer/configuration_files/trajectory_builder_2d.lua' for 'trajectory_builder_2d.lua'.
[INFO] [1772434454.872065551] [cartographer logger]: I0302 15:54:14.000000 31057 configuration_file_resolver.cc:41] Found '/opt/ros/humble/share/cartographer/configuration_files/trajectory_builder_2d.lua' for 'trajectory_builder_2d.lua'.
[INFO] [1772434454.872247277] [cartographer logger]: I0302 15:54:14.000000 31057 configuration_file_resolver.cc:41] Found '/opt/ros/humble/share/cartographer/configuration_files/trajectory_builder_3d.lua' for 'trajectory_builder_3d.lua'.
[INFO] [1772434454.872278632] [cartographer logger]: I0302 15:54:14.000000 31057 configuration_file_resolver.cc:41] Found '/opt/ros/humble/share/cartographer/configuration_files/trajectory_builder_3d.lua' for 'trajectory_builder_3d.lua'.
[INFO] [1772434454.891494569] [cartographer logger]: I0302 15:54:14.000000 31057 map_builder_bridge.cpp:136] Added trajectory with ID '0'.
[INFO] [1772434455.434091942] [cartographer logger]: I0302 15:54:15.000000 31057 ordered_multi_queue.cc:172] All sensor data for trajectory 0 is available starting at '639080312553373017'.
[INFO] [1772434455.529290419] [cartographer logger]: I0302 15:54:15.000000 31057 local_trajectory_builder_2d.cc:312] Extrapolator not yet initialized.
[INFO] [1772434455.534507351] [cartographer logger]: I0302 15:54:15.000000 31057 pose_graph_2d.cc:148] Inserted submap (0, 0).
[INFO] [1772434468.958253444] [cartographer logger]: I0302 15:54:28.000000 31057 collated_trajectory_builder.cc:81] imu rate: 11.46 Hz 8.73e-02 s +/- 4.83e-01 s (pulsed at 93.66% real time)
[INFO] [1772434468.958321323] [cartographer logger]: I0302 15:54:28.000000 31057 collated_trajectory_builder.cc:81] odom rate: 2.98 Hz 3.36e-01 s +/- 9.19e-01 s (pulsed at 93.64% real time)
[INFO] [1772434468.958334570] [cartographer logger]: I0302 15:54:28.000000 31057 collated_trajectory_builder.cc:81] scan rate: 5.81 Hz 1.72e-01 s +/- 6.58e-01 s (pulsed at 93.61% real time)
[INFO] [1772434485.879734485] [cartographer logger]: I0302 15:54:45.000000 31057 collated_trajectory_builder.cc:81] imu rate: 3.90 Hz 2.56e-01 s +/- 9.34e-01 s (pulsed at 132.25% real time)
[INFO] [1772434485.879842767] [cartographer logger]: I0302 15:54:45.000000 31057 collated_trajectory_builder.cc:81] odom rate: 3.34 Hz 2.99e-01 s +/- 1.02e+00 s (pulsed at 90.91% real time)
[INFO] [1772434485.879964704] [cartographer logger]: I0302 15:54:45.000000 31057 collated_trajectory_builder.cc:81] scan rate: 4.10 Hz 2.44e-01 s +/- 9.09e-01 s (pulsed at 133.13% real time)
[INFO] [1772434499.528871489] [rclcpp]: signal_handler(SIGINT/SIGTERM)
