[INFO] [1772107894.934735588] [cartographer logger]: I0226 21:11:34.000000 180720 configuration_file_resolver.cc:41] Found '/home/tkddn647/test/install/localization_layer/share/localization_layer/config/cartographer_2d_mapping.lua' for 'cartographer_2d_mapping.lua'.
[INFO] [1772107894.935131451] [cartographer logger]: I0226 21:11:34.000000 180720 configuration_file_resolver.cc:41] Found '/home/tkddn647/test/install/localization_layer/share/localization_layer/config/map_builder.lua' for 'map_builder.lua'.
[INFO] [1772107894.935172870] [cartographer logger]: I0226 21:11:34.000000 180720 configuration_file_resolver.cc:41] Found '/home/tkddn647/test/install/localization_layer/share/localization_layer/config/map_builder.lua' for 'map_builder.lua'.
[INFO] [1772107894.935228568] [cartographer logger]: I0226 21:11:34.000000 180720 configuration_file_resolver.cc:41] Found '/home/tkddn647/test/install/localization_layer/share/localization_layer/config/pose_graph.lua' for 'pose_graph.lua'.
[INFO] [1772107894.935415597] [cartographer logger]: I0226 21:11:34.000000 180720 configuration_file_resolver.cc:41] Found '/home/tkddn647/test/install/localization_layer/share/localization_layer/config/pose_graph.lua' for 'pose_graph.lua'.
[INFO] [1772107894.935659438] [cartographer logger]: I0226 21:11:34.000000 180720 configuration_file_resolver.cc:41] Found '/home/tkddn647/test/install/localization_layer/share/localization_layer/config/trajectory_builder.lua' for 'trajectory_builder.lua'.
[INFO] [1772107894.935702398] [cartographer logger]: I0226 21:11:34.000000 180720 configuration_file_resolver.cc:41] Found '/home/tkddn647/test/install/localization_layer/share/localization_layer/config/trajectory_builder.lua' for 'trajectory_builder.lua'.
[INFO] [1772107894.935783410] [cartographer logger]: I0226 21:11:34.000000 180720 configuration_file_resolver.cc:41] Found '/opt/ros/humble/share/cartographer/configuration_files/trajectory_builder_2d.lua' for 'trajectory_builder_2d.lua'.
[INFO] [1772107894.935818671] [cartographer logger]: I0226 21:11:34.000000 180720 configuration_file_resolver.cc:41] Found '/opt/ros/humble/share/cartographer/configuration_files/trajectory_builder_2d.lua' for 'trajectory_builder_2d.lua'.
[INFO] [1772107894.936060389] [cartographer logger]: I0226 21:11:34.000000 180720 configuration_file_resolver.cc:41] Found '/opt/ros/humble/share/cartographer/configuration_files/trajectory_builder_3d.lua' for 'trajectory_builder_3d.lua'.
[INFO] [1772107894.936124416] [cartographer logger]: I0226 21:11:34.000000 180720 configuration_file_resolver.cc:41] Found '/opt/ros/humble/share/cartographer/configuration_files/trajectory_builder_3d.lua' for 'trajectory_builder_3d.lua'.
[INFO] [1772107894.955484709] [cartographer logger]: I0226 21:11:34.000000 180720 map_builder_bridge.cpp:136] Added trajectory with ID '0'.
[INFO] [1772107895.570575681] [cartographer logger]: I0226 21:11:35.000000 180720 ordered_multi_queue.cc:172] All sensor data for trajectory 0 is available starting at '639077046954603702'.
[INFO] [1772107895.685840135] [cartographer logger]: I0226 21:11:35.000000 180720 local_trajectory_builder_2d.cc:312] Extrapolator not yet initialized.
[WARN] [1772107895.687724152] [cartographer logger]: W0226 21:11:35.000000 180720 pose_extrapolator.cc:168] Queue too short for velocity estimation. Queue duration: 0.0009642 s
[INFO] [1772107895.692056837] [cartographer logger]: I0226 21:11:35.000000 180720 pose_graph_2d.cc:148] Inserted submap (0, 0).
[INFO] [1772107908.045308740] [cartographer logger]: I0226 21:11:48.000000 180720 pose_graph_2d.cc:148] Inserted submap (0, 1).
[INFO] [1772107911.506690666] [cartographer logger]: I0226 21:11:51.000000 180720 collated_trajectory_builder.cc:81] imu rate: 4.82 Hz 2.07e-01 s +/- 1.90e-01 s (pulsed at 111.09% real time)
[INFO] [1772107911.506778492] [cartographer logger]: I0226 21:11:51.000000 180720 collated_trajectory_builder.cc:81] odom rate: 3.87 Hz 2.59e-01 s +/- 1.98e-01 s (pulsed at 111.11% real time)
[INFO] [1772107911.506799855] [cartographer logger]: I0226 21:11:51.000000 180720 collated_trajectory_builder.cc:81] scan rate: 7.48 Hz 1.34e-01 s +/- 1.39e-01 s (pulsed at 110.00% real time)
[INFO] [1772107911.749352182] [cartographer logger]: I0226 21:11:51.000000 180771 pose_graph_2d.cc:538] Remaining work items in queue: 0
[INFO] [1772107919.312531042] [cartographer logger]: I0226 21:11:59.000000 180720 pose_graph_2d.cc:148] Inserted submap (0, 2).
[INFO] [1772107926.533728084] [cartographer logger]: I0226 21:12:06.000000 180720 collated_trajectory_builder.cc:81] imu rate: 6.08 Hz 1.64e-01 s +/- 5.51e-02 s (pulsed at 100.11% real time)
[INFO] [1772107926.533815290] [cartographer logger]: I0226 21:12:06.000000 180720 collated_trajectory_builder.cc:81] odom rate: 4.32 Hz 2.31e-01 s +/- 4.72e-02 s (pulsed at 100.84% real time)
[INFO] [1772107926.533836157] [cartographer logger]: I0226 21:12:06.000000 180720 collated_trajectory_builder.cc:81] scan rate: 8.11 Hz 1.23e-01 s +/- 1.24e-02 s (pulsed at 100.10% real time)
[INFO] [1772107926.541335133] [cartographer logger]: I0226 21:12:06.000000 180768 pose_graph_2d.cc:538] Remaining work items in queue: 0
[INFO] [1772107930.742484850] [cartographer logger]: I0226 21:12:10.000000 180720 pose_graph_2d.cc:148] Inserted submap (0, 3).
[INFO] [1772107933.993717955] [rclcpp]: signal_handler(SIGINT/SIGTERM)
