[INFO] [1772003116.101989146] [cartographer logger]: I0225 16:05:16.000000 12615 configuration_file_resolver.cc:41] Found '/home/tkddn647/test/install/localization_layer/share/localization_layer/config/cartographer_2d_mapping.lua' for 'cartographer_2d_mapping.lua'.
[INFO] [1772003116.102860536] [cartographer logger]: I0225 16:05:16.000000 12615 configuration_file_resolver.cc:41] Found '/home/tkddn647/test/install/localization_layer/share/localization_layer/config/map_builder.lua' for 'map_builder.lua'.
[INFO] [1772003116.102964113] [cartographer logger]: I0225 16:05:16.000000 12615 configuration_file_resolver.cc:41] Found '/home/tkddn647/test/install/localization_layer/share/localization_layer/config/map_builder.lua' for 'map_builder.lua'.
[INFO] [1772003116.103021082] [cartographer logger]: I0225 16:05:16.000000 12615 configuration_file_resolver.cc:41] Found '/home/tkddn647/test/install/localization_layer/share/localization_layer/config/pose_graph.lua' for 'pose_graph.lua'.
[INFO] [1772003116.103041891] [cartographer logger]: I0225 16:05:16.000000 12615 configuration_file_resolver.cc:41] Found '/home/tkddn647/test/install/localization_layer/share/localization_layer/config/pose_graph.lua' for 'pose_graph.lua'.
[INFO] [1772003116.103736790] [cartographer logger]: I0225 16:05:16.000000 12615 configuration_file_resolver.cc:41] Found '/home/tkddn647/test/install/localization_layer/share/localization_layer/config/trajectory_builder.lua' for 'trajectory_builder.lua'.
[INFO] [1772003116.103782768] [cartographer logger]: I0225 16:05:16.000000 12615 configuration_file_resolver.cc:41] Found '/home/tkddn647/test/install/localization_layer/share/localization_layer/config/trajectory_builder.lua' for 'trajectory_builder.lua'.
[INFO] [1772003116.103931441] [cartographer logger]: I0225 16:05:16.000000 12615 configuration_file_resolver.cc:41] Found '/opt/ros/humble/share/cartographer/configuration_files/trajectory_builder_2d.lua' for 'trajectory_builder_2d.lua'.
[INFO] [1772003116.103978731] [cartographer logger]: I0225 16:05:16.000000 12615 configuration_file_resolver.cc:41] Found '/opt/ros/humble/share/cartographer/configuration_files/trajectory_builder_2d.lua' for 'trajectory_builder_2d.lua'.
[INFO] [1772003116.104680428] [cartographer logger]: I0225 16:05:16.000000 12615 configuration_file_resolver.cc:41] Found '/opt/ros/humble/share/cartographer/configuration_files/trajectory_builder_3d.lua' for 'trajectory_builder_3d.lua'.
[INFO] [1772003116.104759278] [cartographer logger]: I0225 16:05:16.000000 12615 configuration_file_resolver.cc:41] Found '/opt/ros/humble/share/cartographer/configuration_files/trajectory_builder_3d.lua' for 'trajectory_builder_3d.lua'.
[INFO] [1772003116.139406636] [cartographer logger]: I0225 16:05:16.000000 12615 map_builder_bridge.cpp:136] Added trajectory with ID '0'.
[INFO] [1772003116.705285024] [cartographer logger]: I0225 16:05:16.000000 12615 ordered_multi_queue.cc:172] All sensor data for trajectory 0 is available starting at '639075999167043549'.
[INFO] [1772003116.803574415] [cartographer logger]: I0225 16:05:16.000000 12615 local_trajectory_builder_2d.cc:124] Extrapolator not yet initialized.
[INFO] [1772003116.805927173] [cartographer logger]: I0225 16:05:16.000000 12615 pose_graph_2d.cc:148] Inserted submap (0, 0).
[INFO] [1772003131.203510949] [cartographer logger]: I0225 16:05:31.000000 12615 collated_trajectory_builder.cc:81] imu rate: 10.00 Hz 1.00e-01 s +/- 4.49e-04 s (pulsed at 99.99% real time)
[INFO] [1772003131.203609819] [cartographer logger]: I0225 16:05:31.000000 12615 collated_trajectory_builder.cc:81] odom rate: 10.00 Hz 1.00e-01 s +/- 4.66e-04 s (pulsed at 100.00% real time)
[INFO] [1772003131.203633645] [cartographer logger]: I0225 16:05:31.000000 12615 collated_trajectory_builder.cc:81] scan rate: 10.00 Hz 1.00e-01 s +/- 9.70e-05 s (pulsed at 100.70% real time)
[INFO] [1772003134.408567064] [cartographer logger]: I0225 16:05:34.000000 12615 pose_graph_2d.cc:148] Inserted submap (0, 1).
[INFO] [1772003140.406306932] [cartographer logger]: I0225 16:05:40.000000 12654 pose_graph_2d.cc:538] Remaining work items in queue: 0
[INFO] [1772003146.304175781] [cartographer logger]: I0225 16:05:46.000000 12615 collated_trajectory_builder.cc:81] imu rate: 10.00 Hz 1.00e-01 s +/- 4.26e-04 s (pulsed at 100.00% real time)
[INFO] [1772003146.304289078] [cartographer logger]: I0225 16:05:46.000000 12615 collated_trajectory_builder.cc:81] odom rate: 10.00 Hz 1.00e-01 s +/- 4.47e-04 s (pulsed at 100.00% real time)
[INFO] [1772003146.304306071] [cartographer logger]: I0225 16:05:46.000000 12615 collated_trajectory_builder.cc:81] scan rate: 10.00 Hz 1.00e-01 s +/- 9.04e-05 s (pulsed at 100.00% real time)
[INFO] [1772003152.406583038] [cartographer logger]: I0225 16:05:52.000000 12615 pose_graph_2d.cc:148] Inserted submap (0, 2).
[INFO] [1772003161.403712821] [cartographer logger]: I0225 16:06:01.000000 12615 collated_trajectory_builder.cc:81] imu rate: 10.00 Hz 1.00e-01 s +/- 4.56e-04 s (pulsed at 100.00% real time)
[INFO] [1772003161.403815798] [cartographer logger]: I0225 16:06:01.000000 12615 collated_trajectory_builder.cc:81] odom rate: 10.00 Hz 1.00e-01 s +/- 4.74e-04 s (pulsed at 100.00% real time)
[INFO] [1772003161.403842309] [cartographer logger]: I0225 16:06:01.000000 12615 collated_trajectory_builder.cc:81] scan rate: 10.00 Hz 1.00e-01 s +/- 1.25e-04 s (pulsed at 100.00% real time)
[INFO] [1772003164.605801629] [cartographer logger]: I0225 16:06:04.000000 12655 pose_graph_2d.cc:538] Remaining work items in queue: 0
[INFO] [1772003166.805290611] [cartographer logger]: I0225 16:06:06.000000 12615 motion_filter.cc:42] Motion filter reduced the number of nodes to 50.4%.
[INFO] [1772003170.405818732] [cartographer logger]: I0225 16:06:10.000000 12615 pose_graph_2d.cc:148] Inserted submap (0, 3).
[INFO] [1772003176.404074656] [cartographer logger]: I0225 16:06:16.000000 12615 collated_trajectory_builder.cc:81] imu rate: 10.00 Hz 1.00e-01 s +/- 4.58e-04 s (pulsed at 100.00% real time)
[INFO] [1772003176.404171731] [cartographer logger]: I0225 16:06:16.000000 12615 collated_trajectory_builder.cc:81] odom rate: 10.00 Hz 1.00e-01 s +/- 4.66e-04 s (pulsed at 100.00% real time)
[INFO] [1772003176.404197651] [cartographer logger]: I0225 16:06:16.000000 12615 collated_trajectory_builder.cc:81] scan rate: 10.00 Hz 1.00e-01 s +/- 1.66e-04 s (pulsed at 100.00% real time)
[INFO] [1772003188.406439165] [cartographer logger]: I0225 16:06:28.000000 12615 pose_graph_2d.cc:148] Inserted submap (0, 4).
[INFO] [1772003188.807304802] [cartographer logger]: I0225 16:06:28.000000 12655 pose_graph_2d.cc:538] Remaining work items in queue: 0
[INFO] [1772003191.503152095] [cartographer logger]: I0225 16:06:31.000000 12615 collated_trajectory_builder.cc:81] imu rate: 10.00 Hz 1.00e-01 s +/- 3.98e-04 s (pulsed at 100.00% real time)
[INFO] [1772003191.503212380] [cartographer logger]: I0225 16:06:31.000000 12615 collated_trajectory_builder.cc:81] odom rate: 10.00 Hz 1.00e-01 s +/- 4.07e-04 s (pulsed at 100.00% real time)
[INFO] [1772003191.503231256] [cartographer logger]: I0225 16:06:31.000000 12615 collated_trajectory_builder.cc:81] scan rate: 10.00 Hz 1.00e-01 s +/- 1.24e-04 s (pulsed at 100.00% real time)
[INFO] [1772003206.406304269] [cartographer logger]: I0225 16:06:46.000000 12615 pose_graph_2d.cc:148] Inserted submap (0, 5).
[INFO] [1772003206.503296768] [cartographer logger]: I0225 16:06:46.000000 12615 collated_trajectory_builder.cc:81] imu rate: 10.00 Hz 1.00e-01 s +/- 3.92e-04 s (pulsed at 100.01% real time)
[INFO] [1772003206.503397600] [cartographer logger]: I0225 16:06:46.000000 12615 collated_trajectory_builder.cc:81] odom rate: 10.00 Hz 1.00e-01 s +/- 4.05e-04 s (pulsed at 100.00% real time)
[INFO] [1772003206.503422758] [cartographer logger]: I0225 16:06:46.000000 12615 collated_trajectory_builder.cc:81] scan rate: 10.00 Hz 1.00e-01 s +/- 1.19e-04 s (pulsed at 99.99% real time)
[INFO] [1772003213.006389727] [cartographer logger]: I0225 16:06:53.000000 12652 pose_graph_2d.cc:538] Remaining work items in queue: 0
[INFO] [1772003216.804502227] [cartographer logger]: I0225 16:06:56.000000 12615 motion_filter.cc:42] Motion filter reduced the number of nodes to 50.2%.
[INFO] [1772003221.503501035] [cartographer logger]: I0225 16:07:01.000000 12615 collated_trajectory_builder.cc:81] imu rate: 10.00 Hz 1.00e-01 s +/- 3.89e-04 s (pulsed at 100.00% real time)
[INFO] [1772003221.503574716] [cartographer logger]: I0225 16:07:01.000000 12615 collated_trajectory_builder.cc:81] odom rate: 10.00 Hz 1.00e-01 s +/- 4.11e-04 s (pulsed at 100.00% real time)
[INFO] [1772003221.503590717] [cartographer logger]: I0225 16:07:01.000000 12615 collated_trajectory_builder.cc:81] scan rate: 10.00 Hz 1.00e-01 s +/- 9.68e-05 s (pulsed at 100.00% real time)
[INFO] [1772003224.406443382] [cartographer logger]: I0225 16:07:04.000000 12615 pose_graph_2d.cc:148] Inserted submap (0, 6).
[INFO] [1772003236.503950269] [cartographer logger]: I0225 16:07:16.000000 12615 collated_trajectory_builder.cc:81] imu rate: 10.00 Hz 1.00e-01 s +/- 4.17e-04 s (pulsed at 100.00% real time)
[INFO] [1772003236.504039720] [cartographer logger]: I0225 16:07:16.000000 12615 collated_trajectory_builder.cc:81] odom rate: 10.00 Hz 1.00e-01 s +/- 4.26e-04 s (pulsed at 100.00% real time)
[INFO] [1772003236.504061832] [cartographer logger]: I0225 16:07:16.000000 12615 collated_trajectory_builder.cc:81] scan rate: 10.00 Hz 1.00e-01 s +/- 1.44e-04 s (pulsed at 100.00% real time)
[INFO] [1772003237.205547046] [cartographer logger]: I0225 16:07:17.000000 12654 pose_graph_2d.cc:538] Remaining work items in queue: 0
[INFO] [1772003242.405614284] [cartographer logger]: I0225 16:07:22.000000 12615 pose_graph_2d.cc:148] Inserted submap (0, 7).
[INFO] [1772003251.604112403] [cartographer logger]: I0225 16:07:31.000000 12615 collated_trajectory_builder.cc:81] imu rate: 10.00 Hz 1.00e-01 s +/- 5.72e-04 s (pulsed at 99.99% real time)
[INFO] [1772003251.604209508] [cartographer logger]: I0225 16:07:31.000000 12615 collated_trajectory_builder.cc:81] odom rate: 10.00 Hz 1.00e-01 s +/- 6.14e-04 s (pulsed at 100.00% real time)
[INFO] [1772003251.604234005] [cartographer logger]: I0225 16:07:31.000000 12615 collated_trajectory_builder.cc:81] scan rate: 10.00 Hz 1.00e-01 s +/- 2.29e-04 s (pulsed at 100.00% real time)
[INFO] [1772003260.406254742] [cartographer logger]: I0225 16:07:40.000000 12615 pose_graph_2d.cc:148] Inserted submap (0, 8).
[INFO] [1772003261.405846146] [cartographer logger]: I0225 16:07:41.000000 12654 pose_graph_2d.cc:538] Remaining work items in queue: 0
[INFO] [1772003262.876616310] [rclcpp]: signal_handler(SIGINT/SIGTERM)
