[INFO] [1772003620.965421640] [cartographer logger]: I0225 16:13:40.000000 16325 configuration_file_resolver.cc:41] Found '/home/tkddn647/test/install/localization_layer/share/localization_layer/config/cartographer_2d_mapping.lua' for 'cartographer_2d_mapping.lua'.
[INFO] [1772003620.965846941] [cartographer logger]: I0225 16:13:40.000000 16325 configuration_file_resolver.cc:41] Found '/home/tkddn647/test/install/localization_layer/share/localization_layer/config/map_builder.lua' for 'map_builder.lua'.
[INFO] [1772003620.965876788] [cartographer logger]: I0225 16:13:40.000000 16325 configuration_file_resolver.cc:41] Found '/home/tkddn647/test/install/localization_layer/share/localization_layer/config/map_builder.lua' for 'map_builder.lua'.
[INFO] [1772003620.965921123] [cartographer logger]: I0225 16:13:40.000000 16325 configuration_file_resolver.cc:41] Found '/home/tkddn647/test/install/localization_layer/share/localization_layer/config/pose_graph.lua' for 'pose_graph.lua'.
[INFO] [1772003620.965939207] [cartographer logger]: I0225 16:13:40.000000 16325 configuration_file_resolver.cc:41] Found '/home/tkddn647/test/install/localization_layer/share/localization_layer/config/pose_graph.lua' for 'pose_graph.lua'.
[INFO] [1772003620.966116706] [cartographer logger]: I0225 16:13:40.000000 16325 configuration_file_resolver.cc:41] Found '/home/tkddn647/test/install/localization_layer/share/localization_layer/config/trajectory_builder.lua' for 'trajectory_builder.lua'.
[INFO] [1772003620.966154909] [cartographer logger]: I0225 16:13:40.000000 16325 configuration_file_resolver.cc:41] Found '/home/tkddn647/test/install/localization_layer/share/localization_layer/config/trajectory_builder.lua' for 'trajectory_builder.lua'.
[INFO] [1772003620.966206978] [cartographer logger]: I0225 16:13:40.000000 16325 configuration_file_resolver.cc:41] Found '/opt/ros/humble/share/cartographer/configuration_files/trajectory_builder_2d.lua' for 'trajectory_builder_2d.lua'.
[INFO] [1772003620.966229331] [cartographer logger]: I0225 16:13:40.000000 16325 configuration_file_resolver.cc:41] Found '/opt/ros/humble/share/cartographer/configuration_files/trajectory_builder_2d.lua' for 'trajectory_builder_2d.lua'.
[INFO] [1772003620.966418602] [cartographer logger]: I0225 16:13:40.000000 16325 configuration_file_resolver.cc:41] Found '/opt/ros/humble/share/cartographer/configuration_files/trajectory_builder_3d.lua' for 'trajectory_builder_3d.lua'.
[INFO] [1772003620.966449851] [cartographer logger]: I0225 16:13:40.000000 16325 configuration_file_resolver.cc:41] Found '/opt/ros/humble/share/cartographer/configuration_files/trajectory_builder_3d.lua' for 'trajectory_builder_3d.lua'.
[INFO] [1772003620.986863996] [cartographer logger]: I0225 16:13:40.000000 16325 map_builder_bridge.cpp:136] Added trajectory with ID '0'.
[INFO] [1772003621.447395881] [cartographer logger]: I0225 16:13:41.000000 16325 ordered_multi_queue.cc:172] All sensor data for trajectory 0 is available starting at '639076004214470322'.
[INFO] [1772003621.546569411] [cartographer logger]: I0225 16:13:41.000000 16325 local_trajectory_builder_2d.cc:124] Extrapolator not yet initialized.
[INFO] [1772003621.548757264] [cartographer logger]: I0225 16:13:41.000000 16325 pose_graph_2d.cc:148] Inserted submap (0, 0).
[INFO] [1772003636.046240100] [cartographer logger]: I0225 16:13:56.000000 16325 collated_trajectory_builder.cc:81] imu rate: 10.00 Hz 1.00e-01 s +/- 4.69e-04 s (pulsed at 100.00% real time)
[INFO] [1772003636.046338398] [cartographer logger]: I0225 16:13:56.000000 16325 collated_trajectory_builder.cc:81] odom rate: 10.00 Hz 1.00e-01 s +/- 4.91e-04 s (pulsed at 99.99% real time)
[INFO] [1772003636.046364057] [cartographer logger]: I0225 16:13:56.000000 16325 collated_trajectory_builder.cc:81] scan rate: 10.00 Hz 1.00e-01 s +/- 1.03e-04 s (pulsed at 100.69% real time)
[INFO] [1772003639.151613908] [cartographer logger]: I0225 16:13:59.000000 16325 pose_graph_2d.cc:148] Inserted submap (0, 1).
[INFO] [1772003645.149203068] [cartographer logger]: I0225 16:14:05.000000 16362 pose_graph_2d.cc:538] Remaining work items in queue: 0
[INFO] [1772003651.046679219] [cartographer logger]: I0225 16:14:11.000000 16325 collated_trajectory_builder.cc:81] imu rate: 10.00 Hz 1.00e-01 s +/- 4.39e-04 s (pulsed at 100.00% real time)
[INFO] [1772003651.046771095] [cartographer logger]: I0225 16:14:11.000000 16325 collated_trajectory_builder.cc:81] odom rate: 10.00 Hz 1.00e-01 s +/- 4.41e-04 s (pulsed at 100.01% real time)
[INFO] [1772003651.046794981] [cartographer logger]: I0225 16:14:11.000000 16325 collated_trajectory_builder.cc:81] scan rate: 10.00 Hz 1.00e-01 s +/- 9.47e-05 s (pulsed at 100.00% real time)
[INFO] [1772003657.152647664] [cartographer logger]: I0225 16:14:17.000000 16325 pose_graph_2d.cc:148] Inserted submap (0, 2).
[INFO] [1772003663.490272750] [rclcpp]: signal_handler(SIGINT/SIGTERM)
