[INFO] [1772111807.007540716] [cartographer logger]: I0226 22:16:47.000000 214230 configuration_file_resolver.cc:41] Found '/home/tkddn647/test/install/localization_layer/share/localization_layer/config/cartographer_2d_mapping_lidar_only.lua' for 'cartographer_2d_mapping_lidar_only.lua'.
[INFO] [1772111807.008165561] [cartographer logger]: I0226 22:16:47.000000 214230 configuration_file_resolver.cc:41] Found '/home/tkddn647/test/install/localization_layer/share/localization_layer/config/map_builder.lua' for 'map_builder.lua'.
[INFO] [1772111807.008208165] [cartographer logger]: I0226 22:16:47.000000 214230 configuration_file_resolver.cc:41] Found '/home/tkddn647/test/install/localization_layer/share/localization_layer/config/map_builder.lua' for 'map_builder.lua'.
[INFO] [1772111807.008281243] [cartographer logger]: I0226 22:16:47.000000 214230 configuration_file_resolver.cc:41] Found '/home/tkddn647/test/install/localization_layer/share/localization_layer/config/pose_graph.lua' for 'pose_graph.lua'.
[INFO] [1772111807.008318824] [cartographer logger]: I0226 22:16:47.000000 214230 configuration_file_resolver.cc:41] Found '/home/tkddn647/test/install/localization_layer/share/localization_layer/config/pose_graph.lua' for 'pose_graph.lua'.
[INFO] [1772111807.008528844] [cartographer logger]: I0226 22:16:47.000000 214230 configuration_file_resolver.cc:41] Found '/home/tkddn647/test/install/localization_layer/share/localization_layer/config/trajectory_builder.lua' for 'trajectory_builder.lua'.
[INFO] [1772111807.008582270] [cartographer logger]: I0226 22:16:47.000000 214230 configuration_file_resolver.cc:41] Found '/home/tkddn647/test/install/localization_layer/share/localization_layer/config/trajectory_builder.lua' for 'trajectory_builder.lua'.
[INFO] [1772111807.008661118] [cartographer logger]: I0226 22:16:47.000000 214230 configuration_file_resolver.cc:41] Found '/opt/ros/humble/share/cartographer/configuration_files/trajectory_builder_2d.lua' for 'trajectory_builder_2d.lua'.
[INFO] [1772111807.008691123] [cartographer logger]: I0226 22:16:47.000000 214230 configuration_file_resolver.cc:41] Found '/opt/ros/humble/share/cartographer/configuration_files/trajectory_builder_2d.lua' for 'trajectory_builder_2d.lua'.
[INFO] [1772111807.008964203] [cartographer logger]: I0226 22:16:47.000000 214230 configuration_file_resolver.cc:41] Found '/opt/ros/humble/share/cartographer/configuration_files/trajectory_builder_3d.lua' for 'trajectory_builder_3d.lua'.
[INFO] [1772111807.009029339] [cartographer logger]: I0226 22:16:47.000000 214230 configuration_file_resolver.cc:41] Found '/opt/ros/humble/share/cartographer/configuration_files/trajectory_builder_3d.lua' for 'trajectory_builder_3d.lua'.
[INFO] [1772111807.085352441] [cartographer logger]: I0226 22:16:47.000000 214230 map_builder_bridge.cpp:136] Added trajectory with ID '0'.
[INFO] [1772111808.741735151] [cartographer logger]: I0226 22:16:48.000000 214230 ordered_multi_queue.cc:172] All sensor data for trajectory 0 is available starting at '639077086086348087'.
[WARN] [1772111808.743489438] [cartographer logger]: W0226 22:16:48.000000 214230 pose_extrapolator.cc:168] Queue too short for velocity estimation. Queue duration: 0 s
[INFO] [1772111808.747727834] [cartographer logger]: I0226 22:16:48.000000 214230 pose_graph_2d.cc:148] Inserted submap (0, 0).
[INFO] [1772111822.194506982] [cartographer logger]: I0226 22:17:02.000000 214230 collated_trajectory_builder.cc:81] scan rate: 7.17 Hz 1.39e-01 s +/- 2.66e-02 s (pulsed at 99.55% real time)
[INFO] [1772111839.119442382] [cartographer logger]: I0226 22:17:19.000000 214230 collated_trajectory_builder.cc:81] scan rate: 5.60 Hz 1.78e-01 s +/- 1.87e-01 s (pulsed at 112.22% real time)
[INFO] [1772111854.272263349] [cartographer logger]: I0226 22:17:34.000000 214230 collated_trajectory_builder.cc:81] scan rate: 5.94 Hz 1.68e-01 s +/- 1.77e-02 s (pulsed at 99.98% real time)
[INFO] [1772111871.110243609] [cartographer logger]: I0226 22:17:51.000000 214230 collated_trajectory_builder.cc:81] scan rate: 5.10 Hz 1.96e-01 s +/- 1.92e-01 s (pulsed at 111.73% real time)
[INFO] [1772111886.174770024] [cartographer logger]: I0226 22:18:06.000000 214230 collated_trajectory_builder.cc:81] scan rate: 5.58 Hz 1.79e-01 s +/- 1.39e-02 s (pulsed at 99.90% real time)
[INFO] [1772111897.425644811] [cartographer logger]: I0226 22:18:17.000000 214230 motion_filter.cc:42] Motion filter reduced the number of nodes to 9.2%.
[INFO] [1772111902.992604323] [cartographer logger]: I0226 22:18:22.000000 214230 collated_trajectory_builder.cc:81] scan rate: 4.86 Hz 2.06e-01 s +/- 1.97e-01 s (pulsed at 112.18% real time)
[INFO] [1772111918.232725050] [cartographer logger]: I0226 22:18:38.000000 214230 collated_trajectory_builder.cc:81] scan rate: 6.28 Hz 1.59e-01 s +/- 2.09e-02 s (pulsed at 99.16% real time)
[INFO] [1772111935.069824483] [cartographer logger]: I0226 22:18:55.000000 214230 collated_trajectory_builder.cc:81] scan rate: 5.63 Hz 1.78e-01 s +/- 1.84e-01 s (pulsed at 112.44% real time)
[INFO] [1772111950.126774128] [cartographer logger]: I0226 22:19:10.000000 214230 collated_trajectory_builder.cc:81] scan rate: 6.91 Hz 1.45e-01 s +/- 1.11e-02 s (pulsed at 99.98% real time)
[INFO] [1772111966.945771742] [cartographer logger]: I0226 22:19:26.000000 214230 collated_trajectory_builder.cc:81] scan rate: 5.52 Hz 1.81e-01 s +/- 1.79e-01 s (pulsed at 111.54% real time)
[INFO] [1772111978.928255683] [cartographer logger]: I0226 22:19:38.000000 214230 motion_filter.cc:42] Motion filter reduced the number of nodes to 7.9%.
[INFO] [1772111981.982738614] [cartographer logger]: I0226 22:19:41.000000 214230 collated_trajectory_builder.cc:81] scan rate: 6.67 Hz 1.50e-01 s +/- 2.28e-02 s (pulsed at 99.78% real time)
[INFO] [1772111994.964982814] [cartographer logger]: I0226 22:19:54.000000 214230 pose_graph_2d.cc:148] Inserted submap (0, 1).
[INFO] [1772111998.733698776] [cartographer logger]: I0226 22:19:58.000000 214230 collated_trajectory_builder.cc:81] scan rate: 5.30 Hz 1.89e-01 s +/- 1.81e-01 s (pulsed at 111.99% real time)
[INFO] [1772112013.744604603] [cartographer logger]: I0226 22:20:13.000000 214230 collated_trajectory_builder.cc:81] scan rate: 7.26 Hz 1.38e-01 s +/- 1.25e-02 s (pulsed at 100.20% real time)
[INFO] [1772112028.889137233] [cartographer logger]: I0226 22:20:28.000000 214230 collated_trajectory_builder.cc:81] scan rate: 6.47 Hz 1.54e-01 s +/- 1.89e-02 s (pulsed at 99.73% real time)
[INFO] [1772112045.746859446] [cartographer logger]: I0226 22:20:45.000000 214230 collated_trajectory_builder.cc:81] scan rate: 6.22 Hz 1.61e-01 s +/- 1.71e-01 s (pulsed at 111.94% real time)
[INFO] [1772112053.754073486] [cartographer logger]: I0226 22:20:53.000000 214280 pose_graph_2d.cc:538] Remaining work items in queue: 0
[INFO] [1772112056.888235836] [cartographer logger]: I0226 22:20:56.000000 214230 motion_filter.cc:42] Motion filter reduced the number of nodes to 8.13333%.
[INFO] [1772112060.759941838] [cartographer logger]: I0226 22:21:00.000000 214230 collated_trajectory_builder.cc:81] scan rate: 7.13 Hz 1.40e-01 s +/- 1.36e-02 s (pulsed at 99.96% real time)
[INFO] [1772112077.483319262] [cartographer logger]: I0226 22:21:17.000000 214230 collated_trajectory_builder.cc:81] scan rate: 6.45 Hz 1.55e-01 s +/- 1.61e-01 s (pulsed at 111.07% real time)
[INFO] [1772112092.561753386] [cartographer logger]: I0226 22:21:32.000000 214230 collated_trajectory_builder.cc:81] scan rate: 7.03 Hz 1.42e-01 s +/- 1.29e-02 s (pulsed at 100.12% real time)
[INFO] [1772112109.310302759] [cartographer logger]: I0226 22:21:49.000000 214230 collated_trajectory_builder.cc:81] scan rate: 6.34 Hz 1.58e-01 s +/- 1.58e-01 s (pulsed at 110.40% real time)
[INFO] [1772112124.444783049] [cartographer logger]: I0226 22:22:04.000000 214230 collated_trajectory_builder.cc:81] scan rate: 6.87 Hz 1.46e-01 s +/- 1.18e-02 s (pulsed at 100.36% real time)
[INFO] [1772112131.600161866] [cartographer logger]: I0226 22:22:11.000000 214230 motion_filter.cc:42] Motion filter reduced the number of nodes to 7.4%.
[INFO] [1772112141.022709083] [cartographer logger]: I0226 22:22:21.000000 214230 collated_trajectory_builder.cc:81] scan rate: 6.21 Hz 1.61e-01 s +/- 1.56e-01 s (pulsed at 110.48% real time)
[INFO] [1772112156.145207557] [cartographer logger]: I0226 22:22:36.000000 214230 collated_trajectory_builder.cc:81] scan rate: 6.81 Hz 1.47e-01 s +/- 1.08e-02 s (pulsed at 100.00% real time)
[INFO] [1772112172.815474752] [cartographer logger]: I0226 22:22:52.000000 214230 collated_trajectory_builder.cc:81] scan rate: 5.99 Hz 1.67e-01 s +/- 1.66e-01 s (pulsed at 111.08% real time)
[INFO] [1772112187.879815992] [cartographer logger]: I0226 22:23:07.000000 214230 collated_trajectory_builder.cc:81] scan rate: 7.28 Hz 1.37e-01 s +/- 1.35e-02 s (pulsed at 99.39% real time)
[INFO] [1772112204.562550951] [cartographer logger]: I0226 22:23:24.000000 214230 collated_trajectory_builder.cc:81] scan rate: 6.46 Hz 1.55e-01 s +/- 1.54e-01 s (pulsed at 111.28% real time)
[INFO] [1772112208.037451749] [cartographer logger]: I0226 22:23:28.000000 214230 motion_filter.cc:42] Motion filter reduced the number of nodes to 6.88%.
[INFO] [1772112219.664683549] [cartographer logger]: I0226 22:23:39.000000 214230 collated_trajectory_builder.cc:81] scan rate: 7.12 Hz 1.40e-01 s +/- 1.71e-02 s (pulsed at 99.46% real time)
[INFO] [1772112233.904806719] [cartographer logger]: I0226 22:23:53.000000 214230 pose_graph_2d.cc:148] Inserted submap (0, 2).
[INFO] [1772112234.701464467] [cartographer logger]: I0226 22:23:54.000000 214230 collated_trajectory_builder.cc:81] scan rate: 6.84 Hz 1.46e-01 s +/- 1.78e-02 s (pulsed at 100.13% real time)
[INFO] [1772112251.454726873] [cartographer logger]: I0226 22:24:11.000000 214230 collated_trajectory_builder.cc:81] scan rate: 5.84 Hz 1.71e-01 s +/- 1.65e-01 s (pulsed at 110.80% real time)
[INFO] [1772112266.475380127] [cartographer logger]: I0226 22:24:26.000000 214230 collated_trajectory_builder.cc:81] scan rate: 7.65 Hz 1.31e-01 s +/- 1.08e-02 s (pulsed at 100.14% real time)
[INFO] [1772112281.095466250] [cartographer logger]: I0226 22:24:41.000000 214230 motion_filter.cc:42] Motion filter reduced the number of nodes to 6.66667%.
[INFO] [1772112283.190354896] [cartographer logger]: I0226 22:24:43.000000 214230 collated_trajectory_builder.cc:81] scan rate: 7.12 Hz 1.40e-01 s +/- 1.50e-01 s (pulsed at 110.60% real time)
[INFO] [1772112298.251385499] [cartographer logger]: I0226 22:24:58.000000 214230 collated_trajectory_builder.cc:81] scan rate: 7.97 Hz 1.26e-01 s +/- 1.26e-02 s (pulsed at 99.98% real time)
[INFO] [1772112314.984031341] [cartographer logger]: I0226 22:25:14.000000 214230 collated_trajectory_builder.cc:81] scan rate: 7.22 Hz 1.38e-01 s +/- 1.49e-01 s (pulsed at 110.86% real time)
[INFO] [1772112330.033311077] [cartographer logger]: I0226 22:25:30.000000 214230 collated_trajectory_builder.cc:81] scan rate: 7.98 Hz 1.25e-01 s +/- 1.42e-02 s (pulsed at 99.96% real time)
[INFO] [1772112345.691656413] [cartographer logger]: I0226 22:25:45.000000 214230 motion_filter.cc:42] Motion filter reduced the number of nodes to 6.8%.
[INFO] [1772112346.664780128] [cartographer logger]: I0226 22:25:46.000000 214230 collated_trajectory_builder.cc:81] scan rate: 7.87 Hz 1.27e-01 s +/- 1.44e-01 s (pulsed at 111.21% real time)
[INFO] [1772112354.446822799] [cartographer logger]: I0226 22:25:54.000000 214278 pose_graph_2d.cc:538] Remaining work items in queue: 0
[INFO] [1772112361.746511482] [cartographer logger]: I0226 22:26:01.000000 214230 collated_trajectory_builder.cc:81] scan rate: 8.61 Hz 1.16e-01 s +/- 1.40e-02 s (pulsed at 100.12% real time)
[INFO] [1772112378.423180707] [cartographer logger]: I0226 22:26:18.000000 214230 collated_trajectory_builder.cc:81] scan rate: 7.79 Hz 1.28e-01 s +/- 1.40e-01 s (pulsed at 110.62% real time)
[INFO] [1772112393.492961241] [cartographer logger]: I0226 22:26:33.000000 214230 collated_trajectory_builder.cc:81] scan rate: 7.16 Hz 1.40e-01 s +/- 1.76e-02 s (pulsed at 100.00% real time)
[INFO] [1772112403.248238308] [cartographer logger]: I0226 22:26:43.000000 214230 pose_graph_2d.cc:148] Inserted submap (0, 3).
[INFO] [1772112409.991872532] [cartographer logger]: I0226 22:26:49.000000 214230 collated_trajectory_builder.cc:81] scan rate: 6.50 Hz 1.54e-01 s +/- 1.45e-01 s (pulsed at 109.52% real time)
[INFO] [1772112412.078442295] [cartographer logger]: I0226 22:26:52.000000 214230 motion_filter.cc:42] Motion filter reduced the number of nodes to 6.875%.
[INFO] [1772112425.000389731] [cartographer logger]: I0226 22:27:05.000000 214230 collated_trajectory_builder.cc:81] scan rate: 8.26 Hz 1.21e-01 s +/- 8.78e-03 s (pulsed at 100.19% real time)
[INFO] [1772112441.802162433] [cartographer logger]: I0226 22:27:21.000000 214230 collated_trajectory_builder.cc:81] scan rate: 6.78 Hz 1.48e-01 s +/- 1.59e-01 s (pulsed at 110.94% real time)
[INFO] [1772112456.898257226] [cartographer logger]: I0226 22:27:36.000000 214230 collated_trajectory_builder.cc:81] scan rate: 6.49 Hz 1.54e-01 s +/- 2.19e-02 s (pulsed at 100.09% real time)
[INFO] [1772112471.911516451] [cartographer logger]: I0226 22:27:51.000000 214230 collated_trajectory_builder.cc:81] scan rate: 7.39 Hz 1.35e-01 s +/- 1.14e-02 s (pulsed at 100.13% real time)
[INFO] [1772112483.178858153] [cartographer logger]: I0226 22:28:03.000000 214230 motion_filter.cc:42] Motion filter reduced the number of nodes to 7.26667%.
[INFO] [1772112488.985331917] [cartographer logger]: I0226 22:28:08.000000 214230 collated_trajectory_builder.cc:81] scan rate: 6.61 Hz 1.51e-01 s +/- 1.92e-01 s (pulsed at 113.32% real time)
[INFO] [1772112504.057777470] [cartographer logger]: I0226 22:28:24.000000 214230 collated_trajectory_builder.cc:81] scan rate: 8.76 Hz 1.14e-01 s +/- 1.18e-02 s (pulsed at 100.03% real time)
[INFO] [1772112520.819147287] [cartographer logger]: I0226 22:28:40.000000 214230 collated_trajectory_builder.cc:81] scan rate: 7.87 Hz 1.27e-01 s +/- 1.54e-01 s (pulsed at 111.72% real time)
[INFO] [1772112535.846862747] [cartographer logger]: I0226 22:28:55.000000 214230 collated_trajectory_builder.cc:81] scan rate: 8.45 Hz 1.18e-01 s +/- 1.32e-02 s (pulsed at 99.95% real time)
[INFO] [1772112544.794957456] [cartographer logger]: I0226 22:29:04.000000 214230 motion_filter.cc:42] Motion filter reduced the number of nodes to 7.12%.
[INFO] [1772112552.499554764] [cartographer logger]: I0226 22:29:12.000000 214230 collated_trajectory_builder.cc:81] scan rate: 7.86 Hz 1.27e-01 s +/- 1.45e-01 s (pulsed at 111.22% real time)
[INFO] [1772112555.571892923] [cartographer logger]: I0226 22:29:15.000000 214230 pose_graph_2d.cc:148] Inserted submap (0, 4).
[INFO] [1772112559.477587195] [cartographer logger]: I0226 22:29:19.000000 214280 pose_graph_2d.cc:538] Remaining work items in queue: 0
[INFO] [1772112567.590849767] [cartographer logger]: I0226 22:29:27.000000 214230 collated_trajectory_builder.cc:81] scan rate: 8.76 Hz 1.14e-01 s +/- 1.32e-02 s (pulsed at 99.82% real time)
[INFO] [1772112584.575317211] [cartographer logger]: I0226 22:29:44.000000 214230 collated_trajectory_builder.cc:81] scan rate: 7.72 Hz 1.30e-01 s +/- 1.75e-01 s (pulsed at 113.59% real time)
[INFO] [1772112599.691008947] [cartographer logger]: I0226 22:29:59.000000 214230 collated_trajectory_builder.cc:81] scan rate: 7.47 Hz 1.34e-01 s +/- 1.61e-02 s (pulsed at 99.91% real time)
[INFO] [1772112608.076173409] [cartographer logger]: I0226 22:30:08.000000 214230 motion_filter.cc:42] Motion filter reduced the number of nodes to 7.05455%.
[INFO] [1772112616.471341734] [cartographer logger]: I0226 22:30:16.000000 214230 collated_trajectory_builder.cc:81] scan rate: 6.13 Hz 1.63e-01 s +/- 1.74e-01 s (pulsed at 111.87% real time)
[INFO] [1772112631.492791709] [cartographer logger]: I0226 22:30:31.000000 214230 collated_trajectory_builder.cc:81] scan rate: 7.06 Hz 1.42e-01 s +/- 1.67e-02 s (pulsed at 99.97% real time)
[INFO] [1772112648.385658630] [cartographer logger]: I0226 22:30:48.000000 214230 collated_trajectory_builder.cc:81] scan rate: 5.86 Hz 1.71e-01 s +/- 1.85e-01 s (pulsed at 112.21% real time)
[INFO] [1772112663.513224100] [cartographer logger]: I0226 22:31:03.000000 214230 collated_trajectory_builder.cc:81] scan rate: 6.08 Hz 1.64e-01 s +/- 1.27e-02 s (pulsed at 99.88% real time)
[INFO] [1772112678.597719350] [cartographer logger]: I0226 22:31:18.000000 214230 collated_trajectory_builder.cc:81] scan rate: 5.77 Hz 1.73e-01 s +/- 1.64e-02 s (pulsed at 100.02% real time)
[INFO] [1772112693.188263520] [cartographer logger]: I0226 22:31:33.000000 214230 motion_filter.cc:42] Motion filter reduced the number of nodes to 7.35%.
[INFO] [1772112695.381602073] [cartographer logger]: I0226 22:31:35.000000 214230 collated_trajectory_builder.cc:81] scan rate: 5.00 Hz 2.00e-01 s +/- 1.94e-01 s (pulsed at 111.86% real time)
[INFO] [1772112710.448052513] [cartographer logger]: I0226 22:31:50.000000 214230 collated_trajectory_builder.cc:81] scan rate: 6.10 Hz 1.64e-01 s +/- 1.65e-02 s (pulsed at 100.05% real time)
[INFO] [1772112721.612271823] [cartographer logger]: I0226 22:32:01.000000 214230 pose_graph_2d.cc:148] Inserted submap (0, 5).
[INFO] [1772112727.371506914] [cartographer logger]: I0226 22:32:07.000000 214230 collated_trajectory_builder.cc:81] scan rate: 6.36 Hz 1.57e-01 s +/- 1.84e-01 s (pulsed at 112.86% real time)
[INFO] [1772112742.377012709] [cartographer logger]: I0226 22:32:22.000000 214230 collated_trajectory_builder.cc:81] scan rate: 7.86 Hz 1.27e-01 s +/- 1.11e-02 s (pulsed at 99.97% real time)
[INFO] [1772112759.285834927] [cartographer logger]: I0226 22:32:39.000000 214230 collated_trajectory_builder.cc:81] scan rate: 6.78 Hz 1.47e-01 s +/- 1.75e-01 s (pulsed at 112.33% real time)
[INFO] [1772112765.375848355] [cartographer logger]: I0226 22:32:45.000000 214230 motion_filter.cc:42] Motion filter reduced the number of nodes to 7.2%.
[INFO] [1772112774.370488549] [cartographer logger]: I0226 22:32:54.000000 214230 collated_trajectory_builder.cc:81] scan rate: 8.48 Hz 1.18e-01 s +/- 1.19e-02 s (pulsed at 100.00% real time)
[INFO] [1772112789.031936745] [cartographer logger]: I0226 22:33:09.000000 214281 pose_graph_2d.cc:538] Remaining work items in queue: 0
[INFO] [1772112791.326198653] [cartographer logger]: I0226 22:33:11.000000 214230 collated_trajectory_builder.cc:81] scan rate: 7.78 Hz 1.29e-01 s +/- 1.62e-01 s (pulsed at 112.42% real time)
[INFO] [1772112806.348937510] [cartographer logger]: I0226 22:33:26.000000 214230 collated_trajectory_builder.cc:81] scan rate: 8.80 Hz 1.14e-01 s +/- 1.81e-02 s (pulsed at 99.96% real time)
[INFO] [1772112823.336821045] [cartographer logger]: I0226 22:33:43.000000 214230 collated_trajectory_builder.cc:81] scan rate: 7.00 Hz 1.43e-01 s +/- 1.75e-01 s (pulsed at 112.64% real time)
[INFO] [1772112829.056315070] [cartographer logger]: I0226 22:33:49.000000 214230 motion_filter.cc:42] Motion filter reduced the number of nodes to 7.17143%.
[INFO] [1772112838.404516763] [cartographer logger]: I0226 22:33:58.000000 214230 collated_trajectory_builder.cc:81] scan rate: 7.18 Hz 1.39e-01 s +/- 1.80e-02 s (pulsed at 99.70% real time)
[INFO] [1772112855.240324018] [cartographer logger]: I0226 22:34:15.000000 214230 collated_trajectory_builder.cc:81] scan rate: 6.00 Hz 1.67e-01 s +/- 1.77e-01 s (pulsed at 111.56% real time)
[INFO] [1772112870.279806206] [cartographer logger]: I0226 22:34:30.000000 214230 collated_trajectory_builder.cc:81] scan rate: 6.33 Hz 1.58e-01 s +/- 2.58e-02 s (pulsed at 99.73% real time)
[INFO] [1772112870.450129083] [cartographer logger]: I0226 22:34:30.000000 214230 pose_graph_2d.cc:148] Inserted submap (0, 6).
[INFO] [1772112885.333044856] [cartographer logger]: I0226 22:34:45.000000 214230 collated_trajectory_builder.cc:81] scan rate: 5.52 Hz 1.81e-01 s +/- 2.07e-02 s (pulsed at 99.79% real time)
[INFO] [1772112902.344220786] [cartographer logger]: I0226 22:35:02.000000 214230 collated_trajectory_builder.cc:81] scan rate: 5.05 Hz 1.98e-01 s +/- 2.09e-01 s (pulsed at 112.82% real time)
[INFO] [1772112915.168098640] [cartographer logger]: I0226 22:35:15.000000 214230 motion_filter.cc:42] Motion filter reduced the number of nodes to 7.68%.
[INFO] [1772112917.548349345] [cartographer logger]: I0226 22:35:17.000000 214230 collated_trajectory_builder.cc:81] scan rate: 5.41 Hz 1.85e-01 s +/- 2.35e-02 s (pulsed at 99.76% real time)
[INFO] [1772112934.505126776] [cartographer logger]: I0226 22:35:34.000000 214230 collated_trajectory_builder.cc:81] scan rate: 4.70 Hz 2.13e-01 s +/- 2.11e-01 s (pulsed at 112.58% real time)
[INFO] [1772112949.519940728] [cartographer logger]: I0226 22:35:49.000000 214230 collated_trajectory_builder.cc:81] scan rate: 6.80 Hz 1.47e-01 s +/- 1.65e-02 s (pulsed at 100.21% real time)
[INFO] [1772112966.428718962] [cartographer logger]: I0226 22:36:06.000000 214230 collated_trajectory_builder.cc:81] scan rate: 6.79 Hz 1.47e-01 s +/- 1.76e-01 s (pulsed at 112.59% real time)
[INFO] [1772112981.438273788] [cartographer logger]: I0226 22:36:21.000000 214230 collated_trajectory_builder.cc:81] scan rate: 7.60 Hz 1.32e-01 s +/- 1.46e-02 s (pulsed at 99.95% real time)
[INFO] [1772112990.575700597] [cartographer logger]: I0226 22:36:30.000000 214278 pose_graph_2d.cc:538] Remaining work items in queue: 0
[INFO] [1772112992.891885116] [cartographer logger]: I0226 22:36:32.000000 214230 motion_filter.cc:42] Motion filter reduced the number of nodes to 7.575%.
[INFO] [1772112998.404706049] [cartographer logger]: I0226 22:36:38.000000 214230 collated_trajectory_builder.cc:81] scan rate: 7.53 Hz 1.33e-01 s +/- 1.68e-01 s (pulsed at 112.68% real time)
[INFO] [1772113013.407941208] [cartographer logger]: I0226 22:36:53.000000 214230 collated_trajectory_builder.cc:81] scan rate: 8.96 Hz 1.12e-01 s +/- 1.64e-02 s (pulsed at 99.59% real time)
[INFO] [1772113028.442747542] [cartographer logger]: I0226 22:37:08.000000 214230 pose_graph_2d.cc:148] Inserted submap (0, 7).
[INFO] [1772113030.446082240] [cartographer logger]: I0226 22:37:10.000000 214230 collated_trajectory_builder.cc:81] scan rate: 7.10 Hz 1.41e-01 s +/- 1.81e-01 s (pulsed at 113.63% real time)
[INFO] [1772113045.449435250] [cartographer logger]: I0226 22:37:25.000000 214230 collated_trajectory_builder.cc:81] scan rate: 7.93 Hz 1.26e-01 s +/- 7.72e-03 s (pulsed at 100.07% real time)
[INFO] [1772113055.482706091] [cartographer logger]: I0226 22:37:35.000000 214230 motion_filter.cc:42] Motion filter reduced the number of nodes to 7.61176%.
[INFO] [1772113062.239521048] [cartographer logger]: I0226 22:37:42.000000 214230 collated_trajectory_builder.cc:81] scan rate: 6.73 Hz 1.49e-01 s +/- 1.57e-01 s (pulsed at 111.16% real time)
[INFO] [1772113077.313706446] [cartographer logger]: I0226 22:37:57.000000 214230 collated_trajectory_builder.cc:81] scan rate: 7.06 Hz 1.42e-01 s +/- 1.66e-02 s (pulsed at 99.50% real time)
[INFO] [1772113094.158951640] [cartographer logger]: I0226 22:38:14.000000 214230 collated_trajectory_builder.cc:81] scan rate: 5.93 Hz 1.69e-01 s +/- 1.73e-01 s (pulsed at 112.01% real time)
[INFO] [1772113109.328683873] [cartographer logger]: I0226 22:38:29.000000 214230 collated_trajectory_builder.cc:81] scan rate: 6.81 Hz 1.47e-01 s +/- 1.77e-02 s (pulsed at 99.47% real time)
[INFO] [1772113124.418712584] [cartographer logger]: I0226 22:38:44.000000 214230 collated_trajectory_builder.cc:81] scan rate: 6.69 Hz 1.49e-01 s +/- 1.97e-02 s (pulsed at 100.69% real time)
[INFO] [1772113134.203337233] [cartographer logger]: I0226 22:38:54.000000 214230 motion_filter.cc:42] Motion filter reduced the number of nodes to 7.61111%.
[INFO] [1772113141.130643438] [cartographer logger]: I0226 22:39:01.000000 214230 collated_trajectory_builder.cc:81] scan rate: 6.04 Hz 1.66e-01 s +/- 1.66e-01 s (pulsed at 111.31% real time)
[INFO] [1772113156.265779492] [cartographer logger]: I0226 22:39:16.000000 214230 collated_trajectory_builder.cc:81] scan rate: 6.66 Hz 1.50e-01 s +/- 1.45e-02 s (pulsed at 100.02% real time)
[INFO] [1772113173.073468221] [cartographer logger]: I0226 22:39:33.000000 214230 collated_trajectory_builder.cc:81] scan rate: 6.18 Hz 1.62e-01 s +/- 1.75e-01 s (pulsed at 111.95% real time)
[INFO] [1772113188.088208387] [cartographer logger]: I0226 22:39:48.000000 214230 collated_trajectory_builder.cc:81] scan rate: 7.07 Hz 1.41e-01 s +/- 1.16e-02 s (pulsed at 99.79% real time)
[INFO] [1772113204.927008172] [cartographer logger]: I0226 22:40:04.000000 214230 collated_trajectory_builder.cc:81] scan rate: 6.35 Hz 1.58e-01 s +/- 1.74e-01 s (pulsed at 112.10% real time)
[INFO] [1772113209.516860172] [cartographer logger]: I0226 22:40:09.000000 214230 motion_filter.cc:42] Motion filter reduced the number of nodes to 7.50526%.
[INFO] [1772113220.042994406] [cartographer logger]: I0226 22:40:20.000000 214230 collated_trajectory_builder.cc:81] scan rate: 7.08 Hz 1.41e-01 s +/- 1.36e-02 s (pulsed at 100.09% real time)
[INFO] [1772113223.902086163] [cartographer logger]: I0226 22:40:23.000000 214230 pose_graph_2d.cc:148] Inserted submap (0, 8).
[INFO] [1772113234.831018493] [cartographer logger]: I0226 22:40:34.000000 214279 pose_graph_2d.cc:538] Remaining work items in queue: 0
[INFO] [1772113236.679096297] [cartographer logger]: I0226 22:40:36.000000 214230 collated_trajectory_builder.cc:81] scan rate: 6.36 Hz 1.57e-01 s +/- 1.61e-01 s (pulsed at 110.80% real time)
[INFO] [1772113251.797390649] [cartographer logger]: I0226 22:40:51.000000 214230 collated_trajectory_builder.cc:81] scan rate: 7.61 Hz 1.31e-01 s +/- 1.27e-02 s (pulsed at 99.86% real time)
[INFO] [1772113268.770982362] [cartographer logger]: I0226 22:41:08.000000 214230 collated_trajectory_builder.cc:81] scan rate: 7.07 Hz 1.41e-01 s +/- 1.77e-01 s (pulsed at 112.89% real time)
[INFO] [1772113280.150522818] [cartographer logger]: I0226 22:41:20.000000 214230 motion_filter.cc:42] Motion filter reduced the number of nodes to 7.52%.
[INFO] [1772113283.901613224] [cartographer logger]: I0226 22:41:23.000000 214230 collated_trajectory_builder.cc:81] scan rate: 7.41 Hz 1.35e-01 s +/- 2.04e-02 s (pulsed at 99.95% real time)
[INFO] [1772113300.671069055] [cartographer logger]: I0226 22:41:40.000000 214230 collated_trajectory_builder.cc:81] scan rate: 6.74 Hz 1.48e-01 s +/- 1.66e-01 s (pulsed at 111.50% real time)
[INFO] [1772113315.794458140] [cartographer logger]: I0226 22:41:55.000000 214230 collated_trajectory_builder.cc:81] scan rate: 8.40 Hz 1.19e-01 s +/- 1.73e-02 s (pulsed at 100.05% real time)
[INFO] [1772113330.879560222] [cartographer logger]: I0226 22:42:10.000000 214230 collated_trajectory_builder.cc:81] scan rate: 8.21 Hz 1.22e-01 s +/- 1.58e-02 s (pulsed at 100.01% real time)
[INFO] [1772113345.618307844] [cartographer logger]: I0226 22:42:25.000000 214230 motion_filter.cc:42] Motion filter reduced the number of nodes to 7.47619%.
[INFO] [1772113347.705566431] [cartographer logger]: I0226 22:42:27.000000 214230 collated_trajectory_builder.cc:81] scan rate: 7.49 Hz 1.34e-01 s +/- 1.55e-01 s (pulsed at 111.51% real time)
[INFO] [1772113362.711746206] [cartographer logger]: I0226 22:42:42.000000 214230 collated_trajectory_builder.cc:81] scan rate: 7.73 Hz 1.29e-01 s +/- 1.24e-02 s (pulsed at 99.93% real time)
[INFO] [1772113379.570896543] [cartographer logger]: I0226 22:42:59.000000 214230 collated_trajectory_builder.cc:81] scan rate: 6.10 Hz 1.64e-01 s +/- 1.75e-01 s (pulsed at 111.87% real time)
[INFO] [1772113382.336041345] [cartographer logger]: I0226 22:43:02.000000 214230 pose_graph_2d.cc:148] Inserted submap (0, 9).
[INFO] [1772113394.587651426] [cartographer logger]: I0226 22:43:14.000000 214230 collated_trajectory_builder.cc:81] scan rate: 6.21 Hz 1.61e-01 s +/- 2.47e-02 s (pulsed at 99.50% real time)
[INFO] [1772113411.565500485] [cartographer logger]: I0226 22:43:31.000000 214230 collated_trajectory_builder.cc:81] scan rate: 4.89 Hz 2.05e-01 s +/- 1.98e-01 s (pulsed at 112.20% real time)
[INFO] [1772113426.582314949] [cartographer logger]: I0226 22:43:46.000000 214230 collated_trajectory_builder.cc:81] scan rate: 5.47 Hz 1.83e-01 s +/- 1.57e-02 s (pulsed at 99.94% real time)
[INFO] [1772113427.811426301] [cartographer logger]: I0226 22:43:47.000000 214230 motion_filter.cc:42] Motion filter reduced the number of nodes to 7.58182%.
[INFO] [1772113443.484778590] [cartographer logger]: I0226 22:44:03.000000 214230 collated_trajectory_builder.cc:81] scan rate: 4.73 Hz 2.11e-01 s +/- 2.07e-01 s (pulsed at 112.31% real time)
[INFO] [1772113458.588550479] [cartographer logger]: I0226 22:44:18.000000 214230 collated_trajectory_builder.cc:81] scan rate: 5.89 Hz 1.70e-01 s +/- 1.64e-02 s (pulsed at 100.20% real time)
[INFO] [1772113464.775115193] [cartographer logger]: I0226 22:44:24.000000 214278 pose_graph_2d.cc:538] Remaining work items in queue: 0
[INFO] [1772113475.497051008] [cartographer logger]: I0226 22:44:35.000000 214230 collated_trajectory_builder.cc:81] scan rate: 5.78 Hz 1.73e-01 s +/- 1.87e-01 s (pulsed at 112.31% real time)
[INFO] [1772113490.627749179] [cartographer logger]: I0226 22:44:50.000000 214230 collated_trajectory_builder.cc:81] scan rate: 6.74 Hz 1.48e-01 s +/- 2.33e-02 s (pulsed at 99.98% real time)
[INFO] [1772113507.591680866] [cartographer logger]: I0226 22:45:07.000000 214230 collated_trajectory_builder.cc:81] scan rate: 6.06 Hz 1.65e-01 s +/- 1.91e-01 s (pulsed at 113.15% real time)
[INFO] [1772113513.177656593] [cartographer logger]: I0226 22:45:13.000000 214230 motion_filter.cc:42] Motion filter reduced the number of nodes to 7.49565%.
[INFO] [1772113522.605711051] [cartographer logger]: I0226 22:45:22.000000 214230 collated_trajectory_builder.cc:81] scan rate: 6.58 Hz 1.52e-01 s +/- 2.68e-02 s (pulsed at 100.15% real time)
[INFO] [1772113539.539636124] [cartographer logger]: I0226 22:45:39.000000 214230 collated_trajectory_builder.cc:81] scan rate: 6.66 Hz 1.50e-01 s +/- 1.81e-01 s (pulsed at 112.91% real time)
[INFO] [1772113554.594076988] [cartographer logger]: I0226 22:45:54.000000 214230 collated_trajectory_builder.cc:81] scan rate: 6.77 Hz 1.48e-01 s +/- 2.80e-02 s (pulsed at 100.01% real time)
[INFO] [1772113569.688709094] [cartographer logger]: I0226 22:46:09.000000 214230 collated_trajectory_builder.cc:81] scan rate: 7.02 Hz 1.42e-01 s +/- 1.60e-02 s (pulsed at 100.00% real time)
[INFO] [1772113586.641476234] [cartographer logger]: I0226 22:46:26.000000 214230 collated_trajectory_builder.cc:81] scan rate: 6.42 Hz 1.56e-01 s +/- 1.86e-01 s (pulsed at 113.06% real time)
[INFO] [1772113587.295820607] [cartographer logger]: I0226 22:46:27.000000 214230 motion_filter.cc:42] Motion filter reduced the number of nodes to 7.38333%.
[INFO] [1772113601.698891693] [cartographer logger]: I0226 22:46:41.000000 214230 collated_trajectory_builder.cc:81] scan rate: 7.30 Hz 1.37e-01 s +/- 1.65e-02 s (pulsed at 100.05% real time)
[INFO] [1772113618.674319835] [cartographer logger]: I0226 22:46:58.000000 214230 collated_trajectory_builder.cc:81] scan rate: 6.76 Hz 1.48e-01 s +/- 1.83e-01 s (pulsed at 113.04% real time)
[INFO] [1772113621.448265079] [cartographer logger]: I0226 22:47:01.000000 214230 pose_graph_2d.cc:148] Inserted submap (0, 10).
[INFO] [1772113631.105199024] [cartographer logger]: I0226 22:47:11.000000 214280 pose_graph_2d.cc:538] Remaining work items in queue: 0
[INFO] [1772113633.824648479] [cartographer logger]: I0226 22:47:13.000000 214230 collated_trajectory_builder.cc:81] scan rate: 9.58 Hz 1.04e-01 s +/- 5.66e-02 s (pulsed at 99.26% real time)
[INFO] [1772113635.429671627] [cartographer logger]: I0226 22:47:15.000000 214230 pose_graph_2d.cc:148] Inserted submap (0, 11).
[INFO] [1772113650.894919633] [cartographer logger]: I0226 22:47:30.000000 214230 collated_trajectory_builder.cc:81] scan rate: 4.44 Hz 2.25e-01 s +/- 2.24e-01 s (pulsed at 112.90% real time)
[INFO] [1772113657.844791567] [cartographer logger]: I0226 22:47:37.000000 214230 pose_graph_2d.cc:148] Inserted submap (0, 12).
[INFO] [1772113660.756098848] [cartographer logger]: I0226 22:47:40.000000 214279 pose_graph_2d.cc:538] Remaining work items in queue: 0
[INFO] [1772113661.770491574] [cartographer logger]: I0226 22:47:41.000000 214230 motion_filter.cc:42] Motion filter reduced the number of nodes to 8.72%.
[INFO] [1772113665.899492040] [cartographer logger]: I0226 22:47:45.000000 214230 collated_trajectory_builder.cc:81] scan rate: 5.66 Hz 1.77e-01 s +/- 2.26e-02 s (pulsed at 100.21% real time)
[INFO] [1772113682.876216212] [cartographer logger]: I0226 22:48:02.000000 214230 collated_trajectory_builder.cc:81] scan rate: 6.29 Hz 1.59e-01 s +/- 1.89e-01 s (pulsed at 113.05% real time)
[INFO] [1772113697.953421313] [cartographer logger]: I0226 22:48:17.000000 214230 collated_trajectory_builder.cc:81] scan rate: 6.97 Hz 1.44e-01 s +/- 2.18e-02 s (pulsed at 99.88% real time)
[INFO] [1772113714.767449596] [cartographer logger]: I0226 22:48:34.000000 214230 collated_trajectory_builder.cc:81] scan rate: 5.46 Hz 1.83e-01 s +/- 1.99e-01 s (pulsed at 112.52% real time)
[INFO] [1772113729.857181992] [cartographer logger]: I0226 22:48:49.000000 214230 collated_trajectory_builder.cc:81] scan rate: 5.67 Hz 1.76e-01 s +/- 2.03e-02 s (pulsed at 99.35% real time)
[INFO] [1772113734.421712572] [cartographer logger]: I0226 22:48:54.000000 214230 pose_graph_2d.cc:148] Inserted submap (0, 13).
[INFO] [1772113746.741650623] [cartographer logger]: I0226 22:49:06.000000 214230 collated_trajectory_builder.cc:81] scan rate: 4.55 Hz 2.20e-01 s +/- 2.12e-01 s (pulsed at 113.50% real time)
[INFO] [1772113748.256798339] [cartographer logger]: I0226 22:49:08.000000 214230 motion_filter.cc:42] Motion filter reduced the number of nodes to 9.25385%.
[INFO] [1772113751.417563467] [cartographer logger]: I0226 22:49:11.000000 214280 pose_graph_2d.cc:538] Remaining work items in queue: 0
[INFO] [1772113761.742104445] [cartographer logger]: I0226 22:49:21.000000 214230 collated_trajectory_builder.cc:81] scan rate: 6.12 Hz 1.63e-01 s +/- 2.39e-02 s (pulsed at 100.39% real time)
[INFO] [1772113776.789424109] [cartographer logger]: I0226 22:49:36.000000 214230 collated_trajectory_builder.cc:81] scan rate: 6.70 Hz 1.49e-01 s +/- 2.51e-02 s (pulsed at 100.05% real time)
[INFO] [1772113793.605327111] [cartographer logger]: I0226 22:49:53.000000 214230 collated_trajectory_builder.cc:81] scan rate: 6.95 Hz 1.44e-01 s +/- 1.67e-01 s (pulsed at 112.11% real time)
[INFO] [1772113808.703603877] [cartographer logger]: I0226 22:50:08.000000 214230 collated_trajectory_builder.cc:81] scan rate: 8.44 Hz 1.18e-01 s +/- 1.24e-02 s (pulsed at 99.63% real time)
[INFO] [1772113818.933846587] [cartographer logger]: I0226 22:50:18.000000 214230 motion_filter.cc:42] Motion filter reduced the number of nodes to 9.25926%.
[INFO] [1772113825.525360066] [cartographer logger]: I0226 22:50:25.000000 214230 collated_trajectory_builder.cc:81] scan rate: 7.90 Hz 1.27e-01 s +/- 1.60e-01 s (pulsed at 112.35% real time)
[INFO] [1772113835.185825185] [cartographer logger]: I0226 22:50:35.000000 214230 pose_graph_2d.cc:148] Inserted submap (0, 14).
[INFO] [1772113840.558375143] [cartographer logger]: I0226 22:50:40.000000 214230 collated_trajectory_builder.cc:81] scan rate: 8.79 Hz 1.14e-01 s +/- 1.39e-02 s (pulsed at 99.82% real time)
[INFO] [1772113857.551116851] [cartographer logger]: I0226 22:50:57.000000 214230 collated_trajectory_builder.cc:81] scan rate: 5.70 Hz 1.76e-01 s +/- 1.95e-01 s (pulsed at 112.96% real time)
[INFO] [1772113872.597829299] [cartographer logger]: I0226 22:51:12.000000 214230 collated_trajectory_builder.cc:81] scan rate: 6.44 Hz 1.55e-01 s +/- 1.53e-02 s (pulsed at 100.20% real time)
[INFO] [1772113889.575148377] [cartographer logger]: I0226 22:51:29.000000 214230 collated_trajectory_builder.cc:81] scan rate: 5.94 Hz 1.68e-01 s +/- 1.82e-01 s (pulsed at 112.30% real time)
[INFO] [1772113891.706868437] [cartographer logger]: I0226 22:51:31.000000 214230 motion_filter.cc:42] Motion filter reduced the number of nodes to 9.21429%.
[INFO] [1772113904.629709636] [cartographer logger]: I0226 22:51:44.000000 214230 collated_trajectory_builder.cc:81] scan rate: 6.57 Hz 1.52e-01 s +/- 1.72e-02 s (pulsed at 100.67% real time)
[INFO] [1772113921.643463405] [cartographer logger]: I0226 22:52:01.000000 214230 collated_trajectory_builder.cc:81] scan rate: 5.81 Hz 1.72e-01 s +/- 1.91e-01 s (pulsed at 112.62% real time)
[INFO] [1772113936.705131881] [cartographer logger]: I0226 22:52:16.000000 214230 collated_trajectory_builder.cc:81] scan rate: 6.43 Hz 1.55e-01 s +/- 1.57e-02 s (pulsed at 100.17% real time)
[INFO] [1772113953.581719520] [cartographer logger]: I0226 22:52:33.000000 214230 collated_trajectory_builder.cc:81] scan rate: 5.92 Hz 1.69e-01 s +/- 1.82e-01 s (pulsed at 111.96% real time)
[INFO] [1772113968.672816285] [cartographer logger]: I0226 22:52:48.000000 214230 collated_trajectory_builder.cc:81] scan rate: 6.95 Hz 1.44e-01 s +/- 9.18e-03 s (pulsed at 100.02% real time)
[INFO] [1772113970.737772646] [cartographer logger]: I0226 22:52:50.000000 214230 motion_filter.cc:42] Motion filter reduced the number of nodes to 9.14483%.
[INFO] [1772113985.640363748] [cartographer logger]: I0226 22:53:05.000000 214230 collated_trajectory_builder.cc:81] scan rate: 6.76 Hz 1.48e-01 s +/- 1.59e-02 s (pulsed at 100.01% real time)
[INFO] [1772113987.820905458] [cartographer logger]: I0226 22:53:07.000000 214278 pose_graph_2d.cc:538] Remaining work items in queue: 0
[INFO] [1772114000.679675332] [cartographer logger]: I0226 22:53:20.000000 214230 collated_trajectory_builder.cc:81] scan rate: 6.78 Hz 1.48e-01 s +/- 1.93e-02 s (pulsed at 100.04% real time)
[INFO] [1772114015.713904006] [cartographer logger]: I0226 22:53:35.000000 214230 collated_trajectory_builder.cc:81] scan rate: 6.68 Hz 1.50e-01 s +/- 1.84e-02 s (pulsed at 99.52% real time)
[INFO] [1772114032.725674823] [cartographer logger]: I0226 22:53:52.000000 214230 collated_trajectory_builder.cc:81] scan rate: 5.71 Hz 1.75e-01 s +/- 1.95e-01 s (pulsed at 112.65% real time)
[INFO] [1772114046.160442638] [rclcpp]: signal_handler(SIGINT/SIGTERM)
