[INFO] [1772432210.015907497] [cartographer logger]: I0302 15:16:50.000000 13036 configuration_file_resolver.cc:41] Found '/home/tkddn647/test/install/localization_layer/share/localization_layer/config/cartographer_2d_localization.lua' for 'cartographer_2d_localization.lua'.
[INFO] [1772432210.017117038] [cartographer logger]: I0302 15:16:50.000000 13036 configuration_file_resolver.cc:41] Found '/home/tkddn647/test/install/localization_layer/share/localization_layer/config/cartographer_2d_mapping.lua' for 'cartographer_2d_mapping.lua'.
[INFO] [1772432210.017164219] [cartographer logger]: I0302 15:16:50.000000 13036 configuration_file_resolver.cc:41] Found '/home/tkddn647/test/install/localization_layer/share/localization_layer/config/cartographer_2d_mapping.lua' for 'cartographer_2d_mapping.lua'.
[INFO] [1772432210.017330940] [cartographer logger]: I0302 15:16:50.000000 13036 configuration_file_resolver.cc:41] Found '/home/tkddn647/test/install/localization_layer/share/localization_layer/config/map_builder.lua' for 'map_builder.lua'.
[INFO] [1772432210.017425512] [cartographer logger]: I0302 15:16:50.000000 13036 configuration_file_resolver.cc:41] Found '/home/tkddn647/test/install/localization_layer/share/localization_layer/config/map_builder.lua' for 'map_builder.lua'.
[INFO] [1772432210.017521362] [cartographer logger]: I0302 15:16:50.000000 13036 configuration_file_resolver.cc:41] Found '/home/tkddn647/test/install/localization_layer/share/localization_layer/config/pose_graph.lua' for 'pose_graph.lua'.
[INFO] [1772432210.017549213] [cartographer logger]: I0302 15:16:50.000000 13036 configuration_file_resolver.cc:41] Found '/home/tkddn647/test/install/localization_layer/share/localization_layer/config/pose_graph.lua' for 'pose_graph.lua'.
[INFO] [1772432210.017682722] [cartographer logger]: I0302 15:16:50.000000 13036 configuration_file_resolver.cc:41] Found '/home/tkddn647/test/install/localization_layer/share/localization_layer/config/trajectory_builder.lua' for 'trajectory_builder.lua'.
[INFO] [1772432210.017704687] [cartographer logger]: I0302 15:16:50.000000 13036 configuration_file_resolver.cc:41] Found '/home/tkddn647/test/install/localization_layer/share/localization_layer/config/trajectory_builder.lua' for 'trajectory_builder.lua'.
[INFO] [1772432210.017766570] [cartographer logger]: I0302 15:16:50.000000 13036 configuration_file_resolver.cc:41] Found '/opt/ros/humble/share/cartographer/configuration_files/trajectory_builder_2d.lua' for 'trajectory_builder_2d.lua'.
[INFO] [1772432210.017803028] [cartographer logger]: I0302 15:16:50.000000 13036 configuration_file_resolver.cc:41] Found '/opt/ros/humble/share/cartographer/configuration_files/trajectory_builder_2d.lua' for 'trajectory_builder_2d.lua'.
[INFO] [1772432210.018172862] [cartographer logger]: I0302 15:16:50.000000 13036 configuration_file_resolver.cc:41] Found '/opt/ros/humble/share/cartographer/configuration_files/trajectory_builder_3d.lua' for 'trajectory_builder_3d.lua'.
[INFO] [1772432210.018266045] [cartographer logger]: I0302 15:16:50.000000 13036 configuration_file_resolver.cc:41] Found '/opt/ros/humble/share/cartographer/configuration_files/trajectory_builder_3d.lua' for 'trajectory_builder_3d.lua'.
[INFO] [1772432210.043511863] [cartographer logger]: I0302 15:16:50.000000 13036 map_builder_bridge.cpp:117] Loading saved state '/home/tkddn647/test/maps/sim_map_20260227_205833.pbstream'...
[INFO] [1772432210.562237125] [cartographer logger]: I0302 15:16:50.000000 13036 map_builder_bridge.cpp:136] Added trajectory with ID '1'.
[INFO] [1772432211.293849546] [cartographer logger]: I0302 15:16:51.000000 13036 ordered_multi_queue.cc:172] All sensor data for trajectory 1 is available starting at '639080290111216430'.
[WARN] [1772432211.295309012] [cartographer logger]: W0302 15:16:51.000000 13036 pose_extrapolator.cc:168] Queue too short for velocity estimation. Queue duration: 0 s
[INFO] [1772432211.297445392] [cartographer logger]: I0302 15:16:51.000000 13036 pose_graph_2d.cc:148] Inserted submap (1, 0).
[INFO] [1772432220.998941624] [cartographer logger]: I0302 15:17:00.000000 13085 pose_graph_2d.cc:538] Remaining work items in queue: 0
[INFO] [1772432227.739692351] [cartographer logger]: I0302 15:17:07.000000 13036 collated_trajectory_builder.cc:81] scan rate: 2.10 Hz 4.76e-01 s +/- 1.29e+00 s (pulsed at 90.64% real time)
[INFO] [1772432238.268348775] [cartographer logger]: I0302 15:17:18.000000 13084 pose_graph_2d.cc:538] Remaining work items in queue: 0
[INFO] [1772432241.242378803] [cartographer logger]: I0302 15:17:21.000000 13036 collated_trajectory_builder.cc:81] scan rate: 1.63 Hz 6.14e-01 s +/- 1.45e+00 s (pulsed at 132.87% real time)
[INFO] [1772432262.532488891] [cartographer logger]: I0302 15:17:42.000000 13036 collated_trajectory_builder.cc:81] scan rate: 1.28 Hz 7.83e-01 s +/- 1.67e+00 s (pulsed at 156.36% real time)
[INFO] [1772432272.805613663] [cartographer logger]: I0302 15:17:52.000000 13036 collated_trajectory_builder.cc:81] scan rate: 1.79 Hz 5.58e-01 s +/- 1.39e+00 s (pulsed at 91.54% real time)
[INFO] [1772432283.050197247] [cartographer logger]: I0302 15:18:03.000000 13083 pose_graph_2d.cc:538] Remaining work items in queue: 0
[INFO] [1772432286.421170540] [cartographer logger]: I0302 15:18:06.000000 13036 collated_trajectory_builder.cc:81] scan rate: 1.72 Hz 5.81e-01 s +/- 1.41e+00 s (pulsed at 133.01% real time)
[INFO] [1772432300.648666883] [cartographer logger]: I0302 15:18:20.000000 13036 collated_trajectory_builder.cc:81] scan rate: 4.55 Hz 2.20e-01 s +/- 5.81e-02 s (pulsed at 30.96% real time)
[INFO] [1772432322.630188949] [cartographer logger]: I0302 15:18:42.000000 13036 collated_trajectory_builder.cc:81] scan rate: 1.23 Hz 8.15e-01 s +/- 1.72e+00 s (pulsed at 157.52% real time)
[INFO] [1772432332.904931287] [cartographer logger]: I0302 15:18:52.000000 13036 collated_trajectory_builder.cc:81] scan rate: 1.90 Hz 5.28e-01 s +/- 1.35e+00 s (pulsed at 90.66% real time)
[INFO] [1772432334.138288179] [rclcpp]: signal_handler(SIGINT/SIGTERM)
