[INFO] [1772108864.938920725] [cartographer logger]: I0226 21:27:44.000000 186849 configuration_file_resolver.cc:41] Found '/home/tkddn647/test/install/localization_layer/share/localization_layer/config/cartographer_2d_mapping_lidar_only.lua' for 'cartographer_2d_mapping_lidar_only.lua'.
[INFO] [1772108864.939299718] [cartographer logger]: I0226 21:27:44.000000 186849 configuration_file_resolver.cc:41] Found '/home/tkddn647/test/install/localization_layer/share/localization_layer/config/map_builder.lua' for 'map_builder.lua'.
[INFO] [1772108864.939329749] [cartographer logger]: I0226 21:27:44.000000 186849 configuration_file_resolver.cc:41] Found '/home/tkddn647/test/install/localization_layer/share/localization_layer/config/map_builder.lua' for 'map_builder.lua'.
[INFO] [1772108864.939381185] [cartographer logger]: I0226 21:27:44.000000 186849 configuration_file_resolver.cc:41] Found '/home/tkddn647/test/install/localization_layer/share/localization_layer/config/pose_graph.lua' for 'pose_graph.lua'.
[INFO] [1772108864.939405644] [cartographer logger]: I0226 21:27:44.000000 186849 configuration_file_resolver.cc:41] Found '/home/tkddn647/test/install/localization_layer/share/localization_layer/config/pose_graph.lua' for 'pose_graph.lua'.
[INFO] [1772108864.939547783] [cartographer logger]: I0226 21:27:44.000000 186849 configuration_file_resolver.cc:41] Found '/home/tkddn647/test/install/localization_layer/share/localization_layer/config/trajectory_builder.lua' for 'trajectory_builder.lua'.
[INFO] [1772108864.939571555] [cartographer logger]: I0226 21:27:44.000000 186849 configuration_file_resolver.cc:41] Found '/home/tkddn647/test/install/localization_layer/share/localization_layer/config/trajectory_builder.lua' for 'trajectory_builder.lua'.
[INFO] [1772108864.939626750] [cartographer logger]: I0226 21:27:44.000000 186849 configuration_file_resolver.cc:41] Found '/opt/ros/humble/share/cartographer/configuration_files/trajectory_builder_2d.lua' for 'trajectory_builder_2d.lua'.
[INFO] [1772108864.939654413] [cartographer logger]: I0226 21:27:44.000000 186849 configuration_file_resolver.cc:41] Found '/opt/ros/humble/share/cartographer/configuration_files/trajectory_builder_2d.lua' for 'trajectory_builder_2d.lua'.
[INFO] [1772108864.939821020] [cartographer logger]: I0226 21:27:44.000000 186849 configuration_file_resolver.cc:41] Found '/opt/ros/humble/share/cartographer/configuration_files/trajectory_builder_3d.lua' for 'trajectory_builder_3d.lua'.
[INFO] [1772108864.939850900] [cartographer logger]: I0226 21:27:44.000000 186849 configuration_file_resolver.cc:41] Found '/opt/ros/humble/share/cartographer/configuration_files/trajectory_builder_3d.lua' for 'trajectory_builder_3d.lua'.
[INFO] [1772108864.968407407] [cartographer logger]: I0226 21:27:44.000000 186849 map_builder_bridge.cpp:136] Added trajectory with ID '0'.
[INFO] [1772108866.519989846] [cartographer logger]: I0226 21:27:46.000000 186849 ordered_multi_queue.cc:172] All sensor data for trajectory 0 is available starting at '639077056663900315'.
[WARN] [1772108866.521969792] [cartographer logger]: W0226 21:27:46.000000 186849 pose_extrapolator.cc:168] Queue too short for velocity estimation. Queue duration: 0 s
[INFO] [1772108866.528066435] [cartographer logger]: I0226 21:27:46.000000 186849 pose_graph_2d.cc:148] Inserted submap (0, 0).
[INFO] [1772108880.054471227] [cartographer logger]: I0226 21:28:00.000000 186849 collated_trajectory_builder.cc:81] scan rate: 7.25 Hz 1.38e-01 s +/- 2.01e-02 s (pulsed at 99.87% real time)
[INFO] [1772108896.649330641] [cartographer logger]: I0226 21:28:16.000000 186849 collated_trajectory_builder.cc:81] scan rate: 5.71 Hz 1.75e-01 s +/- 1.60e-01 s (pulsed at 110.61% real time)
[INFO] [1772108911.755192078] [cartographer logger]: I0226 21:28:31.000000 186849 collated_trajectory_builder.cc:81] scan rate: 6.29 Hz 1.59e-01 s +/- 1.46e-02 s (pulsed at 99.82% real time)
[INFO] [1772108928.395598276] [cartographer logger]: I0226 21:28:48.000000 186849 collated_trajectory_builder.cc:81] scan rate: 5.22 Hz 1.92e-01 s +/- 1.68e-01 s (pulsed at 110.33% real time)
[INFO] [1772108943.403762015] [cartographer logger]: I0226 21:29:03.000000 186849 collated_trajectory_builder.cc:81] scan rate: 6.01 Hz 1.66e-01 s +/- 4.25e-02 s (pulsed at 99.73% real time)
[INFO] [1772108950.436916191] [cartographer logger]: I0226 21:29:10.000000 186849 motion_filter.cc:42] Motion filter reduced the number of nodes to 8.4%.
[INFO] [1772108959.951345746] [cartographer logger]: I0226 21:29:19.000000 186849 collated_trajectory_builder.cc:81] scan rate: 4.64 Hz 2.15e-01 s +/- 1.80e-01 s (pulsed at 110.34% real time)
[INFO] [1772108975.083743934] [cartographer logger]: I0226 21:29:35.000000 186849 collated_trajectory_builder.cc:81] scan rate: 6.02 Hz 1.66e-01 s +/- 1.39e-02 s (pulsed at 100.00% real time)
[INFO] [1772108990.196656321] [cartographer logger]: I0226 21:29:50.000000 186849 collated_trajectory_builder.cc:81] scan rate: 5.33 Hz 1.87e-01 s +/- 2.43e-02 s (pulsed at 99.15% real time)
[INFO] [1772109007.075340838] [cartographer logger]: I0226 21:30:07.000000 186849 collated_trajectory_builder.cc:81] scan rate: 4.74 Hz 2.11e-01 s +/- 1.89e-01 s (pulsed at 110.99% real time)
[INFO] [1772109016.451863412] [rclcpp]: signal_handler(SIGINT/SIGTERM)
