[INFO] [1772432519.343047325] [cartographer logger]: I0302 15:21:59.000000 15891 configuration_file_resolver.cc:41] Found '/home/tkddn647/test/install/localization_layer/share/localization_layer/config/cartographer_2d_localization.lua' for 'cartographer_2d_localization.lua'.
[INFO] [1772432519.343369009] [cartographer logger]: I0302 15:21:59.000000 15891 configuration_file_resolver.cc:41] Found '/home/tkddn647/test/install/localization_layer/share/localization_layer/config/cartographer_2d_mapping.lua' for 'cartographer_2d_mapping.lua'.
[INFO] [1772432519.343408497] [cartographer logger]: I0302 15:21:59.000000 15891 configuration_file_resolver.cc:41] Found '/home/tkddn647/test/install/localization_layer/share/localization_layer/config/cartographer_2d_mapping.lua' for 'cartographer_2d_mapping.lua'.
[INFO] [1772432519.343514476] [cartographer logger]: I0302 15:21:59.000000 15891 configuration_file_resolver.cc:41] Found '/home/tkddn647/test/install/localization_layer/share/localization_layer/config/map_builder.lua' for 'map_builder.lua'.
[INFO] [1772432519.343541312] [cartographer logger]: I0302 15:21:59.000000 15891 configuration_file_resolver.cc:41] Found '/home/tkddn647/test/install/localization_layer/share/localization_layer/config/map_builder.lua' for 'map_builder.lua'.
[INFO] [1772432519.343588857] [cartographer logger]: I0302 15:21:59.000000 15891 configuration_file_resolver.cc:41] Found '/home/tkddn647/test/install/localization_layer/share/localization_layer/config/pose_graph.lua' for 'pose_graph.lua'.
[INFO] [1772432519.343612960] [cartographer logger]: I0302 15:21:59.000000 15891 configuration_file_resolver.cc:41] Found '/home/tkddn647/test/install/localization_layer/share/localization_layer/config/pose_graph.lua' for 'pose_graph.lua'.
[INFO] [1772432519.343828753] [cartographer logger]: I0302 15:21:59.000000 15891 configuration_file_resolver.cc:41] Found '/home/tkddn647/test/install/localization_layer/share/localization_layer/config/trajectory_builder.lua' for 'trajectory_builder.lua'.
[INFO] [1772432519.343863083] [cartographer logger]: I0302 15:21:59.000000 15891 configuration_file_resolver.cc:41] Found '/home/tkddn647/test/install/localization_layer/share/localization_layer/config/trajectory_builder.lua' for 'trajectory_builder.lua'.
[INFO] [1772432519.346128917] [cartographer logger]: I0302 15:21:59.000000 15891 configuration_file_resolver.cc:41] Found '/opt/ros/humble/share/cartographer/configuration_files/trajectory_builder_2d.lua' for 'trajectory_builder_2d.lua'.
[INFO] [1772432519.346164427] [cartographer logger]: I0302 15:21:59.000000 15891 configuration_file_resolver.cc:41] Found '/opt/ros/humble/share/cartographer/configuration_files/trajectory_builder_2d.lua' for 'trajectory_builder_2d.lua'.
[INFO] [1772432519.346301022] [cartographer logger]: I0302 15:21:59.000000 15891 configuration_file_resolver.cc:41] Found '/opt/ros/humble/share/cartographer/configuration_files/trajectory_builder_3d.lua' for 'trajectory_builder_3d.lua'.
[INFO] [1772432519.346326469] [cartographer logger]: I0302 15:21:59.000000 15891 configuration_file_resolver.cc:41] Found '/opt/ros/humble/share/cartographer/configuration_files/trajectory_builder_3d.lua' for 'trajectory_builder_3d.lua'.
[INFO] [1772432519.380787440] [cartographer logger]: I0302 15:21:59.000000 15891 map_builder_bridge.cpp:117] Loading saved state '/home/tkddn647/test/maps/sim_map_20260227_205833.pbstream'...
[INFO] [1772432519.879078068] [cartographer logger]: I0302 15:21:59.000000 15891 map_builder_bridge.cpp:136] Added trajectory with ID '1'.
[INFO] [1772432520.566744601] [cartographer logger]: I0302 15:22:00.000000 15891 ordered_multi_queue.cc:172] All sensor data for trajectory 1 is available starting at '639080293204206328'.
[WARN] [1772432520.568672738] [cartographer logger]: W0302 15:22:00.000000 15891 pose_extrapolator.cc:168] Queue too short for velocity estimation. Queue duration: 0 s
[INFO] [1772432520.570602175] [cartographer logger]: I0302 15:22:00.000000 15891 pose_graph_2d.cc:148] Inserted submap (1, 0).
[INFO] [1772432530.564612295] [cartographer logger]: I0302 15:22:10.000000 15940 pose_graph_2d.cc:538] Remaining work items in queue: 0
[INFO] [1772432542.861742650] [cartographer logger]: I0302 15:22:22.000000 15891 collated_trajectory_builder.cc:81] scan rate: 1.22 Hz 8.23e-01 s +/- 1.74e+00 s (pulsed at 157.62% real time)
[INFO] [1772432553.226470603] [cartographer logger]: I0302 15:22:33.000000 15891 collated_trajectory_builder.cc:81] scan rate: 1.97 Hz 5.07e-01 s +/- 1.32e+00 s (pulsed at 90.86% real time)
[INFO] [1772432555.404542854] [cartographer logger]: I0302 15:22:35.000000 15937 pose_graph_2d.cc:538] Remaining work items in queue: 0
[INFO] [1772432568.147630633] [cartographer logger]: I0302 15:22:48.000000 15891 collated_trajectory_builder.cc:81] scan rate: 0.90 Hz 1.11e+00 s +/- 2.08e+00 s (pulsed at 90.11% real time)
[INFO] [1772432583.208224680] [cartographer logger]: I0302 15:23:03.000000 15891 collated_trajectory_builder.cc:81] scan rate: 1.04 Hz 9.63e-01 s +/- 1.93e+00 s (pulsed at 90.01% real time)
[INFO] [1772432596.823629319] [cartographer logger]: I0302 15:23:16.000000 15891 collated_trajectory_builder.cc:81] scan rate: 1.87 Hz 5.34e-01 s +/- 1.35e+00 s (pulsed at 133.14% real time)
[INFO] [1772432607.336526932] [rclcpp]: signal_handler(SIGINT/SIGTERM)
