[INFO] [1772103925.753673176] [cartographer logger]: I0226 20:05:25.000000 147320 configuration_file_resolver.cc:41] Found '/home/tkddn647/test/install/localization_layer/share/localization_layer/config/cartographer_2d_mapping.lua' for 'cartographer_2d_mapping.lua'.
[INFO] [1772103925.754140984] [cartographer logger]: I0226 20:05:25.000000 147320 configuration_file_resolver.cc:41] Found '/home/tkddn647/test/install/localization_layer/share/localization_layer/config/map_builder.lua' for 'map_builder.lua'.
[INFO] [1772103925.754175946] [cartographer logger]: I0226 20:05:25.000000 147320 configuration_file_resolver.cc:41] Found '/home/tkddn647/test/install/localization_layer/share/localization_layer/config/map_builder.lua' for 'map_builder.lua'.
[INFO] [1772103925.754233253] [cartographer logger]: I0226 20:05:25.000000 147320 configuration_file_resolver.cc:41] Found '/home/tkddn647/test/install/localization_layer/share/localization_layer/config/pose_graph.lua' for 'pose_graph.lua'.
[INFO] [1772103925.754257109] [cartographer logger]: I0226 20:05:25.000000 147320 configuration_file_resolver.cc:41] Found '/home/tkddn647/test/install/localization_layer/share/localization_layer/config/pose_graph.lua' for 'pose_graph.lua'.
[INFO] [1772103925.754464233] [cartographer logger]: I0226 20:05:25.000000 147320 configuration_file_resolver.cc:41] Found '/home/tkddn647/test/install/localization_layer/share/localization_layer/config/trajectory_builder.lua' for 'trajectory_builder.lua'.
[INFO] [1772103925.754505846] [cartographer logger]: I0226 20:05:25.000000 147320 configuration_file_resolver.cc:41] Found '/home/tkddn647/test/install/localization_layer/share/localization_layer/config/trajectory_builder.lua' for 'trajectory_builder.lua'.
[INFO] [1772103925.754570075] [cartographer logger]: I0226 20:05:25.000000 147320 configuration_file_resolver.cc:41] Found '/opt/ros/humble/share/cartographer/configuration_files/trajectory_builder_2d.lua' for 'trajectory_builder_2d.lua'.
[INFO] [1772103925.754598647] [cartographer logger]: I0226 20:05:25.000000 147320 configuration_file_resolver.cc:41] Found '/opt/ros/humble/share/cartographer/configuration_files/trajectory_builder_2d.lua' for 'trajectory_builder_2d.lua'.
[INFO] [1772103925.755042551] [cartographer logger]: I0226 20:05:25.000000 147320 configuration_file_resolver.cc:41] Found '/opt/ros/humble/share/cartographer/configuration_files/trajectory_builder_3d.lua' for 'trajectory_builder_3d.lua'.
[INFO] [1772103925.755083999] [cartographer logger]: I0226 20:05:25.000000 147320 configuration_file_resolver.cc:41] Found '/opt/ros/humble/share/cartographer/configuration_files/trajectory_builder_3d.lua' for 'trajectory_builder_3d.lua'.
[INFO] [1772103925.784660521] [cartographer logger]: I0226 20:05:25.000000 147320 map_builder_bridge.cpp:136] Added trajectory with ID '0'.
[INFO] [1772103926.353270208] [cartographer logger]: I0226 20:05:26.000000 147320 ordered_multi_queue.cc:172] All sensor data for trajectory 0 is available starting at '639077007262667871'.
[INFO] [1772103926.441105132] [cartographer logger]: I0226 20:05:26.000000 147320 local_trajectory_builder_2d.cc:312] Extrapolator not yet initialized.
[WARN] [1772103926.442695516] [cartographer logger]: W0226 20:05:26.000000 147320 pose_extrapolator.cc:168] Queue too short for velocity estimation. Queue duration: 0.0009725 s
[INFO] [1772103926.461579294] [cartographer logger]: I0226 20:05:26.000000 147320 pose_graph_2d.cc:148] Inserted submap (0, 0).
[INFO] [1772103940.851474418] [cartographer logger]: I0226 20:05:40.000000 147320 collated_trajectory_builder.cc:81] imu rate: 8.45 Hz 1.18e-01 s +/- 4.17e-02 s (pulsed at 100.60% real time)
[INFO] [1772103940.851647735] [cartographer logger]: I0226 20:05:40.000000 147320 collated_trajectory_builder.cc:81] odom rate: 5.55 Hz 1.80e-01 s +/- 2.84e-02 s (pulsed at 100.63% real time)
[INFO] [1772103940.851673406] [cartographer logger]: I0226 20:05:40.000000 147320 collated_trajectory_builder.cc:81] scan rate: 10.90 Hz 9.18e-02 s +/- 1.32e-02 s (pulsed at 99.96% real time)
[INFO] [1772103957.067616619] [cartographer logger]: I0226 20:05:57.000000 147320 collated_trajectory_builder.cc:81] imu rate: 7.32 Hz 1.37e-01 s +/- 1.13e-01 s (pulsed at 107.80% real time)
[INFO] [1772103957.067800191] [cartographer logger]: I0226 20:05:57.000000 147320 collated_trajectory_builder.cc:81] odom rate: 5.21 Hz 1.92e-01 s +/- 1.30e-01 s (pulsed at 107.78% real time)
[INFO] [1772103957.067836516] [cartographer logger]: I0226 20:05:57.000000 147320 collated_trajectory_builder.cc:81] scan rate: 10.11 Hz 9.89e-02 s +/- 9.12e-02 s (pulsed at 107.75% real time)
[INFO] [1772103965.390758205] [cartographer logger]: I0226 20:06:05.000000 147320 pose_graph_2d.cc:148] Inserted submap (0, 1).
[INFO] [1772103972.132815463] [cartographer logger]: I0226 20:06:12.000000 147320 collated_trajectory_builder.cc:81] imu rate: 8.33 Hz 1.20e-01 s +/- 4.32e-02 s (pulsed at 100.14% real time)
[INFO] [1772103972.132904839] [cartographer logger]: I0226 20:06:12.000000 147320 collated_trajectory_builder.cc:81] odom rate: 5.68 Hz 1.76e-01 s +/- 2.95e-02 s (pulsed at 100.04% real time)
[INFO] [1772103972.132927605] [cartographer logger]: I0226 20:06:12.000000 147320 collated_trajectory_builder.cc:81] scan rate: 10.82 Hz 9.24e-02 s +/- 9.54e-03 s (pulsed at 100.10% real time)
[INFO] [1772103973.512702581] [cartographer logger]: I0226 20:06:13.000000 147320 motion_filter.cc:42] Motion filter reduced the number of nodes to 22%.
[INFO] [1772103978.613323312] [cartographer logger]: I0226 20:06:18.000000 147368 pose_graph_2d.cc:538] Remaining work items in queue: 1
[INFO] [1772103988.318467845] [cartographer logger]: I0226 20:06:28.000000 147320 collated_trajectory_builder.cc:81] imu rate: 7.49 Hz 1.34e-01 s +/- 1.07e-01 s (pulsed at 107.58% real time)
[INFO] [1772103988.318544258] [cartographer logger]: I0226 20:06:28.000000 147320 collated_trajectory_builder.cc:81] odom rate: 5.64 Hz 1.77e-01 s +/- 1.20e-01 s (pulsed at 107.53% real time)
[INFO] [1772103988.318562032] [cartographer logger]: I0226 20:06:28.000000 147320 collated_trajectory_builder.cc:81] scan rate: 10.92 Hz 9.16e-02 s +/- 8.49e-02 s (pulsed at 108.15% real time)
[INFO] [1772104000.674950923] [cartographer logger]: I0226 20:06:40.000000 147320 pose_graph_2d.cc:148] Inserted submap (0, 2).
[INFO] [1772104003.376607036] [cartographer logger]: I0226 20:06:43.000000 147320 collated_trajectory_builder.cc:81] imu rate: 8.94 Hz 1.12e-01 s +/- 4.28e-02 s (pulsed at 100.08% real time)
[INFO] [1772104003.376722970] [cartographer logger]: I0226 20:06:43.000000 147320 collated_trajectory_builder.cc:81] odom rate: 6.31 Hz 1.59e-01 s +/- 3.18e-02 s (pulsed at 99.94% real time)
[INFO] [1772104003.376746480] [cartographer logger]: I0226 20:06:43.000000 147320 collated_trajectory_builder.cc:81] scan rate: 12.07 Hz 8.28e-02 s +/- 1.23e-02 s (pulsed at 100.57% real time)
[INFO] [1772104016.473234500] [cartographer logger]: I0226 20:06:56.000000 147320 motion_filter.cc:42] Motion filter reduced the number of nodes to 24.1%.
[INFO] [1772104016.683426371] [cartographer logger]: I0226 20:06:56.000000 147368 pose_graph_2d.cc:538] Remaining work items in queue: 1
[INFO] [1772104019.505014239] [cartographer logger]: I0226 20:06:59.000000 147320 collated_trajectory_builder.cc:81] imu rate: 9.02 Hz 1.11e-01 s +/- 1.01e-01 s (pulsed at 107.31% real time)
[INFO] [1772104019.505085244] [cartographer logger]: I0226 20:06:59.000000 147320 collated_trajectory_builder.cc:81] odom rate: 6.06 Hz 1.65e-01 s +/- 1.17e-01 s (pulsed at 107.55% real time)
[INFO] [1772104019.505101933] [cartographer logger]: I0226 20:06:59.000000 147320 collated_trajectory_builder.cc:81] scan rate: 11.56 Hz 8.65e-02 s +/- 8.20e-02 s (pulsed at 106.93% real time)
[INFO] [1772104027.798864893] [cartographer logger]: I0226 20:07:07.000000 147320 pose_graph_2d.cc:148] Inserted submap (0, 3).
[INFO] [1772104034.562573362] [cartographer logger]: I0226 20:07:14.000000 147320 collated_trajectory_builder.cc:81] imu rate: 9.46 Hz 1.06e-01 s +/- 3.71e-02 s (pulsed at 100.09% real time)
[INFO] [1772104034.562694897] [cartographer logger]: I0226 20:07:14.000000 147320 collated_trajectory_builder.cc:81] odom rate: 6.24 Hz 1.60e-01 s +/- 2.09e-02 s (pulsed at 100.06% real time)
[INFO] [1772104034.562845497] [cartographer logger]: I0226 20:07:14.000000 147320 collated_trajectory_builder.cc:81] scan rate: 12.28 Hz 8.14e-02 s +/- 9.08e-03 s (pulsed at 100.06% real time)
[INFO] [1772104050.739372710] [cartographer logger]: I0226 20:07:30.000000 147320 collated_trajectory_builder.cc:81] imu rate: 8.76 Hz 1.14e-01 s +/- 9.86e-02 s (pulsed at 107.40% real time)
[INFO] [1772104050.739481627] [cartographer logger]: I0226 20:07:30.000000 147320 collated_trajectory_builder.cc:81] odom rate: 6.09 Hz 1.64e-01 s +/- 1.17e-01 s (pulsed at 107.34% real time)
[INFO] [1772104050.739509004] [cartographer logger]: I0226 20:07:30.000000 147320 collated_trajectory_builder.cc:81] scan rate: 11.56 Hz 8.65e-02 s +/- 8.14e-02 s (pulsed at 107.89% real time)
[INFO] [1772104051.216065659] [cartographer logger]: I0226 20:07:31.000000 147320 pose_graph_2d.cc:148] Inserted submap (0, 4).
[INFO] [1772104052.018946364] [cartographer logger]: I0226 20:07:32.000000 147368 pose_graph_2d.cc:538] Remaining work items in queue: 1
[INFO] [1772104058.760299803] [cartographer logger]: I0226 20:07:38.000000 147320 motion_filter.cc:42] Motion filter reduced the number of nodes to 26.0667%.
[INFO] [1772104065.765794539] [cartographer logger]: I0226 20:07:45.000000 147320 collated_trajectory_builder.cc:81] imu rate: 9.23 Hz 1.08e-01 s +/- 3.86e-02 s (pulsed at 100.01% real time)
[INFO] [1772104065.765862723] [cartographer logger]: I0226 20:07:45.000000 147320 collated_trajectory_builder.cc:81] odom rate: 6.72 Hz 1.49e-01 s +/- 2.66e-02 s (pulsed at 100.01% real time)
[INFO] [1772104065.765878468] [cartographer logger]: I0226 20:07:45.000000 147320 collated_trajectory_builder.cc:81] scan rate: 12.97 Hz 7.71e-02 s +/- 1.02e-02 s (pulsed at 100.41% real time)
[INFO] [1772104073.238698833] [cartographer logger]: I0226 20:07:53.000000 147320 pose_graph_2d.cc:148] Inserted submap (0, 5).
[INFO] [1772104081.998280441] [cartographer logger]: I0226 20:08:01.000000 147320 collated_trajectory_builder.cc:81] imu rate: 8.95 Hz 1.12e-01 s +/- 1.03e-01 s (pulsed at 107.96% real time)
[INFO] [1772104081.998391545] [cartographer logger]: I0226 20:08:01.000000 147320 collated_trajectory_builder.cc:81] odom rate: 6.68 Hz 1.50e-01 s +/- 1.18e-01 s (pulsed at 107.95% real time)
[INFO] [1772104081.998479680] [cartographer logger]: I0226 20:08:01.000000 147320 collated_trajectory_builder.cc:81] scan rate: 12.56 Hz 7.96e-02 s +/- 8.37e-02 s (pulsed at 107.95% real time)
[INFO] [1772104083.378713484] [cartographer logger]: I0226 20:08:03.000000 147368 pose_graph_2d.cc:538] Remaining work items in queue: 0
[INFO] [1772104096.650897940] [cartographer logger]: I0226 20:08:16.000000 147320 motion_filter.cc:42] Motion filter reduced the number of nodes to 26.85%.
[INFO] [1772104097.081127970] [cartographer logger]: I0226 20:08:17.000000 147320 collated_trajectory_builder.cc:81] imu rate: 9.65 Hz 1.04e-01 s +/- 3.85e-02 s (pulsed at 99.91% real time)
[INFO] [1772104097.081209315] [cartographer logger]: I0226 20:08:17.000000 147320 collated_trajectory_builder.cc:81] odom rate: 7.21 Hz 1.39e-01 s +/- 2.89e-02 s (pulsed at 100.03% real time)
[INFO] [1772104097.081226523] [cartographer logger]: I0226 20:08:17.000000 147320 collated_trajectory_builder.cc:81] scan rate: 13.69 Hz 7.31e-02 s +/- 1.08e-02 s (pulsed at 100.37% real time)
[INFO] [1772104097.382241627] [cartographer logger]: I0226 20:08:17.000000 147320 pose_graph_2d.cc:148] Inserted submap (0, 6).
[INFO] [1772104112.713355451] [cartographer logger]: I0226 20:08:32.000000 147371 pose_graph_2d.cc:538] Remaining work items in queue: 0
[INFO] [1772104113.187267222] [cartographer logger]: I0226 20:08:33.000000 147320 collated_trajectory_builder.cc:81] imu rate: 9.23 Hz 1.08e-01 s +/- 9.25e-02 s (pulsed at 107.09% real time)
[INFO] [1772104113.187359372] [cartographer logger]: I0226 20:08:33.000000 147320 collated_trajectory_builder.cc:81] odom rate: 6.67 Hz 1.50e-01 s +/- 1.06e-01 s (pulsed at 107.09% real time)
[INFO] [1772104113.187388451] [cartographer logger]: I0226 20:08:33.000000 147320 collated_trajectory_builder.cc:81] scan rate: 12.42 Hz 8.05e-02 s +/- 7.54e-02 s (pulsed at 106.49% real time)
[INFO] [1772104119.566454866] [cartographer logger]: I0226 20:08:39.000000 147320 pose_graph_2d.cc:148] Inserted submap (0, 7).
[INFO] [1772104128.231925999] [cartographer logger]: I0226 20:08:48.000000 147320 collated_trajectory_builder.cc:81] imu rate: 9.55 Hz 1.05e-01 s +/- 3.87e-02 s (pulsed at 99.98% real time)
[INFO] [1772104128.232015670] [cartographer logger]: I0226 20:08:48.000000 147320 collated_trajectory_builder.cc:81] odom rate: 6.78 Hz 1.47e-01 s +/- 2.48e-02 s (pulsed at 100.04% real time)
[INFO] [1772104128.232039403] [cartographer logger]: I0226 20:08:48.000000 147320 collated_trajectory_builder.cc:81] scan rate: 13.03 Hz 7.68e-02 s +/- 1.07e-02 s (pulsed at 100.06% real time)
[INFO] [1772104135.590117279] [cartographer logger]: I0226 20:08:55.000000 147320 motion_filter.cc:42] Motion filter reduced the number of nodes to 27.96%.
[INFO] [1772104140.734031648] [cartographer logger]: I0226 20:09:00.000000 147320 pose_graph_2d.cc:148] Inserted submap (0, 8).
[INFO] [1772104141.415588905] [cartographer logger]: I0226 20:09:01.000000 147371 pose_graph_2d.cc:538] Remaining work items in queue: 1
[INFO] [1772104143.246975861] [cartographer logger]: I0226 20:09:03.000000 147320 collated_trajectory_builder.cc:81] imu rate: 10.09 Hz 9.91e-02 s +/- 3.46e-02 s (pulsed at 100.02% real time)
[INFO] [1772104143.247058666] [cartographer logger]: I0226 20:09:03.000000 147320 collated_trajectory_builder.cc:81] odom rate: 7.07 Hz 1.41e-01 s +/- 1.90e-02 s (pulsed at 99.96% real time)
[INFO] [1772104143.247078052] [cartographer logger]: I0226 20:09:03.000000 147320 collated_trajectory_builder.cc:81] scan rate: 13.79 Hz 7.25e-02 s +/- 7.06e-03 s (pulsed at 99.96% real time)
[INFO] [1772104159.536051407] [cartographer logger]: I0226 20:09:19.000000 147320 collated_trajectory_builder.cc:81] imu rate: 9.17 Hz 1.09e-01 s +/- 1.13e-01 s (pulsed at 108.28% real time)
[INFO] [1772104159.536143614] [cartographer logger]: I0226 20:09:19.000000 147320 collated_trajectory_builder.cc:81] odom rate: 6.47 Hz 1.55e-01 s +/- 1.25e-01 s (pulsed at 108.31% real time)
[INFO] [1772104159.536167944] [cartographer logger]: I0226 20:09:19.000000 147320 collated_trajectory_builder.cc:81] scan rate: 12.45 Hz 8.04e-02 s +/- 8.70e-02 s (pulsed at 108.77% real time)
[INFO] [1772104164.701400504] [cartographer logger]: I0226 20:09:24.000000 147320 pose_graph_2d.cc:148] Inserted submap (0, 9).
[INFO] [1772104173.659046731] [cartographer logger]: I0226 20:09:33.000000 147320 motion_filter.cc:42] Motion filter reduced the number of nodes to 28.1%.
[INFO] [1772104174.489892633] [cartographer logger]: I0226 20:09:34.000000 147370 pose_graph_2d.cc:538] Remaining work items in queue: 0
[INFO] [1772104174.598846651] [cartographer logger]: I0226 20:09:34.000000 147320 collated_trajectory_builder.cc:81] imu rate: 9.70 Hz 1.03e-01 s +/- 3.83e-02 s (pulsed at 99.71% real time)
[INFO] [1772104174.598948993] [cartographer logger]: I0226 20:09:34.000000 147320 collated_trajectory_builder.cc:81] odom rate: 6.87 Hz 1.45e-01 s +/- 3.01e-02 s (pulsed at 99.92% real time)
[INFO] [1772104174.598977851] [cartographer logger]: I0226 20:09:34.000000 147320 collated_trajectory_builder.cc:81] scan rate: 13.26 Hz 7.54e-02 s +/- 1.21e-02 s (pulsed at 100.31% real time)
[INFO] [1772104190.627763199] [cartographer logger]: I0226 20:09:50.000000 147320 collated_trajectory_builder.cc:81] imu rate: 8.63 Hz 1.16e-01 s +/- 9.54e-02 s (pulsed at 106.83% real time)
[INFO] [1772104190.627899136] [cartographer logger]: I0226 20:09:50.000000 147320 collated_trajectory_builder.cc:81] odom rate: 6.00 Hz 1.67e-01 s +/- 1.04e-01 s (pulsed at 106.83% real time)
[INFO] [1772104190.627928199] [cartographer logger]: I0226 20:09:50.000000 147320 collated_trajectory_builder.cc:81] scan rate: 11.44 Hz 8.74e-02 s +/- 7.29e-02 s (pulsed at 106.89% real time)
[INFO] [1772104190.716184186] [rclcpp]: signal_handler(SIGINT/SIGTERM)
