[INFO] [1772435659.718445691] [cartographer logger]: I0302 16:14:19.000000 39914 configuration_file_resolver.cc:41] Found '/home/tkddn647/test/install/localization_layer/share/localization_layer/config/cartographer_2d_mapping.lua' for 'cartographer_2d_mapping.lua'.
[INFO] [1772435659.719647605] [cartographer logger]: I0302 16:14:19.000000 39914 configuration_file_resolver.cc:41] Found '/home/tkddn647/test/install/localization_layer/share/localization_layer/config/map_builder.lua' for 'map_builder.lua'.
[INFO] [1772435659.719687027] [cartographer logger]: I0302 16:14:19.000000 39914 configuration_file_resolver.cc:41] Found '/home/tkddn647/test/install/localization_layer/share/localization_layer/config/map_builder.lua' for 'map_builder.lua'.
[INFO] [1772435659.719739928] [cartographer logger]: I0302 16:14:19.000000 39914 configuration_file_resolver.cc:41] Found '/home/tkddn647/test/install/localization_layer/share/localization_layer/config/pose_graph.lua' for 'pose_graph.lua'.
[INFO] [1772435659.719760284] [cartographer logger]: I0302 16:14:19.000000 39914 configuration_file_resolver.cc:41] Found '/home/tkddn647/test/install/localization_layer/share/localization_layer/config/pose_graph.lua' for 'pose_graph.lua'.
[INFO] [1772435659.719901640] [cartographer logger]: I0302 16:14:19.000000 39914 configuration_file_resolver.cc:41] Found '/home/tkddn647/test/install/localization_layer/share/localization_layer/config/trajectory_builder.lua' for 'trajectory_builder.lua'.
[INFO] [1772435659.719923132] [cartographer logger]: I0302 16:14:19.000000 39914 configuration_file_resolver.cc:41] Found '/home/tkddn647/test/install/localization_layer/share/localization_layer/config/trajectory_builder.lua' for 'trajectory_builder.lua'.
[INFO] [1772435659.719971646] [cartographer logger]: I0302 16:14:19.000000 39914 configuration_file_resolver.cc:41] Found '/opt/ros/humble/share/cartographer/configuration_files/trajectory_builder_2d.lua' for 'trajectory_builder_2d.lua'.
[INFO] [1772435659.719995683] [cartographer logger]: I0302 16:14:19.000000 39914 configuration_file_resolver.cc:41] Found '/opt/ros/humble/share/cartographer/configuration_files/trajectory_builder_2d.lua' for 'trajectory_builder_2d.lua'.
[INFO] [1772435659.720126195] [cartographer logger]: I0302 16:14:19.000000 39914 configuration_file_resolver.cc:41] Found '/opt/ros/humble/share/cartographer/configuration_files/trajectory_builder_3d.lua' for 'trajectory_builder_3d.lua'.
[INFO] [1772435659.720151532] [cartographer logger]: I0302 16:14:19.000000 39914 configuration_file_resolver.cc:41] Found '/opt/ros/humble/share/cartographer/configuration_files/trajectory_builder_3d.lua' for 'trajectory_builder_3d.lua'.
[INFO] [1772435659.748850495] [cartographer logger]: I0302 16:14:19.000000 39914 map_builder_bridge.cpp:136] Added trajectory with ID '0'.
[INFO] [1772435660.263537683] [cartographer logger]: I0302 16:14:20.000000 39914 ordered_multi_queue.cc:172] All sensor data for trajectory 0 is available starting at '639080324601643565'.
[INFO] [1772435660.360724460] [cartographer logger]: I0302 16:14:20.000000 39914 local_trajectory_builder_2d.cc:312] Extrapolator not yet initialized.
[WARN] [1772435660.362740700] [cartographer logger]: W0302 16:14:20.000000 39914 pose_extrapolator.cc:168] Queue too short for velocity estimation. Queue duration: 0.0009092 s
[INFO] [1772435660.367109350] [cartographer logger]: I0302 16:14:20.000000 39914 pose_graph_2d.cc:148] Inserted submap (0, 0).
[INFO] [1772435677.571440431] [cartographer logger]: I0302 16:14:37.000000 39914 collated_trajectory_builder.cc:81] imu rate: 3.22 Hz 3.11e-01 s +/- 1.09e+00 s (pulsed at 138.84% real time)
[INFO] [1772435677.571503780] [cartographer logger]: I0302 16:14:37.000000 39914 collated_trajectory_builder.cc:81] odom rate: 2.22 Hz 4.51e-01 s +/- 1.23e+00 s (pulsed at 90.90% real time)
[INFO] [1772435677.571518394] [cartographer logger]: I0302 16:14:37.000000 39914 collated_trajectory_builder.cc:81] scan rate: 3.35 Hz 2.98e-01 s +/- 1.06e+00 s (pulsed at 139.14% real time)
[INFO] [1772435697.408975526] [cartographer logger]: I0302 16:14:57.000000 39914 collated_trajectory_builder.cc:81] imu rate: 5.74 Hz 1.74e-01 s +/- 6.61e-01 s (pulsed at 93.11% real time)
[INFO] [1772435697.409104097] [cartographer logger]: I0302 16:14:57.000000 39914 collated_trajectory_builder.cc:81] odom rate: 3.65 Hz 2.74e-01 s +/- 8.26e-01 s (pulsed at 92.22% real time)
[INFO] [1772435697.409122260] [cartographer logger]: I0302 16:14:57.000000 39914 collated_trajectory_builder.cc:81] scan rate: 5.71 Hz 1.75e-01 s +/- 6.49e-01 s (pulsed at 92.39% real time)
[INFO] [1772435700.557646262] [rclcpp]: signal_handler(SIGINT/SIGTERM)
[INFO] [1772435700.558929478] [cartographer logger]: I0302 16:15:00.000000 39914 node.cpp:569] Shutdown the subscriber of [scan]
