[INFO] [1772435834.828578329] [cartographer logger]: I0302 16:17:14.000000 41159 configuration_file_resolver.cc:41] Found '/home/tkddn647/test/install/localization_layer/share/localization_layer/config/cartographer_2d_mapping.lua' for 'cartographer_2d_mapping.lua'.
[INFO] [1772435834.828910207] [cartographer logger]: I0302 16:17:14.000000 41159 configuration_file_resolver.cc:41] Found '/home/tkddn647/test/install/localization_layer/share/localization_layer/config/map_builder.lua' for 'map_builder.lua'.
[INFO] [1772435834.828935037] [cartographer logger]: I0302 16:17:14.000000 41159 configuration_file_resolver.cc:41] Found '/home/tkddn647/test/install/localization_layer/share/localization_layer/config/map_builder.lua' for 'map_builder.lua'.
[INFO] [1772435834.829068227] [cartographer logger]: I0302 16:17:14.000000 41159 configuration_file_resolver.cc:41] Found '/home/tkddn647/test/install/localization_layer/share/localization_layer/config/pose_graph.lua' for 'pose_graph.lua'.
[INFO] [1772435834.829101841] [cartographer logger]: I0302 16:17:14.000000 41159 configuration_file_resolver.cc:41] Found '/home/tkddn647/test/install/localization_layer/share/localization_layer/config/pose_graph.lua' for 'pose_graph.lua'.
[INFO] [1772435834.829243451] [cartographer logger]: I0302 16:17:14.000000 41159 configuration_file_resolver.cc:41] Found '/home/tkddn647/test/install/localization_layer/share/localization_layer/config/trajectory_builder.lua' for 'trajectory_builder.lua'.
[INFO] [1772435834.829264303] [cartographer logger]: I0302 16:17:14.000000 41159 configuration_file_resolver.cc:41] Found '/home/tkddn647/test/install/localization_layer/share/localization_layer/config/trajectory_builder.lua' for 'trajectory_builder.lua'.
[INFO] [1772435834.829312101] [cartographer logger]: I0302 16:17:14.000000 41159 configuration_file_resolver.cc:41] Found '/opt/ros/humble/share/cartographer/configuration_files/trajectory_builder_2d.lua' for 'trajectory_builder_2d.lua'.
[INFO] [1772435834.829335003] [cartographer logger]: I0302 16:17:14.000000 41159 configuration_file_resolver.cc:41] Found '/opt/ros/humble/share/cartographer/configuration_files/trajectory_builder_2d.lua' for 'trajectory_builder_2d.lua'.
[INFO] [1772435834.829474100] [cartographer logger]: I0302 16:17:14.000000 41159 configuration_file_resolver.cc:41] Found '/opt/ros/humble/share/cartographer/configuration_files/trajectory_builder_3d.lua' for 'trajectory_builder_3d.lua'.
[INFO] [1772435834.829499878] [cartographer logger]: I0302 16:17:14.000000 41159 configuration_file_resolver.cc:41] Found '/opt/ros/humble/share/cartographer/configuration_files/trajectory_builder_3d.lua' for 'trajectory_builder_3d.lua'.
[INFO] [1772435834.859746949] [cartographer logger]: I0302 16:17:14.000000 41159 map_builder_bridge.cpp:136] Added trajectory with ID '0'.
[INFO] [1772435835.375639412] [cartographer logger]: I0302 16:17:15.000000 41159 ordered_multi_queue.cc:172] All sensor data for trajectory 0 is available starting at '639080326352771563'.
[INFO] [1772435835.470417127] [cartographer logger]: I0302 16:17:15.000000 41159 local_trajectory_builder_2d.cc:312] Extrapolator not yet initialized.
[WARN] [1772435835.471882169] [cartographer logger]: W0302 16:17:15.000000 41159 pose_extrapolator.cc:168] Queue too short for velocity estimation. Queue duration: 0.0008105 s
[INFO] [1772435835.476271124] [cartographer logger]: I0302 16:17:15.000000 41159 pose_graph_2d.cc:148] Inserted submap (0, 0).
[INFO] [1772435852.871572670] [cartographer logger]: I0302 16:17:32.000000 41159 collated_trajectory_builder.cc:81] imu rate: 2.97 Hz 3.36e-01 s +/- 1.14e+00 s (pulsed at 138.31% real time)
[INFO] [1772435852.871694067] [cartographer logger]: I0302 16:17:32.000000 41159 collated_trajectory_builder.cc:81] odom rate: 2.27 Hz 4.40e-01 s +/- 1.29e+00 s (pulsed at 138.03% real time)
[INFO] [1772435852.871723824] [cartographer logger]: I0302 16:17:32.000000 41159 collated_trajectory_builder.cc:81] scan rate: 4.09 Hz 2.44e-01 s +/- 8.99e-01 s (pulsed at 90.46% real time)
[INFO] [1772435872.686374711] [cartographer logger]: I0302 16:17:52.000000 41159 collated_trajectory_builder.cc:81] imu rate: 14.55 Hz 6.87e-02 s +/- 4.30e-01 s (pulsed at 92.84% real time)
[INFO] [1772435872.686511405] [cartographer logger]: I0302 16:17:52.000000 41159 collated_trajectory_builder.cc:81] odom rate: 3.69 Hz 2.71e-01 s +/- 8.32e-01 s (pulsed at 92.88% real time)
[INFO] [1772435872.686532235] [cartographer logger]: I0302 16:17:52.000000 41159 collated_trajectory_builder.cc:81] scan rate: 5.60 Hz 1.79e-01 s +/- 6.66e-01 s (pulsed at 92.19% real time)
[INFO] [1772435871.852230286] [rclcpp]: signal_handler(SIGINT/SIGTERM)
