[INFO] [1772105423.153488480] [cartographer logger]: I0226 20:30:23.000000 160920 configuration_file_resolver.cc:41] Found '/home/tkddn647/test/install/localization_layer/share/localization_layer/config/cartographer_2d_mapping.lua' for 'cartographer_2d_mapping.lua'.
[INFO] [1772105423.154582088] [cartographer logger]: I0226 20:30:23.000000 160920 configuration_file_resolver.cc:41] Found '/home/tkddn647/test/install/localization_layer/share/localization_layer/config/map_builder.lua' for 'map_builder.lua'.
[INFO] [1772105423.154657444] [cartographer logger]: I0226 20:30:23.000000 160920 configuration_file_resolver.cc:41] Found '/home/tkddn647/test/install/localization_layer/share/localization_layer/config/map_builder.lua' for 'map_builder.lua'.
[INFO] [1772105423.154734913] [cartographer logger]: I0226 20:30:23.000000 160920 configuration_file_resolver.cc:41] Found '/home/tkddn647/test/install/localization_layer/share/localization_layer/config/pose_graph.lua' for 'pose_graph.lua'.
[INFO] [1772105423.154760849] [cartographer logger]: I0226 20:30:23.000000 160920 configuration_file_resolver.cc:41] Found '/home/tkddn647/test/install/localization_layer/share/localization_layer/config/pose_graph.lua' for 'pose_graph.lua'.
[INFO] [1772105423.154983208] [cartographer logger]: I0226 20:30:23.000000 160920 configuration_file_resolver.cc:41] Found '/home/tkddn647/test/install/localization_layer/share/localization_layer/config/trajectory_builder.lua' for 'trajectory_builder.lua'.
[INFO] [1772105423.155014140] [cartographer logger]: I0226 20:30:23.000000 160920 configuration_file_resolver.cc:41] Found '/home/tkddn647/test/install/localization_layer/share/localization_layer/config/trajectory_builder.lua' for 'trajectory_builder.lua'.
[INFO] [1772105423.155072423] [cartographer logger]: I0226 20:30:23.000000 160920 configuration_file_resolver.cc:41] Found '/opt/ros/humble/share/cartographer/configuration_files/trajectory_builder_2d.lua' for 'trajectory_builder_2d.lua'.
[INFO] [1772105423.155101188] [cartographer logger]: I0226 20:30:23.000000 160920 configuration_file_resolver.cc:41] Found '/opt/ros/humble/share/cartographer/configuration_files/trajectory_builder_2d.lua' for 'trajectory_builder_2d.lua'.
[INFO] [1772105423.155326798] [cartographer logger]: I0226 20:30:23.000000 160920 configuration_file_resolver.cc:41] Found '/opt/ros/humble/share/cartographer/configuration_files/trajectory_builder_3d.lua' for 'trajectory_builder_3d.lua'.
[INFO] [1772105423.155363663] [cartographer logger]: I0226 20:30:23.000000 160920 configuration_file_resolver.cc:41] Found '/opt/ros/humble/share/cartographer/configuration_files/trajectory_builder_3d.lua' for 'trajectory_builder_3d.lua'.
[INFO] [1772105423.209053939] [cartographer logger]: I0226 20:30:23.000000 160920 map_builder_bridge.cpp:136] Added trajectory with ID '0'.
[INFO] [1772105423.801778995] [cartographer logger]: I0226 20:30:23.000000 160920 ordered_multi_queue.cc:172] All sensor data for trajectory 0 is available starting at '639077022236928192'.
[INFO] [1772105423.892470021] [cartographer logger]: I0226 20:30:23.000000 160920 local_trajectory_builder_2d.cc:312] Extrapolator not yet initialized.
[WARN] [1772105423.894948899] [cartographer logger]: W0226 20:30:23.000000 160920 pose_extrapolator.cc:168] Queue too short for velocity estimation. Queue duration: 0.0008347 s
[INFO] [1772105423.920004165] [cartographer logger]: I0226 20:30:23.000000 160920 pose_graph_2d.cc:148] Inserted submap (0, 0).
[INFO] [1772105438.215404937] [cartographer logger]: I0226 20:30:38.000000 160920 collated_trajectory_builder.cc:81] imu rate: 7.36 Hz 1.36e-01 s +/- 5.01e-02 s (pulsed at 100.79% real time)
[INFO] [1772105438.215504062] [cartographer logger]: I0226 20:30:38.000000 160920 collated_trajectory_builder.cc:81] odom rate: 5.36 Hz 1.86e-01 s +/- 3.13e-02 s (pulsed at 100.81% real time)
[INFO] [1772105438.215529371] [cartographer logger]: I0226 20:30:38.000000 160920 collated_trajectory_builder.cc:81] scan rate: 10.45 Hz 9.57e-02 s +/- 1.22e-02 s (pulsed at 100.20% real time)
[INFO] [1772105454.292501562] [cartographer logger]: I0226 20:30:54.000000 160920 collated_trajectory_builder.cc:81] imu rate: 7.15 Hz 1.40e-01 s +/- 1.14e-01 s (pulsed at 106.56% real time)
[INFO] [1772105454.292748272] [cartographer logger]: I0226 20:30:54.000000 160920 collated_trajectory_builder.cc:81] odom rate: 5.05 Hz 1.98e-01 s +/- 1.25e-01 s (pulsed at 106.69% real time)
[INFO] [1772105454.292777739] [cartographer logger]: I0226 20:30:54.000000 160920 collated_trajectory_builder.cc:81] scan rate: 9.72 Hz 1.03e-01 s +/- 8.52e-02 s (pulsed at 106.46% real time)
[INFO] [1772105469.333795887] [cartographer logger]: I0226 20:31:09.000000 160920 collated_trajectory_builder.cc:81] imu rate: 7.68 Hz 1.30e-01 s +/- 4.75e-02 s (pulsed at 100.13% real time)
[INFO] [1772105469.333917329] [cartographer logger]: I0226 20:31:09.000000 160920 collated_trajectory_builder.cc:81] odom rate: 5.14 Hz 1.95e-01 s +/- 3.05e-02 s (pulsed at 100.10% real time)
[INFO] [1772105469.333937708] [cartographer logger]: I0226 20:31:09.000000 160920 collated_trajectory_builder.cc:81] scan rate: 10.02 Hz 9.98e-02 s +/- 1.27e-02 s (pulsed at 100.19% real time)
[INFO] [1772105474.594955989] [cartographer logger]: I0226 20:31:14.000000 160920 motion_filter.cc:42] Motion filter reduced the number of nodes to 5%.
[INFO] [1772105485.383243055] [cartographer logger]: I0226 20:31:25.000000 160920 collated_trajectory_builder.cc:81] imu rate: 7.13 Hz 1.40e-01 s +/- 1.03e-01 s (pulsed at 106.90% real time)
[INFO] [1772105485.383342465] [cartographer logger]: I0226 20:31:25.000000 160920 collated_trajectory_builder.cc:81] odom rate: 5.12 Hz 1.95e-01 s +/- 1.20e-01 s (pulsed at 106.74% real time)
[INFO] [1772105485.383367553] [cartographer logger]: I0226 20:31:25.000000 160920 collated_trajectory_builder.cc:81] scan rate: 9.66 Hz 1.04e-01 s +/- 8.32e-02 s (pulsed at 106.88% real time)
[INFO] [1772105500.451648433] [cartographer logger]: I0226 20:31:40.000000 160920 collated_trajectory_builder.cc:81] imu rate: 7.74 Hz 1.29e-01 s +/- 4.76e-02 s (pulsed at 100.15% real time)
[INFO] [1772105500.451730430] [cartographer logger]: I0226 20:31:40.000000 160920 collated_trajectory_builder.cc:81] odom rate: 5.51 Hz 1.82e-01 s +/- 3.21e-02 s (pulsed at 99.99% real time)
[INFO] [1772105500.451756159] [cartographer logger]: I0226 20:31:40.000000 160920 collated_trajectory_builder.cc:81] scan rate: 10.54 Hz 9.48e-02 s +/- 9.95e-03 s (pulsed at 100.67% real time)
[INFO] [1772105516.417811276] [cartographer logger]: I0226 20:31:56.000000 160920 collated_trajectory_builder.cc:81] imu rate: 7.05 Hz 1.42e-01 s +/- 9.78e-02 s (pulsed at 106.32% real time)
[INFO] [1772105516.417914341] [cartographer logger]: I0226 20:31:56.000000 160920 collated_trajectory_builder.cc:81] odom rate: 5.25 Hz 1.90e-01 s +/- 1.10e-01 s (pulsed at 106.35% real time)
[INFO] [1772105516.418002353] [cartographer logger]: I0226 20:31:56.000000 160920 collated_trajectory_builder.cc:81] scan rate: 10.01 Hz 9.99e-02 s +/- 7.52e-02 s (pulsed at 106.37% real time)
[INFO] [1772105522.870762068] [cartographer logger]: I0226 20:32:02.000000 160920 motion_filter.cc:42] Motion filter reduced the number of nodes to 5.1%.
[INFO] [1772105531.528795221] [cartographer logger]: I0226 20:32:11.000000 160920 collated_trajectory_builder.cc:81] imu rate: 7.55 Hz 1.32e-01 s +/- 5.16e-02 s (pulsed at 99.96% real time)
[INFO] [1772105531.528930089] [cartographer logger]: I0226 20:32:11.000000 160920 collated_trajectory_builder.cc:81] odom rate: 5.28 Hz 1.90e-01 s +/- 3.75e-02 s (pulsed at 99.98% real time)
[INFO] [1772105531.528957872] [cartographer logger]: I0226 20:32:11.000000 160920 collated_trajectory_builder.cc:81] scan rate: 10.13 Hz 9.87e-02 s +/- 1.45e-02 s (pulsed at 99.73% real time)
[INFO] [1772105547.591529484] [cartographer logger]: I0226 20:32:27.000000 160920 collated_trajectory_builder.cc:81] imu rate: 6.97 Hz 1.44e-01 s +/- 1.22e-01 s (pulsed at 107.21% real time)
[INFO] [1772105547.591614548] [cartographer logger]: I0226 20:32:27.000000 160920 collated_trajectory_builder.cc:81] odom rate: 4.72 Hz 2.12e-01 s +/- 1.32e-01 s (pulsed at 107.16% real time)
[INFO] [1772105547.591734576] [cartographer logger]: I0226 20:32:27.000000 160920 collated_trajectory_builder.cc:81] scan rate: 8.99 Hz 1.11e-01 s +/- 8.96e-02 s (pulsed at 107.45% real time)
[INFO] [1772105562.655552225] [cartographer logger]: I0226 20:32:42.000000 160920 collated_trajectory_builder.cc:81] imu rate: 7.40 Hz 1.35e-01 s +/- 5.44e-02 s (pulsed at 100.01% real time)
[INFO] [1772105562.655632140] [cartographer logger]: I0226 20:32:42.000000 160920 collated_trajectory_builder.cc:81] odom rate: 5.18 Hz 1.93e-01 s +/- 3.84e-02 s (pulsed at 99.95% real time)
[INFO] [1772105562.655722924] [cartographer logger]: I0226 20:32:42.000000 160920 collated_trajectory_builder.cc:81] scan rate: 9.96 Hz 1.00e-01 s +/- 1.87e-02 s (pulsed at 99.92% real time)
[INFO] [1772105574.586118874] [cartographer logger]: I0226 20:32:54.000000 160920 motion_filter.cc:42] Motion filter reduced the number of nodes to 5.06667%.
[INFO] [1772105578.720851800] [cartographer logger]: I0226 20:32:58.000000 160920 collated_trajectory_builder.cc:81] imu rate: 6.99 Hz 1.43e-01 s +/- 1.12e-01 s (pulsed at 106.85% real time)
[INFO] [1772105578.720935542] [cartographer logger]: I0226 20:32:58.000000 160920 collated_trajectory_builder.cc:81] odom rate: 5.13 Hz 1.95e-01 s +/- 1.20e-01 s (pulsed at 106.83% real time)
[INFO] [1772105578.720960725] [cartographer logger]: I0226 20:32:58.000000 160920 collated_trajectory_builder.cc:81] scan rate: 9.95 Hz 1.00e-01 s +/- 8.28e-02 s (pulsed at 107.42% real time)
[INFO] [1772105593.753674596] [cartographer logger]: I0226 20:33:13.000000 160920 collated_trajectory_builder.cc:81] imu rate: 8.31 Hz 1.20e-01 s +/- 4.72e-02 s (pulsed at 99.99% real time)
[INFO] [1772105593.753769377] [cartographer logger]: I0226 20:33:13.000000 160920 collated_trajectory_builder.cc:81] odom rate: 5.56 Hz 1.80e-01 s +/- 4.12e-02 s (pulsed at 100.69% real time)
[INFO] [1772105593.753792702] [cartographer logger]: I0226 20:33:13.000000 160920 collated_trajectory_builder.cc:81] scan rate: 10.58 Hz 9.45e-02 s +/- 1.72e-02 s (pulsed at 100.06% real time)
[INFO] [1772105603.198780763] [cartographer logger]: I0226 20:33:23.000000 160920 pose_graph_2d.cc:148] Inserted submap (0, 1).
[INFO] [1772105609.870444192] [cartographer logger]: I0226 20:33:29.000000 160920 collated_trajectory_builder.cc:81] imu rate: 7.47 Hz 1.34e-01 s +/- 1.12e-01 s (pulsed at 107.25% real time)
[INFO] [1772105609.870515329] [cartographer logger]: I0226 20:33:29.000000 160920 collated_trajectory_builder.cc:81] odom rate: 5.24 Hz 1.91e-01 s +/- 1.21e-01 s (pulsed at 107.19% real time)
[INFO] [1772105609.870531953] [cartographer logger]: I0226 20:33:29.000000 160920 collated_trajectory_builder.cc:81] scan rate: 10.10 Hz 9.90e-02 s +/- 8.46e-02 s (pulsed at 107.83% real time)
[INFO] [1772105621.666965307] [cartographer logger]: I0226 20:33:41.000000 160920 motion_filter.cc:42] Motion filter reduced the number of nodes to 5%.
[INFO] [1772105624.974636228] [cartographer logger]: I0226 20:33:44.000000 160920 collated_trajectory_builder.cc:81] imu rate: 8.56 Hz 1.17e-01 s +/- 4.16e-02 s (pulsed at 99.84% real time)
[INFO] [1772105624.974702194] [cartographer logger]: I0226 20:33:44.000000 160920 collated_trajectory_builder.cc:81] odom rate: 6.02 Hz 1.66e-01 s +/- 2.45e-02 s (pulsed at 100.49% real time)
[INFO] [1772105624.974725398] [cartographer logger]: I0226 20:33:44.000000 160920 collated_trajectory_builder.cc:81] scan rate: 11.65 Hz 8.58e-02 s +/- 9.25e-03 s (pulsed at 99.00% real time)
[INFO] [1772105640.015046858] [cartographer logger]: I0226 20:34:00.000000 160920 collated_trajectory_builder.cc:81] imu rate: 7.82 Hz 1.28e-01 s +/- 5.11e-02 s (pulsed at 100.21% real time)
[INFO] [1772105640.015103296] [cartographer logger]: I0226 20:34:00.000000 160920 collated_trajectory_builder.cc:81] odom rate: 5.47 Hz 1.83e-01 s +/- 4.00e-02 s (pulsed at 100.04% real time)
[INFO] [1772105640.015128043] [cartographer logger]: I0226 20:34:00.000000 160920 collated_trajectory_builder.cc:81] scan rate: 10.53 Hz 9.50e-02 s +/- 1.84e-02 s (pulsed at 101.01% real time)
[INFO] [1772105656.110581148] [cartographer logger]: I0226 20:34:16.000000 160920 collated_trajectory_builder.cc:81] imu rate: 7.42 Hz 1.35e-01 s +/- 1.14e-01 s (pulsed at 107.14% real time)
[INFO] [1772105656.110749990] [cartographer logger]: I0226 20:34:16.000000 160920 collated_trajectory_builder.cc:81] odom rate: 5.18 Hz 1.93e-01 s +/- 1.25e-01 s (pulsed at 107.16% real time)
[INFO] [1772105656.110773736] [cartographer logger]: I0226 20:34:16.000000 160920 collated_trajectory_builder.cc:81] scan rate: 9.98 Hz 1.00e-01 s +/- 8.62e-02 s (pulsed at 107.37% real time)
[INFO] [1772105660.376881934] [cartographer logger]: I0226 20:34:20.000000 160971 pose_graph_2d.cc:538] Remaining work items in queue: 1
[INFO] [1772105669.230291426] [cartographer logger]: I0226 20:34:29.000000 160920 motion_filter.cc:42] Motion filter reduced the number of nodes to 5%.
[INFO] [1772105671.179445217] [cartographer logger]: I0226 20:34:31.000000 160920 collated_trajectory_builder.cc:81] imu rate: 7.95 Hz 1.26e-01 s +/- 5.06e-02 s (pulsed at 99.92% real time)
[INFO] [1772105671.179521566] [cartographer logger]: I0226 20:34:31.000000 160920 collated_trajectory_builder.cc:81] odom rate: 5.55 Hz 1.80e-01 s +/- 4.50e-02 s (pulsed at 99.89% real time)
[INFO] [1772105671.179539502] [cartographer logger]: I0226 20:34:31.000000 160920 collated_trajectory_builder.cc:81] scan rate: 10.76 Hz 9.29e-02 s +/- 2.19e-02 s (pulsed at 100.01% real time)
[INFO] [1772105687.111797970] [cartographer logger]: I0226 20:34:47.000000 160920 collated_trajectory_builder.cc:81] imu rate: 7.86 Hz 1.27e-01 s +/- 9.32e-02 s (pulsed at 106.51% real time)
[INFO] [1772105687.111862682] [cartographer logger]: I0226 20:34:47.000000 160920 collated_trajectory_builder.cc:81] odom rate: 5.32 Hz 1.88e-01 s +/- 1.09e-01 s (pulsed at 106.36% real time)
[INFO] [1772105687.111879067] [cartographer logger]: I0226 20:34:47.000000 160920 collated_trajectory_builder.cc:81] scan rate: 10.21 Hz 9.80e-02 s +/- 7.45e-02 s (pulsed at 106.58% real time)
[INFO] [1772105702.137235505] [cartographer logger]: I0226 20:35:02.000000 160920 collated_trajectory_builder.cc:81] imu rate: 7.93 Hz 1.26e-01 s +/- 4.17e-02 s (pulsed at 99.98% real time)
[INFO] [1772105702.137308492] [cartographer logger]: I0226 20:35:02.000000 160920 collated_trajectory_builder.cc:81] odom rate: 6.16 Hz 1.62e-01 s +/- 2.31e-02 s (pulsed at 99.97% real time)
[INFO] [1772105702.137324592] [cartographer logger]: I0226 20:35:02.000000 160920 collated_trajectory_builder.cc:81] scan rate: 11.84 Hz 8.44e-02 s +/- 5.70e-03 s (pulsed at 99.99% real time)
[INFO] [1772105715.115010926] [cartographer logger]: I0226 20:35:15.000000 160920 motion_filter.cc:42] Motion filter reduced the number of nodes to 5%.
[INFO] [1772105718.387281171] [cartographer logger]: I0226 20:35:18.000000 160920 collated_trajectory_builder.cc:81] imu rate: 8.11 Hz 1.23e-01 s +/- 1.09e-01 s (pulsed at 107.74% real time)
[INFO] [1772105718.387370742] [cartographer logger]: I0226 20:35:18.000000 160920 collated_trajectory_builder.cc:81] odom rate: 5.84 Hz 1.71e-01 s +/- 1.26e-01 s (pulsed at 107.88% real time)
[INFO] [1772105718.387388486] [cartographer logger]: I0226 20:35:18.000000 160920 collated_trajectory_builder.cc:81] scan rate: 11.00 Hz 9.09e-02 s +/- 8.89e-02 s (pulsed at 107.81% real time)
[INFO] [1772105733.432014454] [cartographer logger]: I0226 20:35:33.000000 160920 collated_trajectory_builder.cc:81] imu rate: 8.62 Hz 1.16e-01 s +/- 4.24e-02 s (pulsed at 100.00% real time)
[INFO] [1772105733.432113734] [cartographer logger]: I0226 20:35:33.000000 160920 collated_trajectory_builder.cc:81] odom rate: 6.19 Hz 1.62e-01 s +/- 2.33e-02 s (pulsed at 100.07% real time)
[INFO] [1772105733.432155554] [cartographer logger]: I0226 20:35:33.000000 160920 collated_trajectory_builder.cc:81] scan rate: 12.10 Hz 8.26e-02 s +/- 9.71e-03 s (pulsed at 100.03% real time)
[INFO] [1772105749.497220560] [cartographer logger]: I0226 20:35:49.000000 160920 collated_trajectory_builder.cc:81] imu rate: 8.58 Hz 1.17e-01 s +/- 9.12e-02 s (pulsed at 106.63% real time)
[INFO] [1772105749.497298720] [cartographer logger]: I0226 20:35:49.000000 160920 collated_trajectory_builder.cc:81] odom rate: 6.11 Hz 1.64e-01 s +/- 9.63e-02 s (pulsed at 106.68% real time)
[INFO] [1772105749.497405573] [cartographer logger]: I0226 20:35:49.000000 160920 collated_trajectory_builder.cc:81] scan rate: 11.59 Hz 8.63e-02 s +/- 7.29e-02 s (pulsed at 106.56% real time)
[INFO] [1772105757.007123923] [cartographer logger]: I0226 20:35:57.000000 160920 motion_filter.cc:42] Motion filter reduced the number of nodes to 4.97143%.
[INFO] [1772105764.517798665] [cartographer logger]: I0226 20:36:04.000000 160920 collated_trajectory_builder.cc:81] imu rate: 8.77 Hz 1.14e-01 s +/- 4.28e-02 s (pulsed at 99.96% real time)
[INFO] [1772105764.517874169] [cartographer logger]: I0226 20:36:04.000000 160920 collated_trajectory_builder.cc:81] odom rate: 6.26 Hz 1.60e-01 s +/- 3.45e-02 s (pulsed at 99.95% real time)
[INFO] [1772105764.517890470] [cartographer logger]: I0226 20:36:04.000000 160920 collated_trajectory_builder.cc:81] scan rate: 11.85 Hz 8.44e-02 s +/- 1.47e-02 s (pulsed at 99.45% real time)
[INFO] [1772105768.611892857] [cartographer logger]: I0226 20:36:08.000000 160920 pose_graph_2d.cc:148] Inserted submap (0, 2).
[INFO] [1772105780.695394821] [cartographer logger]: I0226 20:36:20.000000 160920 collated_trajectory_builder.cc:81] imu rate: 8.64 Hz 1.16e-01 s +/- 1.05e-01 s (pulsed at 107.29% real time)
[INFO] [1772105780.695498969] [cartographer logger]: I0226 20:36:20.000000 160920 collated_trajectory_builder.cc:81] odom rate: 6.09 Hz 1.64e-01 s +/- 1.15e-01 s (pulsed at 107.33% real time)
[INFO] [1772105780.695524816] [cartographer logger]: I0226 20:36:20.000000 160920 collated_trajectory_builder.cc:81] scan rate: 11.61 Hz 8.61e-02 s +/- 8.11e-02 s (pulsed at 107.29% real time)
[INFO] [1772105795.763662775] [cartographer logger]: I0226 20:36:35.000000 160920 collated_trajectory_builder.cc:81] imu rate: 8.94 Hz 1.12e-01 s +/- 3.88e-02 s (pulsed at 100.22% real time)
[INFO] [1772105795.763758966] [cartographer logger]: I0226 20:36:35.000000 160920 collated_trajectory_builder.cc:81] odom rate: 6.43 Hz 1.56e-01 s +/- 2.66e-02 s (pulsed at 100.11% real time)
[INFO] [1772105795.763778315] [cartographer logger]: I0226 20:36:35.000000 160920 collated_trajectory_builder.cc:81] scan rate: 12.46 Hz 8.03e-02 s +/- 1.00e-02 s (pulsed at 100.61% real time)
[INFO] [1772105798.681013717] [cartographer logger]: I0226 20:36:38.000000 160920 motion_filter.cc:42] Motion filter reduced the number of nodes to 4.95%.
[INFO] [1772105811.904288162] [cartographer logger]: I0226 20:36:51.000000 160920 collated_trajectory_builder.cc:81] imu rate: 9.70 Hz 1.03e-01 s +/- 9.09e-02 s (pulsed at 107.20% real time)
[INFO] [1772105811.904386283] [cartographer logger]: I0226 20:36:51.000000 160920 collated_trajectory_builder.cc:81] odom rate: 6.41 Hz 1.56e-01 s +/- 1.12e-01 s (pulsed at 107.18% real time)
[INFO] [1772105811.904410308] [cartographer logger]: I0226 20:36:51.000000 160920 collated_trajectory_builder.cc:81] scan rate: 12.26 Hz 8.16e-02 s +/- 7.73e-02 s (pulsed at 107.23% real time)
[INFO] [1772105826.908789539] [cartographer logger]: I0226 20:37:06.000000 160920 collated_trajectory_builder.cc:81] imu rate: 9.86 Hz 1.01e-01 s +/- 3.82e-02 s (pulsed at 99.95% real time)
[INFO] [1772105826.908955151] [cartographer logger]: I0226 20:37:06.000000 160920 collated_trajectory_builder.cc:81] odom rate: 6.91 Hz 1.45e-01 s +/- 2.93e-02 s (pulsed at 99.95% real time)
[INFO] [1772105826.908982959] [cartographer logger]: I0226 20:37:06.000000 160920 collated_trajectory_builder.cc:81] scan rate: 13.27 Hz 7.53e-02 s +/- 1.24e-02 s (pulsed at 99.90% real time)
[INFO] [1772105838.263402286] [cartographer logger]: I0226 20:37:18.000000 160920 motion_filter.cc:42] Motion filter reduced the number of nodes to 4.95556%.
[INFO] [1772105842.905080953] [cartographer logger]: I0226 20:37:22.000000 160920 collated_trajectory_builder.cc:81] imu rate: 9.80 Hz 1.02e-01 s +/- 4.31e-02 s (pulsed at 100.08% real time)
[INFO] [1772105842.905173129] [cartographer logger]: I0226 20:37:22.000000 160920 collated_trajectory_builder.cc:81] odom rate: 6.61 Hz 1.51e-01 s +/- 3.63e-02 s (pulsed at 99.58% real time)
[INFO] [1772105842.905293078] [cartographer logger]: I0226 20:37:22.000000 160920 collated_trajectory_builder.cc:81] scan rate: 13.00 Hz 7.69e-02 s +/- 1.81e-02 s (pulsed at 100.59% real time)
[INFO] [1772105857.927790274] [cartographer logger]: I0226 20:37:37.000000 160920 collated_trajectory_builder.cc:81] imu rate: 10.21 Hz 9.80e-02 s +/- 3.75e-02 s (pulsed at 100.03% real time)
[INFO] [1772105857.927869826] [cartographer logger]: I0226 20:37:37.000000 160920 collated_trajectory_builder.cc:81] odom rate: 6.82 Hz 1.47e-01 s +/- 9.73e-02 s (pulsed at 106.85% real time)
[INFO] [1772105857.927886718] [cartographer logger]: I0226 20:37:37.000000 160920 collated_trajectory_builder.cc:81] scan rate: 13.70 Hz 7.30e-02 s +/- 1.34e-02 s (pulsed at 100.05% real time)
[INFO] [1772105863.941469590] [cartographer logger]: I0226 20:37:43.000000 160973 pose_graph_2d.cc:538] Remaining work items in queue: 1
[INFO] [1772105872.947926176] [cartographer logger]: I0226 20:37:52.000000 160920 collated_trajectory_builder.cc:81] imu rate: 9.83 Hz 1.02e-01 s +/- 3.98e-02 s (pulsed at 100.04% real time)
[INFO] [1772105872.947997913] [cartographer logger]: I0226 20:37:52.000000 160920 collated_trajectory_builder.cc:81] odom rate: 6.97 Hz 1.44e-01 s +/- 3.04e-02 s (pulsed at 99.96% real time)
[INFO] [1772105872.948014319] [cartographer logger]: I0226 20:37:52.000000 160920 collated_trajectory_builder.cc:81] scan rate: 13.19 Hz 7.58e-02 s +/- 1.22e-02 s (pulsed at 100.33% real time)
[INFO] [1772105876.925021670] [cartographer logger]: I0226 20:37:56.000000 160920 motion_filter.cc:42] Motion filter reduced the number of nodes to 4.96%.
[INFO] [1772105889.068376798] [cartographer logger]: I0226 20:38:09.000000 160920 collated_trajectory_builder.cc:81] imu rate: 10.17 Hz 9.83e-02 s +/- 9.24e-02 s (pulsed at 106.68% real time)
[INFO] [1772105889.068475277] [cartographer logger]: I0226 20:38:09.000000 160920 collated_trajectory_builder.cc:81] odom rate: 7.09 Hz 1.41e-01 s +/- 1.02e-01 s (pulsed at 107.58% real time)
[INFO] [1772105889.068527103] [cartographer logger]: I0226 20:38:09.000000 160920 collated_trajectory_builder.cc:81] scan rate: 13.57 Hz 7.37e-02 s +/- 7.19e-02 s (pulsed at 107.54% real time)
[INFO] [1772105898.593656211] [rclcpp]: signal_handler(SIGINT/SIGTERM)
