[INFO] [1772005502.762361431] [cartographer logger]: I0225 16:45:02.000000 27247 configuration_file_resolver.cc:41] Found '/home/tkddn647/test/install/localization_layer/share/localization_layer/config/cartographer_2d_mapping.lua' for 'cartographer_2d_mapping.lua'.
[INFO] [1772005502.762752608] [cartographer logger]: I0225 16:45:02.000000 27247 configuration_file_resolver.cc:41] Found '/home/tkddn647/test/install/localization_layer/share/localization_layer/config/map_builder.lua' for 'map_builder.lua'.
[INFO] [1772005502.762782546] [cartographer logger]: I0225 16:45:02.000000 27247 configuration_file_resolver.cc:41] Found '/home/tkddn647/test/install/localization_layer/share/localization_layer/config/map_builder.lua' for 'map_builder.lua'.
[INFO] [1772005502.762826802] [cartographer logger]: I0225 16:45:02.000000 27247 configuration_file_resolver.cc:41] Found '/home/tkddn647/test/install/localization_layer/share/localization_layer/config/pose_graph.lua' for 'pose_graph.lua'.
[INFO] [1772005502.762845769] [cartographer logger]: I0225 16:45:02.000000 27247 configuration_file_resolver.cc:41] Found '/home/tkddn647/test/install/localization_layer/share/localization_layer/config/pose_graph.lua' for 'pose_graph.lua'.
[INFO] [1772005502.763045465] [cartographer logger]: I0225 16:45:02.000000 27247 configuration_file_resolver.cc:41] Found '/home/tkddn647/test/install/localization_layer/share/localization_layer/config/trajectory_builder.lua' for 'trajectory_builder.lua'.
[INFO] [1772005502.763072878] [cartographer logger]: I0225 16:45:02.000000 27247 configuration_file_resolver.cc:41] Found '/home/tkddn647/test/install/localization_layer/share/localization_layer/config/trajectory_builder.lua' for 'trajectory_builder.lua'.
[INFO] [1772005502.763121793] [cartographer logger]: I0225 16:45:02.000000 27247 configuration_file_resolver.cc:41] Found '/opt/ros/humble/share/cartographer/configuration_files/trajectory_builder_2d.lua' for 'trajectory_builder_2d.lua'.
[INFO] [1772005502.763156831] [cartographer logger]: I0225 16:45:02.000000 27247 configuration_file_resolver.cc:41] Found '/opt/ros/humble/share/cartographer/configuration_files/trajectory_builder_2d.lua' for 'trajectory_builder_2d.lua'.
[INFO] [1772005502.763282174] [cartographer logger]: I0225 16:45:02.000000 27247 configuration_file_resolver.cc:41] Found '/opt/ros/humble/share/cartographer/configuration_files/trajectory_builder_3d.lua' for 'trajectory_builder_3d.lua'.
[INFO] [1772005502.763305439] [cartographer logger]: I0225 16:45:02.000000 27247 configuration_file_resolver.cc:41] Found '/opt/ros/humble/share/cartographer/configuration_files/trajectory_builder_3d.lua' for 'trajectory_builder_3d.lua'.
[INFO] [1772005502.784449354] [cartographer logger]: I0225 16:45:02.000000 27247 map_builder_bridge.cpp:136] Added trajectory with ID '0'.
[INFO] [1772005503.244588525] [cartographer logger]: I0225 16:45:03.000000 27247 ordered_multi_queue.cc:172] All sensor data for trajectory 0 is available starting at '639076023032441240'.
[INFO] [1772005503.344342699] [cartographer logger]: I0225 16:45:03.000000 27247 local_trajectory_builder_2d.cc:124] Extrapolator not yet initialized.
[INFO] [1772005503.346768456] [cartographer logger]: I0225 16:45:03.000000 27247 pose_graph_2d.cc:148] Inserted submap (0, 0).
[INFO] [1772005517.843942604] [cartographer logger]: I0225 16:45:17.000000 27247 collated_trajectory_builder.cc:81] imu rate: 10.00 Hz 1.00e-01 s +/- 4.30e-04 s (pulsed at 100.01% real time)
[INFO] [1772005517.844057302] [cartographer logger]: I0225 16:45:17.000000 27247 collated_trajectory_builder.cc:81] odom rate: 10.00 Hz 1.00e-01 s +/- 4.35e-04 s (pulsed at 100.00% real time)
[INFO] [1772005517.844092730] [cartographer logger]: I0225 16:45:17.000000 27247 collated_trajectory_builder.cc:81] scan rate: 10.00 Hz 1.00e-01 s +/- 1.22e-04 s (pulsed at 100.70% real time)
[INFO] [1772005520.948581456] [cartographer logger]: I0225 16:45:20.000000 27247 pose_graph_2d.cc:148] Inserted submap (0, 1).
[INFO] [1772005526.946024553] [cartographer logger]: I0225 16:45:26.000000 27285 pose_graph_2d.cc:538] Remaining work items in queue: 0
[INFO] [1772005532.844250009] [cartographer logger]: I0225 16:45:32.000000 27247 collated_trajectory_builder.cc:81] imu rate: 10.00 Hz 1.00e-01 s +/- 5.40e-04 s (pulsed at 100.00% real time)
[INFO] [1772005532.844339410] [cartographer logger]: I0225 16:45:32.000000 27247 collated_trajectory_builder.cc:81] odom rate: 10.00 Hz 1.00e-01 s +/- 5.41e-04 s (pulsed at 99.99% real time)
[INFO] [1772005532.844363305] [cartographer logger]: I0225 16:45:32.000000 27247 collated_trajectory_builder.cc:81] scan rate: 10.00 Hz 1.00e-01 s +/- 1.89e-04 s (pulsed at 100.00% real time)
[INFO] [1772005538.946441037] [cartographer logger]: I0225 16:45:38.000000 27247 pose_graph_2d.cc:148] Inserted submap (0, 2).
[INFO] [1772005547.844528990] [cartographer logger]: I0225 16:45:47.000000 27247 collated_trajectory_builder.cc:81] imu rate: 10.00 Hz 1.00e-01 s +/- 4.30e-04 s (pulsed at 100.00% real time)
[INFO] [1772005547.844624291] [cartographer logger]: I0225 16:45:47.000000 27247 collated_trajectory_builder.cc:81] odom rate: 10.00 Hz 1.00e-01 s +/- 4.39e-04 s (pulsed at 100.00% real time)
[INFO] [1772005547.844648727] [cartographer logger]: I0225 16:45:47.000000 27247 collated_trajectory_builder.cc:81] scan rate: 10.00 Hz 1.00e-01 s +/- 1.26e-04 s (pulsed at 100.00% real time)
[INFO] [1772005551.146385046] [cartographer logger]: I0225 16:45:51.000000 27286 pose_graph_2d.cc:538] Remaining work items in queue: 0
[INFO] [1772005551.519431192] [rclcpp]: signal_handler(SIGINT/SIGTERM)
