[INFO] [1772107741.764343124] [cartographer logger]: I0226 21:09:01.000000 179717 configuration_file_resolver.cc:41] Found '/home/tkddn647/test/install/localization_layer/share/localization_layer/config/cartographer_2d_mapping.lua' for 'cartographer_2d_mapping.lua'.
[INFO] [1772107741.764826767] [cartographer logger]: I0226 21:09:01.000000 179717 configuration_file_resolver.cc:41] Found '/home/tkddn647/test/install/localization_layer/share/localization_layer/config/map_builder.lua' for 'map_builder.lua'.
[INFO] [1772107741.764908769] [cartographer logger]: I0226 21:09:01.000000 179717 configuration_file_resolver.cc:41] Found '/home/tkddn647/test/install/localization_layer/share/localization_layer/config/map_builder.lua' for 'map_builder.lua'.
[INFO] [1772107741.764975634] [cartographer logger]: I0226 21:09:01.000000 179717 configuration_file_resolver.cc:41] Found '/home/tkddn647/test/install/localization_layer/share/localization_layer/config/pose_graph.lua' for 'pose_graph.lua'.
[INFO] [1772107741.765000659] [cartographer logger]: I0226 21:09:01.000000 179717 configuration_file_resolver.cc:41] Found '/home/tkddn647/test/install/localization_layer/share/localization_layer/config/pose_graph.lua' for 'pose_graph.lua'.
[INFO] [1772107741.765943045] [cartographer logger]: I0226 21:09:01.000000 179717 configuration_file_resolver.cc:41] Found '/home/tkddn647/test/install/localization_layer/share/localization_layer/config/trajectory_builder.lua' for 'trajectory_builder.lua'.
[INFO] [1772107741.766101088] [cartographer logger]: I0226 21:09:01.000000 179717 configuration_file_resolver.cc:41] Found '/home/tkddn647/test/install/localization_layer/share/localization_layer/config/trajectory_builder.lua' for 'trajectory_builder.lua'.
[INFO] [1772107741.766183362] [cartographer logger]: I0226 21:09:01.000000 179717 configuration_file_resolver.cc:41] Found '/opt/ros/humble/share/cartographer/configuration_files/trajectory_builder_2d.lua' for 'trajectory_builder_2d.lua'.
[INFO] [1772107741.766213252] [cartographer logger]: I0226 21:09:01.000000 179717 configuration_file_resolver.cc:41] Found '/opt/ros/humble/share/cartographer/configuration_files/trajectory_builder_2d.lua' for 'trajectory_builder_2d.lua'.
[INFO] [1772107741.766677784] [cartographer logger]: I0226 21:09:01.000000 179717 configuration_file_resolver.cc:41] Found '/opt/ros/humble/share/cartographer/configuration_files/trajectory_builder_3d.lua' for 'trajectory_builder_3d.lua'.
[INFO] [1772107741.766748474] [cartographer logger]: I0226 21:09:01.000000 179717 configuration_file_resolver.cc:41] Found '/opt/ros/humble/share/cartographer/configuration_files/trajectory_builder_3d.lua' for 'trajectory_builder_3d.lua'.
[INFO] [1772107741.797318500] [cartographer logger]: I0226 21:09:01.000000 179717 map_builder_bridge.cpp:136] Added trajectory with ID '0'.
[INFO] [1772107742.411924608] [cartographer logger]: I0226 21:09:02.000000 179717 ordered_multi_queue.cc:172] All sensor data for trajectory 0 is available starting at '639077045423040213'.
[INFO] [1772107742.527607089] [cartographer logger]: I0226 21:09:02.000000 179717 local_trajectory_builder_2d.cc:312] Extrapolator not yet initialized.
[INFO] [1772107742.535155887] [cartographer logger]: I0226 21:09:02.000000 179717 pose_graph_2d.cc:148] Inserted submap (0, 0).
[INFO] [1772107753.391233155] [cartographer logger]: I0226 21:09:13.000000 179717 pose_graph_2d.cc:148] Inserted submap (0, 1).
[INFO] [1772107756.912476287] [cartographer logger]: I0226 21:09:16.000000 179717 collated_trajectory_builder.cc:81] imu rate: 6.20 Hz 1.61e-01 s +/- 6.29e-02 s (pulsed at 100.78% real time)
[INFO] [1772107756.912555430] [cartographer logger]: I0226 21:09:16.000000 179717 collated_trajectory_builder.cc:81] odom rate: 4.38 Hz 2.28e-01 s +/- 5.14e-02 s (pulsed at 100.81% real time)
[INFO] [1772107756.912573124] [cartographer logger]: I0226 21:09:16.000000 179717 collated_trajectory_builder.cc:81] scan rate: 8.28 Hz 1.21e-01 s +/- 2.03e-02 s (pulsed at 99.87% real time)
[INFO] [1772107757.054073971] [cartographer logger]: I0226 21:09:17.000000 179765 pose_graph_2d.cc:538] Remaining work items in queue: 1
[INFO] [1772107764.438873065] [cartographer logger]: I0226 21:09:24.000000 179717 pose_graph_2d.cc:148] Inserted submap (0, 2).
[INFO] [1772107773.485406988] [cartographer logger]: I0226 21:09:33.000000 179717 collated_trajectory_builder.cc:81] imu rate: 5.47 Hz 1.83e-01 s +/- 1.69e-01 s (pulsed at 110.42% real time)
[INFO] [1772107773.485499780] [cartographer logger]: I0226 21:09:33.000000 179717 collated_trajectory_builder.cc:81] odom rate: 3.86 Hz 2.59e-01 s +/- 2.02e-01 s (pulsed at 110.56% real time)
[INFO] [1772107773.485523842] [cartographer logger]: I0226 21:09:33.000000 179717 collated_trajectory_builder.cc:81] scan rate: 7.30 Hz 1.37e-01 s +/- 1.41e-01 s (pulsed at 110.39% real time)
[INFO] [1772107773.613232932] [cartographer logger]: I0226 21:09:33.000000 179768 pose_graph_2d.cc:538] Remaining work items in queue: 1
[INFO] [1772107777.135908708] [rclcpp]: signal_handler(SIGINT/SIGTERM)
