[INFO] [1772434654.730380099] [cartographer logger]: I0302 15:57:34.000000 32522 configuration_file_resolver.cc:41] Found '/home/tkddn647/test/install/localization_layer/share/localization_layer/config/cartographer_2d_mapping.lua' for 'cartographer_2d_mapping.lua'.
[INFO] [1772434654.730948334] [cartographer logger]: I0302 15:57:34.000000 32522 configuration_file_resolver.cc:41] Found '/home/tkddn647/test/install/localization_layer/share/localization_layer/config/map_builder.lua' for 'map_builder.lua'.
[INFO] [1772434654.730984373] [cartographer logger]: I0302 15:57:34.000000 32522 configuration_file_resolver.cc:41] Found '/home/tkddn647/test/install/localization_layer/share/localization_layer/config/map_builder.lua' for 'map_builder.lua'.
[INFO] [1772434654.731038156] [cartographer logger]: I0302 15:57:34.000000 32522 configuration_file_resolver.cc:41] Found '/home/tkddn647/test/install/localization_layer/share/localization_layer/config/pose_graph.lua' for 'pose_graph.lua'.
[INFO] [1772434654.731086384] [cartographer logger]: I0302 15:57:34.000000 32522 configuration_file_resolver.cc:41] Found '/home/tkddn647/test/install/localization_layer/share/localization_layer/config/pose_graph.lua' for 'pose_graph.lua'.
[INFO] [1772434654.731312184] [cartographer logger]: I0302 15:57:34.000000 32522 configuration_file_resolver.cc:41] Found '/home/tkddn647/test/install/localization_layer/share/localization_layer/config/trajectory_builder.lua' for 'trajectory_builder.lua'.
[INFO] [1772434654.731345798] [cartographer logger]: I0302 15:57:34.000000 32522 configuration_file_resolver.cc:41] Found '/home/tkddn647/test/install/localization_layer/share/localization_layer/config/trajectory_builder.lua' for 'trajectory_builder.lua'.
[INFO] [1772434654.731406436] [cartographer logger]: I0302 15:57:34.000000 32522 configuration_file_resolver.cc:41] Found '/opt/ros/humble/share/cartographer/configuration_files/trajectory_builder_2d.lua' for 'trajectory_builder_2d.lua'.
[INFO] [1772434654.731435818] [cartographer logger]: I0302 15:57:34.000000 32522 configuration_file_resolver.cc:41] Found '/opt/ros/humble/share/cartographer/configuration_files/trajectory_builder_2d.lua' for 'trajectory_builder_2d.lua'.
[INFO] [1772434654.731595161] [cartographer logger]: I0302 15:57:34.000000 32522 configuration_file_resolver.cc:41] Found '/opt/ros/humble/share/cartographer/configuration_files/trajectory_builder_3d.lua' for 'trajectory_builder_3d.lua'.
[INFO] [1772434654.731644712] [cartographer logger]: I0302 15:57:34.000000 32522 configuration_file_resolver.cc:41] Found '/opt/ros/humble/share/cartographer/configuration_files/trajectory_builder_3d.lua' for 'trajectory_builder_3d.lua'.
[INFO] [1772434654.756295781] [cartographer logger]: I0302 15:57:34.000000 32522 map_builder_bridge.cpp:136] Added trajectory with ID '0'.
[INFO] [1772434661.102635010] [cartographer logger]: I0302 15:57:41.000000 32522 ordered_multi_queue.cc:172] All sensor data for trajectory 0 is available starting at '639080314610017672'.
[INFO] [1772434661.006978605] [cartographer logger]: I0302 15:57:41.000000 32522 local_trajectory_builder_2d.cc:312] Extrapolator not yet initialized.
[INFO] [1772434661.009780514] [cartographer logger]: I0302 15:57:41.000000 32522 pose_graph_2d.cc:148] Inserted submap (0, 0).
[INFO] [1772434671.113711620] [cartographer logger]: I0302 15:57:51.000000 32522 collated_trajectory_builder.cc:81] imu rate: 15.17 Hz 6.59e-02 s +/- 4.86e-01 s (pulsed at 236.66% real time)
[INFO] [1772434671.113907575] [cartographer logger]: I0302 15:57:51.000000 32522 collated_trajectory_builder.cc:81] odom rate: 3.18 Hz 3.14e-01 s +/- 1.05e+00 s (pulsed at 233.22% real time)
[INFO] [1772434671.113935756] [cartographer logger]: I0302 15:57:51.000000 32522 collated_trajectory_builder.cc:81] scan rate: 4.18 Hz 2.39e-01 s +/- 9.02e-01 s (pulsed at 90.47% real time)
[INFO] [1772434681.771789540] [cartographer logger]: I0302 15:58:01.000000 32522 pose_graph_2d.cc:148] Inserted submap (0, 1).
[INFO] [1772434690.887558551] [cartographer logger]: I0302 15:58:10.000000 32573 pose_graph_2d.cc:538] Remaining work items in queue: 1
[INFO] [1772434691.002855565] [cartographer logger]: I0302 15:58:11.000000 32522 collated_trajectory_builder.cc:81] imu rate: 11.52 Hz 8.68e-02 s +/- 4.83e-01 s (pulsed at 92.87% real time)
[INFO] [1772434691.002919168] [cartographer logger]: I0302 15:58:11.000000 32522 collated_trajectory_builder.cc:81] odom rate: 4.07 Hz 2.46e-01 s +/- 7.98e-01 s (pulsed at 92.85% real time)
[INFO] [1772434691.002933164] [cartographer logger]: I0302 15:58:11.000000 32522 collated_trajectory_builder.cc:81] scan rate: 5.65 Hz 1.77e-01 s +/- 6.64e-01 s (pulsed at 92.16% real time)
[INFO] [1772434701.074662393] [cartographer logger]: I0302 15:58:21.000000 32522 collated_trajectory_builder.cc:81] imu rate: 9.04 Hz 1.11e-01 s +/- 6.32e-01 s (pulsed at 132.76% real time)
[INFO] [1772434701.074793918] [cartographer logger]: I0302 15:58:21.000000 32522 collated_trajectory_builder.cc:81] odom rate: 2.03 Hz 4.93e-01 s +/- 1.28e+00 s (pulsed at 132.28% real time)
[INFO] [1772434701.074816963] [cartographer logger]: I0302 15:58:21.000000 32522 collated_trajectory_builder.cc:81] scan rate: 4.08 Hz 2.45e-01 s +/- 9.06e-01 s (pulsed at 90.58% real time)
[INFO] [1772434702.861973788] [cartographer logger]: I0302 15:58:22.000000 32522 pose_graph_2d.cc:148] Inserted submap (0, 2).
[INFO] [1772434715.123288369] [cartographer logger]: I0302 15:58:35.000000 32522 collated_trajectory_builder.cc:81] imu rate: 5.20 Hz 1.92e-01 s +/- 7.09e-01 s (pulsed at 92.74% real time)
[INFO] [1772434715.123401478] [cartographer logger]: I0302 15:58:35.000000 32522 collated_trajectory_builder.cc:81] odom rate: 3.40 Hz 2.94e-01 s +/- 8.61e-01 s (pulsed at 92.83% real time)
[INFO] [1772434715.123427301] [cartographer logger]: I0302 15:58:35.000000 32522 collated_trajectory_builder.cc:81] scan rate: 5.38 Hz 1.86e-01 s +/- 6.78e-01 s (pulsed at 92.14% real time)
[INFO] [1772434717.559444041] [rclcpp]: signal_handler(SIGINT/SIGTERM)
