[INFO] [1772109786.658361390] [cartographer logger]: I0226 21:43:06.000000 194609 configuration_file_resolver.cc:41] Found '/home/tkddn647/test/install/localization_layer/share/localization_layer/config/cartographer_2d_mapping_lidar_only.lua' for 'cartographer_2d_mapping_lidar_only.lua'.
[INFO] [1772109786.658938998] [cartographer logger]: I0226 21:43:06.000000 194609 configuration_file_resolver.cc:41] Found '/home/tkddn647/test/install/localization_layer/share/localization_layer/config/map_builder.lua' for 'map_builder.lua'.
[INFO] [1772109786.658988124] [cartographer logger]: I0226 21:43:06.000000 194609 configuration_file_resolver.cc:41] Found '/home/tkddn647/test/install/localization_layer/share/localization_layer/config/map_builder.lua' for 'map_builder.lua'.
[INFO] [1772109786.659060889] [cartographer logger]: I0226 21:43:06.000000 194609 configuration_file_resolver.cc:41] Found '/home/tkddn647/test/install/localization_layer/share/localization_layer/config/pose_graph.lua' for 'pose_graph.lua'.
[INFO] [1772109786.659093738] [cartographer logger]: I0226 21:43:06.000000 194609 configuration_file_resolver.cc:41] Found '/home/tkddn647/test/install/localization_layer/share/localization_layer/config/pose_graph.lua' for 'pose_graph.lua'.
[INFO] [1772109786.659294945] [cartographer logger]: I0226 21:43:06.000000 194609 configuration_file_resolver.cc:41] Found '/home/tkddn647/test/install/localization_layer/share/localization_layer/config/trajectory_builder.lua' for 'trajectory_builder.lua'.
[INFO] [1772109786.659330197] [cartographer logger]: I0226 21:43:06.000000 194609 configuration_file_resolver.cc:41] Found '/home/tkddn647/test/install/localization_layer/share/localization_layer/config/trajectory_builder.lua' for 'trajectory_builder.lua'.
[INFO] [1772109786.659398194] [cartographer logger]: I0226 21:43:06.000000 194609 configuration_file_resolver.cc:41] Found '/opt/ros/humble/share/cartographer/configuration_files/trajectory_builder_2d.lua' for 'trajectory_builder_2d.lua'.
[INFO] [1772109786.659444689] [cartographer logger]: I0226 21:43:06.000000 194609 configuration_file_resolver.cc:41] Found '/opt/ros/humble/share/cartographer/configuration_files/trajectory_builder_2d.lua' for 'trajectory_builder_2d.lua'.
[INFO] [1772109786.660042464] [cartographer logger]: I0226 21:43:06.000000 194609 configuration_file_resolver.cc:41] Found '/opt/ros/humble/share/cartographer/configuration_files/trajectory_builder_3d.lua' for 'trajectory_builder_3d.lua'.
[INFO] [1772109786.660107419] [cartographer logger]: I0226 21:43:06.000000 194609 configuration_file_resolver.cc:41] Found '/opt/ros/humble/share/cartographer/configuration_files/trajectory_builder_3d.lua' for 'trajectory_builder_3d.lua'.
[INFO] [1772109786.707494333] [cartographer logger]: I0226 21:43:06.000000 194609 map_builder_bridge.cpp:136] Added trajectory with ID '0'.
[INFO] [1772109787.331638728] [cartographer logger]: I0226 21:43:07.000000 194609 ordered_multi_queue.cc:172] All sensor data for trajectory 0 is available starting at '639077065872137524'.
[WARN] [1772109787.333513013] [cartographer logger]: W0226 21:43:07.000000 194609 pose_extrapolator.cc:168] Queue too short for velocity estimation. Queue duration: 0 s
[INFO] [1772109787.338361497] [cartographer logger]: I0226 21:43:07.000000 194609 pose_graph_2d.cc:148] Inserted submap (0, 0).
[INFO] [1772109801.721856865] [cartographer logger]: I0226 21:43:21.000000 194609 collated_trajectory_builder.cc:81] scan rate: 8.41 Hz 1.19e-01 s +/- 1.67e-02 s (pulsed at 100.03% real time)
[INFO] [1772109818.449628649] [cartographer logger]: I0226 21:43:38.000000 194609 collated_trajectory_builder.cc:81] scan rate: 7.47 Hz 1.34e-01 s +/- 1.49e-01 s (pulsed at 110.84% real time)
[INFO] [1772109833.474618906] [cartographer logger]: I0226 21:43:53.000000 194609 collated_trajectory_builder.cc:81] scan rate: 8.52 Hz 1.17e-01 s +/- 9.85e-03 s (pulsed at 100.02% real time)
[INFO] [1772109849.927637583] [cartographer logger]: I0226 21:44:09.000000 194609 motion_filter.cc:42] Motion filter reduced the number of nodes to 4.8%.
[INFO] [1772109850.153836625] [cartographer logger]: I0226 21:44:10.000000 194609 collated_trajectory_builder.cc:81] scan rate: 7.67 Hz 1.30e-01 s +/- 1.44e-01 s (pulsed at 110.74% real time)
[INFO] [1772109865.255367942] [cartographer logger]: I0226 21:44:25.000000 194609 collated_trajectory_builder.cc:81] scan rate: 8.68 Hz 1.15e-01 s +/- 8.47e-03 s (pulsed at 99.99% real time)
[INFO] [1772109881.899248632] [cartographer logger]: I0226 21:44:41.000000 194609 collated_trajectory_builder.cc:81] scan rate: 6.75 Hz 1.48e-01 s +/- 1.51e-01 s (pulsed at 110.01% real time)
[INFO] [1772109896.917944941] [cartographer logger]: I0226 21:44:56.000000 194609 collated_trajectory_builder.cc:81] scan rate: 4.40 Hz 2.27e-01 s +/- 4.25e-02 s (pulsed at 99.53% real time)
[INFO] [1772109913.861937508] [cartographer logger]: I0226 21:45:13.000000 194609 collated_trajectory_builder.cc:81] scan rate: 2.59 Hz 3.86e-01 s +/- 2.79e-01 s (pulsed at 111.28% real time)
[INFO] [1772109928.998356930] [cartographer logger]: I0226 21:45:28.000000 194609 collated_trajectory_builder.cc:81] scan rate: 5.16 Hz 1.94e-01 s +/- 8.13e-02 s (pulsed at 101.25% real time)
[INFO] [1772109939.035098037] [cartographer logger]: I0226 21:45:39.000000 194609 motion_filter.cc:42] Motion filter reduced the number of nodes to 4.7%.
[INFO] [1772109944.083613629] [cartographer logger]: I0226 21:45:44.000000 194609 collated_trajectory_builder.cc:81] scan rate: 6.76 Hz 1.48e-01 s +/- 1.01e-02 s (pulsed at 100.52% real time)
[INFO] [1772109960.799684646] [cartographer logger]: I0226 21:46:00.000000 194609 collated_trajectory_builder.cc:81] scan rate: 6.39 Hz 1.57e-01 s +/- 1.61e-01 s (pulsed at 111.17% real time)
[INFO] [1772109975.865686706] [cartographer logger]: I0226 21:46:15.000000 194609 collated_trajectory_builder.cc:81] scan rate: 4.66 Hz 2.15e-01 s +/- 2.88e-01 s (pulsed at 94.81% real time)
[INFO] [1772109976.483131527] [rclcpp]: signal_handler(SIGINT/SIGTERM)
