[INFO] [1772435913.172346649] [cartographer logger]: I0302 16:18:33.000000 41940 configuration_file_resolver.cc:41] Found '/home/tkddn647/test/install/localization_layer/share/localization_layer/config/cartographer_2d_mapping.lua' for 'cartographer_2d_mapping.lua'.
[INFO] [1772435913.172751123] [cartographer logger]: I0302 16:18:33.000000 41940 configuration_file_resolver.cc:41] Found '/home/tkddn647/test/install/localization_layer/share/localization_layer/config/map_builder.lua' for 'map_builder.lua'.
[INFO] [1772435913.172781563] [cartographer logger]: I0302 16:18:33.000000 41940 configuration_file_resolver.cc:41] Found '/home/tkddn647/test/install/localization_layer/share/localization_layer/config/map_builder.lua' for 'map_builder.lua'.
[INFO] [1772435913.172862491] [cartographer logger]: I0302 16:18:33.000000 41940 configuration_file_resolver.cc:41] Found '/home/tkddn647/test/install/localization_layer/share/localization_layer/config/pose_graph.lua' for 'pose_graph.lua'.
[INFO] [1772435913.172889217] [cartographer logger]: I0302 16:18:33.000000 41940 configuration_file_resolver.cc:41] Found '/home/tkddn647/test/install/localization_layer/share/localization_layer/config/pose_graph.lua' for 'pose_graph.lua'.
[INFO] [1772435913.173030275] [cartographer logger]: I0302 16:18:33.000000 41940 configuration_file_resolver.cc:41] Found '/home/tkddn647/test/install/localization_layer/share/localization_layer/config/trajectory_builder.lua' for 'trajectory_builder.lua'.
[INFO] [1772435913.173051171] [cartographer logger]: I0302 16:18:33.000000 41940 configuration_file_resolver.cc:41] Found '/home/tkddn647/test/install/localization_layer/share/localization_layer/config/trajectory_builder.lua' for 'trajectory_builder.lua'.
[INFO] [1772435913.173099389] [cartographer logger]: I0302 16:18:33.000000 41940 configuration_file_resolver.cc:41] Found '/opt/ros/humble/share/cartographer/configuration_files/trajectory_builder_2d.lua' for 'trajectory_builder_2d.lua'.
[INFO] [1772435913.173122852] [cartographer logger]: I0302 16:18:33.000000 41940 configuration_file_resolver.cc:41] Found '/opt/ros/humble/share/cartographer/configuration_files/trajectory_builder_2d.lua' for 'trajectory_builder_2d.lua'.
[INFO] [1772435913.173302672] [cartographer logger]: I0302 16:18:33.000000 41940 configuration_file_resolver.cc:41] Found '/opt/ros/humble/share/cartographer/configuration_files/trajectory_builder_3d.lua' for 'trajectory_builder_3d.lua'.
[INFO] [1772435913.173358274] [cartographer logger]: I0302 16:18:33.000000 41940 configuration_file_resolver.cc:41] Found '/opt/ros/humble/share/cartographer/configuration_files/trajectory_builder_3d.lua' for 'trajectory_builder_3d.lua'.
[INFO] [1772435913.196143790] [cartographer logger]: I0302 16:18:33.000000 41940 map_builder_bridge.cpp:136] Added trajectory with ID '0'.
[INFO] [1772435913.739003573] [cartographer logger]: I0302 16:18:33.000000 41940 ordered_multi_queue.cc:172] All sensor data for trajectory 0 is available starting at '639080327136347389'.
[INFO] [1772435913.840570651] [cartographer logger]: I0302 16:18:33.000000 41940 local_trajectory_builder_2d.cc:312] Extrapolator not yet initialized.
[INFO] [1772435913.846179132] [cartographer logger]: I0302 16:18:33.000000 41940 pose_graph_2d.cc:148] Inserted submap (0, 0).
[INFO] [1772435933.027557306] [cartographer logger]: I0302 16:18:53.000000 41940 collated_trajectory_builder.cc:81] imu rate: 2.71 Hz 3.69e-01 s +/- 1.12e+00 s (pulsed at 133.94% real time)
[INFO] [1772435933.027662866] [cartographer logger]: I0302 16:18:53.000000 41940 collated_trajectory_builder.cc:81] odom rate: 3.54 Hz 2.83e-01 s +/- 8.52e-01 s (pulsed at 93.58% real time)
[INFO] [1772435933.027784638] [cartographer logger]: I0302 16:18:53.000000 41940 collated_trajectory_builder.cc:81] scan rate: 3.76 Hz 2.66e-01 s +/- 9.55e-01 s (pulsed at 132.94% real time)
[INFO] [1772435942.910677113] [cartographer logger]: I0302 16:19:02.000000 41940 collated_trajectory_builder.cc:81] imu rate: 3.65 Hz 2.74e-01 s +/- 9.58e-01 s (pulsed at 131.85% real time)
[INFO] [1772435942.910757534] [cartographer logger]: I0302 16:19:02.000000 41940 collated_trajectory_builder.cc:81] odom rate: 2.09 Hz 4.78e-01 s +/- 1.26e+00 s (pulsed at 132.12% real time)
[INFO] [1772435942.910860019] [cartographer logger]: I0302 16:19:02.000000 41940 collated_trajectory_builder.cc:81] scan rate: 3.69 Hz 2.71e-01 s +/- 9.59e-01 s (pulsed at 90.24% real time)
[INFO] [1772435946.851458640] [cartographer logger]: I0302 16:19:06.000000 41940 pose_graph_2d.cc:148] Inserted submap (0, 1).
[INFO] [1772435953.000836124] [rclcpp]: signal_handler(SIGINT/SIGTERM)
