[INFO] [1772432909.870178748] [cartographer logger]: I0302 15:28:29.000000 18782 configuration_file_resolver.cc:41] Found '/home/tkddn647/test/install/localization_layer/share/localization_layer/config/cartographer_2d_mapping_lidar_only.lua' for 'cartographer_2d_mapping_lidar_only.lua'.
[INFO] [1772432909.871333503] [cartographer logger]: I0302 15:28:29.000000 18782 configuration_file_resolver.cc:41] Found '/home/tkddn647/test/install/localization_layer/share/localization_layer/config/map_builder_mapping.lua' for 'map_builder_mapping.lua'.
[INFO] [1772432909.871376871] [cartographer logger]: I0302 15:28:29.000000 18782 configuration_file_resolver.cc:41] Found '/home/tkddn647/test/install/localization_layer/share/localization_layer/config/map_builder_mapping.lua' for 'map_builder_mapping.lua'.
[INFO] [1772432909.873633015] [cartographer logger]: I0302 15:28:29.000000 18782 configuration_file_resolver.cc:41] Found '/home/tkddn647/test/install/localization_layer/share/localization_layer/config/pose_graph_mapping.lua' for 'pose_graph_mapping.lua'.
[INFO] [1772432909.873671909] [cartographer logger]: I0302 15:28:29.000000 18782 configuration_file_resolver.cc:41] Found '/home/tkddn647/test/install/localization_layer/share/localization_layer/config/pose_graph_mapping.lua' for 'pose_graph_mapping.lua'.
[INFO] [1772432909.874286609] [cartographer logger]: I0302 15:28:29.000000 18782 configuration_file_resolver.cc:41] Found '/home/tkddn647/test/install/localization_layer/share/localization_layer/config/trajectory_builder.lua' for 'trajectory_builder.lua'.
[INFO] [1772432909.874323761] [cartographer logger]: I0302 15:28:29.000000 18782 configuration_file_resolver.cc:41] Found '/home/tkddn647/test/install/localization_layer/share/localization_layer/config/trajectory_builder.lua' for 'trajectory_builder.lua'.
[INFO] [1772432909.874386041] [cartographer logger]: I0302 15:28:29.000000 18782 configuration_file_resolver.cc:41] Found '/opt/ros/humble/share/cartographer/configuration_files/trajectory_builder_2d.lua' for 'trajectory_builder_2d.lua'.
[INFO] [1772432909.874420229] [cartographer logger]: I0302 15:28:29.000000 18782 configuration_file_resolver.cc:41] Found '/opt/ros/humble/share/cartographer/configuration_files/trajectory_builder_2d.lua' for 'trajectory_builder_2d.lua'.
[INFO] [1772432909.874622873] [cartographer logger]: I0302 15:28:29.000000 18782 configuration_file_resolver.cc:41] Found '/opt/ros/humble/share/cartographer/configuration_files/trajectory_builder_3d.lua' for 'trajectory_builder_3d.lua'.
[INFO] [1772432909.874662130] [cartographer logger]: I0302 15:28:29.000000 18782 configuration_file_resolver.cc:41] Found '/opt/ros/humble/share/cartographer/configuration_files/trajectory_builder_3d.lua' for 'trajectory_builder_3d.lua'.
[INFO] [1772432909.898975720] [cartographer logger]: I0302 15:28:29.000000 18782 map_builder_bridge.cpp:136] Added trajectory with ID '0'.
[INFO] [1772432910.344232151] [cartographer logger]: I0302 15:28:30.000000 18782 ordered_multi_queue.cc:172] All sensor data for trajectory 0 is available starting at '639080297103398394'.
[WARN] [1772432910.345791886] [cartographer logger]: W0302 15:28:30.000000 18782 pose_extrapolator.cc:168] Queue too short for velocity estimation. Queue duration: 0 s
[WARN] [1772432910.346162558] [cartographer logger]: W0302 15:28:30.000000 18782 fixed_ratio_sampler.cc:26] FixedRatioSampler is dropping all data.
[INFO] [1772432910.346204592] [cartographer logger]: I0302 15:28:30.000000 18782 pose_graph_2d.cc:148] Inserted submap (0, 0).
[WARN] [1772432910.346276042] [cartographer logger]: W0302 15:28:30.000000 18782 sensor_bridge.cpp:211] Ignored subdivision of a LaserScan message from sensor scan because previous subdivision time 639080297103398394 is not before current subdivision time 639080297103398394
[WARN] [1772432910.369472293] [cartographer logger]: W0302 15:28:30.000000 18782 sensor_bridge.cpp:211] Ignored subdivision of a LaserScan message from sensor scan because previous subdivision time 639080297103648775 is not before current subdivision time 639080297103648775
[WARN] [1772432910.394724206] [cartographer logger]: W0302 15:28:30.000000 18782 sensor_bridge.cpp:211] Ignored subdivision of a LaserScan message from sensor scan because previous subdivision time 639080297103899439 is not before current subdivision time 639080297103899439
[WARN] [1772432910.421509282] [cartographer logger]: W0302 15:28:30.000000 18782 sensor_bridge.cpp:211] Ignored subdivision of a LaserScan message from sensor scan because previous subdivision time 639080297104156218 is not before current subdivision time 639080297104156218
[WARN] [1772432910.444540603] [cartographer logger]: W0302 15:28:30.000000 18782 sensor_bridge.cpp:211] Ignored subdivision of a LaserScan message from sensor scan because previous subdivision time 639080297104399211 is not before current subdivision time 639080297104399211
[WARN] [1772432910.470181428] [cartographer logger]: W0302 15:28:30.000000 18782 sensor_bridge.cpp:211] Ignored subdivision of a LaserScan message from sensor scan because previous subdivision time 639080297104653560 is not before current subdivision time 639080297104653560
[WARN] [1772432910.494412248] [cartographer logger]: W0302 15:28:30.000000 18782 sensor_bridge.cpp:211] Ignored subdivision of a LaserScan message from sensor scan because previous subdivision time 639080297104900752 is not before current subdivision time 639080297104900752
[WARN] [1772432910.519161502] [cartographer logger]: W0302 15:28:30.000000 18782 sensor_bridge.cpp:211] Ignored subdivision of a LaserScan message from sensor scan because previous subdivision time 639080297105147638 is not before current subdivision time 639080297105147638
[WARN] [1772432910.544692480] [cartographer logger]: W0302 15:28:30.000000 18782 sensor_bridge.cpp:211] Ignored subdivision of a LaserScan message from sensor scan because previous subdivision time 639080297105400448 is not before current subdivision time 639080297105400448
[WARN] [1772432910.570018949] [cartographer logger]: W0302 15:28:30.000000 18782 sensor_bridge.cpp:211] Ignored subdivision of a LaserScan message from sensor scan because previous subdivision time 639080297105647887 is not before current subdivision time 639080297105647887
[WARN] [1772432910.593992650] [cartographer logger]: W0302 15:28:30.000000 18782 sensor_bridge.cpp:211] Ignored subdivision of a LaserScan message from sensor scan because previous subdivision time 639080297105897788 is not before current subdivision time 639080297105897788
[WARN] [1772432910.618902644] [cartographer logger]: W0302 15:28:30.000000 18782 sensor_bridge.cpp:211] Ignored subdivision of a LaserScan message from sensor scan because previous subdivision time 639080297106147757 is not before current subdivision time 639080297106147757
[WARN] [1772432910.732219269] [cartographer logger]: W0302 15:28:30.000000 18782 sensor_bridge.cpp:211] Ignored subdivision of a LaserScan message from sensor scan because previous subdivision time 639080297106399926 is not before current subdivision time 639080297106399926
[WARN] [1772432910.817358559] [cartographer logger]: W0302 15:28:30.000000 18782 sensor_bridge.cpp:211] Ignored subdivision of a LaserScan message from sensor scan because previous subdivision time 639080297107134588 is not before current subdivision time 639080297107134588
[WARN] [1772432910.882917182] [cartographer logger]: W0302 15:28:30.000000 18782 sensor_bridge.cpp:211] Ignored subdivision of a LaserScan message from sensor scan because previous subdivision time 639080297107885574 is not before current subdivision time 639080297107885574
[WARN] [1772432910.961185361] [cartographer logger]: W0302 15:28:30.000000 18782 sensor_bridge.cpp:211] Ignored subdivision of a LaserScan message from sensor scan because previous subdivision time 639080297108623902 is not before current subdivision time 639080297108623902
[WARN] [1772432911.042011312] [cartographer logger]: W0302 15:28:31.000000 18782 sensor_bridge.cpp:211] Ignored subdivision of a LaserScan message from sensor scan because previous subdivision time 639080297109386521 is not before current subdivision time 639080297109386521
[WARN] [1772432911.119260704] [cartographer logger]: W0302 15:28:31.000000 18782 sensor_bridge.cpp:211] Ignored subdivision of a LaserScan message from sensor scan because previous subdivision time 639080297110220479 is not before current subdivision time 639080297110220479
[WARN] [1772432911.211747434] [cartographer logger]: W0302 15:28:31.000000 18782 sensor_bridge.cpp:211] Ignored subdivision of a LaserScan message from sensor scan because previous subdivision time 639080297110994443 is not before current subdivision time 639080297110994443
[WARN] [1772432911.286300454] [cartographer logger]: W0302 15:28:31.000000 18782 sensor_bridge.cpp:211] Ignored subdivision of a LaserScan message from sensor scan because previous subdivision time 639080297111880667 is not before current subdivision time 639080297111880667
[WARN] [1772432911.359638177] [cartographer logger]: W0302 15:28:31.000000 18782 sensor_bridge.cpp:211] Ignored subdivision of a LaserScan message from sensor scan because previous subdivision time 639080297112647291 is not before current subdivision time 639080297112647291
[WARN] [1772432911.432010702] [cartographer logger]: W0302 15:28:31.000000 18782 sensor_bridge.cpp:211] Ignored subdivision of a LaserScan message from sensor scan because previous subdivision time 639080297113386950 is not before current subdivision time 639080297113386950
[WARN] [1772432911.432680398] [cartographer logger]: W0302 15:28:31.000000 18782 sensor_bridge.cpp:211] Ignored subdivision of a LaserScan message from sensor scan because previous subdivision time 639080297114122795 is not before current subdivision time 639080297114122795
[WARN] [1772432911.433115069] [cartographer logger]: W0302 15:28:31.000000 18782 sensor_bridge.cpp:211] Ignored subdivision of a LaserScan message from sensor scan because previous subdivision time 639080297114165239 is not before current subdivision time 639080297114165239
[WARN] [1772432911.444012432] [cartographer logger]: W0302 15:28:31.000000 18782 sensor_bridge.cpp:211] Ignored subdivision of a LaserScan message from sensor scan because previous subdivision time 639080297114398157 is not before current subdivision time 639080297114398157
[WARN] [1772432911.557426626] [cartographer logger]: W0302 15:28:31.000000 18782 sensor_bridge.cpp:211] Ignored subdivision of a LaserScan message from sensor scan because previous subdivision time 639080297114648712 is not before current subdivision time 639080297114648712
[WARN] [1772432911.628857034] [cartographer logger]: W0302 15:28:31.000000 18782 sensor_bridge.cpp:211] Ignored subdivision of a LaserScan message from sensor scan because previous subdivision time 639080297115362037 is not before current subdivision time 639080297115362037
[WARN] [1772432911.700295432] [cartographer logger]: W0302 15:28:31.000000 18782 sensor_bridge.cpp:211] Ignored subdivision of a LaserScan message from sensor scan because previous subdivision time 639080297116088625 is not before current subdivision time 639080297116088625
[WARN] [1772432911.773631231] [cartographer logger]: W0302 15:28:31.000000 18782 sensor_bridge.cpp:211] Ignored subdivision of a LaserScan message from sensor scan because previous subdivision time 639080297116805466 is not before current subdivision time 639080297116805466
[WARN] [1772432911.846221034] [cartographer logger]: W0302 15:28:31.000000 18782 sensor_bridge.cpp:211] Ignored subdivision of a LaserScan message from sensor scan because previous subdivision time 639080297117539153 is not before current subdivision time 639080297117539153
[WARN] [1772432911.919658003] [cartographer logger]: W0302 15:28:31.000000 18782 sensor_bridge.cpp:211] Ignored subdivision of a LaserScan message from sensor scan because previous subdivision time 639080297118277323 is not before current subdivision time 639080297118277323
[WARN] [1772432911.995410008] [cartographer logger]: W0302 15:28:31.000000 18782 sensor_bridge.cpp:211] Ignored subdivision of a LaserScan message from sensor scan because previous subdivision time 639080297119013572 is not before current subdivision time 639080297119013572
[WARN] [1772432912.069615234] [cartographer logger]: W0302 15:28:32.000000 18782 sensor_bridge.cpp:211] Ignored subdivision of a LaserScan message from sensor scan because previous subdivision time 639080297119751415 is not before current subdivision time 639080297119751415
[WARN] [1772432912.141599089] [cartographer logger]: W0302 15:28:32.000000 18782 sensor_bridge.cpp:211] Ignored subdivision of a LaserScan message from sensor scan because previous subdivision time 639080297120497692 is not before current subdivision time 639080297120497692
[WARN] [1772432912.216033500] [cartographer logger]: W0302 15:28:32.000000 18782 sensor_bridge.cpp:211] Ignored subdivision of a LaserScan message from sensor scan because previous subdivision time 639080297121222283 is not before current subdivision time 639080297121222283
[WARN] [1772432912.301134457] [cartographer logger]: W0302 15:28:32.000000 18782 sensor_bridge.cpp:211] Ignored subdivision of a LaserScan message from sensor scan because previous subdivision time 639080297121943406 is not before current subdivision time 639080297121943406
[WARN] [1772432912.372317178] [cartographer logger]: W0302 15:28:32.000000 18782 sensor_bridge.cpp:211] Ignored subdivision of a LaserScan message from sensor scan because previous subdivision time 639080297122803027 is not before current subdivision time 639080297122803027
[WARN] [1772432918.298926194] [cartographer logger]: W0302 15:28:38.000000 18782 sensor_bridge.cpp:211] Ignored subdivision of a LaserScan message from sensor scan because previous subdivision time 639080297123526562 is not before current subdivision time 639080297123526562
[WARN] [1772432918.436646091] [cartographer logger]: W0302 15:28:38.000000 18782 sensor_bridge.cpp:211] Ignored subdivision of a LaserScan message from sensor scan because previous subdivision time 639080297182784691 is not before current subdivision time 639080297182784691
[WARN] [1772432918.459434924] [cartographer logger]: W0302 15:28:38.000000 18782 sensor_bridge.cpp:211] Ignored subdivision of a LaserScan message from sensor scan because previous subdivision time 639080297183533022 is not before current subdivision time 639080297183533022
[WARN] [1772432918.539668690] [cartographer logger]: W0302 15:28:38.000000 18782 sensor_bridge.cpp:211] Ignored subdivision of a LaserScan message from sensor scan because previous subdivision time 639080297184369392 is not before current subdivision time 639080297184369392
[WARN] [1772432912.247675288] [cartographer logger]: W0302 15:28:32.000000 18782 sensor_bridge.cpp:211] Ignored subdivision of a LaserScan message from sensor scan because previous subdivision time 639080297185193429 is not before current subdivision time 639080297185193429
[WARN] [1772432918.641315304] [cartographer logger]: W0302 15:28:38.000000 18782 sensor_bridge.cpp:211] Ignored subdivision of a LaserScan message from sensor scan because previous subdivision time 639080297185397964 is not before current subdivision time 639080297185397964
[WARN] [1772432918.722811103] [cartographer logger]: W0302 15:28:38.000000 18782 sensor_bridge.cpp:211] Ignored subdivision of a LaserScan message from sensor scan because previous subdivision time 639080297186200130 is not before current subdivision time 639080297186200130
[WARN] [1772432918.810971347] [cartographer logger]: W0302 15:28:38.000000 18782 sensor_bridge.cpp:211] Ignored subdivision of a LaserScan message from sensor scan because previous subdivision time 639080297187028156 is not before current subdivision time 639080297187028156
[WARN] [1772432918.900719793] [cartographer logger]: W0302 15:28:38.000000 18782 sensor_bridge.cpp:211] Ignored subdivision of a LaserScan message from sensor scan because previous subdivision time 639080297187895452 is not before current subdivision time 639080297187895452
[WARN] [1772432918.993976920] [cartographer logger]: W0302 15:28:38.000000 18782 sensor_bridge.cpp:211] Ignored subdivision of a LaserScan message from sensor scan because previous subdivision time 639080297188769568 is not before current subdivision time 639080297188769568
[WARN] [1772432919.074314216] [cartographer logger]: W0302 15:28:39.000000 18782 sensor_bridge.cpp:211] Ignored subdivision of a LaserScan message from sensor scan because previous subdivision time 639080297189704384 is not before current subdivision time 639080297189704384
[WARN] [1772432919.162397191] [cartographer logger]: W0302 15:28:39.000000 18782 sensor_bridge.cpp:211] Ignored subdivision of a LaserScan message from sensor scan because previous subdivision time 639080297190506416 is not before current subdivision time 639080297190506416
[WARN] [1772432919.251448720] [cartographer logger]: W0302 15:28:39.000000 18782 sensor_bridge.cpp:211] Ignored subdivision of a LaserScan message from sensor scan because previous subdivision time 639080297191409374 is not before current subdivision time 639080297191409374
[WARN] [1772432919.331511825] [cartographer logger]: W0302 15:28:39.000000 18782 sensor_bridge.cpp:211] Ignored subdivision of a LaserScan message from sensor scan because previous subdivision time 639080297192282427 is not before current subdivision time 639080297192282427
[WARN] [1772432919.415008743] [cartographer logger]: W0302 15:28:39.000000 18782 sensor_bridge.cpp:211] Ignored subdivision of a LaserScan message from sensor scan because previous subdivision time 639080297193087314 is not before current subdivision time 639080297193087314
[WARN] [1772432919.507221478] [cartographer logger]: W0302 15:28:39.000000 18782 sensor_bridge.cpp:211] Ignored subdivision of a LaserScan message from sensor scan because previous subdivision time 639080297193912741 is not before current subdivision time 639080297193912741
[WARN] [1772432919.590243969] [cartographer logger]: W0302 15:28:39.000000 18782 sensor_bridge.cpp:211] Ignored subdivision of a LaserScan message from sensor scan because previous subdivision time 639080297194833710 is not before current subdivision time 639080297194833710
[WARN] [1772432919.672747364] [cartographer logger]: W0302 15:28:39.000000 18782 sensor_bridge.cpp:211] Ignored subdivision of a LaserScan message from sensor scan because previous subdivision time 639080297195656144 is not before current subdivision time 639080297195656144
[WARN] [1772432919.805964737] [cartographer logger]: W0302 15:28:39.000000 18782 sensor_bridge.cpp:211] Ignored subdivision of a LaserScan message from sensor scan because previous subdivision time 639080297196506742 is not before current subdivision time 639080297196506742
[WARN] [1772432919.870906581] [cartographer logger]: W0302 15:28:39.000000 18782 sensor_bridge.cpp:211] Ignored subdivision of a LaserScan message from sensor scan because previous subdivision time 639080297197602572 is not before current subdivision time 639080297197602572
[WARN] [1772432919.960112775] [cartographer logger]: W0302 15:28:39.000000 18782 sensor_bridge.cpp:211] Ignored subdivision of a LaserScan message from sensor scan because previous subdivision time 639080297198501017 is not before current subdivision time 639080297198501017
[WARN] [1772432920.039699928] [cartographer logger]: W0302 15:28:40.000000 18782 sensor_bridge.cpp:211] Ignored subdivision of a LaserScan message from sensor scan because previous subdivision time 639080297199326487 is not before current subdivision time 639080297199326487
[WARN] [1772432920.149252514] [cartographer logger]: W0302 15:28:40.000000 18782 sensor_bridge.cpp:211] Ignored subdivision of a LaserScan message from sensor scan because previous subdivision time 639080297200173788 is not before current subdivision time 639080297200173788
[WARN] [1772432920.264809790] [cartographer logger]: W0302 15:28:40.000000 18782 sensor_bridge.cpp:211] Ignored subdivision of a LaserScan message from sensor scan because previous subdivision time 639080297201156855 is not before current subdivision time 639080297201156855
[WARN] [1772432920.352852516] [cartographer logger]: W0302 15:28:40.000000 18782 sensor_bridge.cpp:211] Ignored subdivision of a LaserScan message from sensor scan because previous subdivision time 639080297202382318 is not before current subdivision time 639080297202382318
[WARN] [1772432920.433879998] [cartographer logger]: W0302 15:28:40.000000 18782 sensor_bridge.cpp:211] Ignored subdivision of a LaserScan message from sensor scan because previous subdivision time 639080297203301656 is not before current subdivision time 639080297203301656
[WARN] [1772432920.526141798] [cartographer logger]: W0302 15:28:40.000000 18782 sensor_bridge.cpp:211] Ignored subdivision of a LaserScan message from sensor scan because previous subdivision time 639080297204124331 is not before current subdivision time 639080297204124331
[WARN] [1772432920.613960906] [cartographer logger]: W0302 15:28:40.000000 18782 sensor_bridge.cpp:211] Ignored subdivision of a LaserScan message from sensor scan because previous subdivision time 639080297205007313 is not before current subdivision time 639080297205007313
[WARN] [1772432920.701089709] [cartographer logger]: W0302 15:28:40.000000 18782 sensor_bridge.cpp:211] Ignored subdivision of a LaserScan message from sensor scan because previous subdivision time 639080297205887609 is not before current subdivision time 639080297205887609
[WARN] [1772432920.792313271] [cartographer logger]: W0302 15:28:40.000000 18782 sensor_bridge.cpp:211] Ignored subdivision of a LaserScan message from sensor scan because previous subdivision time 639080297206765964 is not before current subdivision time 639080297206765964
[WARN] [1772432920.863407118] [cartographer logger]: W0302 15:28:40.000000 18782 sensor_bridge.cpp:211] Ignored subdivision of a LaserScan message from sensor scan because previous subdivision time 639080297207640093 is not before current subdivision time 639080297207640093
[WARN] [1772432920.938313517] [cartographer logger]: W0302 15:28:40.000000 18782 sensor_bridge.cpp:211] Ignored subdivision of a LaserScan message from sensor scan because previous subdivision time 639080297208411589 is not before current subdivision time 639080297208411589
[WARN] [1772432921.016100363] [cartographer logger]: W0302 15:28:41.000000 18782 sensor_bridge.cpp:211] Ignored subdivision of a LaserScan message from sensor scan because previous subdivision time 639080297209172062 is not before current subdivision time 639080297209172062
[WARN] [1772432921.092462404] [cartographer logger]: W0302 15:28:41.000000 18782 sensor_bridge.cpp:211] Ignored subdivision of a LaserScan message from sensor scan because previous subdivision time 639080297209944305 is not before current subdivision time 639080297209944305
[WARN] [1772432921.170408768] [cartographer logger]: W0302 15:28:41.000000 18782 sensor_bridge.cpp:211] Ignored subdivision of a LaserScan message from sensor scan because previous subdivision time 639080297210709057 is not before current subdivision time 639080297210709057
[WARN] [1772432921.241591356] [cartographer logger]: W0302 15:28:41.000000 18782 sensor_bridge.cpp:211] Ignored subdivision of a LaserScan message from sensor scan because previous subdivision time 639080297211476663 is not before current subdivision time 639080297211476663
[WARN] [1772432921.321008129] [cartographer logger]: W0302 15:28:41.000000 18782 sensor_bridge.cpp:211] Ignored subdivision of a LaserScan message from sensor scan because previous subdivision time 639080297212223332 is not before current subdivision time 639080297212223332
[WARN] [1772432921.406869786] [cartographer logger]: W0302 15:28:41.000000 18782 sensor_bridge.cpp:211] Ignored subdivision of a LaserScan message from sensor scan because previous subdivision time 639080297212967760 is not before current subdivision time 639080297212967760
[WARN] [1772432921.486697035] [cartographer logger]: W0302 15:28:41.000000 18782 sensor_bridge.cpp:211] Ignored subdivision of a LaserScan message from sensor scan because previous subdivision time 639080297213864939 is not before current subdivision time 639080297213864939
[WARN] [1772432921.564039326] [cartographer logger]: W0302 15:28:41.000000 18782 sensor_bridge.cpp:211] Ignored subdivision of a LaserScan message from sensor scan because previous subdivision time 639080297214639268 is not before current subdivision time 639080297214639268
[WARN] [1772432921.643000986] [cartographer logger]: W0302 15:28:41.000000 18782 sensor_bridge.cpp:211] Ignored subdivision of a LaserScan message from sensor scan because previous subdivision time 639080297215437139 is not before current subdivision time 639080297215437139
[WARN] [1772432921.719835136] [cartographer logger]: W0302 15:28:41.000000 18782 sensor_bridge.cpp:211] Ignored subdivision of a LaserScan message from sensor scan because previous subdivision time 639080297216233931 is not before current subdivision time 639080297216233931
[WARN] [1772432921.798700302] [cartographer logger]: W0302 15:28:41.000000 18782 sensor_bridge.cpp:211] Ignored subdivision of a LaserScan message from sensor scan because previous subdivision time 639080297217007918 is not before current subdivision time 639080297217007918
[WARN] [1772432921.873689254] [cartographer logger]: W0302 15:28:41.000000 18782 sensor_bridge.cpp:211] Ignored subdivision of a LaserScan message from sensor scan because previous subdivision time 639080297217775041 is not before current subdivision time 639080297217775041
[WARN] [1772432921.949279609] [cartographer logger]: W0302 15:28:41.000000 18782 sensor_bridge.cpp:211] Ignored subdivision of a LaserScan message from sensor scan because previous subdivision time 639080297218536569 is not before current subdivision time 639080297218536569
[WARN] [1772432922.032052340] [cartographer logger]: W0302 15:28:42.000000 18782 sensor_bridge.cpp:211] Ignored subdivision of a LaserScan message from sensor scan because previous subdivision time 639080297219314182 is not before current subdivision time 639080297219314182
[WARN] [1772432922.126699161] [cartographer logger]: W0302 15:28:42.000000 18782 sensor_bridge.cpp:211] Ignored subdivision of a LaserScan message from sensor scan because previous subdivision time 639080297220089511 is not before current subdivision time 639080297220089511
[WARN] [1772432922.207723723] [cartographer logger]: W0302 15:28:42.000000 18782 sensor_bridge.cpp:211] Ignored subdivision of a LaserScan message from sensor scan because previous subdivision time 639080297221062357 is not before current subdivision time 639080297221062357
[WARN] [1772432922.281400820] [cartographer logger]: W0302 15:28:42.000000 18782 sensor_bridge.cpp:211] Ignored subdivision of a LaserScan message from sensor scan because previous subdivision time 639080297221858329 is not before current subdivision time 639080297221858329
[WARN] [1772432922.358558987] [cartographer logger]: W0302 15:28:42.000000 18782 sensor_bridge.cpp:211] Ignored subdivision of a LaserScan message from sensor scan because previous subdivision time 639080297222619045 is not before current subdivision time 639080297222619045
[WARN] [1772432928.332965591] [cartographer logger]: W0302 15:28:48.000000 18782 sensor_bridge.cpp:211] Ignored subdivision of a LaserScan message from sensor scan because previous subdivision time 639080297223375061 is not before current subdivision time 639080297223375061
[WARN] [1772432928.400639037] [cartographer logger]: W0302 15:28:48.000000 18782 sensor_bridge.cpp:211] Ignored subdivision of a LaserScan message from sensor scan because previous subdivision time 639080297283025118 is not before current subdivision time 639080297283025118
[WARN] [1772432928.479876388] [cartographer logger]: W0302 15:28:48.000000 18782 sensor_bridge.cpp:211] Ignored subdivision of a LaserScan message from sensor scan because previous subdivision time 639080297283799229 is not before current subdivision time 639080297283799229
[WARN] [1772432928.556526784] [cartographer logger]: W0302 15:28:48.000000 18782 sensor_bridge.cpp:211] Ignored subdivision of a LaserScan message from sensor scan because previous subdivision time 639080297284599768 is not before current subdivision time 639080297284599768
[WARN] [1772432922.265710465] [cartographer logger]: W0302 15:28:42.000000 18782 sensor_bridge.cpp:211] Ignored subdivision of a LaserScan message from sensor scan because previous subdivision time 639080297285371348 is not before current subdivision time 639080297285371348
[INFO] [1772432928.609872977] [cartographer logger]: I0302 15:28:48.000000 18782 collated_trajectory_builder.cc:81] scan rate: 5.00 Hz 2.00e-01 s +/- 8.32e-01 s (pulsed at 90.88% real time)
[WARN] [1772432928.631215672] [cartographer logger]: W0302 15:28:48.000000 18782 sensor_bridge.cpp:211] Ignored subdivision of a LaserScan message from sensor scan because previous subdivision time 639080297285398228 is not before current subdivision time 639080297285398228
[WARN] [1772432928.705487520] [cartographer logger]: W0302 15:28:48.000000 18782 sensor_bridge.cpp:211] Ignored subdivision of a LaserScan message from sensor scan because previous subdivision time 639080297286105968 is not before current subdivision time 639080297286105968
[WARN] [1772432928.778413687] [cartographer logger]: W0302 15:28:48.000000 18782 sensor_bridge.cpp:211] Ignored subdivision of a LaserScan message from sensor scan because previous subdivision time 639080297286850389 is not before current subdivision time 639080297286850389
[WARN] [1772432928.857608519] [cartographer logger]: W0302 15:28:48.000000 18782 sensor_bridge.cpp:211] Ignored subdivision of a LaserScan message from sensor scan because previous subdivision time 639080297287596582 is not before current subdivision time 639080297287596582
[WARN] [1772432928.935600102] [cartographer logger]: W0302 15:28:48.000000 18782 sensor_bridge.cpp:211] Ignored subdivision of a LaserScan message from sensor scan because previous subdivision time 639080297288382507 is not before current subdivision time 639080297288382507
[WARN] [1772432929.020873835] [cartographer logger]: W0302 15:28:49.000000 18782 sensor_bridge.cpp:211] Ignored subdivision of a LaserScan message from sensor scan because previous subdivision time 639080297289152092 is not before current subdivision time 639080297289152092
[WARN] [1772432929.091086505] [cartographer logger]: W0302 15:28:49.000000 18782 sensor_bridge.cpp:211] Ignored subdivision of a LaserScan message from sensor scan because previous subdivision time 639080297289929317 is not before current subdivision time 639080297289929317
[WARN] [1772432929.168149881] [cartographer logger]: W0302 15:28:49.000000 18782 sensor_bridge.cpp:211] Ignored subdivision of a LaserScan message from sensor scan because previous subdivision time 639080297290684726 is not before current subdivision time 639080297290684726
[WARN] [1772432929.244496746] [cartographer logger]: W0302 15:28:49.000000 18782 sensor_bridge.cpp:211] Ignored subdivision of a LaserScan message from sensor scan because previous subdivision time 639080297291455422 is not before current subdivision time 639080297291455422
[WARN] [1772432929.318439838] [cartographer logger]: W0302 15:28:49.000000 18782 sensor_bridge.cpp:211] Ignored subdivision of a LaserScan message from sensor scan because previous subdivision time 639080297292198750 is not before current subdivision time 639080297292198750
[WARN] [1772432929.391227936] [cartographer logger]: W0302 15:28:49.000000 18782 sensor_bridge.cpp:211] Ignored subdivision of a LaserScan message from sensor scan because previous subdivision time 639080297292951727 is not before current subdivision time 639080297292951727
[WARN] [1772432929.468319071] [cartographer logger]: W0302 15:28:49.000000 18782 sensor_bridge.cpp:211] Ignored subdivision of a LaserScan message from sensor scan because previous subdivision time 639080297293702333 is not before current subdivision time 639080297293702333
[WARN] [1772432929.540214287] [cartographer logger]: W0302 15:28:49.000000 18782 sensor_bridge.cpp:211] Ignored subdivision of a LaserScan message from sensor scan because previous subdivision time 639080297294448194 is not before current subdivision time 639080297294448194
[WARN] [1772432929.616065259] [cartographer logger]: W0302 15:28:49.000000 18782 sensor_bridge.cpp:211] Ignored subdivision of a LaserScan message from sensor scan because previous subdivision time 639080297295187251 is not before current subdivision time 639080297295187251
[WARN] [1772432929.694397989] [cartographer logger]: W0302 15:28:49.000000 18782 sensor_bridge.cpp:211] Ignored subdivision of a LaserScan message from sensor scan because previous subdivision time 639080297295936550 is not before current subdivision time 639080297295936550
[WARN] [1772432929.772506396] [cartographer logger]: W0302 15:28:49.000000 18782 sensor_bridge.cpp:211] Ignored subdivision of a LaserScan message from sensor scan because previous subdivision time 639080297296734076 is not before current subdivision time 639080297296734076
[WARN] [1772432929.850070391] [cartographer logger]: W0302 15:28:49.000000 18782 sensor_bridge.cpp:211] Ignored subdivision of a LaserScan message from sensor scan because previous subdivision time 639080297297512669 is not before current subdivision time 639080297297512669
[WARN] [1772432929.928108935] [cartographer logger]: W0302 15:28:49.000000 18782 sensor_bridge.cpp:211] Ignored subdivision of a LaserScan message from sensor scan because previous subdivision time 639080297298267186 is not before current subdivision time 639080297298267186
[WARN] [1772432930.009579380] [cartographer logger]: W0302 15:28:50.000000 18782 sensor_bridge.cpp:211] Ignored subdivision of a LaserScan message from sensor scan because previous subdivision time 639080297299064947 is not before current subdivision time 639080297299064947
[WARN] [1772432930.081820211] [cartographer logger]: W0302 15:28:50.000000 18782 sensor_bridge.cpp:211] Ignored subdivision of a LaserScan message from sensor scan because previous subdivision time 639080297299821054 is not before current subdivision time 639080297299821054
[WARN] [1772432930.160684760] [cartographer logger]: W0302 15:28:50.000000 18782 sensor_bridge.cpp:211] Ignored subdivision of a LaserScan message from sensor scan because previous subdivision time 639080297300604438 is not before current subdivision time 639080297300604438
[WARN] [1772432930.233677112] [cartographer logger]: W0302 15:28:50.000000 18782 sensor_bridge.cpp:211] Ignored subdivision of a LaserScan message from sensor scan because previous subdivision time 639080297301382273 is not before current subdivision time 639080297301382273
[WARN] [1772432930.311414821] [cartographer logger]: W0302 15:28:50.000000 18782 sensor_bridge.cpp:211] Ignored subdivision of a LaserScan message from sensor scan because previous subdivision time 639080297302131224 is not before current subdivision time 639080297302131224
[WARN] [1772432930.396757894] [cartographer logger]: W0302 15:28:50.000000 18782 sensor_bridge.cpp:211] Ignored subdivision of a LaserScan message from sensor scan because previous subdivision time 639080297302898145 is not before current subdivision time 639080297302898145
[WARN] [1772432930.504852989] [cartographer logger]: W0302 15:28:50.000000 18782 sensor_bridge.cpp:211] Ignored subdivision of a LaserScan message from sensor scan because previous subdivision time 639080297303739096 is not before current subdivision time 639080297303739096
[WARN] [1772432930.585141250] [cartographer logger]: W0302 15:28:50.000000 18782 sensor_bridge.cpp:211] Ignored subdivision of a LaserScan message from sensor scan because previous subdivision time 639080297304842601 is not before current subdivision time 639080297304842601
[WARN] [1772432930.678268684] [cartographer logger]: W0302 15:28:50.000000 18782 sensor_bridge.cpp:211] Ignored subdivision of a LaserScan message from sensor scan because previous subdivision time 639080297305624629 is not before current subdivision time 639080297305624629
[WARN] [1772432930.749324780] [cartographer logger]: W0302 15:28:50.000000 18782 sensor_bridge.cpp:211] Ignored subdivision of a LaserScan message from sensor scan because previous subdivision time 639080297306372120 is not before current subdivision time 639080297306372120
[WARN] [1772432930.824167823] [cartographer logger]: W0302 15:28:50.000000 18782 sensor_bridge.cpp:211] Ignored subdivision of a LaserScan message from sensor scan because previous subdivision time 639080297307262484 is not before current subdivision time 639080297307262484
[WARN] [1772432930.897627685] [cartographer logger]: W0302 15:28:50.000000 18782 sensor_bridge.cpp:211] Ignored subdivision of a LaserScan message from sensor scan because previous subdivision time 639080297308029335 is not before current subdivision time 639080297308029335
[WARN] [1772432930.977420287] [cartographer logger]: W0302 15:28:50.000000 18782 sensor_bridge.cpp:211] Ignored subdivision of a LaserScan message from sensor scan because previous subdivision time 639080297308780469 is not before current subdivision time 639080297308780469
[WARN] [1772432931.052037039] [cartographer logger]: W0302 15:28:51.000000 18782 sensor_bridge.cpp:211] Ignored subdivision of a LaserScan message from sensor scan because previous subdivision time 639080297309547470 is not before current subdivision time 639080297309547470
[WARN] [1772432931.127424608] [cartographer logger]: W0302 15:28:51.000000 18782 sensor_bridge.cpp:211] Ignored subdivision of a LaserScan message from sensor scan because previous subdivision time 639080297310313595 is not before current subdivision time 639080297310313595
[WARN] [1772432931.200640930] [cartographer logger]: W0302 15:28:51.000000 18782 sensor_bridge.cpp:211] Ignored subdivision of a LaserScan message from sensor scan because previous subdivision time 639080297311063225 is not before current subdivision time 639080297311063225
[WARN] [1772432931.276358895] [cartographer logger]: W0302 15:28:51.000000 18782 sensor_bridge.cpp:211] Ignored subdivision of a LaserScan message from sensor scan because previous subdivision time 639080297311811418 is not before current subdivision time 639080297311811418
[WARN] [1772432931.359560438] [cartographer logger]: W0302 15:28:51.000000 18782 sensor_bridge.cpp:211] Ignored subdivision of a LaserScan message from sensor scan because previous subdivision time 639080297312554123 is not before current subdivision time 639080297312554123
[WARN] [1772432931.438095010] [cartographer logger]: W0302 15:28:51.000000 18782 sensor_bridge.cpp:211] Ignored subdivision of a LaserScan message from sensor scan because previous subdivision time 639080297313380420 is not before current subdivision time 639080297313380420
[WARN] [1772432931.515275533] [cartographer logger]: W0302 15:28:51.000000 18782 sensor_bridge.cpp:211] Ignored subdivision of a LaserScan message from sensor scan because previous subdivision time 639080297314173607 is not before current subdivision time 639080297314173607
[INFO] [1772432931.605052288] [cartographer logger]: I0302 15:28:51.000000 18782 pose_graph_2d.cc:148] Inserted submap (0, 1).
[WARN] [1772432931.605213868] [cartographer logger]: W0302 15:28:51.000000 18782 sensor_bridge.cpp:211] Ignored subdivision of a LaserScan message from sensor scan because previous subdivision time 639080297314955160 is not before current subdivision time 639080297314955160
[WARN] [1772432931.669688054] [cartographer logger]: W0302 15:28:51.000000 18782 sensor_bridge.cpp:211] Ignored subdivision of a LaserScan message from sensor scan because previous subdivision time 639080297315732989 is not before current subdivision time 639080297315732989
[WARN] [1772432931.744625181] [cartographer logger]: W0302 15:28:51.000000 18782 sensor_bridge.cpp:211] Ignored subdivision of a LaserScan message from sensor scan because previous subdivision time 639080297316486535 is not before current subdivision time 639080297316486535
[WARN] [1772432931.819092210] [cartographer logger]: W0302 15:28:51.000000 18782 sensor_bridge.cpp:211] Ignored subdivision of a LaserScan message from sensor scan because previous subdivision time 639080297317234798 is not before current subdivision time 639080297317234798
[WARN] [1772432931.899968199] [cartographer logger]: W0302 15:28:51.000000 18782 sensor_bridge.cpp:211] Ignored subdivision of a LaserScan message from sensor scan because previous subdivision time 639080297317983602 is not before current subdivision time 639080297317983602
[WARN] [1772432931.993935225] [cartographer logger]: W0302 15:28:51.000000 18782 sensor_bridge.cpp:211] Ignored subdivision of a LaserScan message from sensor scan because previous subdivision time 639080297318760332 is not before current subdivision time 639080297318760332
[WARN] [1772432932.058154744] [cartographer logger]: W0302 15:28:52.000000 18782 sensor_bridge.cpp:211] Ignored subdivision of a LaserScan message from sensor scan because previous subdivision time 639080297319570072 is not before current subdivision time 639080297319570072
[WARN] [1772432932.135634157] [cartographer logger]: W0302 15:28:52.000000 18782 sensor_bridge.cpp:211] Ignored subdivision of a LaserScan message from sensor scan because previous subdivision time 639080297320375223 is not before current subdivision time 639080297320375223
[WARN] [1772432932.218532319] [cartographer logger]: W0302 15:28:52.000000 18782 sensor_bridge.cpp:211] Ignored subdivision of a LaserScan message from sensor scan because previous subdivision time 639080297321160247 is not before current subdivision time 639080297321160247
[WARN] [1772432932.290918346] [cartographer logger]: W0302 15:28:52.000000 18782 sensor_bridge.cpp:211] Ignored subdivision of a LaserScan message from sensor scan because previous subdivision time 639080297321947041 is not before current subdivision time 639080297321947041
[WARN] [1772432932.369492414] [cartographer logger]: W0302 15:28:52.000000 18782 sensor_bridge.cpp:211] Ignored subdivision of a LaserScan message from sensor scan because previous subdivision time 639080297322707272 is not before current subdivision time 639080297322707272
[WARN] [1772432938.344661498] [cartographer logger]: W0302 15:28:58.000000 18782 sensor_bridge.cpp:211] Ignored subdivision of a LaserScan message from sensor scan because previous subdivision time 639080297323489629 is not before current subdivision time 639080297323489629
[WARN] [1772432938.424735855] [cartographer logger]: W0302 15:28:58.000000 18782 sensor_bridge.cpp:211] Ignored subdivision of a LaserScan message from sensor scan because previous subdivision time 639080297383243150 is not before current subdivision time 639080297383243150
[WARN] [1772432938.497519133] [cartographer logger]: W0302 15:28:58.000000 18782 sensor_bridge.cpp:211] Ignored subdivision of a LaserScan message from sensor scan because previous subdivision time 639080297383997525 is not before current subdivision time 639080297383997525
[WARN] [1772432938.581605999] [cartographer logger]: W0302 15:28:58.000000 18782 sensor_bridge.cpp:211] Ignored subdivision of a LaserScan message from sensor scan because previous subdivision time 639080297384753351 is not before current subdivision time 639080297384753351
[WARN] [1772432932.257955495] [cartographer logger]: W0302 15:28:52.000000 18782 sensor_bridge.cpp:211] Ignored subdivision of a LaserScan message from sensor scan because previous subdivision time 639080297385603855 is not before current subdivision time 639080297385603855
[WARN] [1772432932.331065095] [cartographer logger]: W0302 15:28:52.000000 18782 sensor_bridge.cpp:211] Ignored subdivision of a LaserScan message from sensor scan because previous subdivision time 639080297386365054 is not before current subdivision time 639080297386365054
[WARN] [1772432938.742757333] [cartographer logger]: W0302 15:28:58.000000 18782 sensor_bridge.cpp:211] Ignored subdivision of a LaserScan message from sensor scan because previous subdivision time 639080297386397671 is not before current subdivision time 639080297386397671
[WARN] [1772432938.819910952] [cartographer logger]: W0302 15:28:58.000000 18782 sensor_bridge.cpp:211] Ignored subdivision of a LaserScan message from sensor scan because previous subdivision time 639080297387185620 is not before current subdivision time 639080297387185620
[WARN] [1772432938.902210163] [cartographer logger]: W0302 15:28:58.000000 18782 sensor_bridge.cpp:211] Ignored subdivision of a LaserScan message from sensor scan because previous subdivision time 639080297387971551 is not before current subdivision time 639080297387971551
[WARN] [1772432938.985100966] [cartographer logger]: W0302 15:28:58.000000 18782 sensor_bridge.cpp:211] Ignored subdivision of a LaserScan message from sensor scan because previous subdivision time 639080297388788220 is not before current subdivision time 639080297388788220
[WARN] [1772432939.061141670] [cartographer logger]: W0302 15:28:59.000000 18782 sensor_bridge.cpp:211] Ignored subdivision of a LaserScan message from sensor scan because previous subdivision time 639080297389595428 is not before current subdivision time 639080297389595428
[WARN] [1772432939.142893874] [cartographer logger]: W0302 15:28:59.000000 18782 sensor_bridge.cpp:211] Ignored subdivision of a LaserScan message from sensor scan because previous subdivision time 639080297390388060 is not before current subdivision time 639080297390388060
[INFO] [1772432939.143042549] [cartographer logger]: I0302 15:28:59.000000 18833 pose_graph_2d.cc:538] Remaining work items in queue: 0
[WARN] [1772432939.233233293] [cartographer logger]: W0302 15:28:59.000000 18782 sensor_bridge.cpp:211] Ignored subdivision of a LaserScan message from sensor scan because previous subdivision time 639080297391194368 is not before current subdivision time 639080297391194368
[WARN] [1772432939.307035999] [cartographer logger]: W0302 15:28:59.000000 18782 sensor_bridge.cpp:211] Ignored subdivision of a LaserScan message from sensor scan because previous subdivision time 639080297391994579 is not before current subdivision time 639080297391994579
[WARN] [1772432939.384476183] [cartographer logger]: W0302 15:28:59.000000 18782 sensor_bridge.cpp:211] Ignored subdivision of a LaserScan message from sensor scan because previous subdivision time 639080297392843121 is not before current subdivision time 639080297392843121
[WARN] [1772432939.475631744] [cartographer logger]: W0302 15:28:59.000000 18782 sensor_bridge.cpp:211] Ignored subdivision of a LaserScan message from sensor scan because previous subdivision time 639080297393609181 is not before current subdivision time 639080297393609181
[WARN] [1772432939.565703586] [cartographer logger]: W0302 15:28:59.000000 18782 sensor_bridge.cpp:211] Ignored subdivision of a LaserScan message from sensor scan because previous subdivision time 639080297394503826 is not before current subdivision time 639080297394503826
[WARN] [1772432939.631185744] [cartographer logger]: W0302 15:28:59.000000 18782 sensor_bridge.cpp:211] Ignored subdivision of a LaserScan message from sensor scan because previous subdivision time 639080297395288987 is not before current subdivision time 639080297395288987
[WARN] [1772432939.707839767] [cartographer logger]: W0302 15:28:59.000000 18782 sensor_bridge.cpp:211] Ignored subdivision of a LaserScan message from sensor scan because previous subdivision time 639080297396080688 is not before current subdivision time 639080297396080688
[WARN] [1772432939.783779024] [cartographer logger]: W0302 15:28:59.000000 18782 sensor_bridge.cpp:211] Ignored subdivision of a LaserScan message from sensor scan because previous subdivision time 639080297396848626 is not before current subdivision time 639080297396848626
[WARN] [1772432939.902521725] [cartographer logger]: W0302 15:28:59.000000 18782 sensor_bridge.cpp:211] Ignored subdivision of a LaserScan message from sensor scan because previous subdivision time 639080297397602731 is not before current subdivision time 639080297397602731
[WARN] [1772432939.963122076] [cartographer logger]: W0302 15:28:59.000000 18782 sensor_bridge.cpp:211] Ignored subdivision of a LaserScan message from sensor scan because previous subdivision time 639080297398458476 is not before current subdivision time 639080297398458476
[WARN] [1772432940.042811078] [cartographer logger]: W0302 15:29:00.000000 18782 sensor_bridge.cpp:211] Ignored subdivision of a LaserScan message from sensor scan because previous subdivision time 639080297399325584 is not before current subdivision time 639080297399325584
[WARN] [1772432940.117046518] [cartographer logger]: W0302 15:29:00.000000 18782 sensor_bridge.cpp:211] Ignored subdivision of a LaserScan message from sensor scan because previous subdivision time 639080297400190062 is not before current subdivision time 639080297400190062
[WARN] [1772432940.226645648] [cartographer logger]: W0302 15:29:00.000000 18782 sensor_bridge.cpp:211] Ignored subdivision of a LaserScan message from sensor scan because previous subdivision time 639080297400955880 is not before current subdivision time 639080297400955880
[WARN] [1772432940.279540282] [cartographer logger]: W0302 15:29:00.000000 18782 sensor_bridge.cpp:211] Ignored subdivision of a LaserScan message from sensor scan because previous subdivision time 639080297401762737 is not before current subdivision time 639080297401762737
[WARN] [1772432940.359671949] [cartographer logger]: W0302 15:29:00.000000 18782 sensor_bridge.cpp:211] Ignored subdivision of a LaserScan message from sensor scan because previous subdivision time 639080297402563202 is not before current subdivision time 639080297402563202
[WARN] [1772432940.437970991] [cartographer logger]: W0302 15:29:00.000000 18782 sensor_bridge.cpp:211] Ignored subdivision of a LaserScan message from sensor scan because previous subdivision time 639080297403354966 is not before current subdivision time 639080297403354966
[WARN] [1772432940.438674146] [cartographer logger]: W0302 15:29:00.000000 18782 sensor_bridge.cpp:211] Ignored subdivision of a LaserScan message from sensor scan because previous subdivision time 639080297404117078 is not before current subdivision time 639080297404117078
[WARN] [1772432940.439074762] [cartographer logger]: W0302 15:29:00.000000 18782 sensor_bridge.cpp:211] Ignored subdivision of a LaserScan message from sensor scan because previous subdivision time 639080297404189219 is not before current subdivision time 639080297404189219
[WARN] [1772432940.567239166] [cartographer logger]: W0302 15:29:00.000000 18782 sensor_bridge.cpp:211] Ignored subdivision of a LaserScan message from sensor scan because previous subdivision time 639080297404397681 is not before current subdivision time 639080297404397681
[WARN] [1772432940.627952484] [cartographer logger]: W0302 15:29:00.000000 18782 sensor_bridge.cpp:211] Ignored subdivision of a LaserScan message from sensor scan because previous subdivision time 639080297405248348 is not before current subdivision time 639080297405248348
[WARN] [1772432940.706882402] [cartographer logger]: W0302 15:29:00.000000 18782 sensor_bridge.cpp:211] Ignored subdivision of a LaserScan message from sensor scan because previous subdivision time 639080297406057037 is not before current subdivision time 639080297406057037
[WARN] [1772432940.786527275] [cartographer logger]: W0302 15:29:00.000000 18782 sensor_bridge.cpp:211] Ignored subdivision of a LaserScan message from sensor scan because previous subdivision time 639080297406837808 is not before current subdivision time 639080297406837808
[WARN] [1772432940.893915030] [cartographer logger]: W0302 15:29:00.000000 18782 sensor_bridge.cpp:211] Ignored subdivision of a LaserScan message from sensor scan because previous subdivision time 639080297407618029 is not before current subdivision time 639080297407618029
[WARN] [1772432940.964266658] [cartographer logger]: W0302 15:29:00.000000 18782 sensor_bridge.cpp:211] Ignored subdivision of a LaserScan message from sensor scan because previous subdivision time 639080297408449990 is not before current subdivision time 639080297408449990
[WARN] [1772432941.045528849] [cartographer logger]: W0302 15:29:01.000000 18782 sensor_bridge.cpp:211] Ignored subdivision of a LaserScan message from sensor scan because previous subdivision time 639080297409415518 is not before current subdivision time 639080297409415518
[WARN] [1772432941.127866812] [cartographer logger]: W0302 15:29:01.000000 18782 sensor_bridge.cpp:211] Ignored subdivision of a LaserScan message from sensor scan because previous subdivision time 639080297410229548 is not before current subdivision time 639080297410229548
[WARN] [1772432941.269640488] [cartographer logger]: W0302 15:29:01.000000 18782 sensor_bridge.cpp:211] Ignored subdivision of a LaserScan message from sensor scan because previous subdivision time 639080297411053953 is not before current subdivision time 639080297411053953
[WARN] [1772432941.293947190] [cartographer logger]: W0302 15:29:01.000000 18782 sensor_bridge.cpp:211] Ignored subdivision of a LaserScan message from sensor scan because previous subdivision time 639080297411829356 is not before current subdivision time 639080297411829356
[WARN] [1772432941.392118291] [cartographer logger]: W0302 15:29:01.000000 18782 sensor_bridge.cpp:211] Ignored subdivision of a LaserScan message from sensor scan because previous subdivision time 639080297412650132 is not before current subdivision time 639080297412650132
[WARN] [1772432941.481852852] [cartographer logger]: W0302 15:29:01.000000 18782 sensor_bridge.cpp:211] Ignored subdivision of a LaserScan message from sensor scan because previous subdivision time 639080297413659057 is not before current subdivision time 639080297413659057
[WARN] [1772432941.580021222] [cartographer logger]: W0302 15:29:01.000000 18782 sensor_bridge.cpp:211] Ignored subdivision of a LaserScan message from sensor scan because previous subdivision time 639080297414566609 is not before current subdivision time 639080297414566609
[WARN] [1772432941.670148692] [cartographer logger]: W0302 15:29:01.000000 18782 sensor_bridge.cpp:211] Ignored subdivision of a LaserScan message from sensor scan because previous subdivision time 639080297415511094 is not before current subdivision time 639080297415511094
[WARN] [1772432941.759127395] [cartographer logger]: W0302 15:29:01.000000 18782 sensor_bridge.cpp:211] Ignored subdivision of a LaserScan message from sensor scan because previous subdivision time 639080297416440533 is not before current subdivision time 639080297416440533
[WARN] [1772432941.840775660] [cartographer logger]: W0302 15:29:01.000000 18782 sensor_bridge.cpp:211] Ignored subdivision of a LaserScan message from sensor scan because previous subdivision time 639080297417336160 is not before current subdivision time 639080297417336160
[WARN] [1772432941.919944603] [cartographer logger]: W0302 15:29:01.000000 18782 sensor_bridge.cpp:211] Ignored subdivision of a LaserScan message from sensor scan because previous subdivision time 639080297418154007 is not before current subdivision time 639080297418154007
[WARN] [1772432942.004767862] [cartographer logger]: W0302 15:29:02.000000 18782 sensor_bridge.cpp:211] Ignored subdivision of a LaserScan message from sensor scan because previous subdivision time 639080297418959947 is not before current subdivision time 639080297418959947
[WARN] [1772432942.112943951] [cartographer logger]: W0302 15:29:02.000000 18782 sensor_bridge.cpp:211] Ignored subdivision of a LaserScan message from sensor scan because previous subdivision time 639080297419786645 is not before current subdivision time 639080297419786645
[WARN] [1772432942.221836079] [cartographer logger]: W0302 15:29:02.000000 18782 sensor_bridge.cpp:211] Ignored subdivision of a LaserScan message from sensor scan because previous subdivision time 639080297420866569 is not before current subdivision time 639080297420866569
[WARN] [1772432942.292706219] [cartographer logger]: W0302 15:29:02.000000 18782 sensor_bridge.cpp:211] Ignored subdivision of a LaserScan message from sensor scan because previous subdivision time 639080297421775027 is not before current subdivision time 639080297421775027
[WARN] [1772432948.299178254] [cartographer logger]: W0302 15:29:08.000000 18782 sensor_bridge.cpp:211] Ignored subdivision of a LaserScan message from sensor scan because previous subdivision time 639080297422667857 is not before current subdivision time 639080297422667857
[WARN] [1772432948.383320719] [cartographer logger]: W0302 15:29:08.000000 18782 sensor_bridge.cpp:211] Ignored subdivision of a LaserScan message from sensor scan because previous subdivision time 639080297482764868 is not before current subdivision time 639080297482764868
[WARN] [1772432948.498974288] [cartographer logger]: W0302 15:29:08.000000 18782 sensor_bridge.cpp:211] Ignored subdivision of a LaserScan message from sensor scan because previous subdivision time 639080297483606462 is not before current subdivision time 639080297483606462
[INFO] [1772432942.209727117] [cartographer logger]: I0302 15:29:02.000000 18782 collated_trajectory_builder.cc:81] scan rate: 5.14 Hz 1.95e-01 s +/- 8.24e-01 s (pulsed at 132.54% real time)
[WARN] [1772432942.232731721] [cartographer logger]: W0302 15:29:02.000000 18782 sensor_bridge.cpp:211] Ignored subdivision of a LaserScan message from sensor scan because previous subdivision time 639080297484724099 is not before current subdivision time 639080297484724099
[INFO] [1772432944.329209696] [rclcpp]: signal_handler(SIGINT/SIGTERM)
