[INFO] [1772103289.116475260] [cartographer logger]: I0226 19:54:49.000000 141215 configuration_file_resolver.cc:41] Found '/home/tkddn647/test/install/localization_layer/share/localization_layer/config/cartographer_2d_mapping.lua' for 'cartographer_2d_mapping.lua'.
[INFO] [1772103289.117621454] [cartographer logger]: I0226 19:54:49.000000 141215 configuration_file_resolver.cc:41] Found '/home/tkddn647/test/install/localization_layer/share/localization_layer/config/map_builder.lua' for 'map_builder.lua'.
[INFO] [1772103289.117660202] [cartographer logger]: I0226 19:54:49.000000 141215 configuration_file_resolver.cc:41] Found '/home/tkddn647/test/install/localization_layer/share/localization_layer/config/map_builder.lua' for 'map_builder.lua'.
[INFO] [1772103289.117719531] [cartographer logger]: I0226 19:54:49.000000 141215 configuration_file_resolver.cc:41] Found '/home/tkddn647/test/install/localization_layer/share/localization_layer/config/pose_graph.lua' for 'pose_graph.lua'.
[INFO] [1772103289.117743411] [cartographer logger]: I0226 19:54:49.000000 141215 configuration_file_resolver.cc:41] Found '/home/tkddn647/test/install/localization_layer/share/localization_layer/config/pose_graph.lua' for 'pose_graph.lua'.
[INFO] [1772103289.117962136] [cartographer logger]: I0226 19:54:49.000000 141215 configuration_file_resolver.cc:41] Found '/home/tkddn647/test/install/localization_layer/share/localization_layer/config/trajectory_builder.lua' for 'trajectory_builder.lua'.
[INFO] [1772103289.117999671] [cartographer logger]: I0226 19:54:49.000000 141215 configuration_file_resolver.cc:41] Found '/home/tkddn647/test/install/localization_layer/share/localization_layer/config/trajectory_builder.lua' for 'trajectory_builder.lua'.
[INFO] [1772103289.118063424] [cartographer logger]: I0226 19:54:49.000000 141215 configuration_file_resolver.cc:41] Found '/opt/ros/humble/share/cartographer/configuration_files/trajectory_builder_2d.lua' for 'trajectory_builder_2d.lua'.
[INFO] [1772103289.118114237] [cartographer logger]: I0226 19:54:49.000000 141215 configuration_file_resolver.cc:41] Found '/opt/ros/humble/share/cartographer/configuration_files/trajectory_builder_2d.lua' for 'trajectory_builder_2d.lua'.
[INFO] [1772103289.118311071] [cartographer logger]: I0226 19:54:49.000000 141215 configuration_file_resolver.cc:41] Found '/opt/ros/humble/share/cartographer/configuration_files/trajectory_builder_3d.lua' for 'trajectory_builder_3d.lua'.
[INFO] [1772103289.118348209] [cartographer logger]: I0226 19:54:49.000000 141215 configuration_file_resolver.cc:41] Found '/opt/ros/humble/share/cartographer/configuration_files/trajectory_builder_3d.lua' for 'trajectory_builder_3d.lua'.
[INFO] [1772103289.164002816] [cartographer logger]: I0226 19:54:49.000000 141215 map_builder_bridge.cpp:136] Added trajectory with ID '0'.
[INFO] [1772103289.739300921] [cartographer logger]: I0226 19:54:49.000000 141215 ordered_multi_queue.cc:172] All sensor data for trajectory 0 is available starting at '639077000896435850'.
[INFO] [1772103289.838246362] [cartographer logger]: I0226 19:54:49.000000 141215 local_trajectory_builder_2d.cc:312] Extrapolator not yet initialized.
[INFO] [1772103289.856360668] [cartographer logger]: I0226 19:54:49.000000 141215 pose_graph_2d.cc:148] Inserted submap (0, 0).
[INFO] [1772103305.420325976] [cartographer logger]: I0226 19:55:05.000000 141215 collated_trajectory_builder.cc:81] imu rate: 7.16 Hz 1.40e-01 s +/- 1.25e-01 s (pulsed at 109.12% real time)
[INFO] [1772103305.420439429] [cartographer logger]: I0226 19:55:05.000000 141215 collated_trajectory_builder.cc:81] odom rate: 5.07 Hz 1.97e-01 s +/- 1.37e-01 s (pulsed at 109.03% real time)
[INFO] [1772103305.420465354] [cartographer logger]: I0226 19:55:05.000000 141215 collated_trajectory_builder.cc:81] scan rate: 9.75 Hz 1.03e-01 s +/- 9.67e-02 s (pulsed at 108.31% real time)
[INFO] [1772103320.455122438] [cartographer logger]: I0226 19:55:20.000000 141215 collated_trajectory_builder.cc:81] imu rate: 7.76 Hz 1.29e-01 s +/- 4.62e-02 s (pulsed at 100.01% real time)
[INFO] [1772103320.455217477] [cartographer logger]: I0226 19:55:20.000000 141215 collated_trajectory_builder.cc:81] odom rate: 5.56 Hz 1.80e-01 s +/- 2.49e-02 s (pulsed at 99.99% real time)
[INFO] [1772103320.455331694] [cartographer logger]: I0226 19:55:20.000000 141215 collated_trajectory_builder.cc:81] scan rate: 10.78 Hz 9.28e-02 s +/- 8.24e-03 s (pulsed at 100.04% real time)
[INFO] [1772103335.518013232] [cartographer logger]: I0226 19:55:35.000000 141215 collated_trajectory_builder.cc:81] imu rate: 7.93 Hz 1.26e-01 s +/- 4.38e-02 s (pulsed at 99.39% real time)
[INFO] [1772103335.518123779] [cartographer logger]: I0226 19:55:35.000000 141215 collated_trajectory_builder.cc:81] odom rate: 5.59 Hz 1.79e-01 s +/- 3.36e-02 s (pulsed at 99.39% real time)
[INFO] [1772103335.518139786] [cartographer logger]: I0226 19:55:35.000000 141215 collated_trajectory_builder.cc:81] scan rate: 10.58 Hz 9.45e-02 s +/- 8.49e-03 s (pulsed at 99.16% real time)
[INFO] [1772103339.102623156] [cartographer logger]: I0226 19:55:39.000000 141215 motion_filter.cc:42] Motion filter reduced the number of nodes to 2%.
[INFO] [1772103351.509570642] [cartographer logger]: I0226 19:55:51.000000 141215 collated_trajectory_builder.cc:81] imu rate: 6.97 Hz 1.44e-01 s +/- 1.09e-01 s (pulsed at 106.40% real time)
[INFO] [1772103351.509672706] [cartographer logger]: I0226 19:55:51.000000 141215 collated_trajectory_builder.cc:81] odom rate: 4.75 Hz 2.11e-01 s +/- 1.13e-01 s (pulsed at 106.28% real time)
[INFO] [1772103351.509697896] [cartographer logger]: I0226 19:55:51.000000 141215 collated_trajectory_builder.cc:81] scan rate: 9.29 Hz 1.08e-01 s +/- 7.88e-02 s (pulsed at 106.47% real time)
[INFO] [1772103366.520451201] [cartographer logger]: I0226 19:56:06.000000 141215 collated_trajectory_builder.cc:81] imu rate: 7.16 Hz 1.40e-01 s +/- 5.20e-02 s (pulsed at 99.92% real time)
[INFO] [1772103366.520552558] [cartographer logger]: I0226 19:56:06.000000 141215 collated_trajectory_builder.cc:81] odom rate: 5.11 Hz 1.96e-01 s +/- 3.52e-02 s (pulsed at 99.82% real time)
[INFO] [1772103366.520578958] [cartographer logger]: I0226 19:56:06.000000 141215 collated_trajectory_builder.cc:81] scan rate: 10.01 Hz 9.99e-02 s +/- 1.76e-02 s (pulsed at 100.55% real time)
[INFO] [1772103382.859977501] [cartographer logger]: I0226 19:56:22.000000 141215 collated_trajectory_builder.cc:81] imu rate: 7.00 Hz 1.43e-01 s +/- 1.35e-01 s (pulsed at 108.73% real time)
[INFO] [1772103382.860042261] [cartographer logger]: I0226 19:56:22.000000 141215 collated_trajectory_builder.cc:81] odom rate: 4.73 Hz 2.11e-01 s +/- 1.51e-01 s (pulsed at 108.78% real time)
[INFO] [1772103382.860101620] [cartographer logger]: I0226 19:56:22.000000 141215 collated_trajectory_builder.cc:81] scan rate: 9.22 Hz 1.08e-01 s +/- 1.07e-01 s (pulsed at 108.95% real time)
[INFO] [1772103390.063353135] [cartographer logger]: I0226 19:56:30.000000 141215 motion_filter.cc:42] Motion filter reduced the number of nodes to 2%.
[INFO] [1772103397.933350029] [cartographer logger]: I0226 19:56:37.000000 141215 collated_trajectory_builder.cc:81] imu rate: 8.26 Hz 1.21e-01 s +/- 4.13e-02 s (pulsed at 99.97% real time)
[INFO] [1772103397.933418835] [cartographer logger]: I0226 19:56:37.000000 141215 collated_trajectory_builder.cc:81] odom rate: 5.31 Hz 1.88e-01 s +/- 3.16e-02 s (pulsed at 99.99% real time)
[INFO] [1772103397.933435086] [cartographer logger]: I0226 19:56:37.000000 141215 collated_trajectory_builder.cc:81] scan rate: 10.28 Hz 9.73e-02 s +/- 1.17e-02 s (pulsed at 100.00% real time)
[INFO] [1772103414.039919743] [cartographer logger]: I0226 19:56:54.000000 141215 collated_trajectory_builder.cc:81] imu rate: 6.85 Hz 1.46e-01 s +/- 1.17e-01 s (pulsed at 107.12% real time)
[INFO] [1772103414.039990272] [cartographer logger]: I0226 19:56:54.000000 141215 collated_trajectory_builder.cc:81] odom rate: 4.87 Hz 2.05e-01 s +/- 1.23e-01 s (pulsed at 106.96% real time)
[INFO] [1772103414.040008403] [cartographer logger]: I0226 19:56:54.000000 141215 collated_trajectory_builder.cc:81] scan rate: 9.37 Hz 1.07e-01 s +/- 8.58e-02 s (pulsed at 107.59% real time)
[INFO] [1772103429.069496057] [cartographer logger]: I0226 19:57:09.000000 141215 collated_trajectory_builder.cc:81] imu rate: 7.87 Hz 1.27e-01 s +/- 5.29e-02 s (pulsed at 99.95% real time)
[INFO] [1772103429.069579403] [cartographer logger]: I0226 19:57:09.000000 141215 collated_trajectory_builder.cc:81] odom rate: 5.30 Hz 1.89e-01 s +/- 4.38e-02 s (pulsed at 100.46% real time)
[INFO] [1772103429.069607564] [cartographer logger]: I0226 19:57:09.000000 141215 collated_trajectory_builder.cc:81] scan rate: 10.13 Hz 9.87e-02 s +/- 1.88e-02 s (pulsed at 99.72% real time)
[INFO] [1772103434.396374108] [rclcpp]: signal_handler(SIGINT/SIGTERM)
