[INFO] [1772108328.513108562] [cartographer logger]: I0226 21:18:48.000000 183611 configuration_file_resolver.cc:41] Found '/home/tkddn647/test/install/localization_layer/share/localization_layer/config/cartographer_2d_mapping.lua' for 'cartographer_2d_mapping.lua'.
[INFO] [1772108328.513562449] [cartographer logger]: I0226 21:18:48.000000 183611 configuration_file_resolver.cc:41] Found '/home/tkddn647/test/install/localization_layer/share/localization_layer/config/map_builder.lua' for 'map_builder.lua'.
[INFO] [1772108328.513594048] [cartographer logger]: I0226 21:18:48.000000 183611 configuration_file_resolver.cc:41] Found '/home/tkddn647/test/install/localization_layer/share/localization_layer/config/map_builder.lua' for 'map_builder.lua'.
[INFO] [1772108328.513646581] [cartographer logger]: I0226 21:18:48.000000 183611 configuration_file_resolver.cc:41] Found '/home/tkddn647/test/install/localization_layer/share/localization_layer/config/pose_graph.lua' for 'pose_graph.lua'.
[INFO] [1772108328.513674098] [cartographer logger]: I0226 21:18:48.000000 183611 configuration_file_resolver.cc:41] Found '/home/tkddn647/test/install/localization_layer/share/localization_layer/config/pose_graph.lua' for 'pose_graph.lua'.
[INFO] [1772108328.513917303] [cartographer logger]: I0226 21:18:48.000000 183611 configuration_file_resolver.cc:41] Found '/home/tkddn647/test/install/localization_layer/share/localization_layer/config/trajectory_builder.lua' for 'trajectory_builder.lua'.
[INFO] [1772108328.513948941] [cartographer logger]: I0226 21:18:48.000000 183611 configuration_file_resolver.cc:41] Found '/home/tkddn647/test/install/localization_layer/share/localization_layer/config/trajectory_builder.lua' for 'trajectory_builder.lua'.
[INFO] [1772108328.514008305] [cartographer logger]: I0226 21:18:48.000000 183611 configuration_file_resolver.cc:41] Found '/opt/ros/humble/share/cartographer/configuration_files/trajectory_builder_2d.lua' for 'trajectory_builder_2d.lua'.
[INFO] [1772108328.514038649] [cartographer logger]: I0226 21:18:48.000000 183611 configuration_file_resolver.cc:41] Found '/opt/ros/humble/share/cartographer/configuration_files/trajectory_builder_2d.lua' for 'trajectory_builder_2d.lua'.
[INFO] [1772108328.514211214] [cartographer logger]: I0226 21:18:48.000000 183611 configuration_file_resolver.cc:41] Found '/opt/ros/humble/share/cartographer/configuration_files/trajectory_builder_3d.lua' for 'trajectory_builder_3d.lua'.
[INFO] [1772108328.514241196] [cartographer logger]: I0226 21:18:48.000000 183611 configuration_file_resolver.cc:41] Found '/opt/ros/humble/share/cartographer/configuration_files/trajectory_builder_3d.lua' for 'trajectory_builder_3d.lua'.
[INFO] [1772108328.542547030] [cartographer logger]: I0226 21:18:48.000000 183611 map_builder_bridge.cpp:136] Added trajectory with ID '0'.
[INFO] [1772108329.169998226] [cartographer logger]: I0226 21:18:49.000000 183611 ordered_multi_queue.cc:172] All sensor data for trajectory 0 is available starting at '639077051290499969'.
[INFO] [1772108329.281795244] [cartographer logger]: I0226 21:18:49.000000 183611 local_trajectory_builder_2d.cc:312] Extrapolator not yet initialized.
[WARN] [1772108329.283444450] [cartographer logger]: W0226 21:18:49.000000 183611 pose_extrapolator.cc:168] Queue too short for velocity estimation. Queue duration: 0.000934 s
[INFO] [1772108329.287965470] [cartographer logger]: I0226 21:18:49.000000 183611 pose_graph_2d.cc:148] Inserted submap (0, 0).
[INFO] [1772108340.241162710] [cartographer logger]: I0226 21:19:00.000000 183611 pose_graph_2d.cc:148] Inserted submap (0, 1).
[INFO] [1772108343.588810266] [cartographer logger]: I0226 21:19:03.000000 183611 collated_trajectory_builder.cc:81] imu rate: 5.72 Hz 1.75e-01 s +/- 6.06e-02 s (pulsed at 100.76% real time)
[INFO] [1772108343.588922029] [cartographer logger]: I0226 21:19:03.000000 183611 collated_trajectory_builder.cc:81] odom rate: 4.06 Hz 2.46e-01 s +/- 3.14e-02 s (pulsed at 100.69% real time)
[INFO] [1772108343.588947157] [cartographer logger]: I0226 21:19:03.000000 183611 collated_trajectory_builder.cc:81] scan rate: 8.06 Hz 1.24e-01 s +/- 1.61e-02 s (pulsed at 99.77% real time)
[INFO] [1772108344.148531754] [cartographer logger]: I0226 21:19:04.000000 183659 pose_graph_2d.cc:538] Remaining work items in queue: 0
[INFO] [1772108351.726306418] [rclcpp]: signal_handler(SIGINT/SIGTERM)
