[INFO] [1772117426.505391139] [cartographer logger]: I0226 23:50:26.000000 269658 configuration_file_resolver.cc:41] Found '/home/tkddn647/test/install/localization_layer/share/localization_layer/config/cartographer_2d_mapping_lidar_only.lua' for 'cartographer_2d_mapping_lidar_only.lua'.
[INFO] [1772117426.507614091] [cartographer logger]: I0226 23:50:26.000000 269658 configuration_file_resolver.cc:41] Found '/home/tkddn647/test/install/localization_layer/share/localization_layer/config/map_builder_mapping.lua' for 'map_builder_mapping.lua'.
[INFO] [1772117426.507663668] [cartographer logger]: I0226 23:50:26.000000 269658 configuration_file_resolver.cc:41] Found '/home/tkddn647/test/install/localization_layer/share/localization_layer/config/map_builder_mapping.lua' for 'map_builder_mapping.lua'.
[INFO] [1772117426.507781605] [cartographer logger]: I0226 23:50:26.000000 269658 configuration_file_resolver.cc:41] Found '/home/tkddn647/test/install/localization_layer/share/localization_layer/config/pose_graph_mapping.lua' for 'pose_graph_mapping.lua'.
[INFO] [1772117426.507811759] [cartographer logger]: I0226 23:50:26.000000 269658 configuration_file_resolver.cc:41] Found '/home/tkddn647/test/install/localization_layer/share/localization_layer/config/pose_graph_mapping.lua' for 'pose_graph_mapping.lua'.
[INFO] [1772117426.511332340] [cartographer logger]: I0226 23:50:26.000000 269658 configuration_file_resolver.cc:41] Found '/home/tkddn647/test/install/localization_layer/share/localization_layer/config/trajectory_builder.lua' for 'trajectory_builder.lua'.
[INFO] [1772117426.511376741] [cartographer logger]: I0226 23:50:26.000000 269658 configuration_file_resolver.cc:41] Found '/home/tkddn647/test/install/localization_layer/share/localization_layer/config/trajectory_builder.lua' for 'trajectory_builder.lua'.
[INFO] [1772117426.511724296] [cartographer logger]: I0226 23:50:26.000000 269658 configuration_file_resolver.cc:41] Found '/opt/ros/humble/share/cartographer/configuration_files/trajectory_builder_2d.lua' for 'trajectory_builder_2d.lua'.
[INFO] [1772117426.511841779] [cartographer logger]: I0226 23:50:26.000000 269658 configuration_file_resolver.cc:41] Found '/opt/ros/humble/share/cartographer/configuration_files/trajectory_builder_2d.lua' for 'trajectory_builder_2d.lua'.
[INFO] [1772117426.512204118] [cartographer logger]: I0226 23:50:26.000000 269658 configuration_file_resolver.cc:41] Found '/opt/ros/humble/share/cartographer/configuration_files/trajectory_builder_3d.lua' for 'trajectory_builder_3d.lua'.
[INFO] [1772117426.512255406] [cartographer logger]: I0226 23:50:26.000000 269658 configuration_file_resolver.cc:41] Found '/opt/ros/humble/share/cartographer/configuration_files/trajectory_builder_3d.lua' for 'trajectory_builder_3d.lua'.
[INFO] [1772117426.558131883] [cartographer logger]: I0226 23:50:26.000000 269658 map_builder_bridge.cpp:136] Added trajectory with ID '0'.
[INFO] [1772117427.151753482] [cartographer logger]: I0226 23:50:27.000000 269658 ordered_multi_queue.cc:172] All sensor data for trajectory 0 is available starting at '639077142270452287'.
[WARN] [1772117427.153536232] [cartographer logger]: W0226 23:50:27.000000 269658 pose_extrapolator.cc:168] Queue too short for velocity estimation. Queue duration: 0 s
[WARN] [1772117427.157419745] [cartographer logger]: W0226 23:50:27.000000 269658 fixed_ratio_sampler.cc:26] FixedRatioSampler is dropping all data.
[INFO] [1772117427.157466404] [cartographer logger]: I0226 23:50:27.000000 269658 pose_graph_2d.cc:148] Inserted submap (0, 0).
[INFO] [1772117441.608684785] [cartographer logger]: I0226 23:50:41.000000 269658 collated_trajectory_builder.cc:81] scan rate: 8.79 Hz 1.14e-01 s +/- 1.27e-02 s (pulsed at 99.94% real time)
[INFO] [1772117457.994083660] [cartographer logger]: I0226 23:50:57.000000 269658 collated_trajectory_builder.cc:81] scan rate: 7.74 Hz 1.29e-01 s +/- 1.19e-01 s (pulsed at 108.89% real time)
[INFO] [1772117473.052536713] [cartographer logger]: I0226 23:51:13.000000 269658 collated_trajectory_builder.cc:81] scan rate: 8.63 Hz 1.16e-01 s +/- 1.11e-02 s (pulsed at 99.98% real time)
[INFO] [1772117486.780576299] [cartographer logger]: I0226 23:51:26.000000 269658 motion_filter.cc:42] Motion filter reduced the number of nodes to 5.8%.
[INFO] [1772117488.054874253] [cartographer logger]: I0226 23:51:28.000000 269658 collated_trajectory_builder.cc:81] scan rate: 8.40 Hz 1.19e-01 s +/- 1.07e-02 s (pulsed at 100.08% real time)
[INFO] [1772117504.688798013] [cartographer logger]: I0226 23:51:44.000000 269658 collated_trajectory_builder.cc:81] scan rate: 7.46 Hz 1.34e-01 s +/- 1.44e-01 s (pulsed at 110.58% real time)
[INFO] [1772117519.775437318] [cartographer logger]: I0226 23:51:59.000000 269658 collated_trajectory_builder.cc:81] scan rate: 8.61 Hz 1.16e-01 s +/- 1.73e-02 s (pulsed at 100.39% real time)
[INFO] [1772117535.907420973] [cartographer logger]: I0226 23:52:15.000000 269658 collated_trajectory_builder.cc:81] scan rate: 9.19 Hz 1.09e-01 s +/- 1.18e-02 s (pulsed at 99.99% real time)
[INFO] [1772117545.849958436] [cartographer logger]: I0226 23:52:25.000000 269658 motion_filter.cc:42] Motion filter reduced the number of nodes to 5.7%.
[INFO] [1772117550.990016369] [cartographer logger]: I0226 23:52:30.000000 269658 collated_trajectory_builder.cc:81] scan rate: 9.88 Hz 1.01e-01 s +/- 1.01e-02 s (pulsed at 100.06% real time)
[INFO] [1772117552.377541291] [cartographer logger]: I0226 23:52:32.000000 269658 pose_graph_2d.cc:148] Inserted submap (0, 1).
[INFO] [1772117566.104441011] [cartographer logger]: I0226 23:52:46.000000 269658 collated_trajectory_builder.cc:81] scan rate: 9.88 Hz 1.01e-01 s +/- 1.16e-02 s (pulsed at 99.72% real time)
[INFO] [1772117582.374322560] [cartographer logger]: I0226 23:53:02.000000 269658 collated_trajectory_builder.cc:81] scan rate: 6.14 Hz 1.63e-01 s +/- 1.15e-01 s (pulsed at 107.53% real time)
[INFO] [1772117597.475315492] [cartographer logger]: I0226 23:53:17.000000 269658 collated_trajectory_builder.cc:81] scan rate: 6.49 Hz 1.54e-01 s +/- 1.29e-02 s (pulsed at 99.94% real time)
[INFO] [1772117613.858707584] [cartographer logger]: I0226 23:53:33.000000 269658 collated_trajectory_builder.cc:81] scan rate: 5.67 Hz 1.76e-01 s +/- 1.43e-01 s (pulsed at 109.13% real time)
[INFO] [1772117615.272252055] [cartographer logger]: I0226 23:53:35.000000 269658 motion_filter.cc:42] Motion filter reduced the number of nodes to 6%.
[INFO] [1772117616.151398416] [cartographer logger]: I0226 23:53:36.000000 269706 pose_graph_2d.cc:538] Remaining work items in queue: 0
[INFO] [1772117628.898879848] [cartographer logger]: I0226 23:53:48.000000 269658 collated_trajectory_builder.cc:81] scan rate: 6.45 Hz 1.55e-01 s +/- 1.30e-02 s (pulsed at 100.02% real time)
[INFO] [1772117645.289613942] [cartographer logger]: I0226 23:54:05.000000 269658 collated_trajectory_builder.cc:81] scan rate: 6.03 Hz 1.66e-01 s +/- 1.39e-01 s (pulsed at 109.31% real time)
[INFO] [1772117660.346913958] [cartographer logger]: I0226 23:54:20.000000 269658 collated_trajectory_builder.cc:81] scan rate: 6.71 Hz 1.49e-01 s +/- 1.07e-02 s (pulsed at 100.05% real time)
[INFO] [1772117676.828837709] [cartographer logger]: I0226 23:54:36.000000 269658 collated_trajectory_builder.cc:81] scan rate: 6.08 Hz 1.65e-01 s +/- 1.33e-01 s (pulsed at 108.64% real time)
[INFO] [1772117679.765401782] [cartographer logger]: I0226 23:54:39.000000 269658 pose_graph_2d.cc:148] Inserted submap (0, 2).
[INFO] [1772117691.924876477] [cartographer logger]: I0226 23:54:51.000000 269658 collated_trajectory_builder.cc:81] scan rate: 6.88 Hz 1.45e-01 s +/- 1.70e-02 s (pulsed at 100.09% real time)
[INFO] [1772117693.023931740] [cartographer logger]: I0226 23:54:53.000000 269658 motion_filter.cc:42] Motion filter reduced the number of nodes to 6.35%.
[INFO] [1772117708.380808485] [cartographer logger]: I0226 23:55:08.000000 269658 collated_trajectory_builder.cc:81] scan rate: 6.50 Hz 1.54e-01 s +/- 1.40e-01 s (pulsed at 109.54% real time)
[INFO] [1772117723.469266080] [cartographer logger]: I0226 23:55:23.000000 269658 collated_trajectory_builder.cc:81] scan rate: 7.22 Hz 1.39e-01 s +/- 1.07e-02 s (pulsed at 100.16% real time)
[INFO] [1772117739.890927223] [cartographer logger]: I0226 23:55:39.000000 269658 collated_trajectory_builder.cc:81] scan rate: 6.69 Hz 1.49e-01 s +/- 1.28e-01 s (pulsed at 108.78% real time)
[INFO] [1772117754.963255070] [cartographer logger]: I0226 23:55:54.000000 269658 collated_trajectory_builder.cc:81] scan rate: 7.24 Hz 1.38e-01 s +/- 1.25e-02 s (pulsed at 99.94% real time)
[INFO] [1772117764.837533155] [cartographer logger]: I0226 23:56:04.000000 269658 motion_filter.cc:42] Motion filter reduced the number of nodes to 6.44%.
[INFO] [1772117770.031861844] [cartographer logger]: I0226 23:56:10.000000 269658 collated_trajectory_builder.cc:81] scan rate: 7.37 Hz 1.36e-01 s +/- 1.17e-02 s (pulsed at 100.04% real time)
[INFO] [1772117786.422200338] [cartographer logger]: I0226 23:56:26.000000 269658 collated_trajectory_builder.cc:81] scan rate: 7.08 Hz 1.41e-01 s +/- 1.27e-01 s (pulsed at 109.01% real time)
[INFO] [1772117801.494832884] [cartographer logger]: I0226 23:56:41.000000 269658 collated_trajectory_builder.cc:81] scan rate: 7.43 Hz 1.35e-01 s +/- 1.52e-02 s (pulsed at 100.23% real time)
[INFO] [1772117806.821478199] [cartographer logger]: I0226 23:56:46.000000 269658 pose_graph_2d.cc:148] Inserted submap (0, 3).
[INFO] [1772117808.958842911] [cartographer logger]: I0226 23:56:48.000000 269706 pose_graph_2d.cc:538] Remaining work items in queue: 0
[INFO] [1772117817.849920800] [cartographer logger]: I0226 23:56:57.000000 269658 collated_trajectory_builder.cc:81] scan rate: 7.09 Hz 1.41e-01 s +/- 1.21e-01 s (pulsed at 108.67% real time)
[INFO] [1772117832.948674384] [cartographer logger]: I0226 23:57:12.000000 269658 collated_trajectory_builder.cc:81] scan rate: 7.81 Hz 1.28e-01 s +/- 1.30e-02 s (pulsed at 100.03% real time)
[INFO] [1772117832.960394085] [cartographer logger]: I0226 23:57:12.000000 269658 motion_filter.cc:42] Motion filter reduced the number of nodes to 6.46667%.
[INFO] [1772117849.389818847] [cartographer logger]: I0226 23:57:29.000000 269658 collated_trajectory_builder.cc:81] scan rate: 7.35 Hz 1.36e-01 s +/- 1.22e-01 s (pulsed at 108.95% real time)
[INFO] [1772117864.400959556] [cartographer logger]: I0226 23:57:44.000000 269658 collated_trajectory_builder.cc:81] scan rate: 7.73 Hz 1.29e-01 s +/- 1.30e-02 s (pulsed at 99.96% real time)
[INFO] [1772117881.212382259] [cartographer logger]: I0226 23:58:01.000000 269658 collated_trajectory_builder.cc:81] scan rate: 6.77 Hz 1.48e-01 s +/- 1.59e-01 s (pulsed at 111.27% real time)
[INFO] [1772117896.214934330] [cartographer logger]: I0226 23:58:16.000000 269658 collated_trajectory_builder.cc:81] scan rate: 7.86 Hz 1.27e-01 s +/- 9.27e-03 s (pulsed at 100.06% real time)
[INFO] [1772117900.472894678] [cartographer logger]: I0226 23:58:20.000000 269658 motion_filter.cc:42] Motion filter reduced the number of nodes to 6.45714%.
[INFO] [1772117913.442892808] [cartographer logger]: I0226 23:58:33.000000 269658 collated_trajectory_builder.cc:81] scan rate: 6.14 Hz 1.63e-01 s +/- 2.16e-01 s (pulsed at 114.35% real time)
[INFO] [1772117928.560533142] [cartographer logger]: I0226 23:58:48.000000 269658 collated_trajectory_builder.cc:81] scan rate: 7.80 Hz 1.28e-01 s +/- 7.57e-03 s (pulsed at 100.13% real time)
[INFO] [1772117932.035739503] [cartographer logger]: I0226 23:58:52.000000 269658 pose_graph_2d.cc:148] Inserted submap (0, 4).
[INFO] [1772117945.590057478] [cartographer logger]: I0226 23:59:05.000000 269658 collated_trajectory_builder.cc:81] scan rate: 6.16 Hz 1.62e-01 s +/- 1.99e-01 s (pulsed at 113.42% real time)
[INFO] [1772117960.706156163] [cartographer logger]: I0226 23:59:20.000000 269658 collated_trajectory_builder.cc:81] scan rate: 6.60 Hz 1.51e-01 s +/- 2.45e-02 s (pulsed at 100.20% real time)
[INFO] [1772117975.763136064] [cartographer logger]: I0226 23:59:35.000000 269658 collated_trajectory_builder.cc:81] scan rate: 6.65 Hz 1.50e-01 s +/- 2.19e-02 s (pulsed at 99.70% real time)
[INFO] [1772117976.087508037] [cartographer logger]: I0226 23:59:36.000000 269658 motion_filter.cc:42] Motion filter reduced the number of nodes to 6.525%.
[INFO] [1772117992.875176339] [cartographer logger]: I0226 23:59:52.000000 269658 collated_trajectory_builder.cc:81] scan rate: 6.01 Hz 1.66e-01 s +/- 2.09e-01 s (pulsed at 114.13% real time)
[INFO] [1772118001.727284032] [cartographer logger]: I0227 00:00:01.000000 269707 pose_graph_2d.cc:538] Remaining work items in queue: 0
[INFO] [1772118007.936140018] [cartographer logger]: I0227 00:00:07.000000 269658 collated_trajectory_builder.cc:81] scan rate: 6.97 Hz 1.43e-01 s +/- 1.63e-02 s (pulsed at 99.93% real time)
[INFO] [1772118024.876574024] [cartographer logger]: I0227 00:00:24.000000 269658 collated_trajectory_builder.cc:81] scan rate: 6.54 Hz 1.53e-01 s +/- 1.88e-01 s (pulsed at 113.12% real time)
[INFO] [1772118039.910123116] [cartographer logger]: I0227 00:00:39.000000 269658 collated_trajectory_builder.cc:81] scan rate: 7.85 Hz 1.27e-01 s +/- 1.22e-02 s (pulsed at 99.95% real time)
[INFO] [1772118049.339253444] [cartographer logger]: I0227 00:00:49.000000 269658 motion_filter.cc:42] Motion filter reduced the number of nodes to 6.55556%.
[INFO] [1772118056.336310054] [cartographer logger]: I0227 00:00:56.000000 269658 collated_trajectory_builder.cc:81] scan rate: 7.48 Hz 1.34e-01 s +/- 1.25e-01 s (pulsed at 109.32% real time)
[INFO] [1772118059.791175401] [cartographer logger]: I0227 00:00:59.000000 269658 pose_graph_2d.cc:148] Inserted submap (0, 5).
[INFO] [1772118071.375315827] [cartographer logger]: I0227 00:01:11.000000 269658 collated_trajectory_builder.cc:81] scan rate: 8.24 Hz 1.21e-01 s +/- 1.01e-02 s (pulsed at 100.01% real time)
[INFO] [1772118088.051565002] [cartographer logger]: I0227 00:01:28.000000 269658 collated_trajectory_builder.cc:81] scan rate: 7.61 Hz 1.31e-01 s +/- 1.44e-01 s (pulsed at 110.79% real time)
[INFO] [1772118103.112042753] [cartographer logger]: I0227 00:01:43.000000 269658 collated_trajectory_builder.cc:81] scan rate: 8.43 Hz 1.19e-01 s +/- 9.77e-03 s (pulsed at 100.01% real time)
[INFO] [1772118110.944863893] [cartographer logger]: I0227 00:01:50.000000 269658 motion_filter.cc:42] Motion filter reduced the number of nodes to 6.5%.
[INFO] [1772118119.853981654] [cartographer logger]: I0227 00:01:59.000000 269658 collated_trajectory_builder.cc:81] scan rate: 7.58 Hz 1.32e-01 s +/- 1.54e-01 s (pulsed at 111.72% real time)
[INFO] [1772118134.855479204] [cartographer logger]: I0227 00:02:14.000000 269658 collated_trajectory_builder.cc:81] scan rate: 8.67 Hz 1.15e-01 s +/- 1.22e-02 s (pulsed at 100.03% real time)
[INFO] [1772118151.542359429] [cartographer logger]: I0227 00:02:31.000000 269658 collated_trajectory_builder.cc:81] scan rate: 8.14 Hz 1.23e-01 s +/- 1.44e-01 s (pulsed at 111.26% real time)
[INFO] [1772118166.550634957] [cartographer logger]: I0227 00:02:46.000000 269658 collated_trajectory_builder.cc:81] scan rate: 9.60 Hz 1.04e-01 s +/- 5.97e-03 s (pulsed at 99.97% real time)
[INFO] [1772118169.472523259] [cartographer logger]: I0227 00:02:49.000000 269658 motion_filter.cc:42] Motion filter reduced the number of nodes to 6.4%.
[INFO] [1772118181.566111782] [cartographer logger]: I0227 00:03:01.000000 269658 collated_trajectory_builder.cc:81] scan rate: 9.32 Hz 1.07e-01 s +/- 9.50e-03 s (pulsed at 100.00% real time)
[INFO] [1772118187.790292752] [cartographer logger]: I0227 00:03:07.000000 269658 pose_graph_2d.cc:148] Inserted submap (0, 6).
[INFO] [1772118193.954630519] [cartographer logger]: I0227 00:03:13.000000 269707 pose_graph_2d.cc:538] Remaining work items in queue: 0
[INFO] [1772118198.255272056] [cartographer logger]: I0227 00:03:18.000000 269658 collated_trajectory_builder.cc:81] scan rate: 7.30 Hz 1.37e-01 s +/- 1.44e-01 s (pulsed at 110.51% real time)
[INFO] [1772118213.365216248] [cartographer logger]: I0227 00:03:33.000000 269658 collated_trajectory_builder.cc:81] scan rate: 7.61 Hz 1.31e-01 s +/- 1.00e-02 s (pulsed at 99.97% real time)
[INFO] [1772118230.024450143] [cartographer logger]: I0227 00:03:50.000000 269658 collated_trajectory_builder.cc:81] scan rate: 6.77 Hz 1.48e-01 s +/- 1.52e-01 s (pulsed at 110.96% real time)
[INFO] [1772118234.878552901] [cartographer logger]: I0227 00:03:54.000000 269658 motion_filter.cc:42] Motion filter reduced the number of nodes to 6.38333%.
[INFO] [1772118245.139216936] [cartographer logger]: I0227 00:04:05.000000 269658 collated_trajectory_builder.cc:81] scan rate: 7.67 Hz 1.30e-01 s +/- 6.65e-03 s (pulsed at 100.07% real time)
[INFO] [1772118261.847708492] [cartographer logger]: I0227 00:04:21.000000 269658 collated_trajectory_builder.cc:81] scan rate: 6.81 Hz 1.47e-01 s +/- 1.58e-01 s (pulsed at 111.36% real time)
[INFO] [1772118276.868746278] [cartographer logger]: I0227 00:04:36.000000 269658 collated_trajectory_builder.cc:81] scan rate: 7.86 Hz 1.27e-01 s +/- 1.43e-02 s (pulsed at 99.95% real time)
[INFO] [1772118293.684508339] [cartographer logger]: I0227 00:04:53.000000 269658 collated_trajectory_builder.cc:81] scan rate: 7.72 Hz 1.30e-01 s +/- 1.55e-01 s (pulsed at 112.00% real time)
[INFO] [1772118300.091209295] [cartographer logger]: I0227 00:05:00.000000 269658 motion_filter.cc:42] Motion filter reduced the number of nodes to 6.35385%.
[INFO] [1772118308.729257978] [cartographer logger]: I0227 00:05:08.000000 269658 collated_trajectory_builder.cc:81] scan rate: 9.24 Hz 1.08e-01 s +/- 1.09e-02 s (pulsed at 99.97% real time)
[INFO] [1772118315.429188212] [cartographer logger]: I0227 00:05:15.000000 269658 pose_graph_2d.cc:148] Inserted submap (0, 7).
[INFO] [1772118325.541575914] [cartographer logger]: I0227 00:05:25.000000 269658 collated_trajectory_builder.cc:81] scan rate: 8.68 Hz 1.15e-01 s +/- 1.45e-01 s (pulsed at 111.74% real time)
[INFO] [1772118340.623705626] [cartographer logger]: I0227 00:05:40.000000 269658 collated_trajectory_builder.cc:81] scan rate: 9.55 Hz 1.05e-01 s +/- 8.51e-03 s (pulsed at 100.12% real time)
[INFO] [1772118356.706736462] [cartographer logger]: I0227 00:05:56.000000 269658 motion_filter.cc:42] Motion filter reduced the number of nodes to 6.27143%.
[INFO] [1772118357.449951060] [cartographer logger]: I0227 00:05:57.000000 269658 collated_trajectory_builder.cc:81] scan rate: 8.14 Hz 1.23e-01 s +/- 1.52e-01 s (pulsed at 111.77% real time)
[INFO] [1772118372.520470883] [cartographer logger]: I0227 00:06:12.000000 269658 collated_trajectory_builder.cc:81] scan rate: 8.89 Hz 1.12e-01 s +/- 1.02e-02 s (pulsed at 99.97% real time)
[INFO] [1772118389.494828586] [cartographer logger]: I0227 00:06:29.000000 269658 collated_trajectory_builder.cc:81] scan rate: 7.54 Hz 1.33e-01 s +/- 1.73e-01 s (pulsed at 112.31% real time)
[INFO] [1772118389.506938642] [cartographer logger]: I0227 00:06:29.000000 269706 pose_graph_2d.cc:538] Remaining work items in queue: 0
[INFO] [1772118404.584963575] [cartographer logger]: I0227 00:06:44.000000 269658 collated_trajectory_builder.cc:81] scan rate: 7.75 Hz 1.29e-01 s +/- 1.96e-02 s (pulsed at 100.17% real time)
[INFO] [1772118419.726966469] [cartographer logger]: I0227 00:06:59.000000 269658 collated_trajectory_builder.cc:81] scan rate: 6.94 Hz 1.44e-01 s +/- 2.48e-02 s (pulsed at 99.72% real time)
[INFO] [1772118421.426963425] [cartographer logger]: I0227 00:07:01.000000 269658 motion_filter.cc:42] Motion filter reduced the number of nodes to 6.26667%.
[INFO] [1772118436.612922075] [cartographer logger]: I0227 00:07:16.000000 269658 collated_trajectory_builder.cc:81] scan rate: 5.91 Hz 1.69e-01 s +/- 1.86e-01 s (pulsed at 113.01% real time)
[INFO] [1772118444.416276839] [cartographer logger]: I0227 00:07:24.000000 269658 pose_graph_2d.cc:148] Inserted submap (0, 8).
[INFO] [1772118451.729179214] [cartographer logger]: I0227 00:07:31.000000 269658 collated_trajectory_builder.cc:81] scan rate: 6.28 Hz 1.59e-01 s +/- 2.23e-02 s (pulsed at 99.84% real time)
[INFO] [1772118468.807439837] [cartographer logger]: I0227 00:07:48.000000 269658 collated_trajectory_builder.cc:81] scan rate: 5.61 Hz 1.78e-01 s +/- 2.07e-01 s (pulsed at 113.20% real time)
[INFO] [1772118483.875338334] [cartographer logger]: I0227 00:08:03.000000 269658 collated_trajectory_builder.cc:81] scan rate: 6.31 Hz 1.59e-01 s +/- 1.63e-02 s (pulsed at 100.10% real time)
[INFO] [1772118500.858950441] [cartographer logger]: I0227 00:08:20.000000 269658 collated_trajectory_builder.cc:81] scan rate: 5.47 Hz 1.83e-01 s +/- 1.92e-01 s (pulsed at 112.54% real time)
[INFO] [1772118505.619689633] [cartographer logger]: I0227 00:08:25.000000 269658 motion_filter.cc:42] Motion filter reduced the number of nodes to 6.3625%.
[INFO] [1772118515.869872370] [cartographer logger]: I0227 00:08:35.000000 269658 collated_trajectory_builder.cc:81] scan rate: 6.33 Hz 1.58e-01 s +/- 1.13e-02 s (pulsed at 100.03% real time)
[INFO] [1772118532.961354365] [cartographer logger]: I0227 00:08:52.000000 269658 collated_trajectory_builder.cc:81] scan rate: 5.49 Hz 1.82e-01 s +/- 2.06e-01 s (pulsed at 113.25% real time)
[INFO] [1772118548.038357367] [cartographer logger]: I0227 00:09:08.000000 269658 collated_trajectory_builder.cc:81] scan rate: 7.16 Hz 1.40e-01 s +/- 1.04e-02 s (pulsed at 100.05% real time)
[INFO] [1772118565.247561845] [cartographer logger]: I0227 00:09:25.000000 269658 collated_trajectory_builder.cc:81] scan rate: 6.56 Hz 1.53e-01 s +/- 1.97e-01 s (pulsed at 114.21% real time)
[INFO] [1772118574.071003107] [cartographer logger]: I0227 00:09:34.000000 269658 pose_graph_2d.cc:148] Inserted submap (0, 9).
[INFO] [1772118580.319850863] [cartographer logger]: I0227 00:09:40.000000 269658 collated_trajectory_builder.cc:81] scan rate: 7.82 Hz 1.28e-01 s +/- 1.29e-02 s (pulsed at 100.05% real time)
[INFO] [1772118580.581100846] [cartographer logger]: I0227 00:09:40.000000 269658 motion_filter.cc:42] Motion filter reduced the number of nodes to 6.4%.
[INFO] [1772118584.539151936] [cartographer logger]: I0227 00:09:44.000000 269709 pose_graph_2d.cc:538] Remaining work items in queue: 0
[INFO] [1772118597.495638695] [cartographer logger]: I0227 00:09:57.000000 269658 collated_trajectory_builder.cc:81] scan rate: 6.63 Hz 1.51e-01 s +/- 2.02e-01 s (pulsed at 114.32% real time)
[INFO] [1772118612.609628164] [cartographer logger]: I0227 00:10:12.000000 269658 collated_trajectory_builder.cc:81] scan rate: 7.87 Hz 1.27e-01 s +/- 1.29e-02 s (pulsed at 100.07% real time)
[INFO] [1772118627.640357287] [cartographer logger]: I0227 00:10:27.000000 269658 collated_trajectory_builder.cc:81] scan rate: 7.72 Hz 1.30e-01 s +/- 1.50e-02 s (pulsed at 99.91% real time)
[INFO] [1772118644.744382054] [cartographer logger]: I0227 00:10:44.000000 269658 collated_trajectory_builder.cc:81] scan rate: 7.25 Hz 1.38e-01 s +/- 1.88e-01 s (pulsed at 113.98% real time)
[INFO] [1772118648.137449468] [cartographer logger]: I0227 00:10:48.000000 269658 motion_filter.cc:42] Motion filter reduced the number of nodes to 6.38889%.
[INFO] [1772118659.769661602] [cartographer logger]: I0227 00:10:59.000000 269658 collated_trajectory_builder.cc:81] scan rate: 8.39 Hz 1.19e-01 s +/- 1.01e-02 s (pulsed at 100.01% real time)
[INFO] [1772118676.956413060] [cartographer logger]: I0227 00:11:16.000000 269658 collated_trajectory_builder.cc:81] scan rate: 7.32 Hz 1.37e-01 s +/- 1.86e-01 s (pulsed at 114.02% real time)
[INFO] [1772118692.056250042] [cartographer logger]: I0227 00:11:32.000000 269658 collated_trajectory_builder.cc:81] scan rate: 8.81 Hz 1.14e-01 s +/- 1.22e-02 s (pulsed at 100.04% real time)
[INFO] [1772118704.211731529] [cartographer logger]: I0227 00:11:44.000000 269658 pose_graph_2d.cc:148] Inserted submap (0, 10).
[INFO] [1772118709.307997899] [cartographer logger]: I0227 00:11:49.000000 269658 collated_trajectory_builder.cc:81] scan rate: 7.76 Hz 1.29e-01 s +/- 1.91e-01 s (pulsed at 114.63% real time)
[INFO] [1772118710.528964156] [cartographer logger]: I0227 00:11:50.000000 269658 motion_filter.cc:42] Motion filter reduced the number of nodes to 6.35789%.
[INFO] [1772118724.362782905] [cartographer logger]: I0227 00:12:04.000000 269658 collated_trajectory_builder.cc:81] scan rate: 9.50 Hz 1.05e-01 s +/- 8.87e-03 s (pulsed at 100.00% real time)
[INFO] [1772118741.512868651] [cartographer logger]: I0227 00:12:21.000000 269658 collated_trajectory_builder.cc:81] scan rate: 8.21 Hz 1.22e-01 s +/- 1.80e-01 s (pulsed at 114.25% real time)
[INFO] [1772118756.573629651] [cartographer logger]: I0227 00:12:36.000000 269658 collated_trajectory_builder.cc:81] scan rate: 10.49 Hz 9.53e-02 s +/- 9.64e-03 s (pulsed at 100.12% real time)
[INFO] [1772118763.268350984] [cartographer logger]: I0227 00:12:43.000000 269658 motion_filter.cc:42] Motion filter reduced the number of nodes to 6.28%.
[INFO] [1772118773.720709890] [cartographer logger]: I0227 00:12:53.000000 269658 collated_trajectory_builder.cc:81] scan rate: 9.26 Hz 1.08e-01 s +/- 1.72e-01 s (pulsed at 114.28% real time)
[INFO] [1772118778.374883809] [cartographer logger]: I0227 00:12:58.000000 269706 pose_graph_2d.cc:538] Remaining work items in queue: 0
[INFO] [1772118788.804049504] [cartographer logger]: I0227 00:13:08.000000 269658 collated_trajectory_builder.cc:81] scan rate: 10.16 Hz 9.84e-02 s +/- 3.53e-02 s (pulsed at 99.63% real time)
[INFO] [1772118806.390289171] [cartographer logger]: I0227 00:13:26.000000 269658 collated_trajectory_builder.cc:81] scan rate: 6.18 Hz 1.62e-01 s +/- 2.42e-01 s (pulsed at 117.31% real time)
[INFO] [1772118816.927565135] [cartographer logger]: I0227 00:13:36.000000 269658 pose_graph_2d.cc:148] Inserted submap (0, 11).
[INFO] [1772118821.491151708] [cartographer logger]: I0227 00:13:41.000000 269658 collated_trajectory_builder.cc:81] scan rate: 7.28 Hz 1.37e-01 s +/- 1.13e-02 s (pulsed at 100.03% real time)
[INFO] [1772118826.533820815] [cartographer logger]: I0227 00:13:46.000000 269658 motion_filter.cc:42] Motion filter reduced the number of nodes to 6.33333%.
[INFO] [1772118836.509113439] [cartographer logger]: I0227 00:13:56.000000 269658 collated_trajectory_builder.cc:81] scan rate: 7.19 Hz 1.39e-01 s +/- 1.61e-02 s (pulsed at 100.13% real time)
[INFO] [1772118853.737224843] [cartographer logger]: I0227 00:14:13.000000 269658 collated_trajectory_builder.cc:81] scan rate: 6.55 Hz 1.53e-01 s +/- 1.99e-01 s (pulsed at 114.06% real time)
[INFO] [1772118868.738853031] [cartographer logger]: I0227 00:14:28.000000 269658 collated_trajectory_builder.cc:81] scan rate: 7.80 Hz 1.28e-01 s +/- 1.28e-02 s (pulsed at 100.04% real time)
[INFO] [1772118885.840829038] [cartographer logger]: I0227 00:14:45.000000 269658 collated_trajectory_builder.cc:81] scan rate: 7.47 Hz 1.34e-01 s +/- 1.84e-01 s (pulsed at 114.16% real time)
[INFO] [1772118894.038283587] [cartographer logger]: I0227 00:14:54.000000 269658 motion_filter.cc:42] Motion filter reduced the number of nodes to 6.32727%.
[INFO] [1772118900.935533335] [cartographer logger]: I0227 00:15:00.000000 269658 collated_trajectory_builder.cc:81] scan rate: 8.82 Hz 1.13e-01 s +/- 1.05e-02 s (pulsed at 99.91% real time)
[INFO] [1772118918.013989632] [cartographer logger]: I0227 00:15:18.000000 269658 collated_trajectory_builder.cc:81] scan rate: 7.32 Hz 1.37e-01 s +/- 1.87e-01 s (pulsed at 113.79% real time)
[INFO] [1772118933.086055807] [cartographer logger]: I0227 00:15:33.000000 269658 collated_trajectory_builder.cc:81] scan rate: 7.96 Hz 1.26e-01 s +/- 1.51e-02 s (pulsed at 99.97% real time)
[INFO] [1772118946.941215249] [cartographer logger]: I0227 00:15:46.000000 269658 pose_graph_2d.cc:148] Inserted submap (0, 12).
[INFO] [1772118950.249154590] [cartographer logger]: I0227 00:15:50.000000 269658 collated_trajectory_builder.cc:81] scan rate: 6.87 Hz 1.45e-01 s +/- 1.90e-01 s (pulsed at 113.62% real time)
[INFO] [1772118960.641439817] [cartographer logger]: I0227 00:16:00.000000 269658 motion_filter.cc:42] Motion filter reduced the number of nodes to 6.32174%.
[INFO] [1772118961.330234388] [cartographer logger]: I0227 00:16:01.000000 269706 pose_graph_2d.cc:538] Remaining work items in queue: 0
[INFO] [1772118965.318326505] [cartographer logger]: I0227 00:16:05.000000 269658 collated_trajectory_builder.cc:81] scan rate: 7.23 Hz 1.38e-01 s +/- 1.38e-02 s (pulsed at 100.02% real time)
[INFO] [1772118982.537908426] [cartographer logger]: I0227 00:16:22.000000 269658 collated_trajectory_builder.cc:81] scan rate: 5.97 Hz 1.67e-01 s +/- 2.08e-01 s (pulsed at 113.99% real time)
[INFO] [1772118997.632353656] [cartographer logger]: I0227 00:16:37.000000 269658 collated_trajectory_builder.cc:81] scan rate: 6.42 Hz 1.56e-01 s +/- 2.42e-02 s (pulsed at 99.96% real time)
[INFO] [1772119014.919078809] [cartographer logger]: I0227 00:16:54.000000 269658 collated_trajectory_builder.cc:81] scan rate: 5.54 Hz 1.80e-01 s +/- 2.25e-01 s (pulsed at 114.78% real time)
[INFO] [1772119029.973601539] [cartographer logger]: I0227 00:17:09.000000 269658 collated_trajectory_builder.cc:81] scan rate: 6.79 Hz 1.47e-01 s +/- 1.33e-02 s (pulsed at 99.85% real time)
[INFO] [1772119040.640133211] [cartographer logger]: I0227 00:17:20.000000 269658 motion_filter.cc:42] Motion filter reduced the number of nodes to 6.36667%.
[INFO] [1772119047.015765830] [cartographer logger]: I0227 00:17:27.000000 269658 collated_trajectory_builder.cc:81] scan rate: 5.80 Hz 1.73e-01 s +/- 2.04e-01 s (pulsed at 114.05% real time)
[INFO] [1772119062.096009762] [cartographer logger]: I0227 00:17:42.000000 269658 collated_trajectory_builder.cc:81] scan rate: 6.38 Hz 1.57e-01 s +/- 3.26e-02 s (pulsed at 99.70% real time)
[INFO] [1772119075.565945160] [cartographer logger]: I0227 00:17:55.000000 269658 pose_graph_2d.cc:148] Inserted submap (0, 13).
[INFO] [1772119077.159069435] [cartographer logger]: I0227 00:17:57.000000 269658 collated_trajectory_builder.cc:81] scan rate: 6.30 Hz 1.59e-01 s +/- 3.77e-02 s (pulsed at 100.38% real time)
[INFO] [1772119094.386955327] [cartographer logger]: I0227 00:18:14.000000 269658 collated_trajectory_builder.cc:81] scan rate: 6.14 Hz 1.63e-01 s +/- 2.10e-01 s (pulsed at 114.20% real time)
[INFO] [1772119109.485195488] [cartographer logger]: I0227 00:18:29.000000 269658 collated_trajectory_builder.cc:81] scan rate: 7.48 Hz 1.34e-01 s +/- 1.19e-02 s (pulsed at 100.10% real time)
[INFO] [1772119119.469035079] [cartographer logger]: I0227 00:18:39.000000 269658 motion_filter.cc:42] Motion filter reduced the number of nodes to 6.4%.
[INFO] [1772119126.707351526] [cartographer logger]: I0227 00:18:46.000000 269658 collated_trajectory_builder.cc:81] scan rate: 6.56 Hz 1.53e-01 s +/- 1.98e-01 s (pulsed at 113.92% real time)
[INFO] [1772119141.819916023] [cartographer logger]: I0227 00:19:01.000000 269658 collated_trajectory_builder.cc:81] scan rate: 6.95 Hz 1.44e-01 s +/- 2.05e-02 s (pulsed at 99.92% real time)
[INFO] [1772119158.703475862] [cartographer logger]: I0227 00:19:18.000000 269709 pose_graph_2d.cc:538] Remaining work items in queue: 0
[INFO] [1772119158.955290682] [cartographer logger]: I0227 00:19:18.000000 269658 collated_trajectory_builder.cc:81] scan rate: 6.41 Hz 1.56e-01 s +/- 1.98e-01 s (pulsed at 114.17% real time)
[INFO] [1772119173.982474030] [cartographer logger]: I0227 00:19:33.000000 269658 collated_trajectory_builder.cc:81] scan rate: 7.48 Hz 1.34e-01 s +/- 1.54e-02 s (pulsed at 99.56% real time)
[INFO] [1772119191.249235811] [cartographer logger]: I0227 00:19:51.000000 269658 collated_trajectory_builder.cc:81] scan rate: 4.52 Hz 2.21e-01 s +/- 2.86e-01 s (pulsed at 115.23% real time)
[INFO] [1772119199.897867982] [cartographer logger]: I0227 00:19:59.000000 269658 motion_filter.cc:42] Motion filter reduced the number of nodes to 6.43846%.
[INFO] [1772119206.138198884] [cartographer logger]: I0227 00:20:06.000000 269658 pose_graph_2d.cc:148] Inserted submap (0, 14).
[INFO] [1772119206.374327284] [cartographer logger]: I0227 00:20:06.000000 269658 collated_trajectory_builder.cc:81] scan rate: 6.14 Hz 1.63e-01 s +/- 5.92e-02 s (pulsed at 100.35% real time)
[INFO] [1772119223.618330132] [cartographer logger]: I0227 00:20:23.000000 269658 collated_trajectory_builder.cc:81] scan rate: 7.12 Hz 1.40e-01 s +/- 2.03e-01 s (pulsed at 115.12% real time)
[INFO] [1772119238.722751913] [cartographer logger]: I0227 00:20:38.000000 269658 collated_trajectory_builder.cc:81] scan rate: 8.34 Hz 1.20e-01 s +/- 1.50e-02 s (pulsed at 100.00% real time)
[INFO] [1772119255.865056659] [cartographer logger]: I0227 00:20:55.000000 269658 collated_trajectory_builder.cc:81] scan rate: 7.82 Hz 1.28e-01 s +/- 1.83e-01 s (pulsed at 113.89% real time)
[INFO] [1772119263.088716809] [cartographer logger]: I0227 00:21:03.000000 269658 motion_filter.cc:42] Motion filter reduced the number of nodes to 6.42222%.
[INFO] [1772119270.917115831] [cartographer logger]: I0227 00:21:10.000000 269658 collated_trajectory_builder.cc:81] scan rate: 8.98 Hz 1.11e-01 s +/- 9.15e-03 s (pulsed at 99.98% real time)
[INFO] [1772119285.945392203] [cartographer logger]: I0227 00:21:25.000000 269658 collated_trajectory_builder.cc:81] scan rate: 8.72 Hz 1.15e-01 s +/- 1.18e-02 s (pulsed at 99.94% real time)
[INFO] [1772119302.767533483] [cartographer logger]: I0227 00:21:42.000000 269658 collated_trajectory_builder.cc:81] scan rate: 7.54 Hz 1.33e-01 s +/- 1.61e-01 s (pulsed at 112.19% real time)
[INFO] [1772119317.852934614] [cartographer logger]: I0227 00:21:57.000000 269658 collated_trajectory_builder.cc:81] scan rate: 8.55 Hz 1.17e-01 s +/- 1.31e-02 s (pulsed at 100.00% real time)
[INFO] [1772119324.301145714] [cartographer logger]: I0227 00:22:04.000000 269658 motion_filter.cc:42] Motion filter reduced the number of nodes to 6.39286%.
[INFO] [1772119334.688203703] [cartographer logger]: I0227 00:22:14.000000 269658 collated_trajectory_builder.cc:81] scan rate: 7.89 Hz 1.27e-01 s +/- 1.55e-01 s (pulsed at 111.84% real time)
[INFO] [1772119335.278161699] [cartographer logger]: I0227 00:22:15.000000 269658 pose_graph_2d.cc:148] Inserted submap (0, 15).
[INFO] [1772119349.760368671] [cartographer logger]: I0227 00:22:29.000000 269658 collated_trajectory_builder.cc:81] scan rate: 8.29 Hz 1.21e-01 s +/- 1.21e-02 s (pulsed at 99.97% real time)
[INFO] [1772119353.845481830] [cartographer logger]: I0227 00:22:33.000000 269708 pose_graph_2d.cc:538] Remaining work items in queue: 0
[INFO] [1772119367.094485296] [cartographer logger]: I0227 00:22:47.000000 269658 collated_trajectory_builder.cc:81] scan rate: 7.14 Hz 1.40e-01 s +/- 2.05e-01 s (pulsed at 115.45% real time)
[INFO] [1772119382.096072491] [cartographer logger]: I0227 00:23:02.000000 269658 collated_trajectory_builder.cc:81] scan rate: 8.20 Hz 1.22e-01 s +/- 1.09e-02 s (pulsed at 100.02% real time)
[INFO] [1772119387.006978373] [cartographer logger]: I0227 00:23:07.000000 269658 motion_filter.cc:42] Motion filter reduced the number of nodes to 6.37931%.
[INFO] [1772119399.473021340] [cartographer logger]: I0227 00:23:19.000000 269658 collated_trajectory_builder.cc:81] scan rate: 6.90 Hz 1.45e-01 s +/- 2.11e-01 s (pulsed at 115.52% real time)
[INFO] [1772119414.483250500] [cartographer logger]: I0227 00:23:34.000000 269658 collated_trajectory_builder.cc:81] scan rate: 8.13 Hz 1.23e-01 s +/- 1.38e-02 s (pulsed at 100.00% real time)
[INFO] [1772119431.795762160] [cartographer logger]: I0227 00:23:51.000000 269658 collated_trajectory_builder.cc:81] scan rate: 6.63 Hz 1.51e-01 s +/- 2.14e-01 s (pulsed at 115.32% real time)
[INFO] [1772119446.836187379] [cartographer logger]: I0227 00:24:06.000000 269658 collated_trajectory_builder.cc:81] scan rate: 7.67 Hz 1.30e-01 s +/- 8.43e-03 s (pulsed at 99.71% real time)
[INFO] [1772119456.378923079] [cartographer logger]: I0227 00:24:16.000000 269658 motion_filter.cc:42] Motion filter reduced the number of nodes to 6.38%.
[INFO] [1772119464.227036290] [cartographer logger]: I0227 00:24:24.000000 269658 collated_trajectory_builder.cc:81] scan rate: 5.97 Hz 1.67e-01 s +/- 2.35e-01 s (pulsed at 116.08% real time)
[INFO] [1772119466.109275259] [cartographer logger]: I0227 00:24:26.000000 269658 pose_graph_2d.cc:148] Inserted submap (0, 16).
[INFO] [1772119479.341978096] [cartographer logger]: I0227 00:24:39.000000 269658 collated_trajectory_builder.cc:81] scan rate: 6.74 Hz 1.48e-01 s +/- 1.67e-02 s (pulsed at 100.06% real time)
[INFO] [1772119496.716641832] [cartographer logger]: I0227 00:24:56.000000 269658 collated_trajectory_builder.cc:81] scan rate: 7.14 Hz 1.40e-01 s +/- 1.71e-02 s (pulsed at 99.90% real time)
[INFO] [1772119511.768665898] [cartographer logger]: I0227 00:25:11.000000 269658 collated_trajectory_builder.cc:81] scan rate: 7.38 Hz 1.36e-01 s +/- 1.53e-02 s (pulsed at 99.96% real time)
[INFO] [1772119526.851167558] [cartographer logger]: I0227 00:25:26.000000 269658 collated_trajectory_builder.cc:81] scan rate: 7.41 Hz 1.35e-01 s +/- 2.12e-02 s (pulsed at 99.39% real time)
[INFO] [1772119533.831970478] [cartographer logger]: I0227 00:25:33.000000 269658 motion_filter.cc:42] Motion filter reduced the number of nodes to 6.4%.
[INFO] [1772119544.174221250] [cartographer logger]: I0227 00:25:44.000000 269658 collated_trajectory_builder.cc:81] scan rate: 6.20 Hz 1.61e-01 s +/- 2.14e-01 s (pulsed at 115.11% real time)
[INFO] [1772119552.224999760] [cartographer logger]: I0227 00:25:52.000000 269706 pose_graph_2d.cc:538] Remaining work items in queue: 0
[INFO] [1772119559.221567474] [cartographer logger]: I0227 00:25:59.000000 269658 collated_trajectory_builder.cc:81] scan rate: 7.71 Hz 1.30e-01 s +/- 1.36e-02 s (pulsed at 99.96% real time)
[INFO] [1772119576.766141345] [cartographer logger]: I0227 00:26:16.000000 269658 collated_trajectory_builder.cc:81] scan rate: 5.69 Hz 1.76e-01 s +/- 2.43e-01 s (pulsed at 116.26% real time)
[INFO] [1772119591.866693241] [cartographer logger]: I0227 00:26:31.000000 269658 collated_trajectory_builder.cc:81] scan rate: 7.30 Hz 1.37e-01 s +/- 1.27e-02 s (pulsed at 99.77% real time)
[INFO] [1772119595.376789585] [cartographer logger]: I0227 00:26:35.000000 269658 pose_graph_2d.cc:148] Inserted submap (0, 17).
[INFO] [1772119607.809187716] [cartographer logger]: I0227 00:26:47.000000 269658 motion_filter.cc:42] Motion filter reduced the number of nodes to 6.4125%.
[INFO] [1772119609.046071892] [cartographer logger]: I0227 00:26:49.000000 269658 collated_trajectory_builder.cc:81] scan rate: 6.17 Hz 1.62e-01 s +/- 2.15e-01 s (pulsed at 113.68% real time)
[INFO] [1772119624.131178844] [cartographer logger]: I0227 00:27:04.000000 269658 collated_trajectory_builder.cc:81] scan rate: 7.36 Hz 1.36e-01 s +/- 1.40e-02 s (pulsed at 100.13% real time)
[INFO] [1772119641.404186775] [cartographer logger]: I0227 00:27:21.000000 269658 collated_trajectory_builder.cc:81] scan rate: 6.07 Hz 1.65e-01 s +/- 2.23e-01 s (pulsed at 115.28% real time)
[INFO] [1772119656.432264658] [cartographer logger]: I0227 00:27:36.000000 269658 collated_trajectory_builder.cc:81] scan rate: 7.38 Hz 1.35e-01 s +/- 1.23e-02 s (pulsed at 100.08% real time)
[INFO] [1772119673.977669019] [cartographer logger]: I0227 00:27:53.000000 269658 collated_trajectory_builder.cc:81] scan rate: 6.09 Hz 1.64e-01 s +/- 2.45e-01 s (pulsed at 116.92% real time)
[INFO] [1772119681.997903517] [cartographer logger]: I0227 00:28:01.000000 269658 motion_filter.cc:42] Motion filter reduced the number of nodes to 6.42424%.
[INFO] [1772119689.008756255] [cartographer logger]: I0227 00:28:09.000000 269658 collated_trajectory_builder.cc:81] scan rate: 7.25 Hz 1.38e-01 s +/- 9.36e-03 s (pulsed at 100.04% real time)
[INFO] [1772119706.427456848] [cartographer logger]: I0227 00:28:26.000000 269658 collated_trajectory_builder.cc:81] scan rate: 6.31 Hz 1.59e-01 s +/- 2.18e-01 s (pulsed at 115.22% real time)
[INFO] [1772119721.509089722] [cartographer logger]: I0227 00:28:41.000000 269658 collated_trajectory_builder.cc:81] scan rate: 7.42 Hz 1.35e-01 s +/- 1.30e-02 s (pulsed at 100.16% real time)
[INFO] [1772119726.236241529] [cartographer logger]: I0227 00:28:46.000000 269658 pose_graph_2d.cc:148] Inserted submap (0, 18).
[INFO] [1772119736.590544849] [cartographer logger]: I0227 00:28:56.000000 269658 collated_trajectory_builder.cc:81] scan rate: 7.49 Hz 1.33e-01 s +/- 1.40e-02 s (pulsed at 100.04% real time)
[INFO] [1772119750.615763771] [cartographer logger]: I0227 00:29:10.000000 269706 pose_graph_2d.cc:538] Remaining work items in queue: 0
[INFO] [1772119754.033772011] [cartographer logger]: I0227 00:29:14.000000 269658 collated_trajectory_builder.cc:81] scan rate: 6.46 Hz 1.55e-01 s +/- 2.31e-01 s (pulsed at 116.36% real time)
[INFO] [1772119754.043935148] [cartographer logger]: I0227 00:29:14.000000 269658 motion_filter.cc:42] Motion filter reduced the number of nodes to 6.42941%.
[INFO] [1772119769.092753690] [cartographer logger]: I0227 00:29:29.000000 269658 collated_trajectory_builder.cc:81] scan rate: 7.77 Hz 1.29e-01 s +/- 1.15e-02 s (pulsed at 100.16% real time)
[INFO] [1772119786.114410797] [cartographer logger]: I0227 00:29:46.000000 269658 collated_trajectory_builder.cc:81] scan rate: 6.98 Hz 1.43e-01 s +/- 1.81e-01 s (pulsed at 113.41% real time)
[INFO] [1772119801.187000866] [cartographer logger]: I0227 00:30:01.000000 269658 collated_trajectory_builder.cc:81] scan rate: 7.76 Hz 1.29e-01 s +/- 1.57e-02 s (pulsed at 99.97% real time)
[INFO] [1772119818.555111495] [cartographer logger]: I0227 00:30:18.000000 269658 collated_trajectory_builder.cc:81] scan rate: 6.96 Hz 1.44e-01 s +/- 2.11e-01 s (pulsed at 115.30% real time)
[INFO] [1772119821.715091351] [cartographer logger]: I0227 00:30:21.000000 269658 motion_filter.cc:42] Motion filter reduced the number of nodes to 6.42286%.
[INFO] [1772119833.656379966] [cartographer logger]: I0227 00:30:33.000000 269658 collated_trajectory_builder.cc:81] scan rate: 8.01 Hz 1.25e-01 s +/- 1.27e-02 s (pulsed at 100.06% real time)
[INFO] [1772119850.883060516] [cartographer logger]: I0227 00:30:50.000000 269658 collated_trajectory_builder.cc:81] scan rate: 7.01 Hz 1.43e-01 s +/- 2.05e-01 s (pulsed at 115.00% real time)
[INFO] [1772119856.421346903] [cartographer logger]: I0227 00:30:56.000000 269658 pose_graph_2d.cc:148] Inserted submap (0, 19).
[INFO] [1772119865.915276808] [cartographer logger]: I0227 00:31:05.000000 269658 collated_trajectory_builder.cc:81] scan rate: 8.12 Hz 1.23e-01 s +/- 9.62e-03 s (pulsed at 99.92% real time)
[INFO] [1772119883.203979931] [cartographer logger]: I0227 00:31:23.000000 269658 collated_trajectory_builder.cc:81] scan rate: 6.82 Hz 1.47e-01 s +/- 2.11e-01 s (pulsed at 115.37% real time)
[INFO] [1772119889.203975785] [cartographer logger]: I0227 00:31:29.000000 269658 motion_filter.cc:42] Motion filter reduced the number of nodes to 6.41667%.
[INFO] [1772119898.241869447] [cartographer logger]: I0227 00:31:38.000000 269658 collated_trajectory_builder.cc:81] scan rate: 6.98 Hz 1.43e-01 s +/- 1.82e-02 s (pulsed at 100.04% real time)
[INFO] [1772119915.547884684] [cartographer logger]: I0227 00:31:55.000000 269658 collated_trajectory_builder.cc:81] scan rate: 5.48 Hz 1.82e-01 s +/- 2.26e-01 s (pulsed at 114.47% real time)
[INFO] [1772119930.565840897] [cartographer logger]: I0227 00:32:10.000000 269658 collated_trajectory_builder.cc:81] scan rate: 6.05 Hz 1.65e-01 s +/- 2.77e-02 s (pulsed at 99.05% real time)
[INFO] [1772119945.602418244] [cartographer logger]: I0227 00:32:25.000000 269658 collated_trajectory_builder.cc:81] scan rate: 5.71 Hz 1.75e-01 s +/- 3.16e-02 s (pulsed at 100.82% real time)
[INFO] [1772119948.161056340] [cartographer logger]: I0227 00:32:28.000000 269707 pose_graph_2d.cc:538] Remaining work items in queue: 0
[INFO] [1772119962.881714701] [cartographer logger]: I0227 00:32:42.000000 269658 collated_trajectory_builder.cc:81] scan rate: 5.25 Hz 1.90e-01 s +/- 2.35e-01 s (pulsed at 115.04% real time)
[INFO] [1772119975.631803139] [cartographer logger]: I0227 00:32:55.000000 269658 motion_filter.cc:42] Motion filter reduced the number of nodes to 6.46486%.
[INFO] [1772119977.891665877] [cartographer logger]: I0227 00:32:57.000000 269658 collated_trajectory_builder.cc:81] scan rate: 6.13 Hz 1.63e-01 s +/- 2.06e-02 s (pulsed at 99.97% real time)
[INFO] [1772119987.070711308] [cartographer logger]: I0227 00:33:07.000000 269658 pose_graph_2d.cc:148] Inserted submap (0, 20).
[INFO] [1772119995.222277734] [cartographer logger]: I0227 00:33:15.000000 269658 collated_trajectory_builder.cc:81] scan rate: 5.24 Hz 1.91e-01 s +/- 2.42e-01 s (pulsed at 115.13% real time)
[INFO] [1772120010.228746840] [cartographer logger]: I0227 00:33:30.000000 269658 collated_trajectory_builder.cc:81] scan rate: 6.19 Hz 1.62e-01 s +/- 1.70e-02 s (pulsed at 100.00% real time)
[INFO] [1772120027.652050090] [cartographer logger]: I0227 00:33:47.000000 269658 collated_trajectory_builder.cc:81] scan rate: 5.56 Hz 1.80e-01 s +/- 2.37e-01 s (pulsed at 115.52% real time)
[INFO] [1772120042.689670434] [cartographer logger]: I0227 00:34:02.000000 269658 collated_trajectory_builder.cc:81] scan rate: 6.25 Hz 1.60e-01 s +/- 1.65e-02 s (pulsed at 100.01% real time)
[INFO] [1772120060.017787996] [cartographer logger]: I0227 00:34:20.000000 269658 collated_trajectory_builder.cc:81] scan rate: 5.53 Hz 1.81e-01 s +/- 2.28e-01 s (pulsed at 114.96% real time)
[INFO] [1772120062.172025515] [cartographer logger]: I0227 00:34:22.000000 269658 motion_filter.cc:42] Motion filter reduced the number of nodes to 6.5%.
[INFO] [1772120075.061630409] [cartographer logger]: I0227 00:34:35.000000 269658 collated_trajectory_builder.cc:81] scan rate: 6.04 Hz 1.65e-01 s +/- 3.03e-02 s (pulsed at 99.98% real time)
[INFO] [1772120092.475033704] [cartographer logger]: I0227 00:34:52.000000 269658 collated_trajectory_builder.cc:81] scan rate: 5.16 Hz 1.94e-01 s +/- 2.49e-01 s (pulsed at 115.24% real time)
[INFO] [1772120107.638195740] [cartographer logger]: I0227 00:35:07.000000 269658 collated_trajectory_builder.cc:81] scan rate: 6.60 Hz 1.51e-01 s +/- 1.79e-02 s (pulsed at 100.20% real time)
[INFO] [1772120116.312167638] [cartographer logger]: I0227 00:35:16.000000 269658 pose_graph_2d.cc:148] Inserted submap (0, 21).
[INFO] [1772120125.082289947] [cartographer logger]: I0227 00:35:25.000000 269658 collated_trajectory_builder.cc:81] scan rate: 5.78 Hz 1.73e-01 s +/- 2.41e-01 s (pulsed at 116.62% real time)
[INFO] [1772120140.198559396] [cartographer logger]: I0227 00:35:40.000000 269658 collated_trajectory_builder.cc:81] scan rate: 6.81 Hz 1.47e-01 s +/- 1.54e-02 s (pulsed at 100.01% real time)
[INFO] [1772120144.422143282] [cartographer logger]: I0227 00:35:44.000000 269658 motion_filter.cc:42] Motion filter reduced the number of nodes to 6.52821%.
[INFO] [1772120144.755501670] [cartographer logger]: I0227 00:35:44.000000 269706 pose_graph_2d.cc:538] Remaining work items in queue: 0
[INFO] [1772120157.625496090] [cartographer logger]: I0227 00:35:57.000000 269658 collated_trajectory_builder.cc:81] scan rate: 5.74 Hz 1.74e-01 s +/- 2.44e-01 s (pulsed at 116.03% real time)
[INFO] [1772120172.764007550] [cartographer logger]: I0227 00:36:12.000000 269658 collated_trajectory_builder.cc:81] scan rate: 6.41 Hz 1.56e-01 s +/- 2.10e-02 s (pulsed at 99.89% real time)
[INFO] [1772120187.862791346] [cartographer logger]: I0227 00:36:27.000000 269658 collated_trajectory_builder.cc:81] scan rate: 6.84 Hz 1.46e-01 s +/- 1.42e-02 s (pulsed at 99.80% real time)
[INFO] [1772120205.118141787] [cartographer logger]: I0227 00:36:45.000000 269658 collated_trajectory_builder.cc:81] scan rate: 6.31 Hz 1.59e-01 s +/- 2.07e-01 s (pulsed at 114.63% real time)
[INFO] [1772120220.157921717] [cartographer logger]: I0227 00:37:00.000000 269658 collated_trajectory_builder.cc:81] scan rate: 7.51 Hz 1.33e-01 s +/- 1.53e-02 s (pulsed at 100.04% real time)
[INFO] [1772120221.044206833] [cartographer logger]: I0227 00:37:01.000000 269658 motion_filter.cc:42] Motion filter reduced the number of nodes to 6.545%.
[INFO] [1772120237.590838652] [cartographer logger]: I0227 00:37:17.000000 269658 collated_trajectory_builder.cc:81] scan rate: 6.70 Hz 1.49e-01 s +/- 2.26e-01 s (pulsed at 116.19% real time)
[INFO] [1772120245.251788124] [cartographer logger]: I0227 00:37:25.000000 269658 pose_graph_2d.cc:148] Inserted submap (0, 22).
[INFO] [1772120252.602816394] [cartographer logger]: I0227 00:37:32.000000 269658 collated_trajectory_builder.cc:81] scan rate: 7.99 Hz 1.25e-01 s +/- 1.18e-02 s (pulsed at 100.02% real time)
[INFO] [1772120269.932983134] [cartographer logger]: I0227 00:37:49.000000 269658 collated_trajectory_builder.cc:81] scan rate: 7.06 Hz 1.42e-01 s +/- 2.01e-01 s (pulsed at 114.40% real time)
[INFO] [1772120284.970674355] [cartographer logger]: I0227 00:38:04.000000 269658 collated_trajectory_builder.cc:81] scan rate: 8.58 Hz 1.17e-01 s +/- 8.73e-03 s (pulsed at 100.26% real time)
[INFO] [1772120287.376304401] [cartographer logger]: I0227 00:38:07.000000 269658 motion_filter.cc:42] Motion filter reduced the number of nodes to 6.53659%.
[INFO] [1772120302.326392014] [cartographer logger]: I0227 00:38:22.000000 269658 collated_trajectory_builder.cc:81] scan rate: 6.96 Hz 1.44e-01 s +/- 2.10e-01 s (pulsed at 115.23% real time)
[INFO] [1772120317.426251843] [cartographer logger]: I0227 00:38:37.000000 269658 collated_trajectory_builder.cc:81] scan rate: 8.42 Hz 1.19e-01 s +/- 1.21e-02 s (pulsed at 100.01% real time)
[INFO] [1772120334.544463469] [cartographer logger]: I0227 00:38:54.000000 269658 collated_trajectory_builder.cc:81] scan rate: 7.18 Hz 1.39e-01 s +/- 1.94e-01 s (pulsed at 114.20% real time)
[INFO] [1772120341.371328381] [cartographer logger]: I0227 00:39:01.000000 269709 pose_graph_2d.cc:538] Remaining work items in queue: 0
[INFO] [1772120349.702755897] [cartographer logger]: I0227 00:39:09.000000 269658 collated_trajectory_builder.cc:81] scan rate: 8.20 Hz 1.22e-01 s +/- 1.03e-02 s (pulsed at 99.77% real time)
[INFO] [1772120352.676491451] [cartographer logger]: I0227 00:39:12.000000 269658 motion_filter.cc:42] Motion filter reduced the number of nodes to 6.52381%.
[INFO] [1772120367.079696282] [cartographer logger]: I0227 00:39:27.000000 269658 collated_trajectory_builder.cc:81] scan rate: 7.01 Hz 1.43e-01 s +/- 2.11e-01 s (pulsed at 115.85% real time)
[INFO] [1772120376.103715870] [cartographer logger]: I0227 00:39:36.000000 269658 pose_graph_2d.cc:148] Inserted submap (0, 23).
[INFO] [1772120382.127161408] [cartographer logger]: I0227 00:39:42.000000 269658 collated_trajectory_builder.cc:81] scan rate: 8.30 Hz 1.20e-01 s +/- 1.33e-02 s (pulsed at 100.09% real time)
[INFO] [1772120397.174395880] [cartographer logger]: I0227 00:39:57.000000 269658 collated_trajectory_builder.cc:81] scan rate: 8.04 Hz 1.24e-01 s +/- 1.42e-02 s (pulsed at 99.99% real time)
[INFO] [1772120414.534268418] [cartographer logger]: I0227 00:40:14.000000 269658 collated_trajectory_builder.cc:81] scan rate: 7.24 Hz 1.38e-01 s +/- 2.12e-01 s (pulsed at 116.02% real time)
[INFO] [1772120417.823008272] [cartographer logger]: I0227 00:40:17.000000 269658 motion_filter.cc:42] Motion filter reduced the number of nodes to 6.51163%.
[INFO] [1772120429.537925414] [cartographer logger]: I0227 00:40:29.000000 269658 collated_trajectory_builder.cc:81] scan rate: 8.93 Hz 1.12e-01 s +/- 1.17e-02 s (pulsed at 100.03% real time)
[INFO] [1772120447.045906607] [cartographer logger]: I0227 00:40:47.000000 269658 collated_trajectory_builder.cc:81] scan rate: 7.87 Hz 1.27e-01 s +/- 2.07e-01 s (pulsed at 116.21% real time)
[INFO] [1772120462.123412243] [cartographer logger]: I0227 00:41:02.000000 269658 collated_trajectory_builder.cc:81] scan rate: 8.88 Hz 1.13e-01 s +/- 1.25e-02 s (pulsed at 99.96% real time)
[INFO] [1772120479.542990993] [cartographer logger]: I0227 00:41:19.000000 269658 collated_trajectory_builder.cc:81] scan rate: 7.11 Hz 1.41e-01 s +/- 2.15e-01 s (pulsed at 115.65% real time)
[INFO] [1772120479.553842339] [cartographer logger]: I0227 00:41:19.000000 269658 motion_filter.cc:42] Motion filter reduced the number of nodes to 6.49091%.
[INFO] [1772120494.651463629] [cartographer logger]: I0227 00:41:34.000000 269658 collated_trajectory_builder.cc:81] scan rate: 7.08 Hz 1.41e-01 s +/- 1.37e-02 s (pulsed at 99.94% real time)
[INFO] [1772120507.452490809] [cartographer logger]: I0227 00:41:47.000000 269658 pose_graph_2d.cc:148] Inserted submap (0, 24).
[INFO] [1772120511.935294950] [cartographer logger]: I0227 00:41:51.000000 269658 collated_trajectory_builder.cc:81] scan rate: 5.71 Hz 1.75e-01 s +/- 2.34e-01 s (pulsed at 115.44% real time)
[INFO] [1772120526.935674157] [cartographer logger]: I0227 00:42:06.000000 269658 collated_trajectory_builder.cc:81] scan rate: 7.17 Hz 1.40e-01 s +/- 8.59e-03 s (pulsed at 98.52% real time)
[INFO] [1772120540.164663082] [cartographer logger]: I0227 00:42:20.000000 269709 pose_graph_2d.cc:538] Remaining work items in queue: 0
[INFO] [1772120544.251060797] [cartographer logger]: I0227 00:42:24.000000 269658 collated_trajectory_builder.cc:81] scan rate: 5.80 Hz 1.72e-01 s +/- 2.24e-01 s (pulsed at 115.41% real time)
[INFO] [1772120556.230030113] [cartographer logger]: I0227 00:42:36.000000 269658 motion_filter.cc:42] Motion filter reduced the number of nodes to 6.50222%.
[INFO] [1772120559.344484580] [cartographer logger]: I0227 00:42:39.000000 269658 collated_trajectory_builder.cc:81] scan rate: 7.16 Hz 1.40e-01 s +/- 1.43e-02 s (pulsed at 99.95% real time)
[INFO] [1772120576.701533262] [cartographer logger]: I0227 00:42:56.000000 269658 collated_trajectory_builder.cc:81] scan rate: 5.70 Hz 1.76e-01 s +/- 2.27e-01 s (pulsed at 114.73% real time)
[INFO] [1772120591.834475717] [cartographer logger]: I0227 00:43:11.000000 269658 collated_trajectory_builder.cc:81] scan rate: 7.47 Hz 1.34e-01 s +/- 1.34e-02 s (pulsed at 100.13% real time)
[INFO] [1772120606.947730049] [cartographer logger]: I0227 00:43:26.000000 269658 collated_trajectory_builder.cc:81] scan rate: 7.17 Hz 1.39e-01 s +/- 1.12e-02 s (pulsed at 98.70% real time)
[INFO] [1772120624.352325042] [cartographer logger]: I0227 00:43:44.000000 269658 collated_trajectory_builder.cc:81] scan rate: 6.53 Hz 1.53e-01 s +/- 2.20e-01 s (pulsed at 115.72% real time)
[INFO] [1772120630.377840257] [cartographer logger]: I0227 00:43:50.000000 269658 motion_filter.cc:42] Motion filter reduced the number of nodes to 6.5087%.
[INFO] [1772120637.283810613] [cartographer logger]: I0227 00:43:57.000000 269658 pose_graph_2d.cc:148] Inserted submap (0, 25).
[INFO] [1772120639.446567655] [cartographer logger]: I0227 00:43:59.000000 269658 collated_trajectory_builder.cc:81] scan rate: 7.49 Hz 1.34e-01 s +/- 1.41e-02 s (pulsed at 99.97% real time)
[INFO] [1772120656.355156094] [cartographer logger]: I0227 00:44:16.000000 269658 collated_trajectory_builder.cc:81] scan rate: 6.86 Hz 1.46e-01 s +/- 1.76e-01 s (pulsed at 112.54% real time)
[INFO] [1772120671.418431507] [cartographer logger]: I0227 00:44:31.000000 269658 collated_trajectory_builder.cc:81] scan rate: 7.83 Hz 1.28e-01 s +/- 1.36e-02 s (pulsed at 100.09% real time)
[INFO] [1772120688.319693694] [cartographer logger]: I0227 00:44:48.000000 269658 collated_trajectory_builder.cc:81] scan rate: 6.79 Hz 1.47e-01 s +/- 1.78e-01 s (pulsed at 112.61% real time)
[INFO] [1772120698.808526200] [cartographer logger]: I0227 00:44:58.000000 269658 motion_filter.cc:42] Motion filter reduced the number of nodes to 6.50638%.
[INFO] [1772120703.330709352] [cartographer logger]: I0227 00:45:03.000000 269658 collated_trajectory_builder.cc:81] scan rate: 7.86 Hz 1.27e-01 s +/- 1.27e-02 s (pulsed at 100.09% real time)
[INFO] [1772120720.302075573] [cartographer logger]: I0227 00:45:20.000000 269658 collated_trajectory_builder.cc:81] scan rate: 6.89 Hz 1.45e-01 s +/- 1.77e-01 s (pulsed at 112.82% real time)
[INFO] [1772120735.376755660] [cartographer logger]: I0227 00:45:35.000000 269658 collated_trajectory_builder.cc:81] scan rate: 7.89 Hz 1.27e-01 s +/- 1.50e-02 s (pulsed at 100.04% real time)
[INFO] [1772120736.022851925] [cartographer logger]: I0227 00:45:36.000000 269706 pose_graph_2d.cc:538] Remaining work items in queue: 0
[INFO] [1772120752.293203238] [cartographer logger]: I0227 00:45:52.000000 269658 collated_trajectory_builder.cc:81] scan rate: 7.03 Hz 1.42e-01 s +/- 1.73e-01 s (pulsed at 112.50% real time)
[INFO] [1772120765.250857961] [cartographer logger]: I0227 00:46:05.000000 269658 motion_filter.cc:42] Motion filter reduced the number of nodes to 6.5%.
[INFO] [1772120766.069592183] [cartographer logger]: I0227 00:46:06.000000 269658 pose_graph_2d.cc:148] Inserted submap (0, 26).
[INFO] [1772120767.369450552] [cartographer logger]: I0227 00:46:07.000000 269658 collated_trajectory_builder.cc:81] scan rate: 8.40 Hz 1.19e-01 s +/- 9.09e-03 s (pulsed at 99.52% real time)
[INFO] [1772120784.297376821] [cartographer logger]: I0227 00:46:24.000000 269658 collated_trajectory_builder.cc:81] scan rate: 7.49 Hz 1.34e-01 s +/- 1.66e-01 s (pulsed at 112.81% real time)
[INFO] [1772120799.338770920] [cartographer logger]: I0227 00:46:39.000000 269658 collated_trajectory_builder.cc:81] scan rate: 8.71 Hz 1.15e-01 s +/- 1.18e-02 s (pulsed at 100.08% real time)
[INFO] [1772120816.329143342] [cartographer logger]: I0227 00:46:56.000000 269658 collated_trajectory_builder.cc:81] scan rate: 8.23 Hz 1.22e-01 s +/- 1.62e-01 s (pulsed at 112.83% real time)
[INFO] [1772120824.961320398] [cartographer logger]: I0227 00:47:04.000000 269658 motion_filter.cc:42] Motion filter reduced the number of nodes to 6.48163%.
[INFO] [1772120831.357702274] [cartographer logger]: I0227 00:47:11.000000 269658 collated_trajectory_builder.cc:81] scan rate: 9.53 Hz 1.05e-01 s +/- 1.05e-02 s (pulsed at 99.86% real time)
[INFO] [1772120846.433883702] [cartographer logger]: I0227 00:47:26.000000 269658 collated_trajectory_builder.cc:81] scan rate: 6.64 Hz 1.51e-01 s +/- 1.39e-02 s (pulsed at 99.74% real time)
[INFO] [1772120863.772021729] [cartographer logger]: I0227 00:47:43.000000 269658 collated_trajectory_builder.cc:81] scan rate: 5.29 Hz 1.89e-01 s +/- 2.38e-01 s (pulsed at 115.02% real time)
[INFO] [1772120878.806584664] [cartographer logger]: I0227 00:47:58.000000 269658 collated_trajectory_builder.cc:81] scan rate: 6.05 Hz 1.65e-01 s +/- 1.46e-02 s (pulsed at 99.97% real time)
[INFO] [1772120895.622310206] [cartographer logger]: I0227 00:48:15.000000 269658 pose_graph_2d.cc:148] Inserted submap (0, 27).
[INFO] [1772120896.070114534] [cartographer logger]: I0227 00:48:16.000000 269658 collated_trajectory_builder.cc:81] scan rate: 5.21 Hz 1.92e-01 s +/- 2.43e-01 s (pulsed at 115.13% real time)
[INFO] [1772120907.380952154] [cartographer logger]: I0227 00:48:27.000000 269658 motion_filter.cc:42] Motion filter reduced the number of nodes to 6.504%.
[INFO] [1772120911.161541220] [cartographer logger]: I0227 00:48:31.000000 269658 collated_trajectory_builder.cc:81] scan rate: 6.03 Hz 1.66e-01 s +/- 2.14e-02 s (pulsed at 99.93% real time)
[INFO] [1772120928.603813216] [cartographer logger]: I0227 00:48:48.000000 269658 collated_trajectory_builder.cc:81] scan rate: 5.50 Hz 1.82e-01 s +/- 2.35e-01 s (pulsed at 115.15% real time)
[INFO] [1772120932.471010851] [cartographer logger]: I0227 00:48:52.000000 269708 pose_graph_2d.cc:538] Remaining work items in queue: 0
[INFO] [1772120943.693847118] [cartographer logger]: I0227 00:49:03.000000 269658 collated_trajectory_builder.cc:81] scan rate: 6.56 Hz 1.53e-01 s +/- 1.70e-02 s (pulsed at 100.26% real time)
[INFO] [1772120961.023718556] [cartographer logger]: I0227 00:49:21.000000 269658 collated_trajectory_builder.cc:81] scan rate: 5.64 Hz 1.77e-01 s +/- 2.23e-01 s (pulsed at 114.69% real time)
[INFO] [1772120976.051998545] [cartographer logger]: I0227 00:49:36.000000 269658 collated_trajectory_builder.cc:81] scan rate: 6.85 Hz 1.46e-01 s +/- 1.37e-02 s (pulsed at 100.17% real time)
[INFO] [1772120991.012331325] [cartographer logger]: I0227 00:49:51.000000 269658 motion_filter.cc:42] Motion filter reduced the number of nodes to 6.52549%.
[INFO] [1772120993.412307082] [cartographer logger]: I0227 00:49:53.000000 269658 collated_trajectory_builder.cc:81] scan rate: 5.69 Hz 1.76e-01 s +/- 2.32e-01 s (pulsed at 114.98% real time)
[INFO] [1772121008.497178451] [cartographer logger]: I0227 00:50:08.000000 269658 collated_trajectory_builder.cc:81] scan rate: 7.15 Hz 1.40e-01 s +/- 1.10e-02 s (pulsed at 100.11% real time)
[INFO] [1772121025.730383565] [cartographer logger]: I0227 00:50:25.000000 269658 collated_trajectory_builder.cc:81] scan rate: 6.02 Hz 1.66e-01 s +/- 2.18e-01 s (pulsed at 115.07% real time)
[INFO] [1772121026.310086230] [cartographer logger]: I0227 00:50:26.000000 269658 pose_graph_2d.cc:148] Inserted submap (0, 28).
[INFO] [1772121040.803527876] [cartographer logger]: I0227 00:50:40.000000 269658 collated_trajectory_builder.cc:81] scan rate: 7.30 Hz 1.37e-01 s +/- 1.55e-02 s (pulsed at 99.91% real time)
[INFO] [1772121055.858135365] [cartographer logger]: I0227 00:50:55.000000 269658 collated_trajectory_builder.cc:81] scan rate: 7.11 Hz 1.41e-01 s +/- 1.47e-02 s (pulsed at 99.84% real time)
[INFO] [1772121065.188897154] [cartographer logger]: I0227 00:51:05.000000 269658 motion_filter.cc:42] Motion filter reduced the number of nodes to 6.53077%.
[INFO] [1772121073.075407436] [cartographer logger]: I0227 00:51:13.000000 269658 collated_trajectory_builder.cc:81] scan rate: 6.50 Hz 1.54e-01 s +/- 2.08e-01 s (pulsed at 114.53% real time)
[INFO] [1772121088.085149311] [cartographer logger]: I0227 00:51:28.000000 269658 collated_trajectory_builder.cc:81] scan rate: 7.35 Hz 1.36e-01 s +/- 1.57e-02 s (pulsed at 99.65% real time)
[INFO] [1772121105.352086809] [cartographer logger]: I0227 00:51:45.000000 269658 collated_trajectory_builder.cc:81] scan rate: 6.71 Hz 1.49e-01 s +/- 2.07e-01 s (pulsed at 115.08% real time)
[INFO] [1772121120.402171262] [cartographer logger]: I0227 00:52:00.000000 269658 collated_trajectory_builder.cc:81] scan rate: 7.70 Hz 1.30e-01 s +/- 1.31e-02 s (pulsed at 100.02% real time)
[INFO] [1772121128.847700840] [cartographer logger]: I0227 00:52:08.000000 269706 pose_graph_2d.cc:538] Remaining work items in queue: 0
[INFO] [1772121136.380064474] [cartographer logger]: I0227 00:52:16.000000 269658 motion_filter.cc:42] Motion filter reduced the number of nodes to 6.53585%.
[INFO] [1772121138.177481624] [cartographer logger]: I0227 00:52:18.000000 269658 collated_trajectory_builder.cc:81] scan rate: 6.40 Hz 1.56e-01 s +/- 2.59e-01 s (pulsed at 118.43% real time)
[INFO] [1772121153.247611128] [cartographer logger]: I0227 00:52:33.000000 269658 collated_trajectory_builder.cc:81] scan rate: 7.46 Hz 1.34e-01 s +/- 1.52e-02 s (pulsed at 99.64% real time)
[INFO] [1772121153.716121167] [cartographer logger]: I0227 00:52:33.000000 269658 pose_graph_2d.cc:148] Inserted submap (0, 29).
[INFO] [1772121170.476987234] [cartographer logger]: I0227 00:52:50.000000 269658 collated_trajectory_builder.cc:81] scan rate: 6.38 Hz 1.57e-01 s +/- 2.13e-01 s (pulsed at 115.05% real time)
[INFO] [1772121185.494769035] [cartographer logger]: I0227 00:53:05.000000 269658 collated_trajectory_builder.cc:81] scan rate: 7.21 Hz 1.39e-01 s +/- 1.12e-02 s (pulsed at 99.88% real time)
[INFO] [1772121203.014913130] [cartographer logger]: I0227 00:53:23.000000 269658 collated_trajectory_builder.cc:81] scan rate: 5.81 Hz 1.72e-01 s +/- 2.39e-01 s (pulsed at 115.96% real time)
[INFO] [1772121210.868436886] [cartographer logger]: I0227 00:53:30.000000 269658 motion_filter.cc:42] Motion filter reduced the number of nodes to 6.54074%.
[INFO] [1772121218.147379866] [cartographer logger]: I0227 00:53:38.000000 269658 collated_trajectory_builder.cc:81] scan rate: 7.07 Hz 1.42e-01 s +/- 1.64e-02 s (pulsed at 100.05% real time)
[INFO] [1772121235.388562109] [cartographer logger]: I0227 00:53:55.000000 269658 collated_trajectory_builder.cc:81] scan rate: 6.14 Hz 1.63e-01 s +/- 2.17e-01 s (pulsed at 114.67% real time)
[INFO] [1772121250.495306749] [cartographer logger]: I0227 00:54:10.000000 269658 collated_trajectory_builder.cc:81] scan rate: 7.02 Hz 1.42e-01 s +/- 1.19e-02 s (pulsed at 99.92% real time)
[INFO] [1772121267.871549968] [cartographer logger]: I0227 00:54:27.000000 269658 collated_trajectory_builder.cc:81] scan rate: 7.23 Hz 1.38e-01 s +/- 1.20e-02 s (pulsed at 100.04% real time)
[INFO] [1772121282.945750491] [cartographer logger]: I0227 00:54:42.000000 269658 collated_trajectory_builder.cc:81] scan rate: 7.24 Hz 1.38e-01 s +/- 1.21e-02 s (pulsed at 99.95% real time)
[INFO] [1772121284.588067090] [cartographer logger]: I0227 00:54:44.000000 269658 pose_graph_2d.cc:148] Inserted submap (0, 30).
[INFO] [1772121285.344898993] [cartographer logger]: I0227 00:54:45.000000 269658 motion_filter.cc:42] Motion filter reduced the number of nodes to 6.54909%.
[INFO] [1772121298.086603802] [cartographer logger]: I0227 00:54:58.000000 269658 collated_trajectory_builder.cc:81] scan rate: 7.00 Hz 1.43e-01 s +/- 2.01e-02 s (pulsed at 100.02% real time)
[INFO] [1772121315.356879634] [cartographer logger]: I0227 00:55:15.000000 269658 collated_trajectory_builder.cc:81] scan rate: 6.42 Hz 1.56e-01 s +/- 2.10e-01 s (pulsed at 114.69% real time)
[INFO] [1772121325.575264743] [cartographer logger]: I0227 00:55:25.000000 269709 pose_graph_2d.cc:538] Remaining work items in queue: 0
[INFO] [1772121330.393441077] [cartographer logger]: I0227 00:55:30.000000 269658 collated_trajectory_builder.cc:81] scan rate: 7.52 Hz 1.33e-01 s +/- 1.51e-02 s (pulsed at 99.98% real time)
[INFO] [1772121347.609295334] [cartographer logger]: I0227 00:55:47.000000 269658 collated_trajectory_builder.cc:81] scan rate: 7.08 Hz 1.41e-01 s +/- 1.99e-01 s (pulsed at 114.66% real time)
[INFO] [1772121355.973440857] [cartographer logger]: I0227 00:55:55.000000 269658 motion_filter.cc:42] Motion filter reduced the number of nodes to 6.54643%.
[INFO] [1772121362.716872844] [cartographer logger]: I0227 00:56:02.000000 269658 collated_trajectory_builder.cc:81] scan rate: 7.94 Hz 1.26e-01 s +/- 1.48e-02 s (pulsed at 99.97% real time)
[INFO] [1772121380.190577098] [cartographer logger]: I0227 00:56:20.000000 269658 collated_trajectory_builder.cc:81] scan rate: 6.90 Hz 1.45e-01 s +/- 2.20e-01 s (pulsed at 115.78% real time)
[INFO] [1772121395.287759411] [cartographer logger]: I0227 00:56:35.000000 269658 collated_trajectory_builder.cc:81] scan rate: 8.08 Hz 1.24e-01 s +/- 1.19e-02 s (pulsed at 100.10% real time)
[INFO] [1772121412.652268043] [cartographer logger]: I0227 00:56:52.000000 269658 collated_trajectory_builder.cc:81] scan rate: 6.96 Hz 1.44e-01 s +/- 2.12e-01 s (pulsed at 115.50% real time)
[INFO] [1772121415.352379069] [cartographer logger]: I0227 00:56:55.000000 269658 pose_graph_2d.cc:148] Inserted submap (0, 31).
[INFO] [1772121422.231022213] [cartographer logger]: I0227 00:57:02.000000 269658 motion_filter.cc:42] Motion filter reduced the number of nodes to 6.54035%.
[INFO] [1772121427.708111892] [cartographer logger]: I0227 00:57:07.000000 269658 collated_trajectory_builder.cc:81] scan rate: 8.44 Hz 1.18e-01 s +/- 1.28e-02 s (pulsed at 99.90% real time)
[INFO] [1772121445.022436114] [cartographer logger]: I0227 00:57:25.000000 269658 collated_trajectory_builder.cc:81] scan rate: 7.61 Hz 1.31e-01 s +/- 2.00e-01 s (pulsed at 115.73% real time)
[INFO] [1772121460.046087326] [cartographer logger]: I0227 00:57:40.000000 269658 collated_trajectory_builder.cc:81] scan rate: 8.91 Hz 1.12e-01 s +/- 1.26e-02 s (pulsed at 100.06% real time)
[INFO] [1772121477.256313486] [cartographer logger]: I0227 00:57:57.000000 269658 collated_trajectory_builder.cc:81] scan rate: 7.83 Hz 1.28e-01 s +/- 1.92e-01 s (pulsed at 114.54% real time)
[INFO] [1772121483.281419400] [cartographer logger]: I0227 00:58:03.000000 269658 motion_filter.cc:42] Motion filter reduced the number of nodes to 6.52414%.
[INFO] [1772121492.345587775] [cartographer logger]: I0227 00:58:12.000000 269658 collated_trajectory_builder.cc:81] scan rate: 8.09 Hz 1.24e-01 s +/- 1.84e-02 s (pulsed at 99.84% real time)
[INFO] [1772121507.420918893] [cartographer logger]: I0227 00:58:27.000000 269658 collated_trajectory_builder.cc:81] scan rate: 7.47 Hz 1.34e-01 s +/- 1.13e-02 s (pulsed at 99.45% real time)
[INFO] [1772121523.651762765] [cartographer logger]: I0227 00:58:43.000000 269708 pose_graph_2d.cc:538] Remaining work items in queue: 0
[INFO] [1772121524.722913184] [cartographer logger]: I0227 00:58:44.000000 269658 collated_trajectory_builder.cc:81] scan rate: 6.53 Hz 1.53e-01 s +/- 2.09e-01 s (pulsed at 114.74% real time)
[INFO] [1772121539.842867168] [cartographer logger]: I0227 00:58:59.000000 269658 collated_trajectory_builder.cc:81] scan rate: 7.21 Hz 1.39e-01 s +/- 1.70e-02 s (pulsed at 99.92% real time)
[INFO] [1772121546.214532011] [cartographer logger]: I0227 00:59:06.000000 269658 pose_graph_2d.cc:148] Inserted submap (0, 32).
[INFO] [1772121555.649055026] [cartographer logger]: I0227 00:59:15.000000 269658 motion_filter.cc:42] Motion filter reduced the number of nodes to 6.52542%.
[INFO] [1772121557.505252359] [cartographer logger]: I0227 00:59:17.000000 269658 collated_trajectory_builder.cc:81] scan rate: 6.27 Hz 1.59e-01 s +/- 2.53e-01 s (pulsed at 117.83% real time)
[INFO] [1772121572.607025187] [cartographer logger]: I0227 00:59:32.000000 269658 collated_trajectory_builder.cc:81] scan rate: 7.61 Hz 1.31e-01 s +/- 1.39e-02 s (pulsed at 100.01% real time)
[INFO] [1772121589.690367914] [cartographer logger]: I0227 00:59:49.000000 269658 collated_trajectory_builder.cc:81] scan rate: 6.84 Hz 1.46e-01 s +/- 1.89e-01 s (pulsed at 113.42% real time)
[INFO] [1772121604.705703964] [cartographer logger]: I0227 01:00:04.000000 269658 collated_trajectory_builder.cc:81] scan rate: 8.59 Hz 1.16e-01 s +/- 1.45e-02 s (pulsed at 100.40% real time)
[INFO] [1772121620.043223871] [cartographer logger]: I0227 01:00:20.000000 269658 motion_filter.cc:42] Motion filter reduced the number of nodes to 6.51667%.
[INFO] [1772121621.331582350] [cartographer logger]: I0227 01:00:21.000000 269658 collated_trajectory_builder.cc:81] scan rate: 8.23 Hz 1.22e-01 s +/- 1.39e-01 s (pulsed at 110.99% real time)
[INFO] [1772121636.369882322] [cartographer logger]: I0227 01:00:36.000000 269658 collated_trajectory_builder.cc:81] scan rate: 9.24 Hz 1.08e-01 s +/- 1.30e-02 s (pulsed at 100.08% real time)
[INFO] [1772121653.810036244] [cartographer logger]: I0227 01:00:53.000000 269658 collated_trajectory_builder.cc:81] scan rate: 7.96 Hz 1.26e-01 s +/- 2.08e-01 s (pulsed at 115.71% real time)
[INFO] [1772121668.920864303] [cartographer logger]: I0227 01:01:08.000000 269658 collated_trajectory_builder.cc:81] scan rate: 8.54 Hz 1.17e-01 s +/- 9.63e-03 s (pulsed at 99.91% real time)
[INFO] [1772121674.782279565] [cartographer logger]: I0227 01:01:14.000000 269658 pose_graph_2d.cc:148] Inserted submap (0, 33).
[INFO] [1772121678.854371389] [cartographer logger]: I0227 01:01:18.000000 269658 motion_filter.cc:42] Motion filter reduced the number of nodes to 6.49836%.
[INFO] [1772121686.015144346] [cartographer logger]: I0227 01:01:26.000000 269658 collated_trajectory_builder.cc:81] scan rate: 7.19 Hz 1.39e-01 s +/- 1.92e-01 s (pulsed at 114.06% real time)
[INFO] [1772121701.074472020] [cartographer logger]: I0227 01:01:41.000000 269658 collated_trajectory_builder.cc:81] scan rate: 7.90 Hz 1.27e-01 s +/- 1.47e-02 s (pulsed at 100.04% real time)
[INFO] [1772121716.135894476] [cartographer logger]: I0227 01:01:56.000000 269658 collated_trajectory_builder.cc:81] scan rate: 7.77 Hz 1.29e-01 s +/- 1.23e-02 s (pulsed at 100.00% real time)
[INFO] [1772121721.103960742] [cartographer logger]: I0227 01:02:01.000000 269707 pose_graph_2d.cc:538] Remaining work items in queue: 0
[INFO] [1772121733.432350965] [cartographer logger]: I0227 01:02:13.000000 269658 collated_trajectory_builder.cc:81] scan rate: 6.58 Hz 1.52e-01 s +/- 2.10e-01 s (pulsed at 114.90% real time)
[INFO] [1772121748.195011763] [cartographer logger]: I0227 01:02:28.000000 269658 motion_filter.cc:42] Motion filter reduced the number of nodes to 6.49677%.
[INFO] [1772121748.491455053] [cartographer logger]: I0227 01:02:28.000000 269658 collated_trajectory_builder.cc:81] scan rate: 7.31 Hz 1.37e-01 s +/- 2.04e-02 s (pulsed at 99.86% real time)
[INFO] [1772121765.771802308] [cartographer logger]: I0227 01:02:45.000000 269658 collated_trajectory_builder.cc:81] scan rate: 6.07 Hz 1.65e-01 s +/- 2.14e-01 s (pulsed at 114.73% real time)
[INFO] [1772121780.896686652] [cartographer logger]: I0227 01:03:00.000000 269658 collated_trajectory_builder.cc:81] scan rate: 6.54 Hz 1.53e-01 s +/- 1.86e-02 s (pulsed at 99.97% real time)
[INFO] [1772121798.159689432] [cartographer logger]: I0227 01:03:18.000000 269658 collated_trajectory_builder.cc:81] scan rate: 5.32 Hz 1.88e-01 s +/- 2.31e-01 s (pulsed at 114.80% real time)
[INFO] [1772121804.879136135] [cartographer logger]: I0227 01:03:24.000000 269658 pose_graph_2d.cc:148] Inserted submap (0, 34).
[INFO] [1772121813.273216424] [cartographer logger]: I0227 01:03:33.000000 269658 collated_trajectory_builder.cc:81] scan rate: 6.08 Hz 1.64e-01 s +/- 2.12e-02 s (pulsed at 100.00% real time)
[INFO] [1772121830.437037785] [cartographer logger]: I0227 01:03:50.000000 269658 collated_trajectory_builder.cc:81] scan rate: 5.24 Hz 1.91e-01 s +/- 2.28e-01 s (pulsed at 114.33% real time)
[INFO] [1772121833.814491376] [cartographer logger]: I0227 01:03:53.000000 269658 motion_filter.cc:42] Motion filter reduced the number of nodes to 6.52063%.
[INFO] [1772121845.462243382] [cartographer logger]: I0227 01:04:05.000000 269658 collated_trajectory_builder.cc:81] scan rate: 6.32 Hz 1.58e-01 s +/- 1.42e-02 s (pulsed at 100.22% real time)
[INFO] [1772121862.782814540] [cartographer logger]: I0227 01:04:22.000000 269658 collated_trajectory_builder.cc:81] scan rate: 5.82 Hz 1.72e-01 s +/- 2.26e-01 s (pulsed at 115.26% real time)
[INFO] [1772121877.875564998] [cartographer logger]: I0227 01:04:37.000000 269658 collated_trajectory_builder.cc:81] scan rate: 7.35 Hz 1.36e-01 s +/- 1.69e-02 s (pulsed at 100.06% real time)
[INFO] [1772121895.132314218] [cartographer logger]: I0227 01:04:55.000000 269658 collated_trajectory_builder.cc:81] scan rate: 6.42 Hz 1.56e-01 s +/- 2.08e-01 s (pulsed at 114.64% real time)
[INFO] [1772121908.003230133] [cartographer logger]: I0227 01:05:08.000000 269658 motion_filter.cc:42] Motion filter reduced the number of nodes to 6.525%.
[INFO] [1772121910.331711097] [cartographer logger]: I0227 01:05:10.000000 269658 collated_trajectory_builder.cc:81] scan rate: 7.80 Hz 1.28e-01 s +/- 1.25e-02 s (pulsed at 99.56% real time)
[INFO] [1772121917.088181788] [cartographer logger]: I0227 01:05:17.000000 269707 pose_graph_2d.cc:538] Remaining work items in queue: 0
[INFO] [1772121927.710462537] [cartographer logger]: I0227 01:05:27.000000 269658 collated_trajectory_builder.cc:81] scan rate: 6.66 Hz 1.50e-01 s +/- 2.18e-01 s (pulsed at 115.83% real time)
[INFO] [1772121935.410449671] [cartographer logger]: I0227 01:05:35.000000 269658 pose_graph_2d.cc:148] Inserted submap (0, 35).
[INFO] [1772121942.732709820] [cartographer logger]: I0227 01:05:42.000000 269658 collated_trajectory_builder.cc:81] scan rate: 7.84 Hz 1.27e-01 s +/- 1.50e-02 s (pulsed at 100.13% real time)
[INFO] [1772121957.799501956] [cartographer logger]: I0227 01:05:57.000000 269658 collated_trajectory_builder.cc:81] scan rate: 7.97 Hz 1.26e-01 s +/- 1.47e-02 s (pulsed at 99.98% real time)
[INFO] [1772121975.122272395] [cartographer logger]: I0227 01:06:15.000000 269658 collated_trajectory_builder.cc:81] scan rate: 6.98 Hz 1.43e-01 s +/- 2.09e-01 s (pulsed at 115.26% real time)
[INFO] [1772121976.176264073] [cartographer logger]: I0227 01:06:16.000000 269658 motion_filter.cc:42] Motion filter reduced the number of nodes to 6.52%.
[INFO] [1772121990.149290617] [cartographer logger]: I0227 01:06:30.000000 269658 collated_trajectory_builder.cc:81] scan rate: 8.51 Hz 1.17e-01 s +/- 9.87e-03 s (pulsed at 100.09% real time)
[INFO] [1772122007.658566575] [cartographer logger]: I0227 01:06:47.000000 269658 collated_trajectory_builder.cc:81] scan rate: 7.53 Hz 1.33e-01 s +/- 2.15e-01 s (pulsed at 116.56% real time)
[INFO] [1772122022.681898975] [cartographer logger]: I0227 01:07:02.000000 269658 collated_trajectory_builder.cc:81] scan rate: 9.07 Hz 1.10e-01 s +/- 1.13e-02 s (pulsed at 99.80% real time)
[INFO] [1772122038.267094806] [cartographer logger]: I0227 01:07:18.000000 269658 motion_filter.cc:42] Motion filter reduced the number of nodes to 6.50909%.
[INFO] [1772122040.222500964] [cartographer logger]: I0227 01:07:20.000000 269658 collated_trajectory_builder.cc:81] scan rate: 7.51 Hz 1.33e-01 s +/- 2.19e-01 s (pulsed at 116.99% real time)
[INFO] [1772122055.298518583] [cartographer logger]: I0227 01:07:35.000000 269658 collated_trajectory_builder.cc:81] scan rate: 9.83 Hz 1.02e-01 s +/- 1.15e-02 s (pulsed at 99.88% real time)
[INFO] [1772122066.767771202] [cartographer logger]: I0227 01:07:46.000000 269658 pose_graph_2d.cc:148] Inserted submap (0, 36).
[INFO] [1772122072.543035582] [cartographer logger]: I0227 01:07:52.000000 269658 collated_trajectory_builder.cc:81] scan rate: 8.80 Hz 1.14e-01 s +/- 1.82e-01 s (pulsed at 115.05% real time)
[INFO] [1772122087.425347548] [cartographer logger]: I0227 01:08:07.000000 269658 motion_filter.cc:42] Motion filter reduced the number of nodes to 6.4806%.
[INFO] [1772122087.648595457] [cartographer logger]: I0227 01:08:07.000000 269658 collated_trajectory_builder.cc:81] scan rate: 12.14 Hz 8.23e-02 s +/- 9.18e-03 s (pulsed at 100.00% real time)
[INFO] [1772122091.434353457] [cartographer logger]: I0227 01:08:11.000000 269709 pose_graph_2d.cc:538] Remaining work items in queue: 0
[INFO] [1772122105.219710046] [cartographer logger]: I0227 01:08:25.000000 269658 collated_trajectory_builder.cc:81] scan rate: 7.51 Hz 1.33e-01 s +/- 2.20e-01 s (pulsed at 115.98% real time)
[INFO] [1772122120.277465825] [cartographer logger]: I0227 01:08:40.000000 269658 collated_trajectory_builder.cc:81] scan rate: 7.17 Hz 1.40e-01 s +/- 1.88e-02 s (pulsed at 100.12% real time)
[INFO] [1772122127.110865002] [cartographer logger]: I0227 01:08:47.000000 269658 pose_graph_2d.cc:148] Inserted submap (0, 37).
[INFO] [1772122137.734136310] [cartographer logger]: I0227 01:08:57.000000 269658 collated_trajectory_builder.cc:81] scan rate: 6.24 Hz 1.60e-01 s +/- 2.36e-01 s (pulsed at 116.24% real time)
[INFO] [1772122152.736691664] [cartographer logger]: I0227 01:09:12.000000 269658 collated_trajectory_builder.cc:81] scan rate: 7.73 Hz 1.29e-01 s +/- 1.16e-02 s (pulsed at 100.03% real time)
[INFO] [1772122156.778812193] [cartographer logger]: I0227 01:09:16.000000 269658 motion_filter.cc:42] Motion filter reduced the number of nodes to 6.57059%.
[INFO] [1772122168.072287715] [cartographer logger]: I0227 01:09:28.000000 269658 collated_trajectory_builder.cc:81] scan rate: 7.52 Hz 1.33e-01 s +/- 2.32e-02 s (pulsed at 98.52% real time)
[INFO] [1772122185.547343094] [cartographer logger]: I0227 01:09:45.000000 269658 collated_trajectory_builder.cc:81] scan rate: 6.11 Hz 1.64e-01 s +/- 2.49e-01 s (pulsed at 118.54% real time)
[INFO] [1772122200.663114504] [cartographer logger]: I0227 01:10:00.000000 269658 collated_trajectory_builder.cc:81] scan rate: 8.21 Hz 1.22e-01 s +/- 1.52e-02 s (pulsed at 99.80% real time)
[INFO] [1772122218.108911494] [cartographer logger]: I0227 01:10:18.000000 269658 collated_trajectory_builder.cc:81] scan rate: 7.15 Hz 1.40e-01 s +/- 2.14e-01 s (pulsed at 116.12% real time)
[INFO] [1772122224.601228998] [rclcpp]: signal_handler(SIGINT/SIGTERM)
