[INFO] [1772108865.155447714] [map_auto_saver]: Periodic auto-save enabled: every 20.0s -> /home/tkddn647/test/maps
[INFO] [1772108885.142108533] [map_auto_saver]: Saving map (periodic) -> /home/tkddn647/test/maps/sim_map_20260226_212805.pbstream
[INFO] [1772108885.171811262] [map_auto_saver]: Map saved successfully.
[INFO] [1772108885.172503532] [map_auto_saver]: Exporting ROS map (periodic) -> /home/tkddn647/test/maps/sim_map_20260226_212805.png + .yaml
[INFO] [1772108885.705498183] [map_auto_saver]: ROS map export succeeded.
[INFO] [1772108906.673090781] [map_auto_saver]: Saving map (periodic) -> /home/tkddn647/test/maps/sim_map_20260226_212826.pbstream
[INFO] [1772108906.715736280] [map_auto_saver]: Map saved successfully.
[INFO] [1772108906.716542827] [map_auto_saver]: Exporting ROS map (periodic) -> /home/tkddn647/test/maps/sim_map_20260226_212826.png + .yaml
[INFO] [1772108907.301067305] [map_auto_saver]: ROS map export succeeded.
[INFO] [1772108926.684245774] [map_auto_saver]: Saving map (periodic) -> /home/tkddn647/test/maps/sim_map_20260226_212846.pbstream
[INFO] [1772108926.707995761] [map_auto_saver]: Map saved successfully.
[INFO] [1772108926.708487612] [map_auto_saver]: Exporting ROS map (periodic) -> /home/tkddn647/test/maps/sim_map_20260226_212846.png + .yaml
[INFO] [1772108927.251525295] [map_auto_saver]: ROS map export succeeded.
[INFO] [1772108945.143111817] [map_auto_saver]: Saving map (periodic) -> /home/tkddn647/test/maps/sim_map_20260226_212905.pbstream
[INFO] [1772108945.186539093] [map_auto_saver]: Map saved successfully.
[INFO] [1772108945.187366856] [map_auto_saver]: Exporting ROS map (periodic) -> /home/tkddn647/test/maps/sim_map_20260226_212905.png + .yaml
[INFO] [1772108945.871155164] [map_auto_saver]: ROS map export succeeded.
[INFO] [1772108966.685672336] [map_auto_saver]: Saving map (periodic) -> /home/tkddn647/test/maps/sim_map_20260226_212926.pbstream
[INFO] [1772108966.716290652] [map_auto_saver]: Map saved successfully.
[INFO] [1772108966.716801496] [map_auto_saver]: Exporting ROS map (periodic) -> /home/tkddn647/test/maps/sim_map_20260226_212926.png + .yaml
[INFO] [1772108967.287664490] [map_auto_saver]: ROS map export succeeded.
[INFO] [1772108985.142464410] [map_auto_saver]: Saving map (periodic) -> /home/tkddn647/test/maps/sim_map_20260226_212945.pbstream
[INFO] [1772108985.167527001] [map_auto_saver]: Map saved successfully.
[INFO] [1772108985.168020768] [map_auto_saver]: Exporting ROS map (periodic) -> /home/tkddn647/test/maps/sim_map_20260226_212945.png + .yaml
[INFO] [1772108985.834610976] [map_auto_saver]: ROS map export succeeded.
[INFO] [1772109006.813022418] [map_auto_saver]: Saving map (periodic) -> /home/tkddn647/test/maps/sim_map_20260226_213006.pbstream
[INFO] [1772109006.845387275] [map_auto_saver]: Map saved successfully.
[INFO] [1772109006.846094340] [map_auto_saver]: Exporting ROS map (periodic) -> /home/tkddn647/test/maps/sim_map_20260226_213006.png + .yaml
[INFO] [1772109007.453175154] [map_auto_saver]: ROS map export succeeded.
[INFO] [1772109016.452927895] [map_auto_saver]: KeyboardInterrupt received. Attempting shutdown save...
