[INFO] [1772103289.347326479] [map_auto_saver]: Periodic auto-save enabled: every 20.0s -> /home/tkddn647/test/maps
[INFO] [1772103310.522451049] [map_auto_saver]: Saving map (periodic) -> /home/tkddn647/test/maps/sim_map_20260226_195510.pbstream
[INFO] [1772103310.568510597] [map_auto_saver]: Map saved successfully.
[INFO] [1772103310.569199150] [map_auto_saver]: Exporting ROS map (periodic) -> /home/tkddn647/test/maps/sim_map_20260226_195510.png + .yaml
[INFO] [1772103311.074489717] [map_auto_saver]: ROS map export succeeded.
[INFO] [1772103329.335234325] [map_auto_saver]: Saving map (periodic) -> /home/tkddn647/test/maps/sim_map_20260226_195529.pbstream
[INFO] [1772103329.370895159] [map_auto_saver]: Map saved successfully.
[INFO] [1772103329.371420523] [map_auto_saver]: Exporting ROS map (periodic) -> /home/tkddn647/test/maps/sim_map_20260226_195529.png + .yaml
[INFO] [1772103329.888971762] [map_auto_saver]: ROS map export succeeded.
[INFO] [1772103350.256418184] [map_auto_saver]: Saving map (periodic) -> /home/tkddn647/test/maps/sim_map_20260226_195550.pbstream
[INFO] [1772103350.281624120] [map_auto_saver]: Map saved successfully.
[INFO] [1772103350.282209653] [map_auto_saver]: Exporting ROS map (periodic) -> /home/tkddn647/test/maps/sim_map_20260226_195550.png + .yaml
[INFO] [1772103351.139280053] [map_auto_saver]: ROS map export succeeded.
[INFO] [1772103369.335259889] [map_auto_saver]: Saving map (periodic) -> /home/tkddn647/test/maps/sim_map_20260226_195609.pbstream
[INFO] [1772103369.369698368] [map_auto_saver]: Map saved successfully.
[INFO] [1772103369.370323358] [map_auto_saver]: Exporting ROS map (periodic) -> /home/tkddn647/test/maps/sim_map_20260226_195609.png + .yaml
[INFO] [1772103369.966050403] [map_auto_saver]: ROS map export succeeded.
[INFO] [1772103390.627111133] [map_auto_saver]: Saving map (periodic) -> /home/tkddn647/test/maps/sim_map_20260226_195630.pbstream
[INFO] [1772103390.656734077] [map_auto_saver]: Map saved successfully.
[INFO] [1772103390.657403326] [map_auto_saver]: Exporting ROS map (periodic) -> /home/tkddn647/test/maps/sim_map_20260226_195630.png + .yaml
[INFO] [1772103391.161464550] [map_auto_saver]: ROS map export succeeded.
[INFO] [1772103410.378539482] [map_auto_saver]: Saving map (periodic) -> /home/tkddn647/test/maps/sim_map_20260226_195650.pbstream
[INFO] [1772103410.411204333] [map_auto_saver]: Map saved successfully.
[INFO] [1772103410.411899068] [map_auto_saver]: Exporting ROS map (periodic) -> /home/tkddn647/test/maps/sim_map_20260226_195650.png + .yaml
[INFO] [1772103410.921231226] [map_auto_saver]: ROS map export succeeded.
[INFO] [1772103429.335810068] [map_auto_saver]: Saving map (periodic) -> /home/tkddn647/test/maps/sim_map_20260226_195709.pbstream
[INFO] [1772103429.371919404] [map_auto_saver]: Map saved successfully.
[INFO] [1772103429.372779472] [map_auto_saver]: Exporting ROS map (periodic) -> /home/tkddn647/test/maps/sim_map_20260226_195709.png + .yaml
[INFO] [1772103429.968575038] [map_auto_saver]: ROS map export succeeded.
[INFO] [1772103434.397569277] [map_auto_saver]: KeyboardInterrupt received. Attempting shutdown save...
