[INFO] [1772104271.105329280] [map_auto_saver]: Periodic auto-save enabled: every 10.0s -> /home/tkddn647/test/maps
[INFO] [1772104282.267537682] [map_auto_saver]: Saving map (periodic) -> /home/tkddn647/test/maps/sim_map_20260226_201122.pbstream
[INFO] [1772104282.308037803] [map_auto_saver]: Map saved successfully.
[INFO] [1772104282.308730277] [map_auto_saver]: Exporting ROS map (periodic) -> /home/tkddn647/test/maps/sim_map_20260226_201122.png + .yaml
[INFO] [1772104282.820508923] [map_auto_saver]: ROS map export succeeded.
[INFO] [1772104291.094697402] [map_auto_saver]: Saving map (periodic) -> /home/tkddn647/test/maps/sim_map_20260226_201131.pbstream
[INFO] [1772104291.126811018] [map_auto_saver]: Map saved successfully.
[INFO] [1772104291.127381726] [map_auto_saver]: Exporting ROS map (periodic) -> /home/tkddn647/test/maps/sim_map_20260226_201131.png + .yaml
[INFO] [1772104291.792184741] [map_auto_saver]: ROS map export succeeded.
[INFO] [1772104301.095269371] [map_auto_saver]: Saving map (periodic) -> /home/tkddn647/test/maps/sim_map_20260226_201141.pbstream
[INFO] [1772104301.137826307] [map_auto_saver]: Map saved successfully.
[INFO] [1772104301.138852602] [map_auto_saver]: Exporting ROS map (periodic) -> /home/tkddn647/test/maps/sim_map_20260226_201141.png + .yaml
[INFO] [1772104301.778909274] [map_auto_saver]: ROS map export succeeded.
[INFO] [1772104311.094265174] [map_auto_saver]: Saving map (periodic) -> /home/tkddn647/test/maps/sim_map_20260226_201151.pbstream
[INFO] [1772104311.120195567] [map_auto_saver]: Map saved successfully.
[INFO] [1772104311.120688291] [map_auto_saver]: Exporting ROS map (periodic) -> /home/tkddn647/test/maps/sim_map_20260226_201151.png + .yaml
[INFO] [1772104311.649946447] [map_auto_saver]: ROS map export succeeded.
[INFO] [1772104322.232976182] [map_auto_saver]: Saving map (periodic) -> /home/tkddn647/test/maps/sim_map_20260226_201202.pbstream
[INFO] [1772104322.260510078] [map_auto_saver]: Map saved successfully.
[INFO] [1772104322.261726762] [map_auto_saver]: Exporting ROS map (periodic) -> /home/tkddn647/test/maps/sim_map_20260226_201202.png + .yaml
[INFO] [1772104322.913012275] [map_auto_saver]: ROS map export succeeded.
[INFO] [1772104331.095154771] [map_auto_saver]: Saving map (periodic) -> /home/tkddn647/test/maps/sim_map_20260226_201211.pbstream
[INFO] [1772104331.124763059] [map_auto_saver]: Map saved successfully.
[INFO] [1772104331.125624574] [map_auto_saver]: Exporting ROS map (periodic) -> /home/tkddn647/test/maps/sim_map_20260226_201211.png + .yaml
[INFO] [1772104331.981943157] [map_auto_saver]: ROS map export succeeded.
[INFO] [1772104341.094639748] [map_auto_saver]: Saving map (periodic) -> /home/tkddn647/test/maps/sim_map_20260226_201221.pbstream
[INFO] [1772104341.138668284] [map_auto_saver]: Map saved successfully.
[INFO] [1772104341.139515300] [map_auto_saver]: Exporting ROS map (periodic) -> /home/tkddn647/test/maps/sim_map_20260226_201221.png + .yaml
[INFO] [1772104341.650003791] [map_auto_saver]: ROS map export succeeded.
[INFO] [1772104352.315100352] [map_auto_saver]: Saving map (periodic) -> /home/tkddn647/test/maps/sim_map_20260226_201232.pbstream
[INFO] [1772104352.355515381] [map_auto_saver]: Map saved successfully.
[INFO] [1772104352.356533792] [map_auto_saver]: Exporting ROS map (periodic) -> /home/tkddn647/test/maps/sim_map_20260226_201232.png + .yaml
[INFO] [1772104352.968720502] [map_auto_saver]: ROS map export succeeded.
[INFO] [1772104361.095465678] [map_auto_saver]: Saving map (periodic) -> /home/tkddn647/test/maps/sim_map_20260226_201241.pbstream
[INFO] [1772104361.125789996] [map_auto_saver]: Map saved successfully.
[INFO] [1772104361.126464206] [map_auto_saver]: Exporting ROS map (periodic) -> /home/tkddn647/test/maps/sim_map_20260226_201241.png + .yaml
[INFO] [1772104362.019083382] [map_auto_saver]: ROS map export succeeded.
[INFO] [1772104371.094749652] [map_auto_saver]: Saving map (periodic) -> /home/tkddn647/test/maps/sim_map_20260226_201251.pbstream
[INFO] [1772104371.138671035] [map_auto_saver]: Map saved successfully.
[INFO] [1772104371.139153597] [map_auto_saver]: Exporting ROS map (periodic) -> /home/tkddn647/test/maps/sim_map_20260226_201251.png + .yaml
[INFO] [1772104371.633877612] [map_auto_saver]: ROS map export succeeded.
[INFO] [1772104382.257128728] [map_auto_saver]: Saving map (periodic) -> /home/tkddn647/test/maps/sim_map_20260226_201302.pbstream
[INFO] [1772104382.290251419] [map_auto_saver]: Map saved successfully.
[INFO] [1772104382.290745053] [map_auto_saver]: Exporting ROS map (periodic) -> /home/tkddn647/test/maps/sim_map_20260226_201302.png + .yaml
[INFO] [1772104383.127591299] [map_auto_saver]: ROS map export succeeded.
[INFO] [1772104391.094455438] [map_auto_saver]: Saving map (periodic) -> /home/tkddn647/test/maps/sim_map_20260226_201311.pbstream
[INFO] [1772104391.129972711] [map_auto_saver]: Map saved successfully.
[INFO] [1772104391.130452011] [map_auto_saver]: Exporting ROS map (periodic) -> /home/tkddn647/test/maps/sim_map_20260226_201311.png + .yaml
[INFO] [1772104391.639987064] [map_auto_saver]: ROS map export succeeded.
[INFO] [1772104401.094906438] [map_auto_saver]: Saving map (periodic) -> /home/tkddn647/test/maps/sim_map_20260226_201321.pbstream
[INFO] [1772104401.141507531] [map_auto_saver]: Map saved successfully.
[INFO] [1772104401.142535764] [map_auto_saver]: Exporting ROS map (periodic) -> /home/tkddn647/test/maps/sim_map_20260226_201321.png + .yaml
[INFO] [1772104401.700638225] [map_auto_saver]: ROS map export succeeded.
[INFO] [1772104411.094629871] [map_auto_saver]: Saving map (periodic) -> /home/tkddn647/test/maps/sim_map_20260226_201331.pbstream
[INFO] [1772104411.239107317] [map_auto_saver]: Map saved successfully.
[INFO] [1772104411.239690262] [map_auto_saver]: Exporting ROS map (periodic) -> /home/tkddn647/test/maps/sim_map_20260226_201331.png + .yaml
[INFO] [1772104412.137627769] [map_auto_saver]: ROS map export succeeded.
[INFO] [1772104422.283143891] [map_auto_saver]: Saving map (periodic) -> /home/tkddn647/test/maps/sim_map_20260226_201342.pbstream
[INFO] [1772104422.449473765] [map_auto_saver]: Map saved successfully.
[INFO] [1772104422.450437137] [map_auto_saver]: Exporting ROS map (periodic) -> /home/tkddn647/test/maps/sim_map_20260226_201342.png + .yaml
[INFO] [1772104423.030697558] [map_auto_saver]: ROS map export succeeded.
[INFO] [1772104431.094502040] [map_auto_saver]: Saving map (periodic) -> /home/tkddn647/test/maps/sim_map_20260226_201351.pbstream
[INFO] [1772104431.245921763] [map_auto_saver]: Map saved successfully.
[INFO] [1772104431.246740385] [map_auto_saver]: Exporting ROS map (periodic) -> /home/tkddn647/test/maps/sim_map_20260226_201351.png + .yaml
[INFO] [1772104431.789257395] [map_auto_saver]: ROS map export succeeded.
[INFO] [1772104441.095230080] [map_auto_saver]: Saving map (periodic) -> /home/tkddn647/test/maps/sim_map_20260226_201401.pbstream
[INFO] [1772104441.248485605] [map_auto_saver]: Map saved successfully.
[INFO] [1772104441.249231854] [map_auto_saver]: Exporting ROS map (periodic) -> /home/tkddn647/test/maps/sim_map_20260226_201401.png + .yaml
[INFO] [1772104442.574651707] [map_auto_saver]: ROS map export succeeded.
[INFO] [1772104452.245383620] [map_auto_saver]: Saving map (periodic) -> /home/tkddn647/test/maps/sim_map_20260226_201412.pbstream
[INFO] [1772104452.384063484] [map_auto_saver]: Map saved successfully.
[INFO] [1772104452.384649793] [map_auto_saver]: Exporting ROS map (periodic) -> /home/tkddn647/test/maps/sim_map_20260226_201412.png + .yaml
[INFO] [1772104452.949900419] [map_auto_saver]: ROS map export succeeded.
[INFO] [1772104461.094326730] [map_auto_saver]: Saving map (periodic) -> /home/tkddn647/test/maps/sim_map_20260226_201421.pbstream
[INFO] [1772104461.234448179] [map_auto_saver]: Map saved successfully.
[INFO] [1772104461.235215804] [map_auto_saver]: Exporting ROS map (periodic) -> /home/tkddn647/test/maps/sim_map_20260226_201421.png + .yaml
[INFO] [1772104461.882674437] [map_auto_saver]: ROS map export succeeded.
[INFO] [1772104471.094334669] [map_auto_saver]: Saving map (periodic) -> /home/tkddn647/test/maps/sim_map_20260226_201431.pbstream
[INFO] [1772104471.243640761] [map_auto_saver]: Map saved successfully.
[INFO] [1772104471.244371789] [map_auto_saver]: Exporting ROS map (periodic) -> /home/tkddn647/test/maps/sim_map_20260226_201431.png + .yaml
[INFO] [1772104472.095012219] [map_auto_saver]: ROS map export succeeded.
[INFO] [1772104482.306698627] [map_auto_saver]: Saving map (periodic) -> /home/tkddn647/test/maps/sim_map_20260226_201442.pbstream
[INFO] [1772104482.522465576] [map_auto_saver]: Map saved successfully.
[INFO] [1772104482.523267690] [map_auto_saver]: Exporting ROS map (periodic) -> /home/tkddn647/test/maps/sim_map_20260226_201442.png + .yaml
[INFO] [1772104483.153339483] [map_auto_saver]: ROS map export succeeded.
[INFO] [1772104491.094860270] [map_auto_saver]: Saving map (periodic) -> /home/tkddn647/test/maps/sim_map_20260226_201451.pbstream
[INFO] [1772104491.332241251] [map_auto_saver]: Map saved successfully.
[INFO] [1772104491.333419298] [map_auto_saver]: Exporting ROS map (periodic) -> /home/tkddn647/test/maps/sim_map_20260226_201451.png + .yaml
[INFO] [1772104492.068012479] [map_auto_saver]: ROS map export succeeded.
[INFO] [1772104501.095493955] [map_auto_saver]: Saving map (periodic) -> /home/tkddn647/test/maps/sim_map_20260226_201501.pbstream
[INFO] [1772104501.402983413] [map_auto_saver]: Map saved successfully.
[INFO] [1772104501.403980900] [map_auto_saver]: Exporting ROS map (periodic) -> /home/tkddn647/test/maps/sim_map_20260226_201501.png + .yaml
[INFO] [1772104502.136341415] [map_auto_saver]: ROS map export succeeded.
[INFO] [1772104511.098335980] [map_auto_saver]: Saving map (periodic) -> /home/tkddn647/test/maps/sim_map_20260226_201511.pbstream
[INFO] [1772104511.431491846] [map_auto_saver]: Map saved successfully.
[INFO] [1772104511.432789597] [map_auto_saver]: Exporting ROS map (periodic) -> /home/tkddn647/test/maps/sim_map_20260226_201511.png + .yaml
[INFO] [1772104512.794504275] [map_auto_saver]: ROS map export succeeded.
[INFO] [1772104522.332128911] [map_auto_saver]: Saving map (periodic) -> /home/tkddn647/test/maps/sim_map_20260226_201522.pbstream
[INFO] [1772104522.502972114] [map_auto_saver]: Map saved successfully.
[INFO] [1772104522.503504564] [map_auto_saver]: Exporting ROS map (periodic) -> /home/tkddn647/test/maps/sim_map_20260226_201522.png + .yaml
[INFO] [1772104523.031746927] [map_auto_saver]: ROS map export succeeded.
[INFO] [1772104531.094654304] [map_auto_saver]: Saving map (periodic) -> /home/tkddn647/test/maps/sim_map_20260226_201531.pbstream
[INFO] [1772104531.327077883] [map_auto_saver]: Map saved successfully.
[INFO] [1772104531.328180895] [map_auto_saver]: Exporting ROS map (periodic) -> /home/tkddn647/test/maps/sim_map_20260226_201531.png + .yaml
[INFO] [1772104533.468843654] [map_auto_saver]: ROS map export succeeded.
[INFO] [1772104541.094879896] [map_auto_saver]: Saving map (periodic) -> /home/tkddn647/test/maps/sim_map_20260226_201541.pbstream
[INFO] [1772104541.249877196] [map_auto_saver]: Map saved successfully.
[INFO] [1772104541.250376097] [map_auto_saver]: Exporting ROS map (periodic) -> /home/tkddn647/test/maps/sim_map_20260226_201541.png + .yaml
[INFO] [1772104542.758810373] [map_auto_saver]: ROS map export succeeded.
[INFO] [1772104552.376679105] [map_auto_saver]: Saving map (periodic) -> /home/tkddn647/test/maps/sim_map_20260226_201552.pbstream
[INFO] [1772104552.537124367] [map_auto_saver]: Map saved successfully.
[INFO] [1772104552.537618536] [map_auto_saver]: Exporting ROS map (periodic) -> /home/tkddn647/test/maps/sim_map_20260226_201552.png + .yaml
[INFO] [1772104553.050297345] [map_auto_saver]: ROS map export succeeded.
[INFO] [1772104561.094528741] [map_auto_saver]: Saving map (periodic) -> /home/tkddn647/test/maps/sim_map_20260226_201601.pbstream
[INFO] [1772104561.282609429] [map_auto_saver]: Map saved successfully.
[INFO] [1772104561.283222913] [map_auto_saver]: Exporting ROS map (periodic) -> /home/tkddn647/test/maps/sim_map_20260226_201601.png + .yaml
[ERROR] [1772104563.721848420] [map_auto_saver]: ROS map export failed (code=1). stdout="[ros2run]: Process exited with failure 1" stderr="[INFO] [1772104561.575592242] [map_saver]: 
	map_saver lifecycle node launched. 
	Waiting on external lifecycle transitions to activate
	See https://design.ros2.org/articles/node_lifecycle.html for more information.
[INFO] [1772104561.575808873] [map_saver]: Creating
[INFO] [1772104561.575900946] [map_saver]: Configuring
[INFO] [1772104561.578060962] [map_saver]: Saving map from '/map' topic to '/home/tkddn647/test/maps/sim_map_20260226_201601' file
[WARN] [1772104561.578165553] [map_saver]: Free threshold unspecified. Setting it to default value: 0.250000
[WARN] [1772104561.578186818] [map_saver]: Occupied threshold unspecified. Setting it to default value: 0.650000
[ERROR] [1772104563.582501244] [map_saver]: Failed to spin map subscription
[INFO] [1772104563.583896326] [map_saver]: Destroying"
[INFO] [1772104571.094780002] [map_auto_saver]: Saving map (periodic) -> /home/tkddn647/test/maps/sim_map_20260226_201611.pbstream
[INFO] [1772104571.287573998] [map_auto_saver]: Map saved successfully.
[INFO] [1772104571.288292699] [map_auto_saver]: Exporting ROS map (periodic) -> /home/tkddn647/test/maps/sim_map_20260226_201611.png + .yaml
[INFO] [1772104571.805247656] [map_auto_saver]: ROS map export succeeded.
[INFO] [1772104581.095164391] [map_auto_saver]: Saving map (periodic) -> /home/tkddn647/test/maps/sim_map_20260226_201621.pbstream
[INFO] [1772104581.295642765] [map_auto_saver]: Map saved successfully.
[INFO] [1772104581.296316754] [map_auto_saver]: Exporting ROS map (periodic) -> /home/tkddn647/test/maps/sim_map_20260226_201621.png + .yaml
[INFO] [1772104583.538628989] [map_auto_saver]: ROS map export succeeded.
[INFO] [1772104592.450864152] [map_auto_saver]: Saving map (periodic) -> /home/tkddn647/test/maps/sim_map_20260226_201632.pbstream
[INFO] [1772104592.598373011] [map_auto_saver]: Map saved successfully.
[INFO] [1772104592.599098545] [map_auto_saver]: Exporting ROS map (periodic) -> /home/tkddn647/test/maps/sim_map_20260226_201632.png + .yaml
[INFO] [1772104593.101768066] [map_auto_saver]: ROS map export succeeded.
[INFO] [1772104601.094492800] [map_auto_saver]: Saving map (periodic) -> /home/tkddn647/test/maps/sim_map_20260226_201641.pbstream
[INFO] [1772104601.276053413] [map_auto_saver]: Map saved successfully.
[INFO] [1772104601.276793150] [map_auto_saver]: Exporting ROS map (periodic) -> /home/tkddn647/test/maps/sim_map_20260226_201641.png + .yaml
[INFO] [1772104601.814572747] [map_auto_saver]: ROS map export succeeded.
[INFO] [1772104611.095471220] [map_auto_saver]: Saving map (periodic) -> /home/tkddn647/test/maps/sim_map_20260226_201651.pbstream
[INFO] [1772104611.305492033] [map_auto_saver]: Map saved successfully.
[INFO] [1772104611.306177240] [map_auto_saver]: Exporting ROS map (periodic) -> /home/tkddn647/test/maps/sim_map_20260226_201651.png + .yaml
[INFO] [1772104611.917913781] [map_auto_saver]: ROS map export succeeded.
[INFO] [1772104622.439431816] [map_auto_saver]: Saving map (periodic) -> /home/tkddn647/test/maps/sim_map_20260226_201702.pbstream
[INFO] [1772104622.607954874] [map_auto_saver]: Map saved successfully.
[INFO] [1772104622.608781012] [map_auto_saver]: Exporting ROS map (periodic) -> /home/tkddn647/test/maps/sim_map_20260226_201702.png + .yaml
[INFO] [1772104623.141007012] [map_auto_saver]: ROS map export succeeded.
[INFO] [1772104631.094514225] [map_auto_saver]: Saving map (periodic) -> /home/tkddn647/test/maps/sim_map_20260226_201711.pbstream
[INFO] [1772104631.304217283] [map_auto_saver]: Map saved successfully.
[INFO] [1772104631.304738477] [map_auto_saver]: Exporting ROS map (periodic) -> /home/tkddn647/test/maps/sim_map_20260226_201711.png + .yaml
[INFO] [1772104632.182364181] [map_auto_saver]: ROS map export succeeded.
[INFO] [1772104641.094589453] [map_auto_saver]: Saving map (periodic) -> /home/tkddn647/test/maps/sim_map_20260226_201721.pbstream
[INFO] [1772104641.285582961] [map_auto_saver]: Map saved successfully.
[INFO] [1772104641.286237298] [map_auto_saver]: Exporting ROS map (periodic) -> /home/tkddn647/test/maps/sim_map_20260226_201721.png + .yaml
[INFO] [1772104641.878066248] [map_auto_saver]: ROS map export succeeded.
[INFO] [1772104652.301693228] [map_auto_saver]: Saving map (periodic) -> /home/tkddn647/test/maps/sim_map_20260226_201732.pbstream
[INFO] [1772104652.481613958] [map_auto_saver]: Map saved successfully.
[INFO] [1772104652.482286008] [map_auto_saver]: Exporting ROS map (periodic) -> /home/tkddn647/test/maps/sim_map_20260226_201732.png + .yaml
[INFO] [1772104653.350622585] [map_auto_saver]: ROS map export succeeded.
[INFO] [1772104661.094272846] [map_auto_saver]: Saving map (periodic) -> /home/tkddn647/test/maps/sim_map_20260226_201741.pbstream
[INFO] [1772104661.252982682] [map_auto_saver]: Map saved successfully.
[INFO] [1772104661.253458584] [map_auto_saver]: Exporting ROS map (periodic) -> /home/tkddn647/test/maps/sim_map_20260226_201741.png + .yaml
[INFO] [1772104661.750186447] [map_auto_saver]: ROS map export succeeded.
[INFO] [1772104671.094579605] [map_auto_saver]: Saving map (periodic) -> /home/tkddn647/test/maps/sim_map_20260226_201751.pbstream
[INFO] [1772104671.260962259] [map_auto_saver]: Map saved successfully.
[INFO] [1772104671.261445459] [map_auto_saver]: Exporting ROS map (periodic) -> /home/tkddn647/test/maps/sim_map_20260226_201751.png + .yaml
[INFO] [1772104671.768650156] [map_auto_saver]: ROS map export succeeded.
[INFO] [1772104681.094471341] [map_auto_saver]: Saving map (periodic) -> /home/tkddn647/test/maps/sim_map_20260226_201801.pbstream
[INFO] [1772104681.261292199] [map_auto_saver]: Map saved successfully.
[INFO] [1772104681.262259003] [map_auto_saver]: Exporting ROS map (periodic) -> /home/tkddn647/test/maps/sim_map_20260226_201801.png + .yaml
[INFO] [1772104681.820927088] [map_auto_saver]: ROS map export succeeded.
[INFO] [1772104692.371344768] [map_auto_saver]: Saving map (periodic) -> /home/tkddn647/test/maps/sim_map_20260226_201812.pbstream
[INFO] [1772104692.540037022] [map_auto_saver]: Map saved successfully.
[INFO] [1772104692.540737821] [map_auto_saver]: Exporting ROS map (periodic) -> /home/tkddn647/test/maps/sim_map_20260226_201812.png + .yaml
[INFO] [1772104693.059497063] [map_auto_saver]: ROS map export succeeded.
[INFO] [1772104701.095024916] [map_auto_saver]: Saving map (periodic) -> /home/tkddn647/test/maps/sim_map_20260226_201821.pbstream
[INFO] [1772104701.280331351] [map_auto_saver]: Map saved successfully.
[INFO] [1772104701.281041646] [map_auto_saver]: Exporting ROS map (periodic) -> /home/tkddn647/test/maps/sim_map_20260226_201821.png + .yaml
[INFO] [1772104701.835709275] [map_auto_saver]: ROS map export succeeded.
[INFO] [1772104711.094889342] [map_auto_saver]: Saving map (periodic) -> /home/tkddn647/test/maps/sim_map_20260226_201831.pbstream
[INFO] [1772104711.266333051] [map_auto_saver]: Map saved successfully.
[INFO] [1772104711.266910525] [map_auto_saver]: Exporting ROS map (periodic) -> /home/tkddn647/test/maps/sim_map_20260226_201831.png + .yaml
[INFO] [1772104711.820161873] [map_auto_saver]: ROS map export succeeded.
[INFO] [1772104722.385212422] [map_auto_saver]: Saving map (periodic) -> /home/tkddn647/test/maps/sim_map_20260226_201842.pbstream
[INFO] [1772104722.557704779] [map_auto_saver]: Map saved successfully.
[INFO] [1772104722.558206700] [map_auto_saver]: Exporting ROS map (periodic) -> /home/tkddn647/test/maps/sim_map_20260226_201842.png + .yaml
[INFO] [1772104723.062194089] [map_auto_saver]: ROS map export succeeded.
[INFO] [1772104731.094668858] [map_auto_saver]: Saving map (periodic) -> /home/tkddn647/test/maps/sim_map_20260226_201851.pbstream
[INFO] [1772104731.284540614] [map_auto_saver]: Map saved successfully.
[INFO] [1772104731.285252392] [map_auto_saver]: Exporting ROS map (periodic) -> /home/tkddn647/test/maps/sim_map_20260226_201851.png + .yaml
[INFO] [1772104732.122170672] [map_auto_saver]: ROS map export succeeded.
[INFO] [1772104741.094310911] [map_auto_saver]: Saving map (periodic) -> /home/tkddn647/test/maps/sim_map_20260226_201901.pbstream
[INFO] [1772104741.161701490] [map_auto_saver]: Map saved successfully.
[INFO] [1772104741.162299209] [map_auto_saver]: Exporting ROS map (periodic) -> /home/tkddn647/test/maps/sim_map_20260226_201901.png + .yaml
[INFO] [1772104741.677439182] [map_auto_saver]: ROS map export succeeded.
[INFO] [1772104751.094704832] [map_auto_saver]: Saving map (periodic) -> /home/tkddn647/test/maps/sim_map_20260226_201911.pbstream
[INFO] [1772104751.171371636] [map_auto_saver]: Map saved successfully.
[INFO] [1772104751.172069404] [map_auto_saver]: Exporting ROS map (periodic) -> /home/tkddn647/test/maps/sim_map_20260226_201911.png + .yaml
[INFO] [1772104753.426683909] [map_auto_saver]: ROS map export succeeded.
[INFO] [1772104762.375768570] [map_auto_saver]: Saving map (periodic) -> /home/tkddn647/test/maps/sim_map_20260226_201922.pbstream
[INFO] [1772104762.445183657] [map_auto_saver]: Map saved successfully.
[INFO] [1772104762.445916216] [map_auto_saver]: Exporting ROS map (periodic) -> /home/tkddn647/test/maps/sim_map_20260226_201922.png + .yaml
[INFO] [1772104762.961035046] [map_auto_saver]: ROS map export succeeded.
[INFO] [1772104771.094667162] [map_auto_saver]: Saving map (periodic) -> /home/tkddn647/test/maps/sim_map_20260226_201931.pbstream
[INFO] [1772104771.172138369] [map_auto_saver]: Map saved successfully.
[INFO] [1772104771.172825212] [map_auto_saver]: Exporting ROS map (periodic) -> /home/tkddn647/test/maps/sim_map_20260226_201931.png + .yaml
[INFO] [1772104772.046557091] [map_auto_saver]: ROS map export succeeded.
[INFO] [1772104781.094845999] [map_auto_saver]: Saving map (periodic) -> /home/tkddn647/test/maps/sim_map_20260226_201941.pbstream
[INFO] [1772104781.185225575] [map_auto_saver]: Map saved successfully.
[INFO] [1772104781.186134160] [map_auto_saver]: Exporting ROS map (periodic) -> /home/tkddn647/test/maps/sim_map_20260226_201941.png + .yaml
[INFO] [1772104781.867999897] [map_auto_saver]: ROS map export succeeded.
[INFO] [1772104792.275071827] [map_auto_saver]: Saving map (periodic) -> /home/tkddn647/test/maps/sim_map_20260226_201952.pbstream
[INFO] [1772104792.354934751] [map_auto_saver]: Map saved successfully.
[INFO] [1772104792.355727305] [map_auto_saver]: Exporting ROS map (periodic) -> /home/tkddn647/test/maps/sim_map_20260226_201952.png + .yaml
[INFO] [1772104792.873434868] [map_auto_saver]: ROS map export succeeded.
[INFO] [1772104801.094648152] [map_auto_saver]: Saving map (periodic) -> /home/tkddn647/test/maps/sim_map_20260226_202001.pbstream
[INFO] [1772104801.163620762] [map_auto_saver]: Map saved successfully.
[INFO] [1772104801.164124091] [map_auto_saver]: Exporting ROS map (periodic) -> /home/tkddn647/test/maps/sim_map_20260226_202001.png + .yaml
[INFO] [1772104801.811323059] [map_auto_saver]: ROS map export succeeded.
[INFO] [1772104811.094971307] [map_auto_saver]: Saving map (periodic) -> /home/tkddn647/test/maps/sim_map_20260226_202011.pbstream
[INFO] [1772104811.177381456] [map_auto_saver]: Map saved successfully.
[INFO] [1772104811.178137944] [map_auto_saver]: Exporting ROS map (periodic) -> /home/tkddn647/test/maps/sim_map_20260226_202011.png + .yaml
[INFO] [1772104811.741439032] [map_auto_saver]: ROS map export succeeded.
[INFO] [1772104822.241521613] [map_auto_saver]: Saving map (periodic) -> /home/tkddn647/test/maps/sim_map_20260226_202022.pbstream
[INFO] [1772104822.323213017] [map_auto_saver]: Map saved successfully.
[INFO] [1772104822.323754409] [map_auto_saver]: Exporting ROS map (periodic) -> /home/tkddn647/test/maps/sim_map_20260226_202022.png + .yaml
[INFO] [1772104822.906619724] [map_auto_saver]: ROS map export succeeded.
[INFO] [1772104831.094249618] [map_auto_saver]: Saving map (periodic) -> /home/tkddn647/test/maps/sim_map_20260226_202031.pbstream
[INFO] [1772104831.178481883] [map_auto_saver]: Map saved successfully.
[INFO] [1772104831.179066606] [map_auto_saver]: Exporting ROS map (periodic) -> /home/tkddn647/test/maps/sim_map_20260226_202031.png + .yaml
[INFO] [1772104832.115457231] [map_auto_saver]: ROS map export succeeded.
[INFO] [1772104841.094509813] [map_auto_saver]: Saving map (periodic) -> /home/tkddn647/test/maps/sim_map_20260226_202041.pbstream
[INFO] [1772104841.217607090] [map_auto_saver]: Map saved successfully.
[INFO] [1772104841.218461714] [map_auto_saver]: Exporting ROS map (periodic) -> /home/tkddn647/test/maps/sim_map_20260226_202041.png + .yaml
[INFO] [1772104841.875813028] [map_auto_saver]: ROS map export succeeded.
[INFO] [1772104851.094729751] [map_auto_saver]: Saving map (periodic) -> /home/tkddn647/test/maps/sim_map_20260226_202051.pbstream
[INFO] [1772104851.209124330] [map_auto_saver]: Map saved successfully.
[INFO] [1772104851.209727999] [map_auto_saver]: Exporting ROS map (periodic) -> /home/tkddn647/test/maps/sim_map_20260226_202051.png + .yaml
[INFO] [1772104851.830468555] [map_auto_saver]: ROS map export succeeded.
[INFO] [1772104856.018754304] [map_auto_saver]: KeyboardInterrupt received. Attempting shutdown save...
