[INFO] [1772106553.117762467] [map_auto_saver]: Periodic auto-save enabled: every 20.0s -> /home/tkddn647/test/maps
[INFO] [1772106573.102299057] [map_auto_saver]: Saving map (periodic) -> /home/tkddn647/test/maps/sim_map_20260226_204933.pbstream
[INFO] [1772106573.154619737] [map_auto_saver]: Map saved successfully.
[INFO] [1772106573.155553234] [map_auto_saver]: Exporting ROS map (periodic) -> /home/tkddn647/test/maps/sim_map_20260226_204933.png + .yaml
[INFO] [1772106573.673128361] [map_auto_saver]: ROS map export succeeded.
[INFO] [1772106594.312782413] [map_auto_saver]: Saving map (periodic) -> /home/tkddn647/test/maps/sim_map_20260226_204954.pbstream
[INFO] [1772106594.460448053] [map_auto_saver]: Map saved successfully.
[INFO] [1772106594.461207872] [map_auto_saver]: Exporting ROS map (periodic) -> /home/tkddn647/test/maps/sim_map_20260226_204954.png + .yaml
[INFO] [1772106594.979727749] [map_auto_saver]: ROS map export succeeded.
[INFO] [1772106613.101954745] [map_auto_saver]: Saving map (periodic) -> /home/tkddn647/test/maps/sim_map_20260226_205013.pbstream
[INFO] [1772106613.239193357] [map_auto_saver]: Map saved successfully.
[INFO] [1772106613.239755247] [map_auto_saver]: Exporting ROS map (periodic) -> /home/tkddn647/test/maps/sim_map_20260226_205013.png + .yaml
[INFO] [1772106613.750476793] [map_auto_saver]: ROS map export succeeded.
[INFO] [1772106634.280279412] [map_auto_saver]: Saving map (periodic) -> /home/tkddn647/test/maps/sim_map_20260226_205034.pbstream
[INFO] [1772106634.462560263] [map_auto_saver]: Map saved successfully.
[INFO] [1772106634.463350258] [map_auto_saver]: Exporting ROS map (periodic) -> /home/tkddn647/test/maps/sim_map_20260226_205034.png + .yaml
[INFO] [1772106634.986051387] [map_auto_saver]: ROS map export succeeded.
[INFO] [1772106654.222579414] [map_auto_saver]: Saving map (periodic) -> /home/tkddn647/test/maps/sim_map_20260226_205054.pbstream
[INFO] [1772106654.399763499] [map_auto_saver]: Map saved successfully.
[INFO] [1772106654.400298005] [map_auto_saver]: Exporting ROS map (periodic) -> /home/tkddn647/test/maps/sim_map_20260226_205054.png + .yaml
[INFO] [1772106654.924600881] [map_auto_saver]: ROS map export succeeded.
[INFO] [1772106673.102177400] [map_auto_saver]: Saving map (periodic) -> /home/tkddn647/test/maps/sim_map_20260226_205113.pbstream
[INFO] [1772106673.163222917] [map_auto_saver]: Map saved successfully.
[INFO] [1772106673.163915703] [map_auto_saver]: Exporting ROS map (periodic) -> /home/tkddn647/test/maps/sim_map_20260226_205113.png + .yaml
[INFO] [1772106673.701013493] [map_auto_saver]: ROS map export succeeded.
[INFO] [1772106692.337229671] [map_auto_saver]: KeyboardInterrupt received. Attempting shutdown save...
