[INFO] [1772111807.294039854] [map_auto_saver]: Periodic auto-save enabled: every 20.0s -> /home/tkddn647/test/maps
[INFO] [1772111829.097546465] [map_auto_saver]: Saving map (periodic) -> /home/tkddn647/test/maps/sim_map_20260226_221709.pbstream
[INFO] [1772111829.132800582] [map_auto_saver]: Map saved successfully.
[INFO] [1772111829.133346473] [map_auto_saver]: Exporting ROS map (periodic) -> /home/tkddn647/test/maps/sim_map_20260226_221709.png + .yaml
[INFO] [1772111829.750845028] [map_auto_saver]: ROS map export succeeded.
[INFO] [1772111847.281989548] [map_auto_saver]: Saving map (periodic) -> /home/tkddn647/test/maps/sim_map_20260226_221727.pbstream
[INFO] [1772111847.321668646] [map_auto_saver]: Map saved successfully.
[INFO] [1772111847.322344724] [map_auto_saver]: Exporting ROS map (periodic) -> /home/tkddn647/test/maps/sim_map_20260226_221727.png + .yaml
[INFO] [1772111848.067922268] [map_auto_saver]: ROS map export succeeded.
[INFO] [1772111869.030131260] [map_auto_saver]: Saving map (periodic) -> /home/tkddn647/test/maps/sim_map_20260226_221749.pbstream
[INFO] [1772111869.051763848] [map_auto_saver]: Map saved successfully.
[INFO] [1772111869.052283087] [map_auto_saver]: Exporting ROS map (periodic) -> /home/tkddn647/test/maps/sim_map_20260226_221749.png + .yaml
[INFO] [1772111869.724346828] [map_auto_saver]: ROS map export succeeded.
[INFO] [1772111887.281399417] [map_auto_saver]: Saving map (periodic) -> /home/tkddn647/test/maps/sim_map_20260226_221807.pbstream
[INFO] [1772111887.304976869] [map_auto_saver]: Map saved successfully.
[INFO] [1772111887.305565071] [map_auto_saver]: Exporting ROS map (periodic) -> /home/tkddn647/test/maps/sim_map_20260226_221807.png + .yaml
[INFO] [1772111887.934777732] [map_auto_saver]: ROS map export succeeded.
[INFO] [1772111909.051078840] [map_auto_saver]: Saving map (periodic) -> /home/tkddn647/test/maps/sim_map_20260226_221829.pbstream
[INFO] [1772111909.078739224] [map_auto_saver]: Map saved successfully.
[INFO] [1772111909.079253789] [map_auto_saver]: Exporting ROS map (periodic) -> /home/tkddn647/test/maps/sim_map_20260226_221829.png + .yaml
[INFO] [1772111910.088921794] [map_auto_saver]: ROS map export succeeded.
[INFO] [1772111929.045639696] [map_auto_saver]: Saving map (periodic) -> /home/tkddn647/test/maps/sim_map_20260226_221849.pbstream
[INFO] [1772111929.078515275] [map_auto_saver]: Map saved successfully.
[INFO] [1772111929.079007775] [map_auto_saver]: Exporting ROS map (periodic) -> /home/tkddn647/test/maps/sim_map_20260226_221849.png + .yaml
[INFO] [1772111929.704595206] [map_auto_saver]: ROS map export succeeded.
[INFO] [1772111947.281963586] [map_auto_saver]: Saving map (periodic) -> /home/tkddn647/test/maps/sim_map_20260226_221907.pbstream
[INFO] [1772111947.308461923] [map_auto_saver]: Map saved successfully.
[INFO] [1772111947.309080956] [map_auto_saver]: Exporting ROS map (periodic) -> /home/tkddn647/test/maps/sim_map_20260226_221907.png + .yaml
[INFO] [1772111948.265464325] [map_auto_saver]: ROS map export succeeded.
[INFO] [1772111969.009518704] [map_auto_saver]: Saving map (periodic) -> /home/tkddn647/test/maps/sim_map_20260226_221929.pbstream
[INFO] [1772111969.037825059] [map_auto_saver]: Map saved successfully.
[INFO] [1772111969.038361268] [map_auto_saver]: Exporting ROS map (periodic) -> /home/tkddn647/test/maps/sim_map_20260226_221929.png + .yaml
[INFO] [1772111969.995102343] [map_auto_saver]: ROS map export succeeded.
[INFO] [1772111987.281822197] [map_auto_saver]: Saving map (periodic) -> /home/tkddn647/test/maps/sim_map_20260226_221947.pbstream
[INFO] [1772111987.328828729] [map_auto_saver]: Map saved successfully.
[INFO] [1772111987.329542935] [map_auto_saver]: Exporting ROS map (periodic) -> /home/tkddn647/test/maps/sim_map_20260226_221947.png + .yaml
[INFO] [1772111988.077693598] [map_auto_saver]: ROS map export succeeded.
[INFO] [1772112008.993043152] [map_auto_saver]: Saving map (periodic) -> /home/tkddn647/test/maps/sim_map_20260226_222008.pbstream
[INFO] [1772112009.083102337] [map_auto_saver]: Map saved successfully.
[INFO] [1772112009.084174676] [map_auto_saver]: Exporting ROS map (periodic) -> /home/tkddn647/test/maps/sim_map_20260226_222008.png + .yaml
[INFO] [1772112009.728193781] [map_auto_saver]: ROS map export succeeded.
[INFO] [1772112027.281575248] [map_auto_saver]: Saving map (periodic) -> /home/tkddn647/test/maps/sim_map_20260226_222027.pbstream
[INFO] [1772112027.341870560] [map_auto_saver]: Map saved successfully.
[INFO] [1772112027.342490950] [map_auto_saver]: Exporting ROS map (periodic) -> /home/tkddn647/test/maps/sim_map_20260226_222027.png + .yaml
[INFO] [1772112028.409412469] [map_auto_saver]: ROS map export succeeded.
[INFO] [1772112049.022637283] [map_auto_saver]: Saving map (periodic) -> /home/tkddn647/test/maps/sim_map_20260226_222049.pbstream
[INFO] [1772112049.073818203] [map_auto_saver]: Map saved successfully.
[INFO] [1772112049.074353409] [map_auto_saver]: Exporting ROS map (periodic) -> /home/tkddn647/test/maps/sim_map_20260226_222049.png + .yaml
[INFO] [1772112049.813868979] [map_auto_saver]: ROS map export succeeded.
[INFO] [1772112068.931937513] [map_auto_saver]: Saving map (periodic) -> /home/tkddn647/test/maps/sim_map_20260226_222108.pbstream
[INFO] [1772112068.985823468] [map_auto_saver]: Map saved successfully.
[INFO] [1772112068.986386076] [map_auto_saver]: Exporting ROS map (periodic) -> /home/tkddn647/test/maps/sim_map_20260226_222108.png + .yaml
[INFO] [1772112069.679869117] [map_auto_saver]: ROS map export succeeded.
[INFO] [1772112087.281406844] [map_auto_saver]: Saving map (periodic) -> /home/tkddn647/test/maps/sim_map_20260226_222127.pbstream
[INFO] [1772112087.335610709] [map_auto_saver]: Map saved successfully.
[INFO] [1772112087.336115163] [map_auto_saver]: Exporting ROS map (periodic) -> /home/tkddn647/test/maps/sim_map_20260226_222127.png + .yaml
[INFO] [1772112088.068486817] [map_auto_saver]: ROS map export succeeded.
[INFO] [1772112108.902105837] [map_auto_saver]: Saving map (periodic) -> /home/tkddn647/test/maps/sim_map_20260226_222148.pbstream
[INFO] [1772112108.960532942] [map_auto_saver]: Map saved successfully.
[INFO] [1772112108.961058968] [map_auto_saver]: Exporting ROS map (periodic) -> /home/tkddn647/test/maps/sim_map_20260226_222148.png + .yaml
[INFO] [1772112109.691899312] [map_auto_saver]: ROS map export succeeded.
[INFO] [1772112127.281938766] [map_auto_saver]: Saving map (periodic) -> /home/tkddn647/test/maps/sim_map_20260226_222207.pbstream
[INFO] [1772112127.334035270] [map_auto_saver]: Map saved successfully.
[INFO] [1772112127.334590626] [map_auto_saver]: Exporting ROS map (periodic) -> /home/tkddn647/test/maps/sim_map_20260226_222207.png + .yaml
[INFO] [1772112129.607862343] [map_auto_saver]: ROS map export succeeded.
[INFO] [1772112148.856112223] [map_auto_saver]: Saving map (periodic) -> /home/tkddn647/test/maps/sim_map_20260226_222228.pbstream
[INFO] [1772112148.913276518] [map_auto_saver]: Map saved successfully.
[INFO] [1772112148.913906346] [map_auto_saver]: Exporting ROS map (periodic) -> /home/tkddn647/test/maps/sim_map_20260226_222228.png + .yaml
[INFO] [1772112149.979880950] [map_auto_saver]: ROS map export succeeded.
[INFO] [1772112168.936680976] [map_auto_saver]: Saving map (periodic) -> /home/tkddn647/test/maps/sim_map_20260226_222248.pbstream
[INFO] [1772112168.986012546] [map_auto_saver]: Map saved successfully.
[INFO] [1772112168.986493167] [map_auto_saver]: Exporting ROS map (periodic) -> /home/tkddn647/test/maps/sim_map_20260226_222248.png + .yaml
[ERROR] [1772112171.421536994] [map_auto_saver]: ROS map export failed (code=1). stdout="[ros2run]: Process exited with failure 1" stderr="[INFO] [1772112169.269929991] [map_saver]: 
	map_saver lifecycle node launched. 
	Waiting on external lifecycle transitions to activate
	See https://design.ros2.org/articles/node_lifecycle.html for more information.
[INFO] [1772112169.270150850] [map_saver]: Creating
[INFO] [1772112169.270266458] [map_saver]: Configuring
[INFO] [1772112169.272334470] [map_saver]: Saving map from '/map' topic to '/home/tkddn647/test/maps/sim_map_20260226_222248' file
[WARN] [1772112169.272389386] [map_saver]: Free threshold unspecified. Setting it to default value: 0.250000
[WARN] [1772112169.272405754] [map_saver]: Occupied threshold unspecified. Setting it to default value: 0.650000
[ERROR] [1772112171.274718917] [map_saver]: Failed to spin map subscription
[INFO] [1772112171.276981876] [map_saver]: Destroying"
[INFO] [1772112187.281559092] [map_auto_saver]: Saving map (periodic) -> /home/tkddn647/test/maps/sim_map_20260226_222307.pbstream
[INFO] [1772112187.336114334] [map_auto_saver]: Map saved successfully.
[INFO] [1772112187.337286147] [map_auto_saver]: Exporting ROS map (periodic) -> /home/tkddn647/test/maps/sim_map_20260226_222307.png + .yaml
[INFO] [1772112188.178876535] [map_auto_saver]: ROS map export succeeded.
[INFO] [1772112208.871339709] [map_auto_saver]: Saving map (periodic) -> /home/tkddn647/test/maps/sim_map_20260226_222328.pbstream
[INFO] [1772112208.937675214] [map_auto_saver]: Map saved successfully.
[INFO] [1772112208.938141518] [map_auto_saver]: Exporting ROS map (periodic) -> /home/tkddn647/test/maps/sim_map_20260226_222328.png + .yaml
[INFO] [1772112209.682239598] [map_auto_saver]: ROS map export succeeded.
[INFO] [1772112227.281288724] [map_auto_saver]: Saving map (periodic) -> /home/tkddn647/test/maps/sim_map_20260226_222347.pbstream
[INFO] [1772112227.338522209] [map_auto_saver]: Map saved successfully.
[INFO] [1772112227.339270747] [map_auto_saver]: Exporting ROS map (periodic) -> /home/tkddn647/test/maps/sim_map_20260226_222347.png + .yaml
[INFO] [1772112228.157489565] [map_auto_saver]: ROS map export succeeded.
[INFO] [1772112248.915137138] [map_auto_saver]: Saving map (periodic) -> /home/tkddn647/test/maps/sim_map_20260226_222408.pbstream
[INFO] [1772112248.961562150] [map_auto_saver]: Map saved successfully.
[INFO] [1772112248.962096161] [map_auto_saver]: Exporting ROS map (periodic) -> /home/tkddn647/test/maps/sim_map_20260226_222408.png + .yaml
[INFO] [1772112249.798711982] [map_auto_saver]: ROS map export succeeded.
[INFO] [1772112267.281254104] [map_auto_saver]: Saving map (periodic) -> /home/tkddn647/test/maps/sim_map_20260226_222427.pbstream
[INFO] [1772112267.327625600] [map_auto_saver]: Map saved successfully.
[INFO] [1772112267.328211877] [map_auto_saver]: Exporting ROS map (periodic) -> /home/tkddn647/test/maps/sim_map_20260226_222427.png + .yaml
[INFO] [1772112267.978444636] [map_auto_saver]: ROS map export succeeded.
[INFO] [1772112288.884566322] [map_auto_saver]: Saving map (periodic) -> /home/tkddn647/test/maps/sim_map_20260226_222448.pbstream
[INFO] [1772112288.935116181] [map_auto_saver]: Map saved successfully.
[INFO] [1772112288.935893102] [map_auto_saver]: Exporting ROS map (periodic) -> /home/tkddn647/test/maps/sim_map_20260226_222448.png + .yaml
[INFO] [1772112290.000437466] [map_auto_saver]: ROS map export succeeded.
[INFO] [1772112308.912224237] [map_auto_saver]: Saving map (periodic) -> /home/tkddn647/test/maps/sim_map_20260226_222508.pbstream
[INFO] [1772112308.965285330] [map_auto_saver]: Map saved successfully.
[INFO] [1772112308.965790541] [map_auto_saver]: Exporting ROS map (periodic) -> /home/tkddn647/test/maps/sim_map_20260226_222508.png + .yaml
[INFO] [1772112309.693232701] [map_auto_saver]: ROS map export succeeded.
[INFO] [1772112327.281424948] [map_auto_saver]: Saving map (periodic) -> /home/tkddn647/test/maps/sim_map_20260226_222527.pbstream
[INFO] [1772112327.334749392] [map_auto_saver]: Map saved successfully.
[INFO] [1772112327.335268978] [map_auto_saver]: Exporting ROS map (periodic) -> /home/tkddn647/test/maps/sim_map_20260226_222527.png + .yaml
[INFO] [1772112328.027713164] [map_auto_saver]: ROS map export succeeded.
[INFO] [1772112348.904114032] [map_auto_saver]: Saving map (periodic) -> /home/tkddn647/test/maps/sim_map_20260226_222548.pbstream
[INFO] [1772112348.967585629] [map_auto_saver]: Map saved successfully.
[INFO] [1772112348.968495919] [map_auto_saver]: Exporting ROS map (periodic) -> /home/tkddn647/test/maps/sim_map_20260226_222548.png + .yaml
[INFO] [1772112349.681210168] [map_auto_saver]: ROS map export succeeded.
[INFO] [1772112367.281652597] [map_auto_saver]: Saving map (periodic) -> /home/tkddn647/test/maps/sim_map_20260226_222607.pbstream
[INFO] [1772112367.338031354] [map_auto_saver]: Map saved successfully.
[INFO] [1772112367.338526399] [map_auto_saver]: Exporting ROS map (periodic) -> /home/tkddn647/test/maps/sim_map_20260226_222607.png + .yaml
[INFO] [1772112368.085158899] [map_auto_saver]: ROS map export succeeded.
[INFO] [1772112388.867661615] [map_auto_saver]: Saving map (periodic) -> /home/tkddn647/test/maps/sim_map_20260226_222628.pbstream
[INFO] [1772112388.940497687] [map_auto_saver]: Map saved successfully.
[INFO] [1772112388.941036991] [map_auto_saver]: Exporting ROS map (periodic) -> /home/tkddn647/test/maps/sim_map_20260226_222628.png + .yaml
[INFO] [1772112391.552088105] [map_auto_saver]: ROS map export succeeded.
[INFO] [1772112408.749803077] [map_auto_saver]: Saving map (periodic) -> /home/tkddn647/test/maps/sim_map_20260226_222648.pbstream
[INFO] [1772112408.812756580] [map_auto_saver]: Map saved successfully.
[INFO] [1772112408.813306105] [map_auto_saver]: Exporting ROS map (periodic) -> /home/tkddn647/test/maps/sim_map_20260226_222648.png + .yaml
[INFO] [1772112409.639143751] [map_auto_saver]: ROS map export succeeded.
[INFO] [1772112427.281222769] [map_auto_saver]: Saving map (periodic) -> /home/tkddn647/test/maps/sim_map_20260226_222707.pbstream
[INFO] [1772112427.338332871] [map_auto_saver]: Map saved successfully.
[INFO] [1772112427.339103978] [map_auto_saver]: Exporting ROS map (periodic) -> /home/tkddn647/test/maps/sim_map_20260226_222707.png + .yaml
[INFO] [1772112428.062337989] [map_auto_saver]: ROS map export succeeded.
[INFO] [1772112448.954037719] [map_auto_saver]: Saving map (periodic) -> /home/tkddn647/test/maps/sim_map_20260226_222728.pbstream
[INFO] [1772112449.041730659] [map_auto_saver]: Map saved successfully.
[INFO] [1772112449.042287215] [map_auto_saver]: Exporting ROS map (periodic) -> /home/tkddn647/test/maps/sim_map_20260226_222728.png + .yaml
[INFO] [1772112449.851366028] [map_auto_saver]: ROS map export succeeded.
[INFO] [1772112467.281213259] [map_auto_saver]: Saving map (periodic) -> /home/tkddn647/test/maps/sim_map_20260226_222747.pbstream
[INFO] [1772112467.362580511] [map_auto_saver]: Map saved successfully.
[INFO] [1772112467.363191490] [map_auto_saver]: Exporting ROS map (periodic) -> /home/tkddn647/test/maps/sim_map_20260226_222747.png + .yaml
[INFO] [1772112468.028921794] [map_auto_saver]: ROS map export succeeded.
[INFO] [1772112489.274695586] [map_auto_saver]: Saving map (periodic) -> /home/tkddn647/test/maps/sim_map_20260226_222809.pbstream
[INFO] [1772112489.353241729] [map_auto_saver]: Map saved successfully.
[INFO] [1772112489.353838438] [map_auto_saver]: Exporting ROS map (periodic) -> /home/tkddn647/test/maps/sim_map_20260226_222809.png + .yaml
[INFO] [1772112490.415676321] [map_auto_saver]: ROS map export succeeded.
[INFO] [1772112507.281457799] [map_auto_saver]: Saving map (periodic) -> /home/tkddn647/test/maps/sim_map_20260226_222827.pbstream
[INFO] [1772112507.356388927] [map_auto_saver]: Map saved successfully.
[INFO] [1772112507.357039770] [map_auto_saver]: Exporting ROS map (periodic) -> /home/tkddn647/test/maps/sim_map_20260226_222827.png + .yaml
[INFO] [1772112509.812760985] [map_auto_saver]: ROS map export succeeded.
[INFO] [1772112529.023545899] [map_auto_saver]: Saving map (periodic) -> /home/tkddn647/test/maps/sim_map_20260226_222849.pbstream
[INFO] [1772112529.109217144] [map_auto_saver]: Map saved successfully.
[INFO] [1772112529.109737628] [map_auto_saver]: Exporting ROS map (periodic) -> /home/tkddn647/test/maps/sim_map_20260226_222849.png + .yaml
[INFO] [1772112530.215694164] [map_auto_saver]: ROS map export succeeded.
[INFO] [1772112548.933268443] [map_auto_saver]: Saving map (periodic) -> /home/tkddn647/test/maps/sim_map_20260226_222908.pbstream
[INFO] [1772112549.011574875] [map_auto_saver]: Map saved successfully.
[INFO] [1772112549.012489261] [map_auto_saver]: Exporting ROS map (periodic) -> /home/tkddn647/test/maps/sim_map_20260226_222908.png + .yaml
[INFO] [1772112549.820106071] [map_auto_saver]: ROS map export succeeded.
[INFO] [1772112567.281479533] [map_auto_saver]: Saving map (periodic) -> /home/tkddn647/test/maps/sim_map_20260226_222927.pbstream
[INFO] [1772112567.349089456] [map_auto_saver]: Map saved successfully.
[INFO] [1772112567.349904537] [map_auto_saver]: Exporting ROS map (periodic) -> /home/tkddn647/test/maps/sim_map_20260226_222927.png + .yaml
[INFO] [1772112568.151707976] [map_auto_saver]: ROS map export succeeded.
[INFO] [1772112589.265497108] [map_auto_saver]: Saving map (periodic) -> /home/tkddn647/test/maps/sim_map_20260226_222949.pbstream
[INFO] [1772112589.341554413] [map_auto_saver]: Map saved successfully.
[INFO] [1772112589.342721283] [map_auto_saver]: Exporting ROS map (periodic) -> /home/tkddn647/test/maps/sim_map_20260226_222949.png + .yaml
[INFO] [1772112591.126836854] [map_auto_saver]: ROS map export succeeded.
[INFO] [1772112607.281464479] [map_auto_saver]: Saving map (periodic) -> /home/tkddn647/test/maps/sim_map_20260226_223007.pbstream
[INFO] [1772112607.358144092] [map_auto_saver]: Map saved successfully.
[INFO] [1772112607.358767685] [map_auto_saver]: Exporting ROS map (periodic) -> /home/tkddn647/test/maps/sim_map_20260226_223007.png + .yaml
[INFO] [1772112608.262286310] [map_auto_saver]: ROS map export succeeded.
[INFO] [1772112629.034275867] [map_auto_saver]: Saving map (periodic) -> /home/tkddn647/test/maps/sim_map_20260226_223029.pbstream
[INFO] [1772112629.114688075] [map_auto_saver]: Map saved successfully.
[INFO] [1772112629.115220150] [map_auto_saver]: Exporting ROS map (periodic) -> /home/tkddn647/test/maps/sim_map_20260226_223029.png + .yaml
[INFO] [1772112629.977189513] [map_auto_saver]: ROS map export succeeded.
[INFO] [1772112649.113935181] [map_auto_saver]: Saving map (periodic) -> /home/tkddn647/test/maps/sim_map_20260226_223049.pbstream
[INFO] [1772112649.202024010] [map_auto_saver]: Map saved successfully.
[INFO] [1772112649.202598636] [map_auto_saver]: Exporting ROS map (periodic) -> /home/tkddn647/test/maps/sim_map_20260226_223049.png + .yaml
[INFO] [1772112649.977219197] [map_auto_saver]: ROS map export succeeded.
[INFO] [1772112667.281785548] [map_auto_saver]: Saving map (periodic) -> /home/tkddn647/test/maps/sim_map_20260226_223107.pbstream
[INFO] [1772112667.389865573] [map_auto_saver]: Map saved successfully.
[INFO] [1772112667.390467103] [map_auto_saver]: Exporting ROS map (periodic) -> /home/tkddn647/test/maps/sim_map_20260226_223107.png + .yaml
[INFO] [1772112668.182563346] [map_auto_saver]: ROS map export succeeded.
[INFO] [1772112689.018347129] [map_auto_saver]: Saving map (periodic) -> /home/tkddn647/test/maps/sim_map_20260226_223129.pbstream
[INFO] [1772112689.098889038] [map_auto_saver]: Map saved successfully.
[INFO] [1772112689.099574226] [map_auto_saver]: Exporting ROS map (periodic) -> /home/tkddn647/test/maps/sim_map_20260226_223129.png + .yaml
[INFO] [1772112690.253239419] [map_auto_saver]: ROS map export succeeded.
[INFO] [1772112707.281364306] [map_auto_saver]: Saving map (periodic) -> /home/tkddn647/test/maps/sim_map_20260226_223147.pbstream
[INFO] [1772112707.375282089] [map_auto_saver]: Map saved successfully.
[INFO] [1772112707.375872199] [map_auto_saver]: Exporting ROS map (periodic) -> /home/tkddn647/test/maps/sim_map_20260226_223147.png + .yaml
[INFO] [1772112708.183078183] [map_auto_saver]: ROS map export succeeded.
[INFO] [1772112729.170403302] [map_auto_saver]: Saving map (periodic) -> /home/tkddn647/test/maps/sim_map_20260226_223209.pbstream
[INFO] [1772112729.239571928] [map_auto_saver]: Map saved successfully.
[INFO] [1772112729.240155116] [map_auto_saver]: Exporting ROS map (periodic) -> /home/tkddn647/test/maps/sim_map_20260226_223209.png + .yaml
[INFO] [1772112730.315121545] [map_auto_saver]: ROS map export succeeded.
[INFO] [1772112747.282001923] [map_auto_saver]: Saving map (periodic) -> /home/tkddn647/test/maps/sim_map_20260226_223227.pbstream
[INFO] [1772112747.380317235] [map_auto_saver]: Map saved successfully.
[INFO] [1772112747.381000484] [map_auto_saver]: Exporting ROS map (periodic) -> /home/tkddn647/test/maps/sim_map_20260226_223227.png + .yaml
[INFO] [1772112750.541277875] [map_auto_saver]: ROS map export succeeded.
[INFO] [1772112769.111226206] [map_auto_saver]: Saving map (periodic) -> /home/tkddn647/test/maps/sim_map_20260226_223249.pbstream
[INFO] [1772112769.201845468] [map_auto_saver]: Map saved successfully.
[INFO] [1772112769.202587393] [map_auto_saver]: Exporting ROS map (periodic) -> /home/tkddn647/test/maps/sim_map_20260226_223249.png + .yaml
[INFO] [1772112769.999085500] [map_auto_saver]: ROS map export succeeded.
[INFO] [1772112789.138337995] [map_auto_saver]: Saving map (periodic) -> /home/tkddn647/test/maps/sim_map_20260226_223309.pbstream
[INFO] [1772112789.211555312] [map_auto_saver]: Map saved successfully.
[INFO] [1772112789.212228025] [map_auto_saver]: Exporting ROS map (periodic) -> /home/tkddn647/test/maps/sim_map_20260226_223309.png + .yaml
[INFO] [1772112791.354405683] [map_auto_saver]: ROS map export succeeded.
[INFO] [1772112807.281651714] [map_auto_saver]: Saving map (periodic) -> /home/tkddn647/test/maps/sim_map_20260226_223327.pbstream
[INFO] [1772112807.367318779] [map_auto_saver]: Map saved successfully.
[INFO] [1772112807.368251538] [map_auto_saver]: Exporting ROS map (periodic) -> /home/tkddn647/test/maps/sim_map_20260226_223327.png + .yaml
[INFO] [1772112808.299951290] [map_auto_saver]: ROS map export succeeded.
[INFO] [1772112829.165159275] [map_auto_saver]: Saving map (periodic) -> /home/tkddn647/test/maps/sim_map_20260226_223349.pbstream
[INFO] [1772112829.254283410] [map_auto_saver]: Map saved successfully.
[INFO] [1772112829.254854124] [map_auto_saver]: Exporting ROS map (periodic) -> /home/tkddn647/test/maps/sim_map_20260226_223349.png + .yaml
[INFO] [1772112830.061225074] [map_auto_saver]: ROS map export succeeded.
[INFO] [1772112847.281842208] [map_auto_saver]: Saving map (periodic) -> /home/tkddn647/test/maps/sim_map_20260226_223407.pbstream
[INFO] [1772112847.363673615] [map_auto_saver]: Map saved successfully.
[INFO] [1772112847.364842107] [map_auto_saver]: Exporting ROS map (periodic) -> /home/tkddn647/test/maps/sim_map_20260226_223407.png + .yaml
[INFO] [1772112848.403010012] [map_auto_saver]: ROS map export succeeded.
[INFO] [1772112869.019724555] [map_auto_saver]: Saving map (periodic) -> /home/tkddn647/test/maps/sim_map_20260226_223429.pbstream
[INFO] [1772112869.117224119] [map_auto_saver]: Map saved successfully.
[INFO] [1772112869.118003818] [map_auto_saver]: Exporting ROS map (periodic) -> /home/tkddn647/test/maps/sim_map_20260226_223429.png + .yaml
[INFO] [1772112870.016068436] [map_auto_saver]: ROS map export succeeded.
[INFO] [1772112889.183357586] [map_auto_saver]: Saving map (periodic) -> /home/tkddn647/test/maps/sim_map_20260226_223449.pbstream
[INFO] [1772112889.277052920] [map_auto_saver]: Map saved successfully.
[INFO] [1772112889.277919938] [map_auto_saver]: Exporting ROS map (periodic) -> /home/tkddn647/test/maps/sim_map_20260226_223449.png + .yaml
[INFO] [1772112890.460647905] [map_auto_saver]: ROS map export succeeded.
[INFO] [1772112907.281555439] [map_auto_saver]: Saving map (periodic) -> /home/tkddn647/test/maps/sim_map_20260226_223507.pbstream
[INFO] [1772112907.361699495] [map_auto_saver]: Map saved successfully.
[INFO] [1772112907.362345953] [map_auto_saver]: Exporting ROS map (periodic) -> /home/tkddn647/test/maps/sim_map_20260226_223507.png + .yaml
[INFO] [1772112908.256149354] [map_auto_saver]: ROS map export succeeded.
[INFO] [1772112929.144484895] [map_auto_saver]: Saving map (periodic) -> /home/tkddn647/test/maps/sim_map_20260226_223529.pbstream
[INFO] [1772112929.245392715] [map_auto_saver]: Map saved successfully.
[INFO] [1772112929.246037386] [map_auto_saver]: Exporting ROS map (periodic) -> /home/tkddn647/test/maps/sim_map_20260226_223529.png + .yaml
[INFO] [1772112930.446592809] [map_auto_saver]: ROS map export succeeded.
[INFO] [1772112947.282026057] [map_auto_saver]: Saving map (periodic) -> /home/tkddn647/test/maps/sim_map_20260226_223547.pbstream
[INFO] [1772112947.386055853] [map_auto_saver]: Map saved successfully.
[INFO] [1772112947.386863645] [map_auto_saver]: Exporting ROS map (periodic) -> /home/tkddn647/test/maps/sim_map_20260226_223547.png + .yaml
[INFO] [1772112948.285319749] [map_auto_saver]: ROS map export succeeded.
[INFO] [1772112969.145805172] [map_auto_saver]: Saving map (periodic) -> /home/tkddn647/test/maps/sim_map_20260226_223609.pbstream
[INFO] [1772112969.265580124] [map_auto_saver]: Map saved successfully.
[INFO] [1772112969.266157795] [map_auto_saver]: Exporting ROS map (periodic) -> /home/tkddn647/test/maps/sim_map_20260226_223609.png + .yaml
[INFO] [1772112970.117314571] [map_auto_saver]: ROS map export succeeded.
[INFO] [1772112987.282253925] [map_auto_saver]: Saving map (periodic) -> /home/tkddn647/test/maps/sim_map_20260226_223627.pbstream
[INFO] [1772112987.382098065] [map_auto_saver]: Map saved successfully.
[INFO] [1772112987.382746666] [map_auto_saver]: Exporting ROS map (periodic) -> /home/tkddn647/test/maps/sim_map_20260226_223627.png + .yaml
[INFO] [1772112990.443417122] [map_auto_saver]: ROS map export succeeded.
[INFO] [1772113009.157681857] [map_auto_saver]: Saving map (periodic) -> /home/tkddn647/test/maps/sim_map_20260226_223649.pbstream
[INFO] [1772113009.249458772] [map_auto_saver]: Map saved successfully.
[INFO] [1772113009.249987639] [map_auto_saver]: Exporting ROS map (periodic) -> /home/tkddn647/test/maps/sim_map_20260226_223649.png + .yaml
[INFO] [1772113010.540741128] [map_auto_saver]: ROS map export succeeded.
[INFO] [1772113029.273705395] [map_auto_saver]: Saving map (periodic) -> /home/tkddn647/test/maps/sim_map_20260226_223709.pbstream
[INFO] [1772113029.364817013] [map_auto_saver]: Map saved successfully.
[INFO] [1772113029.365312721] [map_auto_saver]: Exporting ROS map (periodic) -> /home/tkddn647/test/maps/sim_map_20260226_223709.png + .yaml
[INFO] [1772113030.168749950] [map_auto_saver]: ROS map export succeeded.
[INFO] [1772113047.281695963] [map_auto_saver]: Saving map (periodic) -> /home/tkddn647/test/maps/sim_map_20260226_223727.pbstream
[INFO] [1772113047.391812176] [map_auto_saver]: Map saved successfully.
[INFO] [1772113047.392529393] [map_auto_saver]: Exporting ROS map (periodic) -> /home/tkddn647/test/maps/sim_map_20260226_223727.png + .yaml
[INFO] [1772113048.223487439] [map_auto_saver]: ROS map export succeeded.
[INFO] [1772113068.942065621] [map_auto_saver]: Saving map (periodic) -> /home/tkddn647/test/maps/sim_map_20260226_223748.pbstream
[INFO] [1772113069.065153316] [map_auto_saver]: Map saved successfully.
[INFO] [1772113069.065691306] [map_auto_saver]: Exporting ROS map (periodic) -> /home/tkddn647/test/maps/sim_map_20260226_223748.png + .yaml
[INFO] [1772113069.883532254] [map_auto_saver]: ROS map export succeeded.
[INFO] [1772113087.281415951] [map_auto_saver]: Saving map (periodic) -> /home/tkddn647/test/maps/sim_map_20260226_223807.pbstream
[INFO] [1772113087.414679972] [map_auto_saver]: Map saved successfully.
[INFO] [1772113087.415179763] [map_auto_saver]: Exporting ROS map (periodic) -> /home/tkddn647/test/maps/sim_map_20260226_223807.png + .yaml
[INFO] [1772113088.601369556] [map_auto_saver]: ROS map export succeeded.
[INFO] [1772113108.994928762] [map_auto_saver]: Saving map (periodic) -> /home/tkddn647/test/maps/sim_map_20260226_223828.pbstream
[INFO] [1772113109.130273330] [map_auto_saver]: Map saved successfully.
[INFO] [1772113109.130880068] [map_auto_saver]: Exporting ROS map (periodic) -> /home/tkddn647/test/maps/sim_map_20260226_223828.png + .yaml
[INFO] [1772113110.069665179] [map_auto_saver]: ROS map export succeeded.
[INFO] [1772113128.939138515] [map_auto_saver]: Saving map (periodic) -> /home/tkddn647/test/maps/sim_map_20260226_223848.pbstream
[INFO] [1772113129.076355017] [map_auto_saver]: Map saved successfully.
[INFO] [1772113129.077014654] [map_auto_saver]: Exporting ROS map (periodic) -> /home/tkddn647/test/maps/sim_map_20260226_223848.png + .yaml
[INFO] [1772113129.932474243] [map_auto_saver]: ROS map export succeeded.
[INFO] [1772113147.281485906] [map_auto_saver]: Saving map (periodic) -> /home/tkddn647/test/maps/sim_map_20260226_223907.pbstream
[INFO] [1772113147.414329026] [map_auto_saver]: Map saved successfully.
[INFO] [1772113147.414976122] [map_auto_saver]: Exporting ROS map (periodic) -> /home/tkddn647/test/maps/sim_map_20260226_223907.png + .yaml
[INFO] [1772113148.630947347] [map_auto_saver]: ROS map export succeeded.
[INFO] [1772113169.054923612] [map_auto_saver]: Saving map (periodic) -> /home/tkddn647/test/maps/sim_map_20260226_223929.pbstream
[INFO] [1772113169.196168430] [map_auto_saver]: Map saved successfully.
[INFO] [1772113169.196997423] [map_auto_saver]: Exporting ROS map (periodic) -> /home/tkddn647/test/maps/sim_map_20260226_223929.png + .yaml
[INFO] [1772113170.014962647] [map_auto_saver]: ROS map export succeeded.
[INFO] [1772113187.281459756] [map_auto_saver]: Saving map (periodic) -> /home/tkddn647/test/maps/sim_map_20260226_223947.pbstream
[INFO] [1772113187.410322460] [map_auto_saver]: Map saved successfully.
[INFO] [1772113187.410944830] [map_auto_saver]: Exporting ROS map (periodic) -> /home/tkddn647/test/maps/sim_map_20260226_223947.png + .yaml
[INFO] [1772113188.191537470] [map_auto_saver]: ROS map export succeeded.
[INFO] [1772113209.072273533] [map_auto_saver]: Saving map (periodic) -> /home/tkddn647/test/maps/sim_map_20260226_224009.pbstream
[INFO] [1772113209.197593548] [map_auto_saver]: Map saved successfully.
[INFO] [1772113209.198155857] [map_auto_saver]: Exporting ROS map (periodic) -> /home/tkddn647/test/maps/sim_map_20260226_224009.png + .yaml
[INFO] [1772113210.041151940] [map_auto_saver]: ROS map export succeeded.
[INFO] [1772113227.281825275] [map_auto_saver]: Saving map (periodic) -> /home/tkddn647/test/maps/sim_map_20260226_224027.pbstream
[INFO] [1772113227.489466487] [map_auto_saver]: Map saved successfully.
[INFO] [1772113227.490144916] [map_auto_saver]: Exporting ROS map (periodic) -> /home/tkddn647/test/maps/sim_map_20260226_224027.png + .yaml
[INFO] [1772113230.273396803] [map_auto_saver]: ROS map export succeeded.
[INFO] [1772113248.871214236] [map_auto_saver]: Saving map (periodic) -> /home/tkddn647/test/maps/sim_map_20260226_224048.pbstream
[INFO] [1772113249.009047092] [map_auto_saver]: Map saved successfully.
[INFO] [1772113249.009760237] [map_auto_saver]: Exporting ROS map (periodic) -> /home/tkddn647/test/maps/sim_map_20260226_224048.png + .yaml
[INFO] [1772113250.132668636] [map_auto_saver]: ROS map export succeeded.
[INFO] [1772113269.201776115] [map_auto_saver]: Saving map (periodic) -> /home/tkddn647/test/maps/sim_map_20260226_224109.pbstream
[INFO] [1772113269.335073845] [map_auto_saver]: Map saved successfully.
[INFO] [1772113269.335579734] [map_auto_saver]: Exporting ROS map (periodic) -> /home/tkddn647/test/maps/sim_map_20260226_224109.png + .yaml
[INFO] [1772113270.471087156] [map_auto_saver]: ROS map export succeeded.
[INFO] [1772113287.284342982] [map_auto_saver]: Saving map (periodic) -> /home/tkddn647/test/maps/sim_map_20260226_224127.pbstream
[INFO] [1772113287.456142737] [map_auto_saver]: Map saved successfully.
[INFO] [1772113287.456943173] [map_auto_saver]: Exporting ROS map (periodic) -> /home/tkddn647/test/maps/sim_map_20260226_224127.png + .yaml
[INFO] [1772113288.327045145] [map_auto_saver]: ROS map export succeeded.
[INFO] [1772113309.003744932] [map_auto_saver]: Saving map (periodic) -> /home/tkddn647/test/maps/sim_map_20260226_224149.pbstream
[INFO] [1772113309.144302913] [map_auto_saver]: Map saved successfully.
[INFO] [1772113309.144865057] [map_auto_saver]: Exporting ROS map (periodic) -> /home/tkddn647/test/maps/sim_map_20260226_224149.png + .yaml
[INFO] [1772113309.989689359] [map_auto_saver]: ROS map export succeeded.
[INFO] [1772113327.281774086] [map_auto_saver]: Saving map (periodic) -> /home/tkddn647/test/maps/sim_map_20260226_224207.pbstream
[INFO] [1772113327.412804266] [map_auto_saver]: Map saved successfully.
[INFO] [1772113327.413326791] [map_auto_saver]: Exporting ROS map (periodic) -> /home/tkddn647/test/maps/sim_map_20260226_224207.png + .yaml
[INFO] [1772113328.419730552] [map_auto_saver]: ROS map export succeeded.
[INFO] [1772113349.014823387] [map_auto_saver]: Saving map (periodic) -> /home/tkddn647/test/maps/sim_map_20260226_224229.pbstream
[INFO] [1772113349.139934139] [map_auto_saver]: Map saved successfully.
[INFO] [1772113349.140530219] [map_auto_saver]: Exporting ROS map (periodic) -> /home/tkddn647/test/maps/sim_map_20260226_224229.png + .yaml
[INFO] [1772113350.005209646] [map_auto_saver]: ROS map export succeeded.
[INFO] [1772113369.057700915] [map_auto_saver]: Saving map (periodic) -> /home/tkddn647/test/maps/sim_map_20260226_224249.pbstream
[INFO] [1772113369.196185416] [map_auto_saver]: Map saved successfully.
[INFO] [1772113369.196964955] [map_auto_saver]: Exporting ROS map (periodic) -> /home/tkddn647/test/maps/sim_map_20260226_224249.png + .yaml
[INFO] [1772113370.403725149] [map_auto_saver]: ROS map export succeeded.
[INFO] [1772113387.281189576] [map_auto_saver]: Saving map (periodic) -> /home/tkddn647/test/maps/sim_map_20260226_224307.pbstream
[INFO] [1772113387.416100016] [map_auto_saver]: Map saved successfully.
[INFO] [1772113387.416621394] [map_auto_saver]: Exporting ROS map (periodic) -> /home/tkddn647/test/maps/sim_map_20260226_224307.png + .yaml
[INFO] [1772113388.306772769] [map_auto_saver]: ROS map export succeeded.
[INFO] [1772113409.076045163] [map_auto_saver]: Saving map (periodic) -> /home/tkddn647/test/maps/sim_map_20260226_224329.pbstream
[INFO] [1772113409.211347151] [map_auto_saver]: Map saved successfully.
[INFO] [1772113409.211846924] [map_auto_saver]: Exporting ROS map (periodic) -> /home/tkddn647/test/maps/sim_map_20260226_224329.png + .yaml
[INFO] [1772113410.374930764] [map_auto_saver]: ROS map export succeeded.
[INFO] [1772113427.281519975] [map_auto_saver]: Saving map (periodic) -> /home/tkddn647/test/maps/sim_map_20260226_224347.pbstream
[INFO] [1772113427.411780535] [map_auto_saver]: Map saved successfully.
[INFO] [1772113427.412616391] [map_auto_saver]: Exporting ROS map (periodic) -> /home/tkddn647/test/maps/sim_map_20260226_224347.png + .yaml
[INFO] [1772113428.240332536] [map_auto_saver]: ROS map export succeeded.
[INFO] [1772113449.115554612] [map_auto_saver]: Saving map (periodic) -> /home/tkddn647/test/maps/sim_map_20260226_224409.pbstream
[INFO] [1772113449.296873233] [map_auto_saver]: Map saved successfully.
[INFO] [1772113449.297618375] [map_auto_saver]: Exporting ROS map (periodic) -> /home/tkddn647/test/maps/sim_map_20260226_224409.png + .yaml
[INFO] [1772113450.093764699] [map_auto_saver]: ROS map export succeeded.
[INFO] [1772113467.282299863] [map_auto_saver]: Saving map (periodic) -> /home/tkddn647/test/maps/sim_map_20260226_224427.pbstream
[INFO] [1772113467.445889940] [map_auto_saver]: Map saved successfully.
[INFO] [1772113467.446792787] [map_auto_saver]: Exporting ROS map (periodic) -> /home/tkddn647/test/maps/sim_map_20260226_224427.png + .yaml
[INFO] [1772113470.181623274] [map_auto_saver]: ROS map export succeeded.
[INFO] [1772113489.104269582] [map_auto_saver]: Saving map (periodic) -> /home/tkddn647/test/maps/sim_map_20260226_224449.pbstream
[INFO] [1772113489.264702949] [map_auto_saver]: Map saved successfully.
[INFO] [1772113489.265415311] [map_auto_saver]: Exporting ROS map (periodic) -> /home/tkddn647/test/maps/sim_map_20260226_224449.png + .yaml
[INFO] [1772113490.227118455] [map_auto_saver]: ROS map export succeeded.
[INFO] [1772113509.251215675] [map_auto_saver]: Saving map (periodic) -> /home/tkddn647/test/maps/sim_map_20260226_224509.pbstream
[INFO] [1772113509.525536553] [map_auto_saver]: Map saved successfully.
[INFO] [1772113509.526406464] [map_auto_saver]: Exporting ROS map (periodic) -> /home/tkddn647/test/maps/sim_map_20260226_224509.png + .yaml
[INFO] [1772113510.496709998] [map_auto_saver]: ROS map export succeeded.
[INFO] [1772113527.282199396] [map_auto_saver]: Saving map (periodic) -> /home/tkddn647/test/maps/sim_map_20260226_224527.pbstream
[INFO] [1772113527.426415830] [map_auto_saver]: Map saved successfully.
[INFO] [1772113527.427006444] [map_auto_saver]: Exporting ROS map (periodic) -> /home/tkddn647/test/maps/sim_map_20260226_224527.png + .yaml
[INFO] [1772113528.214519370] [map_auto_saver]: ROS map export succeeded.
[INFO] [1772113549.195425966] [map_auto_saver]: Saving map (periodic) -> /home/tkddn647/test/maps/sim_map_20260226_224549.pbstream
[INFO] [1772113549.381644292] [map_auto_saver]: Map saved successfully.
[INFO] [1772113549.382546525] [map_auto_saver]: Exporting ROS map (periodic) -> /home/tkddn647/test/maps/sim_map_20260226_224549.png + .yaml
[INFO] [1772113550.852427208] [map_auto_saver]: ROS map export succeeded.
[INFO] [1772113567.282177305] [map_auto_saver]: Saving map (periodic) -> /home/tkddn647/test/maps/sim_map_20260226_224607.pbstream
[INFO] [1772113567.459551114] [map_auto_saver]: Map saved successfully.
[INFO] [1772113567.460381347] [map_auto_saver]: Exporting ROS map (periodic) -> /home/tkddn647/test/maps/sim_map_20260226_224607.png + .yaml
[INFO] [1772113568.319676345] [map_auto_saver]: ROS map export succeeded.
[INFO] [1772113589.206856458] [map_auto_saver]: Saving map (periodic) -> /home/tkddn647/test/maps/sim_map_20260226_224629.pbstream
[INFO] [1772113589.361118764] [map_auto_saver]: Map saved successfully.
[INFO] [1772113589.361671080] [map_auto_saver]: Exporting ROS map (periodic) -> /home/tkddn647/test/maps/sim_map_20260226_224629.png + .yaml
[INFO] [1772113590.238461621] [map_auto_saver]: ROS map export succeeded.
[INFO] [1772113609.216941137] [map_auto_saver]: Saving map (periodic) -> /home/tkddn647/test/maps/sim_map_20260226_224649.pbstream
[INFO] [1772113609.377491618] [map_auto_saver]: Map saved successfully.
[INFO] [1772113609.378024177] [map_auto_saver]: Exporting ROS map (periodic) -> /home/tkddn647/test/maps/sim_map_20260226_224649.png + .yaml
[INFO] [1772113611.916510886] [map_auto_saver]: ROS map export succeeded.
[INFO] [1772113627.282098866] [map_auto_saver]: Saving map (periodic) -> /home/tkddn647/test/maps/sim_map_20260226_224707.pbstream
[INFO] [1772113627.461916061] [map_auto_saver]: Map saved successfully.
[INFO] [1772113627.462461610] [map_auto_saver]: Exporting ROS map (periodic) -> /home/tkddn647/test/maps/sim_map_20260226_224707.png + .yaml
[INFO] [1772113628.769875423] [map_auto_saver]: ROS map export succeeded.
[INFO] [1772113649.217205559] [map_auto_saver]: Saving map (periodic) -> /home/tkddn647/test/maps/sim_map_20260226_224729.pbstream
[INFO] [1772113649.659077069] [map_auto_saver]: Map saved successfully.
[INFO] [1772113649.659767514] [map_auto_saver]: Exporting ROS map (periodic) -> /home/tkddn647/test/maps/sim_map_20260226_224729.png + .yaml
[INFO] [1772113651.054064971] [map_auto_saver]: ROS map export succeeded.
[INFO] [1772113667.281283908] [map_auto_saver]: Saving map (periodic) -> /home/tkddn647/test/maps/sim_map_20260226_224747.pbstream
[INFO] [1772113667.663206624] [map_auto_saver]: Map saved successfully.
[INFO] [1772113667.664170199] [map_auto_saver]: Exporting ROS map (periodic) -> /home/tkddn647/test/maps/sim_map_20260226_224747.png + .yaml
[INFO] [1772113669.205715655] [map_auto_saver]: ROS map export succeeded.
[INFO] [1772113689.214640612] [map_auto_saver]: Saving map (periodic) -> /home/tkddn647/test/maps/sim_map_20260226_224809.pbstream
[INFO] [1772113689.639787049] [map_auto_saver]: Map saved successfully.
[INFO] [1772113689.640954673] [map_auto_saver]: Exporting ROS map (periodic) -> /home/tkddn647/test/maps/sim_map_20260226_224809.png + .yaml
[INFO] [1772113691.194089713] [map_auto_saver]: ROS map export succeeded.
[INFO] [1772113707.282166863] [map_auto_saver]: Saving map (periodic) -> /home/tkddn647/test/maps/sim_map_20260226_224827.pbstream
[INFO] [1772113707.687850145] [map_auto_saver]: Map saved successfully.
[INFO] [1772113707.688448595] [map_auto_saver]: Exporting ROS map (periodic) -> /home/tkddn647/test/maps/sim_map_20260226_224827.png + .yaml
[INFO] [1772113711.229916846] [map_auto_saver]: ROS map export succeeded.
[INFO] [1772113729.093001857] [map_auto_saver]: Saving map (periodic) -> /home/tkddn647/test/maps/sim_map_20260226_224849.pbstream
[INFO] [1772113729.481492470] [map_auto_saver]: Map saved successfully.
[INFO] [1772113729.482149689] [map_auto_saver]: Exporting ROS map (periodic) -> /home/tkddn647/test/maps/sim_map_20260226_224849.png + .yaml
[INFO] [1772113731.048147037] [map_auto_saver]: ROS map export succeeded.
[INFO] [1772113749.134300998] [map_auto_saver]: Saving map (periodic) -> /home/tkddn647/test/maps/sim_map_20260226_224909.pbstream
[INFO] [1772113749.406259950] [map_auto_saver]: Map saved successfully.
[INFO] [1772113749.406973881] [map_auto_saver]: Exporting ROS map (periodic) -> /home/tkddn647/test/maps/sim_map_20260226_224909.png + .yaml
[INFO] [1772113750.965966957] [map_auto_saver]: ROS map export succeeded.
[INFO] [1772113767.283664872] [map_auto_saver]: Saving map (periodic) -> /home/tkddn647/test/maps/sim_map_20260226_224927.pbstream
[INFO] [1772113767.566459290] [map_auto_saver]: Map saved successfully.
[INFO] [1772113767.567082306] [map_auto_saver]: Exporting ROS map (periodic) -> /home/tkddn647/test/maps/sim_map_20260226_224927.png + .yaml
[INFO] [1772113770.269187497] [map_auto_saver]: ROS map export succeeded.
[INFO] [1772113789.086994440] [map_auto_saver]: Saving map (periodic) -> /home/tkddn647/test/maps/sim_map_20260226_224949.pbstream
[INFO] [1772113789.332622649] [map_auto_saver]: Map saved successfully.
[INFO] [1772113789.333371891] [map_auto_saver]: Exporting ROS map (periodic) -> /home/tkddn647/test/maps/sim_map_20260226_224949.png + .yaml
[INFO] [1772113790.778333081] [map_auto_saver]: ROS map export succeeded.
[INFO] [1772113807.283054058] [map_auto_saver]: Saving map (periodic) -> /home/tkddn647/test/maps/sim_map_20260226_225007.pbstream
[INFO] [1772113807.535623489] [map_auto_saver]: Map saved successfully.
[INFO] [1772113807.536383609] [map_auto_saver]: Exporting ROS map (periodic) -> /home/tkddn647/test/maps/sim_map_20260226_225007.png + .yaml
[INFO] [1772113808.900116574] [map_auto_saver]: ROS map export succeeded.
[INFO] [1772113829.109659173] [map_auto_saver]: Saving map (periodic) -> /home/tkddn647/test/maps/sim_map_20260226_225029.pbstream
[INFO] [1772113829.398596617] [map_auto_saver]: Map saved successfully.
[INFO] [1772113829.399906937] [map_auto_saver]: Exporting ROS map (periodic) -> /home/tkddn647/test/maps/sim_map_20260226_225029.png + .yaml
[INFO] [1772113830.813916998] [map_auto_saver]: ROS map export succeeded.
[INFO] [1772113849.190647018] [map_auto_saver]: Saving map (periodic) -> /home/tkddn647/test/maps/sim_map_20260226_225049.pbstream
[INFO] [1772113849.481167280] [map_auto_saver]: Map saved successfully.
[INFO] [1772113849.481693206] [map_auto_saver]: Exporting ROS map (periodic) -> /home/tkddn647/test/maps/sim_map_20260226_225049.png + .yaml
[INFO] [1772113851.146920503] [map_auto_saver]: ROS map export succeeded.
[INFO] [1772113867.281764314] [map_auto_saver]: Saving map (periodic) -> /home/tkddn647/test/maps/sim_map_20260226_225107.pbstream
[INFO] [1772113867.542044355] [map_auto_saver]: Map saved successfully.
[INFO] [1772113867.542697934] [map_auto_saver]: Exporting ROS map (periodic) -> /home/tkddn647/test/maps/sim_map_20260226_225107.png + .yaml
[INFO] [1772113868.904905348] [map_auto_saver]: ROS map export succeeded.
[INFO] [1772113889.092611093] [map_auto_saver]: Saving map (periodic) -> /home/tkddn647/test/maps/sim_map_20260226_225129.pbstream
[INFO] [1772113889.376393323] [map_auto_saver]: Map saved successfully.
[INFO] [1772113889.377092042] [map_auto_saver]: Exporting ROS map (periodic) -> /home/tkddn647/test/maps/sim_map_20260226_225129.png + .yaml
[INFO] [1772113890.717261884] [map_auto_saver]: ROS map export succeeded.
[INFO] [1772113907.281597925] [map_auto_saver]: Saving map (periodic) -> /home/tkddn647/test/maps/sim_map_20260226_225147.pbstream
[INFO] [1772113907.572798036] [map_auto_saver]: Map saved successfully.
[INFO] [1772113907.573309743] [map_auto_saver]: Exporting ROS map (periodic) -> /home/tkddn647/test/maps/sim_map_20260226_225147.png + .yaml
[INFO] [1772113909.307841925] [map_auto_saver]: ROS map export succeeded.
[INFO] [1772113929.170866084] [map_auto_saver]: Saving map (periodic) -> /home/tkddn647/test/maps/sim_map_20260226_225209.pbstream
[INFO] [1772113929.432922203] [map_auto_saver]: Map saved successfully.
[INFO] [1772113929.433633256] [map_auto_saver]: Exporting ROS map (periodic) -> /home/tkddn647/test/maps/sim_map_20260226_225209.png + .yaml
[INFO] [1772113931.066080191] [map_auto_saver]: ROS map export succeeded.
[INFO] [1772113947.282968921] [map_auto_saver]: Saving map (periodic) -> /home/tkddn647/test/maps/sim_map_20260226_225227.pbstream
[INFO] [1772113947.615191526] [map_auto_saver]: Map saved successfully.
[INFO] [1772113947.615768419] [map_auto_saver]: Exporting ROS map (periodic) -> /home/tkddn647/test/maps/sim_map_20260226_225227.png + .yaml
[INFO] [1772113948.935260324] [map_auto_saver]: ROS map export succeeded.
[INFO] [1772113969.068069665] [map_auto_saver]: Saving map (periodic) -> /home/tkddn647/test/maps/sim_map_20260226_225249.pbstream
[INFO] [1772113969.376811372] [map_auto_saver]: Map saved successfully.
[INFO] [1772113969.377832429] [map_auto_saver]: Exporting ROS map (periodic) -> /home/tkddn647/test/maps/sim_map_20260226_225249.png + .yaml
[INFO] [1772113971.121579894] [map_auto_saver]: ROS map export succeeded.
[INFO] [1772113989.162722969] [map_auto_saver]: Saving map (periodic) -> /home/tkddn647/test/maps/sim_map_20260226_225309.pbstream
[INFO] [1772113989.429645810] [map_auto_saver]: Map saved successfully.
[INFO] [1772113989.430356691] [map_auto_saver]: Exporting ROS map (periodic) -> /home/tkddn647/test/maps/sim_map_20260226_225309.png + .yaml
[INFO] [1772113990.846021516] [map_auto_saver]: ROS map export succeeded.
[INFO] [1772114007.281549475] [map_auto_saver]: Saving map (periodic) -> /home/tkddn647/test/maps/sim_map_20260226_225327.pbstream
[INFO] [1772114007.554943288] [map_auto_saver]: Map saved successfully.
[INFO] [1772114007.555547156] [map_auto_saver]: Exporting ROS map (periodic) -> /home/tkddn647/test/maps/sim_map_20260226_225327.png + .yaml
[INFO] [1772114008.857168352] [map_auto_saver]: ROS map export succeeded.
[INFO] [1772114029.176694288] [map_auto_saver]: Saving map (periodic) -> /home/tkddn647/test/maps/sim_map_20260226_225349.pbstream
[INFO] [1772114029.453625916] [map_auto_saver]: Map saved successfully.
[INFO] [1772114029.454169659] [map_auto_saver]: Exporting ROS map (periodic) -> /home/tkddn647/test/maps/sim_map_20260226_225349.png + .yaml
[INFO] [1772114030.845254330] [map_auto_saver]: ROS map export succeeded.
[INFO] [1772114046.162584802] [map_auto_saver]: KeyboardInterrupt received. Attempting shutdown save...
