[INFO] [1772105423.387222324] [map_auto_saver]: Periodic auto-save enabled: every 20.0s -> /home/tkddn647/test/maps
[INFO] [1772105444.379412801] [map_auto_saver]: Saving map (periodic) -> /home/tkddn647/test/maps/sim_map_20260226_203044.pbstream
[INFO] [1772105444.426020429] [map_auto_saver]: Map saved successfully.
[INFO] [1772105444.426832970] [map_auto_saver]: Exporting ROS map (periodic) -> /home/tkddn647/test/maps/sim_map_20260226_203044.png + .yaml
[INFO] [1772105445.042546687] [map_auto_saver]: ROS map export succeeded.
[INFO] [1772105463.370991449] [map_auto_saver]: Saving map (periodic) -> /home/tkddn647/test/maps/sim_map_20260226_203103.pbstream
[INFO] [1772105463.417842995] [map_auto_saver]: Map saved successfully.
[INFO] [1772105463.418501951] [map_auto_saver]: Exporting ROS map (periodic) -> /home/tkddn647/test/maps/sim_map_20260226_203103.png + .yaml
[INFO] [1772105463.986135435] [map_auto_saver]: ROS map export succeeded.
[INFO] [1772105484.391194687] [map_auto_saver]: Saving map (periodic) -> /home/tkddn647/test/maps/sim_map_20260226_203124.pbstream
[INFO] [1772105484.441087085] [map_auto_saver]: Map saved successfully.
[INFO] [1772105484.441830834] [map_auto_saver]: Exporting ROS map (periodic) -> /home/tkddn647/test/maps/sim_map_20260226_203124.png + .yaml
[INFO] [1772105485.034910285] [map_auto_saver]: ROS map export succeeded.
[INFO] [1772105503.370420413] [map_auto_saver]: Saving map (periodic) -> /home/tkddn647/test/maps/sim_map_20260226_203143.pbstream
[INFO] [1772105503.404550478] [map_auto_saver]: Map saved successfully.
[INFO] [1772105503.405484541] [map_auto_saver]: Exporting ROS map (periodic) -> /home/tkddn647/test/maps/sim_map_20260226_203143.png + .yaml
[INFO] [1772105503.962135539] [map_auto_saver]: ROS map export succeeded.
[INFO] [1772105524.311493434] [map_auto_saver]: Saving map (periodic) -> /home/tkddn647/test/maps/sim_map_20260226_203204.pbstream
[INFO] [1772105524.364102453] [map_auto_saver]: Map saved successfully.
[INFO] [1772105524.364762172] [map_auto_saver]: Exporting ROS map (periodic) -> /home/tkddn647/test/maps/sim_map_20260226_203204.png + .yaml
[INFO] [1772105524.925804744] [map_auto_saver]: ROS map export succeeded.
[INFO] [1772105544.400502881] [map_auto_saver]: Saving map (periodic) -> /home/tkddn647/test/maps/sim_map_20260226_203224.pbstream
[INFO] [1772105544.646502313] [map_auto_saver]: Map saved successfully.
[INFO] [1772105544.647598015] [map_auto_saver]: Exporting ROS map (periodic) -> /home/tkddn647/test/maps/sim_map_20260226_203224.png + .yaml
[ERROR] [1772105547.323466721] [map_auto_saver]: ROS map export failed (code=1). stdout="[ros2run]: Process exited with failure 1" stderr="[INFO] [1772105545.174855973] [map_saver]: 
	map_saver lifecycle node launched. 
	Waiting on external lifecycle transitions to activate
	See https://design.ros2.org/articles/node_lifecycle.html for more information.
[INFO] [1772105545.175167247] [map_saver]: Creating
[INFO] [1772105545.175650399] [map_saver]: Configuring
[INFO] [1772105545.178527220] [map_saver]: Saving map from '/map' topic to '/home/tkddn647/test/maps/sim_map_20260226_203224' file
[WARN] [1772105545.178622782] [map_saver]: Free threshold unspecified. Setting it to default value: 0.250000
[WARN] [1772105545.178650615] [map_saver]: Occupied threshold unspecified. Setting it to default value: 0.650000
[ERROR] [1772105547.181920447] [map_saver]: Failed to spin map subscription
[INFO] [1772105547.183562145] [map_saver]: Destroying"
[INFO] [1772105563.370071677] [map_auto_saver]: Saving map (periodic) -> /home/tkddn647/test/maps/sim_map_20260226_203243.pbstream
[INFO] [1772105563.500428822] [map_auto_saver]: Map saved successfully.
[INFO] [1772105563.500902092] [map_auto_saver]: Exporting ROS map (periodic) -> /home/tkddn647/test/maps/sim_map_20260226_203243.png + .yaml
[INFO] [1772105563.984960630] [map_auto_saver]: ROS map export succeeded.
[INFO] [1772105584.382871046] [map_auto_saver]: Saving map (periodic) -> /home/tkddn647/test/maps/sim_map_20260226_203304.pbstream
[INFO] [1772105584.580917677] [map_auto_saver]: Map saved successfully.
[INFO] [1772105584.581820160] [map_auto_saver]: Exporting ROS map (periodic) -> /home/tkddn647/test/maps/sim_map_20260226_203304.png + .yaml
[ERROR] [1772105587.108316387] [map_auto_saver]: ROS map export failed (code=1). stdout="[ros2run]: Process exited with failure 1" stderr="[INFO] [1772105584.961723294] [map_saver]: 
	map_saver lifecycle node launched. 
	Waiting on external lifecycle transitions to activate
	See https://design.ros2.org/articles/node_lifecycle.html for more information.
[INFO] [1772105584.961970976] [map_saver]: Creating
[INFO] [1772105584.962084403] [map_saver]: Configuring
[INFO] [1772105584.963885821] [map_saver]: Saving map from '/map' topic to '/home/tkddn647/test/maps/sim_map_20260226_203304' file
[WARN] [1772105584.963961586] [map_saver]: Free threshold unspecified. Setting it to default value: 0.250000
[WARN] [1772105584.963982035] [map_saver]: Occupied threshold unspecified. Setting it to default value: 0.650000
[ERROR] [1772105586.965995548] [map_saver]: Failed to spin map subscription
[INFO] [1772105586.967618235] [map_saver]: Destroying"
[INFO] [1772105603.370164043] [map_auto_saver]: Saving map (periodic) -> /home/tkddn647/test/maps/sim_map_20260226_203323.pbstream
[INFO] [1772105603.564177623] [map_auto_saver]: Map saved successfully.
[INFO] [1772105603.564935628] [map_auto_saver]: Exporting ROS map (periodic) -> /home/tkddn647/test/maps/sim_map_20260226_203323.png + .yaml
[INFO] [1772105604.108757416] [map_auto_saver]: ROS map export succeeded.
[INFO] [1772105624.440183359] [map_auto_saver]: Saving map (periodic) -> /home/tkddn647/test/maps/sim_map_20260226_203344.pbstream
[INFO] [1772105624.605307576] [map_auto_saver]: Map saved successfully.
[INFO] [1772105624.606059021] [map_auto_saver]: Exporting ROS map (periodic) -> /home/tkddn647/test/maps/sim_map_20260226_203344.png + .yaml
[INFO] [1772105625.143095581] [map_auto_saver]: ROS map export succeeded.
[INFO] [1772105644.429869591] [map_auto_saver]: Saving map (periodic) -> /home/tkddn647/test/maps/sim_map_20260226_203404.pbstream
[INFO] [1772105644.642117755] [map_auto_saver]: Map saved successfully.
[INFO] [1772105644.643222333] [map_auto_saver]: Exporting ROS map (periodic) -> /home/tkddn647/test/maps/sim_map_20260226_203404.png + .yaml
[INFO] [1772105645.150088277] [map_auto_saver]: ROS map export succeeded.
[INFO] [1772105663.370111379] [map_auto_saver]: Saving map (periodic) -> /home/tkddn647/test/maps/sim_map_20260226_203423.pbstream
[INFO] [1772105663.558621069] [map_auto_saver]: Map saved successfully.
[INFO] [1772105663.559454449] [map_auto_saver]: Exporting ROS map (periodic) -> /home/tkddn647/test/maps/sim_map_20260226_203423.png + .yaml
[INFO] [1772105664.063594105] [map_auto_saver]: ROS map export succeeded.
[INFO] [1772105684.302151932] [map_auto_saver]: Saving map (periodic) -> /home/tkddn647/test/maps/sim_map_20260226_203444.pbstream
[INFO] [1772105684.516617991] [map_auto_saver]: Map saved successfully.
[INFO] [1772105684.517425092] [map_auto_saver]: Exporting ROS map (periodic) -> /home/tkddn647/test/maps/sim_map_20260226_203444.png + .yaml
[INFO] [1772105685.059893780] [map_auto_saver]: ROS map export succeeded.
[INFO] [1772105703.370372062] [map_auto_saver]: Saving map (periodic) -> /home/tkddn647/test/maps/sim_map_20260226_203503.pbstream
[INFO] [1772105703.528459856] [map_auto_saver]: Map saved successfully.
[INFO] [1772105703.529190652] [map_auto_saver]: Exporting ROS map (periodic) -> /home/tkddn647/test/maps/sim_map_20260226_203503.png + .yaml
[INFO] [1772105704.043242258] [map_auto_saver]: ROS map export succeeded.
[INFO] [1772105724.537549917] [map_auto_saver]: Saving map (periodic) -> /home/tkddn647/test/maps/sim_map_20260226_203524.pbstream
[INFO] [1772105724.735377411] [map_auto_saver]: Map saved successfully.
[INFO] [1772105724.735946497] [map_auto_saver]: Exporting ROS map (periodic) -> /home/tkddn647/test/maps/sim_map_20260226_203524.png + .yaml
[INFO] [1772105725.284053912] [map_auto_saver]: ROS map export succeeded.
[INFO] [1772105744.358734886] [map_auto_saver]: Saving map (periodic) -> /home/tkddn647/test/maps/sim_map_20260226_203544.pbstream
[INFO] [1772105744.539302868] [map_auto_saver]: Map saved successfully.
[INFO] [1772105744.539919556] [map_auto_saver]: Exporting ROS map (periodic) -> /home/tkddn647/test/maps/sim_map_20260226_203544.png + .yaml
[INFO] [1772105745.050748009] [map_auto_saver]: ROS map export succeeded.
[INFO] [1772105763.370321580] [map_auto_saver]: Saving map (periodic) -> /home/tkddn647/test/maps/sim_map_20260226_203603.pbstream
[INFO] [1772105763.545693028] [map_auto_saver]: Map saved successfully.
[INFO] [1772105763.546283937] [map_auto_saver]: Exporting ROS map (periodic) -> /home/tkddn647/test/maps/sim_map_20260226_203603.png + .yaml
[INFO] [1772105764.109084805] [map_auto_saver]: ROS map export succeeded.
[INFO] [1772105784.463681464] [map_auto_saver]: Saving map (periodic) -> /home/tkddn647/test/maps/sim_map_20260226_203624.pbstream
[INFO] [1772105784.539783799] [map_auto_saver]: Map saved successfully.
[INFO] [1772105784.540513933] [map_auto_saver]: Exporting ROS map (periodic) -> /home/tkddn647/test/maps/sim_map_20260226_203624.png + .yaml
[INFO] [1772105785.120267244] [map_auto_saver]: ROS map export succeeded.
[INFO] [1772105803.370604230] [map_auto_saver]: Saving map (periodic) -> /home/tkddn647/test/maps/sim_map_20260226_203643.pbstream
[INFO] [1772105803.440865567] [map_auto_saver]: Map saved successfully.
[INFO] [1772105803.441388739] [map_auto_saver]: Exporting ROS map (periodic) -> /home/tkddn647/test/maps/sim_map_20260226_203643.png + .yaml
[INFO] [1772105804.625860685] [map_auto_saver]: ROS map export succeeded.
[INFO] [1772105824.448034212] [map_auto_saver]: Saving map (periodic) -> /home/tkddn647/test/maps/sim_map_20260226_203704.pbstream
[INFO] [1772105824.527172447] [map_auto_saver]: Map saved successfully.
[INFO] [1772105824.528012640] [map_auto_saver]: Exporting ROS map (periodic) -> /home/tkddn647/test/maps/sim_map_20260226_203704.png + .yaml
[INFO] [1772105825.454766330] [map_auto_saver]: ROS map export succeeded.
[INFO] [1772105844.322889569] [map_auto_saver]: Saving map (periodic) -> /home/tkddn647/test/maps/sim_map_20260226_203724.pbstream
[INFO] [1772105844.419452649] [map_auto_saver]: Map saved successfully.
[INFO] [1772105844.420025850] [map_auto_saver]: Exporting ROS map (periodic) -> /home/tkddn647/test/maps/sim_map_20260226_203724.png + .yaml
[INFO] [1772105845.282790727] [map_auto_saver]: ROS map export succeeded.
[INFO] [1772105863.370559945] [map_auto_saver]: Saving map (periodic) -> /home/tkddn647/test/maps/sim_map_20260226_203743.pbstream
[INFO] [1772105863.462175383] [map_auto_saver]: Map saved successfully.
[INFO] [1772105863.462776035] [map_auto_saver]: Exporting ROS map (periodic) -> /home/tkddn647/test/maps/sim_map_20260226_203743.png + .yaml
[INFO] [1772105864.081053788] [map_auto_saver]: ROS map export succeeded.
[INFO] [1772105884.427588211] [map_auto_saver]: Saving map (periodic) -> /home/tkddn647/test/maps/sim_map_20260226_203804.pbstream
[INFO] [1772105884.517595688] [map_auto_saver]: Map saved successfully.
[INFO] [1772105884.518138000] [map_auto_saver]: Exporting ROS map (periodic) -> /home/tkddn647/test/maps/sim_map_20260226_203804.png + .yaml
[INFO] [1772105885.494211724] [map_auto_saver]: ROS map export succeeded.
[INFO] [1772105898.594472018] [map_auto_saver]: KeyboardInterrupt received. Attempting shutdown save...
