[INFO] [1772109786.911001368] [map_auto_saver]: Periodic auto-save enabled: every 20.0s -> /home/tkddn647/test/maps
[INFO] [1772109806.898676647] [map_auto_saver]: Saving map (periodic) -> /home/tkddn647/test/maps/sim_map_20260226_214326.pbstream
[INFO] [1772109806.914043111] [map_auto_saver]: Map saved successfully.
[INFO] [1772109806.914651304] [map_auto_saver]: Exporting ROS map (periodic) -> /home/tkddn647/test/maps/sim_map_20260226_214326.png + .yaml
[INFO] [1772109809.372603481] [map_auto_saver]: ROS map export succeeded.
[INFO] [1772109828.509425537] [map_auto_saver]: Saving map (periodic) -> /home/tkddn647/test/maps/sim_map_20260226_214348.pbstream
[INFO] [1772109828.521093246] [map_auto_saver]: Map saved successfully.
[INFO] [1772109828.521722336] [map_auto_saver]: Exporting ROS map (periodic) -> /home/tkddn647/test/maps/sim_map_20260226_214348.png + .yaml
[INFO] [1772109829.054796612] [map_auto_saver]: ROS map export succeeded.
[INFO] [1772109848.511231214] [map_auto_saver]: Saving map (periodic) -> /home/tkddn647/test/maps/sim_map_20260226_214408.pbstream
[INFO] [1772109848.520448953] [map_auto_saver]: Map saved successfully.
[INFO] [1772109848.521204290] [map_auto_saver]: Exporting ROS map (periodic) -> /home/tkddn647/test/maps/sim_map_20260226_214408.png + .yaml
[ERROR] [1772109850.946715651] [map_auto_saver]: ROS map export failed (code=1). stdout="[ros2run]: Process exited with failure 1" stderr="[INFO] [1772109848.791767396] [map_saver]: 
	map_saver lifecycle node launched. 
	Waiting on external lifecycle transitions to activate
	See https://design.ros2.org/articles/node_lifecycle.html for more information.
[INFO] [1772109848.791978405] [map_saver]: Creating
[INFO] [1772109848.792086225] [map_saver]: Configuring
[INFO] [1772109848.793372192] [map_saver]: Saving map from '/map' topic to '/home/tkddn647/test/maps/sim_map_20260226_214408' file
[WARN] [1772109848.793417678] [map_saver]: Free threshold unspecified. Setting it to default value: 0.250000
[WARN] [1772109848.793430078] [map_saver]: Occupied threshold unspecified. Setting it to default value: 0.650000
[ERROR] [1772109850.795448016] [map_saver]: Failed to spin map subscription
[INFO] [1772109850.798351686] [map_saver]: Destroying"
[INFO] [1772109866.898803858] [map_auto_saver]: Saving map (periodic) -> /home/tkddn647/test/maps/sim_map_20260226_214426.pbstream
[INFO] [1772109866.912231416] [map_auto_saver]: Map saved successfully.
[INFO] [1772109866.913059668] [map_auto_saver]: Exporting ROS map (periodic) -> /home/tkddn647/test/maps/sim_map_20260226_214426.png + .yaml
[INFO] [1772109867.428011605] [map_auto_saver]: ROS map export succeeded.
[INFO] [1772109888.468633680] [map_auto_saver]: Saving map (periodic) -> /home/tkddn647/test/maps/sim_map_20260226_214448.pbstream
[INFO] [1772109888.507576004] [map_auto_saver]: Map saved successfully.
[INFO] [1772109888.508110418] [map_auto_saver]: Exporting ROS map (periodic) -> /home/tkddn647/test/maps/sim_map_20260226_214448.png + .yaml
[INFO] [1772109889.281831038] [map_auto_saver]: ROS map export succeeded.
[INFO] [1772109906.899715880] [map_auto_saver]: Saving map (periodic) -> /home/tkddn647/test/maps/sim_map_20260226_214506.pbstream
[INFO] [1772109906.962254461] [map_auto_saver]: Map saved successfully.
[INFO] [1772109906.963381196] [map_auto_saver]: Exporting ROS map (periodic) -> /home/tkddn647/test/maps/sim_map_20260226_214506.png + .yaml
[INFO] [1772109908.398981286] [map_auto_saver]: ROS map export succeeded.
[INFO] [1772109928.616378480] [map_auto_saver]: Saving map (periodic) -> /home/tkddn647/test/maps/sim_map_20260226_214528.pbstream
[INFO] [1772109928.639684270] [map_auto_saver]: Map saved successfully.
[INFO] [1772109928.640237288] [map_auto_saver]: Exporting ROS map (periodic) -> /home/tkddn647/test/maps/sim_map_20260226_214528.png + .yaml
[INFO] [1772109929.267356651] [map_auto_saver]: ROS map export succeeded.
[INFO] [1772109948.551986428] [map_auto_saver]: Saving map (periodic) -> /home/tkddn647/test/maps/sim_map_20260226_214548.pbstream
[INFO] [1772109948.575641930] [map_auto_saver]: Map saved successfully.
[INFO] [1772109948.576264209] [map_auto_saver]: Exporting ROS map (periodic) -> /home/tkddn647/test/maps/sim_map_20260226_214548.png + .yaml
[INFO] [1772109949.506709934] [map_auto_saver]: ROS map export succeeded.
[INFO] [1772109966.898839699] [map_auto_saver]: Saving map (periodic) -> /home/tkddn647/test/maps/sim_map_20260226_214606.pbstream
[INFO] [1772109966.922703114] [map_auto_saver]: Map saved successfully.
[INFO] [1772109966.923321048] [map_auto_saver]: Exporting ROS map (periodic) -> /home/tkddn647/test/maps/sim_map_20260226_214606.png + .yaml
[INFO] [1772109967.500913946] [map_auto_saver]: ROS map export succeeded.
[INFO] [1772109976.484084346] [map_auto_saver]: KeyboardInterrupt received. Attempting shutdown save...
