[INFO] [1772103801.197770286] [map_auto_saver]: Periodic auto-save enabled: every 20.0s -> /home/tkddn647/test/maps
[INFO] [1772103822.267630250] [map_auto_saver]: Saving map (periodic) -> /home/tkddn647/test/maps/sim_map_20260226_200342.pbstream
[INFO] [1772103822.316322138] [map_auto_saver]: Map saved successfully.
[INFO] [1772103822.317004821] [map_auto_saver]: Exporting ROS map (periodic) -> /home/tkddn647/test/maps/sim_map_20260226_200342.png + .yaml
[INFO] [1772103822.860448208] [map_auto_saver]: ROS map export succeeded.
[INFO] [1772103841.189796066] [map_auto_saver]: Saving map (periodic) -> /home/tkddn647/test/maps/sim_map_20260226_200401.pbstream
[INFO] [1772103841.235098298] [map_auto_saver]: Map saved successfully.
[INFO] [1772103841.236248623] [map_auto_saver]: Exporting ROS map (periodic) -> /home/tkddn647/test/maps/sim_map_20260226_200401.png + .yaml
[INFO] [1772103841.765402126] [map_auto_saver]: ROS map export succeeded.
[INFO] [1772103862.275799093] [map_auto_saver]: Saving map (periodic) -> /home/tkddn647/test/maps/sim_map_20260226_200422.pbstream
[INFO] [1772103862.309712684] [map_auto_saver]: Map saved successfully.
[INFO] [1772103862.310429680] [map_auto_saver]: Exporting ROS map (periodic) -> /home/tkddn647/test/maps/sim_map_20260226_200422.png + .yaml
[INFO] [1772103862.909612631] [map_auto_saver]: ROS map export succeeded.
[INFO] [1772103882.285496392] [map_auto_saver]: Saving map (periodic) -> /home/tkddn647/test/maps/sim_map_20260226_200442.pbstream
[INFO] [1772103882.494632861] [map_auto_saver]: Map saved successfully.
[INFO] [1772103882.495820624] [map_auto_saver]: Exporting ROS map (periodic) -> /home/tkddn647/test/maps/sim_map_20260226_200442.png + .yaml
[INFO] [1772103883.145813229] [map_auto_saver]: ROS map export succeeded.
[INFO] [1772103901.187598044] [map_auto_saver]: Saving map (periodic) -> /home/tkddn647/test/maps/sim_map_20260226_200501.pbstream
[INFO] [1772103901.351451792] [map_auto_saver]: Map saved successfully.
[INFO] [1772103901.352221337] [map_auto_saver]: Exporting ROS map (periodic) -> /home/tkddn647/test/maps/sim_map_20260226_200501.png + .yaml
[INFO] [1772103902.010515631] [map_auto_saver]: ROS map export succeeded.
[INFO] [1772103907.319925806] [map_auto_saver]: KeyboardInterrupt received. Attempting shutdown save...
