[INFO] [1772110050.786617342] [map_auto_saver]: Periodic auto-save enabled: every 20.0s -> /home/tkddn647/test/maps
[INFO] [1772110070.776277912] [map_auto_saver]: Saving map (periodic) -> /home/tkddn647/test/maps/sim_map_20260226_214750.pbstream
[INFO] [1772110070.786549171] [map_auto_saver]: Map saved successfully.
[INFO] [1772110070.787747434] [map_auto_saver]: Exporting ROS map (periodic) -> /home/tkddn647/test/maps/sim_map_20260226_214750.png + .yaml
[INFO] [1772110071.310430085] [map_auto_saver]: ROS map export succeeded.
[INFO] [1772110092.431338452] [map_auto_saver]: Saving map (periodic) -> /home/tkddn647/test/maps/sim_map_20260226_214812.pbstream
[INFO] [1772110092.441331136] [map_auto_saver]: Map saved successfully.
[INFO] [1772110092.442184585] [map_auto_saver]: Exporting ROS map (periodic) -> /home/tkddn647/test/maps/sim_map_20260226_214812.png + .yaml
[INFO] [1772110092.961277220] [map_auto_saver]: ROS map export succeeded.
[INFO] [1772110110.774312191] [map_auto_saver]: Saving map (periodic) -> /home/tkddn647/test/maps/sim_map_20260226_214830.pbstream
[INFO] [1772110110.787091129] [map_auto_saver]: Map saved successfully.
[INFO] [1772110110.787785474] [map_auto_saver]: Exporting ROS map (periodic) -> /home/tkddn647/test/maps/sim_map_20260226_214830.png + .yaml
[INFO] [1772110111.339805257] [map_auto_saver]: ROS map export succeeded.
[INFO] [1772110132.433721184] [map_auto_saver]: Saving map (periodic) -> /home/tkddn647/test/maps/sim_map_20260226_214852.pbstream
[INFO] [1772110132.443339804] [map_auto_saver]: Map saved successfully.
[INFO] [1772110132.444027042] [map_auto_saver]: Exporting ROS map (periodic) -> /home/tkddn647/test/maps/sim_map_20260226_214852.png + .yaml
[INFO] [1772110132.969441562] [map_auto_saver]: ROS map export succeeded.
[INFO] [1772110152.458644554] [map_auto_saver]: Saving map (periodic) -> /home/tkddn647/test/maps/sim_map_20260226_214912.pbstream
[INFO] [1772110152.502681967] [map_auto_saver]: Map saved successfully.
[INFO] [1772110152.503561761] [map_auto_saver]: Exporting ROS map (periodic) -> /home/tkddn647/test/maps/sim_map_20260226_214912.png + .yaml
[INFO] [1772110153.027492521] [map_auto_saver]: ROS map export succeeded.
[INFO] [1772110170.773376016] [map_auto_saver]: Saving map (periodic) -> /home/tkddn647/test/maps/sim_map_20260226_214930.pbstream
[INFO] [1772110170.809161305] [map_auto_saver]: Map saved successfully.
[INFO] [1772110170.809677376] [map_auto_saver]: Exporting ROS map (periodic) -> /home/tkddn647/test/maps/sim_map_20260226_214930.png + .yaml
[INFO] [1772110171.518606926] [map_auto_saver]: ROS map export succeeded.
[INFO] [1772110192.387671083] [map_auto_saver]: Saving map (periodic) -> /home/tkddn647/test/maps/sim_map_20260226_214952.pbstream
[INFO] [1772110192.418879082] [map_auto_saver]: Map saved successfully.
[INFO] [1772110192.419552280] [map_auto_saver]: Exporting ROS map (periodic) -> /home/tkddn647/test/maps/sim_map_20260226_214952.png + .yaml
[INFO] [1772110193.057069449] [map_auto_saver]: ROS map export succeeded.
[INFO] [1772110210.772911590] [map_auto_saver]: Saving map (periodic) -> /home/tkddn647/test/maps/sim_map_20260226_215010.pbstream
[INFO] [1772110210.796220156] [map_auto_saver]: Map saved successfully.
[INFO] [1772110210.796943224] [map_auto_saver]: Exporting ROS map (periodic) -> /home/tkddn647/test/maps/sim_map_20260226_215010.png + .yaml
[INFO] [1772110211.407507817] [map_auto_saver]: ROS map export succeeded.
[INFO] [1772110232.354031925] [map_auto_saver]: Saving map (periodic) -> /home/tkddn647/test/maps/sim_map_20260226_215032.pbstream
[INFO] [1772110232.382708916] [map_auto_saver]: Map saved successfully.
[INFO] [1772110232.383305483] [map_auto_saver]: Exporting ROS map (periodic) -> /home/tkddn647/test/maps/sim_map_20260226_215032.png + .yaml
[INFO] [1772110232.996729971] [map_auto_saver]: ROS map export succeeded.
[INFO] [1772110250.773127650] [map_auto_saver]: Saving map (periodic) -> /home/tkddn647/test/maps/sim_map_20260226_215050.pbstream
[INFO] [1772110250.798634351] [map_auto_saver]: Map saved successfully.
[INFO] [1772110250.799374921] [map_auto_saver]: Exporting ROS map (periodic) -> /home/tkddn647/test/maps/sim_map_20260226_215050.png + .yaml
[INFO] [1772110251.432107645] [map_auto_saver]: ROS map export succeeded.
[INFO] [1772110272.503144612] [map_auto_saver]: Saving map (periodic) -> /home/tkddn647/test/maps/sim_map_20260226_215112.pbstream
[INFO] [1772110272.531409744] [map_auto_saver]: Map saved successfully.
[INFO] [1772110272.532201014] [map_auto_saver]: Exporting ROS map (periodic) -> /home/tkddn647/test/maps/sim_map_20260226_215112.png + .yaml
[INFO] [1772110273.140447659] [map_auto_saver]: ROS map export succeeded.
[INFO] [1772110292.318098270] [map_auto_saver]: Saving map (periodic) -> /home/tkddn647/test/maps/sim_map_20260226_215132.pbstream
[INFO] [1772110292.358067171] [map_auto_saver]: Map saved successfully.
[INFO] [1772110292.358828543] [map_auto_saver]: Exporting ROS map (periodic) -> /home/tkddn647/test/maps/sim_map_20260226_215132.png + .yaml
[INFO] [1772110292.968542330] [map_auto_saver]: ROS map export succeeded.
[INFO] [1772110310.773187342] [map_auto_saver]: Saving map (periodic) -> /home/tkddn647/test/maps/sim_map_20260226_215150.pbstream
[INFO] [1772110310.825549984] [map_auto_saver]: Map saved successfully.
[INFO] [1772110310.826097481] [map_auto_saver]: Exporting ROS map (periodic) -> /home/tkddn647/test/maps/sim_map_20260226_215150.png + .yaml
[INFO] [1772110311.439710954] [map_auto_saver]: ROS map export succeeded.
[INFO] [1772110332.489279208] [map_auto_saver]: Saving map (periodic) -> /home/tkddn647/test/maps/sim_map_20260226_215212.pbstream
[INFO] [1772110332.539684181] [map_auto_saver]: Map saved successfully.
[INFO] [1772110332.540229395] [map_auto_saver]: Exporting ROS map (periodic) -> /home/tkddn647/test/maps/sim_map_20260226_215212.png + .yaml
[INFO] [1772110334.644467333] [map_auto_saver]: ROS map export succeeded.
[INFO] [1772110350.773146341] [map_auto_saver]: Saving map (periodic) -> /home/tkddn647/test/maps/sim_map_20260226_215230.pbstream
[INFO] [1772110350.820970934] [map_auto_saver]: Map saved successfully.
[INFO] [1772110350.821467403] [map_auto_saver]: Exporting ROS map (periodic) -> /home/tkddn647/test/maps/sim_map_20260226_215230.png + .yaml
[INFO] [1772110351.464287913] [map_auto_saver]: ROS map export succeeded.
[INFO] [1772110372.384260942] [map_auto_saver]: Saving map (periodic) -> /home/tkddn647/test/maps/sim_map_20260226_215252.pbstream
[INFO] [1772110372.575898253] [map_auto_saver]: Map saved successfully.
[INFO] [1772110372.576566876] [map_auto_saver]: Exporting ROS map (periodic) -> /home/tkddn647/test/maps/sim_map_20260226_215252.png + .yaml
[INFO] [1772110373.231922002] [map_auto_saver]: ROS map export succeeded.
[INFO] [1772110392.451402025] [map_auto_saver]: Saving map (periodic) -> /home/tkddn647/test/maps/sim_map_20260226_215312.pbstream
[INFO] [1772110392.623167534] [map_auto_saver]: Map saved successfully.
[INFO] [1772110392.623674908] [map_auto_saver]: Exporting ROS map (periodic) -> /home/tkddn647/test/maps/sim_map_20260226_215312.png + .yaml
[INFO] [1772110393.378974044] [map_auto_saver]: ROS map export succeeded.
[INFO] [1772110410.774435591] [map_auto_saver]: Saving map (periodic) -> /home/tkddn647/test/maps/sim_map_20260226_215330.pbstream
[INFO] [1772110410.960510357] [map_auto_saver]: Map saved successfully.
[INFO] [1772110410.961392315] [map_auto_saver]: Exporting ROS map (periodic) -> /home/tkddn647/test/maps/sim_map_20260226_215330.png + .yaml
[INFO] [1772110411.645317430] [map_auto_saver]: ROS map export succeeded.
[INFO] [1772110432.408189657] [map_auto_saver]: Saving map (periodic) -> /home/tkddn647/test/maps/sim_map_20260226_215352.pbstream
[INFO] [1772110432.615764367] [map_auto_saver]: Map saved successfully.
[INFO] [1772110432.616514849] [map_auto_saver]: Exporting ROS map (periodic) -> /home/tkddn647/test/maps/sim_map_20260226_215352.png + .yaml
[INFO] [1772110433.322648480] [map_auto_saver]: ROS map export succeeded.
[INFO] [1772110450.775076516] [map_auto_saver]: Saving map (periodic) -> /home/tkddn647/test/maps/sim_map_20260226_215410.pbstream
[INFO] [1772110450.954368572] [map_auto_saver]: Map saved successfully.
[INFO] [1772110450.955242845] [map_auto_saver]: Exporting ROS map (periodic) -> /home/tkddn647/test/maps/sim_map_20260226_215410.png + .yaml
[INFO] [1772110451.606927886] [map_auto_saver]: ROS map export succeeded.
[INFO] [1772110472.296009291] [map_auto_saver]: Saving map (periodic) -> /home/tkddn647/test/maps/sim_map_20260226_215432.pbstream
[INFO] [1772110472.352418893] [map_auto_saver]: Map saved successfully.
[INFO] [1772110472.353198825] [map_auto_saver]: Exporting ROS map (periodic) -> /home/tkddn647/test/maps/sim_map_20260226_215432.png + .yaml
[INFO] [1772110473.367049185] [map_auto_saver]: ROS map export succeeded.
[INFO] [1772110490.773079704] [map_auto_saver]: Saving map (periodic) -> /home/tkddn647/test/maps/sim_map_20260226_215450.pbstream
[INFO] [1772110490.825435420] [map_auto_saver]: Map saved successfully.
[INFO] [1772110490.826000059] [map_auto_saver]: Exporting ROS map (periodic) -> /home/tkddn647/test/maps/sim_map_20260226_215450.png + .yaml
[ERROR] [1772110495.047835885] [map_auto_saver]: ROS map export failed (code=1). stdout="[ros2run]: Process exited with failure 1" stderr="[INFO] [1772110492.907517880] [map_saver]: 
	map_saver lifecycle node launched. 
	Waiting on external lifecycle transitions to activate
	See https://design.ros2.org/articles/node_lifecycle.html for more information.
[INFO] [1772110492.907696554] [map_saver]: Creating
[INFO] [1772110492.907854685] [map_saver]: Configuring
[INFO] [1772110492.909607136] [map_saver]: Saving map from '/map' topic to '/home/tkddn647/test/maps/sim_map_20260226_215450' file
[WARN] [1772110492.909671239] [map_saver]: Free threshold unspecified. Setting it to default value: 0.250000
[WARN] [1772110492.909691569] [map_saver]: Occupied threshold unspecified. Setting it to default value: 0.650000
[ERROR] [1772110494.911408067] [map_saver]: Failed to spin map subscription
[INFO] [1772110494.912804399] [map_saver]: Destroying"
[INFO] [1772110512.594834576] [map_auto_saver]: Saving map (periodic) -> /home/tkddn647/test/maps/sim_map_20260226_215512.pbstream
[INFO] [1772110512.658170753] [map_auto_saver]: Map saved successfully.
[INFO] [1772110512.658688197] [map_auto_saver]: Exporting ROS map (periodic) -> /home/tkddn647/test/maps/sim_map_20260226_215512.png + .yaml
[INFO] [1772110513.319440326] [map_auto_saver]: ROS map export succeeded.
[INFO] [1772110532.510421242] [map_auto_saver]: Saving map (periodic) -> /home/tkddn647/test/maps/sim_map_20260226_215532.pbstream
[INFO] [1772110532.564518970] [map_auto_saver]: Map saved successfully.
[INFO] [1772110532.565170231] [map_auto_saver]: Exporting ROS map (periodic) -> /home/tkddn647/test/maps/sim_map_20260226_215532.png + .yaml
[INFO] [1772110533.221599852] [map_auto_saver]: ROS map export succeeded.
[INFO] [1772110550.773202172] [map_auto_saver]: Saving map (periodic) -> /home/tkddn647/test/maps/sim_map_20260226_215550.pbstream
[INFO] [1772110550.826004298] [map_auto_saver]: Map saved successfully.
[INFO] [1772110550.826534160] [map_auto_saver]: Exporting ROS map (periodic) -> /home/tkddn647/test/maps/sim_map_20260226_215550.png + .yaml
[INFO] [1772110551.483908331] [map_auto_saver]: ROS map export succeeded.
[INFO] [1772110572.437941795] [map_auto_saver]: Saving map (periodic) -> /home/tkddn647/test/maps/sim_map_20260226_215612.pbstream
[INFO] [1772110572.507404250] [map_auto_saver]: Map saved successfully.
[INFO] [1772110572.507900044] [map_auto_saver]: Exporting ROS map (periodic) -> /home/tkddn647/test/maps/sim_map_20260226_215612.png + .yaml
[INFO] [1772110573.174774912] [map_auto_saver]: ROS map export succeeded.
[INFO] [1772110590.773180441] [map_auto_saver]: Saving map (periodic) -> /home/tkddn647/test/maps/sim_map_20260226_215630.pbstream
[INFO] [1772110590.846471477] [map_auto_saver]: Map saved successfully.
[INFO] [1772110590.847068666] [map_auto_saver]: Exporting ROS map (periodic) -> /home/tkddn647/test/maps/sim_map_20260226_215630.png + .yaml
[INFO] [1772110591.724656878] [map_auto_saver]: ROS map export succeeded.
[INFO] [1772110612.546780585] [map_auto_saver]: Saving map (periodic) -> /home/tkddn647/test/maps/sim_map_20260226_215652.pbstream
[INFO] [1772110612.613321368] [map_auto_saver]: Map saved successfully.
[INFO] [1772110612.613937776] [map_auto_saver]: Exporting ROS map (periodic) -> /home/tkddn647/test/maps/sim_map_20260226_215652.png + .yaml
[INFO] [1772110613.347525289] [map_auto_saver]: ROS map export succeeded.
[INFO] [1772110632.444901382] [map_auto_saver]: Saving map (periodic) -> /home/tkddn647/test/maps/sim_map_20260226_215712.pbstream
[INFO] [1772110632.516888430] [map_auto_saver]: Map saved successfully.
[INFO] [1772110632.517538660] [map_auto_saver]: Exporting ROS map (periodic) -> /home/tkddn647/test/maps/sim_map_20260226_215712.png + .yaml
[INFO] [1772110634.871972031] [map_auto_saver]: ROS map export succeeded.
[INFO] [1772110650.774102002] [map_auto_saver]: Saving map (periodic) -> /home/tkddn647/test/maps/sim_map_20260226_215730.pbstream
[INFO] [1772110650.845155983] [map_auto_saver]: Map saved successfully.
[INFO] [1772110650.845887006] [map_auto_saver]: Exporting ROS map (periodic) -> /home/tkddn647/test/maps/sim_map_20260226_215730.png + .yaml
[INFO] [1772110651.567031215] [map_auto_saver]: ROS map export succeeded.
[INFO] [1772110672.448328077] [map_auto_saver]: Saving map (periodic) -> /home/tkddn647/test/maps/sim_map_20260226_215752.pbstream
[INFO] [1772110672.508295397] [map_auto_saver]: Map saved successfully.
[INFO] [1772110672.508961681] [map_auto_saver]: Exporting ROS map (periodic) -> /home/tkddn647/test/maps/sim_map_20260226_215752.png + .yaml
[INFO] [1772110674.246754578] [map_auto_saver]: ROS map export succeeded.
[INFO] [1772110690.772870100] [map_auto_saver]: Saving map (periodic) -> /home/tkddn647/test/maps/sim_map_20260226_215810.pbstream
[INFO] [1772110690.837367795] [map_auto_saver]: Map saved successfully.
[INFO] [1772110690.838215905] [map_auto_saver]: Exporting ROS map (periodic) -> /home/tkddn647/test/maps/sim_map_20260226_215810.png + .yaml
[INFO] [1772110691.580478923] [map_auto_saver]: ROS map export succeeded.
[INFO] [1772110712.462426866] [map_auto_saver]: Saving map (periodic) -> /home/tkddn647/test/maps/sim_map_20260226_215832.pbstream
[INFO] [1772110712.525454325] [map_auto_saver]: Map saved successfully.
[INFO] [1772110712.526011085] [map_auto_saver]: Exporting ROS map (periodic) -> /home/tkddn647/test/maps/sim_map_20260226_215832.png + .yaml
[INFO] [1772110713.623774367] [map_auto_saver]: ROS map export succeeded.
[INFO] [1772110732.474009504] [map_auto_saver]: Saving map (periodic) -> /home/tkddn647/test/maps/sim_map_20260226_215852.pbstream
[INFO] [1772110732.555200403] [map_auto_saver]: Map saved successfully.
[INFO] [1772110732.555892757] [map_auto_saver]: Exporting ROS map (periodic) -> /home/tkddn647/test/maps/sim_map_20260226_215852.png + .yaml
[INFO] [1772110733.296991285] [map_auto_saver]: ROS map export succeeded.
[INFO] [1772110750.773496837] [map_auto_saver]: Saving map (periodic) -> /home/tkddn647/test/maps/sim_map_20260226_215910.pbstream
[INFO] [1772110750.839630182] [map_auto_saver]: Map saved successfully.
[INFO] [1772110750.840215152] [map_auto_saver]: Exporting ROS map (periodic) -> /home/tkddn647/test/maps/sim_map_20260226_215910.png + .yaml
[INFO] [1772110751.878846391] [map_auto_saver]: ROS map export succeeded.
[INFO] [1772110772.361973269] [map_auto_saver]: Saving map (periodic) -> /home/tkddn647/test/maps/sim_map_20260226_215932.pbstream
[INFO] [1772110772.424153631] [map_auto_saver]: Map saved successfully.
[INFO] [1772110772.424823384] [map_auto_saver]: Exporting ROS map (periodic) -> /home/tkddn647/test/maps/sim_map_20260226_215932.png + .yaml
[INFO] [1772110773.450098376] [map_auto_saver]: ROS map export succeeded.
[INFO] [1772110790.773247519] [map_auto_saver]: Saving map (periodic) -> /home/tkddn647/test/maps/sim_map_20260226_215950.pbstream
[INFO] [1772110790.839372273] [map_auto_saver]: Map saved successfully.
[INFO] [1772110790.839904551] [map_auto_saver]: Exporting ROS map (periodic) -> /home/tkddn647/test/maps/sim_map_20260226_215950.png + .yaml
[INFO] [1772110791.549040191] [map_auto_saver]: ROS map export succeeded.
[INFO] [1772110812.761915433] [map_auto_saver]: Saving map (periodic) -> /home/tkddn647/test/maps/sim_map_20260226_220012.pbstream
[INFO] [1772110812.856032145] [map_auto_saver]: Map saved successfully.
[INFO] [1772110812.856720664] [map_auto_saver]: Exporting ROS map (periodic) -> /home/tkddn647/test/maps/sim_map_20260226_220012.png + .yaml
[INFO] [1772110813.543340615] [map_auto_saver]: ROS map export succeeded.
[INFO] [1772110830.773754040] [map_auto_saver]: Saving map (periodic) -> /home/tkddn647/test/maps/sim_map_20260226_220030.pbstream
[INFO] [1772110830.856293743] [map_auto_saver]: Map saved successfully.
[INFO] [1772110830.857401184] [map_auto_saver]: Exporting ROS map (periodic) -> /home/tkddn647/test/maps/sim_map_20260226_220030.png + .yaml
[INFO] [1772110831.918008536] [map_auto_saver]: ROS map export succeeded.
[INFO] [1772110852.385741874] [map_auto_saver]: Saving map (periodic) -> /home/tkddn647/test/maps/sim_map_20260226_220052.pbstream
[INFO] [1772110852.466241868] [map_auto_saver]: Map saved successfully.
[INFO] [1772110852.466797667] [map_auto_saver]: Exporting ROS map (periodic) -> /home/tkddn647/test/maps/sim_map_20260226_220052.png + .yaml
[INFO] [1772110853.164029933] [map_auto_saver]: ROS map export succeeded.
[INFO] [1772110872.392260557] [map_auto_saver]: Saving map (periodic) -> /home/tkddn647/test/maps/sim_map_20260226_220112.pbstream
[INFO] [1772110872.450333593] [map_auto_saver]: Map saved successfully.
[INFO] [1772110872.450924582] [map_auto_saver]: Exporting ROS map (periodic) -> /home/tkddn647/test/maps/sim_map_20260226_220112.png + .yaml
[INFO] [1772110874.726516651] [map_auto_saver]: ROS map export succeeded.
[INFO] [1772110890.773999992] [map_auto_saver]: Saving map (periodic) -> /home/tkddn647/test/maps/sim_map_20260226_220130.pbstream
[INFO] [1772110890.837693520] [map_auto_saver]: Map saved successfully.
[INFO] [1772110890.838309656] [map_auto_saver]: Exporting ROS map (periodic) -> /home/tkddn647/test/maps/sim_map_20260226_220130.png + .yaml
[INFO] [1772110891.577943859] [map_auto_saver]: ROS map export succeeded.
[INFO] [1772110912.391409395] [map_auto_saver]: Saving map (periodic) -> /home/tkddn647/test/maps/sim_map_20260226_220152.pbstream
[INFO] [1772110912.451653675] [map_auto_saver]: Map saved successfully.
[INFO] [1772110912.452486059] [map_auto_saver]: Exporting ROS map (periodic) -> /home/tkddn647/test/maps/sim_map_20260226_220152.png + .yaml
[INFO] [1772110913.169501916] [map_auto_saver]: ROS map export succeeded.
[INFO] [1772110930.773362638] [map_auto_saver]: Saving map (periodic) -> /home/tkddn647/test/maps/sim_map_20260226_220210.pbstream
[INFO] [1772110930.836376165] [map_auto_saver]: Map saved successfully.
[INFO] [1772110930.837057543] [map_auto_saver]: Exporting ROS map (periodic) -> /home/tkddn647/test/maps/sim_map_20260226_220210.png + .yaml
[INFO] [1772110931.601429040] [map_auto_saver]: ROS map export succeeded.
[INFO] [1772110952.425140946] [map_auto_saver]: Saving map (periodic) -> /home/tkddn647/test/maps/sim_map_20260226_220232.pbstream
[INFO] [1772110952.506919713] [map_auto_saver]: Map saved successfully.
[INFO] [1772110952.507517945] [map_auto_saver]: Exporting ROS map (periodic) -> /home/tkddn647/test/maps/sim_map_20260226_220232.png + .yaml
[INFO] [1772110953.367025383] [map_auto_saver]: ROS map export succeeded.
[INFO] [1772110972.390830182] [map_auto_saver]: Saving map (periodic) -> /home/tkddn647/test/maps/sim_map_20260226_220252.pbstream
[INFO] [1772110972.454630953] [map_auto_saver]: Map saved successfully.
[INFO] [1772110972.455212526] [map_auto_saver]: Exporting ROS map (periodic) -> /home/tkddn647/test/maps/sim_map_20260226_220252.png + .yaml
[INFO] [1772110973.551033547] [map_auto_saver]: ROS map export succeeded.
[INFO] [1772110990.773453328] [map_auto_saver]: Saving map (periodic) -> /home/tkddn647/test/maps/sim_map_20260226_220310.pbstream
[INFO] [1772110990.863122111] [map_auto_saver]: Map saved successfully.
[INFO] [1772110990.863767480] [map_auto_saver]: Exporting ROS map (periodic) -> /home/tkddn647/test/maps/sim_map_20260226_220310.png + .yaml
[INFO] [1772110991.623229978] [map_auto_saver]: ROS map export succeeded.
[INFO] [1772111012.382563885] [map_auto_saver]: Saving map (periodic) -> /home/tkddn647/test/maps/sim_map_20260226_220332.pbstream
[INFO] [1772111012.452692111] [map_auto_saver]: Map saved successfully.
[INFO] [1772111012.453218482] [map_auto_saver]: Exporting ROS map (periodic) -> /home/tkddn647/test/maps/sim_map_20260226_220332.png + .yaml
[ERROR] [1772111015.251628213] [map_auto_saver]: ROS map export failed (code=1). stdout="[ros2run]: Process exited with failure 1" stderr="[INFO] [1772111013.094672604] [map_saver]: 
	map_saver lifecycle node launched. 
	Waiting on external lifecycle transitions to activate
	See https://design.ros2.org/articles/node_lifecycle.html for more information.
[INFO] [1772111013.094983447] [map_saver]: Creating
[INFO] [1772111013.095408717] [map_saver]: Configuring
[INFO] [1772111013.099645123] [map_saver]: Saving map from '/map' topic to '/home/tkddn647/test/maps/sim_map_20260226_220332' file
[WARN] [1772111013.099958230] [map_saver]: Free threshold unspecified. Setting it to default value: 0.250000
[WARN] [1772111013.100093950] [map_saver]: Occupied threshold unspecified. Setting it to default value: 0.650000
[ERROR] [1772111015.104617568] [map_saver]: Failed to spin map subscription
[INFO] [1772111015.106397847] [map_saver]: Destroying"
[INFO] [1772111030.773117748] [map_auto_saver]: Saving map (periodic) -> /home/tkddn647/test/maps/sim_map_20260226_220350.pbstream
[INFO] [1772111030.852017220] [map_auto_saver]: Map saved successfully.
[INFO] [1772111030.852626411] [map_auto_saver]: Exporting ROS map (periodic) -> /home/tkddn647/test/maps/sim_map_20260226_220350.png + .yaml
[INFO] [1772111031.570350304] [map_auto_saver]: ROS map export succeeded.
[INFO] [1772111052.313840812] [map_auto_saver]: Saving map (periodic) -> /home/tkddn647/test/maps/sim_map_20260226_220412.pbstream
[INFO] [1772111052.380871267] [map_auto_saver]: Map saved successfully.
[INFO] [1772111052.381430265] [map_auto_saver]: Exporting ROS map (periodic) -> /home/tkddn647/test/maps/sim_map_20260226_220412.png + .yaml
[INFO] [1772111053.109725432] [map_auto_saver]: ROS map export succeeded.
[INFO] [1772111070.773059256] [map_auto_saver]: Saving map (periodic) -> /home/tkddn647/test/maps/sim_map_20260226_220430.pbstream
[INFO] [1772111070.849214217] [map_auto_saver]: Map saved successfully.
[INFO] [1772111070.849804785] [map_auto_saver]: Exporting ROS map (periodic) -> /home/tkddn647/test/maps/sim_map_20260226_220430.png + .yaml
[INFO] [1772111071.534277919] [map_auto_saver]: ROS map export succeeded.
[INFO] [1772111092.332437484] [map_auto_saver]: Saving map (periodic) -> /home/tkddn647/test/maps/sim_map_20260226_220452.pbstream
[INFO] [1772111092.402097578] [map_auto_saver]: Map saved successfully.
[INFO] [1772111092.402630206] [map_auto_saver]: Exporting ROS map (periodic) -> /home/tkddn647/test/maps/sim_map_20260226_220452.png + .yaml
[INFO] [1772111094.392551974] [map_auto_saver]: ROS map export succeeded.
[INFO] [1772111112.446061235] [map_auto_saver]: Saving map (periodic) -> /home/tkddn647/test/maps/sim_map_20260226_220512.pbstream
[INFO] [1772111112.579683498] [map_auto_saver]: Map saved successfully.
[INFO] [1772111112.580380221] [map_auto_saver]: Exporting ROS map (periodic) -> /home/tkddn647/test/maps/sim_map_20260226_220512.png + .yaml
[INFO] [1772111113.285486581] [map_auto_saver]: ROS map export succeeded.
[INFO] [1772111130.772809262] [map_auto_saver]: Saving map (periodic) -> /home/tkddn647/test/maps/sim_map_20260226_220530.pbstream
[INFO] [1772111130.875126231] [map_auto_saver]: Map saved successfully.
[INFO] [1772111130.875636764] [map_auto_saver]: Exporting ROS map (periodic) -> /home/tkddn647/test/maps/sim_map_20260226_220530.png + .yaml
[INFO] [1772111131.759388315] [map_auto_saver]: ROS map export succeeded.
[INFO] [1772111152.436483466] [map_auto_saver]: Saving map (periodic) -> /home/tkddn647/test/maps/sim_map_20260226_220552.pbstream
[INFO] [1772111152.529198657] [map_auto_saver]: Map saved successfully.
[INFO] [1772111152.529955285] [map_auto_saver]: Exporting ROS map (periodic) -> /home/tkddn647/test/maps/sim_map_20260226_220552.png + .yaml
[INFO] [1772111153.559021049] [map_auto_saver]: ROS map export succeeded.
[INFO] [1772111170.773554245] [map_auto_saver]: Saving map (periodic) -> /home/tkddn647/test/maps/sim_map_20260226_220610.pbstream
[INFO] [1772111170.905247008] [map_auto_saver]: Map saved successfully.
[INFO] [1772111170.906148271] [map_auto_saver]: Exporting ROS map (periodic) -> /home/tkddn647/test/maps/sim_map_20260226_220610.png + .yaml
[INFO] [1772111171.658949011] [map_auto_saver]: ROS map export succeeded.
[INFO] [1772111192.436395071] [map_auto_saver]: Saving map (periodic) -> /home/tkddn647/test/maps/sim_map_20260226_220632.pbstream
[INFO] [1772111192.550885919] [map_auto_saver]: Map saved successfully.
[INFO] [1772111192.551384192] [map_auto_saver]: Exporting ROS map (periodic) -> /home/tkddn647/test/maps/sim_map_20260226_220632.png + .yaml
[INFO] [1772111193.386651139] [map_auto_saver]: ROS map export succeeded.
[INFO] [1772111212.394976455] [map_auto_saver]: Saving map (periodic) -> /home/tkddn647/test/maps/sim_map_20260226_220652.pbstream
[INFO] [1772111212.497881129] [map_auto_saver]: Map saved successfully.
[INFO] [1772111212.498390545] [map_auto_saver]: Exporting ROS map (periodic) -> /home/tkddn647/test/maps/sim_map_20260226_220652.png + .yaml
[INFO] [1772111213.190906842] [map_auto_saver]: ROS map export succeeded.
[INFO] [1772111230.773276018] [map_auto_saver]: Saving map (periodic) -> /home/tkddn647/test/maps/sim_map_20260226_220710.pbstream
[INFO] [1772111230.890566032] [map_auto_saver]: Map saved successfully.
[INFO] [1772111230.891182820] [map_auto_saver]: Exporting ROS map (periodic) -> /home/tkddn647/test/maps/sim_map_20260226_220710.png + .yaml
[INFO] [1772111231.585096556] [map_auto_saver]: ROS map export succeeded.
[INFO] [1772111252.396402965] [map_auto_saver]: Saving map (periodic) -> /home/tkddn647/test/maps/sim_map_20260226_220732.pbstream
[INFO] [1772111252.508467142] [map_auto_saver]: Map saved successfully.
[INFO] [1772111252.509051590] [map_auto_saver]: Exporting ROS map (periodic) -> /home/tkddn647/test/maps/sim_map_20260226_220732.png + .yaml
[INFO] [1772111253.585762476] [map_auto_saver]: ROS map export succeeded.
[INFO] [1772111270.772966855] [map_auto_saver]: Saving map (periodic) -> /home/tkddn647/test/maps/sim_map_20260226_220750.pbstream
[INFO] [1772111270.872172641] [map_auto_saver]: Map saved successfully.
[INFO] [1772111270.872711971] [map_auto_saver]: Exporting ROS map (periodic) -> /home/tkddn647/test/maps/sim_map_20260226_220750.png + .yaml
[ERROR] [1772111273.574486687] [map_auto_saver]: ROS map export failed (code=1). stdout="[ros2run]: Process exited with failure 1" stderr="[INFO] [1772111271.137335144] [map_saver]: 
	map_saver lifecycle node launched. 
	Waiting on external lifecycle transitions to activate
	See https://design.ros2.org/articles/node_lifecycle.html for more information.
[INFO] [1772111271.137679016] [map_saver]: Creating
[INFO] [1772111271.137801109] [map_saver]: Configuring
[INFO] [1772111271.139993863] [map_saver]: Saving map from '/map' topic to '/home/tkddn647/test/maps/sim_map_20260226_220750' file
[WARN] [1772111271.140076890] [map_saver]: Free threshold unspecified. Setting it to default value: 0.250000
[WARN] [1772111271.140099347] [map_saver]: Occupied threshold unspecified. Setting it to default value: 0.650000
[ERROR] [1772111273.142188603] [map_saver]: Failed to spin map subscription
[INFO] [1772111273.405140083] [map_saver]: Destroying"
[INFO] [1772111292.457700261] [map_auto_saver]: Saving map (periodic) -> /home/tkddn647/test/maps/sim_map_20260226_220812.pbstream
[INFO] [1772111292.559460855] [map_auto_saver]: Map saved successfully.
[INFO] [1772111292.559978740] [map_auto_saver]: Exporting ROS map (periodic) -> /home/tkddn647/test/maps/sim_map_20260226_220812.png + .yaml
[INFO] [1772111293.354618759] [map_auto_saver]: ROS map export succeeded.
[INFO] [1772111310.772621355] [map_auto_saver]: Saving map (periodic) -> /home/tkddn647/test/maps/sim_map_20260226_220830.pbstream
[INFO] [1772111310.876111985] [map_auto_saver]: Map saved successfully.
[INFO] [1772111310.876657870] [map_auto_saver]: Exporting ROS map (periodic) -> /home/tkddn647/test/maps/sim_map_20260226_220830.png + .yaml
[INFO] [1772111313.143499631] [map_auto_saver]: ROS map export succeeded.
[INFO] [1772111332.356480011] [map_auto_saver]: Saving map (periodic) -> /home/tkddn647/test/maps/sim_map_20260226_220852.pbstream
[INFO] [1772111332.460112158] [map_auto_saver]: Map saved successfully.
[INFO] [1772111332.460713370] [map_auto_saver]: Exporting ROS map (periodic) -> /home/tkddn647/test/maps/sim_map_20260226_220852.png + .yaml
[INFO] [1772111334.269461285] [map_auto_saver]: ROS map export succeeded.
[INFO] [1772111352.602343496] [map_auto_saver]: Saving map (periodic) -> /home/tkddn647/test/maps/sim_map_20260226_220912.pbstream
[INFO] [1772111352.723323519] [map_auto_saver]: Map saved successfully.
[INFO] [1772111352.723926975] [map_auto_saver]: Exporting ROS map (periodic) -> /home/tkddn647/test/maps/sim_map_20260226_220912.png + .yaml
[INFO] [1772111354.543954387] [map_auto_saver]: ROS map export succeeded.
[INFO] [1772111370.773035580] [map_auto_saver]: Saving map (periodic) -> /home/tkddn647/test/maps/sim_map_20260226_220930.pbstream
[INFO] [1772111370.893648610] [map_auto_saver]: Map saved successfully.
[INFO] [1772111370.894450699] [map_auto_saver]: Exporting ROS map (periodic) -> /home/tkddn647/test/maps/sim_map_20260226_220930.png + .yaml
[INFO] [1772111371.985220052] [map_auto_saver]: ROS map export succeeded.
[INFO] [1772111392.606970899] [map_auto_saver]: Saving map (periodic) -> /home/tkddn647/test/maps/sim_map_20260226_220952.pbstream
[INFO] [1772111392.727414871] [map_auto_saver]: Map saved successfully.
[INFO] [1772111392.728000862] [map_auto_saver]: Exporting ROS map (periodic) -> /home/tkddn647/test/maps/sim_map_20260226_220952.png + .yaml
[INFO] [1772111394.478189847] [map_auto_saver]: ROS map export succeeded.
[INFO] [1772111410.772845347] [map_auto_saver]: Saving map (periodic) -> /home/tkddn647/test/maps/sim_map_20260226_221010.pbstream
[INFO] [1772111410.872033615] [map_auto_saver]: Map saved successfully.
[INFO] [1772111410.872743756] [map_auto_saver]: Exporting ROS map (periodic) -> /home/tkddn647/test/maps/sim_map_20260226_221010.png + .yaml
[INFO] [1772111411.612285712] [map_auto_saver]: ROS map export succeeded.
[INFO] [1772111432.504442374] [map_auto_saver]: Saving map (periodic) -> /home/tkddn647/test/maps/sim_map_20260226_221032.pbstream
[INFO] [1772111432.596568399] [map_auto_saver]: Map saved successfully.
[INFO] [1772111432.597051199] [map_auto_saver]: Exporting ROS map (periodic) -> /home/tkddn647/test/maps/sim_map_20260226_221032.png + .yaml
[INFO] [1772111433.273003194] [map_auto_saver]: ROS map export succeeded.
[INFO] [1772111452.589254203] [map_auto_saver]: Saving map (periodic) -> /home/tkddn647/test/maps/sim_map_20260226_221052.pbstream
[INFO] [1772111452.684638256] [map_auto_saver]: Map saved successfully.
[INFO] [1772111452.685220392] [map_auto_saver]: Exporting ROS map (periodic) -> /home/tkddn647/test/maps/sim_map_20260226_221052.png + .yaml
[INFO] [1772111453.355793979] [map_auto_saver]: ROS map export succeeded.
[INFO] [1772111470.773318858] [map_auto_saver]: Saving map (periodic) -> /home/tkddn647/test/maps/sim_map_20260226_221110.pbstream
[INFO] [1772111470.858641612] [map_auto_saver]: Map saved successfully.
[INFO] [1772111470.859161278] [map_auto_saver]: Exporting ROS map (periodic) -> /home/tkddn647/test/maps/sim_map_20260226_221110.png + .yaml
[INFO] [1772111471.622318004] [map_auto_saver]: ROS map export succeeded.
[INFO] [1772111492.516928868] [map_auto_saver]: Saving map (periodic) -> /home/tkddn647/test/maps/sim_map_20260226_221132.pbstream
[INFO] [1772111492.711620227] [map_auto_saver]: Map saved successfully.
[INFO] [1772111492.712427999] [map_auto_saver]: Exporting ROS map (periodic) -> /home/tkddn647/test/maps/sim_map_20260226_221132.png + .yaml
[ERROR] [1772111495.194392202] [map_auto_saver]: ROS map export failed (code=1). stdout="[ros2run]: Process exited with failure 1" stderr="[INFO] [1772111493.049530672] [map_saver]: 
	map_saver lifecycle node launched. 
	Waiting on external lifecycle transitions to activate
	See https://design.ros2.org/articles/node_lifecycle.html for more information.
[INFO] [1772111493.050057695] [map_saver]: Creating
[INFO] [1772111493.050201477] [map_saver]: Configuring
[INFO] [1772111493.052333960] [map_saver]: Saving map from '/map' topic to '/home/tkddn647/test/maps/sim_map_20260226_221132' file
[WARN] [1772111493.052453657] [map_saver]: Free threshold unspecified. Setting it to default value: 0.250000
[WARN] [1772111493.052484432] [map_saver]: Occupied threshold unspecified. Setting it to default value: 0.650000
[ERROR] [1772111495.055756167] [map_saver]: Failed to spin map subscription
[INFO] [1772111495.057305831] [map_saver]: Destroying"
[INFO] [1772111501.648874680] [map_auto_saver]: KeyboardInterrupt received. Attempting shutdown save...
