[INFO] [1772106072.768534046] [map_auto_saver]: Periodic auto-save enabled: every 20.0s -> /home/tkddn647/test/maps
[INFO] [1772106093.508702862] [map_auto_saver]: Saving map (periodic) -> /home/tkddn647/test/maps/sim_map_20260226_204133.pbstream
[INFO] [1772106093.550772866] [map_auto_saver]: Map saved successfully.
[INFO] [1772106093.551279638] [map_auto_saver]: Exporting ROS map (periodic) -> /home/tkddn647/test/maps/sim_map_20260226_204133.png + .yaml
[INFO] [1772106094.081503124] [map_auto_saver]: ROS map export succeeded.
[INFO] [1772106113.716265748] [map_auto_saver]: Saving map (periodic) -> /home/tkddn647/test/maps/sim_map_20260226_204153.pbstream
[INFO] [1772106113.868915665] [map_auto_saver]: Map saved successfully.
[INFO] [1772106113.869702243] [map_auto_saver]: Exporting ROS map (periodic) -> /home/tkddn647/test/maps/sim_map_20260226_204153.png + .yaml
[INFO] [1772106114.378264282] [map_auto_saver]: ROS map export succeeded.
[INFO] [1772106132.758490857] [map_auto_saver]: Saving map (periodic) -> /home/tkddn647/test/maps/sim_map_20260226_204212.pbstream
[INFO] [1772106132.977219343] [map_auto_saver]: Map saved successfully.
[INFO] [1772106132.977850925] [map_auto_saver]: Exporting ROS map (periodic) -> /home/tkddn647/test/maps/sim_map_20260226_204212.png + .yaml
[INFO] [1772106135.074435788] [map_auto_saver]: ROS map export succeeded.
[INFO] [1772106153.632348458] [map_auto_saver]: Saving map (periodic) -> /home/tkddn647/test/maps/sim_map_20260226_204233.pbstream
[INFO] [1772106153.819695212] [map_auto_saver]: Map saved successfully.
[INFO] [1772106153.820310749] [map_auto_saver]: Exporting ROS map (periodic) -> /home/tkddn647/test/maps/sim_map_20260226_204233.png + .yaml
[INFO] [1772106154.712841682] [map_auto_saver]: ROS map export succeeded.
[INFO] [1772106172.757819687] [map_auto_saver]: Saving map (periodic) -> /home/tkddn647/test/maps/sim_map_20260226_204252.pbstream
[INFO] [1772106172.936822576] [map_auto_saver]: Map saved successfully.
[INFO] [1772106172.937378226] [map_auto_saver]: Exporting ROS map (periodic) -> /home/tkddn647/test/maps/sim_map_20260226_204252.png + .yaml
[INFO] [1772106173.764764106] [map_auto_saver]: ROS map export succeeded.
[INFO] [1772106194.104089482] [map_auto_saver]: Saving map (periodic) -> /home/tkddn647/test/maps/sim_map_20260226_204314.pbstream
[INFO] [1772106194.167125449] [map_auto_saver]: Map saved successfully.
[INFO] [1772106194.167926015] [map_auto_saver]: Exporting ROS map (periodic) -> /home/tkddn647/test/maps/sim_map_20260226_204314.png + .yaml
[INFO] [1772106195.041963967] [map_auto_saver]: ROS map export succeeded.
[INFO] [1772106214.102434329] [map_auto_saver]: Saving map (periodic) -> /home/tkddn647/test/maps/sim_map_20260226_204334.pbstream
[INFO] [1772106214.172476838] [map_auto_saver]: Map saved successfully.
[INFO] [1772106214.173017462] [map_auto_saver]: Exporting ROS map (periodic) -> /home/tkddn647/test/maps/sim_map_20260226_204334.png + .yaml
[INFO] [1772106214.734938113] [map_auto_saver]: ROS map export succeeded.
[INFO] [1772106232.757698878] [map_auto_saver]: Saving map (periodic) -> /home/tkddn647/test/maps/sim_map_20260226_204352.pbstream
[INFO] [1772106232.847512103] [map_auto_saver]: Map saved successfully.
[INFO] [1772106232.848251413] [map_auto_saver]: Exporting ROS map (periodic) -> /home/tkddn647/test/maps/sim_map_20260226_204352.png + .yaml
[INFO] [1772106233.779627169] [map_auto_saver]: ROS map export succeeded.
[INFO] [1772106253.819189293] [map_auto_saver]: Saving map (periodic) -> /home/tkddn647/test/maps/sim_map_20260226_204413.pbstream
[INFO] [1772106253.959832277] [map_auto_saver]: Map saved successfully.
[INFO] [1772106253.960364868] [map_auto_saver]: Exporting ROS map (periodic) -> /home/tkddn647/test/maps/sim_map_20260226_204413.png + .yaml
[INFO] [1772106254.876244901] [map_auto_saver]: ROS map export succeeded.
[INFO] [1772106255.357616390] [map_auto_saver]: KeyboardInterrupt received. Attempting shutdown save...
