[INFO] [1772103647.716487469] [map_auto_saver]: Periodic auto-save enabled: every 20.0s -> /home/tkddn647/test/maps
[INFO] [1772103667.700501979] [map_auto_saver]: Saving map (periodic) -> /home/tkddn647/test/maps/sim_map_20260226_200107.pbstream
[INFO] [1772103667.745346560] [map_auto_saver]: Map saved successfully.
[INFO] [1772103667.746207661] [map_auto_saver]: Exporting ROS map (periodic) -> /home/tkddn647/test/maps/sim_map_20260226_200107.png + .yaml
[INFO] [1772103668.309471782] [map_auto_saver]: ROS map export succeeded.
[INFO] [1772103688.903590772] [map_auto_saver]: Saving map (periodic) -> /home/tkddn647/test/maps/sim_map_20260226_200128.pbstream
[INFO] [1772103688.953579442] [map_auto_saver]: Map saved successfully.
[INFO] [1772103688.954054943] [map_auto_saver]: Exporting ROS map (periodic) -> /home/tkddn647/test/maps/sim_map_20260226_200128.png + .yaml
[INFO] [1772103689.455809868] [map_auto_saver]: ROS map export succeeded.
[INFO] [1772103708.879084094] [map_auto_saver]: Saving map (periodic) -> /home/tkddn647/test/maps/sim_map_20260226_200148.pbstream
[INFO] [1772103708.917129157] [map_auto_saver]: Map saved successfully.
[INFO] [1772103708.917711756] [map_auto_saver]: Exporting ROS map (periodic) -> /home/tkddn647/test/maps/sim_map_20260226_200148.png + .yaml
[INFO] [1772103709.443743397] [map_auto_saver]: ROS map export succeeded.
[INFO] [1772103727.700307473] [map_auto_saver]: Saving map (periodic) -> /home/tkddn647/test/maps/sim_map_20260226_200207.pbstream
[INFO] [1772103727.727142480] [map_auto_saver]: Map saved successfully.
[INFO] [1772103727.727751884] [map_auto_saver]: Exporting ROS map (periodic) -> /home/tkddn647/test/maps/sim_map_20260226_200207.png + .yaml
[INFO] [1772103728.246975256] [map_auto_saver]: ROS map export succeeded.
[INFO] [1772103748.956132482] [map_auto_saver]: Saving map (periodic) -> /home/tkddn647/test/maps/sim_map_20260226_200228.pbstream
[INFO] [1772103748.991655613] [map_auto_saver]: Map saved successfully.
[INFO] [1772103748.992241026] [map_auto_saver]: Exporting ROS map (periodic) -> /home/tkddn647/test/maps/sim_map_20260226_200228.png + .yaml
[INFO] [1772103749.822962124] [map_auto_saver]: ROS map export succeeded.
[INFO] [1772103767.700606432] [map_auto_saver]: Saving map (periodic) -> /home/tkddn647/test/maps/sim_map_20260226_200247.pbstream
[INFO] [1772103767.739059472] [map_auto_saver]: Map saved successfully.
[INFO] [1772103767.739743297] [map_auto_saver]: Exporting ROS map (periodic) -> /home/tkddn647/test/maps/sim_map_20260226_200247.png + .yaml
[INFO] [1772103768.273856957] [map_auto_saver]: ROS map export succeeded.
[INFO] [1772103784.704288372] [map_auto_saver]: KeyboardInterrupt received. Attempting shutdown save...
