[INFO] [1772107154.768085954] [map_auto_saver]: Periodic auto-save enabled: every 20.0s -> /home/tkddn647/test/maps
[INFO] [1772107176.126124005] [map_auto_saver]: Saving map (periodic) -> /home/tkddn647/test/maps/sim_map_20260226_205936.pbstream
[INFO] [1772107176.128743284] [map_auto_saver]: Map saved successfully.
[INFO] [1772107176.129256351] [map_auto_saver]: Exporting ROS map (periodic) -> /home/tkddn647/test/maps/sim_map_20260226_205936.png + .yaml
[ERROR] [1772107178.518964534] [map_auto_saver]: ROS map export failed (code=1). stdout="[ros2run]: Process exited with failure 1" stderr="[INFO] [1772107176.369262483] [map_saver]: 
	map_saver lifecycle node launched. 
	Waiting on external lifecycle transitions to activate
	See https://design.ros2.org/articles/node_lifecycle.html for more information.
[INFO] [1772107176.369491789] [map_saver]: Creating
[INFO] [1772107176.370231169] [map_saver]: Configuring
[INFO] [1772107176.373170863] [map_saver]: Saving map from '/map' topic to '/home/tkddn647/test/maps/sim_map_20260226_205936' file
[WARN] [1772107176.373245122] [map_saver]: Free threshold unspecified. Setting it to default value: 0.250000
[WARN] [1772107176.373263651] [map_saver]: Occupied threshold unspecified. Setting it to default value: 0.650000
[ERROR] [1772107178.376324973] [map_saver]: Failed to spin map subscription
[INFO] [1772107178.378721633] [map_saver]: Destroying"
[INFO] [1772107196.214335358] [map_auto_saver]: Saving map (periodic) -> /home/tkddn647/test/maps/sim_map_20260226_205956.pbstream
[INFO] [1772107196.216490247] [map_auto_saver]: Map saved successfully.
[INFO] [1772107196.216951549] [map_auto_saver]: Exporting ROS map (periodic) -> /home/tkddn647/test/maps/sim_map_20260226_205956.png + .yaml
[ERROR] [1772107198.934306816] [map_auto_saver]: ROS map export failed (code=1). stdout="[ros2run]: Process exited with failure 1" stderr="[INFO] [1772107196.785963371] [map_saver]: 
	map_saver lifecycle node launched. 
	Waiting on external lifecycle transitions to activate
	See https://design.ros2.org/articles/node_lifecycle.html for more information.
[INFO] [1772107196.786223713] [map_saver]: Creating
[INFO] [1772107196.787016739] [map_saver]: Configuring
[INFO] [1772107196.791372508] [map_saver]: Saving map from '/map' topic to '/home/tkddn647/test/maps/sim_map_20260226_205956' file
[WARN] [1772107196.791485847] [map_saver]: Free threshold unspecified. Setting it to default value: 0.250000
[WARN] [1772107196.791509146] [map_saver]: Occupied threshold unspecified. Setting it to default value: 0.650000
[ERROR] [1772107198.796059173] [map_saver]: Failed to spin map subscription
[INFO] [1772107198.798295286] [map_saver]: Destroying"
[INFO] [1772107214.755114156] [map_auto_saver]: Saving map (periodic) -> /home/tkddn647/test/maps/sim_map_20260226_210014.pbstream
[INFO] [1772107214.756714411] [map_auto_saver]: Map saved successfully.
[INFO] [1772107214.757313189] [map_auto_saver]: Exporting ROS map (periodic) -> /home/tkddn647/test/maps/sim_map_20260226_210014.png + .yaml
[ERROR] [1772107217.136082895] [map_auto_saver]: ROS map export failed (code=1). stdout="[ros2run]: Process exited with failure 1" stderr="[INFO] [1772107214.981286666] [map_saver]: 
	map_saver lifecycle node launched. 
	Waiting on external lifecycle transitions to activate
	See https://design.ros2.org/articles/node_lifecycle.html for more information.
[INFO] [1772107214.981505059] [map_saver]: Creating
[INFO] [1772107214.982299966] [map_saver]: Configuring
[INFO] [1772107214.984759430] [map_saver]: Saving map from '/map' topic to '/home/tkddn647/test/maps/sim_map_20260226_210014' file
[WARN] [1772107214.984813075] [map_saver]: Free threshold unspecified. Setting it to default value: 0.250000
[WARN] [1772107214.984827365] [map_saver]: Occupied threshold unspecified. Setting it to default value: 0.650000
[ERROR] [1772107216.987309846] [map_saver]: Failed to spin map subscription
[INFO] [1772107216.990232970] [map_saver]: Destroying"
[INFO] [1772107230.027646999] [map_auto_saver]: KeyboardInterrupt received. Attempting shutdown save...
