[INFO] [1772103925.957060878] [map_auto_saver]: Periodic auto-save enabled: every 20.0s -> /home/tkddn647/test/maps
[INFO] [1772103947.112173787] [map_auto_saver]: Saving map (periodic) -> /home/tkddn647/test/maps/sim_map_20260226_200547.pbstream
[INFO] [1772103947.159871424] [map_auto_saver]: Map saved successfully.
[INFO] [1772103947.160467984] [map_auto_saver]: Exporting ROS map (periodic) -> /home/tkddn647/test/maps/sim_map_20260226_200547.png + .yaml
[INFO] [1772103947.687324798] [map_auto_saver]: ROS map export succeeded.
[INFO] [1772103965.946749591] [map_auto_saver]: Saving map (periodic) -> /home/tkddn647/test/maps/sim_map_20260226_200605.pbstream
[INFO] [1772103966.149516307] [map_auto_saver]: Map saved successfully.
[INFO] [1772103966.150115570] [map_auto_saver]: Exporting ROS map (periodic) -> /home/tkddn647/test/maps/sim_map_20260226_200605.png + .yaml
[INFO] [1772103966.681791452] [map_auto_saver]: ROS map export succeeded.
[INFO] [1772103987.068897147] [map_auto_saver]: Saving map (periodic) -> /home/tkddn647/test/maps/sim_map_20260226_200627.pbstream
[INFO] [1772103987.238499133] [map_auto_saver]: Map saved successfully.
[INFO] [1772103987.239027610] [map_auto_saver]: Exporting ROS map (periodic) -> /home/tkddn647/test/maps/sim_map_20260226_200627.png + .yaml
[INFO] [1772103987.775544551] [map_auto_saver]: ROS map export succeeded.
[INFO] [1772104005.948537824] [map_auto_saver]: Saving map (periodic) -> /home/tkddn647/test/maps/sim_map_20260226_200645.pbstream
[INFO] [1772104006.024241034] [map_auto_saver]: Map saved successfully.
[INFO] [1772104006.025204716] [map_auto_saver]: Exporting ROS map (periodic) -> /home/tkddn647/test/maps/sim_map_20260226_200645.png + .yaml
[INFO] [1772104006.653010090] [map_auto_saver]: ROS map export succeeded.
[INFO] [1772104027.043124338] [map_auto_saver]: Saving map (periodic) -> /home/tkddn647/test/maps/sim_map_20260226_200707.pbstream
[INFO] [1772104027.136925812] [map_auto_saver]: Map saved successfully.
[INFO] [1772104027.137589886] [map_auto_saver]: Exporting ROS map (periodic) -> /home/tkddn647/test/maps/sim_map_20260226_200707.png + .yaml
[INFO] [1772104027.854363241] [map_auto_saver]: ROS map export succeeded.
[INFO] [1772104047.053202890] [map_auto_saver]: Saving map (periodic) -> /home/tkddn647/test/maps/sim_map_20260226_200727.pbstream
[INFO] [1772104047.126945278] [map_auto_saver]: Map saved successfully.
[INFO] [1772104047.127884930] [map_auto_saver]: Exporting ROS map (periodic) -> /home/tkddn647/test/maps/sim_map_20260226_200727.png + .yaml
[INFO] [1772104048.233459430] [map_auto_saver]: ROS map export succeeded.
[INFO] [1772104065.946705716] [map_auto_saver]: Saving map (periodic) -> /home/tkddn647/test/maps/sim_map_20260226_200745.pbstream
[INFO] [1772104066.051027383] [map_auto_saver]: Map saved successfully.
[INFO] [1772104066.051554344] [map_auto_saver]: Exporting ROS map (periodic) -> /home/tkddn647/test/maps/sim_map_20260226_200745.png + .yaml
[ERROR] [1772104068.442536731] [map_auto_saver]: ROS map export failed (code=1). stdout="[ros2run]: Process exited with failure 1" stderr="[INFO] [1772104066.308024686] [map_saver]: 
	map_saver lifecycle node launched. 
	Waiting on external lifecycle transitions to activate
	See https://design.ros2.org/articles/node_lifecycle.html for more information.
[INFO] [1772104066.308203976] [map_saver]: Creating
[INFO] [1772104066.308297499] [map_saver]: Configuring
[INFO] [1772104066.309677997] [map_saver]: Saving map from '/map' topic to '/home/tkddn647/test/maps/sim_map_20260226_200745' file
[WARN] [1772104066.309723328] [map_saver]: Free threshold unspecified. Setting it to default value: 0.250000
[WARN] [1772104066.309734566] [map_saver]: Occupied threshold unspecified. Setting it to default value: 0.650000
[ERROR] [1772104068.311312365] [map_saver]: Failed to spin map subscription
[INFO] [1772104068.312641114] [map_saver]: Destroying"
[INFO] [1772104087.135207499] [map_auto_saver]: Saving map (periodic) -> /home/tkddn647/test/maps/sim_map_20260226_200807.pbstream
[INFO] [1772104087.238962646] [map_auto_saver]: Map saved successfully.
[INFO] [1772104087.239673743] [map_auto_saver]: Exporting ROS map (periodic) -> /home/tkddn647/test/maps/sim_map_20260226_200807.png + .yaml
[INFO] [1772104088.034801167] [map_auto_saver]: ROS map export succeeded.
[INFO] [1772104105.946706560] [map_auto_saver]: Saving map (periodic) -> /home/tkddn647/test/maps/sim_map_20260226_200825.pbstream
[INFO] [1772104106.053436077] [map_auto_saver]: Map saved successfully.
[INFO] [1772104106.054032455] [map_auto_saver]: Exporting ROS map (periodic) -> /home/tkddn647/test/maps/sim_map_20260226_200825.png + .yaml
[INFO] [1772104106.855090942] [map_auto_saver]: ROS map export succeeded.
[INFO] [1772104127.000396748] [map_auto_saver]: Saving map (periodic) -> /home/tkddn647/test/maps/sim_map_20260226_200846.pbstream
[INFO] [1772104127.141043016] [map_auto_saver]: Map saved successfully.
[INFO] [1772104127.141748829] [map_auto_saver]: Exporting ROS map (periodic) -> /home/tkddn647/test/maps/sim_map_20260226_200846.png + .yaml
[INFO] [1772104128.004358872] [map_auto_saver]: ROS map export succeeded.
[INFO] [1772104147.171337530] [map_auto_saver]: Saving map (periodic) -> /home/tkddn647/test/maps/sim_map_20260226_200907.pbstream
[INFO] [1772104147.352872545] [map_auto_saver]: Map saved successfully.
[INFO] [1772104147.353491683] [map_auto_saver]: Exporting ROS map (periodic) -> /home/tkddn647/test/maps/sim_map_20260226_200907.png + .yaml
[INFO] [1772104148.535523413] [map_auto_saver]: ROS map export succeeded.
[INFO] [1772104165.946810518] [map_auto_saver]: Saving map (periodic) -> /home/tkddn647/test/maps/sim_map_20260226_200925.pbstream
[INFO] [1772104166.126678674] [map_auto_saver]: Map saved successfully.
[INFO] [1772104166.127483421] [map_auto_saver]: Exporting ROS map (periodic) -> /home/tkddn647/test/maps/sim_map_20260226_200925.png + .yaml
[INFO] [1772104167.186158856] [map_auto_saver]: ROS map export succeeded.
[INFO] [1772104186.922209493] [map_auto_saver]: Saving map (periodic) -> /home/tkddn647/test/maps/sim_map_20260226_200946.pbstream
[INFO] [1772104187.111543706] [map_auto_saver]: Map saved successfully.
[INFO] [1772104187.112155403] [map_auto_saver]: Exporting ROS map (periodic) -> /home/tkddn647/test/maps/sim_map_20260226_200946.png + .yaml
[INFO] [1772104188.072970507] [map_auto_saver]: ROS map export succeeded.
[INFO] [1772104190.716994111] [map_auto_saver]: KeyboardInterrupt received. Attempting shutdown save...
