[INFO] [1772114433.645697035] [map_auto_saver]: Periodic auto-save enabled: every 20.0s -> /home/tkddn647/test/maps
[INFO] [1772114453.633045393] [map_auto_saver]: Saving map (periodic) -> /home/tkddn647/test/maps/sim_map_20260226_230053.pbstream
[INFO] [1772114453.668605772] [map_auto_saver]: Map saved successfully.
[INFO] [1772114453.669123754] [map_auto_saver]: Exporting ROS map (periodic) -> /home/tkddn647/test/maps/sim_map_20260226_230053.png + .yaml
[INFO] [1772114454.597770420] [map_auto_saver]: ROS map export succeeded.
[INFO] [1772114475.288407140] [map_auto_saver]: Saving map (periodic) -> /home/tkddn647/test/maps/sim_map_20260226_230115.pbstream
[INFO] [1772114475.317350584] [map_auto_saver]: Map saved successfully.
[INFO] [1772114475.317848605] [map_auto_saver]: Exporting ROS map (periodic) -> /home/tkddn647/test/maps/sim_map_20260226_230115.png + .yaml
[INFO] [1772114475.905161114] [map_auto_saver]: ROS map export succeeded.
[INFO] [1772114493.633136986] [map_auto_saver]: Saving map (periodic) -> /home/tkddn647/test/maps/sim_map_20260226_230133.pbstream
[INFO] [1772114493.654694873] [map_auto_saver]: Map saved successfully.
[INFO] [1772114493.655291812] [map_auto_saver]: Exporting ROS map (periodic) -> /home/tkddn647/test/maps/sim_map_20260226_230133.png + .yaml
[INFO] [1772114494.232250488] [map_auto_saver]: ROS map export succeeded.
[INFO] [1772114515.234097154] [map_auto_saver]: Saving map (periodic) -> /home/tkddn647/test/maps/sim_map_20260226_230155.pbstream
[INFO] [1772114515.258146622] [map_auto_saver]: Map saved successfully.
[INFO] [1772114515.258643937] [map_auto_saver]: Exporting ROS map (periodic) -> /home/tkddn647/test/maps/sim_map_20260226_230155.png + .yaml
[INFO] [1772114515.888326118] [map_auto_saver]: ROS map export succeeded.
[INFO] [1772114535.226607251] [map_auto_saver]: Saving map (periodic) -> /home/tkddn647/test/maps/sim_map_20260226_230215.pbstream
[INFO] [1772114535.250062560] [map_auto_saver]: Map saved successfully.
[INFO] [1772114535.250632150] [map_auto_saver]: Exporting ROS map (periodic) -> /home/tkddn647/test/maps/sim_map_20260226_230215.png + .yaml
[INFO] [1772114535.853701130] [map_auto_saver]: ROS map export succeeded.
[INFO] [1772114553.633212566] [map_auto_saver]: Saving map (periodic) -> /home/tkddn647/test/maps/sim_map_20260226_230233.pbstream
[INFO] [1772114553.659491312] [map_auto_saver]: Map saved successfully.
[INFO] [1772114553.660004666] [map_auto_saver]: Exporting ROS map (periodic) -> /home/tkddn647/test/maps/sim_map_20260226_230233.png + .yaml
[INFO] [1772114554.280797539] [map_auto_saver]: ROS map export succeeded.
[INFO] [1772114575.321417310] [map_auto_saver]: Saving map (periodic) -> /home/tkddn647/test/maps/sim_map_20260226_230255.pbstream
[INFO] [1772114575.389422802] [map_auto_saver]: Map saved successfully.
[INFO] [1772114575.390173596] [map_auto_saver]: Exporting ROS map (periodic) -> /home/tkddn647/test/maps/sim_map_20260226_230255.png + .yaml
[INFO] [1772114576.057236261] [map_auto_saver]: ROS map export succeeded.
[INFO] [1772114593.633452697] [map_auto_saver]: Saving map (periodic) -> /home/tkddn647/test/maps/sim_map_20260226_230313.pbstream
[INFO] [1772114593.699946772] [map_auto_saver]: Map saved successfully.
[INFO] [1772114593.700549568] [map_auto_saver]: Exporting ROS map (periodic) -> /home/tkddn647/test/maps/sim_map_20260226_230313.png + .yaml
[ERROR] [1772114596.111436363] [map_auto_saver]: ROS map export failed (code=1). stdout="[ros2run]: Process exited with failure 1" stderr="[INFO] [1772114593.969436541] [map_saver]: 
	map_saver lifecycle node launched. 
	Waiting on external lifecycle transitions to activate
	See https://design.ros2.org/articles/node_lifecycle.html for more information.
[INFO] [1772114593.969681586] [map_saver]: Creating
[INFO] [1772114593.969838596] [map_saver]: Configuring
[INFO] [1772114593.972183489] [map_saver]: Saving map from '/map' topic to '/home/tkddn647/test/maps/sim_map_20260226_230313' file
[WARN] [1772114593.972245563] [map_saver]: Free threshold unspecified. Setting it to default value: 0.250000
[WARN] [1772114593.972263506] [map_saver]: Occupied threshold unspecified. Setting it to default value: 0.650000
[ERROR] [1772114595.974468889] [map_saver]: Failed to spin map subscription
[INFO] [1772114595.975886686] [map_saver]: Destroying"
[INFO] [1772114615.219179907] [map_auto_saver]: Saving map (periodic) -> /home/tkddn647/test/maps/sim_map_20260226_230335.pbstream
[INFO] [1772114615.266549384] [map_auto_saver]: Map saved successfully.
[INFO] [1772114615.267085825] [map_auto_saver]: Exporting ROS map (periodic) -> /home/tkddn647/test/maps/sim_map_20260226_230335.png + .yaml
[INFO] [1772114615.915888793] [map_auto_saver]: ROS map export succeeded.
[INFO] [1772114633.633371033] [map_auto_saver]: Saving map (periodic) -> /home/tkddn647/test/maps/sim_map_20260226_230353.pbstream
[INFO] [1772114633.682253886] [map_auto_saver]: Map saved successfully.
[INFO] [1772114633.682828615] [map_auto_saver]: Exporting ROS map (periodic) -> /home/tkddn647/test/maps/sim_map_20260226_230353.png + .yaml
[INFO] [1772114634.311053909] [map_auto_saver]: ROS map export succeeded.
[INFO] [1772114655.296274097] [map_auto_saver]: Saving map (periodic) -> /home/tkddn647/test/maps/sim_map_20260226_230415.pbstream
[INFO] [1772114655.359054143] [map_auto_saver]: Map saved successfully.
[INFO] [1772114655.359592675] [map_auto_saver]: Exporting ROS map (periodic) -> /home/tkddn647/test/maps/sim_map_20260226_230415.png + .yaml
[INFO] [1772114656.014784670] [map_auto_saver]: ROS map export succeeded.
[INFO] [1772114675.310452969] [map_auto_saver]: Saving map (periodic) -> /home/tkddn647/test/maps/sim_map_20260226_230435.pbstream
[INFO] [1772114675.357250665] [map_auto_saver]: Map saved successfully.
[INFO] [1772114675.357826186] [map_auto_saver]: Exporting ROS map (periodic) -> /home/tkddn647/test/maps/sim_map_20260226_230435.png + .yaml
[INFO] [1772114676.026034241] [map_auto_saver]: ROS map export succeeded.
[INFO] [1772114693.632986377] [map_auto_saver]: Saving map (periodic) -> /home/tkddn647/test/maps/sim_map_20260226_230453.pbstream
[INFO] [1772114693.673704017] [map_auto_saver]: Map saved successfully.
[INFO] [1772114693.674316085] [map_auto_saver]: Exporting ROS map (periodic) -> /home/tkddn647/test/maps/sim_map_20260226_230453.png + .yaml
[INFO] [1772114694.350606730] [map_auto_saver]: ROS map export succeeded.
[INFO] [1772114715.227577752] [map_auto_saver]: Saving map (periodic) -> /home/tkddn647/test/maps/sim_map_20260226_230515.pbstream
[INFO] [1772114715.297741192] [map_auto_saver]: Map saved successfully.
[INFO] [1772114715.298354518] [map_auto_saver]: Exporting ROS map (periodic) -> /home/tkddn647/test/maps/sim_map_20260226_230515.png + .yaml
[INFO] [1772114716.103922129] [map_auto_saver]: ROS map export succeeded.
[INFO] [1772114733.633583231] [map_auto_saver]: Saving map (periodic) -> /home/tkddn647/test/maps/sim_map_20260226_230533.pbstream
[INFO] [1772114733.702012952] [map_auto_saver]: Map saved successfully.
[INFO] [1772114733.702734008] [map_auto_saver]: Exporting ROS map (periodic) -> /home/tkddn647/test/maps/sim_map_20260226_230533.png + .yaml
[INFO] [1772114734.428422242] [map_auto_saver]: ROS map export succeeded.
[INFO] [1772114755.313514424] [map_auto_saver]: Saving map (periodic) -> /home/tkddn647/test/maps/sim_map_20260226_230555.pbstream
[INFO] [1772114755.371169354] [map_auto_saver]: Map saved successfully.
[INFO] [1772114755.371745402] [map_auto_saver]: Exporting ROS map (periodic) -> /home/tkddn647/test/maps/sim_map_20260226_230555.png + .yaml
[INFO] [1772114756.011708216] [map_auto_saver]: ROS map export succeeded.
[INFO] [1772114775.300971983] [map_auto_saver]: Saving map (periodic) -> /home/tkddn647/test/maps/sim_map_20260226_230615.pbstream
[INFO] [1772114775.359682509] [map_auto_saver]: Map saved successfully.
[INFO] [1772114775.360192125] [map_auto_saver]: Exporting ROS map (periodic) -> /home/tkddn647/test/maps/sim_map_20260226_230615.png + .yaml
[INFO] [1772114776.043378353] [map_auto_saver]: ROS map export succeeded.
[INFO] [1772114793.633248197] [map_auto_saver]: Saving map (periodic) -> /home/tkddn647/test/maps/sim_map_20260226_230633.pbstream
[INFO] [1772114793.687749721] [map_auto_saver]: Map saved successfully.
[INFO] [1772114793.688370752] [map_auto_saver]: Exporting ROS map (periodic) -> /home/tkddn647/test/maps/sim_map_20260226_230633.png + .yaml
[INFO] [1772114794.374649373] [map_auto_saver]: ROS map export succeeded.
[INFO] [1772114815.439779091] [map_auto_saver]: Saving map (periodic) -> /home/tkddn647/test/maps/sim_map_20260226_230655.pbstream
[INFO] [1772114815.506080991] [map_auto_saver]: Map saved successfully.
[INFO] [1772114815.506932529] [map_auto_saver]: Exporting ROS map (periodic) -> /home/tkddn647/test/maps/sim_map_20260226_230655.png + .yaml
[INFO] [1772114816.305612288] [map_auto_saver]: ROS map export succeeded.
[INFO] [1772114833.633589263] [map_auto_saver]: Saving map (periodic) -> /home/tkddn647/test/maps/sim_map_20260226_230713.pbstream
[INFO] [1772114833.698994777] [map_auto_saver]: Map saved successfully.
[INFO] [1772114833.699582104] [map_auto_saver]: Exporting ROS map (periodic) -> /home/tkddn647/test/maps/sim_map_20260226_230713.png + .yaml
[INFO] [1772114834.392383865] [map_auto_saver]: ROS map export succeeded.
[INFO] [1772114855.451815665] [map_auto_saver]: Saving map (periodic) -> /home/tkddn647/test/maps/sim_map_20260226_230735.pbstream
[INFO] [1772114855.518723190] [map_auto_saver]: Map saved successfully.
[INFO] [1772114855.519232106] [map_auto_saver]: Exporting ROS map (periodic) -> /home/tkddn647/test/maps/sim_map_20260226_230735.png + .yaml
[INFO] [1772114856.200789265] [map_auto_saver]: ROS map export succeeded.
[INFO] [1772114873.633124972] [map_auto_saver]: Saving map (periodic) -> /home/tkddn647/test/maps/sim_map_20260226_230753.pbstream
[INFO] [1772114873.697808236] [map_auto_saver]: Map saved successfully.
[INFO] [1772114873.698406985] [map_auto_saver]: Exporting ROS map (periodic) -> /home/tkddn647/test/maps/sim_map_20260226_230753.png + .yaml
[INFO] [1772114874.401484241] [map_auto_saver]: ROS map export succeeded.
[INFO] [1772114895.462633044] [map_auto_saver]: Saving map (periodic) -> /home/tkddn647/test/maps/sim_map_20260226_230815.pbstream
[INFO] [1772114895.535875241] [map_auto_saver]: Map saved successfully.
[INFO] [1772114895.536519706] [map_auto_saver]: Exporting ROS map (periodic) -> /home/tkddn647/test/maps/sim_map_20260226_230815.png + .yaml
[INFO] [1772114896.225550861] [map_auto_saver]: ROS map export succeeded.
[INFO] [1772114915.451152856] [map_auto_saver]: Saving map (periodic) -> /home/tkddn647/test/maps/sim_map_20260226_230835.pbstream
[INFO] [1772114915.523855155] [map_auto_saver]: Map saved successfully.
[INFO] [1772114915.524403773] [map_auto_saver]: Exporting ROS map (periodic) -> /home/tkddn647/test/maps/sim_map_20260226_230835.png + .yaml
[INFO] [1772114917.132442201] [map_auto_saver]: ROS map export succeeded.
[INFO] [1772114933.632946221] [map_auto_saver]: Saving map (periodic) -> /home/tkddn647/test/maps/sim_map_20260226_230853.pbstream
[INFO] [1772114933.701714638] [map_auto_saver]: Map saved successfully.
[INFO] [1772114933.702215985] [map_auto_saver]: Exporting ROS map (periodic) -> /home/tkddn647/test/maps/sim_map_20260226_230853.png + .yaml
[INFO] [1772114934.388485475] [map_auto_saver]: ROS map export succeeded.
[INFO] [1772114955.475198054] [map_auto_saver]: Saving map (periodic) -> /home/tkddn647/test/maps/sim_map_20260226_230915.pbstream
[INFO] [1772114955.540487843] [map_auto_saver]: Map saved successfully.
[INFO] [1772114955.541347155] [map_auto_saver]: Exporting ROS map (periodic) -> /home/tkddn647/test/maps/sim_map_20260226_230915.png + .yaml
[INFO] [1772114956.275598839] [map_auto_saver]: ROS map export succeeded.
[INFO] [1772114973.633376259] [map_auto_saver]: Saving map (periodic) -> /home/tkddn647/test/maps/sim_map_20260226_230933.pbstream
[INFO] [1772114973.702435409] [map_auto_saver]: Map saved successfully.
[INFO] [1772114973.703029456] [map_auto_saver]: Exporting ROS map (periodic) -> /home/tkddn647/test/maps/sim_map_20260226_230933.png + .yaml
[INFO] [1772114974.411218481] [map_auto_saver]: ROS map export succeeded.
[INFO] [1772114995.480951655] [map_auto_saver]: Saving map (periodic) -> /home/tkddn647/test/maps/sim_map_20260226_230955.pbstream
[INFO] [1772114995.540122793] [map_auto_saver]: Map saved successfully.
[INFO] [1772114995.540891717] [map_auto_saver]: Exporting ROS map (periodic) -> /home/tkddn647/test/maps/sim_map_20260226_230955.png + .yaml
[INFO] [1772114996.212971900] [map_auto_saver]: ROS map export succeeded.
[INFO] [1772115015.505247090] [map_auto_saver]: Saving map (periodic) -> /home/tkddn647/test/maps/sim_map_20260226_231015.pbstream
[INFO] [1772115015.563875562] [map_auto_saver]: Map saved successfully.
[INFO] [1772115015.564460987] [map_auto_saver]: Exporting ROS map (periodic) -> /home/tkddn647/test/maps/sim_map_20260226_231015.png + .yaml
[INFO] [1772115016.226598369] [map_auto_saver]: ROS map export succeeded.
[INFO] [1772115033.633005232] [map_auto_saver]: Saving map (periodic) -> /home/tkddn647/test/maps/sim_map_20260226_231033.pbstream
[INFO] [1772115033.696424666] [map_auto_saver]: Map saved successfully.
[INFO] [1772115033.696943695] [map_auto_saver]: Exporting ROS map (periodic) -> /home/tkddn647/test/maps/sim_map_20260226_231033.png + .yaml
[INFO] [1772115034.362854219] [map_auto_saver]: ROS map export succeeded.
[INFO] [1772115055.414861276] [map_auto_saver]: Saving map (periodic) -> /home/tkddn647/test/maps/sim_map_20260226_231055.pbstream
[INFO] [1772115055.476939146] [map_auto_saver]: Map saved successfully.
[INFO] [1772115055.477481404] [map_auto_saver]: Exporting ROS map (periodic) -> /home/tkddn647/test/maps/sim_map_20260226_231055.png + .yaml
[INFO] [1772115056.467591193] [map_auto_saver]: ROS map export succeeded.
[INFO] [1772115073.633130233] [map_auto_saver]: Saving map (periodic) -> /home/tkddn647/test/maps/sim_map_20260226_231113.pbstream
[INFO] [1772115073.686945358] [map_auto_saver]: Map saved successfully.
[INFO] [1772115073.687794078] [map_auto_saver]: Exporting ROS map (periodic) -> /home/tkddn647/test/maps/sim_map_20260226_231113.png + .yaml
[INFO] [1772115074.406579033] [map_auto_saver]: ROS map export succeeded.
[INFO] [1772115095.529721024] [map_auto_saver]: Saving map (periodic) -> /home/tkddn647/test/maps/sim_map_20260226_231135.pbstream
[INFO] [1772115095.589349720] [map_auto_saver]: Map saved successfully.
[INFO] [1772115095.589885279] [map_auto_saver]: Exporting ROS map (periodic) -> /home/tkddn647/test/maps/sim_map_20260226_231135.png + .yaml
[INFO] [1772115096.608418018] [map_auto_saver]: ROS map export succeeded.
[INFO] [1772115113.633313735] [map_auto_saver]: Saving map (periodic) -> /home/tkddn647/test/maps/sim_map_20260226_231153.pbstream
[INFO] [1772115113.692788622] [map_auto_saver]: Map saved successfully.
[INFO] [1772115113.693297953] [map_auto_saver]: Exporting ROS map (periodic) -> /home/tkddn647/test/maps/sim_map_20260226_231153.png + .yaml
[INFO] [1772115114.367718627] [map_auto_saver]: ROS map export succeeded.
[INFO] [1772115135.664139917] [map_auto_saver]: Saving map (periodic) -> /home/tkddn647/test/maps/sim_map_20260226_231215.pbstream
[INFO] [1772115135.718291585] [map_auto_saver]: Map saved successfully.
[INFO] [1772115135.718861255] [map_auto_saver]: Exporting ROS map (periodic) -> /home/tkddn647/test/maps/sim_map_20260226_231215.png + .yaml
[INFO] [1772115136.568640161] [map_auto_saver]: ROS map export succeeded.
[INFO] [1772115155.569280155] [map_auto_saver]: Saving map (periodic) -> /home/tkddn647/test/maps/sim_map_20260226_231235.pbstream
[INFO] [1772115155.643286601] [map_auto_saver]: Map saved successfully.
[INFO] [1772115155.644113281] [map_auto_saver]: Exporting ROS map (periodic) -> /home/tkddn647/test/maps/sim_map_20260226_231235.png + .yaml
[INFO] [1772115156.416711258] [map_auto_saver]: ROS map export succeeded.
[INFO] [1772115173.633270387] [map_auto_saver]: Saving map (periodic) -> /home/tkddn647/test/maps/sim_map_20260226_231253.pbstream
[INFO] [1772115173.700794692] [map_auto_saver]: Map saved successfully.
[INFO] [1772115173.701571759] [map_auto_saver]: Exporting ROS map (periodic) -> /home/tkddn647/test/maps/sim_map_20260226_231253.png + .yaml
[INFO] [1772115174.463361347] [map_auto_saver]: ROS map export succeeded.
[INFO] [1772115195.831264218] [map_auto_saver]: Saving map (periodic) -> /home/tkddn647/test/maps/sim_map_20260226_231315.pbstream
[INFO] [1772115195.908054485] [map_auto_saver]: Map saved successfully.
[INFO] [1772115195.908899736] [map_auto_saver]: Exporting ROS map (periodic) -> /home/tkddn647/test/maps/sim_map_20260226_231315.png + .yaml
[INFO] [1772115196.676341568] [map_auto_saver]: ROS map export succeeded.
[INFO] [1772115213.633047210] [map_auto_saver]: Saving map (periodic) -> /home/tkddn647/test/maps/sim_map_20260226_231333.pbstream
[INFO] [1772115213.698301762] [map_auto_saver]: Map saved successfully.
[INFO] [1772115213.698915116] [map_auto_saver]: Exporting ROS map (periodic) -> /home/tkddn647/test/maps/sim_map_20260226_231333.png + .yaml
[INFO] [1772115214.439073719] [map_auto_saver]: ROS map export succeeded.
[INFO] [1772115235.669116521] [map_auto_saver]: Saving map (periodic) -> /home/tkddn647/test/maps/sim_map_20260226_231355.pbstream
[INFO] [1772115235.736475566] [map_auto_saver]: Map saved successfully.
[INFO] [1772115235.737130038] [map_auto_saver]: Exporting ROS map (periodic) -> /home/tkddn647/test/maps/sim_map_20260226_231355.png + .yaml
[INFO] [1772115236.529763807] [map_auto_saver]: ROS map export succeeded.
[INFO] [1772115255.716923759] [map_auto_saver]: Saving map (periodic) -> /home/tkddn647/test/maps/sim_map_20260226_231415.pbstream
[INFO] [1772115255.799391747] [map_auto_saver]: Map saved successfully.
[INFO] [1772115255.799983032] [map_auto_saver]: Exporting ROS map (periodic) -> /home/tkddn647/test/maps/sim_map_20260226_231415.png + .yaml
[INFO] [1772115257.762777351] [map_auto_saver]: ROS map export succeeded.
[INFO] [1772115273.633256868] [map_auto_saver]: Saving map (periodic) -> /home/tkddn647/test/maps/sim_map_20260226_231433.pbstream
[INFO] [1772115273.712423458] [map_auto_saver]: Map saved successfully.
[INFO] [1772115273.712961253] [map_auto_saver]: Exporting ROS map (periodic) -> /home/tkddn647/test/maps/sim_map_20260226_231433.png + .yaml
[INFO] [1772115274.474579850] [map_auto_saver]: ROS map export succeeded.
[INFO] [1772115295.678650848] [map_auto_saver]: Saving map (periodic) -> /home/tkddn647/test/maps/sim_map_20260226_231455.pbstream
[INFO] [1772115295.778491691] [map_auto_saver]: Map saved successfully.
[INFO] [1772115295.778998215] [map_auto_saver]: Exporting ROS map (periodic) -> /home/tkddn647/test/maps/sim_map_20260226_231455.png + .yaml
[INFO] [1772115296.598253954] [map_auto_saver]: ROS map export succeeded.
[INFO] [1772115313.633354643] [map_auto_saver]: Saving map (periodic) -> /home/tkddn647/test/maps/sim_map_20260226_231513.pbstream
[INFO] [1772115313.737636348] [map_auto_saver]: Map saved successfully.
[INFO] [1772115313.738354397] [map_auto_saver]: Exporting ROS map (periodic) -> /home/tkddn647/test/maps/sim_map_20260226_231513.png + .yaml
[INFO] [1772115314.496931968] [map_auto_saver]: ROS map export succeeded.
[INFO] [1772115335.568244096] [map_auto_saver]: Saving map (periodic) -> /home/tkddn647/test/maps/sim_map_20260226_231535.pbstream
[INFO] [1772115335.644599497] [map_auto_saver]: Map saved successfully.
[INFO] [1772115335.645103119] [map_auto_saver]: Exporting ROS map (periodic) -> /home/tkddn647/test/maps/sim_map_20260226_231535.png + .yaml
[INFO] [1772115336.746928112] [map_auto_saver]: ROS map export succeeded.
[INFO] [1772115353.633306441] [map_auto_saver]: Saving map (periodic) -> /home/tkddn647/test/maps/sim_map_20260226_231553.pbstream
[INFO] [1772115353.730744168] [map_auto_saver]: Map saved successfully.
[INFO] [1772115353.731328291] [map_auto_saver]: Exporting ROS map (periodic) -> /home/tkddn647/test/maps/sim_map_20260226_231553.png + .yaml
[INFO] [1772115354.818652113] [map_auto_saver]: ROS map export succeeded.
[INFO] [1772115375.839209945] [map_auto_saver]: Saving map (periodic) -> /home/tkddn647/test/maps/sim_map_20260226_231615.pbstream
[INFO] [1772115375.924867459] [map_auto_saver]: Map saved successfully.
[INFO] [1772115375.925374305] [map_auto_saver]: Exporting ROS map (periodic) -> /home/tkddn647/test/maps/sim_map_20260226_231615.png + .yaml
[INFO] [1772115376.774659590] [map_auto_saver]: ROS map export succeeded.
[INFO] [1772115395.608127363] [map_auto_saver]: Saving map (periodic) -> /home/tkddn647/test/maps/sim_map_20260226_231635.pbstream
[INFO] [1772115395.707935478] [map_auto_saver]: Map saved successfully.
[INFO] [1772115395.708468028] [map_auto_saver]: Exporting ROS map (periodic) -> /home/tkddn647/test/maps/sim_map_20260226_231635.png + .yaml
[INFO] [1772115396.543560367] [map_auto_saver]: ROS map export succeeded.
[INFO] [1772115413.633066750] [map_auto_saver]: Saving map (periodic) -> /home/tkddn647/test/maps/sim_map_20260226_231653.pbstream
[INFO] [1772115413.718299885] [map_auto_saver]: Map saved successfully.
[INFO] [1772115413.718852986] [map_auto_saver]: Exporting ROS map (periodic) -> /home/tkddn647/test/maps/sim_map_20260226_231653.png + .yaml
[INFO] [1772115414.577648560] [map_auto_saver]: ROS map export succeeded.
[INFO] [1772115435.422370263] [map_auto_saver]: Saving map (periodic) -> /home/tkddn647/test/maps/sim_map_20260226_231715.pbstream
[INFO] [1772115435.514639058] [map_auto_saver]: Map saved successfully.
[INFO] [1772115435.515160568] [map_auto_saver]: Exporting ROS map (periodic) -> /home/tkddn647/test/maps/sim_map_20260226_231715.png + .yaml
[INFO] [1772115436.628934825] [map_auto_saver]: ROS map export succeeded.
[INFO] [1772115453.633273185] [map_auto_saver]: Saving map (periodic) -> /home/tkddn647/test/maps/sim_map_20260226_231733.pbstream
[INFO] [1772115453.724998707] [map_auto_saver]: Map saved successfully.
[INFO] [1772115453.725543972] [map_auto_saver]: Exporting ROS map (periodic) -> /home/tkddn647/test/maps/sim_map_20260226_231733.png + .yaml
[INFO] [1772115454.470236734] [map_auto_saver]: ROS map export succeeded.
[INFO] [1772115475.518606752] [map_auto_saver]: Saving map (periodic) -> /home/tkddn647/test/maps/sim_map_20260226_231755.pbstream
[INFO] [1772115475.603744960] [map_auto_saver]: Map saved successfully.
[INFO] [1772115475.604339944] [map_auto_saver]: Exporting ROS map (periodic) -> /home/tkddn647/test/maps/sim_map_20260226_231755.png + .yaml
[INFO] [1772115476.344537886] [map_auto_saver]: ROS map export succeeded.
[INFO] [1772115493.632965913] [map_auto_saver]: Saving map (periodic) -> /home/tkddn647/test/maps/sim_map_20260226_231813.pbstream
[INFO] [1772115493.717351539] [map_auto_saver]: Map saved successfully.
[INFO] [1772115493.717853321] [map_auto_saver]: Exporting ROS map (periodic) -> /home/tkddn647/test/maps/sim_map_20260226_231813.png + .yaml
[ERROR] [1772115498.052840539] [map_auto_saver]: ROS map export failed (code=1). stdout="[ros2run]: Process exited with failure 1" stderr="[INFO] [1772115493.991550697] [map_saver]: 
	map_saver lifecycle node launched. 
	Waiting on external lifecycle transitions to activate
	See https://design.ros2.org/articles/node_lifecycle.html for more information.
[INFO] [1772115493.991740661] [map_saver]: Creating
[INFO] [1772115493.991833466] [map_saver]: Configuring
[INFO] [1772115493.993232772] [map_saver]: Saving map from '/map' topic to '/home/tkddn647/test/maps/sim_map_20260226_231813' file
[WARN] [1772115493.993289220] [map_saver]: Free threshold unspecified. Setting it to default value: 0.250000
[WARN] [1772115493.993302673] [map_saver]: Occupied threshold unspecified. Setting it to default value: 0.650000
[ERROR] [1772115497.914613773] [map_saver]: Failed to spin map subscription
[INFO] [1772115497.916049152] [map_saver]: Destroying"
[INFO] [1772115515.552796303] [map_auto_saver]: Saving map (periodic) -> /home/tkddn647/test/maps/sim_map_20260226_231835.pbstream
[INFO] [1772115515.638294829] [map_auto_saver]: Map saved successfully.
[INFO] [1772115515.638788029] [map_auto_saver]: Exporting ROS map (periodic) -> /home/tkddn647/test/maps/sim_map_20260226_231835.png + .yaml
[INFO] [1772115516.377040153] [map_auto_saver]: ROS map export succeeded.
[INFO] [1772115535.472973130] [map_auto_saver]: Saving map (periodic) -> /home/tkddn647/test/maps/sim_map_20260226_231855.pbstream
[INFO] [1772115535.564339425] [map_auto_saver]: Map saved successfully.
[INFO] [1772115535.564905857] [map_auto_saver]: Exporting ROS map (periodic) -> /home/tkddn647/test/maps/sim_map_20260226_231855.png + .yaml
[INFO] [1772115536.643850193] [map_auto_saver]: ROS map export succeeded.
[INFO] [1772115553.633262147] [map_auto_saver]: Saving map (periodic) -> /home/tkddn647/test/maps/sim_map_20260226_231913.pbstream
[INFO] [1772115553.728030321] [map_auto_saver]: Map saved successfully.
[INFO] [1772115553.728578508] [map_auto_saver]: Exporting ROS map (periodic) -> /home/tkddn647/test/maps/sim_map_20260226_231913.png + .yaml
[INFO] [1772115554.522776221] [map_auto_saver]: ROS map export succeeded.
[INFO] [1772115575.574771545] [map_auto_saver]: Saving map (periodic) -> /home/tkddn647/test/maps/sim_map_20260226_231935.pbstream
[INFO] [1772115575.657608920] [map_auto_saver]: Map saved successfully.
[INFO] [1772115575.658449967] [map_auto_saver]: Exporting ROS map (periodic) -> /home/tkddn647/test/maps/sim_map_20260226_231935.png + .yaml
[INFO] [1772115576.392380960] [map_auto_saver]: ROS map export succeeded.
[INFO] [1772115593.633074552] [map_auto_saver]: Saving map (periodic) -> /home/tkddn647/test/maps/sim_map_20260226_231953.pbstream
[INFO] [1772115593.721989898] [map_auto_saver]: Map saved successfully.
[INFO] [1772115593.722564959] [map_auto_saver]: Exporting ROS map (periodic) -> /home/tkddn647/test/maps/sim_map_20260226_231953.png + .yaml
[INFO] [1772115594.502915732] [map_auto_saver]: ROS map export succeeded.
[INFO] [1772115615.528404528] [map_auto_saver]: Saving map (periodic) -> /home/tkddn647/test/maps/sim_map_20260226_232015.pbstream
[INFO] [1772115615.620331201] [map_auto_saver]: Map saved successfully.
[INFO] [1772115615.620836946] [map_auto_saver]: Exporting ROS map (periodic) -> /home/tkddn647/test/maps/sim_map_20260226_232015.png + .yaml
[INFO] [1772115616.430484650] [map_auto_saver]: ROS map export succeeded.
[INFO] [1772115635.503277700] [map_auto_saver]: Saving map (periodic) -> /home/tkddn647/test/maps/sim_map_20260226_232035.pbstream
[INFO] [1772115635.599006132] [map_auto_saver]: Map saved successfully.
[INFO] [1772115635.599645860] [map_auto_saver]: Exporting ROS map (periodic) -> /home/tkddn647/test/maps/sim_map_20260226_232035.png + .yaml
[INFO] [1772115636.330522628] [map_auto_saver]: ROS map export succeeded.
[INFO] [1772115653.633294088] [map_auto_saver]: Saving map (periodic) -> /home/tkddn647/test/maps/sim_map_20260226_232053.pbstream
[INFO] [1772115653.733467773] [map_auto_saver]: Map saved successfully.
[INFO] [1772115653.734024783] [map_auto_saver]: Exporting ROS map (periodic) -> /home/tkddn647/test/maps/sim_map_20260226_232053.png + .yaml
[INFO] [1772115654.575943416] [map_auto_saver]: ROS map export succeeded.
[INFO] [1772115675.502485691] [map_auto_saver]: Saving map (periodic) -> /home/tkddn647/test/maps/sim_map_20260226_232115.pbstream
[INFO] [1772115675.595064671] [map_auto_saver]: Map saved successfully.
[INFO] [1772115675.595673941] [map_auto_saver]: Exporting ROS map (periodic) -> /home/tkddn647/test/maps/sim_map_20260226_232115.png + .yaml
[INFO] [1772115676.346353424] [map_auto_saver]: ROS map export succeeded.
[INFO] [1772115693.632944837] [map_auto_saver]: Saving map (periodic) -> /home/tkddn647/test/maps/sim_map_20260226_232133.pbstream
[INFO] [1772115693.724013377] [map_auto_saver]: Map saved successfully.
[INFO] [1772115693.724587310] [map_auto_saver]: Exporting ROS map (periodic) -> /home/tkddn647/test/maps/sim_map_20260226_232133.png + .yaml
[INFO] [1772115694.474446405] [map_auto_saver]: ROS map export succeeded.
[INFO] [1772115715.596553345] [map_auto_saver]: Saving map (periodic) -> /home/tkddn647/test/maps/sim_map_20260226_232155.pbstream
[INFO] [1772115715.722720420] [map_auto_saver]: Map saved successfully.
[INFO] [1772115715.723384612] [map_auto_saver]: Exporting ROS map (periodic) -> /home/tkddn647/test/maps/sim_map_20260226_232155.png + .yaml
[INFO] [1772115716.716554727] [map_auto_saver]: ROS map export succeeded.
[INFO] [1772115733.633247968] [map_auto_saver]: Saving map (periodic) -> /home/tkddn647/test/maps/sim_map_20260226_232213.pbstream
[INFO] [1772115733.731322775] [map_auto_saver]: Map saved successfully.
[INFO] [1772115733.732169021] [map_auto_saver]: Exporting ROS map (periodic) -> /home/tkddn647/test/maps/sim_map_20260226_232213.png + .yaml
[INFO] [1772115735.023021308] [map_auto_saver]: ROS map export succeeded.
[INFO] [1772115755.535024661] [map_auto_saver]: Saving map (periodic) -> /home/tkddn647/test/maps/sim_map_20260226_232235.pbstream
[INFO] [1772115755.638140107] [map_auto_saver]: Map saved successfully.
[INFO] [1772115755.638646644] [map_auto_saver]: Exporting ROS map (periodic) -> /home/tkddn647/test/maps/sim_map_20260226_232235.png + .yaml
[INFO] [1772115756.374129816] [map_auto_saver]: ROS map export succeeded.
[INFO] [1772115775.465905698] [map_auto_saver]: Saving map (periodic) -> /home/tkddn647/test/maps/sim_map_20260226_232255.pbstream
[INFO] [1772115775.597408515] [map_auto_saver]: Map saved successfully.
[INFO] [1772115775.598107048] [map_auto_saver]: Exporting ROS map (periodic) -> /home/tkddn647/test/maps/sim_map_20260226_232255.png + .yaml
[INFO] [1772115776.713069052] [map_auto_saver]: ROS map export succeeded.
[INFO] [1772115793.633957426] [map_auto_saver]: Saving map (periodic) -> /home/tkddn647/test/maps/sim_map_20260226_232313.pbstream
[INFO] [1772115793.780094718] [map_auto_saver]: Map saved successfully.
[INFO] [1772115793.780686342] [map_auto_saver]: Exporting ROS map (periodic) -> /home/tkddn647/test/maps/sim_map_20260226_232313.png + .yaml
[INFO] [1772115795.005200087] [map_auto_saver]: ROS map export succeeded.
[INFO] [1772115815.611628505] [map_auto_saver]: Saving map (periodic) -> /home/tkddn647/test/maps/sim_map_20260226_232335.pbstream
[INFO] [1772115815.727100700] [map_auto_saver]: Map saved successfully.
[INFO] [1772115815.728023429] [map_auto_saver]: Exporting ROS map (periodic) -> /home/tkddn647/test/maps/sim_map_20260226_232335.png + .yaml
[INFO] [1772115816.588583010] [map_auto_saver]: ROS map export succeeded.
[INFO] [1772115833.633103484] [map_auto_saver]: Saving map (periodic) -> /home/tkddn647/test/maps/sim_map_20260226_232353.pbstream
[INFO] [1772115833.759660014] [map_auto_saver]: Map saved successfully.
[INFO] [1772115833.760740119] [map_auto_saver]: Exporting ROS map (periodic) -> /home/tkddn647/test/maps/sim_map_20260226_232353.png + .yaml
[INFO] [1772115834.963334019] [map_auto_saver]: ROS map export succeeded.
[INFO] [1772115855.736700443] [map_auto_saver]: Saving map (periodic) -> /home/tkddn647/test/maps/sim_map_20260226_232415.pbstream
[INFO] [1772115855.854143698] [map_auto_saver]: Map saved successfully.
[INFO] [1772115855.854801379] [map_auto_saver]: Exporting ROS map (periodic) -> /home/tkddn647/test/maps/sim_map_20260226_232415.png + .yaml
[INFO] [1772115856.983939175] [map_auto_saver]: ROS map export succeeded.
[INFO] [1772115875.565017837] [map_auto_saver]: Saving map (periodic) -> /home/tkddn647/test/maps/sim_map_20260226_232435.pbstream
[INFO] [1772115875.680532560] [map_auto_saver]: Map saved successfully.
[INFO] [1772115875.681092532] [map_auto_saver]: Exporting ROS map (periodic) -> /home/tkddn647/test/maps/sim_map_20260226_232435.png + .yaml
[INFO] [1772115876.511636879] [map_auto_saver]: ROS map export succeeded.
[INFO] [1772115893.633245136] [map_auto_saver]: Saving map (periodic) -> /home/tkddn647/test/maps/sim_map_20260226_232453.pbstream
[INFO] [1772115893.744024677] [map_auto_saver]: Map saved successfully.
[INFO] [1772115893.744551536] [map_auto_saver]: Exporting ROS map (periodic) -> /home/tkddn647/test/maps/sim_map_20260226_232453.png + .yaml
[INFO] [1772115894.896536640] [map_auto_saver]: ROS map export succeeded.
[INFO] [1772115915.673066684] [map_auto_saver]: Saving map (periodic) -> /home/tkddn647/test/maps/sim_map_20260226_232515.pbstream
[INFO] [1772115915.784425618] [map_auto_saver]: Map saved successfully.
[INFO] [1772115915.784953735] [map_auto_saver]: Exporting ROS map (periodic) -> /home/tkddn647/test/maps/sim_map_20260226_232515.png + .yaml
[INFO] [1772115916.876215815] [map_auto_saver]: ROS map export succeeded.
[INFO] [1772115933.633491994] [map_auto_saver]: Saving map (periodic) -> /home/tkddn647/test/maps/sim_map_20260226_232533.pbstream
[INFO] [1772115933.745645877] [map_auto_saver]: Map saved successfully.
[INFO] [1772115933.746158448] [map_auto_saver]: Exporting ROS map (periodic) -> /home/tkddn647/test/maps/sim_map_20260226_232533.png + .yaml
[INFO] [1772115934.612578339] [map_auto_saver]: ROS map export succeeded.
[INFO] [1772115955.690958051] [map_auto_saver]: Saving map (periodic) -> /home/tkddn647/test/maps/sim_map_20260226_232555.pbstream
[INFO] [1772115955.802241203] [map_auto_saver]: Map saved successfully.
[INFO] [1772115955.802721271] [map_auto_saver]: Exporting ROS map (periodic) -> /home/tkddn647/test/maps/sim_map_20260226_232555.png + .yaml
[INFO] [1772115956.624254410] [map_auto_saver]: ROS map export succeeded.
[INFO] [1772115973.632985660] [map_auto_saver]: Saving map (periodic) -> /home/tkddn647/test/maps/sim_map_20260226_232613.pbstream
[INFO] [1772115973.747457720] [map_auto_saver]: Map saved successfully.
[INFO] [1772115973.748079911] [map_auto_saver]: Exporting ROS map (periodic) -> /home/tkddn647/test/maps/sim_map_20260226_232613.png + .yaml
[INFO] [1772115975.005491018] [map_auto_saver]: ROS map export succeeded.
[INFO] [1772115995.750316996] [map_auto_saver]: Saving map (periodic) -> /home/tkddn647/test/maps/sim_map_20260226_232635.pbstream
[INFO] [1772115995.868677859] [map_auto_saver]: Map saved successfully.
[INFO] [1772115995.869237455] [map_auto_saver]: Exporting ROS map (periodic) -> /home/tkddn647/test/maps/sim_map_20260226_232635.png + .yaml
[INFO] [1772115996.753451323] [map_auto_saver]: ROS map export succeeded.
[INFO] [1772116015.658410077] [map_auto_saver]: Saving map (periodic) -> /home/tkddn647/test/maps/sim_map_20260226_232655.pbstream
[INFO] [1772116015.774144566] [map_auto_saver]: Map saved successfully.
[INFO] [1772116015.774700310] [map_auto_saver]: Exporting ROS map (periodic) -> /home/tkddn647/test/maps/sim_map_20260226_232655.png + .yaml
[INFO] [1772116017.039744544] [map_auto_saver]: ROS map export succeeded.
[INFO] [1772116033.633145375] [map_auto_saver]: Saving map (periodic) -> /home/tkddn647/test/maps/sim_map_20260226_232713.pbstream
[INFO] [1772116033.744454471] [map_auto_saver]: Map saved successfully.
[INFO] [1772116033.745139133] [map_auto_saver]: Exporting ROS map (periodic) -> /home/tkddn647/test/maps/sim_map_20260226_232713.png + .yaml
[INFO] [1772116034.578792841] [map_auto_saver]: ROS map export succeeded.
[INFO] [1772116055.572308536] [map_auto_saver]: Saving map (periodic) -> /home/tkddn647/test/maps/sim_map_20260226_232735.pbstream
[INFO] [1772116055.698962599] [map_auto_saver]: Map saved successfully.
[INFO] [1772116055.699751138] [map_auto_saver]: Exporting ROS map (periodic) -> /home/tkddn647/test/maps/sim_map_20260226_232735.png + .yaml
[INFO] [1772116056.683544750] [map_auto_saver]: ROS map export succeeded.
[INFO] [1772116073.633222126] [map_auto_saver]: Saving map (periodic) -> /home/tkddn647/test/maps/sim_map_20260226_232753.pbstream
[INFO] [1772116073.778599538] [map_auto_saver]: Map saved successfully.
[INFO] [1772116073.779279255] [map_auto_saver]: Exporting ROS map (periodic) -> /home/tkddn647/test/maps/sim_map_20260226_232753.png + .yaml
[INFO] [1772116075.089325962] [map_auto_saver]: ROS map export succeeded.
[INFO] [1772116095.646491481] [map_auto_saver]: Saving map (periodic) -> /home/tkddn647/test/maps/sim_map_20260226_232815.pbstream
[INFO] [1772116095.769414310] [map_auto_saver]: Map saved successfully.
[INFO] [1772116095.770084026] [map_auto_saver]: Exporting ROS map (periodic) -> /home/tkddn647/test/maps/sim_map_20260226_232815.png + .yaml
[INFO] [1772116096.545326374] [map_auto_saver]: ROS map export succeeded.
[INFO] [1772116113.634284908] [map_auto_saver]: Saving map (periodic) -> /home/tkddn647/test/maps/sim_map_20260226_232833.pbstream
[INFO] [1772116113.818039330] [map_auto_saver]: Map saved successfully.
[INFO] [1772116113.818941194] [map_auto_saver]: Exporting ROS map (periodic) -> /home/tkddn647/test/maps/sim_map_20260226_232833.png + .yaml
[INFO] [1772116114.898538654] [map_auto_saver]: ROS map export succeeded.
[INFO] [1772116135.626831777] [map_auto_saver]: Saving map (periodic) -> /home/tkddn647/test/maps/sim_map_20260226_232855.pbstream
[INFO] [1772116135.781032445] [map_auto_saver]: Map saved successfully.
[INFO] [1772116135.781993063] [map_auto_saver]: Exporting ROS map (periodic) -> /home/tkddn647/test/maps/sim_map_20260226_232855.png + .yaml
[INFO] [1772116136.906621508] [map_auto_saver]: ROS map export succeeded.
[INFO] [1772116155.586244969] [map_auto_saver]: Saving map (periodic) -> /home/tkddn647/test/maps/sim_map_20260226_232915.pbstream
[INFO] [1772116155.729920297] [map_auto_saver]: Map saved successfully.
[INFO] [1772116155.730486176] [map_auto_saver]: Exporting ROS map (periodic) -> /home/tkddn647/test/maps/sim_map_20260226_232915.png + .yaml
[INFO] [1772116157.558412961] [map_auto_saver]: ROS map export succeeded.
[INFO] [1772116173.633315710] [map_auto_saver]: Saving map (periodic) -> /home/tkddn647/test/maps/sim_map_20260226_232933.pbstream
[INFO] [1772116173.810348225] [map_auto_saver]: Map saved successfully.
[INFO] [1772116173.810889491] [map_auto_saver]: Exporting ROS map (periodic) -> /home/tkddn647/test/maps/sim_map_20260226_232933.png + .yaml
[INFO] [1772116174.751523553] [map_auto_saver]: ROS map export succeeded.
[INFO] [1772116195.688551729] [map_auto_saver]: Saving map (periodic) -> /home/tkddn647/test/maps/sim_map_20260226_232955.pbstream
[INFO] [1772116195.863369535] [map_auto_saver]: Map saved successfully.
[INFO] [1772116195.864094825] [map_auto_saver]: Exporting ROS map (periodic) -> /home/tkddn647/test/maps/sim_map_20260226_232955.png + .yaml
[INFO] [1772116196.682491581] [map_auto_saver]: ROS map export succeeded.
[INFO] [1772116213.633576274] [map_auto_saver]: Saving map (periodic) -> /home/tkddn647/test/maps/sim_map_20260226_233013.pbstream
[INFO] [1772116213.799438282] [map_auto_saver]: Map saved successfully.
[INFO] [1772116213.800233808] [map_auto_saver]: Exporting ROS map (periodic) -> /home/tkddn647/test/maps/sim_map_20260226_233013.png + .yaml
[INFO] [1772116215.050563125] [map_auto_saver]: ROS map export succeeded.
[INFO] [1772116235.750684232] [map_auto_saver]: Saving map (periodic) -> /home/tkddn647/test/maps/sim_map_20260226_233035.pbstream
[INFO] [1772116235.916110656] [map_auto_saver]: Map saved successfully.
[INFO] [1772116235.916838074] [map_auto_saver]: Exporting ROS map (periodic) -> /home/tkddn647/test/maps/sim_map_20260226_233035.png + .yaml
[INFO] [1772116236.799256386] [map_auto_saver]: ROS map export succeeded.
[INFO] [1772116255.546585506] [map_auto_saver]: Saving map (periodic) -> /home/tkddn647/test/maps/sim_map_20260226_233055.pbstream
[INFO] [1772116255.714186244] [map_auto_saver]: Map saved successfully.
[INFO] [1772116255.714879207] [map_auto_saver]: Exporting ROS map (periodic) -> /home/tkddn647/test/maps/sim_map_20260226_233055.png + .yaml
[INFO] [1772116256.563671962] [map_auto_saver]: ROS map export succeeded.
[INFO] [1772116273.633607159] [map_auto_saver]: Saving map (periodic) -> /home/tkddn647/test/maps/sim_map_20260226_233113.pbstream
[INFO] [1772116273.793493417] [map_auto_saver]: Map saved successfully.
[INFO] [1772116273.794091976] [map_auto_saver]: Exporting ROS map (periodic) -> /home/tkddn647/test/maps/sim_map_20260226_233113.png + .yaml
[INFO] [1772116275.053986786] [map_auto_saver]: ROS map export succeeded.
[INFO] [1772116294.960829961] [map_auto_saver]: Saving map (periodic) -> /home/tkddn647/test/maps/sim_map_20260226_233134.pbstream
[INFO] [1772116295.146552973] [map_auto_saver]: Map saved successfully.
[INFO] [1772116295.147387056] [map_auto_saver]: Exporting ROS map (periodic) -> /home/tkddn647/test/maps/sim_map_20260226_233134.png + .yaml
[INFO] [1772116296.065146299] [map_auto_saver]: ROS map export succeeded.
[INFO] [1772116313.633389791] [map_auto_saver]: Saving map (periodic) -> /home/tkddn647/test/maps/sim_map_20260226_233153.pbstream
[INFO] [1772116313.806409119] [map_auto_saver]: Map saved successfully.
[INFO] [1772116313.807011533] [map_auto_saver]: Exporting ROS map (periodic) -> /home/tkddn647/test/maps/sim_map_20260226_233153.png + .yaml
[INFO] [1772116314.736370600] [map_auto_saver]: ROS map export succeeded.
[INFO] [1772116335.756884834] [map_auto_saver]: Saving map (periodic) -> /home/tkddn647/test/maps/sim_map_20260226_233215.pbstream
[INFO] [1772116335.936310013] [map_auto_saver]: Map saved successfully.
[INFO] [1772116335.936939053] [map_auto_saver]: Exporting ROS map (periodic) -> /home/tkddn647/test/maps/sim_map_20260226_233215.png + .yaml
[INFO] [1772116336.831954980] [map_auto_saver]: ROS map export succeeded.
[INFO] [1772116353.633144327] [map_auto_saver]: Saving map (periodic) -> /home/tkddn647/test/maps/sim_map_20260226_233233.pbstream
[INFO] [1772116353.802602620] [map_auto_saver]: Map saved successfully.
[INFO] [1772116353.803196108] [map_auto_saver]: Exporting ROS map (periodic) -> /home/tkddn647/test/maps/sim_map_20260226_233233.png + .yaml
[INFO] [1772116354.964332938] [map_auto_saver]: ROS map export succeeded.
[INFO] [1772116375.526493220] [map_auto_saver]: Saving map (periodic) -> /home/tkddn647/test/maps/sim_map_20260226_233255.pbstream
[INFO] [1772116375.686704013] [map_auto_saver]: Map saved successfully.
[INFO] [1772116375.687187484] [map_auto_saver]: Exporting ROS map (periodic) -> /home/tkddn647/test/maps/sim_map_20260226_233255.png + .yaml
[INFO] [1772116376.484376913] [map_auto_saver]: ROS map export succeeded.
[INFO] [1772116395.728846124] [map_auto_saver]: Saving map (periodic) -> /home/tkddn647/test/maps/sim_map_20260226_233315.pbstream
[INFO] [1772116395.891467220] [map_auto_saver]: Map saved successfully.
[INFO] [1772116395.892282400] [map_auto_saver]: Exporting ROS map (periodic) -> /home/tkddn647/test/maps/sim_map_20260226_233315.png + .yaml
[INFO] [1772116397.785400585] [map_auto_saver]: ROS map export succeeded.
[INFO] [1772116413.633090061] [map_auto_saver]: Saving map (periodic) -> /home/tkddn647/test/maps/sim_map_20260226_233333.pbstream
[INFO] [1772116413.786156517] [map_auto_saver]: Map saved successfully.
[INFO] [1772116413.786781743] [map_auto_saver]: Exporting ROS map (periodic) -> /home/tkddn647/test/maps/sim_map_20260226_233333.png + .yaml
[INFO] [1772116414.607858603] [map_auto_saver]: ROS map export succeeded.
[INFO] [1772116435.553468965] [map_auto_saver]: Saving map (periodic) -> /home/tkddn647/test/maps/sim_map_20260226_233355.pbstream
[INFO] [1772116435.716676429] [map_auto_saver]: Map saved successfully.
[INFO] [1772116435.717178374] [map_auto_saver]: Exporting ROS map (periodic) -> /home/tkddn647/test/maps/sim_map_20260226_233355.png + .yaml
[INFO] [1772116436.579725803] [map_auto_saver]: ROS map export succeeded.
[INFO] [1772116453.633044758] [map_auto_saver]: Saving map (periodic) -> /home/tkddn647/test/maps/sim_map_20260226_233413.pbstream
[INFO] [1772116453.785126984] [map_auto_saver]: Map saved successfully.
[INFO] [1772116453.785752128] [map_auto_saver]: Exporting ROS map (periodic) -> /home/tkddn647/test/maps/sim_map_20260226_233413.png + .yaml
[INFO] [1772116454.708431933] [map_auto_saver]: ROS map export succeeded.
[INFO] [1772116475.684577815] [map_auto_saver]: Saving map (periodic) -> /home/tkddn647/test/maps/sim_map_20260226_233435.pbstream
[INFO] [1772116475.864476496] [map_auto_saver]: Map saved successfully.
[INFO] [1772116475.865415715] [map_auto_saver]: Exporting ROS map (periodic) -> /home/tkddn647/test/maps/sim_map_20260226_233435.png + .yaml
[INFO] [1772116476.688058224] [map_auto_saver]: ROS map export succeeded.
[INFO] [1772116493.633719059] [map_auto_saver]: Saving map (periodic) -> /home/tkddn647/test/maps/sim_map_20260226_233453.pbstream
[INFO] [1772116493.798720222] [map_auto_saver]: Map saved successfully.
[INFO] [1772116493.799285108] [map_auto_saver]: Exporting ROS map (periodic) -> /home/tkddn647/test/maps/sim_map_20260226_233453.png + .yaml
[INFO] [1772116496.753239768] [map_auto_saver]: ROS map export succeeded.
[INFO] [1772116515.730740472] [map_auto_saver]: Saving map (periodic) -> /home/tkddn647/test/maps/sim_map_20260226_233515.pbstream
[INFO] [1772116515.879446088] [map_auto_saver]: Map saved successfully.
[INFO] [1772116515.880061421] [map_auto_saver]: Exporting ROS map (periodic) -> /home/tkddn647/test/maps/sim_map_20260226_233515.png + .yaml
[INFO] [1772116516.771261541] [map_auto_saver]: ROS map export succeeded.
[INFO] [1772116535.708704364] [map_auto_saver]: Saving map (periodic) -> /home/tkddn647/test/maps/sim_map_20260226_233535.pbstream
[INFO] [1772116535.857988993] [map_auto_saver]: Map saved successfully.
[INFO] [1772116535.858928793] [map_auto_saver]: Exporting ROS map (periodic) -> /home/tkddn647/test/maps/sim_map_20260226_233535.png + .yaml
[INFO] [1772116536.695580489] [map_auto_saver]: ROS map export succeeded.
[INFO] [1772116553.634590574] [map_auto_saver]: Saving map (periodic) -> /home/tkddn647/test/maps/sim_map_20260226_233553.pbstream
[INFO] [1772116553.779257207] [map_auto_saver]: Map saved successfully.
[INFO] [1772116553.779851799] [map_auto_saver]: Exporting ROS map (periodic) -> /home/tkddn647/test/maps/sim_map_20260226_233553.png + .yaml
[INFO] [1772116555.012818682] [map_auto_saver]: ROS map export succeeded.
[INFO] [1772116575.617329186] [map_auto_saver]: Saving map (periodic) -> /home/tkddn647/test/maps/sim_map_20260226_233615.pbstream
[INFO] [1772116575.816336866] [map_auto_saver]: Map saved successfully.
[INFO] [1772116575.816952382] [map_auto_saver]: Exporting ROS map (periodic) -> /home/tkddn647/test/maps/sim_map_20260226_233615.png + .yaml
[INFO] [1772116576.649029972] [map_auto_saver]: ROS map export succeeded.
[INFO] [1772116593.634126415] [map_auto_saver]: Saving map (periodic) -> /home/tkddn647/test/maps/sim_map_20260226_233633.pbstream
[INFO] [1772116593.818909281] [map_auto_saver]: Map saved successfully.
[INFO] [1772116593.819444506] [map_auto_saver]: Exporting ROS map (periodic) -> /home/tkddn647/test/maps/sim_map_20260226_233633.png + .yaml
[INFO] [1772116595.015240844] [map_auto_saver]: ROS map export succeeded.
[INFO] [1772116615.874609587] [map_auto_saver]: Saving map (periodic) -> /home/tkddn647/test/maps/sim_map_20260226_233655.pbstream
[INFO] [1772116616.037871792] [map_auto_saver]: Map saved successfully.
[INFO] [1772116616.038521499] [map_auto_saver]: Exporting ROS map (periodic) -> /home/tkddn647/test/maps/sim_map_20260226_233655.png + .yaml
[INFO] [1772116616.868442947] [map_auto_saver]: ROS map export succeeded.
[INFO] [1772116635.599905538] [map_auto_saver]: Saving map (periodic) -> /home/tkddn647/test/maps/sim_map_20260226_233715.pbstream
[INFO] [1772116635.771512746] [map_auto_saver]: Map saved successfully.
[INFO] [1772116635.772076447] [map_auto_saver]: Exporting ROS map (periodic) -> /home/tkddn647/test/maps/sim_map_20260226_233715.png + .yaml
[INFO] [1772116636.612968985] [map_auto_saver]: ROS map export succeeded.
[INFO] [1772116653.633250058] [map_auto_saver]: Saving map (periodic) -> /home/tkddn647/test/maps/sim_map_20260226_233733.pbstream
[INFO] [1772116653.849426834] [map_auto_saver]: Map saved successfully.
[INFO] [1772116653.849964430] [map_auto_saver]: Exporting ROS map (periodic) -> /home/tkddn647/test/maps/sim_map_20260226_233733.png + .yaml
[INFO] [1772116654.702166031] [map_auto_saver]: ROS map export succeeded.
[INFO] [1772116673.633292165] [map_auto_saver]: Saving map (periodic) -> /home/tkddn647/test/maps/sim_map_20260226_233753.pbstream
[INFO] [1772116673.811203044] [map_auto_saver]: Map saved successfully.
[INFO] [1772116673.811807548] [map_auto_saver]: Exporting ROS map (periodic) -> /home/tkddn647/test/maps/sim_map_20260226_233753.png + .yaml
[INFO] [1772116674.640342785] [map_auto_saver]: ROS map export succeeded.
[INFO] [1772116696.218329755] [map_auto_saver]: Saving map (periodic) -> /home/tkddn647/test/maps/sim_map_20260226_233816.pbstream
[INFO] [1772116696.440339057] [map_auto_saver]: Map saved successfully.
[INFO] [1772116696.441488403] [map_auto_saver]: Exporting ROS map (periodic) -> /home/tkddn647/test/maps/sim_map_20260226_233816.png + .yaml
[INFO] [1772116697.292407134] [map_auto_saver]: ROS map export succeeded.
[INFO] [1772116713.633774908] [map_auto_saver]: Saving map (periodic) -> /home/tkddn647/test/maps/sim_map_20260226_233833.pbstream
[INFO] [1772116713.820663262] [map_auto_saver]: Map saved successfully.
[INFO] [1772116713.821212240] [map_auto_saver]: Exporting ROS map (periodic) -> /home/tkddn647/test/maps/sim_map_20260226_233833.png + .yaml
[INFO] [1772116714.675916369] [map_auto_saver]: ROS map export succeeded.
[INFO] [1772116735.814368472] [map_auto_saver]: Saving map (periodic) -> /home/tkddn647/test/maps/sim_map_20260226_233855.pbstream
[INFO] [1772116736.007292395] [map_auto_saver]: Map saved successfully.
[INFO] [1772116736.008139939] [map_auto_saver]: Exporting ROS map (periodic) -> /home/tkddn647/test/maps/sim_map_20260226_233855.png + .yaml
[INFO] [1772116736.966142665] [map_auto_saver]: ROS map export succeeded.
[INFO] [1772116755.580697079] [map_auto_saver]: Saving map (periodic) -> /home/tkddn647/test/maps/sim_map_20260226_233915.pbstream
[INFO] [1772116755.768387072] [map_auto_saver]: Map saved successfully.
[INFO] [1772116755.769138677] [map_auto_saver]: Exporting ROS map (periodic) -> /home/tkddn647/test/maps/sim_map_20260226_233915.png + .yaml
[INFO] [1772116756.754261599] [map_auto_saver]: ROS map export succeeded.
[INFO] [1772116773.633138919] [map_auto_saver]: Saving map (periodic) -> /home/tkddn647/test/maps/sim_map_20260226_233933.pbstream
[INFO] [1772116773.834933910] [map_auto_saver]: Map saved successfully.
[INFO] [1772116773.835411136] [map_auto_saver]: Exporting ROS map (periodic) -> /home/tkddn647/test/maps/sim_map_20260226_233933.png + .yaml
[INFO] [1772116774.675197633] [map_auto_saver]: ROS map export succeeded.
[INFO] [1772116795.534493374] [map_auto_saver]: Saving map (periodic) -> /home/tkddn647/test/maps/sim_map_20260226_233955.pbstream
[INFO] [1772116795.729186770] [map_auto_saver]: Map saved successfully.
[INFO] [1772116795.729652455] [map_auto_saver]: Exporting ROS map (periodic) -> /home/tkddn647/test/maps/sim_map_20260226_233955.png + .yaml
[INFO] [1772116796.534461337] [map_auto_saver]: ROS map export succeeded.
[INFO] [1772116813.633052418] [map_auto_saver]: Saving map (periodic) -> /home/tkddn647/test/maps/sim_map_20260226_234013.pbstream
[INFO] [1772116813.844987740] [map_auto_saver]: Map saved successfully.
[INFO] [1772116813.845532659] [map_auto_saver]: Exporting ROS map (periodic) -> /home/tkddn647/test/maps/sim_map_20260226_234013.png + .yaml
[INFO] [1772116814.870743707] [map_auto_saver]: ROS map export succeeded.
[INFO] [1772116836.161716247] [map_auto_saver]: Saving map (periodic) -> /home/tkddn647/test/maps/sim_map_20260226_234036.pbstream
[INFO] [1772116836.352570513] [map_auto_saver]: Map saved successfully.
[INFO] [1772116836.353178576] [map_auto_saver]: Exporting ROS map (periodic) -> /home/tkddn647/test/maps/sim_map_20260226_234036.png + .yaml
[INFO] [1772116837.233381444] [map_auto_saver]: ROS map export succeeded.
[INFO] [1772116853.635565506] [map_auto_saver]: Saving map (periodic) -> /home/tkddn647/test/maps/sim_map_20260226_234053.pbstream
[INFO] [1772116853.856380766] [map_auto_saver]: Map saved successfully.
[INFO] [1772116853.857206396] [map_auto_saver]: Exporting ROS map (periodic) -> /home/tkddn647/test/maps/sim_map_20260226_234053.png + .yaml
[INFO] [1772116854.830373321] [map_auto_saver]: ROS map export succeeded.
[INFO] [1772116875.609642818] [map_auto_saver]: Saving map (periodic) -> /home/tkddn647/test/maps/sim_map_20260226_234115.pbstream
[INFO] [1772116875.820376046] [map_auto_saver]: Map saved successfully.
[INFO] [1772116875.821012006] [map_auto_saver]: Exporting ROS map (periodic) -> /home/tkddn647/test/maps/sim_map_20260226_234115.png + .yaml
[INFO] [1772116877.049982379] [map_auto_saver]: ROS map export succeeded.
[INFO] [1772116895.850960776] [map_auto_saver]: Saving map (periodic) -> /home/tkddn647/test/maps/sim_map_20260226_234135.pbstream
[INFO] [1772116896.050835267] [map_auto_saver]: Map saved successfully.
[INFO] [1772116896.051353656] [map_auto_saver]: Exporting ROS map (periodic) -> /home/tkddn647/test/maps/sim_map_20260226_234135.png + .yaml
[INFO] [1772116897.304520511] [map_auto_saver]: ROS map export succeeded.
[INFO] [1772116913.633270621] [map_auto_saver]: Saving map (periodic) -> /home/tkddn647/test/maps/sim_map_20260226_234153.pbstream
[INFO] [1772116913.833419945] [map_auto_saver]: Map saved successfully.
[INFO] [1772116913.834235646] [map_auto_saver]: Exporting ROS map (periodic) -> /home/tkddn647/test/maps/sim_map_20260226_234153.png + .yaml
[INFO] [1772116915.190497342] [map_auto_saver]: ROS map export succeeded.
[INFO] [1772116935.944533723] [map_auto_saver]: Saving map (periodic) -> /home/tkddn647/test/maps/sim_map_20260226_234215.pbstream
[INFO] [1772116936.149281425] [map_auto_saver]: Map saved successfully.
[INFO] [1772116936.150102700] [map_auto_saver]: Exporting ROS map (periodic) -> /home/tkddn647/test/maps/sim_map_20260226_234215.png + .yaml
[INFO] [1772116937.354641735] [map_auto_saver]: ROS map export succeeded.
[INFO] [1772116953.635029524] [map_auto_saver]: Saving map (periodic) -> /home/tkddn647/test/maps/sim_map_20260226_234233.pbstream
[INFO] [1772116953.819628785] [map_auto_saver]: Map saved successfully.
[INFO] [1772116953.820441054] [map_auto_saver]: Exporting ROS map (periodic) -> /home/tkddn647/test/maps/sim_map_20260226_234233.png + .yaml
[INFO] [1772116954.635670226] [map_auto_saver]: ROS map export succeeded.
[INFO] [1772116975.462351208] [map_auto_saver]: Saving map (periodic) -> /home/tkddn647/test/maps/sim_map_20260226_234255.pbstream
[INFO] [1772116975.913326028] [map_auto_saver]: Map saved successfully.
[INFO] [1772116975.914104858] [map_auto_saver]: Exporting ROS map (periodic) -> /home/tkddn647/test/maps/sim_map_20260226_234255.png + .yaml
[INFO] [1772116977.026835489] [map_auto_saver]: ROS map export succeeded.
[INFO] [1772116993.635348680] [map_auto_saver]: Saving map (periodic) -> /home/tkddn647/test/maps/sim_map_20260226_234313.pbstream
[INFO] [1772116994.047452273] [map_auto_saver]: Map saved successfully.
[INFO] [1772116994.048096926] [map_auto_saver]: Exporting ROS map (periodic) -> /home/tkddn647/test/maps/sim_map_20260226_234313.png + .yaml
[INFO] [1772116995.491856166] [map_auto_saver]: ROS map export succeeded.
[INFO] [1772117016.408212599] [map_auto_saver]: Saving map (periodic) -> /home/tkddn647/test/maps/sim_map_20260226_234336.pbstream
[INFO] [1772117016.904495925] [map_auto_saver]: Map saved successfully.
[INFO] [1772117016.905269341] [map_auto_saver]: Exporting ROS map (periodic) -> /home/tkddn647/test/maps/sim_map_20260226_234336.png + .yaml
[INFO] [1772117018.238024435] [map_auto_saver]: ROS map export succeeded.
[INFO] [1772117020.894435231] [map_auto_saver]: KeyboardInterrupt received. Attempting shutdown save...
