[INFO] [1772109108.372564569] [map_auto_saver]: Periodic auto-save enabled: every 20.0s -> /home/tkddn647/test/maps
[INFO] [1772109129.801930814] [map_auto_saver]: Saving map (periodic) -> /home/tkddn647/test/maps/sim_map_20260226_213209.pbstream
[INFO] [1772109129.839067259] [map_auto_saver]: Map saved successfully.
[INFO] [1772109129.839634011] [map_auto_saver]: Exporting ROS map (periodic) -> /home/tkddn647/test/maps/sim_map_20260226_213209.png + .yaml
[INFO] [1772109130.389446693] [map_auto_saver]: ROS map export succeeded.
[INFO] [1772109148.359690265] [map_auto_saver]: Saving map (periodic) -> /home/tkddn647/test/maps/sim_map_20260226_213228.pbstream
[INFO] [1772109148.400467215] [map_auto_saver]: Map saved successfully.
[INFO] [1772109148.401135138] [map_auto_saver]: Exporting ROS map (periodic) -> /home/tkddn647/test/maps/sim_map_20260226_213228.png + .yaml
[INFO] [1772109148.986252148] [map_auto_saver]: ROS map export succeeded.
[INFO] [1772109169.835624852] [map_auto_saver]: Saving map (periodic) -> /home/tkddn647/test/maps/sim_map_20260226_213249.pbstream
[INFO] [1772109169.868004073] [map_auto_saver]: Map saved successfully.
[INFO] [1772109169.868816859] [map_auto_saver]: Exporting ROS map (periodic) -> /home/tkddn647/test/maps/sim_map_20260226_213249.png + .yaml
[INFO] [1772109170.795753862] [map_auto_saver]: ROS map export succeeded.
[INFO] [1772109188.359750521] [map_auto_saver]: Saving map (periodic) -> /home/tkddn647/test/maps/sim_map_20260226_213308.pbstream
[INFO] [1772109188.384480954] [map_auto_saver]: Map saved successfully.
[INFO] [1772109188.384966262] [map_auto_saver]: Exporting ROS map (periodic) -> /home/tkddn647/test/maps/sim_map_20260226_213308.png + .yaml
[INFO] [1772109189.083994990] [map_auto_saver]: ROS map export succeeded.
[INFO] [1772109209.815883733] [map_auto_saver]: Saving map (periodic) -> /home/tkddn647/test/maps/sim_map_20260226_213329.pbstream
[INFO] [1772109209.841628743] [map_auto_saver]: Map saved successfully.
[INFO] [1772109209.842450880] [map_auto_saver]: Exporting ROS map (periodic) -> /home/tkddn647/test/maps/sim_map_20260226_213329.png + .yaml
[INFO] [1772109210.449122146] [map_auto_saver]: ROS map export succeeded.
[INFO] [1772109229.823708149] [map_auto_saver]: Saving map (periodic) -> /home/tkddn647/test/maps/sim_map_20260226_213349.pbstream
[INFO] [1772109229.857501486] [map_auto_saver]: Map saved successfully.
[INFO] [1772109229.858017030] [map_auto_saver]: Exporting ROS map (periodic) -> /home/tkddn647/test/maps/sim_map_20260226_213349.png + .yaml
[INFO] [1772109230.822529465] [map_auto_saver]: ROS map export succeeded.
[INFO] [1772109248.359748905] [map_auto_saver]: Saving map (periodic) -> /home/tkddn647/test/maps/sim_map_20260226_213408.pbstream
[INFO] [1772109248.387692752] [map_auto_saver]: Map saved successfully.
[INFO] [1772109248.388639718] [map_auto_saver]: Exporting ROS map (periodic) -> /home/tkddn647/test/maps/sim_map_20260226_213408.png + .yaml
[INFO] [1772109248.973501416] [map_auto_saver]: ROS map export succeeded.
[INFO] [1772109269.764341564] [map_auto_saver]: Saving map (periodic) -> /home/tkddn647/test/maps/sim_map_20260226_213429.pbstream
[INFO] [1772109269.793320864] [map_auto_saver]: Map saved successfully.
[INFO] [1772109269.793915196] [map_auto_saver]: Exporting ROS map (periodic) -> /home/tkddn647/test/maps/sim_map_20260226_213429.png + .yaml
[INFO] [1772109270.443558142] [map_auto_saver]: ROS map export succeeded.
[INFO] [1772109288.359380028] [map_auto_saver]: Saving map (periodic) -> /home/tkddn647/test/maps/sim_map_20260226_213448.pbstream
[INFO] [1772109288.415678394] [map_auto_saver]: Map saved successfully.
[INFO] [1772109288.416224941] [map_auto_saver]: Exporting ROS map (periodic) -> /home/tkddn647/test/maps/sim_map_20260226_213448.png + .yaml
[INFO] [1772109289.144957359] [map_auto_saver]: ROS map export succeeded.
[INFO] [1772109309.912551624] [map_auto_saver]: Saving map (periodic) -> /home/tkddn647/test/maps/sim_map_20260226_213509.pbstream
[INFO] [1772109309.968559865] [map_auto_saver]: Map saved successfully.
[INFO] [1772109309.969092020] [map_auto_saver]: Exporting ROS map (periodic) -> /home/tkddn647/test/maps/sim_map_20260226_213509.png + .yaml
[ERROR] [1772109312.366560410] [map_auto_saver]: ROS map export failed (code=1). stdout="[ros2run]: Process exited with failure 1" stderr="[INFO] [1772109310.227034667] [map_saver]: 
	map_saver lifecycle node launched. 
	Waiting on external lifecycle transitions to activate
	See https://design.ros2.org/articles/node_lifecycle.html for more information.
[INFO] [1772109310.227232838] [map_saver]: Creating
[INFO] [1772109310.227325457] [map_saver]: Configuring
[INFO] [1772109310.229483402] [map_saver]: Saving map from '/map' topic to '/home/tkddn647/test/maps/sim_map_20260226_213509' file
[WARN] [1772109310.229579084] [map_saver]: Free threshold unspecified. Setting it to default value: 0.250000
[WARN] [1772109310.229851844] [map_saver]: Occupied threshold unspecified. Setting it to default value: 0.650000
[ERROR] [1772109312.232038982] [map_saver]: Failed to spin map subscription
[INFO] [1772109312.233328752] [map_saver]: Destroying"
[INFO] [1772109328.359380444] [map_auto_saver]: Saving map (periodic) -> /home/tkddn647/test/maps/sim_map_20260226_213528.pbstream
[INFO] [1772109328.408841510] [map_auto_saver]: Map saved successfully.
[INFO] [1772109328.409391651] [map_auto_saver]: Exporting ROS map (periodic) -> /home/tkddn647/test/maps/sim_map_20260226_213528.png + .yaml
[ERROR] [1772109332.479212680] [map_auto_saver]: ROS map export failed (code=1). stdout="[ros2run]: Process exited with failure 1" stderr="[INFO] [1772109328.690140230] [map_saver]: 
	map_saver lifecycle node launched. 
	Waiting on external lifecycle transitions to activate
	See https://design.ros2.org/articles/node_lifecycle.html for more information.
[INFO] [1772109328.690343895] [map_saver]: Creating
[INFO] [1772109328.690733128] [map_saver]: Configuring
[INFO] [1772109328.692247856] [map_saver]: Saving map from '/map' topic to '/home/tkddn647/test/maps/sim_map_20260226_213528' file
[WARN] [1772109328.692296991] [map_saver]: Free threshold unspecified. Setting it to default value: 0.250000
[WARN] [1772109328.692310495] [map_saver]: Occupied threshold unspecified. Setting it to default value: 0.650000
[ERROR] [1772109332.190047811] [map_saver]: Failed to spin map subscription
[INFO] [1772109332.315152129] [map_saver]: Destroying"
[INFO] [1772109349.855395984] [map_auto_saver]: Saving map (periodic) -> /home/tkddn647/test/maps/sim_map_20260226_213549.pbstream
[INFO] [1772109349.920169988] [map_auto_saver]: Map saved successfully.
[INFO] [1772109349.920767035] [map_auto_saver]: Exporting ROS map (periodic) -> /home/tkddn647/test/maps/sim_map_20260226_213549.png + .yaml
[INFO] [1772109350.736591050] [map_auto_saver]: ROS map export succeeded.
[INFO] [1772109369.849896794] [map_auto_saver]: Saving map (periodic) -> /home/tkddn647/test/maps/sim_map_20260226_213609.pbstream
[INFO] [1772109369.912755108] [map_auto_saver]: Map saved successfully.
[INFO] [1772109369.913591571] [map_auto_saver]: Exporting ROS map (periodic) -> /home/tkddn647/test/maps/sim_map_20260226_213609.png + .yaml
[INFO] [1772109370.798563728] [map_auto_saver]: ROS map export succeeded.
[INFO] [1772109374.889254541] [map_auto_saver]: KeyboardInterrupt received. Attempting shutdown save...
