[INFO] [1772101771.126251632] [map_auto_saver]: Periodic auto-save enabled: every 20.0s -> /home/tkddn647/test/maps
[INFO] [1772101791.115536108] [map_auto_saver]: Saving map (periodic) -> /home/tkddn647/test/maps/Austin_sim_map_20260226_192951.pbstream
[INFO] [1772101791.158198597] [map_auto_saver]: Map saved successfully.
[INFO] [1772101791.158821065] [map_auto_saver]: Exporting ROS map (periodic) -> /home/tkddn647/test/maps/Austin_sim_map_20260226_192951.png + .yaml
[INFO] [1772101792.091294885] [map_auto_saver]: ROS map export succeeded.
[INFO] [1772101812.189191331] [map_auto_saver]: Saving map (periodic) -> /home/tkddn647/test/maps/Austin_sim_map_20260226_193012.pbstream
[INFO] [1772101812.235701200] [map_auto_saver]: Map saved successfully.
[INFO] [1772101812.236175388] [map_auto_saver]: Exporting ROS map (periodic) -> /home/tkddn647/test/maps/Austin_sim_map_20260226_193012.png + .yaml
[ERROR] [1772101814.963389806] [map_auto_saver]: ROS map export failed (code=1). stdout="[ros2run]: Process exited with failure 1" stderr="[INFO] [1772101812.481485236] [map_saver]: 
	map_saver lifecycle node launched. 
	Waiting on external lifecycle transitions to activate
	See https://design.ros2.org/articles/node_lifecycle.html for more information.
[INFO] [1772101812.481658736] [map_saver]: Creating
[INFO] [1772101812.481741154] [map_saver]: Configuring
[INFO] [1772101812.483230229] [map_saver]: Saving map from '/map' topic to '/home/tkddn647/test/maps/Austin_sim_map_20260226_193012' file
[WARN] [1772101812.483280762] [map_saver]: Free threshold unspecified. Setting it to default value: 0.250000
[WARN] [1772101812.483292241] [map_saver]: Occupied threshold unspecified. Setting it to default value: 0.650000
[ERROR] [1772101814.484879516] [map_saver]: Failed to spin map subscription
[INFO] [1772101814.809960694] [map_saver]: Destroying"
[INFO] [1772101832.110283152] [map_auto_saver]: Saving map (periodic) -> /home/tkddn647/test/maps/Austin_sim_map_20260226_193032.pbstream
[INFO] [1772101832.156963496] [map_auto_saver]: Map saved successfully.
[INFO] [1772101832.157622573] [map_auto_saver]: Exporting ROS map (periodic) -> /home/tkddn647/test/maps/Austin_sim_map_20260226_193032.png + .yaml
[INFO] [1772101833.091691838] [map_auto_saver]: ROS map export succeeded.
[INFO] [1772101851.115065701] [map_auto_saver]: Saving map (periodic) -> /home/tkddn647/test/maps/Austin_sim_map_20260226_193051.pbstream
[INFO] [1772101851.162957106] [map_auto_saver]: Map saved successfully.
[INFO] [1772101851.163551835] [map_auto_saver]: Exporting ROS map (periodic) -> /home/tkddn647/test/maps/Austin_sim_map_20260226_193051.png + .yaml
[INFO] [1772101852.160533894] [map_auto_saver]: ROS map export succeeded.
[INFO] [1772101871.848990489] [map_auto_saver]: Saving map (periodic) -> /home/tkddn647/test/maps/Austin_sim_map_20260226_193111.pbstream
[INFO] [1772101871.930639054] [map_auto_saver]: Map saved successfully.
[INFO] [1772101871.931353864] [map_auto_saver]: Exporting ROS map (periodic) -> /home/tkddn647/test/maps/Austin_sim_map_20260226_193111.png + .yaml
[INFO] [1772101874.150191386] [map_auto_saver]: ROS map export succeeded.
[INFO] [1772101891.115178427] [map_auto_saver]: Saving map (periodic) -> /home/tkddn647/test/maps/Austin_sim_map_20260226_193131.pbstream
[INFO] [1772101891.242031083] [map_auto_saver]: Map saved successfully.
[INFO] [1772101891.243267024] [map_auto_saver]: Exporting ROS map (periodic) -> /home/tkddn647/test/maps/Austin_sim_map_20260226_193131.png + .yaml
[INFO] [1772101892.139203460] [map_auto_saver]: ROS map export succeeded.
[INFO] [1772101912.043372746] [map_auto_saver]: Saving map (periodic) -> /home/tkddn647/test/maps/Austin_sim_map_20260226_193152.pbstream
[INFO] [1772101912.123222728] [map_auto_saver]: Map saved successfully.
[INFO] [1772101912.123942813] [map_auto_saver]: Exporting ROS map (periodic) -> /home/tkddn647/test/maps/Austin_sim_map_20260226_193152.png + .yaml
[INFO] [1772101913.007381176] [map_auto_saver]: ROS map export succeeded.
[INFO] [1772101931.863643673] [map_auto_saver]: Saving map (periodic) -> /home/tkddn647/test/maps/Austin_sim_map_20260226_193211.pbstream
[INFO] [1772101931.964787524] [map_auto_saver]: Map saved successfully.
[INFO] [1772101931.965364196] [map_auto_saver]: Exporting ROS map (periodic) -> /home/tkddn647/test/maps/Austin_sim_map_20260226_193211.png + .yaml
[INFO] [1772101932.452523072] [map_auto_saver]: KeyboardInterrupt received. Attempting shutdown save...
[INFO] [1772101932.883341361] [map_auto_saver]: ROS map export succeeded.
