[30.020s] Invoking command in '/home/tkddn647/test/build/localization_layer': AMENT_PREFIX_PATH=/home/tkddn647/test/install/sensor_layer:/home/tkddn647/test/install/tf_manager_cpp:/home/tkddn647/test/install/sllidar_ros2:/home/tkddn647/test/install/ebimu_pkg:${AMENT_PREFIX_PATH} CMAKE_PREFIX_PATH=/home/tkddn647/test/install/sensor_layer:/home/tkddn647/test/install/tf_manager_cpp:/home/tkddn647/test/install/sllidar_ros2:/opt/ros/humble PYTHONPATH=/home/tkddn647/test/install/ebimu_pkg/lib/python3.10/site-packages:${PYTHONPATH} /usr/bin/cmake --build /home/tkddn647/test/build/localization_layer -- -j12 -l12
[30.123s] -- Found ament_cmake: 1.3.12 (/opt/ros/humble/share/ament_cmake/cmake)
[30.355s] -- Found required Ceres dependency: Eigen version 3.4.0 in /usr/include/eigen3
[30.359s] -- Found required Ceres dependency: glog
[30.360s] -- Found required Ceres dependency: gflags
[30.361s] -- Found Ceres version: 2.0.0 installed in: /usr with components: [EigenSparse, SparseLinearAlgebraLibrary, LAPACK, SuiteSparse, CXSparse, SchurSpecializations, Multithreading]
[30.380s] -- Found cartographer_ros: 2.0.9002 (/opt/ros/humble/share/cartographer_ros/cmake)
[30.616s] -- Found rosidl_generator_c: 3.1.8 (/opt/ros/humble/share/rosidl_generator_c/cmake)
[30.620s] -- Found rosidl_adapter: 3.1.8 (/opt/ros/humble/share/rosidl_adapter/cmake)
[30.632s] -- Found rosidl_generator_cpp: 3.1.8 (/opt/ros/humble/share/rosidl_generator_cpp/cmake)
[30.649s] -- Using all available rosidl_typesupport_c: rosidl_typesupport_fastrtps_c;rosidl_typesupport_introspection_c
[30.669s] -- Using all available rosidl_typesupport_cpp: rosidl_typesupport_fastrtps_cpp;rosidl_typesupport_introspection_cpp
[30.829s] -- Found rmw_implementation_cmake: 6.1.2 (/opt/ros/humble/share/rmw_implementation_cmake/cmake)
[30.832s] -- Found rmw_fastrtps_cpp: 6.2.9 (/opt/ros/humble/share/rmw_fastrtps_cpp/cmake)
[37.998s] -- Using RMW implementation 'rmw_fastrtps_cpp' as default
[38.133s] -- Eigen found (include: /usr/include/eigen3, version: 3.4.0)
[40.247s] -- FLANN found (include: /usr/include, lib: /usr/lib/x86_64-linux-gnu/libflann_cpp.so)
[46.009s] -- OpenNI found (version: 1.5.4.0, include: /usr/include/ni, lib: /usr/lib/libOpenNI.so;libusb::libusb)
[46.017s] -- OpenNI2 found (version: 2.2.0.33, include: /usr/include/openni2, lib: /usr/lib/x86_64-linux-gnu/libOpenNI2.so;libusb::libusb)
[48.789s] -- Eigen found (include: /usr/include/eigen3, version: 3.4.0)
[48.799s] -- OpenNI found (version: 1.5.4.0, include: /usr/include/ni, lib: /usr/lib/libOpenNI.so;libusb::libusb)
[48.815s] -- OpenNI2 found (version: 2.2.0.33, include: /usr/include/openni2, lib: /usr/lib/x86_64-linux-gnu/libOpenNI2.so;libusb::libusb)
[51.792s] -- Found Qhull version 8.0.2
[54.916s] -- OpenNI found (version: 1.5.4.0, include: /usr/include/ni, lib: /usr/lib/libOpenNI.so;libusb::libusb)
[59.752s] -- Configuring done
[59.766s] -- Generating done
[59.775s] -- Build files have been written to: /home/tkddn647/test/build/localization_layer
[59.824s] Invoked command in '/home/tkddn647/test/build/localization_layer' returned '0': AMENT_PREFIX_PATH=/home/tkddn647/test/install/sensor_layer:/home/tkddn647/test/install/tf_manager_cpp:/home/tkddn647/test/install/sllidar_ros2:/home/tkddn647/test/install/ebimu_pkg:${AMENT_PREFIX_PATH} CMAKE_PREFIX_PATH=/home/tkddn647/test/install/sensor_layer:/home/tkddn647/test/install/tf_manager_cpp:/home/tkddn647/test/install/sllidar_ros2:/opt/ros/humble PYTHONPATH=/home/tkddn647/test/install/ebimu_pkg/lib/python3.10/site-packages:${PYTHONPATH} /usr/bin/cmake --build /home/tkddn647/test/build/localization_layer -- -j12 -l12
[59.837s] Invoking command in '/home/tkddn647/test/build/localization_layer': AMENT_PREFIX_PATH=/home/tkddn647/test/install/sensor_layer:/home/tkddn647/test/install/tf_manager_cpp:/home/tkddn647/test/install/sllidar_ros2:/home/tkddn647/test/install/ebimu_pkg:${AMENT_PREFIX_PATH} CMAKE_PREFIX_PATH=/home/tkddn647/test/install/sensor_layer:/home/tkddn647/test/install/tf_manager_cpp:/home/tkddn647/test/install/sllidar_ros2:/opt/ros/humble PYTHONPATH=/home/tkddn647/test/install/ebimu_pkg/lib/python3.10/site-packages:${PYTHONPATH} /usr/bin/cmake --install /home/tkddn647/test/build/localization_layer
[59.848s] -- Install configuration: ""
[59.848s] -- Up-to-date: /home/tkddn647/test/install/localization_layer/share/localization_layer/launch/cartographer_mapping_launch.py
[59.848s] -- Up-to-date: /home/tkddn647/test/install/localization_layer/share/localization_layer/launch/cartographer_localization_launch.py
[59.848s] -- Up-to-date: /home/tkddn647/test/install/localization_layer/share/localization_layer/config
[59.848s] -- Up-to-date: /home/tkddn647/test/install/localization_layer/share/localization_layer/config/cartographer_2d_localization.lua
[59.850s] -- Up-to-date: /home/tkddn647/test/install/localization_layer/share/localization_layer/config/pose_graph.lua
[59.850s] -- Up-to-date: /home/tkddn647/test/install/localization_layer/share/localization_layer/config/trajectory_builder.lua
[59.851s] -- Up-to-date: /home/tkddn647/test/install/localization_layer/share/localization_layer/config/map_builder.lua
[59.851s] -- Up-to-date: /home/tkddn647/test/install/localization_layer/share/localization_layer/config/cartographer_2d_mapping.lua
[59.851s] -- Up-to-date: /home/tkddn647/test/install/localization_layer/lib/localization_layer/map_auto_saver.py
[59.851s] -- Up-to-date: /home/tkddn647/test/install/localization_layer/share/ament_index/resource_index/package_run_dependencies/localization_layer
[59.851s] -- Up-to-date: /home/tkddn647/test/install/localization_layer/share/ament_index/resource_index/parent_prefix_path/localization_layer
[59.851s] -- Up-to-date: /home/tkddn647/test/install/localization_layer/share/localization_layer/environment/ament_prefix_path.sh
[59.851s] -- Installing: /home/tkddn647/test/install/localization_layer/share/localization_layer/environment/ament_prefix_path.dsv
[59.851s] -- Up-to-date: /home/tkddn647/test/install/localization_layer/share/localization_layer/environment/path.sh
[59.852s] -- Installing: /home/tkddn647/test/install/localization_layer/share/localization_layer/environment/path.dsv
[59.852s] -- Up-to-date: /home/tkddn647/test/install/localization_layer/share/localization_layer/local_setup.bash
[59.852s] -- Up-to-date: /home/tkddn647/test/install/localization_layer/share/localization_layer/local_setup.sh
[59.852s] -- Up-to-date: /home/tkddn647/test/install/localization_layer/share/localization_layer/local_setup.zsh
[59.852s] -- Installing: /home/tkddn647/test/install/localization_layer/share/localization_layer/local_setup.dsv
[59.852s] -- Installing: /home/tkddn647/test/install/localization_layer/share/localization_layer/package.dsv
[59.853s] -- Up-to-date: /home/tkddn647/test/install/localization_layer/share/ament_index/resource_index/packages/localization_layer
[59.853s] -- Up-to-date: /home/tkddn647/test/install/localization_layer/share/localization_layer/cmake/localization_layerConfig.cmake
[59.853s] -- Up-to-date: /home/tkddn647/test/install/localization_layer/share/localization_layer/cmake/localization_layerConfig-version.cmake
[59.853s] -- Up-to-date: /home/tkddn647/test/install/localization_layer/share/localization_layer/package.xml
[60.010s] Invoked command in '/home/tkddn647/test/build/localization_layer' returned '0': AMENT_PREFIX_PATH=/home/tkddn647/test/install/sensor_layer:/home/tkddn647/test/install/tf_manager_cpp:/home/tkddn647/test/install/sllidar_ros2:/home/tkddn647/test/install/ebimu_pkg:${AMENT_PREFIX_PATH} CMAKE_PREFIX_PATH=/home/tkddn647/test/install/sensor_layer:/home/tkddn647/test/install/tf_manager_cpp:/home/tkddn647/test/install/sllidar_ros2:/opt/ros/humble PYTHONPATH=/home/tkddn647/test/install/ebimu_pkg/lib/python3.10/site-packages:${PYTHONPATH} /usr/bin/cmake --install /home/tkddn647/test/build/localization_layer
