[0.018s] Invoking command in '/home/tkddn647/test/build/localization_layer': CMAKE_PREFIX_PATH=/opt/ros/humble /usr/bin/cmake --build /home/tkddn647/test/build/localization_layer -- -j12 -l12
[0.119s] -- Found ament_cmake: 1.3.12 (/opt/ros/humble/share/ament_cmake/cmake)
[0.282s] -- Found required Ceres dependency: Eigen version 3.4.0 in /usr/include/eigen3
[0.286s] -- Found required Ceres dependency: glog
[0.286s] -- Found required Ceres dependency: gflags
[0.287s] -- Found Ceres version: 2.0.0 installed in: /usr with components: [EigenSparse, SparseLinearAlgebraLibrary, LAPACK, SuiteSparse, CXSparse, SchurSpecializations, Multithreading]
[0.305s] -- Found cartographer_ros: 2.0.9002 (/opt/ros/humble/share/cartographer_ros/cmake)
[0.534s] -- Found rosidl_generator_c: 3.1.8 (/opt/ros/humble/share/rosidl_generator_c/cmake)
[0.538s] -- Found rosidl_adapter: 3.1.8 (/opt/ros/humble/share/rosidl_adapter/cmake)
[0.548s] -- Found rosidl_generator_cpp: 3.1.8 (/opt/ros/humble/share/rosidl_generator_cpp/cmake)
[0.563s] -- Using all available rosidl_typesupport_c: rosidl_typesupport_fastrtps_c;rosidl_typesupport_introspection_c
[0.579s] -- Using all available rosidl_typesupport_cpp: rosidl_typesupport_fastrtps_cpp;rosidl_typesupport_introspection_cpp
[0.721s] -- Found rmw_implementation_cmake: 6.1.2 (/opt/ros/humble/share/rmw_implementation_cmake/cmake)
[0.724s] -- Found rmw_fastrtps_cpp: 6.2.9 (/opt/ros/humble/share/rmw_fastrtps_cpp/cmake)
[8.502s] -- Using RMW implementation 'rmw_fastrtps_cpp' as default
[8.630s] -- Eigen found (include: /usr/include/eigen3, version: 3.4.0)
[11.069s] -- FLANN found (include: /usr/include, lib: /usr/lib/x86_64-linux-gnu/libflann_cpp.so)
[17.346s] -- OpenNI found (version: 1.5.4.0, include: /usr/include/ni, lib: /usr/lib/libOpenNI.so;libusb::libusb)
[17.355s] -- OpenNI2 found (version: 2.2.0.33, include: /usr/include/openni2, lib: /usr/lib/x86_64-linux-gnu/libOpenNI2.so;libusb::libusb)
[20.643s] -- Eigen found (include: /usr/include/eigen3, version: 3.4.0)
[20.650s] -- OpenNI found (version: 1.5.4.0, include: /usr/include/ni, lib: /usr/lib/libOpenNI.so;libusb::libusb)
[20.656s] -- OpenNI2 found (version: 2.2.0.33, include: /usr/include/openni2, lib: /usr/lib/x86_64-linux-gnu/libOpenNI2.so;libusb::libusb)
[23.944s] -- Found Qhull version 8.0.2
[27.224s] -- OpenNI found (version: 1.5.4.0, include: /usr/include/ni, lib: /usr/lib/libOpenNI.so;libusb::libusb)
[32.645s] -- Configuring done
[32.658s] -- Generating done
[32.667s] -- Build files have been written to: /home/tkddn647/test/build/localization_layer
[32.716s] Invoked command in '/home/tkddn647/test/build/localization_layer' returned '0': CMAKE_PREFIX_PATH=/opt/ros/humble /usr/bin/cmake --build /home/tkddn647/test/build/localization_layer -- -j12 -l12
[32.729s] Invoking command in '/home/tkddn647/test/build/localization_layer': CMAKE_PREFIX_PATH=/opt/ros/humble /usr/bin/cmake --install /home/tkddn647/test/build/localization_layer
[32.737s] -- Install configuration: ""
[32.738s] -- Up-to-date: /home/tkddn647/test/install/localization_layer/share/localization_layer/launch
[32.738s] -- Installing: /home/tkddn647/test/install/localization_layer/share/localization_layer/launch/cartographer_fake_mapping_launch.py
[32.740s] -- Installing: /home/tkddn647/test/install/localization_layer/share/localization_layer/launch/cartographer_mapping_launch.py
[32.740s] -- Up-to-date: /home/tkddn647/test/install/localization_layer/share/localization_layer/launch/__pycache__
[32.740s] -- Installing: /home/tkddn647/test/install/localization_layer/share/localization_layer/launch/__pycache__/cartographer_fake_mapping_launch.cpython-310.pyc
[32.742s] -- Up-to-date: /home/tkddn647/test/install/localization_layer/share/localization_layer/launch/__pycache__/cartographer_mapping_launch.cpython-310.pyc
[32.742s] -- Up-to-date: /home/tkddn647/test/install/localization_layer/share/localization_layer/launch/cartographer_localization_launch.py
[32.743s] -- Up-to-date: /home/tkddn647/test/install/localization_layer/share/localization_layer/config
[32.743s] -- Up-to-date: /home/tkddn647/test/install/localization_layer/share/localization_layer/config/cartographer_2d_localization.lua
[32.743s] -- Up-to-date: /home/tkddn647/test/install/localization_layer/share/localization_layer/config/pose_graph.lua
[32.743s] -- Installing: /home/tkddn647/test/install/localization_layer/share/localization_layer/config/trajectory_builder.lua
[32.743s] -- Installing: /home/tkddn647/test/install/localization_layer/share/localization_layer/config/map_builder.lua
[32.744s] -- Up-to-date: /home/tkddn647/test/install/localization_layer/share/localization_layer/config/cartographer_2d_mapping.lua
[32.745s] -- Installing: /home/tkddn647/test/install/localization_layer/lib/localization_layer/map_auto_saver.py
[32.745s] -- Installing: /home/tkddn647/test/install/localization_layer/lib/localization_layer/fake_sensor_publisher.py
[32.745s] -- Up-to-date: /home/tkddn647/test/install/localization_layer/share/ament_index/resource_index/package_run_dependencies/localization_layer
[32.746s] -- Up-to-date: /home/tkddn647/test/install/localization_layer/share/ament_index/resource_index/parent_prefix_path/localization_layer
[32.746s] -- Up-to-date: /home/tkddn647/test/install/localization_layer/share/localization_layer/environment/ament_prefix_path.sh
[32.746s] -- Installing: /home/tkddn647/test/install/localization_layer/share/localization_layer/environment/ament_prefix_path.dsv
[32.746s] -- Up-to-date: /home/tkddn647/test/install/localization_layer/share/localization_layer/environment/path.sh
[32.747s] -- Installing: /home/tkddn647/test/install/localization_layer/share/localization_layer/environment/path.dsv
[32.747s] -- Up-to-date: /home/tkddn647/test/install/localization_layer/share/localization_layer/local_setup.bash
[32.747s] -- Up-to-date: /home/tkddn647/test/install/localization_layer/share/localization_layer/local_setup.sh
[32.747s] -- Up-to-date: /home/tkddn647/test/install/localization_layer/share/localization_layer/local_setup.zsh
[32.747s] -- Installing: /home/tkddn647/test/install/localization_layer/share/localization_layer/local_setup.dsv
[32.747s] -- Installing: /home/tkddn647/test/install/localization_layer/share/localization_layer/package.dsv
[32.747s] -- Up-to-date: /home/tkddn647/test/install/localization_layer/share/ament_index/resource_index/packages/localization_layer
[32.747s] -- Up-to-date: /home/tkddn647/test/install/localization_layer/share/localization_layer/cmake/localization_layerConfig.cmake
[32.747s] -- Up-to-date: /home/tkddn647/test/install/localization_layer/share/localization_layer/cmake/localization_layerConfig-version.cmake
[32.748s] -- Installing: /home/tkddn647/test/install/localization_layer/share/localization_layer/package.xml
[60.023s] Invoked command in '/home/tkddn647/test/build/localization_layer' returned '0': CMAKE_PREFIX_PATH=/opt/ros/humble /usr/bin/cmake --install /home/tkddn647/test/build/localization_layer
