[0.019s] Invoking command in '/home/tkddn647/test/build/race_layer': CMAKE_PREFIX_PATH=${CMAKE_PREFIX_PATH}:/home/tkddn647/test/install/ebimu_pkg:/opt/ros/humble /usr/bin/cmake --build /home/tkddn647/test/build/race_layer -- -j12 -l12
[0.069s] Invoked command in '/home/tkddn647/test/build/race_layer' returned '0': CMAKE_PREFIX_PATH=${CMAKE_PREFIX_PATH}:/home/tkddn647/test/install/ebimu_pkg:/opt/ros/humble /usr/bin/cmake --build /home/tkddn647/test/build/race_layer -- -j12 -l12
[0.082s] Invoking command in '/home/tkddn647/test/build/race_layer': CMAKE_PREFIX_PATH=${CMAKE_PREFIX_PATH}:/home/tkddn647/test/install/ebimu_pkg:/opt/ros/humble /usr/bin/cmake --install /home/tkddn647/test/build/race_layer
[0.090s] -- Install configuration: ""
[0.090s] -- Up-to-date: /home/tkddn647/test/install/race_layer/lib/race_layer/path_following.py
[0.090s] -- Up-to-date: /home/tkddn647/test/install/race_layer/lib/race_layer/static_node.py
[0.091s] -- Up-to-date: /home/tkddn647/test/install/race_layer/lib/race_layer/FGM_node.py
[0.091s] -- Up-to-date: /home/tkddn647/test/install/race_layer/lib/race_layer/local.py
[0.091s] -- Up-to-date: /home/tkddn647/test/install/race_layer/share/race_layer/launch
[0.091s] -- Up-to-date: /home/tkddn647/test/install/race_layer/share/race_layer/launch/FGM_node.py
[0.091s] -- Up-to-date: /home/tkddn647/test/install/race_layer/share/race_layer/launch/race_layer.launch.py
[0.091s] -- Up-to-date: /home/tkddn647/test/install/race_layer/share/race_layer/launch/.gitkeep
[0.091s] -- Up-to-date: /home/tkddn647/test/install/race_layer/share/race_layer/launch/local.py
[0.091s] -- Up-to-date: /home/tkddn647/test/install/race_layer/share/race_layer/launch/__pycache__
[0.092s] -- Up-to-date: /home/tkddn647/test/install/race_layer/share/race_layer/launch/__pycache__/centerline.cpython-310.pyc
[0.092s] -- Up-to-date: /home/tkddn647/test/install/race_layer/share/race_layer/launch/static_node.py
[0.092s] -- Installing: /home/tkddn647/test/install/race_layer/share/race_layer/launch/centerline.py
[0.092s] -- Up-to-date: /home/tkddn647/test/install/race_layer/share/race_layer/launch/path_following.py
[0.092s] -- Up-to-date: /home/tkddn647/test/install/race_layer/share/race_layer/launch/make_csv.py
[0.092s] -- Up-to-date: /home/tkddn647/test/install/race_layer/share/ament_index/resource_index/package_run_dependencies/race_layer
[0.092s] -- Up-to-date: /home/tkddn647/test/install/race_layer/share/ament_index/resource_index/parent_prefix_path/race_layer
[0.092s] -- Up-to-date: /home/tkddn647/test/install/race_layer/share/race_layer/environment/ament_prefix_path.sh
[0.093s] -- Up-to-date: /home/tkddn647/test/install/race_layer/share/race_layer/environment/ament_prefix_path.dsv
[0.093s] -- Up-to-date: /home/tkddn647/test/install/race_layer/share/race_layer/environment/path.sh
[0.093s] -- Up-to-date: /home/tkddn647/test/install/race_layer/share/race_layer/environment/path.dsv
[0.093s] -- Up-to-date: /home/tkddn647/test/install/race_layer/share/race_layer/local_setup.bash
[0.093s] -- Up-to-date: /home/tkddn647/test/install/race_layer/share/race_layer/local_setup.sh
[0.093s] -- Up-to-date: /home/tkddn647/test/install/race_layer/share/race_layer/local_setup.zsh
[0.093s] -- Up-to-date: /home/tkddn647/test/install/race_layer/share/race_layer/local_setup.dsv
[0.093s] -- Installing: /home/tkddn647/test/install/race_layer/share/race_layer/package.dsv
[0.093s] -- Up-to-date: /home/tkddn647/test/install/race_layer/share/ament_index/resource_index/packages/race_layer
[0.093s] -- Up-to-date: /home/tkddn647/test/install/race_layer/share/race_layer/cmake/race_layerConfig.cmake
[0.093s] -- Up-to-date: /home/tkddn647/test/install/race_layer/share/race_layer/cmake/race_layerConfig-version.cmake
[0.093s] -- Up-to-date: /home/tkddn647/test/install/race_layer/share/race_layer/package.xml
[0.096s] Invoked command in '/home/tkddn647/test/build/race_layer' returned '0': CMAKE_PREFIX_PATH=${CMAKE_PREFIX_PATH}:/home/tkddn647/test/install/ebimu_pkg:/opt/ros/humble /usr/bin/cmake --install /home/tkddn647/test/build/race_layer
