[0.014s] Invoking command in '/home/tkddn647/test/build/tf_manager_cpp': CMAKE_PREFIX_PATH=/opt/ros/humble /usr/bin/cmake --build /home/tkddn647/test/build/tf_manager_cpp -- -j12 -l12
[0.083s] [ 50%] Built target sensor_static_tf
[0.083s] [100%] Built target wheel_odom_tf
[0.096s] Invoked command in '/home/tkddn647/test/build/tf_manager_cpp' returned '0': CMAKE_PREFIX_PATH=/opt/ros/humble /usr/bin/cmake --build /home/tkddn647/test/build/tf_manager_cpp -- -j12 -l12
[0.108s] Invoking command in '/home/tkddn647/test/build/tf_manager_cpp': CMAKE_PREFIX_PATH=/opt/ros/humble /usr/bin/cmake --install /home/tkddn647/test/build/tf_manager_cpp
[0.117s] -- Install configuration: ""
[0.118s] -- Up-to-date: /home/tkddn647/test/install/tf_manager_cpp/lib/tf_manager_cpp/sensor_static_tf
[0.118s] -- Up-to-date: /home/tkddn647/test/install/tf_manager_cpp/lib/tf_manager_cpp/wheel_odom_tf
[0.118s] -- Up-to-date: /home/tkddn647/test/install/tf_manager_cpp/share/tf_manager_cpp/launch
[0.118s] -- Up-to-date: /home/tkddn647/test/install/tf_manager_cpp/share/tf_manager_cpp/launch/tf_manager.launch.py
[0.118s] -- Up-to-date: /home/tkddn647/test/install/tf_manager_cpp/share/ament_index/resource_index/package_run_dependencies/tf_manager_cpp
[0.119s] -- Up-to-date: /home/tkddn647/test/install/tf_manager_cpp/share/ament_index/resource_index/parent_prefix_path/tf_manager_cpp
[0.119s] -- Up-to-date: /home/tkddn647/test/install/tf_manager_cpp/share/tf_manager_cpp/environment/ament_prefix_path.sh
[0.119s] -- Up-to-date: /home/tkddn647/test/install/tf_manager_cpp/share/tf_manager_cpp/environment/ament_prefix_path.dsv
[0.119s] -- Up-to-date: /home/tkddn647/test/install/tf_manager_cpp/share/tf_manager_cpp/environment/path.sh
[0.120s] -- Up-to-date: /home/tkddn647/test/install/tf_manager_cpp/share/tf_manager_cpp/environment/path.dsv
[0.120s] -- Up-to-date: /home/tkddn647/test/install/tf_manager_cpp/share/tf_manager_cpp/local_setup.bash
[0.120s] -- Up-to-date: /home/tkddn647/test/install/tf_manager_cpp/share/tf_manager_cpp/local_setup.sh
[0.120s] -- Up-to-date: /home/tkddn647/test/install/tf_manager_cpp/share/tf_manager_cpp/local_setup.zsh
[0.120s] -- Up-to-date: /home/tkddn647/test/install/tf_manager_cpp/share/tf_manager_cpp/local_setup.dsv
[0.120s] -- Installing: /home/tkddn647/test/install/tf_manager_cpp/share/tf_manager_cpp/package.dsv
[0.120s] -- Up-to-date: /home/tkddn647/test/install/tf_manager_cpp/share/ament_index/resource_index/packages/tf_manager_cpp
[0.120s] -- Up-to-date: /home/tkddn647/test/install/tf_manager_cpp/share/tf_manager_cpp/cmake/tf_manager_cppConfig.cmake
[0.120s] -- Up-to-date: /home/tkddn647/test/install/tf_manager_cpp/share/tf_manager_cpp/cmake/tf_manager_cppConfig-version.cmake
[0.120s] -- Up-to-date: /home/tkddn647/test/install/tf_manager_cpp/share/tf_manager_cpp/package.xml
[0.122s] Invoked command in '/home/tkddn647/test/build/tf_manager_cpp' returned '0': CMAKE_PREFIX_PATH=/opt/ros/humble /usr/bin/cmake --install /home/tkddn647/test/build/tf_manager_cpp
