-- Found ament_cmake: 1.3.12 (/opt/ros/humble/share/ament_cmake/cmake)
-- Configuring done
-- Generating done
-- Build files have been written to: /home/tkddn647/test/build/sensor_layer
-- Install configuration: ""
-- Up-to-date: /home/tkddn647/test/install/sensor_layer/share/sensor_layer/launch
-- Up-to-date: /home/tkddn647/test/install/sensor_layer/share/sensor_layer/launch/sensor_layer_launch.py
-- Up-to-date: /home/tkddn647/test/install/sensor_layer/share/sensor_layer/config
-- Up-to-date: /home/tkddn647/test/install/sensor_layer/share/sensor_layer/config/sensor_params.yaml
-- Up-to-date: /home/tkddn647/test/install/sensor_layer/share/ament_index/resource_index/package_run_dependencies/sensor_layer
-- Up-to-date: /home/tkddn647/test/install/sensor_layer/share/ament_index/resource_index/parent_prefix_path/sensor_layer
-- Up-to-date: /home/tkddn647/test/install/sensor_layer/share/sensor_layer/environment/ament_prefix_path.sh
-- Installing: /home/tkddn647/test/install/sensor_layer/share/sensor_layer/environment/ament_prefix_path.dsv
-- Up-to-date: /home/tkddn647/test/install/sensor_layer/share/sensor_layer/environment/path.sh
-- Installing: /home/tkddn647/test/install/sensor_layer/share/sensor_layer/environment/path.dsv
-- Up-to-date: /home/tkddn647/test/install/sensor_layer/share/sensor_layer/local_setup.bash
-- Up-to-date: /home/tkddn647/test/install/sensor_layer/share/sensor_layer/local_setup.sh
-- Up-to-date: /home/tkddn647/test/install/sensor_layer/share/sensor_layer/local_setup.zsh
-- Installing: /home/tkddn647/test/install/sensor_layer/share/sensor_layer/local_setup.dsv
-- Installing: /home/tkddn647/test/install/sensor_layer/share/sensor_layer/package.dsv
-- Up-to-date: /home/tkddn647/test/install/sensor_layer/share/ament_index/resource_index/packages/sensor_layer
-- Up-to-date: /home/tkddn647/test/install/sensor_layer/share/sensor_layer/cmake/sensor_layerConfig.cmake
-- Up-to-date: /home/tkddn647/test/install/sensor_layer/share/sensor_layer/cmake/sensor_layerConfig-version.cmake
-- Up-to-date: /home/tkddn647/test/install/sensor_layer/share/sensor_layer/package.xml
