[0.242s] Invoking command in '/home/tkddn647/test/build/sensor_layer': AMENT_PREFIX_PATH=/home/tkddn647/test/install/tf_manager_cpp:/home/tkddn647/test/install/sllidar_ros2:/home/tkddn647/test/install/ebimu_pkg:${AMENT_PREFIX_PATH} CMAKE_PREFIX_PATH=/home/tkddn647/test/install/tf_manager_cpp:/home/tkddn647/test/install/sllidar_ros2:/opt/ros/humble PYTHONPATH=/home/tkddn647/test/install/ebimu_pkg/lib/python3.10/site-packages:${PYTHONPATH} /usr/bin/cmake --build /home/tkddn647/test/build/sensor_layer -- -j12 -l12
[0.271s] -- Found ament_cmake: 1.3.12 (/opt/ros/humble/share/ament_cmake/cmake)
[0.451s] -- Configuring done
[0.455s] -- Generating done
[0.457s] -- Build files have been written to: /home/tkddn647/test/build/sensor_layer
[0.484s] Invoked command in '/home/tkddn647/test/build/sensor_layer' returned '0': AMENT_PREFIX_PATH=/home/tkddn647/test/install/tf_manager_cpp:/home/tkddn647/test/install/sllidar_ros2:/home/tkddn647/test/install/ebimu_pkg:${AMENT_PREFIX_PATH} CMAKE_PREFIX_PATH=/home/tkddn647/test/install/tf_manager_cpp:/home/tkddn647/test/install/sllidar_ros2:/opt/ros/humble PYTHONPATH=/home/tkddn647/test/install/ebimu_pkg/lib/python3.10/site-packages:${PYTHONPATH} /usr/bin/cmake --build /home/tkddn647/test/build/sensor_layer -- -j12 -l12
[0.486s] Invoking command in '/home/tkddn647/test/build/sensor_layer': AMENT_PREFIX_PATH=/home/tkddn647/test/install/tf_manager_cpp:/home/tkddn647/test/install/sllidar_ros2:/home/tkddn647/test/install/ebimu_pkg:${AMENT_PREFIX_PATH} CMAKE_PREFIX_PATH=/home/tkddn647/test/install/tf_manager_cpp:/home/tkddn647/test/install/sllidar_ros2:/opt/ros/humble PYTHONPATH=/home/tkddn647/test/install/ebimu_pkg/lib/python3.10/site-packages:${PYTHONPATH} /usr/bin/cmake --install /home/tkddn647/test/build/sensor_layer
[0.494s] -- Install configuration: ""
[0.494s] -- Up-to-date: /home/tkddn647/test/install/sensor_layer/share/sensor_layer/launch
[0.495s] -- Up-to-date: /home/tkddn647/test/install/sensor_layer/share/sensor_layer/launch/sensor_layer_launch.py
[0.495s] -- Up-to-date: /home/tkddn647/test/install/sensor_layer/share/sensor_layer/config
[0.495s] -- Up-to-date: /home/tkddn647/test/install/sensor_layer/share/sensor_layer/config/sensor_params.yaml
[0.495s] -- Up-to-date: /home/tkddn647/test/install/sensor_layer/share/ament_index/resource_index/package_run_dependencies/sensor_layer
[0.495s] -- Up-to-date: /home/tkddn647/test/install/sensor_layer/share/ament_index/resource_index/parent_prefix_path/sensor_layer
[0.495s] -- Up-to-date: /home/tkddn647/test/install/sensor_layer/share/sensor_layer/environment/ament_prefix_path.sh
[0.495s] -- Installing: /home/tkddn647/test/install/sensor_layer/share/sensor_layer/environment/ament_prefix_path.dsv
[0.495s] -- Up-to-date: /home/tkddn647/test/install/sensor_layer/share/sensor_layer/environment/path.sh
[0.495s] -- Installing: /home/tkddn647/test/install/sensor_layer/share/sensor_layer/environment/path.dsv
[0.495s] -- Up-to-date: /home/tkddn647/test/install/sensor_layer/share/sensor_layer/local_setup.bash
[0.496s] -- Up-to-date: /home/tkddn647/test/install/sensor_layer/share/sensor_layer/local_setup.sh
[0.496s] -- Up-to-date: /home/tkddn647/test/install/sensor_layer/share/sensor_layer/local_setup.zsh
[0.496s] -- Installing: /home/tkddn647/test/install/sensor_layer/share/sensor_layer/local_setup.dsv
[0.496s] -- Installing: /home/tkddn647/test/install/sensor_layer/share/sensor_layer/package.dsv
[0.496s] -- Up-to-date: /home/tkddn647/test/install/sensor_layer/share/ament_index/resource_index/packages/sensor_layer
[0.496s] -- Up-to-date: /home/tkddn647/test/install/sensor_layer/share/sensor_layer/cmake/sensor_layerConfig.cmake
[0.496s] -- Up-to-date: /home/tkddn647/test/install/sensor_layer/share/sensor_layer/cmake/sensor_layerConfig-version.cmake
[0.496s] -- Up-to-date: /home/tkddn647/test/install/sensor_layer/share/sensor_layer/package.xml
[0.499s] Invoked command in '/home/tkddn647/test/build/sensor_layer' returned '0': AMENT_PREFIX_PATH=/home/tkddn647/test/install/tf_manager_cpp:/home/tkddn647/test/install/sllidar_ros2:/home/tkddn647/test/install/ebimu_pkg:${AMENT_PREFIX_PATH} CMAKE_PREFIX_PATH=/home/tkddn647/test/install/tf_manager_cpp:/home/tkddn647/test/install/sllidar_ros2:/opt/ros/humble PYTHONPATH=/home/tkddn647/test/install/ebimu_pkg/lib/python3.10/site-packages:${PYTHONPATH} /usr/bin/cmake --install /home/tkddn647/test/build/sensor_layer
