[0.013s] Invoking command in '/home/tkddn647/test/build/race_layer': CMAKE_PREFIX_PATH=/opt/ros/humble /usr/bin/cmake --build /home/tkddn647/test/build/race_layer -- -j12 -l12
[0.044s] -- Found ament_cmake: 1.3.12 (/opt/ros/humble/share/ament_cmake/cmake)
[0.252s] -- Configuring done
[0.257s] -- Generating done
[0.261s] -- Build files have been written to: /home/tkddn647/test/build/race_layer
[0.292s] Invoked command in '/home/tkddn647/test/build/race_layer' returned '0': CMAKE_PREFIX_PATH=/opt/ros/humble /usr/bin/cmake --build /home/tkddn647/test/build/race_layer -- -j12 -l12
[0.307s] Invoking command in '/home/tkddn647/test/build/race_layer': CMAKE_PREFIX_PATH=/opt/ros/humble /usr/bin/cmake --install /home/tkddn647/test/build/race_layer
[0.318s] -- Install configuration: ""
[0.320s] -- Installing: /home/tkddn647/test/install/race_layer/lib/race_layer/path_following.py
[0.320s] -- Installing: /home/tkddn647/test/install/race_layer/lib/race_layer/static_node.py
[0.320s] -- Installing: /home/tkddn647/test/install/race_layer/lib/race_layer/FGM_node.py
[0.321s] -- Installing: /home/tkddn647/test/install/race_layer/lib/race_layer/local.py
[0.322s] -- Up-to-date: /home/tkddn647/test/install/race_layer/share/race_layer/launch
[0.322s] -- Installing: /home/tkddn647/test/install/race_layer/share/race_layer/launch/FGM_node.py
[0.322s] -- Installing: /home/tkddn647/test/install/race_layer/share/race_layer/launch/race_layer.launch.py
[0.322s] -- Up-to-date: /home/tkddn647/test/install/race_layer/share/race_layer/launch/.gitkeep
[0.322s] -- Installing: /home/tkddn647/test/install/race_layer/share/race_layer/launch/local.py
[0.322s] -- Installing: /home/tkddn647/test/install/race_layer/share/race_layer/launch/__pycache__
[0.323s] -- Installing: /home/tkddn647/test/install/race_layer/share/race_layer/launch/__pycache__/centerline.cpython-310.pyc
[0.323s] -- Installing: /home/tkddn647/test/install/race_layer/share/race_layer/launch/static_node.py
[0.324s] -- Installing: /home/tkddn647/test/install/race_layer/share/race_layer/launch/centerline.py
[0.324s] -- Installing: /home/tkddn647/test/install/race_layer/share/race_layer/launch/path_following.py
[0.324s] -- Installing: /home/tkddn647/test/install/race_layer/share/race_layer/launch/make_csv.py
[0.325s] -- Installing: /home/tkddn647/test/install/race_layer/share/ament_index/resource_index/package_run_dependencies/race_layer
[0.325s] -- Up-to-date: /home/tkddn647/test/install/race_layer/share/ament_index/resource_index/parent_prefix_path/race_layer
[0.325s] -- Up-to-date: /home/tkddn647/test/install/race_layer/share/race_layer/environment/ament_prefix_path.sh
[0.325s] -- Installing: /home/tkddn647/test/install/race_layer/share/race_layer/environment/ament_prefix_path.dsv
[0.325s] -- Up-to-date: /home/tkddn647/test/install/race_layer/share/race_layer/environment/path.sh
[0.326s] -- Installing: /home/tkddn647/test/install/race_layer/share/race_layer/environment/path.dsv
[0.326s] -- Up-to-date: /home/tkddn647/test/install/race_layer/share/race_layer/local_setup.bash
[0.326s] -- Up-to-date: /home/tkddn647/test/install/race_layer/share/race_layer/local_setup.sh
[0.326s] -- Up-to-date: /home/tkddn647/test/install/race_layer/share/race_layer/local_setup.zsh
[0.326s] -- Installing: /home/tkddn647/test/install/race_layer/share/race_layer/local_setup.dsv
[0.327s] -- Installing: /home/tkddn647/test/install/race_layer/share/race_layer/package.dsv
[0.327s] -- Up-to-date: /home/tkddn647/test/install/race_layer/share/ament_index/resource_index/packages/race_layer
[0.327s] -- Up-to-date: /home/tkddn647/test/install/race_layer/share/race_layer/cmake/race_layerConfig.cmake
[0.327s] -- Up-to-date: /home/tkddn647/test/install/race_layer/share/race_layer/cmake/race_layerConfig-version.cmake
[0.327s] -- Installing: /home/tkddn647/test/install/race_layer/share/race_layer/package.xml
[30.042s] Invoked command in '/home/tkddn647/test/build/race_layer' returned '0': CMAKE_PREFIX_PATH=/opt/ros/humble /usr/bin/cmake --install /home/tkddn647/test/build/race_layer
