-- Install configuration: ""
-- Up-to-date: /home/tkddn647/test/install/localization_layer/share/localization_layer/launch
-- Up-to-date: /home/tkddn647/test/install/localization_layer/share/localization_layer/launch/cartographer_fake_mapping_launch.py
-- Up-to-date: /home/tkddn647/test/install/localization_layer/share/localization_layer/launch/cartographer_mapping_launch.py
-- Up-to-date: /home/tkddn647/test/install/localization_layer/share/localization_layer/launch/__pycache__
-- Up-to-date: /home/tkddn647/test/install/localization_layer/share/localization_layer/launch/__pycache__/cartographer_localization_launch.cpython-310.pyc
-- Up-to-date: /home/tkddn647/test/install/localization_layer/share/localization_layer/launch/__pycache__/cartographer_fake_localization_launch.cpython-310.pyc
-- Up-to-date: /home/tkddn647/test/install/localization_layer/share/localization_layer/launch/__pycache__/cartographer_fake_mapping_launch.cpython-310.pyc
-- Installing: /home/tkddn647/test/install/localization_layer/share/localization_layer/launch/__pycache__/cartographer_mapping_launch.cpython-310.pyc
-- Up-to-date: /home/tkddn647/test/install/localization_layer/share/localization_layer/launch/cartographer_localization_launch.py
-- Up-to-date: /home/tkddn647/test/install/localization_layer/share/localization_layer/launch/cartographer_fake_localization_launch.py
-- Up-to-date: /home/tkddn647/test/install/localization_layer/share/localization_layer/launch/sim
-- Up-to-date: /home/tkddn647/test/install/localization_layer/share/localization_layer/launch/sim/cartographer_sim_mapping_launch.py
-- Up-to-date: /home/tkddn647/test/install/localization_layer/share/localization_layer/launch/sim/__pycache__
-- Up-to-date: /home/tkddn647/test/install/localization_layer/share/localization_layer/launch/sim/__pycache__/cartographer_sim_localization_launch.cpython-310.pyc
-- Up-to-date: /home/tkddn647/test/install/localization_layer/share/localization_layer/launch/sim/__pycache__/cartographer_sim_mapping_launch.cpython-310.pyc
-- Up-to-date: /home/tkddn647/test/install/localization_layer/share/localization_layer/launch/sim/cartographer_sim_localization_launch.py
-- Up-to-date: /home/tkddn647/test/install/localization_layer/share/localization_layer/launch/sim/README.md
-- Up-to-date: /home/tkddn647/test/install/localization_layer/share/localization_layer/config
-- Up-to-date: /home/tkddn647/test/install/localization_layer/share/localization_layer/config/cartographer_2d_localization.lua
-- Up-to-date: /home/tkddn647/test/install/localization_layer/share/localization_layer/config/pose_graph.lua
-- Up-to-date: /home/tkddn647/test/install/localization_layer/share/localization_layer/config/trajectory_builder.lua
-- Up-to-date: /home/tkddn647/test/install/localization_layer/share/localization_layer/config/map_builder.lua
-- Up-to-date: /home/tkddn647/test/install/localization_layer/share/localization_layer/config/cartographer_2d_mapping.lua
-- Up-to-date: /home/tkddn647/test/install/localization_layer/lib/localization_layer/map_auto_saver.py
-- Installing: /home/tkddn647/test/install/localization_layer/lib/localization_layer/fake_sensor_publisher.py
-- Up-to-date: /home/tkddn647/test/install/localization_layer/lib/localization_layer/sim_fake_sensor_publisher.py
-- Up-to-date: /home/tkddn647/test/install/localization_layer/share/ament_index/resource_index/package_run_dependencies/localization_layer
-- Up-to-date: /home/tkddn647/test/install/localization_layer/share/ament_index/resource_index/parent_prefix_path/localization_layer
-- Up-to-date: /home/tkddn647/test/install/localization_layer/share/localization_layer/environment/ament_prefix_path.sh
-- Up-to-date: /home/tkddn647/test/install/localization_layer/share/localization_layer/environment/ament_prefix_path.dsv
-- Up-to-date: /home/tkddn647/test/install/localization_layer/share/localization_layer/environment/path.sh
-- Up-to-date: /home/tkddn647/test/install/localization_layer/share/localization_layer/environment/path.dsv
-- Up-to-date: /home/tkddn647/test/install/localization_layer/share/localization_layer/local_setup.bash
-- Up-to-date: /home/tkddn647/test/install/localization_layer/share/localization_layer/local_setup.sh
-- Up-to-date: /home/tkddn647/test/install/localization_layer/share/localization_layer/local_setup.zsh
-- Up-to-date: /home/tkddn647/test/install/localization_layer/share/localization_layer/local_setup.dsv
-- Up-to-date: /home/tkddn647/test/install/localization_layer/share/localization_layer/package.dsv
-- Up-to-date: /home/tkddn647/test/install/localization_layer/share/ament_index/resource_index/packages/localization_layer
-- Up-to-date: /home/tkddn647/test/install/localization_layer/share/localization_layer/cmake/localization_layerConfig.cmake
-- Up-to-date: /home/tkddn647/test/install/localization_layer/share/localization_layer/cmake/localization_layerConfig-version.cmake
-- Up-to-date: /home/tkddn647/test/install/localization_layer/share/localization_layer/package.xml
