running egg_info
writing ../../build/ebimu_pkg/ebimu_pkg.egg-info/PKG-INFO
writing dependency_links to ../../build/ebimu_pkg/ebimu_pkg.egg-info/dependency_links.txt
writing entry points to ../../build/ebimu_pkg/ebimu_pkg.egg-info/entry_points.txt
writing requirements to ../../build/ebimu_pkg/ebimu_pkg.egg-info/requires.txt
writing top-level names to ../../build/ebimu_pkg/ebimu_pkg.egg-info/top_level.txt
reading manifest file '../../build/ebimu_pkg/ebimu_pkg.egg-info/SOURCES.txt'
writing manifest file '../../build/ebimu_pkg/ebimu_pkg.egg-info/SOURCES.txt'
running build
running build_py
running install
running install_lib
running install_data
running install_egg_info
removing '/home/tkddn647/test/install/ebimu_pkg/lib/python3.10/site-packages/ebimu_pkg-0.0.0-py3.10.egg-info' (and everything under it)
Copying ../../build/ebimu_pkg/ebimu_pkg.egg-info to /home/tkddn647/test/install/ebimu_pkg/lib/python3.10/site-packages/ebimu_pkg-0.0.0-py3.10.egg-info
running install_scripts
Installing ebimu_driver script to /home/tkddn647/test/install/ebimu_pkg/lib/ebimu_pkg
Installing ebimu_publisher script to /home/tkddn647/test/install/ebimu_pkg/lib/ebimu_pkg
Installing ebimu_subscriber script to /home/tkddn647/test/install/ebimu_pkg/lib/ebimu_pkg
writing list of installed files to '/home/tkddn647/test/build/ebimu_pkg/install.log'
