[0.934s] Invoking command in '/home/tkddn647/test/src/ebimu_pkg': PYTHONPATH=/home/tkddn647/test/build/ebimu_pkg/prefix_override:/usr/lib/python3/dist-packages/colcon_core/task/python/colcon_distutils_commands:/home/tkddn647/test/install/ebimu_pkg/lib/python3.10/site-packages:${PYTHONPATH} /usr/bin/python3 -W ignore:setup.py install is deprecated -W ignore:easy_install command is deprecated setup.py egg_info --egg-base ../../build/ebimu_pkg build --build-base /home/tkddn647/test/build/ebimu_pkg/build install --record /home/tkddn647/test/build/ebimu_pkg/install.log --single-version-externally-managed install_data
[1.197s] running egg_info
[1.198s] writing ../../build/ebimu_pkg/ebimu_pkg.egg-info/PKG-INFO
[1.198s] writing dependency_links to ../../build/ebimu_pkg/ebimu_pkg.egg-info/dependency_links.txt
[1.198s] writing entry points to ../../build/ebimu_pkg/ebimu_pkg.egg-info/entry_points.txt
[1.198s] writing requirements to ../../build/ebimu_pkg/ebimu_pkg.egg-info/requires.txt
[1.199s] writing top-level names to ../../build/ebimu_pkg/ebimu_pkg.egg-info/top_level.txt
[1.204s] reading manifest file '../../build/ebimu_pkg/ebimu_pkg.egg-info/SOURCES.txt'
[1.205s] writing manifest file '../../build/ebimu_pkg/ebimu_pkg.egg-info/SOURCES.txt'
[1.205s] running build
[1.206s] running build_py
[1.206s] running install
[1.206s] running install_lib
[1.208s] running install_data
[1.208s] running install_egg_info
[1.210s] removing '/home/tkddn647/test/install/ebimu_pkg/lib/python3.10/site-packages/ebimu_pkg-0.0.0-py3.10.egg-info' (and everything under it)
[1.211s] Copying ../../build/ebimu_pkg/ebimu_pkg.egg-info to /home/tkddn647/test/install/ebimu_pkg/lib/python3.10/site-packages/ebimu_pkg-0.0.0-py3.10.egg-info
[1.213s] running install_scripts
[1.238s] Installing ebimu_driver script to /home/tkddn647/test/install/ebimu_pkg/lib/ebimu_pkg
[1.238s] Installing ebimu_publisher script to /home/tkddn647/test/install/ebimu_pkg/lib/ebimu_pkg
[1.239s] Installing ebimu_subscriber script to /home/tkddn647/test/install/ebimu_pkg/lib/ebimu_pkg
[1.240s] writing list of installed files to '/home/tkddn647/test/build/ebimu_pkg/install.log'
[1.274s] Invoked command in '/home/tkddn647/test/src/ebimu_pkg' returned '0': PYTHONPATH=/home/tkddn647/test/build/ebimu_pkg/prefix_override:/usr/lib/python3/dist-packages/colcon_core/task/python/colcon_distutils_commands:/home/tkddn647/test/install/ebimu_pkg/lib/python3.10/site-packages:${PYTHONPATH} /usr/bin/python3 -W ignore:setup.py install is deprecated -W ignore:easy_install command is deprecated setup.py egg_info --egg-base ../../build/ebimu_pkg build --build-base /home/tkddn647/test/build/ebimu_pkg/build install --record /home/tkddn647/test/build/ebimu_pkg/install.log --single-version-externally-managed install_data
