[0.256s] DEBUG:colcon:Command line arguments: ['/usr/bin/colcon', 'build', '--packages-select', 'sim_test', '--symlink-install']
[0.256s] DEBUG:colcon:Parsed command line arguments: Namespace(log_base=None, log_level=None, verb_name='build', build_base='build', install_base='install', merge_install=False, symlink_install=True, test_result_base=None, continue_on_error=False, executor='parallel', parallel_workers=12, event_handlers=None, ignore_user_meta=False, metas=['./colcon.meta'], base_paths=['.'], packages_ignore=None, packages_ignore_regex=None, paths=None, packages_up_to=None, packages_up_to_regex=None, packages_above=None, packages_above_and_dependencies=None, packages_above_depth=None, packages_select_by_dep=None, packages_skip_by_dep=None, packages_skip_up_to=None, packages_select_build_failed=False, packages_skip_build_finished=False, packages_select_test_failures=False, packages_skip_test_passed=False, packages_select=['sim_test'], packages_skip=None, packages_select_regex=None, packages_skip_regex=None, packages_start=None, packages_end=None, allow_overriding=[], cmake_args=None, cmake_target=None, cmake_target_skip_unavailable=False, cmake_clean_cache=False, cmake_clean_first=False, cmake_force_configure=False, ament_cmake_args=None, catkin_cmake_args=None, catkin_skip_building_tests=False, mixin_files=None, mixin=None, verb_parser=<colcon_mixin.mixin.mixin_argument.MixinArgumentDecorator object at 0x7766962467d0>, verb_extension=<colcon_core.verb.build.BuildVerb object at 0x776696367730>, main=<bound method BuildVerb.main of <colcon_core.verb.build.BuildVerb object at 0x776696367730>>, mixin_verb=('build',))
[-8.593s] Level 1:colcon.colcon_core.package_discovery:discover_packages(colcon_meta) check parameters
[-8.593s] Level 1:colcon.colcon_core.package_discovery:discover_packages(recursive) check parameters
[-8.593s] Level 1:colcon.colcon_core.package_discovery:discover_packages(ignore) check parameters
[-8.593s] Level 1:colcon.colcon_core.package_discovery:discover_packages(path) check parameters
[-8.593s] Level 1:colcon.colcon_core.package_discovery:discover_packages(colcon_meta) discover
[-8.593s] Level 1:colcon.colcon_core.package_discovery:discover_packages(recursive) discover
[-8.593s] INFO:colcon.colcon_core.package_discovery:Crawling recursively for packages in '/home/tkddn647/test'
[-8.593s] Level 1:colcon.colcon_core.package_identification:_identify(.) by extensions ['ignore', 'ignore_ament_install']
[-8.592s] Level 1:colcon.colcon_core.package_identification:_identify(.) by extension 'ignore'
[-8.592s] Level 1:colcon.colcon_core.package_identification:_identify(.) by extension 'ignore_ament_install'
[-8.592s] Level 1:colcon.colcon_core.package_identification:_identify(.) by extensions ['colcon_pkg']
[-8.592s] Level 1:colcon.colcon_core.package_identification:_identify(.) by extension 'colcon_pkg'
[-8.592s] Level 1:colcon.colcon_core.package_identification:_identify(.) by extensions ['colcon_meta']
[-8.592s] Level 1:colcon.colcon_core.package_identification:_identify(.) by extension 'colcon_meta'
[-8.592s] Level 1:colcon.colcon_core.package_identification:_identify(.) by extensions ['ros']
[-8.592s] Level 1:colcon.colcon_core.package_identification:_identify(.) by extension 'ros'
[-8.579s] Level 1:colcon.colcon_core.package_identification:_identify(.) by extensions ['cmake', 'python']
[-8.579s] Level 1:colcon.colcon_core.package_identification:_identify(.) by extension 'cmake'
[-8.579s] Level 1:colcon.colcon_core.package_identification:_identify(.) by extension 'python'
[-8.579s] Level 1:colcon.colcon_core.package_identification:_identify(.) by extensions ['python_setup_py']
[-8.579s] Level 1:colcon.colcon_core.package_identification:_identify(.) by extension 'python_setup_py'
[-8.579s] Level 1:colcon.colcon_core.package_identification:_identify(build) by extensions ['ignore', 'ignore_ament_install']
[-8.579s] Level 1:colcon.colcon_core.package_identification:_identify(build) by extension 'ignore'
[-8.579s] Level 1:colcon.colcon_core.package_identification:_identify(build) ignored
[-8.578s] Level 1:colcon.colcon_core.package_identification:_identify(install) by extensions ['ignore', 'ignore_ament_install']
[-8.578s] Level 1:colcon.colcon_core.package_identification:_identify(install) by extension 'ignore'
[-8.578s] Level 1:colcon.colcon_core.package_identification:_identify(install) ignored
[-8.578s] Level 1:colcon.colcon_core.package_identification:_identify(log) by extensions ['ignore', 'ignore_ament_install']
[-8.578s] Level 1:colcon.colcon_core.package_identification:_identify(log) by extension 'ignore'
[-8.578s] Level 1:colcon.colcon_core.package_identification:_identify(log) ignored
[-8.578s] Level 1:colcon.colcon_core.package_identification:_identify(maps) by extensions ['ignore', 'ignore_ament_install']
[-8.578s] Level 1:colcon.colcon_core.package_identification:_identify(maps) by extension 'ignore'
[-8.577s] Level 1:colcon.colcon_core.package_identification:_identify(maps) by extension 'ignore_ament_install'
[-8.577s] Level 1:colcon.colcon_core.package_identification:_identify(maps) by extensions ['colcon_pkg']
[-8.577s] Level 1:colcon.colcon_core.package_identification:_identify(maps) by extension 'colcon_pkg'
[-8.577s] Level 1:colcon.colcon_core.package_identification:_identify(maps) by extensions ['colcon_meta']
[-8.577s] Level 1:colcon.colcon_core.package_identification:_identify(maps) by extension 'colcon_meta'
[-8.577s] Level 1:colcon.colcon_core.package_identification:_identify(maps) by extensions ['ros']
[-8.577s] Level 1:colcon.colcon_core.package_identification:_identify(maps) by extension 'ros'
[-8.577s] Level 1:colcon.colcon_core.package_identification:_identify(maps) by extensions ['cmake', 'python']
[-8.577s] Level 1:colcon.colcon_core.package_identification:_identify(maps) by extension 'cmake'
[-8.577s] Level 1:colcon.colcon_core.package_identification:_identify(maps) by extension 'python'
[-8.577s] Level 1:colcon.colcon_core.package_identification:_identify(maps) by extensions ['python_setup_py']
[-8.577s] Level 1:colcon.colcon_core.package_identification:_identify(maps) by extension 'python_setup_py'
[-8.577s] Level 1:colcon.colcon_core.package_identification:_identify(src) by extensions ['ignore', 'ignore_ament_install']
[-8.577s] Level 1:colcon.colcon_core.package_identification:_identify(src) by extension 'ignore'
[-8.577s] Level 1:colcon.colcon_core.package_identification:_identify(src) by extension 'ignore_ament_install'
[-8.577s] Level 1:colcon.colcon_core.package_identification:_identify(src) by extensions ['colcon_pkg']
[-8.577s] Level 1:colcon.colcon_core.package_identification:_identify(src) by extension 'colcon_pkg'
[-8.577s] Level 1:colcon.colcon_core.package_identification:_identify(src) by extensions ['colcon_meta']
[-8.576s] Level 1:colcon.colcon_core.package_identification:_identify(src) by extension 'colcon_meta'
[-8.576s] Level 1:colcon.colcon_core.package_identification:_identify(src) by extensions ['ros']
[-8.576s] Level 1:colcon.colcon_core.package_identification:_identify(src) by extension 'ros'
[-8.576s] Level 1:colcon.colcon_core.package_identification:_identify(src) by extensions ['cmake', 'python']
[-8.576s] Level 1:colcon.colcon_core.package_identification:_identify(src) by extension 'cmake'
[-8.576s] Level 1:colcon.colcon_core.package_identification:_identify(src) by extension 'python'
[-8.576s] Level 1:colcon.colcon_core.package_identification:_identify(src) by extensions ['python_setup_py']
[-8.576s] Level 1:colcon.colcon_core.package_identification:_identify(src) by extension 'python_setup_py'
[-8.576s] Level 1:colcon.colcon_core.package_identification:_identify(src/ebimu_pkg) by extensions ['ignore', 'ignore_ament_install']
[-8.576s] Level 1:colcon.colcon_core.package_identification:_identify(src/ebimu_pkg) by extension 'ignore'
[-8.576s] Level 1:colcon.colcon_core.package_identification:_identify(src/ebimu_pkg) by extension 'ignore_ament_install'
[-8.576s] Level 1:colcon.colcon_core.package_identification:_identify(src/ebimu_pkg) by extensions ['colcon_pkg']
[-8.575s] Level 1:colcon.colcon_core.package_identification:_identify(src/ebimu_pkg) by extension 'colcon_pkg'
[-8.575s] Level 1:colcon.colcon_core.package_identification:_identify(src/ebimu_pkg) by extensions ['colcon_meta']
[-8.575s] Level 1:colcon.colcon_core.package_identification:_identify(src/ebimu_pkg) by extension 'colcon_meta'
[-8.575s] Level 1:colcon.colcon_core.package_identification:_identify(src/ebimu_pkg) by extensions ['ros']
[-8.575s] Level 1:colcon.colcon_core.package_identification:_identify(src/ebimu_pkg) by extension 'ros'
[-8.572s] DEBUG:colcon.colcon_core.package_identification:Package 'src/ebimu_pkg' with type 'ros.ament_python' and name 'ebimu_pkg'
[-8.572s] Level 1:colcon.colcon_core.package_identification:_identify(src/localization_layer) by extensions ['ignore', 'ignore_ament_install']
[-8.572s] Level 1:colcon.colcon_core.package_identification:_identify(src/localization_layer) by extension 'ignore'
[-8.571s] Level 1:colcon.colcon_core.package_identification:_identify(src/localization_layer) by extension 'ignore_ament_install'
[-8.571s] Level 1:colcon.colcon_core.package_identification:_identify(src/localization_layer) by extensions ['colcon_pkg']
[-8.571s] Level 1:colcon.colcon_core.package_identification:_identify(src/localization_layer) by extension 'colcon_pkg'
[-8.571s] Level 1:colcon.colcon_core.package_identification:_identify(src/localization_layer) by extensions ['colcon_meta']
[-8.571s] Level 1:colcon.colcon_core.package_identification:_identify(src/localization_layer) by extension 'colcon_meta'
[-8.571s] Level 1:colcon.colcon_core.package_identification:_identify(src/localization_layer) by extensions ['ros']
[-8.571s] Level 1:colcon.colcon_core.package_identification:_identify(src/localization_layer) by extension 'ros'
[-8.569s] DEBUG:colcon.colcon_core.package_identification:Package 'src/localization_layer' with type 'ros.ament_cmake' and name 'localization_layer'
[-8.568s] Level 1:colcon.colcon_core.package_identification:_identify(src/race_layer) by extensions ['ignore', 'ignore_ament_install']
[-8.568s] Level 1:colcon.colcon_core.package_identification:_identify(src/race_layer) by extension 'ignore'
[-8.568s] Level 1:colcon.colcon_core.package_identification:_identify(src/race_layer) by extension 'ignore_ament_install'
[-8.568s] Level 1:colcon.colcon_core.package_identification:_identify(src/race_layer) by extensions ['colcon_pkg']
[-8.568s] Level 1:colcon.colcon_core.package_identification:_identify(src/race_layer) by extension 'colcon_pkg'
[-8.568s] Level 1:colcon.colcon_core.package_identification:_identify(src/race_layer) by extensions ['colcon_meta']
[-8.568s] Level 1:colcon.colcon_core.package_identification:_identify(src/race_layer) by extension 'colcon_meta'
[-8.568s] Level 1:colcon.colcon_core.package_identification:_identify(src/race_layer) by extensions ['ros']
[-8.568s] Level 1:colcon.colcon_core.package_identification:_identify(src/race_layer) by extension 'ros'
[-8.568s] DEBUG:colcon.colcon_core.package_identification:Package 'src/race_layer' with type 'ros.ament_cmake' and name 'race_layer'
[-8.567s] Level 1:colcon.colcon_core.package_identification:_identify(src/sensor_layer) by extensions ['ignore', 'ignore_ament_install']
[-8.567s] Level 1:colcon.colcon_core.package_identification:_identify(src/sensor_layer) by extension 'ignore'
[-8.567s] Level 1:colcon.colcon_core.package_identification:_identify(src/sensor_layer) by extension 'ignore_ament_install'
[-8.567s] Level 1:colcon.colcon_core.package_identification:_identify(src/sensor_layer) by extensions ['colcon_pkg']
[-8.567s] Level 1:colcon.colcon_core.package_identification:_identify(src/sensor_layer) by extension 'colcon_pkg'
[-8.567s] Level 1:colcon.colcon_core.package_identification:_identify(src/sensor_layer) by extensions ['colcon_meta']
[-8.567s] Level 1:colcon.colcon_core.package_identification:_identify(src/sensor_layer) by extension 'colcon_meta'
[-8.567s] Level 1:colcon.colcon_core.package_identification:_identify(src/sensor_layer) by extensions ['ros']
[-8.567s] Level 1:colcon.colcon_core.package_identification:_identify(src/sensor_layer) by extension 'ros'
[-8.567s] DEBUG:colcon.colcon_core.package_identification:Package 'src/sensor_layer' with type 'ros.ament_cmake' and name 'sensor_layer'
[-8.566s] Level 1:colcon.colcon_core.package_identification:_identify(src/sim_test) by extensions ['ignore', 'ignore_ament_install']
[-8.566s] Level 1:colcon.colcon_core.package_identification:_identify(src/sim_test) by extension 'ignore'
[-8.566s] Level 1:colcon.colcon_core.package_identification:_identify(src/sim_test) by extension 'ignore_ament_install'
[-8.566s] Level 1:colcon.colcon_core.package_identification:_identify(src/sim_test) by extensions ['colcon_pkg']
[-8.566s] Level 1:colcon.colcon_core.package_identification:_identify(src/sim_test) by extension 'colcon_pkg'
[-8.566s] Level 1:colcon.colcon_core.package_identification:_identify(src/sim_test) by extensions ['colcon_meta']
[-8.566s] Level 1:colcon.colcon_core.package_identification:_identify(src/sim_test) by extension 'colcon_meta'
[-8.566s] Level 1:colcon.colcon_core.package_identification:_identify(src/sim_test) by extensions ['ros']
[-8.566s] Level 1:colcon.colcon_core.package_identification:_identify(src/sim_test) by extension 'ros'
[-8.565s] DEBUG:colcon.colcon_core.package_identification:Package 'src/sim_test' with type 'ros.ament_cmake' and name 'sim_test'
[-8.565s] Level 1:colcon.colcon_core.package_identification:_identify(src/sllidar_ros2) by extensions ['ignore', 'ignore_ament_install']
[-8.565s] Level 1:colcon.colcon_core.package_identification:_identify(src/sllidar_ros2) by extension 'ignore'
[-8.565s] Level 1:colcon.colcon_core.package_identification:_identify(src/sllidar_ros2) by extension 'ignore_ament_install'
[-8.565s] Level 1:colcon.colcon_core.package_identification:_identify(src/sllidar_ros2) by extensions ['colcon_pkg']
[-8.565s] Level 1:colcon.colcon_core.package_identification:_identify(src/sllidar_ros2) by extension 'colcon_pkg'
[-8.565s] Level 1:colcon.colcon_core.package_identification:_identify(src/sllidar_ros2) by extensions ['colcon_meta']
[-8.565s] Level 1:colcon.colcon_core.package_identification:_identify(src/sllidar_ros2) by extension 'colcon_meta'
[-8.565s] Level 1:colcon.colcon_core.package_identification:_identify(src/sllidar_ros2) by extensions ['ros']
[-8.565s] Level 1:colcon.colcon_core.package_identification:_identify(src/sllidar_ros2) by extension 'ros'
[-8.564s] DEBUG:colcon.colcon_core.package_identification:Package 'src/sllidar_ros2' with type 'ros.ament_cmake' and name 'sllidar_ros2'
[-8.564s] Level 1:colcon.colcon_core.package_identification:_identify(src/tf_manager_cpp) by extensions ['ignore', 'ignore_ament_install']
[-8.564s] Level 1:colcon.colcon_core.package_identification:_identify(src/tf_manager_cpp) by extension 'ignore'
[-8.564s] Level 1:colcon.colcon_core.package_identification:_identify(src/tf_manager_cpp) by extension 'ignore_ament_install'
[-8.564s] Level 1:colcon.colcon_core.package_identification:_identify(src/tf_manager_cpp) by extensions ['colcon_pkg']
[-8.564s] Level 1:colcon.colcon_core.package_identification:_identify(src/tf_manager_cpp) by extension 'colcon_pkg'
[-8.564s] Level 1:colcon.colcon_core.package_identification:_identify(src/tf_manager_cpp) by extensions ['colcon_meta']
[-8.564s] Level 1:colcon.colcon_core.package_identification:_identify(src/tf_manager_cpp) by extension 'colcon_meta'
[-8.564s] Level 1:colcon.colcon_core.package_identification:_identify(src/tf_manager_cpp) by extensions ['ros']
[-8.564s] Level 1:colcon.colcon_core.package_identification:_identify(src/tf_manager_cpp) by extension 'ros'
[-8.561s] DEBUG:colcon.colcon_core.package_identification:Package 'src/tf_manager_cpp' with type 'ros.ament_cmake' and name 'tf_manager_cpp'
[-8.561s] Level 1:colcon.colcon_core.package_discovery:discover_packages(recursive) using defaults
[-8.561s] Level 1:colcon.colcon_core.package_discovery:discover_packages(ignore) discover
[-8.561s] Level 1:colcon.colcon_core.package_discovery:discover_packages(ignore) using defaults
[-8.561s] Level 1:colcon.colcon_core.package_discovery:discover_packages(path) discover
[-8.561s] Level 1:colcon.colcon_core.package_discovery:discover_packages(path) using defaults
[-8.527s] INFO:colcon.colcon_core.package_selection:Skipping not selected package 'ebimu_pkg' in 'src/ebimu_pkg'
[-8.527s] INFO:colcon.colcon_core.package_selection:Skipping not selected package 'race_layer' in 'src/race_layer'
[-8.527s] INFO:colcon.colcon_core.package_selection:Skipping not selected package 'sllidar_ros2' in 'src/sllidar_ros2'
[-8.527s] INFO:colcon.colcon_core.package_selection:Skipping not selected package 'tf_manager_cpp' in 'src/tf_manager_cpp'
[-8.527s] INFO:colcon.colcon_core.package_selection:Skipping not selected package 'sensor_layer' in 'src/sensor_layer'
[-8.527s] INFO:colcon.colcon_core.package_selection:Skipping not selected package 'localization_layer' in 'src/localization_layer'
[-8.527s] Level 1:colcon.colcon_core.package_discovery:discover_packages(prefix_path) check parameters
[-8.527s] Level 1:colcon.colcon_core.package_discovery:discover_packages(prefix_path) discover
[-8.524s] DEBUG:colcon.colcon_installed_package_information.package_discovery:Found 347 installed packages in /opt/ros/humble
[-8.523s] Level 1:colcon.colcon_core.package_discovery:discover_packages(prefix_path) using defaults
[-8.472s] Level 5:colcon.colcon_core.verb:set package 'sim_test' build argument 'cmake_args' from command line to 'None'
[-8.471s] Level 5:colcon.colcon_core.verb:set package 'sim_test' build argument 'cmake_target' from command line to 'None'
[-8.471s] Level 5:colcon.colcon_core.verb:set package 'sim_test' build argument 'cmake_target_skip_unavailable' from command line to 'False'
[-8.471s] Level 5:colcon.colcon_core.verb:set package 'sim_test' build argument 'cmake_clean_cache' from command line to 'False'
[-8.471s] Level 5:colcon.colcon_core.verb:set package 'sim_test' build argument 'cmake_clean_first' from command line to 'False'
[-8.471s] Level 5:colcon.colcon_core.verb:set package 'sim_test' build argument 'cmake_force_configure' from command line to 'False'
[-8.471s] Level 5:colcon.colcon_core.verb:set package 'sim_test' build argument 'ament_cmake_args' from command line to 'None'
[-8.471s] Level 5:colcon.colcon_core.verb:set package 'sim_test' build argument 'catkin_cmake_args' from command line to 'None'
[-8.471s] Level 5:colcon.colcon_core.verb:set package 'sim_test' build argument 'catkin_skip_building_tests' from command line to 'False'
[-8.471s] DEBUG:colcon.colcon_core.verb:Building package 'sim_test' with the following arguments: {'ament_cmake_args': None, 'build_base': '/home/tkddn647/test/build/sim_test', 'catkin_cmake_args': None, 'catkin_skip_building_tests': False, 'cmake_args': None, 'cmake_clean_cache': False, 'cmake_clean_first': False, 'cmake_force_configure': False, 'cmake_target': None, 'cmake_target_skip_unavailable': False, 'install_base': '/home/tkddn647/test/install/sim_test', 'merge_install': False, 'path': '/home/tkddn647/test/src/sim_test', 'symlink_install': True, 'test_result_base': None}
[-8.471s] INFO:colcon.colcon_core.executor:Executing jobs using 'parallel' executor
[-8.470s] DEBUG:colcon.colcon_parallel_executor.executor.parallel:run_until_complete
[-8.469s] INFO:colcon.colcon_ros.task.ament_cmake.build:Building ROS package in '/home/tkddn647/test/src/sim_test' with build type 'ament_cmake'
[-8.469s] INFO:colcon.colcon_cmake.task.cmake.build:Building CMake package in '/home/tkddn647/test/src/sim_test'
[-8.467s] INFO:colcon.colcon_core.plugin_system:Skipping extension 'colcon_core.shell.bat': Not used on non-Windows systems
[-8.467s] INFO:colcon.colcon_core.shell:Skip shell extension 'powershell' for command environment: Not usable outside of PowerShell
[-8.467s] DEBUG:colcon.colcon_core.shell:Skip shell extension 'dsv' for command environment
[21.569s] DEBUG:colcon.colcon_core.event_handler.log_command:Invoking command in '/home/tkddn647/test/build/sim_test': AMENT_PREFIX_PATH=/home/tkddn647/test/install/localization_layer:/home/tkddn647/test/install/sensor_layer:/home/tkddn647/test/install/tf_manager_cpp:/home/tkddn647/test/install/sllidar_ros2:/home/tkddn647/test/install/ebimu_pkg:${AMENT_PREFIX_PATH} CMAKE_PREFIX_PATH=/home/tkddn647/test/install/localization_layer:/home/tkddn647/test/install/sensor_layer:/home/tkddn647/test/install/tf_manager_cpp:/home/tkddn647/test/install/sllidar_ros2:/opt/ros/humble PYTHONPATH=/home/tkddn647/test/install/ebimu_pkg/lib/python3.10/site-packages:${PYTHONPATH} /usr/bin/cmake --build /home/tkddn647/test/build/sim_test -- -j12 -l12
[21.643s] DEBUG:colcon.colcon_core.event_handler.log_command:Invoked command in '/home/tkddn647/test/build/sim_test' returned '0': AMENT_PREFIX_PATH=/home/tkddn647/test/install/localization_layer:/home/tkddn647/test/install/sensor_layer:/home/tkddn647/test/install/tf_manager_cpp:/home/tkddn647/test/install/sllidar_ros2:/home/tkddn647/test/install/ebimu_pkg:${AMENT_PREFIX_PATH} CMAKE_PREFIX_PATH=/home/tkddn647/test/install/localization_layer:/home/tkddn647/test/install/sensor_layer:/home/tkddn647/test/install/tf_manager_cpp:/home/tkddn647/test/install/sllidar_ros2:/opt/ros/humble PYTHONPATH=/home/tkddn647/test/install/ebimu_pkg/lib/python3.10/site-packages:${PYTHONPATH} /usr/bin/cmake --build /home/tkddn647/test/build/sim_test -- -j12 -l12
[21.663s] DEBUG:colcon.colcon_core.event_handler.log_command:Invoking command in '/home/tkddn647/test/build/sim_test': AMENT_PREFIX_PATH=/home/tkddn647/test/install/localization_layer:/home/tkddn647/test/install/sensor_layer:/home/tkddn647/test/install/tf_manager_cpp:/home/tkddn647/test/install/sllidar_ros2:/home/tkddn647/test/install/ebimu_pkg:${AMENT_PREFIX_PATH} CMAKE_PREFIX_PATH=/home/tkddn647/test/install/localization_layer:/home/tkddn647/test/install/sensor_layer:/home/tkddn647/test/install/tf_manager_cpp:/home/tkddn647/test/install/sllidar_ros2:/opt/ros/humble PYTHONPATH=/home/tkddn647/test/install/ebimu_pkg/lib/python3.10/site-packages:${PYTHONPATH} /usr/bin/cmake --install /home/tkddn647/test/build/sim_test
[21.721s] Level 1:colcon.colcon_core.environment:create_environment_scripts_only(sim_test)
[21.723s] DEBUG:colcon.colcon_core.event_handler.log_command:Invoked command in '/home/tkddn647/test/build/sim_test' returned '0': AMENT_PREFIX_PATH=/home/tkddn647/test/install/localization_layer:/home/tkddn647/test/install/sensor_layer:/home/tkddn647/test/install/tf_manager_cpp:/home/tkddn647/test/install/sllidar_ros2:/home/tkddn647/test/install/ebimu_pkg:${AMENT_PREFIX_PATH} CMAKE_PREFIX_PATH=/home/tkddn647/test/install/localization_layer:/home/tkddn647/test/install/sensor_layer:/home/tkddn647/test/install/tf_manager_cpp:/home/tkddn647/test/install/sllidar_ros2:/opt/ros/humble PYTHONPATH=/home/tkddn647/test/install/ebimu_pkg/lib/python3.10/site-packages:${PYTHONPATH} /usr/bin/cmake --install /home/tkddn647/test/build/sim_test
[21.725s] Level 1:colcon.colcon_core.environment:checking '/home/tkddn647/test/install/sim_test' for CMake module files
[21.726s] Level 1:colcon.colcon_core.environment:checking '/home/tkddn647/test/install/sim_test' for CMake config files
[21.727s] Level 1:colcon.colcon_core.shell:create_environment_hook('sim_test', 'cmake_prefix_path')
[21.727s] INFO:colcon.colcon_core.shell:Creating environment hook '/home/tkddn647/test/install/sim_test/share/sim_test/hook/cmake_prefix_path.ps1'
[21.728s] INFO:colcon.colcon_core.shell:Creating environment descriptor '/home/tkddn647/test/install/sim_test/share/sim_test/hook/cmake_prefix_path.dsv'
[21.731s] INFO:colcon.colcon_core.shell:Creating environment hook '/home/tkddn647/test/install/sim_test/share/sim_test/hook/cmake_prefix_path.sh'
[21.732s] Level 1:colcon.colcon_core.environment:checking '/home/tkddn647/test/install/sim_test/lib'
[21.732s] Level 1:colcon.colcon_core.environment:checking '/home/tkddn647/test/install/sim_test/bin'
[21.733s] Level 1:colcon.colcon_core.environment:checking '/home/tkddn647/test/install/sim_test/lib/pkgconfig/sim_test.pc'
[21.733s] Level 1:colcon.colcon_core.environment:checking '/home/tkddn647/test/install/sim_test/lib/python3.10/site-packages'
[21.733s] Level 1:colcon.colcon_core.environment:checking '/home/tkddn647/test/install/sim_test/bin'
[21.734s] INFO:colcon.colcon_core.shell:Creating package script '/home/tkddn647/test/install/sim_test/share/sim_test/package.ps1'
[21.735s] INFO:colcon.colcon_core.shell:Creating package descriptor '/home/tkddn647/test/install/sim_test/share/sim_test/package.dsv'
[21.736s] INFO:colcon.colcon_core.shell:Creating package script '/home/tkddn647/test/install/sim_test/share/sim_test/package.sh'
[21.737s] INFO:colcon.colcon_core.shell:Creating package script '/home/tkddn647/test/install/sim_test/share/sim_test/package.bash'
[21.738s] INFO:colcon.colcon_core.shell:Creating package script '/home/tkddn647/test/install/sim_test/share/sim_test/package.zsh'
[21.739s] Level 1:colcon.colcon_core.environment:create_file_with_runtime_dependencies(/home/tkddn647/test/install/sim_test/share/colcon-core/packages/sim_test)
[21.740s] Level 1:colcon.colcon_core.environment:create_environment_scripts_only(sim_test)
[21.740s] Level 1:colcon.colcon_core.environment:checking '/home/tkddn647/test/install/sim_test' for CMake module files
[21.741s] Level 1:colcon.colcon_core.environment:checking '/home/tkddn647/test/install/sim_test' for CMake config files
[21.742s] Level 1:colcon.colcon_core.shell:create_environment_hook('sim_test', 'cmake_prefix_path')
[21.742s] INFO:colcon.colcon_core.shell:Creating environment hook '/home/tkddn647/test/install/sim_test/share/sim_test/hook/cmake_prefix_path.ps1'
[21.743s] INFO:colcon.colcon_core.shell:Creating environment descriptor '/home/tkddn647/test/install/sim_test/share/sim_test/hook/cmake_prefix_path.dsv'
[21.743s] INFO:colcon.colcon_core.shell:Creating environment hook '/home/tkddn647/test/install/sim_test/share/sim_test/hook/cmake_prefix_path.sh'
[21.744s] Level 1:colcon.colcon_core.environment:checking '/home/tkddn647/test/install/sim_test/lib'
[21.744s] Level 1:colcon.colcon_core.environment:checking '/home/tkddn647/test/install/sim_test/bin'
[21.745s] Level 1:colcon.colcon_core.environment:checking '/home/tkddn647/test/install/sim_test/lib/pkgconfig/sim_test.pc'
[21.745s] Level 1:colcon.colcon_core.environment:checking '/home/tkddn647/test/install/sim_test/lib/python3.10/site-packages'
[21.745s] Level 1:colcon.colcon_core.environment:checking '/home/tkddn647/test/install/sim_test/bin'
[21.746s] INFO:colcon.colcon_core.shell:Creating package script '/home/tkddn647/test/install/sim_test/share/sim_test/package.ps1'
[21.747s] INFO:colcon.colcon_core.shell:Creating package descriptor '/home/tkddn647/test/install/sim_test/share/sim_test/package.dsv'
[21.747s] INFO:colcon.colcon_core.shell:Creating package script '/home/tkddn647/test/install/sim_test/share/sim_test/package.sh'
[21.748s] INFO:colcon.colcon_core.shell:Creating package script '/home/tkddn647/test/install/sim_test/share/sim_test/package.bash'
[21.749s] INFO:colcon.colcon_core.shell:Creating package script '/home/tkddn647/test/install/sim_test/share/sim_test/package.zsh'
[21.749s] Level 1:colcon.colcon_core.environment:create_file_with_runtime_dependencies(/home/tkddn647/test/install/sim_test/share/colcon-core/packages/sim_test)
[21.750s] DEBUG:colcon.colcon_parallel_executor.executor.parallel:closing loop
[21.751s] DEBUG:colcon.colcon_parallel_executor.executor.parallel:loop closed
[21.751s] DEBUG:colcon.colcon_parallel_executor.executor.parallel:run_until_complete finished with '0'
[21.751s] DEBUG:colcon.colcon_core.event_reactor:joining thread
[21.822s] INFO:colcon.colcon_core.plugin_system:Skipping extension 'colcon_notification.desktop_notification.notify_send': Could not find 'notify-send'
[21.822s] INFO:colcon.colcon_core.plugin_system:Skipping extension 'colcon_notification.desktop_notification.terminal_notifier': Not used on non-Darwin systems
[21.822s] INFO:colcon.colcon_core.plugin_system:Skipping extension 'colcon_notification.desktop_notification.win32': Not used on non-Windows systems
[21.822s] INFO:colcon.colcon_notification.desktop_notification:Sending desktop notification using 'notify2'
[21.822s] DEBUG:colcon.colcon_notification.desktop_notification.notify2:Failed to initialize notify2: org.freedesktop.DBus.Error.AccessDenied: Failed to connect to socket /run/user/1000/bus: Operation not permitted
[21.823s] DEBUG:colcon.colcon_core.event_reactor:joined thread
[21.823s] INFO:colcon.colcon_core.shell:Creating prefix script '/home/tkddn647/test/install/local_setup.ps1'
[21.824s] INFO:colcon.colcon_core.shell:Creating prefix util module '/home/tkddn647/test/install/_local_setup_util_ps1.py'
[21.826s] INFO:colcon.colcon_core.shell:Creating prefix chain script '/home/tkddn647/test/install/setup.ps1'
[21.827s] INFO:colcon.colcon_core.shell:Creating prefix script '/home/tkddn647/test/install/local_setup.sh'
[21.828s] INFO:colcon.colcon_core.shell:Creating prefix util module '/home/tkddn647/test/install/_local_setup_util_sh.py'
[21.829s] INFO:colcon.colcon_core.shell:Creating prefix chain script '/home/tkddn647/test/install/setup.sh'
[21.830s] INFO:colcon.colcon_core.shell:Creating prefix script '/home/tkddn647/test/install/local_setup.bash'
[21.831s] INFO:colcon.colcon_core.shell:Creating prefix chain script '/home/tkddn647/test/install/setup.bash'
[21.832s] INFO:colcon.colcon_core.shell:Creating prefix script '/home/tkddn647/test/install/local_setup.zsh'
[21.833s] INFO:colcon.colcon_core.shell:Creating prefix chain script '/home/tkddn647/test/install/setup.zsh'
