-- The C compiler identification is GNU 11.4.0
-- The CXX compiler identification is GNU 11.4.0
-- Detecting C compiler ABI info
-- Detecting C compiler ABI info - done
-- Check for working C compiler: /usr/bin/cc - skipped
-- Detecting C compile features
-- Detecting C compile features - done
-- Detecting CXX compiler ABI info
-- Detecting CXX compiler ABI info - done
-- Check for working CXX compiler: /usr/bin/c++ - skipped
-- Detecting CXX compile features
-- Detecting CXX compile features - done
-- Found ament_cmake: 1.3.12 (/opt/ros/humble/share/ament_cmake/cmake)
-- Found Python3: /usr/bin/python3 (found version "3.10.12") found components: Interpreter 
-- Configuring done
-- Generating done
-- Build files have been written to: /home/tkddn647/test/build/race_layer
-- Install configuration: ""
-- Installing: /home/tkddn647/test/install/race_layer/share/race_layer/launch
-- Installing: /home/tkddn647/test/install/race_layer/share/race_layer/launch/.gitkeep
-- Installing: /home/tkddn647/test/install/race_layer/share/ament_index/resource_index/package_run_dependencies/race_layer
-- Installing: /home/tkddn647/test/install/race_layer/share/ament_index/resource_index/parent_prefix_path/race_layer
-- Installing: /home/tkddn647/test/install/race_layer/share/race_layer/environment/ament_prefix_path.sh
-- Installing: /home/tkddn647/test/install/race_layer/share/race_layer/environment/ament_prefix_path.dsv
-- Installing: /home/tkddn647/test/install/race_layer/share/race_layer/environment/path.sh
-- Installing: /home/tkddn647/test/install/race_layer/share/race_layer/environment/path.dsv
-- Installing: /home/tkddn647/test/install/race_layer/share/race_layer/local_setup.bash
-- Installing: /home/tkddn647/test/install/race_layer/share/race_layer/local_setup.sh
-- Installing: /home/tkddn647/test/install/race_layer/share/race_layer/local_setup.zsh
-- Installing: /home/tkddn647/test/install/race_layer/share/race_layer/local_setup.dsv
-- Installing: /home/tkddn647/test/install/race_layer/share/race_layer/package.dsv
-- Installing: /home/tkddn647/test/install/race_layer/share/ament_index/resource_index/packages/race_layer
-- Installing: /home/tkddn647/test/install/race_layer/share/race_layer/cmake/race_layerConfig.cmake
-- Installing: /home/tkddn647/test/install/race_layer/share/race_layer/cmake/race_layerConfig-version.cmake
-- Installing: /home/tkddn647/test/install/race_layer/share/race_layer/package.xml
