[30.044s] Invoking command in '/home/tkddn647/test/build/race_layer': CMAKE_PREFIX_PATH=/opt/ros/humble /usr/bin/cmake /home/tkddn647/test/src/race_layer -DCMAKE_INSTALL_PREFIX=/home/tkddn647/test/install/race_layer
[30.343s] -- The C compiler identification is GNU 11.4.0
[30.938s] -- The CXX compiler identification is GNU 11.4.0
[31.322s] -- Detecting C compiler ABI info
[31.493s] -- Detecting C compiler ABI info - done
[31.498s] -- Check for working C compiler: /usr/bin/cc - skipped
[31.500s] -- Detecting C compile features
[31.501s] -- Detecting C compile features - done
[31.505s] -- Detecting CXX compiler ABI info
[31.673s] -- Detecting CXX compiler ABI info - done
[31.678s] -- Check for working CXX compiler: /usr/bin/c++ - skipped
[31.678s] -- Detecting CXX compile features
[31.679s] -- Detecting CXX compile features - done
[31.686s] -- Found ament_cmake: 1.3.12 (/opt/ros/humble/share/ament_cmake/cmake)
[31.821s] -- Found Python3: /usr/bin/python3 (found version "3.10.12") found components: Interpreter 
[31.987s] -- Configuring done
[31.993s] -- Generating done
[31.995s] -- Build files have been written to: /home/tkddn647/test/build/race_layer
[32.000s] Invoked command in '/home/tkddn647/test/build/race_layer' returned '0': CMAKE_PREFIX_PATH=/opt/ros/humble /usr/bin/cmake /home/tkddn647/test/src/race_layer -DCMAKE_INSTALL_PREFIX=/home/tkddn647/test/install/race_layer
[32.002s] Invoking command in '/home/tkddn647/test/build/race_layer': CMAKE_PREFIX_PATH=/opt/ros/humble /usr/bin/cmake --build /home/tkddn647/test/build/race_layer -- -j12 -l12
[32.048s] Invoked command in '/home/tkddn647/test/build/race_layer' returned '0': CMAKE_PREFIX_PATH=/opt/ros/humble /usr/bin/cmake --build /home/tkddn647/test/build/race_layer -- -j12 -l12
[32.059s] Invoking command in '/home/tkddn647/test/build/race_layer': CMAKE_PREFIX_PATH=/opt/ros/humble /usr/bin/cmake --install /home/tkddn647/test/build/race_layer
[32.068s] -- Install configuration: ""
[32.068s] -- Installing: /home/tkddn647/test/install/race_layer/share/race_layer/launch
[32.069s] -- Installing: /home/tkddn647/test/install/race_layer/share/race_layer/launch/.gitkeep
[32.071s] -- Installing: /home/tkddn647/test/install/race_layer/share/ament_index/resource_index/package_run_dependencies/race_layer
[32.072s] -- Installing: /home/tkddn647/test/install/race_layer/share/ament_index/resource_index/parent_prefix_path/race_layer
[32.072s] -- Installing: /home/tkddn647/test/install/race_layer/share/race_layer/environment/ament_prefix_path.sh
[32.072s] -- Installing: /home/tkddn647/test/install/race_layer/share/race_layer/environment/ament_prefix_path.dsv
[32.072s] -- Installing: /home/tkddn647/test/install/race_layer/share/race_layer/environment/path.sh
[32.073s] -- Installing: /home/tkddn647/test/install/race_layer/share/race_layer/environment/path.dsv
[32.073s] -- Installing: /home/tkddn647/test/install/race_layer/share/race_layer/local_setup.bash
[32.073s] -- Installing: /home/tkddn647/test/install/race_layer/share/race_layer/local_setup.sh
[32.074s] -- Installing: /home/tkddn647/test/install/race_layer/share/race_layer/local_setup.zsh
[32.074s] -- Installing: /home/tkddn647/test/install/race_layer/share/race_layer/local_setup.dsv
[32.074s] -- Installing: /home/tkddn647/test/install/race_layer/share/race_layer/package.dsv
[32.074s] -- Installing: /home/tkddn647/test/install/race_layer/share/ament_index/resource_index/packages/race_layer
[32.075s] -- Installing: /home/tkddn647/test/install/race_layer/share/race_layer/cmake/race_layerConfig.cmake
[32.075s] -- Installing: /home/tkddn647/test/install/race_layer/share/race_layer/cmake/race_layerConfig-version.cmake
[32.076s] -- Installing: /home/tkddn647/test/install/race_layer/share/race_layer/package.xml
[60.061s] Invoked command in '/home/tkddn647/test/build/race_layer' returned '0': CMAKE_PREFIX_PATH=/opt/ros/humble /usr/bin/cmake --install /home/tkddn647/test/build/race_layer
