[0.407s] DEBUG:colcon:Command line arguments: ['/usr/bin/colcon', 'build', '--packages-select', 'sim_test', 'localization_layer', '--symlink-install']
[0.407s] DEBUG:colcon:Parsed command line arguments: Namespace(log_base=None, log_level=None, verb_name='build', build_base='build', install_base='install', merge_install=False, symlink_install=True, test_result_base=None, continue_on_error=False, executor='parallel', parallel_workers=12, event_handlers=None, ignore_user_meta=False, metas=['./colcon.meta'], base_paths=['.'], packages_ignore=None, packages_ignore_regex=None, paths=None, packages_up_to=None, packages_up_to_regex=None, packages_above=None, packages_above_and_dependencies=None, packages_above_depth=None, packages_select_by_dep=None, packages_skip_by_dep=None, packages_skip_up_to=None, packages_select_build_failed=False, packages_skip_build_finished=False, packages_select_test_failures=False, packages_skip_test_passed=False, packages_select=['sim_test', 'localization_layer'], packages_skip=None, packages_select_regex=None, packages_skip_regex=None, packages_start=None, packages_end=None, allow_overriding=[], cmake_args=None, cmake_target=None, cmake_target_skip_unavailable=False, cmake_clean_cache=False, cmake_clean_first=False, cmake_force_configure=False, ament_cmake_args=None, catkin_cmake_args=None, catkin_skip_building_tests=False, mixin_files=None, mixin=None, verb_parser=<colcon_mixin.mixin.mixin_argument.MixinArgumentDecorator object at 0x7c4570f5a7a0>, verb_extension=<colcon_core.verb.build.BuildVerb object at 0x7c457107b700>, main=<bound method BuildVerb.main of <colcon_core.verb.build.BuildVerb object at 0x7c457107b700>>, mixin_verb=('build',))
[0.829s] Level 1:colcon.colcon_core.package_discovery:discover_packages(colcon_meta) check parameters
[0.830s] Level 1:colcon.colcon_core.package_discovery:discover_packages(recursive) check parameters
[0.830s] Level 1:colcon.colcon_core.package_discovery:discover_packages(ignore) check parameters
[0.830s] Level 1:colcon.colcon_core.package_discovery:discover_packages(path) check parameters
[0.830s] Level 1:colcon.colcon_core.package_discovery:discover_packages(colcon_meta) discover
[0.830s] Level 1:colcon.colcon_core.package_discovery:discover_packages(recursive) discover
[0.830s] INFO:colcon.colcon_core.package_discovery:Crawling recursively for packages in '/home/tkddn647/test'
[0.830s] Level 1:colcon.colcon_core.package_identification:_identify(.) by extensions ['ignore', 'ignore_ament_install']
[0.830s] Level 1:colcon.colcon_core.package_identification:_identify(.) by extension 'ignore'
[0.830s] Level 1:colcon.colcon_core.package_identification:_identify(.) by extension 'ignore_ament_install'
[0.830s] Level 1:colcon.colcon_core.package_identification:_identify(.) by extensions ['colcon_pkg']
[0.830s] Level 1:colcon.colcon_core.package_identification:_identify(.) by extension 'colcon_pkg'
[0.830s] Level 1:colcon.colcon_core.package_identification:_identify(.) by extensions ['colcon_meta']
[0.830s] Level 1:colcon.colcon_core.package_identification:_identify(.) by extension 'colcon_meta'
[0.830s] Level 1:colcon.colcon_core.package_identification:_identify(.) by extensions ['ros']
[0.830s] Level 1:colcon.colcon_core.package_identification:_identify(.) by extension 'ros'
[0.846s] Level 1:colcon.colcon_core.package_identification:_identify(.) by extensions ['cmake', 'python']
[0.846s] Level 1:colcon.colcon_core.package_identification:_identify(.) by extension 'cmake'
[0.846s] Level 1:colcon.colcon_core.package_identification:_identify(.) by extension 'python'
[0.846s] Level 1:colcon.colcon_core.package_identification:_identify(.) by extensions ['python_setup_py']
[0.847s] Level 1:colcon.colcon_core.package_identification:_identify(.) by extension 'python_setup_py'
[0.847s] Level 1:colcon.colcon_core.package_identification:_identify(build) by extensions ['ignore', 'ignore_ament_install']
[0.847s] Level 1:colcon.colcon_core.package_identification:_identify(build) by extension 'ignore'
[0.847s] Level 1:colcon.colcon_core.package_identification:_identify(build) ignored
[0.847s] Level 1:colcon.colcon_core.package_identification:_identify(install) by extensions ['ignore', 'ignore_ament_install']
[0.847s] Level 1:colcon.colcon_core.package_identification:_identify(install) by extension 'ignore'
[0.847s] Level 1:colcon.colcon_core.package_identification:_identify(install) ignored
[0.847s] Level 1:colcon.colcon_core.package_identification:_identify(log) by extensions ['ignore', 'ignore_ament_install']
[0.848s] Level 1:colcon.colcon_core.package_identification:_identify(log) by extension 'ignore'
[0.848s] Level 1:colcon.colcon_core.package_identification:_identify(log) ignored
[0.848s] Level 1:colcon.colcon_core.package_identification:_identify(maps) by extensions ['ignore', 'ignore_ament_install']
[0.848s] Level 1:colcon.colcon_core.package_identification:_identify(maps) by extension 'ignore'
[0.848s] Level 1:colcon.colcon_core.package_identification:_identify(maps) by extension 'ignore_ament_install'
[0.848s] Level 1:colcon.colcon_core.package_identification:_identify(maps) by extensions ['colcon_pkg']
[0.848s] Level 1:colcon.colcon_core.package_identification:_identify(maps) by extension 'colcon_pkg'
[0.848s] Level 1:colcon.colcon_core.package_identification:_identify(maps) by extensions ['colcon_meta']
[0.848s] Level 1:colcon.colcon_core.package_identification:_identify(maps) by extension 'colcon_meta'
[0.848s] Level 1:colcon.colcon_core.package_identification:_identify(maps) by extensions ['ros']
[0.848s] Level 1:colcon.colcon_core.package_identification:_identify(maps) by extension 'ros'
[0.848s] Level 1:colcon.colcon_core.package_identification:_identify(maps) by extensions ['cmake', 'python']
[0.848s] Level 1:colcon.colcon_core.package_identification:_identify(maps) by extension 'cmake'
[0.848s] Level 1:colcon.colcon_core.package_identification:_identify(maps) by extension 'python'
[0.848s] Level 1:colcon.colcon_core.package_identification:_identify(maps) by extensions ['python_setup_py']
[0.848s] Level 1:colcon.colcon_core.package_identification:_identify(maps) by extension 'python_setup_py'
[0.848s] Level 1:colcon.colcon_core.package_identification:_identify(src) by extensions ['ignore', 'ignore_ament_install']
[0.849s] Level 1:colcon.colcon_core.package_identification:_identify(src) by extension 'ignore'
[0.849s] Level 1:colcon.colcon_core.package_identification:_identify(src) by extension 'ignore_ament_install'
[0.849s] Level 1:colcon.colcon_core.package_identification:_identify(src) by extensions ['colcon_pkg']
[0.849s] Level 1:colcon.colcon_core.package_identification:_identify(src) by extension 'colcon_pkg'
[0.849s] Level 1:colcon.colcon_core.package_identification:_identify(src) by extensions ['colcon_meta']
[0.849s] Level 1:colcon.colcon_core.package_identification:_identify(src) by extension 'colcon_meta'
[0.849s] Level 1:colcon.colcon_core.package_identification:_identify(src) by extensions ['ros']
[0.849s] Level 1:colcon.colcon_core.package_identification:_identify(src) by extension 'ros'
[0.849s] Level 1:colcon.colcon_core.package_identification:_identify(src) by extensions ['cmake', 'python']
[0.849s] Level 1:colcon.colcon_core.package_identification:_identify(src) by extension 'cmake'
[0.849s] Level 1:colcon.colcon_core.package_identification:_identify(src) by extension 'python'
[0.849s] Level 1:colcon.colcon_core.package_identification:_identify(src) by extensions ['python_setup_py']
[0.849s] Level 1:colcon.colcon_core.package_identification:_identify(src) by extension 'python_setup_py'
[0.849s] Level 1:colcon.colcon_core.package_identification:_identify(src/ebimu_pkg) by extensions ['ignore', 'ignore_ament_install']
[0.849s] Level 1:colcon.colcon_core.package_identification:_identify(src/ebimu_pkg) by extension 'ignore'
[0.849s] Level 1:colcon.colcon_core.package_identification:_identify(src/ebimu_pkg) by extension 'ignore_ament_install'
[0.849s] Level 1:colcon.colcon_core.package_identification:_identify(src/ebimu_pkg) by extensions ['colcon_pkg']
[0.849s] Level 1:colcon.colcon_core.package_identification:_identify(src/ebimu_pkg) by extension 'colcon_pkg'
[0.849s] Level 1:colcon.colcon_core.package_identification:_identify(src/ebimu_pkg) by extensions ['colcon_meta']
[0.850s] Level 1:colcon.colcon_core.package_identification:_identify(src/ebimu_pkg) by extension 'colcon_meta'
[0.850s] Level 1:colcon.colcon_core.package_identification:_identify(src/ebimu_pkg) by extensions ['ros']
[0.850s] Level 1:colcon.colcon_core.package_identification:_identify(src/ebimu_pkg) by extension 'ros'
[0.853s] DEBUG:colcon.colcon_core.package_identification:Package 'src/ebimu_pkg' with type 'ros.ament_python' and name 'ebimu_pkg'
[0.853s] Level 1:colcon.colcon_core.package_identification:_identify(src/localization_layer) by extensions ['ignore', 'ignore_ament_install']
[0.853s] Level 1:colcon.colcon_core.package_identification:_identify(src/localization_layer) by extension 'ignore'
[0.853s] Level 1:colcon.colcon_core.package_identification:_identify(src/localization_layer) by extension 'ignore_ament_install'
[0.854s] Level 1:colcon.colcon_core.package_identification:_identify(src/localization_layer) by extensions ['colcon_pkg']
[0.854s] Level 1:colcon.colcon_core.package_identification:_identify(src/localization_layer) by extension 'colcon_pkg'
[0.854s] Level 1:colcon.colcon_core.package_identification:_identify(src/localization_layer) by extensions ['colcon_meta']
[0.854s] Level 1:colcon.colcon_core.package_identification:_identify(src/localization_layer) by extension 'colcon_meta'
[0.854s] Level 1:colcon.colcon_core.package_identification:_identify(src/localization_layer) by extensions ['ros']
[0.854s] Level 1:colcon.colcon_core.package_identification:_identify(src/localization_layer) by extension 'ros'
[0.855s] DEBUG:colcon.colcon_core.package_identification:Package 'src/localization_layer' with type 'ros.ament_cmake' and name 'localization_layer'
[0.855s] Level 1:colcon.colcon_core.package_identification:_identify(src/race_layer) by extensions ['ignore', 'ignore_ament_install']
[0.855s] Level 1:colcon.colcon_core.package_identification:_identify(src/race_layer) by extension 'ignore'
[0.855s] Level 1:colcon.colcon_core.package_identification:_identify(src/race_layer) by extension 'ignore_ament_install'
[0.855s] Level 1:colcon.colcon_core.package_identification:_identify(src/race_layer) by extensions ['colcon_pkg']
[0.856s] Level 1:colcon.colcon_core.package_identification:_identify(src/race_layer) by extension 'colcon_pkg'
[0.856s] Level 1:colcon.colcon_core.package_identification:_identify(src/race_layer) by extensions ['colcon_meta']
[0.856s] Level 1:colcon.colcon_core.package_identification:_identify(src/race_layer) by extension 'colcon_meta'
[0.856s] Level 1:colcon.colcon_core.package_identification:_identify(src/race_layer) by extensions ['ros']
[0.856s] Level 1:colcon.colcon_core.package_identification:_identify(src/race_layer) by extension 'ros'
[0.856s] DEBUG:colcon.colcon_core.package_identification:Package 'src/race_layer' with type 'ros.ament_cmake' and name 'race_layer'
[0.857s] Level 1:colcon.colcon_core.package_identification:_identify(src/sensor_layer) by extensions ['ignore', 'ignore_ament_install']
[0.857s] Level 1:colcon.colcon_core.package_identification:_identify(src/sensor_layer) by extension 'ignore'
[0.857s] Level 1:colcon.colcon_core.package_identification:_identify(src/sensor_layer) by extension 'ignore_ament_install'
[0.857s] Level 1:colcon.colcon_core.package_identification:_identify(src/sensor_layer) by extensions ['colcon_pkg']
[0.857s] Level 1:colcon.colcon_core.package_identification:_identify(src/sensor_layer) by extension 'colcon_pkg'
[0.857s] Level 1:colcon.colcon_core.package_identification:_identify(src/sensor_layer) by extensions ['colcon_meta']
[0.857s] Level 1:colcon.colcon_core.package_identification:_identify(src/sensor_layer) by extension 'colcon_meta'
[0.857s] Level 1:colcon.colcon_core.package_identification:_identify(src/sensor_layer) by extensions ['ros']
[0.857s] Level 1:colcon.colcon_core.package_identification:_identify(src/sensor_layer) by extension 'ros'
[0.858s] DEBUG:colcon.colcon_core.package_identification:Package 'src/sensor_layer' with type 'ros.ament_cmake' and name 'sensor_layer'
[0.858s] Level 1:colcon.colcon_core.package_identification:_identify(src/sim_test) by extensions ['ignore', 'ignore_ament_install']
[0.858s] Level 1:colcon.colcon_core.package_identification:_identify(src/sim_test) by extension 'ignore'
[0.858s] Level 1:colcon.colcon_core.package_identification:_identify(src/sim_test) by extension 'ignore_ament_install'
[0.858s] Level 1:colcon.colcon_core.package_identification:_identify(src/sim_test) by extensions ['colcon_pkg']
[0.858s] Level 1:colcon.colcon_core.package_identification:_identify(src/sim_test) by extension 'colcon_pkg'
[0.858s] Level 1:colcon.colcon_core.package_identification:_identify(src/sim_test) by extensions ['colcon_meta']
[0.858s] Level 1:colcon.colcon_core.package_identification:_identify(src/sim_test) by extension 'colcon_meta'
[0.858s] Level 1:colcon.colcon_core.package_identification:_identify(src/sim_test) by extensions ['ros']
[0.858s] Level 1:colcon.colcon_core.package_identification:_identify(src/sim_test) by extension 'ros'
[0.860s] DEBUG:colcon.colcon_core.package_identification:Package 'src/sim_test' with type 'ros.ament_cmake' and name 'sim_test'
[0.860s] Level 1:colcon.colcon_core.package_identification:_identify(src/sllidar_ros2) by extensions ['ignore', 'ignore_ament_install']
[0.860s] Level 1:colcon.colcon_core.package_identification:_identify(src/sllidar_ros2) by extension 'ignore'
[0.860s] Level 1:colcon.colcon_core.package_identification:_identify(src/sllidar_ros2) by extension 'ignore_ament_install'
[0.860s] Level 1:colcon.colcon_core.package_identification:_identify(src/sllidar_ros2) by extensions ['colcon_pkg']
[0.860s] Level 1:colcon.colcon_core.package_identification:_identify(src/sllidar_ros2) by extension 'colcon_pkg'
[0.860s] Level 1:colcon.colcon_core.package_identification:_identify(src/sllidar_ros2) by extensions ['colcon_meta']
[0.860s] Level 1:colcon.colcon_core.package_identification:_identify(src/sllidar_ros2) by extension 'colcon_meta'
[0.860s] Level 1:colcon.colcon_core.package_identification:_identify(src/sllidar_ros2) by extensions ['ros']
[0.860s] Level 1:colcon.colcon_core.package_identification:_identify(src/sllidar_ros2) by extension 'ros'
[0.861s] DEBUG:colcon.colcon_core.package_identification:Package 'src/sllidar_ros2' with type 'ros.ament_cmake' and name 'sllidar_ros2'
[0.861s] Level 1:colcon.colcon_core.package_identification:_identify(src/tf_manager_cpp) by extensions ['ignore', 'ignore_ament_install']
[0.862s] Level 1:colcon.colcon_core.package_identification:_identify(src/tf_manager_cpp) by extension 'ignore'
[0.862s] Level 1:colcon.colcon_core.package_identification:_identify(src/tf_manager_cpp) by extension 'ignore_ament_install'
[0.862s] Level 1:colcon.colcon_core.package_identification:_identify(src/tf_manager_cpp) by extensions ['colcon_pkg']
[0.862s] Level 1:colcon.colcon_core.package_identification:_identify(src/tf_manager_cpp) by extension 'colcon_pkg'
[0.862s] Level 1:colcon.colcon_core.package_identification:_identify(src/tf_manager_cpp) by extensions ['colcon_meta']
[0.862s] Level 1:colcon.colcon_core.package_identification:_identify(src/tf_manager_cpp) by extension 'colcon_meta'
[0.862s] Level 1:colcon.colcon_core.package_identification:_identify(src/tf_manager_cpp) by extensions ['ros']
[0.862s] Level 1:colcon.colcon_core.package_identification:_identify(src/tf_manager_cpp) by extension 'ros'
[0.864s] DEBUG:colcon.colcon_core.package_identification:Package 'src/tf_manager_cpp' with type 'ros.ament_cmake' and name 'tf_manager_cpp'
[0.864s] Level 1:colcon.colcon_core.package_discovery:discover_packages(recursive) using defaults
[0.864s] Level 1:colcon.colcon_core.package_discovery:discover_packages(ignore) discover
[0.865s] Level 1:colcon.colcon_core.package_discovery:discover_packages(ignore) using defaults
[0.865s] Level 1:colcon.colcon_core.package_discovery:discover_packages(path) discover
[0.865s] Level 1:colcon.colcon_core.package_discovery:discover_packages(path) using defaults
[0.905s] INFO:colcon.colcon_core.package_selection:Skipping not selected package 'ebimu_pkg' in 'src/ebimu_pkg'
[0.905s] INFO:colcon.colcon_core.package_selection:Skipping not selected package 'race_layer' in 'src/race_layer'
[0.905s] INFO:colcon.colcon_core.package_selection:Skipping not selected package 'sllidar_ros2' in 'src/sllidar_ros2'
[0.906s] INFO:colcon.colcon_core.package_selection:Skipping not selected package 'tf_manager_cpp' in 'src/tf_manager_cpp'
[0.906s] INFO:colcon.colcon_core.package_selection:Skipping not selected package 'sensor_layer' in 'src/sensor_layer'
[0.907s] Level 1:colcon.colcon_core.package_discovery:discover_packages(prefix_path) check parameters
[0.907s] Level 1:colcon.colcon_core.package_discovery:discover_packages(prefix_path) discover
[0.911s] DEBUG:colcon.colcon_installed_package_information.package_discovery:Found 347 installed packages in /opt/ros/humble
[0.912s] Level 1:colcon.colcon_core.package_discovery:discover_packages(prefix_path) using defaults
[0.955s] Level 5:colcon.colcon_core.verb:set package 'localization_layer' build argument 'cmake_args' from command line to 'None'
[0.955s] Level 5:colcon.colcon_core.verb:set package 'localization_layer' build argument 'cmake_target' from command line to 'None'
[0.956s] Level 5:colcon.colcon_core.verb:set package 'localization_layer' build argument 'cmake_target_skip_unavailable' from command line to 'False'
[0.956s] Level 5:colcon.colcon_core.verb:set package 'localization_layer' build argument 'cmake_clean_cache' from command line to 'False'
[0.956s] Level 5:colcon.colcon_core.verb:set package 'localization_layer' build argument 'cmake_clean_first' from command line to 'False'
[0.956s] Level 5:colcon.colcon_core.verb:set package 'localization_layer' build argument 'cmake_force_configure' from command line to 'False'
[0.956s] Level 5:colcon.colcon_core.verb:set package 'localization_layer' build argument 'ament_cmake_args' from command line to 'None'
[0.956s] Level 5:colcon.colcon_core.verb:set package 'localization_layer' build argument 'catkin_cmake_args' from command line to 'None'
[0.956s] Level 5:colcon.colcon_core.verb:set package 'localization_layer' build argument 'catkin_skip_building_tests' from command line to 'False'
[0.956s] DEBUG:colcon.colcon_core.verb:Building package 'localization_layer' with the following arguments: {'ament_cmake_args': None, 'build_base': '/home/tkddn647/test/build/localization_layer', 'catkin_cmake_args': None, 'catkin_skip_building_tests': False, 'cmake_args': None, 'cmake_clean_cache': False, 'cmake_clean_first': False, 'cmake_force_configure': False, 'cmake_target': None, 'cmake_target_skip_unavailable': False, 'install_base': '/home/tkddn647/test/install/localization_layer', 'merge_install': False, 'path': '/home/tkddn647/test/src/localization_layer', 'symlink_install': True, 'test_result_base': None}
[0.956s] Level 5:colcon.colcon_core.verb:set package 'sim_test' build argument 'cmake_args' from command line to 'None'
[0.956s] Level 5:colcon.colcon_core.verb:set package 'sim_test' build argument 'cmake_target' from command line to 'None'
[0.956s] Level 5:colcon.colcon_core.verb:set package 'sim_test' build argument 'cmake_target_skip_unavailable' from command line to 'False'
[0.956s] Level 5:colcon.colcon_core.verb:set package 'sim_test' build argument 'cmake_clean_cache' from command line to 'False'
[0.956s] Level 5:colcon.colcon_core.verb:set package 'sim_test' build argument 'cmake_clean_first' from command line to 'False'
[0.956s] Level 5:colcon.colcon_core.verb:set package 'sim_test' build argument 'cmake_force_configure' from command line to 'False'
[0.956s] Level 5:colcon.colcon_core.verb:set package 'sim_test' build argument 'ament_cmake_args' from command line to 'None'
[0.956s] Level 5:colcon.colcon_core.verb:set package 'sim_test' build argument 'catkin_cmake_args' from command line to 'None'
[0.956s] Level 5:colcon.colcon_core.verb:set package 'sim_test' build argument 'catkin_skip_building_tests' from command line to 'False'
[0.956s] DEBUG:colcon.colcon_core.verb:Building package 'sim_test' with the following arguments: {'ament_cmake_args': None, 'build_base': '/home/tkddn647/test/build/sim_test', 'catkin_cmake_args': None, 'catkin_skip_building_tests': False, 'cmake_args': None, 'cmake_clean_cache': False, 'cmake_clean_first': False, 'cmake_force_configure': False, 'cmake_target': None, 'cmake_target_skip_unavailable': False, 'install_base': '/home/tkddn647/test/install/sim_test', 'merge_install': False, 'path': '/home/tkddn647/test/src/sim_test', 'symlink_install': True, 'test_result_base': None}
[0.956s] INFO:colcon.colcon_core.executor:Executing jobs using 'parallel' executor
[0.958s] DEBUG:colcon.colcon_parallel_executor.executor.parallel:run_until_complete
[0.958s] INFO:colcon.colcon_ros.task.ament_cmake.build:Building ROS package in '/home/tkddn647/test/src/localization_layer' with build type 'ament_cmake'
[0.958s] INFO:colcon.colcon_cmake.task.cmake.build:Building CMake package in '/home/tkddn647/test/src/localization_layer'
[0.964s] INFO:colcon.colcon_core.plugin_system:Skipping extension 'colcon_core.shell.bat': Not used on non-Windows systems
[0.964s] INFO:colcon.colcon_core.shell:Skip shell extension 'powershell' for command environment: Not usable outside of PowerShell
[0.964s] DEBUG:colcon.colcon_core.shell:Skip shell extension 'dsv' for command environment
[27.963s] DEBUG:colcon.colcon_core.event_handler.log_command:Invoking command in '/home/tkddn647/test/build/localization_layer': AMENT_PREFIX_PATH=/home/tkddn647/test/install/sensor_layer:/home/tkddn647/test/install/tf_manager_cpp:/home/tkddn647/test/install/sllidar_ros2:/home/tkddn647/test/install/ebimu_pkg:${AMENT_PREFIX_PATH} CMAKE_PREFIX_PATH=/home/tkddn647/test/install/sensor_layer:/home/tkddn647/test/install/tf_manager_cpp:/home/tkddn647/test/install/sllidar_ros2:/opt/ros/humble PYTHONPATH=/home/tkddn647/test/install/ebimu_pkg/lib/python3.10/site-packages:${PYTHONPATH} /usr/bin/cmake /home/tkddn647/test/src/localization_layer -DAMENT_CMAKE_SYMLINK_INSTALL=1 -DCMAKE_INSTALL_PREFIX=/home/tkddn647/test/install/localization_layer
[57.391s] DEBUG:colcon.colcon_core.event_handler.log_command:Invoked command in '/home/tkddn647/test/build/localization_layer' returned '0': AMENT_PREFIX_PATH=/home/tkddn647/test/install/sensor_layer:/home/tkddn647/test/install/tf_manager_cpp:/home/tkddn647/test/install/sllidar_ros2:/home/tkddn647/test/install/ebimu_pkg:${AMENT_PREFIX_PATH} CMAKE_PREFIX_PATH=/home/tkddn647/test/install/sensor_layer:/home/tkddn647/test/install/tf_manager_cpp:/home/tkddn647/test/install/sllidar_ros2:/opt/ros/humble PYTHONPATH=/home/tkddn647/test/install/ebimu_pkg/lib/python3.10/site-packages:${PYTHONPATH} /usr/bin/cmake /home/tkddn647/test/src/localization_layer -DAMENT_CMAKE_SYMLINK_INSTALL=1 -DCMAKE_INSTALL_PREFIX=/home/tkddn647/test/install/localization_layer
[57.393s] DEBUG:colcon.colcon_core.event_handler.log_command:Invoking command in '/home/tkddn647/test/build/localization_layer': AMENT_PREFIX_PATH=/home/tkddn647/test/install/sensor_layer:/home/tkddn647/test/install/tf_manager_cpp:/home/tkddn647/test/install/sllidar_ros2:/home/tkddn647/test/install/ebimu_pkg:${AMENT_PREFIX_PATH} CMAKE_PREFIX_PATH=/home/tkddn647/test/install/sensor_layer:/home/tkddn647/test/install/tf_manager_cpp:/home/tkddn647/test/install/sllidar_ros2:/opt/ros/humble PYTHONPATH=/home/tkddn647/test/install/ebimu_pkg/lib/python3.10/site-packages:${PYTHONPATH} /usr/bin/cmake --build /home/tkddn647/test/build/localization_layer -- -j12 -l12
[57.451s] DEBUG:colcon.colcon_core.event_handler.log_command:Invoked command in '/home/tkddn647/test/build/localization_layer' returned '0': AMENT_PREFIX_PATH=/home/tkddn647/test/install/sensor_layer:/home/tkddn647/test/install/tf_manager_cpp:/home/tkddn647/test/install/sllidar_ros2:/home/tkddn647/test/install/ebimu_pkg:${AMENT_PREFIX_PATH} CMAKE_PREFIX_PATH=/home/tkddn647/test/install/sensor_layer:/home/tkddn647/test/install/tf_manager_cpp:/home/tkddn647/test/install/sllidar_ros2:/opt/ros/humble PYTHONPATH=/home/tkddn647/test/install/ebimu_pkg/lib/python3.10/site-packages:${PYTHONPATH} /usr/bin/cmake --build /home/tkddn647/test/build/localization_layer -- -j12 -l12
[57.464s] DEBUG:colcon.colcon_core.event_handler.log_command:Invoking command in '/home/tkddn647/test/build/localization_layer': AMENT_PREFIX_PATH=/home/tkddn647/test/install/sensor_layer:/home/tkddn647/test/install/tf_manager_cpp:/home/tkddn647/test/install/sllidar_ros2:/home/tkddn647/test/install/ebimu_pkg:${AMENT_PREFIX_PATH} CMAKE_PREFIX_PATH=/home/tkddn647/test/install/sensor_layer:/home/tkddn647/test/install/tf_manager_cpp:/home/tkddn647/test/install/sllidar_ros2:/opt/ros/humble PYTHONPATH=/home/tkddn647/test/install/ebimu_pkg/lib/python3.10/site-packages:${PYTHONPATH} /usr/bin/cmake --install /home/tkddn647/test/build/localization_layer
[51.738s] Level 1:colcon.colcon_core.environment:create_environment_scripts_only(localization_layer)
[51.739s] DEBUG:colcon.colcon_core.event_handler.log_command:Invoked command in '/home/tkddn647/test/build/localization_layer' returned '0': AMENT_PREFIX_PATH=/home/tkddn647/test/install/sensor_layer:/home/tkddn647/test/install/tf_manager_cpp:/home/tkddn647/test/install/sllidar_ros2:/home/tkddn647/test/install/ebimu_pkg:${AMENT_PREFIX_PATH} CMAKE_PREFIX_PATH=/home/tkddn647/test/install/sensor_layer:/home/tkddn647/test/install/tf_manager_cpp:/home/tkddn647/test/install/sllidar_ros2:/opt/ros/humble PYTHONPATH=/home/tkddn647/test/install/ebimu_pkg/lib/python3.10/site-packages:${PYTHONPATH} /usr/bin/cmake --install /home/tkddn647/test/build/localization_layer
[51.746s] Level 1:colcon.colcon_core.environment:checking '/home/tkddn647/test/install/localization_layer' for CMake module files
[51.747s] Level 1:colcon.colcon_core.environment:checking '/home/tkddn647/test/install/localization_layer' for CMake config files
[51.748s] Level 1:colcon.colcon_core.shell:create_environment_hook('localization_layer', 'cmake_prefix_path')
[51.748s] INFO:colcon.colcon_core.shell:Creating environment hook '/home/tkddn647/test/install/localization_layer/share/localization_layer/hook/cmake_prefix_path.ps1'
[51.749s] INFO:colcon.colcon_core.shell:Creating environment descriptor '/home/tkddn647/test/install/localization_layer/share/localization_layer/hook/cmake_prefix_path.dsv'
[51.750s] INFO:colcon.colcon_core.shell:Creating environment hook '/home/tkddn647/test/install/localization_layer/share/localization_layer/hook/cmake_prefix_path.sh'
[51.751s] Level 1:colcon.colcon_core.environment:checking '/home/tkddn647/test/install/localization_layer/lib'
[51.751s] Level 1:colcon.colcon_core.environment:checking '/home/tkddn647/test/install/localization_layer/bin'
[51.751s] Level 1:colcon.colcon_core.environment:checking '/home/tkddn647/test/install/localization_layer/lib/pkgconfig/localization_layer.pc'
[51.752s] Level 1:colcon.colcon_core.environment:checking '/home/tkddn647/test/install/localization_layer/lib/python3.10/site-packages'
[51.752s] Level 1:colcon.colcon_core.environment:checking '/home/tkddn647/test/install/localization_layer/bin'
[51.752s] INFO:colcon.colcon_core.shell:Creating package script '/home/tkddn647/test/install/localization_layer/share/localization_layer/package.ps1'
[51.753s] INFO:colcon.colcon_core.shell:Creating package descriptor '/home/tkddn647/test/install/localization_layer/share/localization_layer/package.dsv'
[51.754s] INFO:colcon.colcon_core.shell:Creating package script '/home/tkddn647/test/install/localization_layer/share/localization_layer/package.sh'
[51.755s] INFO:colcon.colcon_core.shell:Creating package script '/home/tkddn647/test/install/localization_layer/share/localization_layer/package.bash'
[51.756s] INFO:colcon.colcon_core.shell:Creating package script '/home/tkddn647/test/install/localization_layer/share/localization_layer/package.zsh'
[51.757s] Level 1:colcon.colcon_core.environment:create_file_with_runtime_dependencies(/home/tkddn647/test/install/localization_layer/share/colcon-core/packages/localization_layer)
[51.758s] Level 1:colcon.colcon_core.environment:create_environment_scripts_only(localization_layer)
[51.758s] Level 1:colcon.colcon_core.environment:checking '/home/tkddn647/test/install/localization_layer' for CMake module files
[51.759s] Level 1:colcon.colcon_core.environment:checking '/home/tkddn647/test/install/localization_layer' for CMake config files
[51.760s] Level 1:colcon.colcon_core.shell:create_environment_hook('localization_layer', 'cmake_prefix_path')
[51.760s] INFO:colcon.colcon_core.shell:Creating environment hook '/home/tkddn647/test/install/localization_layer/share/localization_layer/hook/cmake_prefix_path.ps1'
[51.760s] INFO:colcon.colcon_core.shell:Creating environment descriptor '/home/tkddn647/test/install/localization_layer/share/localization_layer/hook/cmake_prefix_path.dsv'
[51.761s] INFO:colcon.colcon_core.shell:Creating environment hook '/home/tkddn647/test/install/localization_layer/share/localization_layer/hook/cmake_prefix_path.sh'
[51.761s] Level 1:colcon.colcon_core.environment:checking '/home/tkddn647/test/install/localization_layer/lib'
[51.761s] Level 1:colcon.colcon_core.environment:checking '/home/tkddn647/test/install/localization_layer/bin'
[51.761s] Level 1:colcon.colcon_core.environment:checking '/home/tkddn647/test/install/localization_layer/lib/pkgconfig/localization_layer.pc'
[51.762s] Level 1:colcon.colcon_core.environment:checking '/home/tkddn647/test/install/localization_layer/lib/python3.10/site-packages'
[51.762s] Level 1:colcon.colcon_core.environment:checking '/home/tkddn647/test/install/localization_layer/bin'
[51.762s] INFO:colcon.colcon_core.shell:Creating package script '/home/tkddn647/test/install/localization_layer/share/localization_layer/package.ps1'
[51.763s] INFO:colcon.colcon_core.shell:Creating package descriptor '/home/tkddn647/test/install/localization_layer/share/localization_layer/package.dsv'
[51.763s] INFO:colcon.colcon_core.shell:Creating package script '/home/tkddn647/test/install/localization_layer/share/localization_layer/package.sh'
[51.764s] INFO:colcon.colcon_core.shell:Creating package script '/home/tkddn647/test/install/localization_layer/share/localization_layer/package.bash'
[51.764s] INFO:colcon.colcon_core.shell:Creating package script '/home/tkddn647/test/install/localization_layer/share/localization_layer/package.zsh'
[51.765s] Level 1:colcon.colcon_core.environment:create_file_with_runtime_dependencies(/home/tkddn647/test/install/localization_layer/share/colcon-core/packages/localization_layer)
[51.765s] INFO:colcon.colcon_ros.task.ament_cmake.build:Building ROS package in '/home/tkddn647/test/src/sim_test' with build type 'ament_cmake'
[51.765s] INFO:colcon.colcon_cmake.task.cmake.build:Building CMake package in '/home/tkddn647/test/src/sim_test'
[51.765s] INFO:colcon.colcon_core.shell:Skip shell extension 'powershell' for command environment: Not usable outside of PowerShell
[51.766s] DEBUG:colcon.colcon_core.shell:Skip shell extension 'dsv' for command environment
[79.293s] DEBUG:colcon.colcon_core.event_handler.log_command:Invoking command in '/home/tkddn647/test/build/sim_test': AMENT_PREFIX_PATH=/home/tkddn647/test/install/localization_layer:/home/tkddn647/test/install/sensor_layer:/home/tkddn647/test/install/tf_manager_cpp:/home/tkddn647/test/install/sllidar_ros2:/home/tkddn647/test/install/ebimu_pkg:${AMENT_PREFIX_PATH} CMAKE_PREFIX_PATH=/home/tkddn647/test/install/localization_layer:/home/tkddn647/test/install/sensor_layer:/home/tkddn647/test/install/tf_manager_cpp:/home/tkddn647/test/install/sllidar_ros2:/opt/ros/humble PYTHONPATH=/home/tkddn647/test/install/ebimu_pkg/lib/python3.10/site-packages:${PYTHONPATH} /usr/bin/cmake /home/tkddn647/test/src/sim_test -DAMENT_CMAKE_SYMLINK_INSTALL=1 -DCMAKE_INSTALL_PREFIX=/home/tkddn647/test/install/sim_test
[79.722s] DEBUG:colcon.colcon_core.event_handler.log_command:Invoked command in '/home/tkddn647/test/build/sim_test' returned '0': AMENT_PREFIX_PATH=/home/tkddn647/test/install/localization_layer:/home/tkddn647/test/install/sensor_layer:/home/tkddn647/test/install/tf_manager_cpp:/home/tkddn647/test/install/sllidar_ros2:/home/tkddn647/test/install/ebimu_pkg:${AMENT_PREFIX_PATH} CMAKE_PREFIX_PATH=/home/tkddn647/test/install/localization_layer:/home/tkddn647/test/install/sensor_layer:/home/tkddn647/test/install/tf_manager_cpp:/home/tkddn647/test/install/sllidar_ros2:/opt/ros/humble PYTHONPATH=/home/tkddn647/test/install/ebimu_pkg/lib/python3.10/site-packages:${PYTHONPATH} /usr/bin/cmake /home/tkddn647/test/src/sim_test -DAMENT_CMAKE_SYMLINK_INSTALL=1 -DCMAKE_INSTALL_PREFIX=/home/tkddn647/test/install/sim_test
[79.725s] DEBUG:colcon.colcon_core.event_handler.log_command:Invoking command in '/home/tkddn647/test/build/sim_test': AMENT_PREFIX_PATH=/home/tkddn647/test/install/localization_layer:/home/tkddn647/test/install/sensor_layer:/home/tkddn647/test/install/tf_manager_cpp:/home/tkddn647/test/install/sllidar_ros2:/home/tkddn647/test/install/ebimu_pkg:${AMENT_PREFIX_PATH} CMAKE_PREFIX_PATH=/home/tkddn647/test/install/localization_layer:/home/tkddn647/test/install/sensor_layer:/home/tkddn647/test/install/tf_manager_cpp:/home/tkddn647/test/install/sllidar_ros2:/opt/ros/humble PYTHONPATH=/home/tkddn647/test/install/ebimu_pkg/lib/python3.10/site-packages:${PYTHONPATH} /usr/bin/cmake --build /home/tkddn647/test/build/sim_test -- -j12 -l12
[79.779s] DEBUG:colcon.colcon_core.event_handler.log_command:Invoked command in '/home/tkddn647/test/build/sim_test' returned '0': AMENT_PREFIX_PATH=/home/tkddn647/test/install/localization_layer:/home/tkddn647/test/install/sensor_layer:/home/tkddn647/test/install/tf_manager_cpp:/home/tkddn647/test/install/sllidar_ros2:/home/tkddn647/test/install/ebimu_pkg:${AMENT_PREFIX_PATH} CMAKE_PREFIX_PATH=/home/tkddn647/test/install/localization_layer:/home/tkddn647/test/install/sensor_layer:/home/tkddn647/test/install/tf_manager_cpp:/home/tkddn647/test/install/sllidar_ros2:/opt/ros/humble PYTHONPATH=/home/tkddn647/test/install/ebimu_pkg/lib/python3.10/site-packages:${PYTHONPATH} /usr/bin/cmake --build /home/tkddn647/test/build/sim_test -- -j12 -l12
[79.781s] DEBUG:colcon.colcon_core.event_handler.log_command:Invoking command in '/home/tkddn647/test/build/sim_test': AMENT_PREFIX_PATH=/home/tkddn647/test/install/localization_layer:/home/tkddn647/test/install/sensor_layer:/home/tkddn647/test/install/tf_manager_cpp:/home/tkddn647/test/install/sllidar_ros2:/home/tkddn647/test/install/ebimu_pkg:${AMENT_PREFIX_PATH} CMAKE_PREFIX_PATH=/home/tkddn647/test/install/localization_layer:/home/tkddn647/test/install/sensor_layer:/home/tkddn647/test/install/tf_manager_cpp:/home/tkddn647/test/install/sllidar_ros2:/opt/ros/humble PYTHONPATH=/home/tkddn647/test/install/ebimu_pkg/lib/python3.10/site-packages:${PYTHONPATH} /usr/bin/cmake --install /home/tkddn647/test/build/sim_test
[80.069s] Level 1:colcon.colcon_core.environment:create_environment_scripts_only(sim_test)
[80.070s] Level 1:colcon.colcon_core.environment:checking '/home/tkddn647/test/install/sim_test' for CMake module files
[80.071s] DEBUG:colcon.colcon_core.event_handler.log_command:Invoked command in '/home/tkddn647/test/build/sim_test' returned '0': AMENT_PREFIX_PATH=/home/tkddn647/test/install/localization_layer:/home/tkddn647/test/install/sensor_layer:/home/tkddn647/test/install/tf_manager_cpp:/home/tkddn647/test/install/sllidar_ros2:/home/tkddn647/test/install/ebimu_pkg:${AMENT_PREFIX_PATH} CMAKE_PREFIX_PATH=/home/tkddn647/test/install/localization_layer:/home/tkddn647/test/install/sensor_layer:/home/tkddn647/test/install/tf_manager_cpp:/home/tkddn647/test/install/sllidar_ros2:/opt/ros/humble PYTHONPATH=/home/tkddn647/test/install/ebimu_pkg/lib/python3.10/site-packages:${PYTHONPATH} /usr/bin/cmake --install /home/tkddn647/test/build/sim_test
[80.071s] Level 1:colcon.colcon_core.environment:checking '/home/tkddn647/test/install/sim_test' for CMake config files
[80.072s] Level 1:colcon.colcon_core.shell:create_environment_hook('sim_test', 'cmake_prefix_path')
[80.072s] INFO:colcon.colcon_core.shell:Creating environment hook '/home/tkddn647/test/install/sim_test/share/sim_test/hook/cmake_prefix_path.ps1'
[80.073s] INFO:colcon.colcon_core.shell:Creating environment descriptor '/home/tkddn647/test/install/sim_test/share/sim_test/hook/cmake_prefix_path.dsv'
[80.074s] INFO:colcon.colcon_core.shell:Creating environment hook '/home/tkddn647/test/install/sim_test/share/sim_test/hook/cmake_prefix_path.sh'
[80.075s] Level 1:colcon.colcon_core.environment:checking '/home/tkddn647/test/install/sim_test/lib'
[80.075s] Level 1:colcon.colcon_core.environment:checking '/home/tkddn647/test/install/sim_test/bin'
[80.075s] Level 1:colcon.colcon_core.environment:checking '/home/tkddn647/test/install/sim_test/lib/pkgconfig/sim_test.pc'
[80.075s] Level 1:colcon.colcon_core.environment:checking '/home/tkddn647/test/install/sim_test/lib/python3.10/site-packages'
[80.076s] Level 1:colcon.colcon_core.environment:checking '/home/tkddn647/test/install/sim_test/bin'
[80.076s] INFO:colcon.colcon_core.shell:Creating package script '/home/tkddn647/test/install/sim_test/share/sim_test/package.ps1'
[80.077s] INFO:colcon.colcon_core.shell:Creating package descriptor '/home/tkddn647/test/install/sim_test/share/sim_test/package.dsv'
[80.077s] INFO:colcon.colcon_core.shell:Creating package script '/home/tkddn647/test/install/sim_test/share/sim_test/package.sh'
[80.078s] INFO:colcon.colcon_core.shell:Creating package script '/home/tkddn647/test/install/sim_test/share/sim_test/package.bash'
[80.079s] INFO:colcon.colcon_core.shell:Creating package script '/home/tkddn647/test/install/sim_test/share/sim_test/package.zsh'
[80.080s] Level 1:colcon.colcon_core.environment:create_file_with_runtime_dependencies(/home/tkddn647/test/install/sim_test/share/colcon-core/packages/sim_test)
[80.080s] Level 1:colcon.colcon_core.environment:create_environment_scripts_only(sim_test)
[80.081s] Level 1:colcon.colcon_core.environment:checking '/home/tkddn647/test/install/sim_test' for CMake module files
[80.081s] Level 1:colcon.colcon_core.environment:checking '/home/tkddn647/test/install/sim_test' for CMake config files
[80.081s] Level 1:colcon.colcon_core.shell:create_environment_hook('sim_test', 'cmake_prefix_path')
[80.082s] INFO:colcon.colcon_core.shell:Creating environment hook '/home/tkddn647/test/install/sim_test/share/sim_test/hook/cmake_prefix_path.ps1'
[80.082s] INFO:colcon.colcon_core.shell:Creating environment descriptor '/home/tkddn647/test/install/sim_test/share/sim_test/hook/cmake_prefix_path.dsv'
[80.082s] INFO:colcon.colcon_core.shell:Creating environment hook '/home/tkddn647/test/install/sim_test/share/sim_test/hook/cmake_prefix_path.sh'
[80.083s] Level 1:colcon.colcon_core.environment:checking '/home/tkddn647/test/install/sim_test/lib'
[80.083s] Level 1:colcon.colcon_core.environment:checking '/home/tkddn647/test/install/sim_test/bin'
[80.083s] Level 1:colcon.colcon_core.environment:checking '/home/tkddn647/test/install/sim_test/lib/pkgconfig/sim_test.pc'
[80.083s] Level 1:colcon.colcon_core.environment:checking '/home/tkddn647/test/install/sim_test/lib/python3.10/site-packages'
[80.083s] Level 1:colcon.colcon_core.environment:checking '/home/tkddn647/test/install/sim_test/bin'
[80.084s] INFO:colcon.colcon_core.shell:Creating package script '/home/tkddn647/test/install/sim_test/share/sim_test/package.ps1'
[80.084s] INFO:colcon.colcon_core.shell:Creating package descriptor '/home/tkddn647/test/install/sim_test/share/sim_test/package.dsv'
[80.085s] INFO:colcon.colcon_core.shell:Creating package script '/home/tkddn647/test/install/sim_test/share/sim_test/package.sh'
[80.085s] INFO:colcon.colcon_core.shell:Creating package script '/home/tkddn647/test/install/sim_test/share/sim_test/package.bash'
[80.085s] INFO:colcon.colcon_core.shell:Creating package script '/home/tkddn647/test/install/sim_test/share/sim_test/package.zsh'
[80.086s] Level 1:colcon.colcon_core.environment:create_file_with_runtime_dependencies(/home/tkddn647/test/install/sim_test/share/colcon-core/packages/sim_test)
[80.086s] DEBUG:colcon.colcon_parallel_executor.executor.parallel:closing loop
[80.087s] DEBUG:colcon.colcon_parallel_executor.executor.parallel:loop closed
[80.087s] DEBUG:colcon.colcon_parallel_executor.executor.parallel:run_until_complete finished with '0'
[80.087s] DEBUG:colcon.colcon_core.event_reactor:joining thread
[80.144s] INFO:colcon.colcon_core.plugin_system:Skipping extension 'colcon_notification.desktop_notification.notify_send': Could not find 'notify-send'
[80.144s] INFO:colcon.colcon_core.plugin_system:Skipping extension 'colcon_notification.desktop_notification.terminal_notifier': Not used on non-Darwin systems
[80.145s] INFO:colcon.colcon_core.plugin_system:Skipping extension 'colcon_notification.desktop_notification.win32': Not used on non-Windows systems
[80.145s] INFO:colcon.colcon_notification.desktop_notification:Sending desktop notification using 'notify2'
[80.145s] DEBUG:colcon.colcon_notification.desktop_notification.notify2:Failed to initialize notify2: org.freedesktop.DBus.Error.AccessDenied: Failed to connect to socket /run/user/1000/bus: Operation not permitted
[80.145s] DEBUG:colcon.colcon_core.event_reactor:joined thread
[80.146s] INFO:colcon.colcon_core.shell:Creating prefix script '/home/tkddn647/test/install/local_setup.ps1'
[80.148s] INFO:colcon.colcon_core.shell:Creating prefix util module '/home/tkddn647/test/install/_local_setup_util_ps1.py'
[80.149s] INFO:colcon.colcon_core.shell:Creating prefix chain script '/home/tkddn647/test/install/setup.ps1'
[80.151s] INFO:colcon.colcon_core.shell:Creating prefix script '/home/tkddn647/test/install/local_setup.sh'
[80.152s] INFO:colcon.colcon_core.shell:Creating prefix util module '/home/tkddn647/test/install/_local_setup_util_sh.py'
[80.152s] INFO:colcon.colcon_core.shell:Creating prefix chain script '/home/tkddn647/test/install/setup.sh'
[80.154s] INFO:colcon.colcon_core.shell:Creating prefix script '/home/tkddn647/test/install/local_setup.bash'
[80.155s] INFO:colcon.colcon_core.shell:Creating prefix chain script '/home/tkddn647/test/install/setup.bash'
[80.157s] INFO:colcon.colcon_core.shell:Creating prefix script '/home/tkddn647/test/install/local_setup.zsh'
[80.158s] INFO:colcon.colcon_core.shell:Creating prefix chain script '/home/tkddn647/test/install/setup.zsh'
