-- Found ament_cmake: 1.3.12 (/opt/ros/humble/share/ament_cmake/cmake)
-- Found rclcpp: 16.0.17 (/opt/ros/humble/share/rclcpp/cmake)
-- Found rosidl_generator_c: 3.1.8 (/opt/ros/humble/share/rosidl_generator_c/cmake)
-- Found rosidl_adapter: 3.1.8 (/opt/ros/humble/share/rosidl_adapter/cmake)
-- Found rosidl_generator_cpp: 3.1.8 (/opt/ros/humble/share/rosidl_generator_cpp/cmake)
-- Using all available rosidl_typesupport_c: rosidl_typesupport_fastrtps_c;rosidl_typesupport_introspection_c
-- Using all available rosidl_typesupport_cpp: rosidl_typesupport_fastrtps_cpp;rosidl_typesupport_introspection_cpp
-- Found rmw_implementation_cmake: 6.1.2 (/opt/ros/humble/share/rmw_implementation_cmake/cmake)
-- Found rmw_fastrtps_cpp: 6.2.9 (/opt/ros/humble/share/rmw_fastrtps_cpp/cmake)
-- Using RMW implementation 'rmw_fastrtps_cpp' as default
-- Found sensor_msgs: 4.9.0 (/opt/ros/humble/share/sensor_msgs/cmake)
-- Found std_srvs: 4.9.0 (/opt/ros/humble/share/std_srvs/cmake)
-- Configuring done
-- Generating done
-- Build files have been written to: /home/tkddn647/test/build/sllidar_ros2
[35m[1mConsolidate compiler generated dependencies of target sllidar_client[0m
[35m[1mConsolidate compiler generated dependencies of target sllidar_node[0m
[  5%] [32mBuilding CXX object CMakeFiles/sllidar_client.dir/src/sllidar_client.cpp.o[0m
[ 15%] [32mBuilding CXX object CMakeFiles/sllidar_node.dir/sdk/src/arch/linux/timer.cpp.o[0m
[ 15%] [32mBuilding CXX object CMakeFiles/sllidar_node.dir/sdk/src/dataunpacker/dataunpacker.cpp.o[0m
[ 25%] [32mBuilding CXX object CMakeFiles/sllidar_node.dir/sdk/src/rplidar_driver.cpp.o[0m
[ 30%] [32mBuilding CXX object CMakeFiles/sllidar_node.dir/sdk/src/sl_crc.cpp.o[0m
[ 30%] [32mBuilding CXX object CMakeFiles/sllidar_node.dir/sdk/src/sl_serial_channel.cpp.o[0m
[ 40%] [32mBuilding CXX object CMakeFiles/sllidar_node.dir/sdk/src/hal/thread.cpp.o[0m
[ 40%] [32mBuilding CXX object CMakeFiles/sllidar_node.dir/sdk/src/sl_udp_channel.cpp.o[0m
[ 45%] [32mBuilding CXX object CMakeFiles/sllidar_node.dir/sdk/src/sl_tcp_channel.cpp.o[0m
[ 50%] [32m[1mLinking CXX executable sllidar_node[0m
[ 95%] Built target sllidar_node
[100%] [32m[1mLinking CXX executable sllidar_client[0m
[100%] Built target sllidar_client
-- Install configuration: ""
-- Up-to-date: /home/tkddn647/test/install/sllidar_ros2/share/sllidar_ros2/launch
-- Up-to-date: /home/tkddn647/test/install/sllidar_ros2/share/sllidar_ros2/launch/view_sllidar_t1_launch.py
-- Up-to-date: /home/tkddn647/test/install/sllidar_ros2/share/sllidar_ros2/launch/sllidar_t1_launch.py
-- Up-to-date: /home/tkddn647/test/install/sllidar_ros2/share/sllidar_ros2/rviz
-- Up-to-date: /home/tkddn647/test/install/sllidar_ros2/share/sllidar_ros2/rviz/sllidar_ros2.rviz
-- Installing: /home/tkddn647/test/install/sllidar_ros2/lib/sllidar_ros2/sllidar_node
-- Set runtime path of "/home/tkddn647/test/install/sllidar_ros2/lib/sllidar_ros2/sllidar_node" to ""
-- Installing: /home/tkddn647/test/install/sllidar_ros2/lib/sllidar_ros2/sllidar_client
-- Set runtime path of "/home/tkddn647/test/install/sllidar_ros2/lib/sllidar_ros2/sllidar_client" to ""
-- Up-to-date: /home/tkddn647/test/install/sllidar_ros2/share/ament_index/resource_index/package_run_dependencies/sllidar_ros2
-- Installing: /home/tkddn647/test/install/sllidar_ros2/share/ament_index/resource_index/parent_prefix_path/sllidar_ros2
-- Up-to-date: /home/tkddn647/test/install/sllidar_ros2/share/sllidar_ros2/environment/ament_prefix_path.sh
-- Installing: /home/tkddn647/test/install/sllidar_ros2/share/sllidar_ros2/environment/ament_prefix_path.dsv
-- Up-to-date: /home/tkddn647/test/install/sllidar_ros2/share/sllidar_ros2/environment/path.sh
-- Installing: /home/tkddn647/test/install/sllidar_ros2/share/sllidar_ros2/environment/path.dsv
-- Up-to-date: /home/tkddn647/test/install/sllidar_ros2/share/sllidar_ros2/local_setup.bash
-- Up-to-date: /home/tkddn647/test/install/sllidar_ros2/share/sllidar_ros2/local_setup.sh
-- Up-to-date: /home/tkddn647/test/install/sllidar_ros2/share/sllidar_ros2/local_setup.zsh
-- Installing: /home/tkddn647/test/install/sllidar_ros2/share/sllidar_ros2/local_setup.dsv
-- Installing: /home/tkddn647/test/install/sllidar_ros2/share/sllidar_ros2/package.dsv
-- Up-to-date: /home/tkddn647/test/install/sllidar_ros2/share/ament_index/resource_index/packages/sllidar_ros2
-- Up-to-date: /home/tkddn647/test/install/sllidar_ros2/share/sllidar_ros2/cmake/ament_cmake_export_dependencies-extras.cmake
-- Up-to-date: /home/tkddn647/test/install/sllidar_ros2/share/sllidar_ros2/cmake/ament_cmake_export_include_directories-extras.cmake
-- Up-to-date: /home/tkddn647/test/install/sllidar_ros2/share/sllidar_ros2/cmake/sllidar_ros2Config.cmake
-- Up-to-date: /home/tkddn647/test/install/sllidar_ros2/share/sllidar_ros2/cmake/sllidar_ros2Config-version.cmake
-- Up-to-date: /home/tkddn647/test/install/sllidar_ros2/share/sllidar_ros2/package.xml
